<?xml version="1.0" encoding="UTF-8"?>
<testsuite name="org.springframework.batch.core.jsr.partition.JsrPartitionHandlerTests" tests="8" skipped="0" failures="0" errors="0" timestamp="2017-03-23T15:02:30" hostname="Michaels-MacBook-Pro-3.local" time="0.302">
  <properties/>
  <testcase name="testHardcodedNumberOfPartitions" classname="org.springframework.batch.core.jsr.partition.JsrPartitionHandlerTests" time="0.01"/>
  <testcase name="testAnalyzer" classname="org.springframework.batch.core.jsr.partition.JsrPartitionHandlerTests" time="0.006"/>
  <testcase name="testMapperProvidesPartitionsAndThreads" classname="org.springframework.batch.core.jsr.partition.JsrPartitionHandlerTests" time="0.005"/>
  <testcase name="testRestartNoOverride" classname="org.springframework.batch.core.jsr.partition.JsrPartitionHandlerTests" time="0.147"/>
  <testcase name="testRestartOverride" classname="org.springframework.batch.core.jsr.partition.JsrPartitionHandlerTests" time="0.121"/>
  <testcase name="testMapperWithProperties" classname="org.springframework.batch.core.jsr.partition.JsrPartitionHandlerTests" time="0.006"/>
  <testcase name="testAfterPropertiesSet" classname="org.springframework.batch.core.jsr.partition.JsrPartitionHandlerTests" time="0.001"/>
  <testcase name="testMapperProvidesPartitions" classname="org.springframework.batch.core.jsr.partition.JsrPartitionHandlerTests" time="0.005"/>
  <system-out><![CDATA[10:02:30,707  INFO Test worker concurrent.ThreadPoolTaskExecutor:165 - Initializing ExecutorService 
10:02:30,707  INFO Test worker concurrent.ThreadPoolTaskExecutor:203 - Shutting down ExecutorService
10:02:30,712  INFO Test worker concurrent.ThreadPoolTaskExecutor:165 - Initializing ExecutorService 
10:02:30,713  INFO Test worker concurrent.ThreadPoolTaskExecutor:203 - Shutting down ExecutorService
10:02:30,718  INFO Test worker concurrent.ThreadPoolTaskExecutor:165 - Initializing ExecutorService 
10:02:30,719  INFO Test worker concurrent.ThreadPoolTaskExecutor:203 - Shutting down ExecutorService
Operator = org.springframework.batch.core.jsr.launch.JsrJobOperator@564b2f2c
10:02:30,720  INFO Test worker xml.XmlBeanDefinitionReader:317 - Loading XML bean definitions from class path resource [META-INF/batch.xml]
10:02:30,722  INFO Test worker xml.XmlBeanDefinitionReader:317 - Loading XML bean definitions from class path resource [META-INF/batch-jobs/jsrPartitionHandlerRestartWithOverrideJob.xml]
10:02:30,724  INFO Test worker xml.JsrBeanDefinitionDocumentReader:203 - jobParameters with key of: mapper.override could not be resolved. Possible configuration error?
10:02:30,726  INFO Test worker xml.JsrBeanDefinitionDocumentReader:203 - jobParameters with key of: mapper.override could not be resolved. Possible configuration error?
10:02:30,727  INFO Test worker support.DefaultListableBeanFactory:818 - Overriding bean definition for bean 'job_partitioned_1step' with a different definition: replacing [Generic bean: class [org.springframework.batch.core.jsr.configuration.xml.JsrFlowFactoryBean]; scope=; abstract=false; lazyInit=false; autowireMode=0; dependencyCheck=0; autowireCandidate=true; primary=false; factoryBeanName=null; factoryMethodName=null; initMethodName=null; destroyMethodName=null] with [Generic bean: class [org.springframework.batch.core.jsr.configuration.xml.JobFactoryBean]; scope=; abstract=false; lazyInit=true; autowireMode=0; dependencyCheck=0; autowireCandidate=true; primary=false; factoryBeanName=null; factoryMethodName=null; initMethodName=null; destroyMethodName=null]
10:02:30,729  INFO Test worker xml.JsrXmlApplicationContext:581 - Refreshing org.springframework.batch.core.jsr.configuration.xml.JsrXmlApplicationContext@3830b3b0: startup date [Thu Mar 23 10:02:30 CDT 2017]; parent: org.springframework.context.support.GenericXmlApplicationContext@6db3cbe
10:02:30,732  INFO Test worker support.DefaultListableBeanFactory:818 - Overriding bean definition for bean 'testBatchlet' with a different definition: replacing [Generic bean: class [org.springframework.batch.core.jsr.step.batchlet.BatchletSupport]; scope=step; abstract=false; lazyInit=false; autowireMode=0; dependencyCheck=0; autowireCandidate=false; primary=false; factoryBeanName=null; factoryMethodName=null; initMethodName=null; destroyMethodName=null] with [Root bean: class [org.springframework.aop.scope.ScopedProxyFactoryBean]; scope=; abstract=false; lazyInit=false; autowireMode=0; dependencyCheck=0; autowireCandidate=true; primary=false; factoryBeanName=null; factoryMethodName=null; initMethodName=null; destroyMethodName=null; defined in BeanDefinition defined in null]
10:02:30,732  INFO Test worker support.DefaultListableBeanFactory:818 - Overriding bean definition for bean 'restartBatchlet' with a different definition: replacing [Generic bean: class [org.springframework.batch.core.jsr.step.batchlet.RestartBatchlet]; scope=step; abstract=false; lazyInit=false; autowireMode=0; dependencyCheck=0; autowireCandidate=false; primary=false; factoryBeanName=null; factoryMethodName=null; initMethodName=null; destroyMethodName=null] with [Root bean: class [org.springframework.aop.scope.ScopedProxyFactoryBean]; scope=; abstract=false; lazyInit=false; autowireMode=0; dependencyCheck=0; autowireCandidate=true; primary=false; factoryBeanName=null; factoryMethodName=null; initMethodName=null; destroyMethodName=null; defined in BeanDefinition defined in null]
10:02:30,732  INFO Test worker support.DefaultListableBeanFactory:818 - Overriding bean definition for bean 'failingBatchlet' with a different definition: replacing [Generic bean: class [org.springframework.batch.core.jsr.step.batchlet.FailingBatchlet]; scope=step; abstract=false; lazyInit=false; autowireMode=0; dependencyCheck=0; autowireCandidate=false; primary=false; factoryBeanName=null; factoryMethodName=null; initMethodName=null; destroyMethodName=null] with [Root bean: class [org.springframework.aop.scope.ScopedProxyFactoryBean]; scope=; abstract=false; lazyInit=false; autowireMode=0; dependencyCheck=0; autowireCandidate=true; primary=false; factoryBeanName=null; factoryMethodName=null; initMethodName=null; destroyMethodName=null; defined in BeanDefinition defined in null]
10:02:30,733  INFO Test worker support.DefaultListableBeanFactory:818 - Overriding bean definition for bean 'exitStatusSettingStepListener' with a different definition: replacing [Generic bean: class [org.springframework.batch.core.jsr.step.listener.ExitStatusSettingStepListener]; scope=step; abstract=false; lazyInit=false; autowireMode=0; dependencyCheck=0; autowireCandidate=false; primary=false; factoryBeanName=null; factoryMethodName=null; initMethodName=null; destroyMethodName=null] with [Root bean: class [org.springframework.aop.scope.ScopedProxyFactoryBean]; scope=; abstract=false; lazyInit=false; autowireMode=0; dependencyCheck=0; autowireCandidate=true; primary=false; factoryBeanName=null; factoryMethodName=null; initMethodName=null; destroyMethodName=null; defined in BeanDefinition defined in null]
10:02:30,733  INFO Test worker support.DefaultListableBeanFactory:818 - Overriding bean definition for bean 'org.springframework.batch.core.jsr.partition.JsrPartitionHandlerTests$MyBatchlet' with a different definition: replacing [Generic bean: class [org.springframework.batch.core.jsr.partition.JsrPartitionHandlerTests$MyBatchlet]; scope=step; abstract=false; lazyInit=false; autowireMode=0; dependencyCheck=0; autowireCandidate=false; primary=false; factoryBeanName=null; factoryMethodName=null; initMethodName=null; destroyMethodName=null] with [Root bean: class [org.springframework.aop.scope.ScopedProxyFactoryBean]; scope=; abstract=false; lazyInit=false; autowireMode=0; dependencyCheck=0; autowireCandidate=true; primary=false; factoryBeanName=null; factoryMethodName=null; initMethodName=null; destroyMethodName=null; defined in BeanDefinition defined in null]
10:02:30,733  INFO Test worker support.DefaultListableBeanFactory:818 - Overriding bean definition for bean 'org.springframework.batch.core.jsr.partition.JsrPartitionHandlerTests$MyPartitionMapper' with a different definition: replacing [Generic bean: class [org.springframework.batch.core.jsr.partition.JsrPartitionHandlerTests$MyPartitionMapper]; scope=step; abstract=false; lazyInit=false; autowireMode=0; dependencyCheck=0; autowireCandidate=false; primary=false; factoryBeanName=null; factoryMethodName=null; initMethodName=null; destroyMethodName=null] with [Root bean: class [org.springframework.aop.scope.ScopedProxyFactoryBean]; scope=; abstract=false; lazyInit=false; autowireMode=0; dependencyCheck=0; autowireCandidate=true; primary=false; factoryBeanName=null; factoryMethodName=null; initMethodName=null; destroyMethodName=null; defined in BeanDefinition defined in null]
10:02:30,733  INFO Test worker support.DefaultListableBeanFactory:818 - Overriding bean definition for bean 'org.springframework.batch.core.jsr.partition.JsrPartitionHandlerTests$CountingPartitionCollector' with a different definition: replacing [Generic bean: class [org.springframework.batch.core.jsr.partition.JsrPartitionHandlerTests$CountingPartitionCollector]; scope=step; abstract=false; lazyInit=false; autowireMode=0; dependencyCheck=0; autowireCandidate=false; primary=false; factoryBeanName=null; factoryMethodName=null; initMethodName=null; destroyMethodName=null] with [Root bean: class [org.springframework.aop.scope.ScopedProxyFactoryBean]; scope=; abstract=false; lazyInit=false; autowireMode=0; dependencyCheck=0; autowireCandidate=true; primary=false; factoryBeanName=null; factoryMethodName=null; initMethodName=null; destroyMethodName=null; defined in BeanDefinition defined in null]
10:02:30,734  INFO Test worker support.DefaultListableBeanFactory:818 - Overriding bean definition for bean 'org.springframework.batch.core.jsr.partition.JsrPartitionHandlerTests$MyPartitionReducer' with a different definition: replacing [Generic bean: class [org.springframework.batch.core.jsr.partition.JsrPartitionHandlerTests$MyPartitionReducer]; scope=step; abstract=false; lazyInit=false; autowireMode=0; dependencyCheck=0; autowireCandidate=false; primary=false; factoryBeanName=null; factoryMethodName=null; initMethodName=null; destroyMethodName=null] with [Root bean: class [org.springframework.aop.scope.ScopedProxyFactoryBean]; scope=; abstract=false; lazyInit=false; autowireMode=0; dependencyCheck=0; autowireCandidate=true; primary=false; factoryBeanName=null; factoryMethodName=null; initMethodName=null; destroyMethodName=null; defined in BeanDefinition defined in null]
10:02:30,734  INFO Test worker support.DefaultListableBeanFactory:818 - Overriding bean definition for bean 'stepContextFactory' with a different definition: replacing [Generic bean: class [org.springframework.batch.core.jsr.JsrStepContextFactoryBean]; scope=step; abstract=false; lazyInit=false; autowireMode=0; dependencyCheck=0; autowireCandidate=false; primary=false; factoryBeanName=null; factoryMethodName=null; initMethodName=null; destroyMethodName=null] with [Root bean: class [org.springframework.aop.scope.ScopedProxyFactoryBean]; scope=; abstract=false; lazyInit=false; autowireMode=0; dependencyCheck=0; autowireCandidate=true; primary=false; factoryBeanName=null; factoryMethodName=null; initMethodName=null; destroyMethodName=null; defined in BeanDefinition defined in null]
10:02:30,738  INFO Test worker support.JsrAutowiredAnnotationBeanPostProcessor:111 - JSR-330 'javax.inject.Inject' annotation found and supported for autowiring
10:02:30,771  INFO SimpleAsyncTaskExecutor-38 job.SimpleStepHandler:146 - Executing step: [step1]
10:02:30,781  INFO SimpleAsyncTaskExecutor-38 concurrent.ThreadPoolTaskExecutor:165 - Initializing ExecutorService 
10:02:30,789 ERROR ThreadPoolTaskExecutor-2 step.AbstractStep:229 - Encountered an error executing step step1 in job job_partitioned_1step
java.lang.RuntimeException: Expected
	at org.springframework.batch.core.jsr.partition.JsrPartitionHandlerTests$MyBatchlet.process(JsrPartitionHandlerTests.java:368)
	at sun.reflect.GeneratedMethodAccessor178.invoke(Unknown Source)
	at sun.reflect.DelegatingMethodAccessorImpl.invoke(DelegatingMethodAccessorImpl.java:43)
	at java.lang.reflect.Method.invoke(Method.java:483)
	at org.springframework.aop.support.AopUtils.invokeJoinpointUsingReflection(AopUtils.java:333)
	at org.springframework.aop.framework.ReflectiveMethodInvocation.invokeJoinpoint(ReflectiveMethodInvocation.java:190)
	at org.springframework.aop.framework.ReflectiveMethodInvocation.proceed(ReflectiveMethodInvocation.java:157)
	at org.springframework.aop.support.DelegatingIntroductionInterceptor.doProceed(DelegatingIntroductionInterceptor.java:133)
	at org.springframework.aop.support.DelegatingIntroductionInterceptor.invoke(DelegatingIntroductionInterceptor.java:121)
	at org.springframework.aop.framework.ReflectiveMethodInvocation.proceed(ReflectiveMethodInvocation.java:179)
	at org.springframework.aop.framework.JdkDynamicAopProxy.invoke(JdkDynamicAopProxy.java:213)
	at com.sun.proxy.$Proxy84.process(Unknown Source)
	at org.springframework.batch.core.jsr.step.batchlet.BatchletAdapter.execute(BatchletAdapter.java:48)
	at org.springframework.batch.core.step.tasklet.TaskletStep$ChunkTransactionCallback.doInTransaction(TaskletStep.java:406)
	at org.springframework.batch.core.step.tasklet.TaskletStep$ChunkTransactionCallback.doInTransaction(TaskletStep.java:330)
	at org.springframework.transaction.support.TransactionTemplate.execute(TransactionTemplate.java:133)
	at org.springframework.batch.core.step.tasklet.TaskletStep$2.doInChunkContext(TaskletStep.java:272)
	at org.springframework.batch.core.scope.context.StepContextRepeatCallback.doInIteration(StepContextRepeatCallback.java:81)
	at org.springframework.batch.repeat.support.RepeatTemplate.getNextResult(RepeatTemplate.java:374)
	at org.springframework.batch.repeat.support.RepeatTemplate.executeInternal(RepeatTemplate.java:215)
	at org.springframework.batch.repeat.support.RepeatTemplate.iterate(RepeatTemplate.java:144)
	at org.springframework.batch.core.step.tasklet.TaskletStep.doExecute(TaskletStep.java:257)
	at org.springframework.batch.core.step.AbstractStep.execute(AbstractStep.java:200)
	at org.springframework.batch.core.jsr.partition.JsrPartitionHandler$1.call(JsrPartitionHandler.java:374)
	at org.springframework.batch.core.jsr.partition.JsrPartitionHandler$1.call(JsrPartitionHandler.java:371)
	at java.util.concurrent.FutureTask.run(FutureTask.java:266)
	at java.util.concurrent.ThreadPoolExecutor.runWorker(ThreadPoolExecutor.java:1142)
	at java.util.concurrent.ThreadPoolExecutor$Worker.run(ThreadPoolExecutor.java:617)
	at java.lang.Thread.run(Thread.java:745)
10:02:30,790  INFO SimpleAsyncTaskExecutor-38 concurrent.ThreadPoolTaskExecutor:203 - Shutting down ExecutorService
10:02:30,790 ERROR SimpleAsyncTaskExecutor-38 step.AbstractStep:229 - Encountered an error executing step step1 in job job_partitioned_1step
org.springframework.batch.core.JobExecutionException: Partition handler returned an unsuccessful step
	at org.springframework.batch.core.jsr.step.PartitionStep.doExecute(PartitionStep.java:85)
	at org.springframework.batch.core.step.AbstractStep.execute(AbstractStep.java:200)
	at org.springframework.batch.core.job.SimpleStepHandler.handleStep(SimpleStepHandler.java:148)
	at org.springframework.batch.core.job.flow.JobFlowExecutor.executeStep(JobFlowExecutor.java:64)
	at org.springframework.batch.core.job.flow.support.state.StepState.handle(StepState.java:67)
	at org.springframework.batch.core.jsr.job.flow.support.state.JsrStepState.handle(JsrStepState.java:53)
	at org.springframework.batch.core.job.flow.support.SimpleFlow.resume(SimpleFlow.java:169)
	at org.springframework.batch.core.job.flow.support.SimpleFlow.start(SimpleFlow.java:144)
	at org.springframework.batch.core.jsr.job.flow.JsrFlowJob.doExecute(JsrFlowJob.java:82)
	at org.springframework.batch.core.job.AbstractJob.execute(AbstractJob.java:306)
	at org.springframework.batch.core.jsr.launch.JsrJobOperator$2.run(JsrJobOperator.java:672)
	at java.lang.Thread.run(Thread.java:745)
10:02:30,793  INFO SimpleAsyncTaskExecutor-38 xml.JsrXmlApplicationContext:985 - Closing org.springframework.batch.core.jsr.configuration.xml.JsrXmlApplicationContext@3830b3b0: startup date [Thu Mar 23 10:02:30 CDT 2017]; parent: org.springframework.context.support.GenericXmlApplicationContext@6db3cbe
10:02:30,799  INFO Test worker xml.XmlBeanDefinitionReader:317 - Loading XML bean definitions from class path resource [META-INF/batch.xml]
10:02:30,802  INFO Test worker xml.XmlBeanDefinitionReader:317 - Loading XML bean definitions from class path resource [META-INF/batch-jobs/jsrPartitionHandlerRestartWithOverrideJob.xml]
10:02:30,803  INFO Test worker xml.JsrBeanDefinitionDocumentReader:203 - jobParameters with key of: mapper.override could not be resolved. Possible configuration error?
10:02:30,804  INFO Test worker xml.JsrBeanDefinitionDocumentReader:203 - jobParameters with key of: mapper.override could not be resolved. Possible configuration error?
10:02:30,805  INFO Test worker support.DefaultListableBeanFactory:818 - Overriding bean definition for bean 'job_partitioned_1step' with a different definition: replacing [Generic bean: class [org.springframework.batch.core.jsr.configuration.xml.JsrFlowFactoryBean]; scope=; abstract=false; lazyInit=false; autowireMode=0; dependencyCheck=0; autowireCandidate=true; primary=false; factoryBeanName=null; factoryMethodName=null; initMethodName=null; destroyMethodName=null] with [Generic bean: class [org.springframework.batch.core.jsr.configuration.xml.JobFactoryBean]; scope=; abstract=false; lazyInit=true; autowireMode=0; dependencyCheck=0; autowireCandidate=true; primary=false; factoryBeanName=null; factoryMethodName=null; initMethodName=null; destroyMethodName=null]
10:02:30,805  INFO Test worker xml.JsrXmlApplicationContext:581 - Refreshing org.springframework.batch.core.jsr.configuration.xml.JsrXmlApplicationContext@2c70332e: startup date [Thu Mar 23 10:02:30 CDT 2017]; parent: org.springframework.context.support.GenericXmlApplicationContext@6db3cbe
10:02:30,808  INFO Test worker support.DefaultListableBeanFactory:818 - Overriding bean definition for bean 'testBatchlet' with a different definition: replacing [Generic bean: class [org.springframework.batch.core.jsr.step.batchlet.BatchletSupport]; scope=step; abstract=false; lazyInit=false; autowireMode=0; dependencyCheck=0; autowireCandidate=false; primary=false; factoryBeanName=null; factoryMethodName=null; initMethodName=null; destroyMethodName=null] with [Root bean: class [org.springframework.aop.scope.ScopedProxyFactoryBean]; scope=; abstract=false; lazyInit=false; autowireMode=0; dependencyCheck=0; autowireCandidate=true; primary=false; factoryBeanName=null; factoryMethodName=null; initMethodName=null; destroyMethodName=null; defined in BeanDefinition defined in null]
10:02:30,808  INFO Test worker support.DefaultListableBeanFactory:818 - Overriding bean definition for bean 'restartBatchlet' with a different definition: replacing [Generic bean: class [org.springframework.batch.core.jsr.step.batchlet.RestartBatchlet]; scope=step; abstract=false; lazyInit=false; autowireMode=0; dependencyCheck=0; autowireCandidate=false; primary=false; factoryBeanName=null; factoryMethodName=null; initMethodName=null; destroyMethodName=null] with [Root bean: class [org.springframework.aop.scope.ScopedProxyFactoryBean]; scope=; abstract=false; lazyInit=false; autowireMode=0; dependencyCheck=0; autowireCandidate=true; primary=false; factoryBeanName=null; factoryMethodName=null; initMethodName=null; destroyMethodName=null; defined in BeanDefinition defined in null]
10:02:30,808  INFO Test worker support.DefaultListableBeanFactory:818 - Overriding bean definition for bean 'failingBatchlet' with a different definition: replacing [Generic bean: class [org.springframework.batch.core.jsr.step.batchlet.FailingBatchlet]; scope=step; abstract=false; lazyInit=false; autowireMode=0; dependencyCheck=0; autowireCandidate=false; primary=false; factoryBeanName=null; factoryMethodName=null; initMethodName=null; destroyMethodName=null] with [Root bean: class [org.springframework.aop.scope.ScopedProxyFactoryBean]; scope=; abstract=false; lazyInit=false; autowireMode=0; dependencyCheck=0; autowireCandidate=true; primary=false; factoryBeanName=null; factoryMethodName=null; initMethodName=null; destroyMethodName=null; defined in BeanDefinition defined in null]
10:02:30,808  INFO Test worker support.DefaultListableBeanFactory:818 - Overriding bean definition for bean 'exitStatusSettingStepListener' with a different definition: replacing [Generic bean: class [org.springframework.batch.core.jsr.step.listener.ExitStatusSettingStepListener]; scope=step; abstract=false; lazyInit=false; autowireMode=0; dependencyCheck=0; autowireCandidate=false; primary=false; factoryBeanName=null; factoryMethodName=null; initMethodName=null; destroyMethodName=null] with [Root bean: class [org.springframework.aop.scope.ScopedProxyFactoryBean]; scope=; abstract=false; lazyInit=false; autowireMode=0; dependencyCheck=0; autowireCandidate=true; primary=false; factoryBeanName=null; factoryMethodName=null; initMethodName=null; destroyMethodName=null; defined in BeanDefinition defined in null]
10:02:30,808  INFO Test worker support.DefaultListableBeanFactory:818 - Overriding bean definition for bean 'org.springframework.batch.core.jsr.partition.JsrPartitionHandlerTests$MyBatchlet' with a different definition: replacing [Generic bean: class [org.springframework.batch.core.jsr.partition.JsrPartitionHandlerTests$MyBatchlet]; scope=step; abstract=false; lazyInit=false; autowireMode=0; dependencyCheck=0; autowireCandidate=false; primary=false; factoryBeanName=null; factoryMethodName=null; initMethodName=null; destroyMethodName=null] with [Root bean: class [org.springframework.aop.scope.ScopedProxyFactoryBean]; scope=; abstract=false; lazyInit=false; autowireMode=0; dependencyCheck=0; autowireCandidate=true; primary=false; factoryBeanName=null; factoryMethodName=null; initMethodName=null; destroyMethodName=null; defined in BeanDefinition defined in null]
10:02:30,809  INFO Test worker support.DefaultListableBeanFactory:818 - Overriding bean definition for bean 'org.springframework.batch.core.jsr.partition.JsrPartitionHandlerTests$MyPartitionMapper' with a different definition: replacing [Generic bean: class [org.springframework.batch.core.jsr.partition.JsrPartitionHandlerTests$MyPartitionMapper]; scope=step; abstract=false; lazyInit=false; autowireMode=0; dependencyCheck=0; autowireCandidate=false; primary=false; factoryBeanName=null; factoryMethodName=null; initMethodName=null; destroyMethodName=null] with [Root bean: class [org.springframework.aop.scope.ScopedProxyFactoryBean]; scope=; abstract=false; lazyInit=false; autowireMode=0; dependencyCheck=0; autowireCandidate=true; primary=false; factoryBeanName=null; factoryMethodName=null; initMethodName=null; destroyMethodName=null; defined in BeanDefinition defined in null]
10:02:30,809  INFO Test worker support.DefaultListableBeanFactory:818 - Overriding bean definition for bean 'org.springframework.batch.core.jsr.partition.JsrPartitionHandlerTests$CountingPartitionCollector' with a different definition: replacing [Generic bean: class [org.springframework.batch.core.jsr.partition.JsrPartitionHandlerTests$CountingPartitionCollector]; scope=step; abstract=false; lazyInit=false; autowireMode=0; dependencyCheck=0; autowireCandidate=false; primary=false; factoryBeanName=null; factoryMethodName=null; initMethodName=null; destroyMethodName=null] with [Root bean: class [org.springframework.aop.scope.ScopedProxyFactoryBean]; scope=; abstract=false; lazyInit=false; autowireMode=0; dependencyCheck=0; autowireCandidate=true; primary=false; factoryBeanName=null; factoryMethodName=null; initMethodName=null; destroyMethodName=null; defined in BeanDefinition defined in null]
10:02:30,809  INFO Test worker support.DefaultListableBeanFactory:818 - Overriding bean definition for bean 'org.springframework.batch.core.jsr.partition.JsrPartitionHandlerTests$MyPartitionReducer' with a different definition: replacing [Generic bean: class [org.springframework.batch.core.jsr.partition.JsrPartitionHandlerTests$MyPartitionReducer]; scope=step; abstract=false; lazyInit=false; autowireMode=0; dependencyCheck=0; autowireCandidate=false; primary=false; factoryBeanName=null; factoryMethodName=null; initMethodName=null; destroyMethodName=null] with [Root bean: class [org.springframework.aop.scope.ScopedProxyFactoryBean]; scope=; abstract=false; lazyInit=false; autowireMode=0; dependencyCheck=0; autowireCandidate=true; primary=false; factoryBeanName=null; factoryMethodName=null; initMethodName=null; destroyMethodName=null; defined in BeanDefinition defined in null]
10:02:30,809  INFO Test worker support.DefaultListableBeanFactory:818 - Overriding bean definition for bean 'stepContextFactory' with a different definition: replacing [Generic bean: class [org.springframework.batch.core.jsr.JsrStepContextFactoryBean]; scope=step; abstract=false; lazyInit=false; autowireMode=0; dependencyCheck=0; autowireCandidate=false; primary=false; factoryBeanName=null; factoryMethodName=null; initMethodName=null; destroyMethodName=null] with [Root bean: class [org.springframework.aop.scope.ScopedProxyFactoryBean]; scope=; abstract=false; lazyInit=false; autowireMode=0; dependencyCheck=0; autowireCandidate=true; primary=false; factoryBeanName=null; factoryMethodName=null; initMethodName=null; destroyMethodName=null; defined in BeanDefinition defined in null]
10:02:30,815  INFO Test worker support.JsrAutowiredAnnotationBeanPostProcessor:111 - JSR-330 'javax.inject.Inject' annotation found and supported for autowiring
10:02:30,852  INFO SimpleAsyncTaskExecutor-39 job.SimpleStepHandler:146 - Executing step: [step1]
10:02:30,857  INFO SimpleAsyncTaskExecutor-39 concurrent.ThreadPoolTaskExecutor:165 - Initializing ExecutorService 
10:02:30,862  INFO SimpleAsyncTaskExecutor-39 concurrent.ThreadPoolTaskExecutor:203 - Shutting down ExecutorService
10:02:30,864  INFO SimpleAsyncTaskExecutor-39 xml.JsrXmlApplicationContext:985 - Closing org.springframework.batch.core.jsr.configuration.xml.JsrXmlApplicationContext@2c70332e: startup date [Thu Mar 23 10:02:30 CDT 2017]; parent: org.springframework.context.support.GenericXmlApplicationContext@6db3cbe
Operator = org.springframework.batch.core.jsr.launch.JsrJobOperator@564b2f2c
10:02:30,868  INFO Test worker xml.XmlBeanDefinitionReader:317 - Loading XML bean definitions from class path resource [META-INF/batch.xml]
10:02:30,870  INFO Test worker xml.XmlBeanDefinitionReader:317 - Loading XML bean definitions from class path resource [META-INF/batch-jobs/jsrPartitionHandlerRestartWithOverrideJob.xml]
10:02:30,872  INFO Test worker support.DefaultListableBeanFactory:818 - Overriding bean definition for bean 'job_partitioned_1step' with a different definition: replacing [Generic bean: class [org.springframework.batch.core.jsr.configuration.xml.JsrFlowFactoryBean]; scope=; abstract=false; lazyInit=false; autowireMode=0; dependencyCheck=0; autowireCandidate=true; primary=false; factoryBeanName=null; factoryMethodName=null; initMethodName=null; destroyMethodName=null] with [Generic bean: class [org.springframework.batch.core.jsr.configuration.xml.JobFactoryBean]; scope=; abstract=false; lazyInit=true; autowireMode=0; dependencyCheck=0; autowireCandidate=true; primary=false; factoryBeanName=null; factoryMethodName=null; initMethodName=null; destroyMethodName=null]
10:02:30,873  INFO Test worker xml.JsrXmlApplicationContext:581 - Refreshing org.springframework.batch.core.jsr.configuration.xml.JsrXmlApplicationContext@6352753a: startup date [Thu Mar 23 10:02:30 CDT 2017]; parent: org.springframework.context.support.GenericXmlApplicationContext@6db3cbe
10:02:30,875  INFO Test worker support.DefaultListableBeanFactory:818 - Overriding bean definition for bean 'testBatchlet' with a different definition: replacing [Generic bean: class [org.springframework.batch.core.jsr.step.batchlet.BatchletSupport]; scope=step; abstract=false; lazyInit=false; autowireMode=0; dependencyCheck=0; autowireCandidate=false; primary=false; factoryBeanName=null; factoryMethodName=null; initMethodName=null; destroyMethodName=null] with [Root bean: class [org.springframework.aop.scope.ScopedProxyFactoryBean]; scope=; abstract=false; lazyInit=false; autowireMode=0; dependencyCheck=0; autowireCandidate=true; primary=false; factoryBeanName=null; factoryMethodName=null; initMethodName=null; destroyMethodName=null; defined in BeanDefinition defined in null]
10:02:30,876  INFO Test worker support.DefaultListableBeanFactory:818 - Overriding bean definition for bean 'restartBatchlet' with a different definition: replacing [Generic bean: class [org.springframework.batch.core.jsr.step.batchlet.RestartBatchlet]; scope=step; abstract=false; lazyInit=false; autowireMode=0; dependencyCheck=0; autowireCandidate=false; primary=false; factoryBeanName=null; factoryMethodName=null; initMethodName=null; destroyMethodName=null] with [Root bean: class [org.springframework.aop.scope.ScopedProxyFactoryBean]; scope=; abstract=false; lazyInit=false; autowireMode=0; dependencyCheck=0; autowireCandidate=true; primary=false; factoryBeanName=null; factoryMethodName=null; initMethodName=null; destroyMethodName=null; defined in BeanDefinition defined in null]
10:02:30,876  INFO Test worker support.DefaultListableBeanFactory:818 - Overriding bean definition for bean 'failingBatchlet' with a different definition: replacing [Generic bean: class [org.springframework.batch.core.jsr.step.batchlet.FailingBatchlet]; scope=step; abstract=false; lazyInit=false; autowireMode=0; dependencyCheck=0; autowireCandidate=false; primary=false; factoryBeanName=null; factoryMethodName=null; initMethodName=null; destroyMethodName=null] with [Root bean: class [org.springframework.aop.scope.ScopedProxyFactoryBean]; scope=; abstract=false; lazyInit=false; autowireMode=0; dependencyCheck=0; autowireCandidate=true; primary=false; factoryBeanName=null; factoryMethodName=null; initMethodName=null; destroyMethodName=null; defined in BeanDefinition defined in null]
10:02:30,876  INFO Test worker support.DefaultListableBeanFactory:818 - Overriding bean definition for bean 'exitStatusSettingStepListener' with a different definition: replacing [Generic bean: class [org.springframework.batch.core.jsr.step.listener.ExitStatusSettingStepListener]; scope=step; abstract=false; lazyInit=false; autowireMode=0; dependencyCheck=0; autowireCandidate=false; primary=false; factoryBeanName=null; factoryMethodName=null; initMethodName=null; destroyMethodName=null] with [Root bean: class [org.springframework.aop.scope.ScopedProxyFactoryBean]; scope=; abstract=false; lazyInit=false; autowireMode=0; dependencyCheck=0; autowireCandidate=true; primary=false; factoryBeanName=null; factoryMethodName=null; initMethodName=null; destroyMethodName=null; defined in BeanDefinition defined in null]
10:02:30,876  INFO Test worker support.DefaultListableBeanFactory:818 - Overriding bean definition for bean 'org.springframework.batch.core.jsr.partition.JsrPartitionHandlerTests$MyBatchlet' with a different definition: replacing [Generic bean: class [org.springframework.batch.core.jsr.partition.JsrPartitionHandlerTests$MyBatchlet]; scope=step; abstract=false; lazyInit=false; autowireMode=0; dependencyCheck=0; autowireCandidate=false; primary=false; factoryBeanName=null; factoryMethodName=null; initMethodName=null; destroyMethodName=null] with [Root bean: class [org.springframework.aop.scope.ScopedProxyFactoryBean]; scope=; abstract=false; lazyInit=false; autowireMode=0; dependencyCheck=0; autowireCandidate=true; primary=false; factoryBeanName=null; factoryMethodName=null; initMethodName=null; destroyMethodName=null; defined in BeanDefinition defined in null]
10:02:30,877  INFO Test worker support.DefaultListableBeanFactory:818 - Overriding bean definition for bean 'org.springframework.batch.core.jsr.partition.JsrPartitionHandlerTests$MyPartitionMapper' with a different definition: replacing [Generic bean: class [org.springframework.batch.core.jsr.partition.JsrPartitionHandlerTests$MyPartitionMapper]; scope=step; abstract=false; lazyInit=false; autowireMode=0; dependencyCheck=0; autowireCandidate=false; primary=false; factoryBeanName=null; factoryMethodName=null; initMethodName=null; destroyMethodName=null] with [Root bean: class [org.springframework.aop.scope.ScopedProxyFactoryBean]; scope=; abstract=false; lazyInit=false; autowireMode=0; dependencyCheck=0; autowireCandidate=true; primary=false; factoryBeanName=null; factoryMethodName=null; initMethodName=null; destroyMethodName=null; defined in BeanDefinition defined in null]
10:02:30,877  INFO Test worker support.DefaultListableBeanFactory:818 - Overriding bean definition for bean 'org.springframework.batch.core.jsr.partition.JsrPartitionHandlerTests$CountingPartitionCollector' with a different definition: replacing [Generic bean: class [org.springframework.batch.core.jsr.partition.JsrPartitionHandlerTests$CountingPartitionCollector]; scope=step; abstract=false; lazyInit=false; autowireMode=0; dependencyCheck=0; autowireCandidate=false; primary=false; factoryBeanName=null; factoryMethodName=null; initMethodName=null; destroyMethodName=null] with [Root bean: class [org.springframework.aop.scope.ScopedProxyFactoryBean]; scope=; abstract=false; lazyInit=false; autowireMode=0; dependencyCheck=0; autowireCandidate=true; primary=false; factoryBeanName=null; factoryMethodName=null; initMethodName=null; destroyMethodName=null; defined in BeanDefinition defined in null]
10:02:30,877  INFO Test worker support.DefaultListableBeanFactory:818 - Overriding bean definition for bean 'org.springframework.batch.core.jsr.partition.JsrPartitionHandlerTests$MyPartitionReducer' with a different definition: replacing [Generic bean: class [org.springframework.batch.core.jsr.partition.JsrPartitionHandlerTests$MyPartitionReducer]; scope=step; abstract=false; lazyInit=false; autowireMode=0; dependencyCheck=0; autowireCandidate=false; primary=false; factoryBeanName=null; factoryMethodName=null; initMethodName=null; destroyMethodName=null] with [Root bean: class [org.springframework.aop.scope.ScopedProxyFactoryBean]; scope=; abstract=false; lazyInit=false; autowireMode=0; dependencyCheck=0; autowireCandidate=true; primary=false; factoryBeanName=null; factoryMethodName=null; initMethodName=null; destroyMethodName=null; defined in BeanDefinition defined in null]
10:02:30,878  INFO Test worker support.DefaultListableBeanFactory:818 - Overriding bean definition for bean 'stepContextFactory' with a different definition: replacing [Generic bean: class [org.springframework.batch.core.jsr.JsrStepContextFactoryBean]; scope=step; abstract=false; lazyInit=false; autowireMode=0; dependencyCheck=0; autowireCandidate=false; primary=false; factoryBeanName=null; factoryMethodName=null; initMethodName=null; destroyMethodName=null] with [Root bean: class [org.springframework.aop.scope.ScopedProxyFactoryBean]; scope=; abstract=false; lazyInit=false; autowireMode=0; dependencyCheck=0; autowireCandidate=true; primary=false; factoryBeanName=null; factoryMethodName=null; initMethodName=null; destroyMethodName=null; defined in BeanDefinition defined in null]
10:02:30,881  INFO Test worker support.JsrAutowiredAnnotationBeanPostProcessor:111 - JSR-330 'javax.inject.Inject' annotation found and supported for autowiring
10:02:30,913  INFO SimpleAsyncTaskExecutor-40 job.SimpleStepHandler:146 - Executing step: [step1]
10:02:30,920  INFO SimpleAsyncTaskExecutor-40 concurrent.ThreadPoolTaskExecutor:165 - Initializing ExecutorService 
10:02:30,924 ERROR ThreadPoolTaskExecutor-2 step.AbstractStep:229 - Encountered an error executing step step1 in job job_partitioned_1step
java.lang.RuntimeException: Expected
	at org.springframework.batch.core.jsr.partition.JsrPartitionHandlerTests$MyBatchlet.process(JsrPartitionHandlerTests.java:368)
	at sun.reflect.GeneratedMethodAccessor178.invoke(Unknown Source)
	at sun.reflect.DelegatingMethodAccessorImpl.invoke(DelegatingMethodAccessorImpl.java:43)
	at java.lang.reflect.Method.invoke(Method.java:483)
	at org.springframework.aop.support.AopUtils.invokeJoinpointUsingReflection(AopUtils.java:333)
	at org.springframework.aop.framework.ReflectiveMethodInvocation.invokeJoinpoint(ReflectiveMethodInvocation.java:190)
	at org.springframework.aop.framework.ReflectiveMethodInvocation.proceed(ReflectiveMethodInvocation.java:157)
	at org.springframework.aop.support.DelegatingIntroductionInterceptor.doProceed(DelegatingIntroductionInterceptor.java:133)
	at org.springframework.aop.support.DelegatingIntroductionInterceptor.invoke(DelegatingIntroductionInterceptor.java:121)
	at org.springframework.aop.framework.ReflectiveMethodInvocation.proceed(ReflectiveMethodInvocation.java:179)
	at org.springframework.aop.framework.JdkDynamicAopProxy.invoke(JdkDynamicAopProxy.java:213)
	at com.sun.proxy.$Proxy84.process(Unknown Source)
	at org.springframework.batch.core.jsr.step.batchlet.BatchletAdapter.execute(BatchletAdapter.java:48)
	at org.springframework.batch.core.step.tasklet.TaskletStep$ChunkTransactionCallback.doInTransaction(TaskletStep.java:406)
	at org.springframework.batch.core.step.tasklet.TaskletStep$ChunkTransactionCallback.doInTransaction(TaskletStep.java:330)
	at org.springframework.transaction.support.TransactionTemplate.execute(TransactionTemplate.java:133)
	at org.springframework.batch.core.step.tasklet.TaskletStep$2.doInChunkContext(TaskletStep.java:272)
	at org.springframework.batch.core.scope.context.StepContextRepeatCallback.doInIteration(StepContextRepeatCallback.java:81)
	at org.springframework.batch.repeat.support.RepeatTemplate.getNextResult(RepeatTemplate.java:374)
	at org.springframework.batch.repeat.support.RepeatTemplate.executeInternal(RepeatTemplate.java:215)
	at org.springframework.batch.repeat.support.RepeatTemplate.iterate(RepeatTemplate.java:144)
	at org.springframework.batch.core.step.tasklet.TaskletStep.doExecute(TaskletStep.java:257)
	at org.springframework.batch.core.step.AbstractStep.execute(AbstractStep.java:200)
	at org.springframework.batch.core.jsr.partition.JsrPartitionHandler$1.call(JsrPartitionHandler.java:374)
	at org.springframework.batch.core.jsr.partition.JsrPartitionHandler$1.call(JsrPartitionHandler.java:371)
	at java.util.concurrent.FutureTask.run(FutureTask.java:266)
	at java.util.concurrent.ThreadPoolExecutor.runWorker(ThreadPoolExecutor.java:1142)
	at java.util.concurrent.ThreadPoolExecutor$Worker.run(ThreadPoolExecutor.java:617)
	at java.lang.Thread.run(Thread.java:745)
10:02:30,925  INFO SimpleAsyncTaskExecutor-40 concurrent.ThreadPoolTaskExecutor:203 - Shutting down ExecutorService
10:02:30,925 ERROR SimpleAsyncTaskExecutor-40 step.AbstractStep:229 - Encountered an error executing step step1 in job job_partitioned_1step
org.springframework.batch.core.JobExecutionException: Partition handler returned an unsuccessful step
	at org.springframework.batch.core.jsr.step.PartitionStep.doExecute(PartitionStep.java:85)
	at org.springframework.batch.core.step.AbstractStep.execute(AbstractStep.java:200)
	at org.springframework.batch.core.job.SimpleStepHandler.handleStep(SimpleStepHandler.java:148)
	at org.springframework.batch.core.job.flow.JobFlowExecutor.executeStep(JobFlowExecutor.java:64)
	at org.springframework.batch.core.job.flow.support.state.StepState.handle(StepState.java:67)
	at org.springframework.batch.core.jsr.job.flow.support.state.JsrStepState.handle(JsrStepState.java:53)
	at org.springframework.batch.core.job.flow.support.SimpleFlow.resume(SimpleFlow.java:169)
	at org.springframework.batch.core.job.flow.support.SimpleFlow.start(SimpleFlow.java:144)
	at org.springframework.batch.core.jsr.job.flow.JsrFlowJob.doExecute(JsrFlowJob.java:82)
	at org.springframework.batch.core.job.AbstractJob.execute(AbstractJob.java:306)
	at org.springframework.batch.core.jsr.launch.JsrJobOperator$2.run(JsrJobOperator.java:672)
	at java.lang.Thread.run(Thread.java:745)
10:02:30,927  INFO SimpleAsyncTaskExecutor-40 xml.JsrXmlApplicationContext:985 - Closing org.springframework.batch.core.jsr.configuration.xml.JsrXmlApplicationContext@6352753a: startup date [Thu Mar 23 10:02:30 CDT 2017]; parent: org.springframework.context.support.GenericXmlApplicationContext@6db3cbe
10:02:30,934  INFO Test worker xml.XmlBeanDefinitionReader:317 - Loading XML bean definitions from class path resource [META-INF/batch.xml]
10:02:30,937  INFO Test worker xml.XmlBeanDefinitionReader:317 - Loading XML bean definitions from class path resource [META-INF/batch-jobs/jsrPartitionHandlerRestartWithOverrideJob.xml]
10:02:30,939  INFO Test worker support.DefaultListableBeanFactory:818 - Overriding bean definition for bean 'job_partitioned_1step' with a different definition: replacing [Generic bean: class [org.springframework.batch.core.jsr.configuration.xml.JsrFlowFactoryBean]; scope=; abstract=false; lazyInit=false; autowireMode=0; dependencyCheck=0; autowireCandidate=true; primary=false; factoryBeanName=null; factoryMethodName=null; initMethodName=null; destroyMethodName=null] with [Generic bean: class [org.springframework.batch.core.jsr.configuration.xml.JobFactoryBean]; scope=; abstract=false; lazyInit=true; autowireMode=0; dependencyCheck=0; autowireCandidate=true; primary=false; factoryBeanName=null; factoryMethodName=null; initMethodName=null; destroyMethodName=null]
10:02:30,939  INFO Test worker xml.JsrXmlApplicationContext:581 - Refreshing org.springframework.batch.core.jsr.configuration.xml.JsrXmlApplicationContext@2962cb35: startup date [Thu Mar 23 10:02:30 CDT 2017]; parent: org.springframework.context.support.GenericXmlApplicationContext@6db3cbe
10:02:30,942  INFO Test worker support.DefaultListableBeanFactory:818 - Overriding bean definition for bean 'testBatchlet' with a different definition: replacing [Generic bean: class [org.springframework.batch.core.jsr.step.batchlet.BatchletSupport]; scope=step; abstract=false; lazyInit=false; autowireMode=0; dependencyCheck=0; autowireCandidate=false; primary=false; factoryBeanName=null; factoryMethodName=null; initMethodName=null; destroyMethodName=null] with [Root bean: class [org.springframework.aop.scope.ScopedProxyFactoryBean]; scope=; abstract=false; lazyInit=false; autowireMode=0; dependencyCheck=0; autowireCandidate=true; primary=false; factoryBeanName=null; factoryMethodName=null; initMethodName=null; destroyMethodName=null; defined in BeanDefinition defined in null]
10:02:30,942  INFO Test worker support.DefaultListableBeanFactory:818 - Overriding bean definition for bean 'restartBatchlet' with a different definition: replacing [Generic bean: class [org.springframework.batch.core.jsr.step.batchlet.RestartBatchlet]; scope=step; abstract=false; lazyInit=false; autowireMode=0; dependencyCheck=0; autowireCandidate=false; primary=false; factoryBeanName=null; factoryMethodName=null; initMethodName=null; destroyMethodName=null] with [Root bean: class [org.springframework.aop.scope.ScopedProxyFactoryBean]; scope=; abstract=false; lazyInit=false; autowireMode=0; dependencyCheck=0; autowireCandidate=true; primary=false; factoryBeanName=null; factoryMethodName=null; initMethodName=null; destroyMethodName=null; defined in BeanDefinition defined in null]
10:02:30,942  INFO Test worker support.DefaultListableBeanFactory:818 - Overriding bean definition for bean 'failingBatchlet' with a different definition: replacing [Generic bean: class [org.springframework.batch.core.jsr.step.batchlet.FailingBatchlet]; scope=step; abstract=false; lazyInit=false; autowireMode=0; dependencyCheck=0; autowireCandidate=false; primary=false; factoryBeanName=null; factoryMethodName=null; initMethodName=null; destroyMethodName=null] with [Root bean: class [org.springframework.aop.scope.ScopedProxyFactoryBean]; scope=; abstract=false; lazyInit=false; autowireMode=0; dependencyCheck=0; autowireCandidate=true; primary=false; factoryBeanName=null; factoryMethodName=null; initMethodName=null; destroyMethodName=null; defined in BeanDefinition defined in null]
10:02:30,943  INFO Test worker support.DefaultListableBeanFactory:818 - Overriding bean definition for bean 'exitStatusSettingStepListener' with a different definition: replacing [Generic bean: class [org.springframework.batch.core.jsr.step.listener.ExitStatusSettingStepListener]; scope=step; abstract=false; lazyInit=false; autowireMode=0; dependencyCheck=0; autowireCandidate=false; primary=false; factoryBeanName=null; factoryMethodName=null; initMethodName=null; destroyMethodName=null] with [Root bean: class [org.springframework.aop.scope.ScopedProxyFactoryBean]; scope=; abstract=false; lazyInit=false; autowireMode=0; dependencyCheck=0; autowireCandidate=true; primary=false; factoryBeanName=null; factoryMethodName=null; initMethodName=null; destroyMethodName=null; defined in BeanDefinition defined in null]
10:02:30,943  INFO Test worker support.DefaultListableBeanFactory:818 - Overriding bean definition for bean 'org.springframework.batch.core.jsr.partition.JsrPartitionHandlerTests$MyBatchlet' with a different definition: replacing [Generic bean: class [org.springframework.batch.core.jsr.partition.JsrPartitionHandlerTests$MyBatchlet]; scope=step; abstract=false; lazyInit=false; autowireMode=0; dependencyCheck=0; autowireCandidate=false; primary=false; factoryBeanName=null; factoryMethodName=null; initMethodName=null; destroyMethodName=null] with [Root bean: class [org.springframework.aop.scope.ScopedProxyFactoryBean]; scope=; abstract=false; lazyInit=false; autowireMode=0; dependencyCheck=0; autowireCandidate=true; primary=false; factoryBeanName=null; factoryMethodName=null; initMethodName=null; destroyMethodName=null; defined in BeanDefinition defined in null]
10:02:30,943  INFO Test worker support.DefaultListableBeanFactory:818 - Overriding bean definition for bean 'org.springframework.batch.core.jsr.partition.JsrPartitionHandlerTests$MyPartitionMapper' with a different definition: replacing [Generic bean: class [org.springframework.batch.core.jsr.partition.JsrPartitionHandlerTests$MyPartitionMapper]; scope=step; abstract=false; lazyInit=false; autowireMode=0; dependencyCheck=0; autowireCandidate=false; primary=false; factoryBeanName=null; factoryMethodName=null; initMethodName=null; destroyMethodName=null] with [Root bean: class [org.springframework.aop.scope.ScopedProxyFactoryBean]; scope=; abstract=false; lazyInit=false; autowireMode=0; dependencyCheck=0; autowireCandidate=true; primary=false; factoryBeanName=null; factoryMethodName=null; initMethodName=null; destroyMethodName=null; defined in BeanDefinition defined in null]
10:02:30,944  INFO Test worker support.DefaultListableBeanFactory:818 - Overriding bean definition for bean 'org.springframework.batch.core.jsr.partition.JsrPartitionHandlerTests$CountingPartitionCollector' with a different definition: replacing [Generic bean: class [org.springframework.batch.core.jsr.partition.JsrPartitionHandlerTests$CountingPartitionCollector]; scope=step; abstract=false; lazyInit=false; autowireMode=0; dependencyCheck=0; autowireCandidate=false; primary=false; factoryBeanName=null; factoryMethodName=null; initMethodName=null; destroyMethodName=null] with [Root bean: class [org.springframework.aop.scope.ScopedProxyFactoryBean]; scope=; abstract=false; lazyInit=false; autowireMode=0; dependencyCheck=0; autowireCandidate=true; primary=false; factoryBeanName=null; factoryMethodName=null; initMethodName=null; destroyMethodName=null; defined in BeanDefinition defined in null]
10:02:30,944  INFO Test worker support.DefaultListableBeanFactory:818 - Overriding bean definition for bean 'org.springframework.batch.core.jsr.partition.JsrPartitionHandlerTests$MyPartitionReducer' with a different definition: replacing [Generic bean: class [org.springframework.batch.core.jsr.partition.JsrPartitionHandlerTests$MyPartitionReducer]; scope=step; abstract=false; lazyInit=false; autowireMode=0; dependencyCheck=0; autowireCandidate=false; primary=false; factoryBeanName=null; factoryMethodName=null; initMethodName=null; destroyMethodName=null] with [Root bean: class [org.springframework.aop.scope.ScopedProxyFactoryBean]; scope=; abstract=false; lazyInit=false; autowireMode=0; dependencyCheck=0; autowireCandidate=true; primary=false; factoryBeanName=null; factoryMethodName=null; initMethodName=null; destroyMethodName=null; defined in BeanDefinition defined in null]
10:02:30,944  INFO Test worker support.DefaultListableBeanFactory:818 - Overriding bean definition for bean 'stepContextFactory' with a different definition: replacing [Generic bean: class [org.springframework.batch.core.jsr.JsrStepContextFactoryBean]; scope=step; abstract=false; lazyInit=false; autowireMode=0; dependencyCheck=0; autowireCandidate=false; primary=false; factoryBeanName=null; factoryMethodName=null; initMethodName=null; destroyMethodName=null] with [Root bean: class [org.springframework.aop.scope.ScopedProxyFactoryBean]; scope=; abstract=false; lazyInit=false; autowireMode=0; dependencyCheck=0; autowireCandidate=true; primary=false; factoryBeanName=null; factoryMethodName=null; initMethodName=null; destroyMethodName=null; defined in BeanDefinition defined in null]
10:02:30,948  INFO Test worker support.JsrAutowiredAnnotationBeanPostProcessor:111 - JSR-330 'javax.inject.Inject' annotation found and supported for autowiring
10:02:30,975  INFO SimpleAsyncTaskExecutor-41 job.SimpleStepHandler:146 - Executing step: [step1]
10:02:30,980  INFO SimpleAsyncTaskExecutor-41 concurrent.ThreadPoolTaskExecutor:165 - Initializing ExecutorService 
10:02:30,985  INFO SimpleAsyncTaskExecutor-41 concurrent.ThreadPoolTaskExecutor:203 - Shutting down ExecutorService
10:02:30,987  INFO SimpleAsyncTaskExecutor-41 xml.JsrXmlApplicationContext:985 - Closing org.springframework.batch.core.jsr.configuration.xml.JsrXmlApplicationContext@2962cb35: startup date [Thu Mar 23 10:02:30 CDT 2017]; parent: org.springframework.context.support.GenericXmlApplicationContext@6db3cbe
10:02:30,993  INFO Test worker concurrent.ThreadPoolTaskExecutor:165 - Initializing ExecutorService 
10:02:30,994  INFO Test worker concurrent.ThreadPoolTaskExecutor:203 - Shutting down ExecutorService
10:02:30,999  INFO Test worker concurrent.ThreadPoolTaskExecutor:165 - Initializing ExecutorService 
10:02:31,000  INFO Test worker concurrent.ThreadPoolTaskExecutor:203 - Shutting down ExecutorService
]]></system-out>
  <system-err><![CDATA[]]></system-err>
</testsuite>
