<?xml version="1.0" encoding="UTF-8"?>
<testsuite name="org.springframework.batch.core.configuration.annotation.MapJobRepositoryConfigurationTests" tests="3" skipped="0" failures="0" errors="0" timestamp="2017-03-23T15:01:49" hostname="Michaels-MacBook-Pro-3.local" time="0.873">
  <properties/>
  <testcase name="testOneDataSource" classname="org.springframework.batch.core.configuration.annotation.MapJobRepositoryConfigurationTests" time="0.407"/>
  <testcase name="testMultipleDataSources" classname="org.springframework.batch.core.configuration.annotation.MapJobRepositoryConfigurationTests" time="0.152"/>
  <testcase name="testRoseyScenario" classname="org.springframework.batch.core.configuration.annotation.MapJobRepositoryConfigurationTests" time="0.314"/>
  <system-out><![CDATA[10:01:49,324  INFO Test worker annotation.AnnotationConfigApplicationContext:581 - Refreshing org.springframework.context.annotation.AnnotationConfigApplicationContext@3ff7723d: startup date [Thu Mar 23 10:01:49 CDT 2017]; root of context hierarchy
10:01:49,357  WARN Test worker annotation.ConfigurationClassEnhancer:350 - @Bean method ScopeConfiguration.stepScope is non-static and returns an object assignable to Spring's BeanFactoryPostProcessor interface. This will result in a failure to process annotations such as @Autowired, @Resource and @PostConstruct within the method's declaring @Configuration class. Add the 'static' modifier to this method to avoid these container lifecycle issues; see @Bean javadoc for complete details.
10:01:49,362  WARN Test worker annotation.ConfigurationClassEnhancer:350 - @Bean method ScopeConfiguration.jobScope is non-static and returns an object assignable to Spring's BeanFactoryPostProcessor interface. This will result in a failure to process annotations such as @Autowired, @Resource and @PostConstruct within the method's declaring @Configuration class. Add the 'static' modifier to this method to avoid these container lifecycle issues; see @Bean javadoc for complete details.
10:01:49,367  INFO Test worker annotation.AutowiredAnnotationBeanPostProcessor:151 - JSR-330 'javax.inject.Inject' annotation found and supported for autowiring
10:01:49,408  INFO Test worker embedded.EmbeddedDatabaseFactory:185 - Starting embedded database: url='jdbc:hsqldb:mem:testdb', username='sa'
10:01:49,435  INFO Test worker init.ScriptUtils:442 - Executing SQL script from class path resource [org/springframework/batch/core/schema-drop-hsqldb.sql]
10:01:49,441  INFO Test worker init.ScriptUtils:508 - Executed SQL script from class path resource [org/springframework/batch/core/schema-drop-hsqldb.sql] in 5 ms.
10:01:49,442  INFO Test worker init.ScriptUtils:442 - Executing SQL script from class path resource [org/springframework/batch/core/schema-hsqldb.sql]
10:01:49,457  INFO Test worker init.ScriptUtils:508 - Executed SQL script from class path resource [org/springframework/batch/core/schema-hsqldb.sql] in 14 ms.
10:01:49,523  INFO Test worker support.JobRepositoryFactoryBean:184 - No database type set, using meta data indicating: HSQL
10:01:49,524  INFO Test worker support.SimpleJobLauncher:201 - No TaskExecutor has been set, defaulting to synchronous executor.
10:01:49,533  INFO Test worker support.SimpleJobLauncher:139 - Job: [SimpleJob: [name=job]] launched with the following parameters: [{}]
10:01:49,542  INFO Test worker job.SimpleStepHandler:146 - Executing step: [step1]
10:01:49,554  INFO Test worker support.SimpleJobLauncher:142 - Job: [SimpleJob: [name=job]] completed with the following parameters: [{}] and the following status: [COMPLETED]
10:01:49,726  INFO Test worker annotation.AnnotationConfigApplicationContext:985 - Closing org.springframework.context.annotation.AnnotationConfigApplicationContext@3ff7723d: startup date [Thu Mar 23 10:01:49 CDT 2017]; root of context hierarchy
10:01:49,730  INFO Test worker annotation.AnnotationConfigApplicationContext:581 - Refreshing org.springframework.context.annotation.AnnotationConfigApplicationContext@52c9a80f: startup date [Thu Mar 23 10:01:49 CDT 2017]; root of context hierarchy
10:01:49,745  WARN Test worker annotation.ConfigurationClassEnhancer:350 - @Bean method ScopeConfiguration.stepScope is non-static and returns an object assignable to Spring's BeanFactoryPostProcessor interface. This will result in a failure to process annotations such as @Autowired, @Resource and @PostConstruct within the method's declaring @Configuration class. Add the 'static' modifier to this method to avoid these container lifecycle issues; see @Bean javadoc for complete details.
10:01:49,750  WARN Test worker annotation.ConfigurationClassEnhancer:350 - @Bean method ScopeConfiguration.jobScope is non-static and returns an object assignable to Spring's BeanFactoryPostProcessor interface. This will result in a failure to process annotations such as @Autowired, @Resource and @PostConstruct within the method's declaring @Configuration class. Add the 'static' modifier to this method to avoid these container lifecycle issues; see @Bean javadoc for complete details.
10:01:49,753  INFO Test worker annotation.AutowiredAnnotationBeanPostProcessor:151 - JSR-330 'javax.inject.Inject' annotation found and supported for autowiring
10:01:49,784  INFO Test worker embedded.EmbeddedDatabaseFactory:185 - Starting embedded database: url='jdbc:hsqldb:mem:badDatabase', username='sa'
10:01:49,808  INFO Test worker embedded.EmbeddedDatabaseFactory:185 - Starting embedded database: url='jdbc:hsqldb:mem:testdb', username='sa'
10:01:49,809  INFO Test worker init.ScriptUtils:442 - Executing SQL script from class path resource [org/springframework/batch/core/schema-drop-hsqldb.sql]
10:01:49,816  INFO Test worker init.ScriptUtils:508 - Executed SQL script from class path resource [org/springframework/batch/core/schema-drop-hsqldb.sql] in 7 ms.
10:01:49,817  INFO Test worker init.ScriptUtils:442 - Executing SQL script from class path resource [org/springframework/batch/core/schema-hsqldb.sql]
10:01:49,823  INFO Test worker init.ScriptUtils:508 - Executed SQL script from class path resource [org/springframework/batch/core/schema-hsqldb.sql] in 6 ms.
10:01:49,883  INFO Test worker annotation.AnnotationConfigApplicationContext:581 - Refreshing org.springframework.context.annotation.AnnotationConfigApplicationContext@4d4442fb: startup date [Thu Mar 23 10:01:49 CDT 2017]; root of context hierarchy
10:01:49,918  WARN Test worker annotation.ConfigurationClassEnhancer:350 - @Bean method ScopeConfiguration.stepScope is non-static and returns an object assignable to Spring's BeanFactoryPostProcessor interface. This will result in a failure to process annotations such as @Autowired, @Resource and @PostConstruct within the method's declaring @Configuration class. Add the 'static' modifier to this method to avoid these container lifecycle issues; see @Bean javadoc for complete details.
10:01:49,921  WARN Test worker annotation.ConfigurationClassEnhancer:350 - @Bean method ScopeConfiguration.jobScope is non-static and returns an object assignable to Spring's BeanFactoryPostProcessor interface. This will result in a failure to process annotations such as @Autowired, @Resource and @PostConstruct within the method's declaring @Configuration class. Add the 'static' modifier to this method to avoid these container lifecycle issues; see @Bean javadoc for complete details.
10:01:49,925  INFO Test worker annotation.AutowiredAnnotationBeanPostProcessor:151 - JSR-330 'javax.inject.Inject' annotation found and supported for autowiring
10:01:50,018  WARN Test worker annotation.DefaultBatchConfigurer:85 - No datasource was provided...using a Map based JobRepository
10:01:50,041  INFO Test worker support.SimpleJobLauncher:201 - No TaskExecutor has been set, defaulting to synchronous executor.
10:01:50,098  INFO Test worker support.SimpleJobLauncher:139 - Job: [SimpleJob: [name=job]] launched with the following parameters: [{}]
10:01:50,134  INFO Test worker job.SimpleStepHandler:146 - Executing step: [step1]
10:01:50,180  INFO Test worker support.SimpleJobLauncher:142 - Job: [SimpleJob: [name=job]] completed with the following parameters: [{}] and the following status: [COMPLETED]
10:01:50,192  INFO Test worker annotation.AnnotationConfigApplicationContext:985 - Closing org.springframework.context.annotation.AnnotationConfigApplicationContext@4d4442fb: startup date [Thu Mar 23 10:01:49 CDT 2017]; root of context hierarchy
]]></system-out>
  <system-err><![CDATA[]]></system-err>
</testsuite>
