<?xml version="1.0" encoding="UTF-8"?>
<testsuite name="org.springframework.batch.core.configuration.xml.JobParserParentAttributeTests" tests="5" skipped="0" failures="0" errors="0" timestamp="2017-03-23T15:01:59" hostname="Michaels-MacBook-Pro-3.local" time="0.004">
  <properties/>
  <testcase name="testInheritListeners_NoMerge" classname="org.springframework.batch.core.configuration.xml.JobParserParentAttributeTests" time="0.0"/>
  <testcase name="testListenerClearingJob" classname="org.springframework.batch.core.configuration.xml.JobParserParentAttributeTests" time="0.0"/>
  <testcase name="testStandaloneListener" classname="org.springframework.batch.core.configuration.xml.JobParserParentAttributeTests" time="0.001"/>
  <testcase name="testInheritListeners" classname="org.springframework.batch.core.configuration.xml.JobParserParentAttributeTests" time="0.001"/>
  <testcase name="testJobRepositoryDefaults" classname="org.springframework.batch.core.configuration.xml.JobParserParentAttributeTests" time="0.001"/>
  <system-out><![CDATA[10:01:59,028  INFO Test worker support.AbstractContextLoader:252 - Detected default resource location "classpath:org/springframework/batch/core/configuration/xml/JobParserParentAttributeTests-context.xml" for test class [org.springframework.batch.core.configuration.xml.JobParserParentAttributeTests]
10:01:59,028  INFO Test worker support.AbstractDelegatingSmartContextLoader:176 - GenericXmlContextLoader detected default locations for context configuration [ContextConfigurationAttributes@10cfd964 declaringClass = 'org.springframework.batch.core.configuration.xml.JobParserParentAttributeTests', classes = '{}', locations = '{classpath:org/springframework/batch/core/configuration/xml/JobParserParentAttributeTests-context.xml}', inheritLocations = true, initializers = '{}', inheritInitializers = true, name = [null], contextLoaderClass = 'org.springframework.test.context.ContextLoader'].
10:01:59,028  INFO Test worker support.AnnotationConfigContextLoaderUtils:81 - Could not detect default configuration classes for test class [org.springframework.batch.core.configuration.xml.JobParserParentAttributeTests]: JobParserParentAttributeTests does not declare any static, non-private, non-final, nested classes annotated with @Configuration.
10:01:59,031  INFO Test worker support.DefaultTestContextBootstrapper:260 - Loaded default TestExecutionListener class names from location [META-INF/spring.factories]: [org.springframework.test.context.web.ServletTestExecutionListener, org.springframework.test.context.support.DirtiesContextBeforeModesTestExecutionListener, org.springframework.test.context.support.DependencyInjectionTestExecutionListener, org.springframework.test.context.support.DirtiesContextTestExecutionListener, org.springframework.test.context.transaction.TransactionalTestExecutionListener, org.springframework.test.context.jdbc.SqlScriptsTestExecutionListener]
10:01:59,032  INFO Test worker support.DefaultTestContextBootstrapper:209 - Could not instantiate TestExecutionListener [org.springframework.test.context.web.ServletTestExecutionListener]. Specify custom listener classes or make the default listener classes (and their required dependencies) available. Offending class: [javax/servlet/ServletContext]
10:01:59,034  INFO Test worker support.DefaultTestContextBootstrapper:187 - Using TestExecutionListeners: [org.springframework.test.context.support.DirtiesContextBeforeModesTestExecutionListener@f4d7623, org.springframework.test.context.support.DependencyInjectionTestExecutionListener@7f61e5a6, org.springframework.test.context.support.DirtiesContextTestExecutionListener@5d351a92, org.springframework.test.context.transaction.TransactionalTestExecutionListener@68917658, org.springframework.test.context.jdbc.SqlScriptsTestExecutionListener@c89e907]
10:01:59,035  INFO Test worker xml.XmlBeanDefinitionReader:317 - Loading XML bean definitions from class path resource [org/springframework/batch/core/configuration/xml/JobParserParentAttributeTests-context.xml]
10:01:59,049  INFO Test worker xml.XmlBeanDefinitionReader:317 - Loading XML bean definitions from class path resource [org/springframework/batch/core/configuration/xml/common-context.xml]
10:01:59,062  INFO Test worker support.GenericApplicationContext:581 - Refreshing org.springframework.context.support.GenericApplicationContext@921156b: startup date [Thu Mar 23 10:01:59 CDT 2017]; root of context hierarchy
10:01:59,080  INFO Test worker annotation.AutowiredAnnotationBeanPostProcessor:151 - JSR-330 'javax.inject.Inject' annotation found and supported for autowiring
]]></system-out>
  <system-err><![CDATA[]]></system-err>
</testsuite>
