<?xml version="1.0" encoding="UTF-8"?>
<testsuite name="org.springframework.batch.core.partition.support.SimpleStepExecutionSplitterTests" tests="11" skipped="0" failures="0" errors="0" timestamp="2017-03-23T15:02:34" hostname="Michaels-MacBook-Pro-3.local" time="0.1">
  <properties/>
  <testcase name="testAddressabilityOfSetResults" classname="org.springframework.batch.core.partition.support.SimpleStepExecutionSplitterTests" time="0.005"/>
  <testcase name="testGetStepName" classname="org.springframework.batch.core.partition.support.SimpleStepExecutionSplitterTests" time="0.003"/>
  <testcase name="testRememberGridSize" classname="org.springframework.batch.core.partition.support.SimpleStepExecutionSplitterTests" time="0.013"/>
  <testcase name="testUnkownStatus" classname="org.springframework.batch.core.partition.support.SimpleStepExecutionSplitterTests" time="0.01"/>
  <testcase name="testRememberPartitionNames" classname="org.springframework.batch.core.partition.support.SimpleStepExecutionSplitterTests" time="0.01"/>
  <testcase name="testSimpleStepExecutionProviderJobRepositoryStepPartitioner" classname="org.springframework.batch.core.partition.support.SimpleStepExecutionSplitterTests" time="0.004"/>
  <testcase name="testCompleteStatusAfterFailure" classname="org.springframework.batch.core.partition.support.SimpleStepExecutionSplitterTests" time="0.014"/>
  <testcase name="testIncompleteStatus" classname="org.springframework.batch.core.partition.support.SimpleStepExecutionSplitterTests" time="0.01"/>
  <testcase name="testAbandonedStatus" classname="org.springframework.batch.core.partition.support.SimpleStepExecutionSplitterTests" time="0.01"/>
  <testcase name="testSimpleStepExecutionProviderJobRepositoryStep" classname="org.springframework.batch.core.partition.support.SimpleStepExecutionSplitterTests" time="0.005"/>
  <testcase name="testCompleteStatusSameJobExecution" classname="org.springframework.batch.core.partition.support.SimpleStepExecutionSplitterTests" time="0.015"/>
  <system-out><![CDATA[]]></system-out>
  <system-err><![CDATA[]]></system-err>
</testsuite>
