<?xml version="1.0" encoding="UTF-8"?>
<testsuite name="org.springframework.batch.core.configuration.support.DefaultJobLoaderTests" tests="12" skipped="0" failures="0" errors="0" timestamp="2017-03-23T15:01:52" hostname="Michaels-MacBook-Pro-3.local" time="0.216">
  <properties/>
  <testcase name="testMultipleJobsInTheSameContextWithSeparateSteps" classname="org.springframework.batch.core.configuration.support.DefaultJobLoaderTests" time="0.027"/>
  <testcase name="createWithBothRegistries" classname="org.springframework.batch.core.configuration.support.DefaultJobLoaderTests" time="0.0"/>
  <testcase name="testNoStepRegistryAvailable" classname="org.springframework.batch.core.configuration.support.DefaultJobLoaderTests" time="0.018"/>
  <testcase name="testClear" classname="org.springframework.batch.core.configuration.support.DefaultJobLoaderTests" time="0.022"/>
  <testcase name="testMultipleJobsInTheSameContext" classname="org.springframework.batch.core.configuration.support.DefaultJobLoaderTests" time="0.017"/>
  <testcase name="createWithOnlyJobRegistry" classname="org.springframework.batch.core.configuration.support.DefaultJobLoaderTests" time="0.0"/>
  <testcase name="testLoadWithJobThatIsNotAStepLocatorNoStepRegistry" classname="org.springframework.batch.core.configuration.support.DefaultJobLoaderTests" time="0.01"/>
  <testcase name="testRegistryUpdated" classname="org.springframework.batch.core.configuration.support.DefaultJobLoaderTests" time="0.014"/>
  <testcase name="testLoadWithJobThatIsNotAStepLocator" classname="org.springframework.batch.core.configuration.support.DefaultJobLoaderTests" time="0.011"/>
  <testcase name="testReloadWithAutoRegister" classname="org.springframework.batch.core.configuration.support.DefaultJobLoaderTests" time="0.037"/>
  <testcase name="testLoadWithExplicitName" classname="org.springframework.batch.core.configuration.support.DefaultJobLoaderTests" time="0.019"/>
  <testcase name="testReload" classname="org.springframework.batch.core.configuration.support.DefaultJobLoaderTests" time="0.038"/>
  <system-out><![CDATA[10:01:52,723  INFO Test worker xml.XmlBeanDefinitionReader:317 - Loading XML bean definitions from class path resource [org/springframework/batch/core/configuration/support/job-context-with-separate-steps.xml]
10:01:52,734  INFO Test worker xml.XmlBeanDefinitionReader:317 - Loading XML bean definitions from class path resource [org/springframework/batch/core/configuration/support/job-context-with-steps.xml]
10:01:52,742  INFO Test worker support.GenericApplicationContextFactory$ResourceXmlApplicationContext:581 - Refreshing ResourceXmlApplicationContext:file:/Users/mminella/Documents/IntelliJWorkspace/spring-batch/spring-batch-core/build/resources/test/org/springframework/batch/core/configuration/support/job-context-with-separate-steps.xml
10:01:52,751  INFO Test worker xml.XmlBeanDefinitionReader:317 - Loading XML bean definitions from class path resource [org/springframework/batch/core/configuration/support/job-context-with-steps.xml]
10:01:52,763  INFO Test worker support.GenericApplicationContextFactory$ResourceXmlApplicationContext:581 - Refreshing ResourceXmlApplicationContext:file:/Users/mminella/Documents/IntelliJWorkspace/spring-batch/spring-batch-core/build/resources/test/org/springframework/batch/core/configuration/support/job-context-with-steps.xml
10:01:52,771  INFO Test worker xml.XmlBeanDefinitionReader:317 - Loading XML bean definitions from Byte array resource [resource loaded from byte array]
10:01:52,783  INFO Test worker support.GenericApplicationContextFactory$ResourceXmlApplicationContext:581 - Refreshing ResourceXmlApplicationContext:[Byte array resource [resource loaded from byte array]]
10:01:52,790  INFO Test worker support.GenericApplicationContextFactory$ResourceXmlApplicationContext:985 - Closing ResourceXmlApplicationContext:[Byte array resource [resource loaded from byte array]]
10:01:52,792  INFO Test worker xml.XmlBeanDefinitionReader:317 - Loading XML bean definitions from class path resource [org/springframework/batch/core/configuration/support/job-context-with-steps.xml]
10:01:52,804  INFO Test worker support.GenericApplicationContextFactory$ResourceXmlApplicationContext:581 - Refreshing ResourceXmlApplicationContext:file:/Users/mminella/Documents/IntelliJWorkspace/spring-batch/spring-batch-core/build/resources/test/org/springframework/batch/core/configuration/support/job-context-with-steps.xml
10:01:52,809  INFO Test worker xml.XmlBeanDefinitionReader:317 - Loading XML bean definitions from Byte array resource [resource loaded from byte array]
10:01:52,818  INFO Test worker support.GenericApplicationContextFactory$ResourceXmlApplicationContext:581 - Refreshing ResourceXmlApplicationContext:[Byte array resource [resource loaded from byte array]]
10:01:52,820  INFO Test worker xml.XmlBeanDefinitionReader:317 - Loading XML bean definitions from class path resource [org/springframework/batch/core/configuration/support/trivial-context.xml]
10:01:52,829  INFO Test worker support.GenericApplicationContextFactory$ResourceXmlApplicationContext:581 - Refreshing ResourceXmlApplicationContext:file:/Users/mminella/Documents/IntelliJWorkspace/spring-batch/spring-batch-core/build/resources/test/org/springframework/batch/core/configuration/support/trivial-context.xml
10:01:52,833  INFO Test worker xml.XmlBeanDefinitionReader:317 - Loading XML bean definitions from Byte array resource [resource loaded from byte array]
10:01:52,843  INFO Test worker support.GenericApplicationContextFactory$ResourceXmlApplicationContext:581 - Refreshing ResourceXmlApplicationContext:[Byte array resource [resource loaded from byte array]]
10:01:52,845  INFO Test worker xml.XmlBeanDefinitionReader:317 - Loading XML bean definitions from class path resource [org/springframework/batch/core/configuration/support/trivial-context-autoregister.xml]
10:01:52,855  INFO Test worker support.GenericApplicationContextFactory$ResourceXmlApplicationContext:581 - Refreshing ResourceXmlApplicationContext:file:/Users/mminella/Documents/IntelliJWorkspace/spring-batch/spring-batch-core/build/resources/test/org/springframework/batch/core/configuration/support/trivial-context-autoregister.xml
10:01:52,856  INFO Test worker support.PostProcessorRegistrationDelegate$BeanPostProcessorChecker:325 - Bean 'jobRegistry' of type [class org.springframework.batch.core.configuration.support.MapJobRegistry] is not eligible for getting processed by all BeanPostProcessors (for example: not eligible for auto-proxying)
10:01:52,864  INFO Test worker support.GenericApplicationContextFactory$ResourceXmlApplicationContext:985 - Closing ResourceXmlApplicationContext:file:/Users/mminella/Documents/IntelliJWorkspace/spring-batch/spring-batch-core/build/resources/test/org/springframework/batch/core/configuration/support/trivial-context-autoregister.xml
10:01:52,865  INFO Test worker xml.XmlBeanDefinitionReader:317 - Loading XML bean definitions from class path resource [org/springframework/batch/core/configuration/support/trivial-context-autoregister.xml]
10:01:52,875  INFO Test worker support.GenericApplicationContextFactory$ResourceXmlApplicationContext:581 - Refreshing ResourceXmlApplicationContext:file:/Users/mminella/Documents/IntelliJWorkspace/spring-batch/spring-batch-core/build/resources/test/org/springframework/batch/core/configuration/support/trivial-context-autoregister.xml
10:01:52,876  INFO Test worker support.PostProcessorRegistrationDelegate$BeanPostProcessorChecker:325 - Bean 'jobRegistry' of type [class org.springframework.batch.core.configuration.support.MapJobRegistry] is not eligible for getting processed by all BeanPostProcessors (for example: not eligible for auto-proxying)
10:01:52,882  INFO Test worker xml.XmlBeanDefinitionReader:317 - Loading XML bean definitions from Byte array resource [resource loaded from byte array]
10:01:52,890  INFO Test worker support.GenericApplicationContextFactory$ResourceXmlApplicationContext:581 - Refreshing ResourceXmlApplicationContext:[Byte array resource [resource loaded from byte array]]
10:01:52,891  INFO Test worker support.GenericApplicationContextFactory$ResourceXmlApplicationContext:985 - Closing ResourceXmlApplicationContext:[Byte array resource [resource loaded from byte array]]
10:01:52,892  INFO Test worker xml.XmlBeanDefinitionReader:317 - Loading XML bean definitions from Byte array resource [resource loaded from byte array]
10:01:52,900  INFO Test worker support.GenericApplicationContextFactory$ResourceXmlApplicationContext:581 - Refreshing ResourceXmlApplicationContext:[Byte array resource [resource loaded from byte array]]
10:01:52,902  INFO Test worker xml.XmlBeanDefinitionReader:317 - Loading XML bean definitions from class path resource [org/springframework/batch/core/configuration/support/trivial-context.xml]
10:01:52,919  INFO Test worker support.GenericApplicationContextFactory$ResourceXmlApplicationContext:581 - Refreshing ResourceXmlApplicationContext:file:/Users/mminella/Documents/IntelliJWorkspace/spring-batch/spring-batch-core/build/resources/test/org/springframework/batch/core/configuration/support/trivial-context.xml
10:01:52,924  INFO Test worker support.GenericApplicationContextFactory$ResourceXmlApplicationContext:985 - Closing ResourceXmlApplicationContext:file:/Users/mminella/Documents/IntelliJWorkspace/spring-batch/spring-batch-core/build/resources/test/org/springframework/batch/core/configuration/support/trivial-context.xml
10:01:52,925  INFO Test worker xml.XmlBeanDefinitionReader:317 - Loading XML bean definitions from class path resource [org/springframework/batch/core/configuration/support/trivial-context.xml]
10:01:52,936  INFO Test worker support.GenericApplicationContextFactory$ResourceXmlApplicationContext:581 - Refreshing ResourceXmlApplicationContext:file:/Users/mminella/Documents/IntelliJWorkspace/spring-batch/spring-batch-core/build/resources/test/org/springframework/batch/core/configuration/support/trivial-context.xml
]]></system-out>
  <system-err><![CDATA[]]></system-err>
</testsuite>
