<?xml version="1.0" encoding="UTF-8"?>
<testsuite name="org.springframework.batch.core.listener.JobListenerFactoryBeanTests" tests="15" skipped="0" failures="0" errors="0" timestamp="2017-03-23T15:02:33" hostname="Michaels-MacBook-Pro-3.local" time="0.012">
  <properties/>
  <testcase name="testAnnotationsIsListener" classname="org.springframework.batch.core.listener.JobListenerFactoryBeanTests" time="0.001"/>
  <testcase name="testWrongSignatureNamedMethod" classname="org.springframework.batch.core.listener.JobListenerFactoryBeanTests" time="0.001"/>
  <testcase name="testInterfaceIsListener" classname="org.springframework.batch.core.listener.JobListenerFactoryBeanTests" time="0.001"/>
  <testcase name="testEqualityOfProxies" classname="org.springframework.batch.core.listener.JobListenerFactoryBeanTests" time="0.0"/>
  <testcase name="testEmptySignatureNamedMethod" classname="org.springframework.batch.core.listener.JobListenerFactoryBeanTests" time="0.001"/>
  <testcase name="testWithAnnotations" classname="org.springframework.batch.core.listener.JobListenerFactoryBeanTests" time="0.001"/>
  <testcase name="testFactoryMethod" classname="org.springframework.batch.core.listener.JobListenerFactoryBeanTests" time="0.0"/>
  <testcase name="testWithInterface" classname="org.springframework.batch.core.listener.JobListenerFactoryBeanTests" time="0.0"/>
  <testcase name="testVanillaInterfaceWithProxy" classname="org.springframework.batch.core.listener.JobListenerFactoryBeanTests" time="0.0"/>
  <testcase name="testAnnotationsWithOrdered" classname="org.springframework.batch.core.listener.JobListenerFactoryBeanTests" time="0.003"/>
  <testcase name="testRightSignatureAnnotation" classname="org.springframework.batch.core.listener.JobListenerFactoryBeanTests" time="0.001"/>
  <testcase name="testRightSignatureNamedMethod" classname="org.springframework.batch.core.listener.JobListenerFactoryBeanTests" time="0.0"/>
  <testcase name="testEmptySignatureAnnotation" classname="org.springframework.batch.core.listener.JobListenerFactoryBeanTests" time="0.001"/>
  <testcase name="testWrongSignatureAnnotation" classname="org.springframework.batch.core.listener.JobListenerFactoryBeanTests" time="0.001"/>
  <testcase name="testUseInHashSet" classname="org.springframework.batch.core.listener.JobListenerFactoryBeanTests" time="0.0"/>
  <system-out><![CDATA[]]></system-out>
  <system-err><![CDATA[]]></system-err>
</testsuite>
