<?xml version="1.0" encoding="UTF-8"?>
<testsuite name="org.springframework.batch.core.scope.JobScopeIntegrationTests" tests="6" skipped="0" failures="0" errors="0" timestamp="2017-03-23T15:02:43" hostname="Michaels-MacBook-Pro-3.local" time="0.007">
  <properties/>
  <testcase name="testScopeCreation" classname="org.springframework.batch.core.scope.JobScopeIntegrationTests" time="0.001"/>
  <testcase name="testExecutionContext" classname="org.springframework.batch.core.scope.JobScopeIntegrationTests" time="0.002"/>
  <testcase name="testNestedScopedProxy" classname="org.springframework.batch.core.scope.JobScopeIntegrationTests" time="0.002"/>
  <testcase name="testScopedProxyForReference" classname="org.springframework.batch.core.scope.JobScopeIntegrationTests" time="0.001"/>
  <testcase name="testScopedProxyForSecondReference" classname="org.springframework.batch.core.scope.JobScopeIntegrationTests" time="0.001"/>
  <testcase name="testScopedProxy" classname="org.springframework.batch.core.scope.JobScopeIntegrationTests" time="0.0"/>
  <system-out><![CDATA[10:02:43,689  INFO Test worker support.AbstractContextLoader:252 - Detected default resource location "classpath:org/springframework/batch/core/scope/JobScopeIntegrationTests-context.xml" for test class [org.springframework.batch.core.scope.JobScopeIntegrationTests]
10:02:43,689  INFO Test worker support.AbstractDelegatingSmartContextLoader:176 - GenericXmlContextLoader detected default locations for context configuration [ContextConfigurationAttributes@698dd960 declaringClass = 'org.springframework.batch.core.scope.JobScopeIntegrationTests', classes = '{}', locations = '{classpath:org/springframework/batch/core/scope/JobScopeIntegrationTests-context.xml}', inheritLocations = true, initializers = '{}', inheritInitializers = true, name = [null], contextLoaderClass = 'org.springframework.test.context.ContextLoader'].
10:02:43,690  INFO Test worker support.AnnotationConfigContextLoaderUtils:81 - Could not detect default configuration classes for test class [org.springframework.batch.core.scope.JobScopeIntegrationTests]: JobScopeIntegrationTests does not declare any static, non-private, non-final, nested classes annotated with @Configuration.
10:02:43,691  INFO Test worker support.DefaultTestContextBootstrapper:260 - Loaded default TestExecutionListener class names from location [META-INF/spring.factories]: [org.springframework.test.context.web.ServletTestExecutionListener, org.springframework.test.context.support.DirtiesContextBeforeModesTestExecutionListener, org.springframework.test.context.support.DependencyInjectionTestExecutionListener, org.springframework.test.context.support.DirtiesContextTestExecutionListener, org.springframework.test.context.transaction.TransactionalTestExecutionListener, org.springframework.test.context.jdbc.SqlScriptsTestExecutionListener]
10:02:43,691  INFO Test worker support.DefaultTestContextBootstrapper:209 - Could not instantiate TestExecutionListener [org.springframework.test.context.web.ServletTestExecutionListener]. Specify custom listener classes or make the default listener classes (and their required dependencies) available. Offending class: [javax/servlet/ServletContext]
10:02:43,692  INFO Test worker support.DefaultTestContextBootstrapper:187 - Using TestExecutionListeners: [org.springframework.test.context.support.DirtiesContextBeforeModesTestExecutionListener@4c8b7521, org.springframework.test.context.support.DependencyInjectionTestExecutionListener@193490e9, org.springframework.test.context.support.DirtiesContextTestExecutionListener@7a94d577, org.springframework.test.context.transaction.TransactionalTestExecutionListener@76a64d21, org.springframework.test.context.jdbc.SqlScriptsTestExecutionListener@61931ca9]
10:02:43,692  INFO Test worker xml.XmlBeanDefinitionReader:317 - Loading XML bean definitions from class path resource [org/springframework/batch/core/scope/JobScopeIntegrationTests-context.xml]
10:02:43,700  INFO Test worker support.GenericApplicationContext:581 - Refreshing org.springframework.context.support.GenericApplicationContext@5c9d7baa: startup date [Thu Mar 23 10:02:43 CDT 2017]; root of context hierarchy
10:02:43,703  INFO Test worker support.DefaultListableBeanFactory:818 - Overriding bean definition for bean 'collaborator' with a different definition: replacing [Generic bean: class [org.springframework.batch.core.scope.TestCollaborator]; scope=job; abstract=false; lazyInit=false; autowireMode=0; dependencyCheck=0; autowireCandidate=false; primary=false; factoryBeanName=null; factoryMethodName=null; initMethodName=null; destroyMethodName=null; defined in class path resource [org/springframework/batch/core/scope/JobScopeIntegrationTests-context.xml]] with [Root bean: class [org.springframework.aop.scope.ScopedProxyFactoryBean]; scope=; abstract=false; lazyInit=false; autowireMode=0; dependencyCheck=0; autowireCandidate=true; primary=false; factoryBeanName=null; factoryMethodName=null; initMethodName=null; destroyMethodName=null; defined in BeanDefinition defined in class path resource [org/springframework/batch/core/scope/JobScopeIntegrationTests-context.xml]]
10:02:43,703  INFO Test worker annotation.AutowiredAnnotationBeanPostProcessor:151 - JSR-330 'javax.inject.Inject' annotation found and supported for autowiring
10:02:43,733  INFO Test worker support.GenericApplicationContext:985 - Closing org.springframework.context.support.GenericApplicationContext@3ae2a888: startup date [Thu Mar 23 10:02:08 CDT 2017]; root of context hierarchy
]]></system-out>
  <system-err><![CDATA[]]></system-err>
</testsuite>
