<?xml version="1.0" encoding="UTF-8"?>
<testsuite name="org.springframework.batch.core.job.flow.FlowStepTests" tests="4" skipped="0" failures="0" errors="0" timestamp="2017-03-23T15:02:11" hostname="Michaels-MacBook-Pro-3.local" time="0.033">
  <properties/>
  <testcase name="testExecuteWithParentContext" classname="org.springframework.batch.core.job.flow.FlowStepTests" time="0.009"/>
  <testcase name="testDoExecuteAndFail" classname="org.springframework.batch.core.job.flow.FlowStepTests" time="0.011"/>
  <testcase name="testDoExecute" classname="org.springframework.batch.core.job.flow.FlowStepTests" time="0.011"/>
  <testcase name="testAfterPropertiesSet" classname="org.springframework.batch.core.job.flow.FlowStepTests" time="0.001"/>
  <system-out><![CDATA[10:02:11,951  INFO Test worker job.SimpleStepHandler:146 - Executing step: [step1]
10:02:11,958  INFO Test worker job.SimpleStepHandler:146 - Executing step: [step1]
10:02:11,962  INFO Test worker job.SimpleStepHandler:146 - Executing step: [step2]
10:02:11,968  INFO Test worker job.SimpleStepHandler:146 - Executing step: [step1]
10:02:11,974  INFO Test worker job.SimpleStepHandler:146 - Executing step: [step2]
]]></system-out>
  <system-err><![CDATA[]]></system-err>
</testsuite>
