<?xml version="1.0" encoding="UTF-8"?>
<testsuite name="org.springframework.batch.core.jsr.JsrStepContextFactoryBeanTests" tests="5" skipped="0" failures="0" errors="0" timestamp="2017-03-23T15:02:18" hostname="Michaels-MacBook-Pro-3.local" time="2.06">
  <properties/>
  <testcase name="getObjectSingleThread" classname="org.springframework.batch.core.jsr.JsrStepContextFactoryBeanTests" time="0.042"/>
  <testcase name="getObjectMultiThread" classname="org.springframework.batch.core.jsr.JsrStepContextFactoryBeanTests" time="1.008"/>
  <testcase name="getObjectSingleThreadWithProperties" classname="org.springframework.batch.core.jsr.JsrStepContextFactoryBeanTests" time="0.001"/>
  <testcase name="testNoStepExecutionRegistered" classname="org.springframework.batch.core.jsr.JsrStepContextFactoryBeanTests" time="0.001"/>
  <testcase name="getObjectMultiThreadWithProperties" classname="org.springframework.batch.core.jsr.JsrStepContextFactoryBeanTests" time="1.008"/>
  <system-out><![CDATA[]]></system-out>
  <system-err><![CDATA[]]></system-err>
</testsuite>
