<?xml version="1.0" encoding="UTF-8"?>
<testsuite name="org.springframework.batch.core.configuration.xml.JobStepParserTests" tests="2" skipped="0" failures="0" errors="0" timestamp="2017-03-23T15:01:59" hostname="Michaels-MacBook-Pro-3.local" time="0.104">
  <properties/>
  <testcase name="testFlowStep" classname="org.springframework.batch.core.configuration.xml.JobStepParserTests" time="0.048"/>
  <testcase name="testFlowExternalStep" classname="org.springframework.batch.core.configuration.xml.JobStepParserTests" time="0.055"/>
  <system-out><![CDATA[10:01:59,812  INFO Test worker support.AbstractContextLoader:252 - Detected default resource location "classpath:org/springframework/batch/core/configuration/xml/JobStepParserTests-context.xml" for test class [org.springframework.batch.core.configuration.xml.JobStepParserTests]
10:01:59,812  INFO Test worker support.AbstractDelegatingSmartContextLoader:176 - GenericXmlContextLoader detected default locations for context configuration [ContextConfigurationAttributes@62efc81e declaringClass = 'org.springframework.batch.core.configuration.xml.JobStepParserTests', classes = '{}', locations = '{classpath:org/springframework/batch/core/configuration/xml/JobStepParserTests-context.xml}', inheritLocations = true, initializers = '{}', inheritInitializers = true, name = [null], contextLoaderClass = 'org.springframework.test.context.ContextLoader'].
10:01:59,813  INFO Test worker support.AnnotationConfigContextLoaderUtils:81 - Could not detect default configuration classes for test class [org.springframework.batch.core.configuration.xml.JobStepParserTests]: JobStepParserTests does not declare any static, non-private, non-final, nested classes annotated with @Configuration.
10:01:59,815  INFO Test worker support.DefaultTestContextBootstrapper:260 - Loaded default TestExecutionListener class names from location [META-INF/spring.factories]: [org.springframework.test.context.web.ServletTestExecutionListener, org.springframework.test.context.support.DirtiesContextBeforeModesTestExecutionListener, org.springframework.test.context.support.DependencyInjectionTestExecutionListener, org.springframework.test.context.support.DirtiesContextTestExecutionListener, org.springframework.test.context.transaction.TransactionalTestExecutionListener, org.springframework.test.context.jdbc.SqlScriptsTestExecutionListener]
10:01:59,817  INFO Test worker support.DefaultTestContextBootstrapper:209 - Could not instantiate TestExecutionListener [org.springframework.test.context.web.ServletTestExecutionListener]. Specify custom listener classes or make the default listener classes (and their required dependencies) available. Offending class: [javax/servlet/ServletContext]
10:01:59,817  INFO Test worker support.DefaultTestContextBootstrapper:187 - Using TestExecutionListeners: [org.springframework.test.context.support.DirtiesContextBeforeModesTestExecutionListener@337850c2, org.springframework.test.context.support.DependencyInjectionTestExecutionListener@4f6a950, org.springframework.test.context.support.DirtiesContextTestExecutionListener@43891482, org.springframework.test.context.transaction.TransactionalTestExecutionListener@63bdd308, org.springframework.test.context.jdbc.SqlScriptsTestExecutionListener@12b261fd]
10:01:59,818  INFO Test worker xml.XmlBeanDefinitionReader:317 - Loading XML bean definitions from class path resource [org/springframework/batch/core/configuration/xml/JobStepParserTests-context.xml]
10:01:59,836  INFO Test worker xml.XmlBeanDefinitionReader:317 - Loading XML bean definitions from class path resource [org/springframework/batch/core/configuration/xml/common-context.xml]
10:01:59,849  INFO Test worker support.GenericApplicationContext:581 - Refreshing org.springframework.context.support.GenericApplicationContext@233fe6d2: startup date [Thu Mar 23 10:01:59 CDT 2017]; root of context hierarchy
10:01:59,870  INFO Test worker annotation.AutowiredAnnotationBeanPostProcessor:151 - JSR-330 'javax.inject.Inject' annotation found and supported for autowiring
10:01:59,932  INFO Test worker support.SimpleJobLauncher:201 - No TaskExecutor has been set, defaulting to synchronous executor.
10:01:59,949  INFO Test worker support.SimpleJobLauncher:201 - No TaskExecutor has been set, defaulting to synchronous executor.
10:01:59,989  INFO Test worker job.SimpleStepHandler:146 - Executing step: [s1]
10:01:59,996  INFO Test worker job.SimpleStepHandler:146 - Executing step: [job1.flow]
10:01:59,999  INFO Test worker support.SimpleJobLauncher:139 - Job: [FlowJob: [name=flow]] launched with the following parameters: [{}]
10:02:00,004  INFO Test worker job.SimpleStepHandler:146 - Executing step: [s2]
10:02:00,013  INFO Test worker job.SimpleStepHandler:146 - Executing step: [s3]
10:02:00,019  INFO Test worker support.SimpleJobLauncher:142 - Job: [FlowJob: [name=flow]] completed with the following parameters: [{}] and the following status: [COMPLETED]
10:02:00,026  INFO Test worker job.SimpleStepHandler:146 - Executing step: [s4]
10:02:00,037  INFO Test worker job.SimpleStepHandler:146 - Executing step: [job2.s1]
10:02:00,046  INFO Test worker job.SimpleStepHandler:146 - Executing step: [job2.flow]
10:02:00,048  INFO Test worker support.SimpleJobLauncher:139 - Job: [FlowJob: [name=flow]] launched with the following parameters: [{}]
10:02:00,053  INFO Test worker job.SimpleStepHandler:146 - Executing step: [s2]
10:02:00,062  INFO Test worker job.SimpleStepHandler:146 - Executing step: [s3]
10:02:00,071  INFO Test worker support.SimpleJobLauncher:142 - Job: [FlowJob: [name=flow]] completed with the following parameters: [{}] and the following status: [COMPLETED]
10:02:00,081  INFO Test worker job.SimpleStepHandler:146 - Executing step: [job2.s4]
]]></system-out>
  <system-err><![CDATA[]]></system-err>
</testsuite>
