<?xml version="1.0" encoding="UTF-8"?>
<testsuite name="org.springframework.batch.core.job.flow.support.DefaultStateTransitionComparatorTests" tests="6" skipped="0" failures="0" errors="0" timestamp="2017-03-23T15:02:11" hostname="Michaels-MacBook-Pro-3.local" time="0.001">
  <properties/>
  <testcase name="testSimpleOrderingMoreGeneral" classname="org.springframework.batch.core.job.flow.support.DefaultStateTransitionComparatorTests" time="0.0"/>
  <testcase name="testSimpleOrderingAdjacent" classname="org.springframework.batch.core.job.flow.support.DefaultStateTransitionComparatorTests" time="0.0"/>
  <testcase name="testSubstringAndWildcard" classname="org.springframework.batch.core.job.flow.support.DefaultStateTransitionComparatorTests" time="0.0"/>
  <testcase name="testSimpleOrderingMostToNextGeneral" classname="org.springframework.batch.core.job.flow.support.DefaultStateTransitionComparatorTests" time="0.0"/>
  <testcase name="testSimpleOrderingMostGeneral" classname="org.springframework.batch.core.job.flow.support.DefaultStateTransitionComparatorTests" time="0.0"/>
  <testcase name="testSimpleOrderingEqual" classname="org.springframework.batch.core.job.flow.support.DefaultStateTransitionComparatorTests" time="0.0"/>
  <system-out><![CDATA[]]></system-out>
  <system-err><![CDATA[]]></system-err>
</testsuite>
