<?xml version="1.0" encoding="UTF-8"?>
<testsuite name="org.springframework.batch.core.jsr.ItemProcessListenerAdapterTests" tests="7" skipped="0" failures="0" errors="0" timestamp="2017-03-23T15:02:17" hostname="Michaels-MacBook-Pro-3.local" time="0.03">
  <properties/>
  <testcase name="testOnProcessError" classname="org.springframework.batch.core.jsr.ItemProcessListenerAdapterTests" time="0.022"/>
  <testcase name="testNullCreation" classname="org.springframework.batch.core.jsr.ItemProcessListenerAdapterTests" time="0.001"/>
  <testcase name="testAfterProcessException" classname="org.springframework.batch.core.jsr.ItemProcessListenerAdapterTests" time="0.002"/>
  <testcase name="testAfterProcess" classname="org.springframework.batch.core.jsr.ItemProcessListenerAdapterTests" time="0.001"/>
  <testcase name="testBeforeProcess" classname="org.springframework.batch.core.jsr.ItemProcessListenerAdapterTests" time="0.001"/>
  <testcase name="testBeforeProcessException" classname="org.springframework.batch.core.jsr.ItemProcessListenerAdapterTests" time="0.001"/>
  <testcase name="testOnProcessErrorException" classname="org.springframework.batch.core.jsr.ItemProcessListenerAdapterTests" time="0.001"/>
  <system-out><![CDATA[]]></system-out>
  <system-err><![CDATA[]]></system-err>
</testsuite>
