<?xml version="1.0" encoding="UTF-8"?>
<testsuite name="org.springframework.batch.core.configuration.xml.PartitionStepWithNonDefaultTransactionManagerParserTests" tests="1" skipped="0" failures="0" errors="0" timestamp="2017-03-23T15:02:02" hostname="Michaels-MacBook-Pro-3.local" time="0.015">
  <properties/>
  <testcase name="testDefaultHandlerStep" classname="org.springframework.batch.core.configuration.xml.PartitionStepWithNonDefaultTransactionManagerParserTests" time="0.015"/>
  <system-out><![CDATA[10:02:02,027  INFO Test worker support.AbstractContextLoader:252 - Detected default resource location "classpath:org/springframework/batch/core/configuration/xml/PartitionStepWithNonDefaultTransactionManagerParserTests-context.xml" for test class [org.springframework.batch.core.configuration.xml.PartitionStepWithNonDefaultTransactionManagerParserTests]
10:02:02,027  INFO Test worker support.AbstractDelegatingSmartContextLoader:176 - GenericXmlContextLoader detected default locations for context configuration [ContextConfigurationAttributes@176a609c declaringClass = 'org.springframework.batch.core.configuration.xml.PartitionStepWithNonDefaultTransactionManagerParserTests', classes = '{}', locations = '{classpath:org/springframework/batch/core/configuration/xml/PartitionStepWithNonDefaultTransactionManagerParserTests-context.xml}', inheritLocations = true, initializers = '{}', inheritInitializers = true, name = [null], contextLoaderClass = 'org.springframework.test.context.ContextLoader'].
10:02:02,027  INFO Test worker support.AnnotationConfigContextLoaderUtils:81 - Could not detect default configuration classes for test class [org.springframework.batch.core.configuration.xml.PartitionStepWithNonDefaultTransactionManagerParserTests]: PartitionStepWithNonDefaultTransactionManagerParserTests does not declare any static, non-private, non-final, nested classes annotated with @Configuration.
10:02:02,030  INFO Test worker support.DefaultTestContextBootstrapper:260 - Loaded default TestExecutionListener class names from location [META-INF/spring.factories]: [org.springframework.test.context.web.ServletTestExecutionListener, org.springframework.test.context.support.DirtiesContextBeforeModesTestExecutionListener, org.springframework.test.context.support.DependencyInjectionTestExecutionListener, org.springframework.test.context.support.DirtiesContextTestExecutionListener, org.springframework.test.context.transaction.TransactionalTestExecutionListener, org.springframework.test.context.jdbc.SqlScriptsTestExecutionListener]
10:02:02,032  INFO Test worker support.DefaultTestContextBootstrapper:209 - Could not instantiate TestExecutionListener [org.springframework.test.context.web.ServletTestExecutionListener]. Specify custom listener classes or make the default listener classes (and their required dependencies) available. Offending class: [javax/servlet/ServletContext]
10:02:02,032  INFO Test worker support.DefaultTestContextBootstrapper:187 - Using TestExecutionListeners: [org.springframework.test.context.support.DirtiesContextBeforeModesTestExecutionListener@123b4277, org.springframework.test.context.support.DependencyInjectionTestExecutionListener@687c10b5, org.springframework.test.context.support.DirtiesContextTestExecutionListener@3e699bcc, org.springframework.test.context.transaction.TransactionalTestExecutionListener@17d7707b, org.springframework.test.context.jdbc.SqlScriptsTestExecutionListener@5f37b00c]
10:02:02,033  INFO Test worker xml.XmlBeanDefinitionReader:317 - Loading XML bean definitions from class path resource [org/springframework/batch/core/configuration/xml/PartitionStepWithNonDefaultTransactionManagerParserTests-context.xml]
10:02:02,049  INFO Test worker support.GenericApplicationContext:581 - Refreshing org.springframework.context.support.GenericApplicationContext@5746fae7: startup date [Thu Mar 23 10:02:02 CDT 2017]; root of context hierarchy
10:02:02,060  INFO Test worker annotation.AutowiredAnnotationBeanPostProcessor:151 - JSR-330 'javax.inject.Inject' annotation found and supported for autowiring
10:02:02,115  INFO Test worker job.SimpleStepHandler:146 - Executing step: [s1]
]]></system-out>
  <system-err><![CDATA[]]></system-err>
</testsuite>
