<?xml version="1.0" encoding="UTF-8"?>
<testsuite name="org.springframework.batch.core.StepContributionTests" tests="3" skipped="0" failures="0" errors="0" timestamp="2017-03-23T15:02:49" hostname="Michaels-MacBook-Pro-3.local" time="0.0">
  <properties/>
  <testcase name="testEqualsNull" classname="org.springframework.batch.core.StepContributionTests" time="0.0"/>
  <testcase name="testEqualsAnother" classname="org.springframework.batch.core.StepContributionTests" time="0.0"/>
  <testcase name="testIncrementFilterCount" classname="org.springframework.batch.core.StepContributionTests" time="0.0"/>
  <system-out><![CDATA[]]></system-out>
  <system-err><![CDATA[]]></system-err>
</testsuite>
