<?xml version="1.0" encoding="UTF-8"?>
<testsuite name="org.springframework.batch.core.configuration.DuplicateJobExceptionTests" tests="2" skipped="0" failures="0" errors="0" timestamp="2017-03-23T15:01:51" hostname="Michaels-MacBook-Pro-3.local" time="0.003">
  <properties/>
  <testcase name="testExceptionString" classname="org.springframework.batch.core.configuration.DuplicateJobExceptionTests" time="0.002"/>
  <testcase name="testExceptionStringThrowable" classname="org.springframework.batch.core.configuration.DuplicateJobExceptionTests" time="0.001"/>
  <system-out><![CDATA[]]></system-out>
  <system-err><![CDATA[]]></system-err>
</testsuite>
