<?xml version="1.0" encoding="UTF-8"?>
<testsuite name="org.springframework.batch.core.configuration.annotation.JobScopeConfigurationTests" tests="10" skipped="0" failures="0" errors="0" timestamp="2017-03-23T15:01:47" hostname="Michaels-MacBook-Pro-3.local" time="2.19">
  <properties/>
  <testcase name="testIntentionallyBlowUpOnMissingContextWithInterface" classname="org.springframework.batch.core.configuration.annotation.JobScopeConfigurationTests" time="0.198"/>
  <testcase name="testIntentionallyBlowupWithForcedInterface" classname="org.springframework.batch.core.configuration.annotation.JobScopeConfigurationTests" time="0.126"/>
  <testcase name="testXmlJobScopeWithInterface" classname="org.springframework.batch.core.configuration.annotation.JobScopeConfigurationTests" time="0.328"/>
  <testcase name="testJobScopeWithDefaults" classname="org.springframework.batch.core.configuration.annotation.JobScopeConfigurationTests" time="0.139"/>
  <testcase name="testXmlJobScopeWithProxyTargetClass" classname="org.springframework.batch.core.configuration.annotation.JobScopeConfigurationTests" time="0.136"/>
  <testcase name="testXmlJobScopeWithInheritence" classname="org.springframework.batch.core.configuration.annotation.JobScopeConfigurationTests" time="0.039"/>
  <testcase name="testIntentionallyBlowUpOnMissingContextWithProxyTargetClass" classname="org.springframework.batch.core.configuration.annotation.JobScopeConfigurationTests" time="0.177"/>
  <testcase name="testJobScopeWithProxyTargetClass" classname="org.springframework.batch.core.configuration.annotation.JobScopeConfigurationTests" time="0.231"/>
  <testcase name="testStepScopeXmlImportUsingNamespace" classname="org.springframework.batch.core.configuration.annotation.JobScopeConfigurationTests" time="0.598"/>
  <testcase name="testJobScopeWithProxyTargetClassInjected" classname="org.springframework.batch.core.configuration.annotation.JobScopeConfigurationTests" time="0.216"/>
  <system-out><![CDATA[10:01:47,130  INFO Test worker annotation.AnnotationConfigApplicationContext:581 - Refreshing org.springframework.context.annotation.AnnotationConfigApplicationContext@497ac84b: startup date [Thu Mar 23 10:01:47 CDT 2017]; root of context hierarchy
10:01:47,158  WARN Test worker annotation.ConfigurationClassEnhancer:350 - @Bean method ScopeConfiguration.stepScope is non-static and returns an object assignable to Spring's BeanFactoryPostProcessor interface. This will result in a failure to process annotations such as @Autowired, @Resource and @PostConstruct within the method's declaring @Configuration class. Add the 'static' modifier to this method to avoid these container lifecycle issues; see @Bean javadoc for complete details.
10:01:47,161  WARN Test worker annotation.ConfigurationClassEnhancer:350 - @Bean method ScopeConfiguration.jobScope is non-static and returns an object assignable to Spring's BeanFactoryPostProcessor interface. This will result in a failure to process annotations such as @Autowired, @Resource and @PostConstruct within the method's declaring @Configuration class. Add the 'static' modifier to this method to avoid these container lifecycle issues; see @Bean javadoc for complete details.
10:01:47,166  INFO Test worker annotation.AutowiredAnnotationBeanPostProcessor:151 - JSR-330 'javax.inject.Inject' annotation found and supported for autowiring
10:01:47,194  INFO Test worker embedded.EmbeddedDatabaseFactory:185 - Starting embedded database: url='jdbc:hsqldb:mem:testdb', username='sa'
10:01:47,220  INFO Test worker init.ScriptUtils:442 - Executing SQL script from class path resource [org/springframework/batch/core/schema-hsqldb.sql]
10:01:47,227  INFO Test worker init.ScriptUtils:508 - Executed SQL script from class path resource [org/springframework/batch/core/schema-hsqldb.sql] in 7 ms.
10:01:47,318  INFO Test worker annotation.AnnotationConfigApplicationContext:985 - Closing org.springframework.context.annotation.AnnotationConfigApplicationContext@497ac84b: startup date [Thu Mar 23 10:01:47 CDT 2017]; root of context hierarchy
10:01:47,319  INFO Test worker embedded.EmbeddedDatabaseFactory:217 - Shutting down embedded database: url='jdbc:hsqldb:mem:testdb'
10:01:47,327  INFO Test worker annotation.AnnotationConfigApplicationContext:581 - Refreshing org.springframework.context.annotation.AnnotationConfigApplicationContext@4a716e60: startup date [Thu Mar 23 10:01:47 CDT 2017]; root of context hierarchy
10:01:47,345  WARN Test worker annotation.ConfigurationClassEnhancer:350 - @Bean method ScopeConfiguration.stepScope is non-static and returns an object assignable to Spring's BeanFactoryPostProcessor interface. This will result in a failure to process annotations such as @Autowired, @Resource and @PostConstruct within the method's declaring @Configuration class. Add the 'static' modifier to this method to avoid these container lifecycle issues; see @Bean javadoc for complete details.
10:01:47,348  WARN Test worker annotation.ConfigurationClassEnhancer:350 - @Bean method ScopeConfiguration.jobScope is non-static and returns an object assignable to Spring's BeanFactoryPostProcessor interface. This will result in a failure to process annotations such as @Autowired, @Resource and @PostConstruct within the method's declaring @Configuration class. Add the 'static' modifier to this method to avoid these container lifecycle issues; see @Bean javadoc for complete details.
10:01:47,351  INFO Test worker annotation.AutowiredAnnotationBeanPostProcessor:151 - JSR-330 'javax.inject.Inject' annotation found and supported for autowiring
10:01:47,373  INFO Test worker embedded.EmbeddedDatabaseFactory:185 - Starting embedded database: url='jdbc:hsqldb:mem:testdb', username='sa'
10:01:47,393  INFO Test worker init.ScriptUtils:442 - Executing SQL script from class path resource [org/springframework/batch/core/schema-hsqldb.sql]
10:01:47,399  INFO Test worker init.ScriptUtils:508 - Executed SQL script from class path resource [org/springframework/batch/core/schema-hsqldb.sql] in 5 ms.
10:01:47,449  INFO Test worker annotation.AnnotationConfigApplicationContext:985 - Closing org.springframework.context.annotation.AnnotationConfigApplicationContext@4a716e60: startup date [Thu Mar 23 10:01:47 CDT 2017]; root of context hierarchy
10:01:47,450  INFO Test worker embedded.EmbeddedDatabaseFactory:217 - Shutting down embedded database: url='jdbc:hsqldb:mem:testdb'
10:01:47,458  INFO Test worker support.ClassPathXmlApplicationContext:581 - Refreshing org.springframework.context.support.ClassPathXmlApplicationContext@14377316: startup date [Thu Mar 23 10:01:47 CDT 2017]; root of context hierarchy
10:01:47,473  INFO Test worker xml.XmlBeanDefinitionReader:317 - Loading XML bean definitions from class path resource [org/springframework/batch/core/configuration/annotation/JobScopeConfigurationTestsInterface-context.xml]
10:01:47,703  INFO Test worker support.DefaultListableBeanFactory:818 - Overriding bean definition for bean 'org.springframework.batch.core.configuration.annotation.JobScopeConfigurationTests$SimpleCallable#0' with a different definition: replacing [Generic bean: class [org.springframework.batch.core.configuration.annotation.JobScopeConfigurationTests$SimpleCallable]; scope=job; abstract=false; lazyInit=false; autowireMode=0; dependencyCheck=0; autowireCandidate=false; primary=false; factoryBeanName=null; factoryMethodName=null; initMethodName=null; destroyMethodName=null; defined in class path resource [org/springframework/batch/core/configuration/annotation/JobScopeConfigurationTestsInterface-context.xml]] with [Root bean: class [org.springframework.aop.scope.ScopedProxyFactoryBean]; scope=; abstract=false; lazyInit=false; autowireMode=0; dependencyCheck=0; autowireCandidate=true; primary=false; factoryBeanName=null; factoryMethodName=null; initMethodName=null; destroyMethodName=null; defined in BeanDefinition defined in class path resource [org/springframework/batch/core/configuration/annotation/JobScopeConfigurationTestsInterface-context.xml]]
10:01:47,778  INFO Test worker support.ClassPathXmlApplicationContext:985 - Closing org.springframework.context.support.ClassPathXmlApplicationContext@14377316: startup date [Thu Mar 23 10:01:47 CDT 2017]; root of context hierarchy
10:01:47,781  INFO Test worker annotation.AnnotationConfigApplicationContext:581 - Refreshing org.springframework.context.annotation.AnnotationConfigApplicationContext@12e090ba: startup date [Thu Mar 23 10:01:47 CDT 2017]; root of context hierarchy
10:01:47,797  WARN Test worker annotation.ConfigurationClassEnhancer:350 - @Bean method ScopeConfiguration.stepScope is non-static and returns an object assignable to Spring's BeanFactoryPostProcessor interface. This will result in a failure to process annotations such as @Autowired, @Resource and @PostConstruct within the method's declaring @Configuration class. Add the 'static' modifier to this method to avoid these container lifecycle issues; see @Bean javadoc for complete details.
10:01:47,800  WARN Test worker annotation.ConfigurationClassEnhancer:350 - @Bean method ScopeConfiguration.jobScope is non-static and returns an object assignable to Spring's BeanFactoryPostProcessor interface. This will result in a failure to process annotations such as @Autowired, @Resource and @PostConstruct within the method's declaring @Configuration class. Add the 'static' modifier to this method to avoid these container lifecycle issues; see @Bean javadoc for complete details.
10:01:47,803  INFO Test worker annotation.AutowiredAnnotationBeanPostProcessor:151 - JSR-330 'javax.inject.Inject' annotation found and supported for autowiring
10:01:47,823  INFO Test worker embedded.EmbeddedDatabaseFactory:185 - Starting embedded database: url='jdbc:hsqldb:mem:testdb', username='sa'
10:01:47,846  INFO Test worker init.ScriptUtils:442 - Executing SQL script from class path resource [org/springframework/batch/core/schema-hsqldb.sql]
10:01:47,853  INFO Test worker init.ScriptUtils:508 - Executed SQL script from class path resource [org/springframework/batch/core/schema-hsqldb.sql] in 6 ms.
10:01:47,916  INFO Test worker annotation.AnnotationConfigApplicationContext:985 - Closing org.springframework.context.annotation.AnnotationConfigApplicationContext@12e090ba: startup date [Thu Mar 23 10:01:47 CDT 2017]; root of context hierarchy
10:01:47,917  INFO Test worker embedded.EmbeddedDatabaseFactory:217 - Shutting down embedded database: url='jdbc:hsqldb:mem:testdb'
10:01:47,918  INFO Test worker support.ClassPathXmlApplicationContext:581 - Refreshing org.springframework.context.support.ClassPathXmlApplicationContext@2cfb2d6a: startup date [Thu Mar 23 10:01:47 CDT 2017]; root of context hierarchy
10:01:47,919  INFO Test worker xml.XmlBeanDefinitionReader:317 - Loading XML bean definitions from class path resource [org/springframework/batch/core/configuration/annotation/JobScopeConfigurationTestsProxyTargetClass-context.xml]
10:01:47,984  INFO Test worker support.DefaultListableBeanFactory:818 - Overriding bean definition for bean 'org.springframework.batch.core.configuration.annotation.JobScopeConfigurationTests$SimpleHolder#0' with a different definition: replacing [Generic bean: class [org.springframework.batch.core.configuration.annotation.JobScopeConfigurationTests$SimpleHolder]; scope=job; abstract=false; lazyInit=false; autowireMode=0; dependencyCheck=0; autowireCandidate=false; primary=false; factoryBeanName=null; factoryMethodName=null; initMethodName=null; destroyMethodName=null; defined in class path resource [org/springframework/batch/core/configuration/annotation/JobScopeConfigurationTestsProxyTargetClass-context.xml]] with [Root bean: class [org.springframework.aop.scope.ScopedProxyFactoryBean]; scope=; abstract=false; lazyInit=false; autowireMode=0; dependencyCheck=0; autowireCandidate=true; primary=false; factoryBeanName=null; factoryMethodName=null; initMethodName=null; destroyMethodName=null; defined in BeanDefinition defined in class path resource [org/springframework/batch/core/configuration/annotation/JobScopeConfigurationTestsProxyTargetClass-context.xml]]
10:01:48,053  INFO Test worker support.ClassPathXmlApplicationContext:985 - Closing org.springframework.context.support.ClassPathXmlApplicationContext@2cfb2d6a: startup date [Thu Mar 23 10:01:47 CDT 2017]; root of context hierarchy
10:01:48,054  INFO Test worker support.ClassPathXmlApplicationContext:581 - Refreshing org.springframework.context.support.ClassPathXmlApplicationContext@28a5d419: startup date [Thu Mar 23 10:01:48 CDT 2017]; root of context hierarchy
10:01:48,055  INFO Test worker xml.XmlBeanDefinitionReader:317 - Loading XML bean definitions from class path resource [org/springframework/batch/core/configuration/annotation/JobScopeConfigurationTestsInheritence-context.xml]
10:01:48,092  INFO Test worker support.ClassPathXmlApplicationContext:985 - Closing org.springframework.context.support.ClassPathXmlApplicationContext@28a5d419: startup date [Thu Mar 23 10:01:48 CDT 2017]; root of context hierarchy
10:01:48,096  INFO Test worker annotation.AnnotationConfigApplicationContext:581 - Refreshing org.springframework.context.annotation.AnnotationConfigApplicationContext@5da678ae: startup date [Thu Mar 23 10:01:48 CDT 2017]; root of context hierarchy
10:01:48,114  WARN Test worker annotation.ConfigurationClassEnhancer:350 - @Bean method ScopeConfiguration.stepScope is non-static and returns an object assignable to Spring's BeanFactoryPostProcessor interface. This will result in a failure to process annotations such as @Autowired, @Resource and @PostConstruct within the method's declaring @Configuration class. Add the 'static' modifier to this method to avoid these container lifecycle issues; see @Bean javadoc for complete details.
10:01:48,116  WARN Test worker annotation.ConfigurationClassEnhancer:350 - @Bean method ScopeConfiguration.jobScope is non-static and returns an object assignable to Spring's BeanFactoryPostProcessor interface. This will result in a failure to process annotations such as @Autowired, @Resource and @PostConstruct within the method's declaring @Configuration class. Add the 'static' modifier to this method to avoid these container lifecycle issues; see @Bean javadoc for complete details.
10:01:48,119  INFO Test worker annotation.AutowiredAnnotationBeanPostProcessor:151 - JSR-330 'javax.inject.Inject' annotation found and supported for autowiring
10:01:48,144  INFO Test worker embedded.EmbeddedDatabaseFactory:185 - Starting embedded database: url='jdbc:hsqldb:mem:testdb', username='sa'
10:01:48,190  INFO Test worker init.ScriptUtils:442 - Executing SQL script from class path resource [org/springframework/batch/core/schema-hsqldb.sql]
10:01:48,200  INFO Test worker init.ScriptUtils:508 - Executed SQL script from class path resource [org/springframework/batch/core/schema-hsqldb.sql] in 10 ms.
10:01:48,269  INFO Test worker annotation.AnnotationConfigApplicationContext:985 - Closing org.springframework.context.annotation.AnnotationConfigApplicationContext@5da678ae: startup date [Thu Mar 23 10:01:48 CDT 2017]; root of context hierarchy
10:01:48,270  INFO Test worker embedded.EmbeddedDatabaseFactory:217 - Shutting down embedded database: url='jdbc:hsqldb:mem:testdb'
10:01:48,273  INFO Test worker annotation.AnnotationConfigApplicationContext:581 - Refreshing org.springframework.context.annotation.AnnotationConfigApplicationContext@41e8120a: startup date [Thu Mar 23 10:01:48 CDT 2017]; root of context hierarchy
10:01:48,292  WARN Test worker annotation.ConfigurationClassEnhancer:350 - @Bean method ScopeConfiguration.stepScope is non-static and returns an object assignable to Spring's BeanFactoryPostProcessor interface. This will result in a failure to process annotations such as @Autowired, @Resource and @PostConstruct within the method's declaring @Configuration class. Add the 'static' modifier to this method to avoid these container lifecycle issues; see @Bean javadoc for complete details.
10:01:48,296  WARN Test worker annotation.ConfigurationClassEnhancer:350 - @Bean method ScopeConfiguration.jobScope is non-static and returns an object assignable to Spring's BeanFactoryPostProcessor interface. This will result in a failure to process annotations such as @Autowired, @Resource and @PostConstruct within the method's declaring @Configuration class. Add the 'static' modifier to this method to avoid these container lifecycle issues; see @Bean javadoc for complete details.
10:01:48,301  INFO Test worker annotation.AutowiredAnnotationBeanPostProcessor:151 - JSR-330 'javax.inject.Inject' annotation found and supported for autowiring
10:01:48,357  INFO Test worker embedded.EmbeddedDatabaseFactory:185 - Starting embedded database: url='jdbc:hsqldb:mem:testdb', username='sa'
10:01:48,386  INFO Test worker init.ScriptUtils:442 - Executing SQL script from class path resource [org/springframework/batch/core/schema-hsqldb.sql]
10:01:48,394  INFO Test worker init.ScriptUtils:508 - Executed SQL script from class path resource [org/springframework/batch/core/schema-hsqldb.sql] in 8 ms.
10:01:48,500  INFO Test worker annotation.AnnotationConfigApplicationContext:985 - Closing org.springframework.context.annotation.AnnotationConfigApplicationContext@41e8120a: startup date [Thu Mar 23 10:01:48 CDT 2017]; root of context hierarchy
10:01:48,501  INFO Test worker embedded.EmbeddedDatabaseFactory:217 - Shutting down embedded database: url='jdbc:hsqldb:mem:testdb'
10:01:48,510  INFO Test worker annotation.AnnotationConfigApplicationContext:581 - Refreshing org.springframework.context.annotation.AnnotationConfigApplicationContext@6733f4a1: startup date [Thu Mar 23 10:01:48 CDT 2017]; root of context hierarchy
10:01:48,534  INFO Test worker xml.XmlBeanDefinitionReader:317 - Loading XML bean definitions from class path resource [org/springframework/batch/core/configuration/annotation/JobScopeConfigurationTestsXmlImportUsingNamespace-context.xml]
10:01:48,614  INFO Test worker support.DefaultListableBeanFactory:818 - Overriding bean definition for bean 'transactionManager' with a different definition: replacing [Root bean: class [null]; scope=; abstract=false; lazyInit=false; autowireMode=3; dependencyCheck=0; autowireCandidate=true; primary=false; factoryBeanName=org.springframework.batch.core.configuration.annotation.SimpleBatchConfiguration; factoryMethodName=transactionManager; initMethodName=null; destroyMethodName=(inferred); defined in class path resource [org/springframework/batch/core/configuration/annotation/SimpleBatchConfiguration.class]] with [Generic bean: class [org.springframework.jdbc.datasource.DataSourceTransactionManager]; scope=; abstract=false; lazyInit=false; autowireMode=0; dependencyCheck=0; autowireCandidate=true; primary=false; factoryBeanName=null; factoryMethodName=null; initMethodName=null; destroyMethodName=null; defined in class path resource [org/springframework/batch/core/configuration/annotation/JobScopeConfigurationTestsXmlImportUsingNamespace-context.xml]]
10:01:48,797  WARN Test worker annotation.ConfigurationClassEnhancer:350 - @Bean method ScopeConfiguration.stepScope is non-static and returns an object assignable to Spring's BeanFactoryPostProcessor interface. This will result in a failure to process annotations such as @Autowired, @Resource and @PostConstruct within the method's declaring @Configuration class. Add the 'static' modifier to this method to avoid these container lifecycle issues; see @Bean javadoc for complete details.
10:01:48,804  WARN Test worker annotation.ConfigurationClassEnhancer:350 - @Bean method ScopeConfiguration.jobScope is non-static and returns an object assignable to Spring's BeanFactoryPostProcessor interface. This will result in a failure to process annotations such as @Autowired, @Resource and @PostConstruct within the method's declaring @Configuration class. Add the 'static' modifier to this method to avoid these container lifecycle issues; see @Bean javadoc for complete details.
10:01:48,851  INFO Test worker annotation.AutowiredAnnotationBeanPostProcessor:151 - JSR-330 'javax.inject.Inject' annotation found and supported for autowiring
10:01:48,893  INFO Test worker embedded.EmbeddedDatabaseFactory:185 - Starting embedded database: url='jdbc:hsqldb:mem:testdb', username='sa'
10:01:48,930  INFO Test worker init.ScriptUtils:442 - Executing SQL script from class path resource [org/springframework/batch/core/schema-hsqldb.sql]
10:01:48,939  INFO Test worker init.ScriptUtils:508 - Executed SQL script from class path resource [org/springframework/batch/core/schema-hsqldb.sql] in 8 ms.
10:01:49,098  INFO Test worker annotation.AnnotationConfigApplicationContext:985 - Closing org.springframework.context.annotation.AnnotationConfigApplicationContext@6733f4a1: startup date [Thu Mar 23 10:01:48 CDT 2017]; root of context hierarchy
10:01:49,099  INFO Test worker embedded.EmbeddedDatabaseFactory:217 - Shutting down embedded database: url='jdbc:hsqldb:mem:testdb'
10:01:49,106  INFO Test worker annotation.AnnotationConfigApplicationContext:581 - Refreshing org.springframework.context.annotation.AnnotationConfigApplicationContext@54e9afd5: startup date [Thu Mar 23 10:01:49 CDT 2017]; root of context hierarchy
10:01:49,136  WARN Test worker annotation.ConfigurationClassEnhancer:350 - @Bean method ScopeConfiguration.stepScope is non-static and returns an object assignable to Spring's BeanFactoryPostProcessor interface. This will result in a failure to process annotations such as @Autowired, @Resource and @PostConstruct within the method's declaring @Configuration class. Add the 'static' modifier to this method to avoid these container lifecycle issues; see @Bean javadoc for complete details.
10:01:49,146  WARN Test worker annotation.ConfigurationClassEnhancer:350 - @Bean method ScopeConfiguration.jobScope is non-static and returns an object assignable to Spring's BeanFactoryPostProcessor interface. This will result in a failure to process annotations such as @Autowired, @Resource and @PostConstruct within the method's declaring @Configuration class. Add the 'static' modifier to this method to avoid these container lifecycle issues; see @Bean javadoc for complete details.
10:01:49,152  INFO Test worker annotation.AutowiredAnnotationBeanPostProcessor:151 - JSR-330 'javax.inject.Inject' annotation found and supported for autowiring
10:01:49,191  INFO Test worker embedded.EmbeddedDatabaseFactory:185 - Starting embedded database: url='jdbc:hsqldb:mem:testdb', username='sa'
10:01:49,215  INFO Test worker init.ScriptUtils:442 - Executing SQL script from class path resource [org/springframework/batch/core/schema-hsqldb.sql]
10:01:49,224  INFO Test worker init.ScriptUtils:508 - Executed SQL script from class path resource [org/springframework/batch/core/schema-hsqldb.sql] in 7 ms.
10:01:49,314  INFO Test worker annotation.AnnotationConfigApplicationContext:985 - Closing org.springframework.context.annotation.AnnotationConfigApplicationContext@54e9afd5: startup date [Thu Mar 23 10:01:49 CDT 2017]; root of context hierarchy
10:01:49,315  INFO Test worker embedded.EmbeddedDatabaseFactory:217 - Shutting down embedded database: url='jdbc:hsqldb:mem:testdb'
]]></system-out>
  <system-err><![CDATA[]]></system-err>
</testsuite>
