<?xml version="1.0" encoding="UTF-8"?>
<testsuite name="org.springframework.batch.core.configuration.xml.StepWithPojoListenerJobParserTests" tests="1" skipped="0" failures="0" errors="0" timestamp="2017-03-23T15:02:08" hostname="Michaels-MacBook-Pro-3.local" time="0.009">
  <properties/>
  <testcase name="testStepWithTask" classname="org.springframework.batch.core.configuration.xml.StepWithPojoListenerJobParserTests" time="0.009"/>
  <system-out><![CDATA[10:02:08,178  INFO Test worker support.AbstractContextLoader:252 - Detected default resource location "classpath:org/springframework/batch/core/configuration/xml/StepWithPojoListenerJobParserTests-context.xml" for test class [org.springframework.batch.core.configuration.xml.StepWithPojoListenerJobParserTests]
10:02:08,178  INFO Test worker support.AbstractDelegatingSmartContextLoader:176 - GenericXmlContextLoader detected default locations for context configuration [ContextConfigurationAttributes@436e111d declaringClass = 'org.springframework.batch.core.configuration.xml.StepWithPojoListenerJobParserTests', classes = '{}', locations = '{classpath:org/springframework/batch/core/configuration/xml/StepWithPojoListenerJobParserTests-context.xml}', inheritLocations = true, initializers = '{}', inheritInitializers = true, name = [null], contextLoaderClass = 'org.springframework.test.context.ContextLoader'].
10:02:08,179  INFO Test worker support.AnnotationConfigContextLoaderUtils:81 - Could not detect default configuration classes for test class [org.springframework.batch.core.configuration.xml.StepWithPojoListenerJobParserTests]: StepWithPojoListenerJobParserTests does not declare any static, non-private, non-final, nested classes annotated with @Configuration.
10:02:08,180  INFO Test worker support.DefaultTestContextBootstrapper:260 - Loaded default TestExecutionListener class names from location [META-INF/spring.factories]: [org.springframework.test.context.web.ServletTestExecutionListener, org.springframework.test.context.support.DirtiesContextBeforeModesTestExecutionListener, org.springframework.test.context.support.DependencyInjectionTestExecutionListener, org.springframework.test.context.support.DirtiesContextTestExecutionListener, org.springframework.test.context.transaction.TransactionalTestExecutionListener, org.springframework.test.context.jdbc.SqlScriptsTestExecutionListener]
10:02:08,181  INFO Test worker support.DefaultTestContextBootstrapper:209 - Could not instantiate TestExecutionListener [org.springframework.test.context.web.ServletTestExecutionListener]. Specify custom listener classes or make the default listener classes (and their required dependencies) available. Offending class: [javax/servlet/ServletContext]
10:02:08,181  INFO Test worker support.DefaultTestContextBootstrapper:187 - Using TestExecutionListeners: [org.springframework.test.context.support.DirtiesContextBeforeModesTestExecutionListener@2508a7fa, org.springframework.test.context.support.DependencyInjectionTestExecutionListener@66d2ee1a, org.springframework.test.context.support.DirtiesContextTestExecutionListener@df2ac43, org.springframework.test.context.transaction.TransactionalTestExecutionListener@6faa2365, org.springframework.test.context.jdbc.SqlScriptsTestExecutionListener@f7d6e1d]
10:02:08,182  INFO Test worker xml.XmlBeanDefinitionReader:317 - Loading XML bean definitions from class path resource [org/springframework/batch/core/configuration/xml/StepWithPojoListenerJobParserTests-context.xml]
10:02:08,192  INFO Test worker xml.XmlBeanDefinitionReader:317 - Loading XML bean definitions from class path resource [org/springframework/batch/core/configuration/xml/common-context.xml]
10:02:08,199  INFO Test worker support.DefaultListableBeanFactory:818 - Overriding bean definition for bean 'reader' with a different definition: replacing [Generic bean: class [org.springframework.batch.core.configuration.xml.DummyItemReader]; scope=; abstract=false; lazyInit=false; autowireMode=0; dependencyCheck=0; autowireCandidate=true; primary=false; factoryBeanName=null; factoryMethodName=null; initMethodName=null; destroyMethodName=null; defined in class path resource [org/springframework/batch/core/configuration/xml/common-context.xml]] with [Generic bean: class [org.springframework.batch.core.configuration.xml.TestReader]; scope=; abstract=false; lazyInit=false; autowireMode=0; dependencyCheck=0; autowireCandidate=true; primary=false; factoryBeanName=null; factoryMethodName=null; initMethodName=null; destroyMethodName=null; defined in class path resource [org/springframework/batch/core/configuration/xml/StepWithPojoListenerJobParserTests-context.xml]]
10:02:08,199  INFO Test worker support.DefaultListableBeanFactory:818 - Overriding bean definition for bean 'writer' with a different definition: replacing [Generic bean: class [org.springframework.batch.core.configuration.xml.DummyItemWriter]; scope=; abstract=false; lazyInit=false; autowireMode=0; dependencyCheck=0; autowireCandidate=true; primary=false; factoryBeanName=null; factoryMethodName=null; initMethodName=null; destroyMethodName=null; defined in class path resource [org/springframework/batch/core/configuration/xml/common-context.xml]] with [Generic bean: class [org.springframework.batch.core.configuration.xml.TestWriter]; scope=; abstract=false; lazyInit=false; autowireMode=0; dependencyCheck=0; autowireCandidate=true; primary=false; factoryBeanName=null; factoryMethodName=null; initMethodName=null; destroyMethodName=null; defined in class path resource [org/springframework/batch/core/configuration/xml/StepWithPojoListenerJobParserTests-context.xml]]
10:02:08,200  INFO Test worker support.GenericApplicationContext:581 - Refreshing org.springframework.context.support.GenericApplicationContext@7e2ee3d6: startup date [Thu Mar 23 10:02:08 CDT 2017]; root of context hierarchy
10:02:08,214  INFO Test worker annotation.AutowiredAnnotationBeanPostProcessor:151 - JSR-330 'javax.inject.Inject' annotation found and supported for autowiring
10:02:08,265  INFO Test worker support.GenericApplicationContext:985 - Closing org.springframework.context.support.GenericApplicationContext@31c166db: startup date [Thu Mar 23 10:01:57 CDT 2017]; root of context hierarchy
10:02:08,273  INFO Test worker job.SimpleStepHandler:146 - Executing step: [step]
]]></system-out>
  <system-err><![CDATA[]]></system-err>
</testsuite>
