<?xml version="1.0" encoding="UTF-8"?>
<testsuite name="org.springframework.batch.core.BatchStatusTests" tests="11" skipped="0" failures="0" errors="0" timestamp="2017-03-23T15:01:41" hostname="Michaels-MacBook-Pro-3.local" time="0.012">
  <properties/>
  <testcase name="testSerialization" classname="org.springframework.batch.core.BatchStatusTests" time="0.007"/>
  <testcase name="testToString" classname="org.springframework.batch.core.BatchStatusTests" time="0.001"/>
  <testcase name="testIsUnsuccessful" classname="org.springframework.batch.core.BatchStatusTests" time="0.0"/>
  <testcase name="testJsrConversion" classname="org.springframework.batch.core.BatchStatusTests" time="0.001"/>
  <testcase name="testMaxStatus" classname="org.springframework.batch.core.BatchStatusTests" time="0.0"/>
  <testcase name="testUpgradeStatusUnfinished" classname="org.springframework.batch.core.BatchStatusTests" time="0.0"/>
  <testcase name="testGetStatusNullCode" classname="org.springframework.batch.core.BatchStatusTests" time="0.001"/>
  <testcase name="testGetStatusWrongCode" classname="org.springframework.batch.core.BatchStatusTests" time="0.0"/>
  <testcase name="testUpgradeStatusFinished" classname="org.springframework.batch.core.BatchStatusTests" time="0.0"/>
  <testcase name="testGetStatus" classname="org.springframework.batch.core.BatchStatusTests" time="0.0"/>
  <testcase name="testIsRunning" classname="org.springframework.batch.core.BatchStatusTests" time="0.0"/>
  <system-out><![CDATA[]]></system-out>
  <system-err><![CDATA[]]></system-err>
</testsuite>
