<?xml version="1.0" encoding="UTF-8"?>
<testsuite name="org.springframework.batch.core.partition.support.RemoteStepExecutionAggregatorTests" tests="4" skipped="0" failures="0" errors="0" timestamp="2017-03-23T15:02:34" hostname="Michaels-MacBook-Pro-3.local" time="0.014">
  <properties/>
  <testcase name="testAggregateStatusMissingExecution" classname="org.springframework.batch.core.partition.support.RemoteStepExecutionAggregatorTests" time="0.004"/>
  <testcase name="testAggregateEmpty" classname="org.springframework.batch.core.partition.support.RemoteStepExecutionAggregatorTests" time="0.002"/>
  <testcase name="testAggregateNull" classname="org.springframework.batch.core.partition.support.RemoteStepExecutionAggregatorTests" time="0.003"/>
  <testcase name="testAggregateStatusSunnyDay" classname="org.springframework.batch.core.partition.support.RemoteStepExecutionAggregatorTests" time="0.005"/>
  <system-out><![CDATA[]]></system-out>
  <system-err><![CDATA[]]></system-err>
</testsuite>
