<?xml version="1.0" encoding="UTF-8"?>
<testsuite name="org.springframework.batch.core.scope.JobScopeStartupIntegrationTests" tests="1" skipped="0" failures="0" errors="0" timestamp="2017-03-23T15:02:43" hostname="Michaels-MacBook-Pro-3.local" time="0.0">
  <properties/>
  <testcase name="testScopedProxyDuringStartup" classname="org.springframework.batch.core.scope.JobScopeStartupIntegrationTests" time="0.0"/>
  <system-out><![CDATA[10:02:43,927  INFO Test worker support.AbstractContextLoader:252 - Detected default resource location "classpath:org/springframework/batch/core/scope/JobScopeStartupIntegrationTests-context.xml" for test class [org.springframework.batch.core.scope.JobScopeStartupIntegrationTests]
10:02:43,928  INFO Test worker support.AbstractDelegatingSmartContextLoader:176 - GenericXmlContextLoader detected default locations for context configuration [ContextConfigurationAttributes@17fd5e9 declaringClass = 'org.springframework.batch.core.scope.JobScopeStartupIntegrationTests', classes = '{}', locations = '{classpath:org/springframework/batch/core/scope/JobScopeStartupIntegrationTests-context.xml}', inheritLocations = true, initializers = '{}', inheritInitializers = true, name = [null], contextLoaderClass = 'org.springframework.test.context.ContextLoader'].
10:02:43,928  INFO Test worker support.AnnotationConfigContextLoaderUtils:81 - Could not detect default configuration classes for test class [org.springframework.batch.core.scope.JobScopeStartupIntegrationTests]: JobScopeStartupIntegrationTests does not declare any static, non-private, non-final, nested classes annotated with @Configuration.
10:02:43,929  INFO Test worker support.DefaultTestContextBootstrapper:260 - Loaded default TestExecutionListener class names from location [META-INF/spring.factories]: [org.springframework.test.context.web.ServletTestExecutionListener, org.springframework.test.context.support.DirtiesContextBeforeModesTestExecutionListener, org.springframework.test.context.support.DependencyInjectionTestExecutionListener, org.springframework.test.context.support.DirtiesContextTestExecutionListener, org.springframework.test.context.transaction.TransactionalTestExecutionListener, org.springframework.test.context.jdbc.SqlScriptsTestExecutionListener]
10:02:43,930  INFO Test worker support.DefaultTestContextBootstrapper:209 - Could not instantiate TestExecutionListener [org.springframework.test.context.web.ServletTestExecutionListener]. Specify custom listener classes or make the default listener classes (and their required dependencies) available. Offending class: [javax/servlet/ServletContext]
10:02:43,930  INFO Test worker support.DefaultTestContextBootstrapper:187 - Using TestExecutionListeners: [org.springframework.test.context.support.DirtiesContextBeforeModesTestExecutionListener@44d11468, org.springframework.test.context.support.DependencyInjectionTestExecutionListener@3ad838dc, org.springframework.test.context.support.DirtiesContextTestExecutionListener@27bdec0d, org.springframework.test.context.transaction.TransactionalTestExecutionListener@3f8edc0d, org.springframework.test.context.jdbc.SqlScriptsTestExecutionListener@7330fdc0]
10:02:43,931  INFO Test worker xml.XmlBeanDefinitionReader:317 - Loading XML bean definitions from class path resource [org/springframework/batch/core/scope/JobScopeStartupIntegrationTests-context.xml]
10:02:43,940  INFO Test worker support.GenericApplicationContext:581 - Refreshing org.springframework.context.support.GenericApplicationContext@85525a2: startup date [Thu Mar 23 10:02:43 CDT 2017]; root of context hierarchy
10:02:43,943  INFO Test worker annotation.AutowiredAnnotationBeanPostProcessor:151 - JSR-330 'javax.inject.Inject' annotation found and supported for autowiring
10:02:43,975  INFO Test worker support.GenericApplicationContext:985 - Closing org.springframework.context.support.GenericApplicationContext@1e3298b6: startup date [Thu Mar 23 10:02:08 CDT 2017]; root of context hierarchy
]]></system-out>
  <system-err><![CDATA[]]></system-err>
</testsuite>
