<?xml version="1.0" encoding="UTF-8"?>
<testsuite name="org.springframework.batch.core.configuration.xml.StepListenerParserTests" tests="3" skipped="0" failures="0" errors="0" timestamp="2017-03-23T15:02:03" hostname="Michaels-MacBook-Pro-3.local" time="0.002">
  <properties/>
  <testcase name="testInheritListenersNoMerge" classname="org.springframework.batch.core.configuration.xml.StepListenerParserTests" time="0.0"/>
  <testcase name="testInheritListeners" classname="org.springframework.batch.core.configuration.xml.StepListenerParserTests" time="0.0"/>
  <testcase name="testInheritListenersNoMergeFaultTolerant" classname="org.springframework.batch.core.configuration.xml.StepListenerParserTests" time="0.001"/>
  <system-out><![CDATA[10:02:03,590  INFO Test worker support.AbstractContextLoader:252 - Detected default resource location "classpath:org/springframework/batch/core/configuration/xml/StepListenerParserTests-context.xml" for test class [org.springframework.batch.core.configuration.xml.StepListenerParserTests]
10:02:03,591  INFO Test worker support.AbstractDelegatingSmartContextLoader:176 - GenericXmlContextLoader detected default locations for context configuration [ContextConfigurationAttributes@3829adf8 declaringClass = 'org.springframework.batch.core.configuration.xml.StepListenerParserTests', classes = '{}', locations = '{classpath:org/springframework/batch/core/configuration/xml/StepListenerParserTests-context.xml}', inheritLocations = true, initializers = '{}', inheritInitializers = true, name = [null], contextLoaderClass = 'org.springframework.test.context.ContextLoader'].
10:02:03,592  INFO Test worker support.AnnotationConfigContextLoaderUtils:81 - Could not detect default configuration classes for test class [org.springframework.batch.core.configuration.xml.StepListenerParserTests]: StepListenerParserTests does not declare any static, non-private, non-final, nested classes annotated with @Configuration.
10:02:03,593  INFO Test worker support.DefaultTestContextBootstrapper:260 - Loaded default TestExecutionListener class names from location [META-INF/spring.factories]: [org.springframework.test.context.web.ServletTestExecutionListener, org.springframework.test.context.support.DirtiesContextBeforeModesTestExecutionListener, org.springframework.test.context.support.DependencyInjectionTestExecutionListener, org.springframework.test.context.support.DirtiesContextTestExecutionListener, org.springframework.test.context.transaction.TransactionalTestExecutionListener, org.springframework.test.context.jdbc.SqlScriptsTestExecutionListener]
10:02:03,594  INFO Test worker support.DefaultTestContextBootstrapper:209 - Could not instantiate TestExecutionListener [org.springframework.test.context.web.ServletTestExecutionListener]. Specify custom listener classes or make the default listener classes (and their required dependencies) available. Offending class: [javax/servlet/ServletContext]
10:02:03,594  INFO Test worker support.DefaultTestContextBootstrapper:187 - Using TestExecutionListeners: [org.springframework.test.context.support.DirtiesContextBeforeModesTestExecutionListener@6a488d2c, org.springframework.test.context.support.DependencyInjectionTestExecutionListener@2d0d2563, org.springframework.test.context.support.DirtiesContextTestExecutionListener@6cbe1a9e, org.springframework.test.context.transaction.TransactionalTestExecutionListener@79a6438c, org.springframework.test.context.jdbc.SqlScriptsTestExecutionListener@57a99079]
10:02:03,595  INFO Test worker xml.XmlBeanDefinitionReader:317 - Loading XML bean definitions from class path resource [org/springframework/batch/core/configuration/xml/StepListenerParserTests-context.xml]
10:02:03,605  INFO Test worker xml.XmlBeanDefinitionReader:317 - Loading XML bean definitions from class path resource [org/springframework/batch/core/configuration/xml/common-context.xml]
10:02:03,614  INFO Test worker support.GenericApplicationContext:581 - Refreshing org.springframework.context.support.GenericApplicationContext@134b91d2: startup date [Thu Mar 23 10:02:03 CDT 2017]; root of context hierarchy
10:02:03,626  INFO Test worker annotation.AutowiredAnnotationBeanPostProcessor:151 - JSR-330 'javax.inject.Inject' annotation found and supported for autowiring
10:02:03,676  INFO Test worker builder.FaultTolerantStepBuilder:369 - Setting commit interval to default value (1)
10:02:03,694  INFO Test worker support.GenericApplicationContext:985 - Closing org.springframework.context.support.GenericApplicationContext@7648cb6f: startup date [Thu Mar 23 10:01:56 CDT 2017]; root of context hierarchy
]]></system-out>
  <system-err><![CDATA[]]></system-err>
</testsuite>
