<?xml version="1.0" encoding="UTF-8"?>
<testsuite name="org.springframework.batch.core.configuration.xml.StepParserStepFactoryBeanTests" tests="13" skipped="0" failures="0" errors="0" timestamp="2017-03-23T15:02:07" hostname="Michaels-MacBook-Pro-3.local" time="0.026">
  <properties/>
  <testcase name="testSimpleStep" classname="org.springframework.batch.core.configuration.xml.StepParserStepFactoryBeanTests" time="0.01"/>
  <testcase name="testOnlyTaskletSet" classname="org.springframework.batch.core.configuration.xml.StepParserStepFactoryBeanTests" time="0.0"/>
  <testcase name="testFaultTolerantStepAll" classname="org.springframework.batch.core.configuration.xml.StepParserStepFactoryBeanTests" time="0.001"/>
  <testcase name="testFlowStep" classname="org.springframework.batch.core.configuration.xml.StepParserStepFactoryBeanTests" time="0.0"/>
  <testcase name="testTaskletStepAll" classname="org.springframework.batch.core.configuration.xml.StepParserStepFactoryBeanTests" time="0.0"/>
  <testcase name="testPartitionStep" classname="org.springframework.batch.core.configuration.xml.StepParserStepFactoryBeanTests" time="0.0"/>
  <testcase name="testTaskletStepMissingIsolation" classname="org.springframework.batch.core.configuration.xml.StepParserStepFactoryBeanTests" time="0.0"/>
  <testcase name="testFaultTolerantStep" classname="org.springframework.batch.core.configuration.xml.StepParserStepFactoryBeanTests" time="0.002"/>
  <testcase name="testPartitionStepWithProxyHandler" classname="org.springframework.batch.core.configuration.xml.StepParserStepFactoryBeanTests" time="0.004"/>
  <testcase name="testSkipLimitSet" classname="org.springframework.batch.core.configuration.xml.StepParserStepFactoryBeanTests" time="0.001"/>
  <testcase name="testNothingSet" classname="org.springframework.batch.core.configuration.xml.StepParserStepFactoryBeanTests" time="0.0"/>
  <testcase name="testOnlyTaskletTaskExecutor" classname="org.springframework.batch.core.configuration.xml.StepParserStepFactoryBeanTests" time="0.004"/>
  <testcase name="testSimpleStepAll" classname="org.springframework.batch.core.configuration.xml.StepParserStepFactoryBeanTests" time="0.001"/>
  <system-out><![CDATA[]]></system-out>
  <system-err><![CDATA[]]></system-err>
</testsuite>
