<?xml version="1.0" encoding="UTF-8"?>
<testsuite name="org.springframework.batch.core.listener.ItemListenerErrorTests" tests="3" skipped="1" failures="0" errors="0" timestamp="2017-03-23T15:02:33" hostname="Michaels-MacBook-Pro-3.local" time="0.159">
  <properties/>
  <testcase name="testOnReadError" classname="org.springframework.batch.core.listener.ItemListenerErrorTests" time="0.0">
    <skipped/>
  </testcase>
  <testcase name="testOnProcessError" classname="org.springframework.batch.core.listener.ItemListenerErrorTests" time="0.011"/>
  <testcase name="testOnWriteError" classname="org.springframework.batch.core.listener.ItemListenerErrorTests" time="0.01"/>
  <system-out><![CDATA[10:02:33,605  INFO Test worker support.DefaultTestContextBootstrapper:260 - Loaded default TestExecutionListener class names from location [META-INF/spring.factories]: [org.springframework.test.context.web.ServletTestExecutionListener, org.springframework.test.context.support.DirtiesContextBeforeModesTestExecutionListener, org.springframework.test.context.support.DependencyInjectionTestExecutionListener, org.springframework.test.context.support.DirtiesContextTestExecutionListener, org.springframework.test.context.transaction.TransactionalTestExecutionListener, org.springframework.test.context.jdbc.SqlScriptsTestExecutionListener]
10:02:33,606  INFO Test worker support.DefaultTestContextBootstrapper:209 - Could not instantiate TestExecutionListener [org.springframework.test.context.web.ServletTestExecutionListener]. Specify custom listener classes or make the default listener classes (and their required dependencies) available. Offending class: [javax/servlet/ServletContext]
10:02:33,606  INFO Test worker support.DefaultTestContextBootstrapper:187 - Using TestExecutionListeners: [org.springframework.test.context.support.DirtiesContextBeforeModesTestExecutionListener@3f593035, org.springframework.test.context.support.DependencyInjectionTestExecutionListener@6ef4559d, org.springframework.test.context.support.DirtiesContextTestExecutionListener@3a965c91, org.springframework.test.context.transaction.TransactionalTestExecutionListener@18a62266, org.springframework.test.context.jdbc.SqlScriptsTestExecutionListener@6e8861df]
10:02:33,608  INFO Test worker support.GenericApplicationContext:581 - Refreshing org.springframework.context.support.GenericApplicationContext@3fa9910: startup date [Thu Mar 23 10:02:33 CDT 2017]; root of context hierarchy
10:02:33,623  WARN Test worker annotation.ConfigurationClassEnhancer:350 - @Bean method ScopeConfiguration.stepScope is non-static and returns an object assignable to Spring's BeanFactoryPostProcessor interface. This will result in a failure to process annotations such as @Autowired, @Resource and @PostConstruct within the method's declaring @Configuration class. Add the 'static' modifier to this method to avoid these container lifecycle issues; see @Bean javadoc for complete details.
10:02:33,625  WARN Test worker annotation.ConfigurationClassEnhancer:350 - @Bean method ScopeConfiguration.jobScope is non-static and returns an object assignable to Spring's BeanFactoryPostProcessor interface. This will result in a failure to process annotations such as @Autowired, @Resource and @PostConstruct within the method's declaring @Configuration class. Add the 'static' modifier to this method to avoid these container lifecycle issues; see @Bean javadoc for complete details.
10:02:33,627  INFO Test worker annotation.AutowiredAnnotationBeanPostProcessor:151 - JSR-330 'javax.inject.Inject' annotation found and supported for autowiring
10:02:33,683  INFO Test worker support.GenericApplicationContext:985 - Closing org.springframework.context.support.GenericApplicationContext@38e0193c: startup date [Thu Mar 23 10:02:02 CDT 2017]; root of context hierarchy
10:02:33,687  WARN Test worker annotation.DefaultBatchConfigurer:85 - No datasource was provided...using a Map based JobRepository
10:02:33,687  INFO Test worker support.SimpleJobLauncher:201 - No TaskExecutor has been set, defaulting to synchronous executor.
10:02:33,688  INFO Test worker support.SimpleJobLauncher:139 - Job: [SimpleJob: [name=testJob]] launched with the following parameters: [{}]
10:02:33,691  INFO Test worker job.SimpleStepHandler:146 - Executing step: [testStep]
10:02:33,697  INFO Test worker support.SimpleJobLauncher:142 - Job: [SimpleJob: [name=testJob]] completed with the following parameters: [{}] and the following status: [COMPLETED]
10:02:33,697  INFO Test worker support.GenericApplicationContext:985 - Closing org.springframework.context.support.GenericApplicationContext@3fa9910: startup date [Thu Mar 23 10:02:33 CDT 2017]; root of context hierarchy
10:02:33,698  INFO Test worker support.GenericApplicationContext:581 - Refreshing org.springframework.context.support.GenericApplicationContext@4a7e8ad6: startup date [Thu Mar 23 10:02:33 CDT 2017]; root of context hierarchy
10:02:33,706  WARN Test worker annotation.ConfigurationClassEnhancer:350 - @Bean method ScopeConfiguration.stepScope is non-static and returns an object assignable to Spring's BeanFactoryPostProcessor interface. This will result in a failure to process annotations such as @Autowired, @Resource and @PostConstruct within the method's declaring @Configuration class. Add the 'static' modifier to this method to avoid these container lifecycle issues; see @Bean javadoc for complete details.
10:02:33,707  WARN Test worker annotation.ConfigurationClassEnhancer:350 - @Bean method ScopeConfiguration.jobScope is non-static and returns an object assignable to Spring's BeanFactoryPostProcessor interface. This will result in a failure to process annotations such as @Autowired, @Resource and @PostConstruct within the method's declaring @Configuration class. Add the 'static' modifier to this method to avoid these container lifecycle issues; see @Bean javadoc for complete details.
10:02:33,709  INFO Test worker annotation.AutowiredAnnotationBeanPostProcessor:151 - JSR-330 'javax.inject.Inject' annotation found and supported for autowiring
10:02:33,756  WARN Test worker annotation.DefaultBatchConfigurer:85 - No datasource was provided...using a Map based JobRepository
10:02:33,757  INFO Test worker support.SimpleJobLauncher:201 - No TaskExecutor has been set, defaulting to synchronous executor.
10:02:33,758  INFO Test worker support.SimpleJobLauncher:139 - Job: [SimpleJob: [name=testJob]] launched with the following parameters: [{}]
10:02:33,760  INFO Test worker job.SimpleStepHandler:146 - Executing step: [testStep]
10:02:33,765  INFO Test worker support.SimpleJobLauncher:142 - Job: [SimpleJob: [name=testJob]] completed with the following parameters: [{}] and the following status: [COMPLETED]
10:02:33,765  INFO Test worker support.GenericApplicationContext:985 - Closing org.springframework.context.support.GenericApplicationContext@4a7e8ad6: startup date [Thu Mar 23 10:02:33 CDT 2017]; root of context hierarchy
]]></system-out>
  <system-err><![CDATA[]]></system-err>
</testsuite>
