<?xml version="1.0" encoding="UTF-8"?>
<testsuite name="org.springframework.batch.core.step.item.SimpleRetryExceptionHandlerTests" tests="3" skipped="0" failures="0" errors="0" timestamp="2017-03-23T15:02:45" hostname="Michaels-MacBook-Pro-3.local" time="0.003">
  <properties/>
  <testcase name="testNoRethrowWhenRetryNotExhausted" classname="org.springframework.batch.core.step.item.SimpleRetryExceptionHandlerTests" time="0.002"/>
  <testcase name="testRethrowWhenFatal" classname="org.springframework.batch.core.step.item.SimpleRetryExceptionHandlerTests" time="0.001"/>
  <testcase name="testRethrowWhenRetryExhausted" classname="org.springframework.batch.core.step.item.SimpleRetryExceptionHandlerTests" time="0.0"/>
  <system-out><![CDATA[]]></system-out>
  <system-err><![CDATA[]]></system-err>
</testsuite>
