<?xml version="1.0" encoding="UTF-8"?>
<testsuite name="org.springframework.batch.core.partition.VanillaIntegrationTests" tests="2" skipped="0" failures="0" errors="0" timestamp="2017-03-23T15:02:34" hostname="Michaels-MacBook-Pro-3.local" time="0.027">
  <properties/>
  <testcase name="testSimpleProperties" classname="org.springframework.batch.core.partition.VanillaIntegrationTests" time="0.001"/>
  <testcase name="testLaunchJob" classname="org.springframework.batch.core.partition.VanillaIntegrationTests" time="0.026"/>
  <system-out><![CDATA[10:02:34,271  INFO Test worker support.DefaultTestContextBootstrapper:260 - Loaded default TestExecutionListener class names from location [META-INF/spring.factories]: [org.springframework.test.context.web.ServletTestExecutionListener, org.springframework.test.context.support.DirtiesContextBeforeModesTestExecutionListener, org.springframework.test.context.support.DependencyInjectionTestExecutionListener, org.springframework.test.context.support.DirtiesContextTestExecutionListener, org.springframework.test.context.transaction.TransactionalTestExecutionListener, org.springframework.test.context.jdbc.SqlScriptsTestExecutionListener]
10:02:34,272  INFO Test worker support.DefaultTestContextBootstrapper:209 - Could not instantiate TestExecutionListener [org.springframework.test.context.web.ServletTestExecutionListener]. Specify custom listener classes or make the default listener classes (and their required dependencies) available. Offending class: [javax/servlet/ServletContext]
10:02:34,272  INFO Test worker support.DefaultTestContextBootstrapper:187 - Using TestExecutionListeners: [org.springframework.test.context.support.DirtiesContextBeforeModesTestExecutionListener@bfeeb19, org.springframework.test.context.support.DependencyInjectionTestExecutionListener@24469640, org.springframework.test.context.support.DirtiesContextTestExecutionListener@4fb4310, org.springframework.test.context.transaction.TransactionalTestExecutionListener@6542be8b, org.springframework.test.context.jdbc.SqlScriptsTestExecutionListener@19183719]
10:02:34,279  INFO Test worker support.SimpleJobLauncher:139 - Job: [SimpleJob: [name=job1]] launched with the following parameters: [{}]
10:02:34,282  INFO Test worker job.SimpleStepHandler:146 - Executing step: [step1:master]
10:02:34,288  INFO SimpleAsyncTaskExecutor-4 partition.ExampleItemReader:69 - Processing input index=4, item=punk, in (org.springframework.batch.core.partition.ExampleItemReader@863a61b)
10:02:34,288  INFO SimpleAsyncTaskExecutor-5 partition.ExampleItemReader:69 - Processing input index=0, item=Hello, in (org.springframework.batch.core.partition.ExampleItemReader@65a925ff)
10:02:34,288  INFO SimpleAsyncTaskExecutor-4 partition.ExampleItemWriter:47 - [punk]
10:02:34,288  INFO SimpleAsyncTaskExecutor-5 partition.ExampleItemWriter:47 - [Hello]
10:02:34,290  INFO SimpleAsyncTaskExecutor-5 partition.ExampleItemReader:69 - Processing input index=1, item=world!, in (org.springframework.batch.core.partition.ExampleItemReader@65a925ff)
10:02:34,290  INFO SimpleAsyncTaskExecutor-5 partition.ExampleItemWriter:47 - [world!]
10:02:34,291  INFO SimpleAsyncTaskExecutor-5 partition.ExampleItemReader:69 - Processing input index=2, item=Go, in (org.springframework.batch.core.partition.ExampleItemReader@65a925ff)
10:02:34,292  INFO SimpleAsyncTaskExecutor-5 partition.ExampleItemWriter:47 - [Go]
10:02:34,291  INFO SimpleAsyncTaskExecutor-4 partition.ExampleItemReader:69 - Processing input index=5, item=make, in (org.springframework.batch.core.partition.ExampleItemReader@863a61b)
10:02:34,293  INFO SimpleAsyncTaskExecutor-5 partition.ExampleItemReader:69 - Processing input index=3, item=on, in (org.springframework.batch.core.partition.ExampleItemReader@65a925ff)
10:02:34,293  INFO SimpleAsyncTaskExecutor-4 partition.ExampleItemWriter:47 - [make]
10:02:34,294  INFO SimpleAsyncTaskExecutor-5 partition.ExampleItemWriter:47 - [on]
10:02:34,295  INFO SimpleAsyncTaskExecutor-4 partition.ExampleItemReader:69 - Processing input index=6, item=my, in (org.springframework.batch.core.partition.ExampleItemReader@863a61b)
10:02:34,295  INFO SimpleAsyncTaskExecutor-4 partition.ExampleItemWriter:47 - [my]
10:02:34,296  INFO SimpleAsyncTaskExecutor-4 partition.ExampleItemReader:69 - Processing input index=7, item=day!, in (org.springframework.batch.core.partition.ExampleItemReader@863a61b)
10:02:34,296  INFO SimpleAsyncTaskExecutor-4 partition.ExampleItemWriter:47 - [day!]
10:02:34,301  INFO Test worker support.SimpleJobLauncher:142 - Job: [SimpleJob: [name=job1]] completed with the following parameters: [{}] and the following status: [COMPLETED]
]]></system-out>
  <system-err><![CDATA[]]></system-err>
</testsuite>
