<?xml version="1.0" encoding="UTF-8"?>
<testsuite name="org.springframework.batch.core.configuration.xml.JobParserValidatorTests" tests="4" skipped="0" failures="0" errors="0" timestamp="2017-03-23T15:01:59" hostname="Michaels-MacBook-Pro-3.local" time="0.007">
  <properties/>
  <testcase name="testValidatorAttribute" classname="org.springframework.batch.core.configuration.xml.JobParserValidatorTests" time="0.001"/>
  <testcase name="testParametersValidator" classname="org.springframework.batch.core.configuration.xml.JobParserValidatorTests" time="0.002"/>
  <testcase name="testValidatorBean" classname="org.springframework.batch.core.configuration.xml.JobParserValidatorTests" time="0.0"/>
  <testcase name="testValidatorRef" classname="org.springframework.batch.core.configuration.xml.JobParserValidatorTests" time="0.0"/>
  <system-out><![CDATA[10:01:59,205  INFO Test worker support.AbstractContextLoader:252 - Detected default resource location "classpath:org/springframework/batch/core/configuration/xml/JobParserValidatorTests-context.xml" for test class [org.springframework.batch.core.configuration.xml.JobParserValidatorTests]
10:01:59,206  INFO Test worker support.AbstractDelegatingSmartContextLoader:176 - GenericXmlContextLoader detected default locations for context configuration [ContextConfigurationAttributes@5390a9bd declaringClass = 'org.springframework.batch.core.configuration.xml.JobParserValidatorTests', classes = '{}', locations = '{classpath:org/springframework/batch/core/configuration/xml/JobParserValidatorTests-context.xml}', inheritLocations = true, initializers = '{}', inheritInitializers = true, name = [null], contextLoaderClass = 'org.springframework.test.context.ContextLoader'].
10:01:59,206  INFO Test worker support.AnnotationConfigContextLoaderUtils:81 - Could not detect default configuration classes for test class [org.springframework.batch.core.configuration.xml.JobParserValidatorTests]: JobParserValidatorTests does not declare any static, non-private, non-final, nested classes annotated with @Configuration.
10:01:59,208  INFO Test worker support.DefaultTestContextBootstrapper:260 - Loaded default TestExecutionListener class names from location [META-INF/spring.factories]: [org.springframework.test.context.web.ServletTestExecutionListener, org.springframework.test.context.support.DirtiesContextBeforeModesTestExecutionListener, org.springframework.test.context.support.DependencyInjectionTestExecutionListener, org.springframework.test.context.support.DirtiesContextTestExecutionListener, org.springframework.test.context.transaction.TransactionalTestExecutionListener, org.springframework.test.context.jdbc.SqlScriptsTestExecutionListener]
10:01:59,209  INFO Test worker support.DefaultTestContextBootstrapper:209 - Could not instantiate TestExecutionListener [org.springframework.test.context.web.ServletTestExecutionListener]. Specify custom listener classes or make the default listener classes (and their required dependencies) available. Offending class: [javax/servlet/ServletContext]
10:01:59,210  INFO Test worker support.DefaultTestContextBootstrapper:187 - Using TestExecutionListeners: [org.springframework.test.context.support.DirtiesContextBeforeModesTestExecutionListener@692f162d, org.springframework.test.context.support.DependencyInjectionTestExecutionListener@59cac54a, org.springframework.test.context.support.DirtiesContextTestExecutionListener@5786bb0e, org.springframework.test.context.transaction.TransactionalTestExecutionListener@1fbea39f, org.springframework.test.context.jdbc.SqlScriptsTestExecutionListener@eb1503b]
10:01:59,211  INFO Test worker xml.XmlBeanDefinitionReader:317 - Loading XML bean definitions from class path resource [org/springframework/batch/core/configuration/xml/JobParserValidatorTests-context.xml]
10:01:59,225  INFO Test worker xml.XmlBeanDefinitionReader:317 - Loading XML bean definitions from class path resource [org/springframework/batch/core/configuration/xml/common-context.xml]
10:01:59,236  INFO Test worker support.GenericApplicationContext:581 - Refreshing org.springframework.context.support.GenericApplicationContext@15e2432: startup date [Thu Mar 23 10:01:59 CDT 2017]; root of context hierarchy
10:01:59,257  INFO Test worker annotation.AutowiredAnnotationBeanPostProcessor:151 - JSR-330 'javax.inject.Inject' annotation found and supported for autowiring
]]></system-out>
  <system-err><![CDATA[]]></system-err>
</testsuite>
