<?xml version="1.0" encoding="UTF-8"?>
<testsuite name="org.springframework.batch.core.repository.dao.JdbcJobDaoTests" tests="19" skipped="0" failures="0" errors="0" timestamp="2017-03-23T15:02:34" hostname="Michaels-MacBook-Pro-3.local" time="0.117">
  <properties/>
  <testcase name="testUpdateJobExecutionWithLongExitCode" classname="org.springframework.batch.core.repository.dao.JdbcJobDaoTests" time="0.015"/>
  <testcase name="testGetLastJobExecution" classname="org.springframework.batch.core.repository.dao.JdbcJobDaoTests" time="0.007"/>
  <testcase name="testFindJob" classname="org.springframework.batch.core.repository.dao.JdbcJobDaoTests" time="0.004"/>
  <testcase name="testCreateDuplicateInstance" classname="org.springframework.batch.core.repository.dao.JdbcJobDaoTests" time="0.006"/>
  <testcase name="testJobWithDefaultJobIdentifier" classname="org.springframework.batch.core.repository.dao.JdbcJobDaoTests" time="0.006"/>
  <testcase name="testSaveAddsVersionAndId" classname="org.springframework.batch.core.repository.dao.JdbcJobDaoTests" time="0.008"/>
  <testcase name="testFindJobExecutions" classname="org.springframework.batch.core.repository.dao.JdbcJobDaoTests" time="0.006"/>
  <testcase name="testUpdateJobExecution" classname="org.springframework.batch.core.repository.dao.JdbcJobDaoTests" time="0.006"/>
  <testcase name="testUpdateIncrementsVersion" classname="org.springframework.batch.core.repository.dao.JdbcJobDaoTests" time="0.005"/>
  <testcase name="testSaveJobExecution" classname="org.springframework.batch.core.repository.dao.JdbcJobDaoTests" time="0.004"/>
  <testcase name="testCreateJobWithExistingName" classname="org.springframework.batch.core.repository.dao.JdbcJobDaoTests" time="0.005"/>
  <testcase name="testJobWithSimpleJobIdentifier" classname="org.springframework.batch.core.repository.dao.JdbcJobDaoTests" time="0.007"/>
  <testcase name="testUpdateNullIdJobExection" classname="org.springframework.batch.core.repository.dao.JdbcJobDaoTests" time="0.004"/>
  <testcase name="testFindJobWithNullRuntime" classname="org.springframework.batch.core.repository.dao.JdbcJobDaoTests" time="0.003"/>
  <testcase name="testCreationAddsVersion" classname="org.springframework.batch.core.repository.dao.JdbcJobDaoTests" time="0.005"/>
  <testcase name="testFindNonExistentJob" classname="org.springframework.batch.core.repository.dao.JdbcJobDaoTests" time="0.005"/>
  <testcase name="testVersionIsNotNullForJob" classname="org.springframework.batch.core.repository.dao.JdbcJobDaoTests" time="0.005"/>
  <testcase name="testVersionIsNotNullForJobExecution" classname="org.springframework.batch.core.repository.dao.JdbcJobDaoTests" time="0.004"/>
  <testcase name="testUpdateInvalidJobExecution" classname="org.springframework.batch.core.repository.dao.JdbcJobDaoTests" time="0.004"/>
  <system-out><![CDATA[10:02:34,905  INFO Test worker support.DefaultTestContextBootstrapper:260 - Loaded default TestExecutionListener class names from location [META-INF/spring.factories]: [org.springframework.test.context.web.ServletTestExecutionListener, org.springframework.test.context.support.DirtiesContextBeforeModesTestExecutionListener, org.springframework.test.context.support.DependencyInjectionTestExecutionListener, org.springframework.test.context.support.DirtiesContextTestExecutionListener, org.springframework.test.context.transaction.TransactionalTestExecutionListener, org.springframework.test.context.jdbc.SqlScriptsTestExecutionListener]
10:02:34,912  INFO Test worker support.DefaultTestContextBootstrapper:209 - Could not instantiate TestExecutionListener [org.springframework.test.context.web.ServletTestExecutionListener]. Specify custom listener classes or make the default listener classes (and their required dependencies) available. Offending class: [javax/servlet/ServletContext]
10:02:34,912  INFO Test worker support.DefaultTestContextBootstrapper:187 - Using TestExecutionListeners: [org.springframework.test.context.support.DirtiesContextBeforeModesTestExecutionListener@31dd6ac3, org.springframework.test.context.support.DependencyInjectionTestExecutionListener@a72aa87, org.springframework.test.context.support.DirtiesContextTestExecutionListener@59d98e8a, org.springframework.test.context.transaction.TransactionalTestExecutionListener@5e4ee77c, org.springframework.test.context.jdbc.SqlScriptsTestExecutionListener@41f1504]
10:02:34,920  INFO Test worker transaction.TransactionContext:98 - Began transaction (1) for test context [DefaultTestContext@3f865907 testClass = JdbcJobDaoTests, testInstance = org.springframework.batch.core.repository.dao.JdbcJobDaoTests@2dbbcd88, testMethod = testUpdateJobExecutionWithLongExitCode@JdbcJobDaoTests, testException = [null], mergedContextConfiguration = [MergedContextConfiguration@318a4992 testClass = JdbcJobDaoTests, locations = '{classpath:/org/springframework/batch/core/repository/dao/sql-dao-test.xml}', classes = '{}', contextInitializerClasses = '[]', activeProfiles = '{}', propertySourceLocations = '{}', propertySourceProperties = '{}', contextCustomizers = set[[empty]], contextLoader = 'org.springframework.test.context.support.DelegatingSmartContextLoader', parent = [null]], attributes = map[[empty]]]; transaction manager [org.springframework.jdbc.datasource.DataSourceTransactionManager@12d238cc]; rollback [true]
10:02:34,933  INFO Test worker transaction.TransactionContext:131 - Rolled back transaction for test context [DefaultTestContext@3f865907 testClass = JdbcJobDaoTests, testInstance = org.springframework.batch.core.repository.dao.JdbcJobDaoTests@2dbbcd88, testMethod = testUpdateJobExecutionWithLongExitCode@JdbcJobDaoTests, testException = [null], mergedContextConfiguration = [MergedContextConfiguration@318a4992 testClass = JdbcJobDaoTests, locations = '{classpath:/org/springframework/batch/core/repository/dao/sql-dao-test.xml}', classes = '{}', contextInitializerClasses = '[]', activeProfiles = '{}', propertySourceLocations = '{}', propertySourceProperties = '{}', contextCustomizers = set[[empty]], contextLoader = 'org.springframework.test.context.support.DelegatingSmartContextLoader', parent = [null]], attributes = map[[empty]]].
10:02:34,936  INFO Test worker transaction.TransactionContext:98 - Began transaction (1) for test context [DefaultTestContext@3f865907 testClass = JdbcJobDaoTests, testInstance = org.springframework.batch.core.repository.dao.JdbcJobDaoTests@aaee3f6, testMethod = testGetLastJobExecution@AbstractJobDaoTests, testException = [null], mergedContextConfiguration = [MergedContextConfiguration@318a4992 testClass = JdbcJobDaoTests, locations = '{classpath:/org/springframework/batch/core/repository/dao/sql-dao-test.xml}', classes = '{}', contextInitializerClasses = '[]', activeProfiles = '{}', propertySourceLocations = '{}', propertySourceProperties = '{}', contextCustomizers = set[[empty]], contextLoader = 'org.springframework.test.context.support.DelegatingSmartContextLoader', parent = [null]], attributes = map[[empty]]]; transaction manager [org.springframework.jdbc.datasource.DataSourceTransactionManager@12d238cc]; rollback [true]
10:02:34,940  INFO Test worker transaction.TransactionContext:131 - Rolled back transaction for test context [DefaultTestContext@3f865907 testClass = JdbcJobDaoTests, testInstance = org.springframework.batch.core.repository.dao.JdbcJobDaoTests@aaee3f6, testMethod = testGetLastJobExecution@AbstractJobDaoTests, testException = [null], mergedContextConfiguration = [MergedContextConfiguration@318a4992 testClass = JdbcJobDaoTests, locations = '{classpath:/org/springframework/batch/core/repository/dao/sql-dao-test.xml}', classes = '{}', contextInitializerClasses = '[]', activeProfiles = '{}', propertySourceLocations = '{}', propertySourceProperties = '{}', contextCustomizers = set[[empty]], contextLoader = 'org.springframework.test.context.support.DelegatingSmartContextLoader', parent = [null]], attributes = map[[empty]]].
10:02:34,943  INFO Test worker transaction.TransactionContext:98 - Began transaction (1) for test context [DefaultTestContext@3f865907 testClass = JdbcJobDaoTests, testInstance = org.springframework.batch.core.repository.dao.JdbcJobDaoTests@4540e94d, testMethod = testFindJob@AbstractJobDaoTests, testException = [null], mergedContextConfiguration = [MergedContextConfiguration@318a4992 testClass = JdbcJobDaoTests, locations = '{classpath:/org/springframework/batch/core/repository/dao/sql-dao-test.xml}', classes = '{}', contextInitializerClasses = '[]', activeProfiles = '{}', propertySourceLocations = '{}', propertySourceProperties = '{}', contextCustomizers = set[[empty]], contextLoader = 'org.springframework.test.context.support.DelegatingSmartContextLoader', parent = [null]], attributes = map[[empty]]]; transaction manager [org.springframework.jdbc.datasource.DataSourceTransactionManager@12d238cc]; rollback [true]
10:02:34,945  INFO Test worker transaction.TransactionContext:131 - Rolled back transaction for test context [DefaultTestContext@3f865907 testClass = JdbcJobDaoTests, testInstance = org.springframework.batch.core.repository.dao.JdbcJobDaoTests@4540e94d, testMethod = testFindJob@AbstractJobDaoTests, testException = [null], mergedContextConfiguration = [MergedContextConfiguration@318a4992 testClass = JdbcJobDaoTests, locations = '{classpath:/org/springframework/batch/core/repository/dao/sql-dao-test.xml}', classes = '{}', contextInitializerClasses = '[]', activeProfiles = '{}', propertySourceLocations = '{}', propertySourceProperties = '{}', contextCustomizers = set[[empty]], contextLoader = 'org.springframework.test.context.support.DelegatingSmartContextLoader', parent = [null]], attributes = map[[empty]]].
10:02:34,947  INFO Test worker transaction.TransactionContext:98 - Began transaction (1) for test context [DefaultTestContext@3f865907 testClass = JdbcJobDaoTests, testInstance = org.springframework.batch.core.repository.dao.JdbcJobDaoTests@5d336888, testMethod = testCreateDuplicateInstance@AbstractJobDaoTests, testException = [null], mergedContextConfiguration = [MergedContextConfiguration@318a4992 testClass = JdbcJobDaoTests, locations = '{classpath:/org/springframework/batch/core/repository/dao/sql-dao-test.xml}', classes = '{}', contextInitializerClasses = '[]', activeProfiles = '{}', propertySourceLocations = '{}', propertySourceProperties = '{}', contextCustomizers = set[[empty]], contextLoader = 'org.springframework.test.context.support.DelegatingSmartContextLoader', parent = [null]], attributes = map[[empty]]]; transaction manager [org.springframework.jdbc.datasource.DataSourceTransactionManager@12d238cc]; rollback [true]
10:02:34,951  INFO Test worker transaction.TransactionContext:131 - Rolled back transaction for test context [DefaultTestContext@3f865907 testClass = JdbcJobDaoTests, testInstance = org.springframework.batch.core.repository.dao.JdbcJobDaoTests@5d336888, testMethod = testCreateDuplicateInstance@AbstractJobDaoTests, testException = [null], mergedContextConfiguration = [MergedContextConfiguration@318a4992 testClass = JdbcJobDaoTests, locations = '{classpath:/org/springframework/batch/core/repository/dao/sql-dao-test.xml}', classes = '{}', contextInitializerClasses = '[]', activeProfiles = '{}', propertySourceLocations = '{}', propertySourceProperties = '{}', contextCustomizers = set[[empty]], contextLoader = 'org.springframework.test.context.support.DelegatingSmartContextLoader', parent = [null]], attributes = map[[empty]]].
10:02:34,954  INFO Test worker transaction.TransactionContext:98 - Began transaction (1) for test context [DefaultTestContext@3f865907 testClass = JdbcJobDaoTests, testInstance = org.springframework.batch.core.repository.dao.JdbcJobDaoTests@7b2b4812, testMethod = testJobWithDefaultJobIdentifier@AbstractJobDaoTests, testException = [null], mergedContextConfiguration = [MergedContextConfiguration@318a4992 testClass = JdbcJobDaoTests, locations = '{classpath:/org/springframework/batch/core/repository/dao/sql-dao-test.xml}', classes = '{}', contextInitializerClasses = '[]', activeProfiles = '{}', propertySourceLocations = '{}', propertySourceProperties = '{}', contextCustomizers = set[[empty]], contextLoader = 'org.springframework.test.context.support.DelegatingSmartContextLoader', parent = [null]], attributes = map[[empty]]]; transaction manager [org.springframework.jdbc.datasource.DataSourceTransactionManager@12d238cc]; rollback [true]
10:02:34,957  INFO Test worker transaction.TransactionContext:131 - Rolled back transaction for test context [DefaultTestContext@3f865907 testClass = JdbcJobDaoTests, testInstance = org.springframework.batch.core.repository.dao.JdbcJobDaoTests@7b2b4812, testMethod = testJobWithDefaultJobIdentifier@AbstractJobDaoTests, testException = [null], mergedContextConfiguration = [MergedContextConfiguration@318a4992 testClass = JdbcJobDaoTests, locations = '{classpath:/org/springframework/batch/core/repository/dao/sql-dao-test.xml}', classes = '{}', contextInitializerClasses = '[]', activeProfiles = '{}', propertySourceLocations = '{}', propertySourceProperties = '{}', contextCustomizers = set[[empty]], contextLoader = 'org.springframework.test.context.support.DelegatingSmartContextLoader', parent = [null]], attributes = map[[empty]]].
10:02:34,963  INFO Test worker transaction.TransactionContext:98 - Began transaction (1) for test context [DefaultTestContext@3f865907 testClass = JdbcJobDaoTests, testInstance = org.springframework.batch.core.repository.dao.JdbcJobDaoTests@7d825c93, testMethod = testSaveAddsVersionAndId@AbstractJobDaoTests, testException = [null], mergedContextConfiguration = [MergedContextConfiguration@318a4992 testClass = JdbcJobDaoTests, locations = '{classpath:/org/springframework/batch/core/repository/dao/sql-dao-test.xml}', classes = '{}', contextInitializerClasses = '[]', activeProfiles = '{}', propertySourceLocations = '{}', propertySourceProperties = '{}', contextCustomizers = set[[empty]], contextLoader = 'org.springframework.test.context.support.DelegatingSmartContextLoader', parent = [null]], attributes = map[[empty]]]; transaction manager [org.springframework.jdbc.datasource.DataSourceTransactionManager@12d238cc]; rollback [true]
10:02:34,967  INFO Test worker transaction.TransactionContext:131 - Rolled back transaction for test context [DefaultTestContext@3f865907 testClass = JdbcJobDaoTests, testInstance = org.springframework.batch.core.repository.dao.JdbcJobDaoTests@7d825c93, testMethod = testSaveAddsVersionAndId@AbstractJobDaoTests, testException = [null], mergedContextConfiguration = [MergedContextConfiguration@318a4992 testClass = JdbcJobDaoTests, locations = '{classpath:/org/springframework/batch/core/repository/dao/sql-dao-test.xml}', classes = '{}', contextInitializerClasses = '[]', activeProfiles = '{}', propertySourceLocations = '{}', propertySourceProperties = '{}', contextCustomizers = set[[empty]], contextLoader = 'org.springframework.test.context.support.DelegatingSmartContextLoader', parent = [null]], attributes = map[[empty]]].
10:02:34,970  INFO Test worker transaction.TransactionContext:98 - Began transaction (1) for test context [DefaultTestContext@3f865907 testClass = JdbcJobDaoTests, testInstance = org.springframework.batch.core.repository.dao.JdbcJobDaoTests@76e3f252, testMethod = testFindJobExecutions@AbstractJobDaoTests, testException = [null], mergedContextConfiguration = [MergedContextConfiguration@318a4992 testClass = JdbcJobDaoTests, locations = '{classpath:/org/springframework/batch/core/repository/dao/sql-dao-test.xml}', classes = '{}', contextInitializerClasses = '[]', activeProfiles = '{}', propertySourceLocations = '{}', propertySourceProperties = '{}', contextCustomizers = set[[empty]], contextLoader = 'org.springframework.test.context.support.DelegatingSmartContextLoader', parent = [null]], attributes = map[[empty]]]; transaction manager [org.springframework.jdbc.datasource.DataSourceTransactionManager@12d238cc]; rollback [true]
10:02:34,973  INFO Test worker transaction.TransactionContext:131 - Rolled back transaction for test context [DefaultTestContext@3f865907 testClass = JdbcJobDaoTests, testInstance = org.springframework.batch.core.repository.dao.JdbcJobDaoTests@76e3f252, testMethod = testFindJobExecutions@AbstractJobDaoTests, testException = [null], mergedContextConfiguration = [MergedContextConfiguration@318a4992 testClass = JdbcJobDaoTests, locations = '{classpath:/org/springframework/batch/core/repository/dao/sql-dao-test.xml}', classes = '{}', contextInitializerClasses = '[]', activeProfiles = '{}', propertySourceLocations = '{}', propertySourceProperties = '{}', contextCustomizers = set[[empty]], contextLoader = 'org.springframework.test.context.support.DelegatingSmartContextLoader', parent = [null]], attributes = map[[empty]]].
10:02:34,975  INFO Test worker transaction.TransactionContext:98 - Began transaction (1) for test context [DefaultTestContext@3f865907 testClass = JdbcJobDaoTests, testInstance = org.springframework.batch.core.repository.dao.JdbcJobDaoTests@420c17d0, testMethod = testUpdateJobExecution@AbstractJobDaoTests, testException = [null], mergedContextConfiguration = [MergedContextConfiguration@318a4992 testClass = JdbcJobDaoTests, locations = '{classpath:/org/springframework/batch/core/repository/dao/sql-dao-test.xml}', classes = '{}', contextInitializerClasses = '[]', activeProfiles = '{}', propertySourceLocations = '{}', propertySourceProperties = '{}', contextCustomizers = set[[empty]], contextLoader = 'org.springframework.test.context.support.DelegatingSmartContextLoader', parent = [null]], attributes = map[[empty]]]; transaction manager [org.springframework.jdbc.datasource.DataSourceTransactionManager@12d238cc]; rollback [true]
10:02:34,979  INFO Test worker transaction.TransactionContext:131 - Rolled back transaction for test context [DefaultTestContext@3f865907 testClass = JdbcJobDaoTests, testInstance = org.springframework.batch.core.repository.dao.JdbcJobDaoTests@420c17d0, testMethod = testUpdateJobExecution@AbstractJobDaoTests, testException = [null], mergedContextConfiguration = [MergedContextConfiguration@318a4992 testClass = JdbcJobDaoTests, locations = '{classpath:/org/springframework/batch/core/repository/dao/sql-dao-test.xml}', classes = '{}', contextInitializerClasses = '[]', activeProfiles = '{}', propertySourceLocations = '{}', propertySourceProperties = '{}', contextCustomizers = set[[empty]], contextLoader = 'org.springframework.test.context.support.DelegatingSmartContextLoader', parent = [null]], attributes = map[[empty]]].
10:02:34,981  INFO Test worker transaction.TransactionContext:98 - Began transaction (1) for test context [DefaultTestContext@3f865907 testClass = JdbcJobDaoTests, testInstance = org.springframework.batch.core.repository.dao.JdbcJobDaoTests@237cf9d6, testMethod = testUpdateIncrementsVersion@AbstractJobDaoTests, testException = [null], mergedContextConfiguration = [MergedContextConfiguration@318a4992 testClass = JdbcJobDaoTests, locations = '{classpath:/org/springframework/batch/core/repository/dao/sql-dao-test.xml}', classes = '{}', contextInitializerClasses = '[]', activeProfiles = '{}', propertySourceLocations = '{}', propertySourceProperties = '{}', contextCustomizers = set[[empty]], contextLoader = 'org.springframework.test.context.support.DelegatingSmartContextLoader', parent = [null]], attributes = map[[empty]]]; transaction manager [org.springframework.jdbc.datasource.DataSourceTransactionManager@12d238cc]; rollback [true]
10:02:34,984  INFO Test worker transaction.TransactionContext:131 - Rolled back transaction for test context [DefaultTestContext@3f865907 testClass = JdbcJobDaoTests, testInstance = org.springframework.batch.core.repository.dao.JdbcJobDaoTests@237cf9d6, testMethod = testUpdateIncrementsVersion@AbstractJobDaoTests, testException = [null], mergedContextConfiguration = [MergedContextConfiguration@318a4992 testClass = JdbcJobDaoTests, locations = '{classpath:/org/springframework/batch/core/repository/dao/sql-dao-test.xml}', classes = '{}', contextInitializerClasses = '[]', activeProfiles = '{}', propertySourceLocations = '{}', propertySourceProperties = '{}', contextCustomizers = set[[empty]], contextLoader = 'org.springframework.test.context.support.DelegatingSmartContextLoader', parent = [null]], attributes = map[[empty]]].
10:02:34,986  INFO Test worker transaction.TransactionContext:98 - Began transaction (1) for test context [DefaultTestContext@3f865907 testClass = JdbcJobDaoTests, testInstance = org.springframework.batch.core.repository.dao.JdbcJobDaoTests@66c06a40, testMethod = testSaveJobExecution@AbstractJobDaoTests, testException = [null], mergedContextConfiguration = [MergedContextConfiguration@318a4992 testClass = JdbcJobDaoTests, locations = '{classpath:/org/springframework/batch/core/repository/dao/sql-dao-test.xml}', classes = '{}', contextInitializerClasses = '[]', activeProfiles = '{}', propertySourceLocations = '{}', propertySourceProperties = '{}', contextCustomizers = set[[empty]], contextLoader = 'org.springframework.test.context.support.DelegatingSmartContextLoader', parent = [null]], attributes = map[[empty]]]; transaction manager [org.springframework.jdbc.datasource.DataSourceTransactionManager@12d238cc]; rollback [true]
10:02:34,988  INFO Test worker transaction.TransactionContext:131 - Rolled back transaction for test context [DefaultTestContext@3f865907 testClass = JdbcJobDaoTests, testInstance = org.springframework.batch.core.repository.dao.JdbcJobDaoTests@66c06a40, testMethod = testSaveJobExecution@AbstractJobDaoTests, testException = [null], mergedContextConfiguration = [MergedContextConfiguration@318a4992 testClass = JdbcJobDaoTests, locations = '{classpath:/org/springframework/batch/core/repository/dao/sql-dao-test.xml}', classes = '{}', contextInitializerClasses = '[]', activeProfiles = '{}', propertySourceLocations = '{}', propertySourceProperties = '{}', contextCustomizers = set[[empty]], contextLoader = 'org.springframework.test.context.support.DelegatingSmartContextLoader', parent = [null]], attributes = map[[empty]]].
10:02:34,990  INFO Test worker transaction.TransactionContext:98 - Began transaction (1) for test context [DefaultTestContext@3f865907 testClass = JdbcJobDaoTests, testInstance = org.springframework.batch.core.repository.dao.JdbcJobDaoTests@53c3eff2, testMethod = testCreateJobWithExistingName@AbstractJobDaoTests, testException = [null], mergedContextConfiguration = [MergedContextConfiguration@318a4992 testClass = JdbcJobDaoTests, locations = '{classpath:/org/springframework/batch/core/repository/dao/sql-dao-test.xml}', classes = '{}', contextInitializerClasses = '[]', activeProfiles = '{}', propertySourceLocations = '{}', propertySourceProperties = '{}', contextCustomizers = set[[empty]], contextLoader = 'org.springframework.test.context.support.DelegatingSmartContextLoader', parent = [null]], attributes = map[[empty]]]; transaction manager [org.springframework.jdbc.datasource.DataSourceTransactionManager@12d238cc]; rollback [true]
10:02:34,993  INFO Test worker transaction.TransactionContext:131 - Rolled back transaction for test context [DefaultTestContext@3f865907 testClass = JdbcJobDaoTests, testInstance = org.springframework.batch.core.repository.dao.JdbcJobDaoTests@53c3eff2, testMethod = testCreateJobWithExistingName@AbstractJobDaoTests, testException = [null], mergedContextConfiguration = [MergedContextConfiguration@318a4992 testClass = JdbcJobDaoTests, locations = '{classpath:/org/springframework/batch/core/repository/dao/sql-dao-test.xml}', classes = '{}', contextInitializerClasses = '[]', activeProfiles = '{}', propertySourceLocations = '{}', propertySourceProperties = '{}', contextCustomizers = set[[empty]], contextLoader = 'org.springframework.test.context.support.DelegatingSmartContextLoader', parent = [null]], attributes = map[[empty]]].
10:02:34,995  INFO Test worker transaction.TransactionContext:98 - Began transaction (1) for test context [DefaultTestContext@3f865907 testClass = JdbcJobDaoTests, testInstance = org.springframework.batch.core.repository.dao.JdbcJobDaoTests@7dbf405d, testMethod = testJobWithSimpleJobIdentifier@AbstractJobDaoTests, testException = [null], mergedContextConfiguration = [MergedContextConfiguration@318a4992 testClass = JdbcJobDaoTests, locations = '{classpath:/org/springframework/batch/core/repository/dao/sql-dao-test.xml}', classes = '{}', contextInitializerClasses = '[]', activeProfiles = '{}', propertySourceLocations = '{}', propertySourceProperties = '{}', contextCustomizers = set[[empty]], contextLoader = 'org.springframework.test.context.support.DelegatingSmartContextLoader', parent = [null]], attributes = map[[empty]]]; transaction manager [org.springframework.jdbc.datasource.DataSourceTransactionManager@12d238cc]; rollback [true]
10:02:35,000  INFO Test worker transaction.TransactionContext:131 - Rolled back transaction for test context [DefaultTestContext@3f865907 testClass = JdbcJobDaoTests, testInstance = org.springframework.batch.core.repository.dao.JdbcJobDaoTests@7dbf405d, testMethod = testJobWithSimpleJobIdentifier@AbstractJobDaoTests, testException = [null], mergedContextConfiguration = [MergedContextConfiguration@318a4992 testClass = JdbcJobDaoTests, locations = '{classpath:/org/springframework/batch/core/repository/dao/sql-dao-test.xml}', classes = '{}', contextInitializerClasses = '[]', activeProfiles = '{}', propertySourceLocations = '{}', propertySourceProperties = '{}', contextCustomizers = set[[empty]], contextLoader = 'org.springframework.test.context.support.DelegatingSmartContextLoader', parent = [null]], attributes = map[[empty]]].
10:02:35,002  INFO Test worker transaction.TransactionContext:98 - Began transaction (1) for test context [DefaultTestContext@3f865907 testClass = JdbcJobDaoTests, testInstance = org.springframework.batch.core.repository.dao.JdbcJobDaoTests@6bb5b202, testMethod = testUpdateNullIdJobExection@AbstractJobDaoTests, testException = [null], mergedContextConfiguration = [MergedContextConfiguration@318a4992 testClass = JdbcJobDaoTests, locations = '{classpath:/org/springframework/batch/core/repository/dao/sql-dao-test.xml}', classes = '{}', contextInitializerClasses = '[]', activeProfiles = '{}', propertySourceLocations = '{}', propertySourceProperties = '{}', contextCustomizers = set[[empty]], contextLoader = 'org.springframework.test.context.support.DelegatingSmartContextLoader', parent = [null]], attributes = map[[empty]]]; transaction manager [org.springframework.jdbc.datasource.DataSourceTransactionManager@12d238cc]; rollback [true]
10:02:35,004  INFO Test worker transaction.TransactionContext:131 - Rolled back transaction for test context [DefaultTestContext@3f865907 testClass = JdbcJobDaoTests, testInstance = org.springframework.batch.core.repository.dao.JdbcJobDaoTests@6bb5b202, testMethod = testUpdateNullIdJobExection@AbstractJobDaoTests, testException = [null], mergedContextConfiguration = [MergedContextConfiguration@318a4992 testClass = JdbcJobDaoTests, locations = '{classpath:/org/springframework/batch/core/repository/dao/sql-dao-test.xml}', classes = '{}', contextInitializerClasses = '[]', activeProfiles = '{}', propertySourceLocations = '{}', propertySourceProperties = '{}', contextCustomizers = set[[empty]], contextLoader = 'org.springframework.test.context.support.DelegatingSmartContextLoader', parent = [null]], attributes = map[[empty]]].
10:02:35,006  INFO Test worker transaction.TransactionContext:98 - Began transaction (1) for test context [DefaultTestContext@3f865907 testClass = JdbcJobDaoTests, testInstance = org.springframework.batch.core.repository.dao.JdbcJobDaoTests@3c40f071, testMethod = testFindJobWithNullRuntime@AbstractJobDaoTests, testException = [null], mergedContextConfiguration = [MergedContextConfiguration@318a4992 testClass = JdbcJobDaoTests, locations = '{classpath:/org/springframework/batch/core/repository/dao/sql-dao-test.xml}', classes = '{}', contextInitializerClasses = '[]', activeProfiles = '{}', propertySourceLocations = '{}', propertySourceProperties = '{}', contextCustomizers = set[[empty]], contextLoader = 'org.springframework.test.context.support.DelegatingSmartContextLoader', parent = [null]], attributes = map[[empty]]]; transaction manager [org.springframework.jdbc.datasource.DataSourceTransactionManager@12d238cc]; rollback [true]
10:02:35,009  INFO Test worker transaction.TransactionContext:131 - Rolled back transaction for test context [DefaultTestContext@3f865907 testClass = JdbcJobDaoTests, testInstance = org.springframework.batch.core.repository.dao.JdbcJobDaoTests@3c40f071, testMethod = testFindJobWithNullRuntime@AbstractJobDaoTests, testException = [null], mergedContextConfiguration = [MergedContextConfiguration@318a4992 testClass = JdbcJobDaoTests, locations = '{classpath:/org/springframework/batch/core/repository/dao/sql-dao-test.xml}', classes = '{}', contextInitializerClasses = '[]', activeProfiles = '{}', propertySourceLocations = '{}', propertySourceProperties = '{}', contextCustomizers = set[[empty]], contextLoader = 'org.springframework.test.context.support.DelegatingSmartContextLoader', parent = [null]], attributes = map[[empty]]].
10:02:35,011  INFO Test worker transaction.TransactionContext:98 - Began transaction (1) for test context [DefaultTestContext@3f865907 testClass = JdbcJobDaoTests, testInstance = org.springframework.batch.core.repository.dao.JdbcJobDaoTests@422bb43a, testMethod = testCreationAddsVersion@AbstractJobDaoTests, testException = [null], mergedContextConfiguration = [MergedContextConfiguration@318a4992 testClass = JdbcJobDaoTests, locations = '{classpath:/org/springframework/batch/core/repository/dao/sql-dao-test.xml}', classes = '{}', contextInitializerClasses = '[]', activeProfiles = '{}', propertySourceLocations = '{}', propertySourceProperties = '{}', contextCustomizers = set[[empty]], contextLoader = 'org.springframework.test.context.support.DelegatingSmartContextLoader', parent = [null]], attributes = map[[empty]]]; transaction manager [org.springframework.jdbc.datasource.DataSourceTransactionManager@12d238cc]; rollback [true]
10:02:35,014  INFO Test worker transaction.TransactionContext:131 - Rolled back transaction for test context [DefaultTestContext@3f865907 testClass = JdbcJobDaoTests, testInstance = org.springframework.batch.core.repository.dao.JdbcJobDaoTests@422bb43a, testMethod = testCreationAddsVersion@AbstractJobDaoTests, testException = [null], mergedContextConfiguration = [MergedContextConfiguration@318a4992 testClass = JdbcJobDaoTests, locations = '{classpath:/org/springframework/batch/core/repository/dao/sql-dao-test.xml}', classes = '{}', contextInitializerClasses = '[]', activeProfiles = '{}', propertySourceLocations = '{}', propertySourceProperties = '{}', contextCustomizers = set[[empty]], contextLoader = 'org.springframework.test.context.support.DelegatingSmartContextLoader', parent = [null]], attributes = map[[empty]]].
10:02:35,018  INFO Test worker transaction.TransactionContext:98 - Began transaction (1) for test context [DefaultTestContext@3f865907 testClass = JdbcJobDaoTests, testInstance = org.springframework.batch.core.repository.dao.JdbcJobDaoTests@3d79aa63, testMethod = testFindNonExistentJob@AbstractJobDaoTests, testException = [null], mergedContextConfiguration = [MergedContextConfiguration@318a4992 testClass = JdbcJobDaoTests, locations = '{classpath:/org/springframework/batch/core/repository/dao/sql-dao-test.xml}', classes = '{}', contextInitializerClasses = '[]', activeProfiles = '{}', propertySourceLocations = '{}', propertySourceProperties = '{}', contextCustomizers = set[[empty]], contextLoader = 'org.springframework.test.context.support.DelegatingSmartContextLoader', parent = [null]], attributes = map[[empty]]]; transaction manager [org.springframework.jdbc.datasource.DataSourceTransactionManager@12d238cc]; rollback [true]
10:02:35,021  INFO Test worker transaction.TransactionContext:131 - Rolled back transaction for test context [DefaultTestContext@3f865907 testClass = JdbcJobDaoTests, testInstance = org.springframework.batch.core.repository.dao.JdbcJobDaoTests@3d79aa63, testMethod = testFindNonExistentJob@AbstractJobDaoTests, testException = [null], mergedContextConfiguration = [MergedContextConfiguration@318a4992 testClass = JdbcJobDaoTests, locations = '{classpath:/org/springframework/batch/core/repository/dao/sql-dao-test.xml}', classes = '{}', contextInitializerClasses = '[]', activeProfiles = '{}', propertySourceLocations = '{}', propertySourceProperties = '{}', contextCustomizers = set[[empty]], contextLoader = 'org.springframework.test.context.support.DelegatingSmartContextLoader', parent = [null]], attributes = map[[empty]]].
10:02:35,023  INFO Test worker transaction.TransactionContext:98 - Began transaction (1) for test context [DefaultTestContext@3f865907 testClass = JdbcJobDaoTests, testInstance = org.springframework.batch.core.repository.dao.JdbcJobDaoTests@1706d323, testMethod = testVersionIsNotNullForJob@AbstractJobDaoTests, testException = [null], mergedContextConfiguration = [MergedContextConfiguration@318a4992 testClass = JdbcJobDaoTests, locations = '{classpath:/org/springframework/batch/core/repository/dao/sql-dao-test.xml}', classes = '{}', contextInitializerClasses = '[]', activeProfiles = '{}', propertySourceLocations = '{}', propertySourceProperties = '{}', contextCustomizers = set[[empty]], contextLoader = 'org.springframework.test.context.support.DelegatingSmartContextLoader', parent = [null]], attributes = map[[empty]]]; transaction manager [org.springframework.jdbc.datasource.DataSourceTransactionManager@12d238cc]; rollback [true]
10:02:35,026  INFO Test worker transaction.TransactionContext:131 - Rolled back transaction for test context [DefaultTestContext@3f865907 testClass = JdbcJobDaoTests, testInstance = org.springframework.batch.core.repository.dao.JdbcJobDaoTests@1706d323, testMethod = testVersionIsNotNullForJob@AbstractJobDaoTests, testException = [null], mergedContextConfiguration = [MergedContextConfiguration@318a4992 testClass = JdbcJobDaoTests, locations = '{classpath:/org/springframework/batch/core/repository/dao/sql-dao-test.xml}', classes = '{}', contextInitializerClasses = '[]', activeProfiles = '{}', propertySourceLocations = '{}', propertySourceProperties = '{}', contextCustomizers = set[[empty]], contextLoader = 'org.springframework.test.context.support.DelegatingSmartContextLoader', parent = [null]], attributes = map[[empty]]].
10:02:35,028  INFO Test worker transaction.TransactionContext:98 - Began transaction (1) for test context [DefaultTestContext@3f865907 testClass = JdbcJobDaoTests, testInstance = org.springframework.batch.core.repository.dao.JdbcJobDaoTests@73df91ec, testMethod = testVersionIsNotNullForJobExecution@AbstractJobDaoTests, testException = [null], mergedContextConfiguration = [MergedContextConfiguration@318a4992 testClass = JdbcJobDaoTests, locations = '{classpath:/org/springframework/batch/core/repository/dao/sql-dao-test.xml}', classes = '{}', contextInitializerClasses = '[]', activeProfiles = '{}', propertySourceLocations = '{}', propertySourceProperties = '{}', contextCustomizers = set[[empty]], contextLoader = 'org.springframework.test.context.support.DelegatingSmartContextLoader', parent = [null]], attributes = map[[empty]]]; transaction manager [org.springframework.jdbc.datasource.DataSourceTransactionManager@12d238cc]; rollback [true]
10:02:35,031  INFO Test worker transaction.TransactionContext:131 - Rolled back transaction for test context [DefaultTestContext@3f865907 testClass = JdbcJobDaoTests, testInstance = org.springframework.batch.core.repository.dao.JdbcJobDaoTests@73df91ec, testMethod = testVersionIsNotNullForJobExecution@AbstractJobDaoTests, testException = [null], mergedContextConfiguration = [MergedContextConfiguration@318a4992 testClass = JdbcJobDaoTests, locations = '{classpath:/org/springframework/batch/core/repository/dao/sql-dao-test.xml}', classes = '{}', contextInitializerClasses = '[]', activeProfiles = '{}', propertySourceLocations = '{}', propertySourceProperties = '{}', contextCustomizers = set[[empty]], contextLoader = 'org.springframework.test.context.support.DelegatingSmartContextLoader', parent = [null]], attributes = map[[empty]]].
10:02:35,032  INFO Test worker transaction.TransactionContext:98 - Began transaction (1) for test context [DefaultTestContext@3f865907 testClass = JdbcJobDaoTests, testInstance = org.springframework.batch.core.repository.dao.JdbcJobDaoTests@11927489, testMethod = testUpdateInvalidJobExecution@AbstractJobDaoTests, testException = [null], mergedContextConfiguration = [MergedContextConfiguration@318a4992 testClass = JdbcJobDaoTests, locations = '{classpath:/org/springframework/batch/core/repository/dao/sql-dao-test.xml}', classes = '{}', contextInitializerClasses = '[]', activeProfiles = '{}', propertySourceLocations = '{}', propertySourceProperties = '{}', contextCustomizers = set[[empty]], contextLoader = 'org.springframework.test.context.support.DelegatingSmartContextLoader', parent = [null]], attributes = map[[empty]]]; transaction manager [org.springframework.jdbc.datasource.DataSourceTransactionManager@12d238cc]; rollback [true]
10:02:35,035  INFO Test worker transaction.TransactionContext:131 - Rolled back transaction for test context [DefaultTestContext@3f865907 testClass = JdbcJobDaoTests, testInstance = org.springframework.batch.core.repository.dao.JdbcJobDaoTests@11927489, testMethod = testUpdateInvalidJobExecution@AbstractJobDaoTests, testException = [null], mergedContextConfiguration = [MergedContextConfiguration@318a4992 testClass = JdbcJobDaoTests, locations = '{classpath:/org/springframework/batch/core/repository/dao/sql-dao-test.xml}', classes = '{}', contextInitializerClasses = '[]', activeProfiles = '{}', propertySourceLocations = '{}', propertySourceProperties = '{}', contextCustomizers = set[[empty]], contextLoader = 'org.springframework.test.context.support.DelegatingSmartContextLoader', parent = [null]], attributes = map[[empty]]].
]]></system-out>
  <system-err><![CDATA[]]></system-err>
</testsuite>
