<?xml version="1.0" encoding="UTF-8"?>
<testsuite name="org.springframework.batch.core.configuration.xml.StepNameTests" tests="89" skipped="0" failures="0" errors="0" timestamp="2017-03-23T15:02:03" hostname="Michaels-MacBook-Pro-3.local" time="3.729">
  <properties/>
  <testcase name="testStepNames[0]" classname="org.springframework.batch.core.configuration.xml.StepNameTests" time="0.001"/>
  <testcase name="testStepNames[1]" classname="org.springframework.batch.core.configuration.xml.StepNameTests" time="0.0"/>
  <testcase name="testStepNames[2]" classname="org.springframework.batch.core.configuration.xml.StepNameTests" time="0.0"/>
  <testcase name="testStepNames[3]" classname="org.springframework.batch.core.configuration.xml.StepNameTests" time="0.0"/>
  <testcase name="testStepNames[4]" classname="org.springframework.batch.core.configuration.xml.StepNameTests" time="0.001"/>
  <testcase name="testStepNames[5]" classname="org.springframework.batch.core.configuration.xml.StepNameTests" time="0.0"/>
  <testcase name="testStepNames[6]" classname="org.springframework.batch.core.configuration.xml.StepNameTests" time="0.0"/>
  <testcase name="testStepNames[7]" classname="org.springframework.batch.core.configuration.xml.StepNameTests" time="0.0"/>
  <testcase name="testStepNames[8]" classname="org.springframework.batch.core.configuration.xml.StepNameTests" time="0.0"/>
  <testcase name="testStepNames[9]" classname="org.springframework.batch.core.configuration.xml.StepNameTests" time="0.0"/>
  <testcase name="testStepNames[10]" classname="org.springframework.batch.core.configuration.xml.StepNameTests" time="0.0"/>
  <testcase name="testStepNames[11]" classname="org.springframework.batch.core.configuration.xml.StepNameTests" time="0.0"/>
  <testcase name="testStepNames[12]" classname="org.springframework.batch.core.configuration.xml.StepNameTests" time="0.0"/>
  <testcase name="testStepNames[13]" classname="org.springframework.batch.core.configuration.xml.StepNameTests" time="0.0"/>
  <testcase name="testStepNames[14]" classname="org.springframework.batch.core.configuration.xml.StepNameTests" time="0.0"/>
  <testcase name="testStepNames[15]" classname="org.springframework.batch.core.configuration.xml.StepNameTests" time="0.0"/>
  <testcase name="testStepNames[16]" classname="org.springframework.batch.core.configuration.xml.StepNameTests" time="0.0"/>
  <testcase name="testStepNames[17]" classname="org.springframework.batch.core.configuration.xml.StepNameTests" time="0.0"/>
  <testcase name="testStepNames[18]" classname="org.springframework.batch.core.configuration.xml.StepNameTests" time="0.0"/>
  <testcase name="testStepNames[19]" classname="org.springframework.batch.core.configuration.xml.StepNameTests" time="0.0"/>
  <testcase name="testStepNames[20]" classname="org.springframework.batch.core.configuration.xml.StepNameTests" time="0.001"/>
  <testcase name="testStepNames[21]" classname="org.springframework.batch.core.configuration.xml.StepNameTests" time="0.001"/>
  <testcase name="testStepNames[22]" classname="org.springframework.batch.core.configuration.xml.StepNameTests" time="0.0"/>
  <testcase name="testStepNames[23]" classname="org.springframework.batch.core.configuration.xml.StepNameTests" time="0.0"/>
  <testcase name="testStepNames[24]" classname="org.springframework.batch.core.configuration.xml.StepNameTests" time="0.0"/>
  <testcase name="testStepNames[25]" classname="org.springframework.batch.core.configuration.xml.StepNameTests" time="0.0"/>
  <testcase name="testStepNames[26]" classname="org.springframework.batch.core.configuration.xml.StepNameTests" time="0.0"/>
  <testcase name="testStepNames[27]" classname="org.springframework.batch.core.configuration.xml.StepNameTests" time="0.0"/>
  <testcase name="testStepNames[28]" classname="org.springframework.batch.core.configuration.xml.StepNameTests" time="0.0"/>
  <testcase name="testStepNames[29]" classname="org.springframework.batch.core.configuration.xml.StepNameTests" time="0.0"/>
  <testcase name="testStepNames[30]" classname="org.springframework.batch.core.configuration.xml.StepNameTests" time="0.0"/>
  <testcase name="testStepNames[31]" classname="org.springframework.batch.core.configuration.xml.StepNameTests" time="0.0"/>
  <testcase name="testStepNames[32]" classname="org.springframework.batch.core.configuration.xml.StepNameTests" time="0.0"/>
  <testcase name="testStepNames[33]" classname="org.springframework.batch.core.configuration.xml.StepNameTests" time="0.0"/>
  <testcase name="testStepNames[34]" classname="org.springframework.batch.core.configuration.xml.StepNameTests" time="0.0"/>
  <testcase name="testStepNames[35]" classname="org.springframework.batch.core.configuration.xml.StepNameTests" time="0.0"/>
  <testcase name="testStepNames[36]" classname="org.springframework.batch.core.configuration.xml.StepNameTests" time="0.0"/>
  <testcase name="testStepNames[37]" classname="org.springframework.batch.core.configuration.xml.StepNameTests" time="0.0"/>
  <testcase name="testStepNames[38]" classname="org.springframework.batch.core.configuration.xml.StepNameTests" time="0.0"/>
  <testcase name="testStepNames[39]" classname="org.springframework.batch.core.configuration.xml.StepNameTests" time="0.0"/>
  <testcase name="testStepNames[40]" classname="org.springframework.batch.core.configuration.xml.StepNameTests" time="0.0"/>
  <testcase name="testStepNames[41]" classname="org.springframework.batch.core.configuration.xml.StepNameTests" time="0.0"/>
  <testcase name="testStepNames[42]" classname="org.springframework.batch.core.configuration.xml.StepNameTests" time="0.0"/>
  <testcase name="testStepNames[43]" classname="org.springframework.batch.core.configuration.xml.StepNameTests" time="0.0"/>
  <testcase name="testStepNames[44]" classname="org.springframework.batch.core.configuration.xml.StepNameTests" time="0.001"/>
  <testcase name="testStepNames[45]" classname="org.springframework.batch.core.configuration.xml.StepNameTests" time="0.0"/>
  <testcase name="testStepNames[46]" classname="org.springframework.batch.core.configuration.xml.StepNameTests" time="0.0"/>
  <testcase name="testStepNames[47]" classname="org.springframework.batch.core.configuration.xml.StepNameTests" time="0.0"/>
  <testcase name="testStepNames[48]" classname="org.springframework.batch.core.configuration.xml.StepNameTests" time="0.0"/>
  <testcase name="testStepNames[49]" classname="org.springframework.batch.core.configuration.xml.StepNameTests" time="0.0"/>
  <testcase name="testStepNames[50]" classname="org.springframework.batch.core.configuration.xml.StepNameTests" time="0.0"/>
  <testcase name="testStepNames[51]" classname="org.springframework.batch.core.configuration.xml.StepNameTests" time="0.0"/>
  <testcase name="testStepNames[52]" classname="org.springframework.batch.core.configuration.xml.StepNameTests" time="0.0"/>
  <testcase name="testStepNames[53]" classname="org.springframework.batch.core.configuration.xml.StepNameTests" time="0.0"/>
  <testcase name="testStepNames[54]" classname="org.springframework.batch.core.configuration.xml.StepNameTests" time="0.0"/>
  <testcase name="testStepNames[55]" classname="org.springframework.batch.core.configuration.xml.StepNameTests" time="0.0"/>
  <testcase name="testStepNames[56]" classname="org.springframework.batch.core.configuration.xml.StepNameTests" time="0.0"/>
  <testcase name="testStepNames[57]" classname="org.springframework.batch.core.configuration.xml.StepNameTests" time="0.0"/>
  <testcase name="testStepNames[58]" classname="org.springframework.batch.core.configuration.xml.StepNameTests" time="0.001"/>
  <testcase name="testStepNames[59]" classname="org.springframework.batch.core.configuration.xml.StepNameTests" time="0.001"/>
  <testcase name="testStepNames[60]" classname="org.springframework.batch.core.configuration.xml.StepNameTests" time="0.0"/>
  <testcase name="testStepNames[61]" classname="org.springframework.batch.core.configuration.xml.StepNameTests" time="0.001"/>
  <testcase name="testStepNames[62]" classname="org.springframework.batch.core.configuration.xml.StepNameTests" time="0.0"/>
  <testcase name="testStepNames[63]" classname="org.springframework.batch.core.configuration.xml.StepNameTests" time="0.001"/>
  <testcase name="testStepNames[64]" classname="org.springframework.batch.core.configuration.xml.StepNameTests" time="0.0"/>
  <testcase name="testStepNames[65]" classname="org.springframework.batch.core.configuration.xml.StepNameTests" time="0.0"/>
  <testcase name="testStepNames[66]" classname="org.springframework.batch.core.configuration.xml.StepNameTests" time="0.0"/>
  <testcase name="testStepNames[67]" classname="org.springframework.batch.core.configuration.xml.StepNameTests" time="0.0"/>
  <testcase name="testStepNames[68]" classname="org.springframework.batch.core.configuration.xml.StepNameTests" time="0.0"/>
  <testcase name="testStepNames[69]" classname="org.springframework.batch.core.configuration.xml.StepNameTests" time="0.0"/>
  <testcase name="testStepNames[70]" classname="org.springframework.batch.core.configuration.xml.StepNameTests" time="0.0"/>
  <testcase name="testStepNames[71]" classname="org.springframework.batch.core.configuration.xml.StepNameTests" time="0.0"/>
  <testcase name="testStepNames[72]" classname="org.springframework.batch.core.configuration.xml.StepNameTests" time="0.0"/>
  <testcase name="testStepNames[73]" classname="org.springframework.batch.core.configuration.xml.StepNameTests" time="0.001"/>
  <testcase name="testStepNames[74]" classname="org.springframework.batch.core.configuration.xml.StepNameTests" time="0.0"/>
  <testcase name="testStepNames[75]" classname="org.springframework.batch.core.configuration.xml.StepNameTests" time="0.001"/>
  <testcase name="testStepNames[76]" classname="org.springframework.batch.core.configuration.xml.StepNameTests" time="0.0"/>
  <testcase name="testStepNames[77]" classname="org.springframework.batch.core.configuration.xml.StepNameTests" time="0.0"/>
  <testcase name="testStepNames[78]" classname="org.springframework.batch.core.configuration.xml.StepNameTests" time="0.0"/>
  <testcase name="testStepNames[79]" classname="org.springframework.batch.core.configuration.xml.StepNameTests" time="0.0"/>
  <testcase name="testStepNames[80]" classname="org.springframework.batch.core.configuration.xml.StepNameTests" time="0.0"/>
  <testcase name="testStepNames[81]" classname="org.springframework.batch.core.configuration.xml.StepNameTests" time="0.0"/>
  <testcase name="testStepNames[82]" classname="org.springframework.batch.core.configuration.xml.StepNameTests" time="0.0"/>
  <testcase name="testStepNames[83]" classname="org.springframework.batch.core.configuration.xml.StepNameTests" time="0.0"/>
  <testcase name="testStepNames[84]" classname="org.springframework.batch.core.configuration.xml.StepNameTests" time="0.0"/>
  <testcase name="testStepNames[85]" classname="org.springframework.batch.core.configuration.xml.StepNameTests" time="0.0"/>
  <testcase name="testStepNames[86]" classname="org.springframework.batch.core.configuration.xml.StepNameTests" time="0.0"/>
  <testcase name="testStepNames[87]" classname="org.springframework.batch.core.configuration.xml.StepNameTests" time="0.0"/>
  <testcase name="testStepNames[88]" classname="org.springframework.batch.core.configuration.xml.StepNameTests" time="0.0"/>
  <system-out><![CDATA[10:02:03,765  INFO Test worker support.FileSystemXmlApplicationContext:581 - Refreshing org.springframework.context.support.FileSystemXmlApplicationContext@d3fd6b6: startup date [Thu Mar 23 10:02:03 CDT 2017]; root of context hierarchy
10:02:03,766  INFO Test worker xml.XmlBeanDefinitionReader:317 - Loading XML bean definitions from URL [file:////Users/mminella/Documents/IntelliJWorkspace/spring-batch/spring-batch-core/build/resources/test/org/springframework/batch/core/configuration/xml/AutoRegisteringJobScopeForJobElementTests-context.xml]
10:02:03,774  INFO Test worker xml.XmlBeanDefinitionReader:317 - Loading XML bean definitions from URL [file:////Users/mminella/Documents/IntelliJWorkspace/spring-batch/spring-batch-core/build/resources/test/org/springframework/batch/core/configuration/xml/common-context.xml]
10:02:03,799  INFO Test worker support.FileSystemXmlApplicationContext:581 - Refreshing org.springframework.context.support.FileSystemXmlApplicationContext@1be62ff3: startup date [Thu Mar 23 10:02:03 CDT 2017]; root of context hierarchy
10:02:03,800  INFO Test worker xml.XmlBeanDefinitionReader:317 - Loading XML bean definitions from URL [file:////Users/mminella/Documents/IntelliJWorkspace/spring-batch/spring-batch-core/build/resources/test/org/springframework/batch/core/configuration/xml/AutoRegisteringJobScopeForStepElementTests-context.xml]
10:02:03,811  INFO Test worker xml.XmlBeanDefinitionReader:317 - Loading XML bean definitions from URL [file:////Users/mminella/Documents/IntelliJWorkspace/spring-batch/spring-batch-core/build/resources/test/org/springframework/batch/core/configuration/xml/common-context.xml]
10:02:03,829  INFO Test worker support.FileSystemXmlApplicationContext:581 - Refreshing org.springframework.context.support.FileSystemXmlApplicationContext@9039909: startup date [Thu Mar 23 10:02:03 CDT 2017]; root of context hierarchy
10:02:03,829  INFO Test worker xml.XmlBeanDefinitionReader:317 - Loading XML bean definitions from URL [file:////Users/mminella/Documents/IntelliJWorkspace/spring-batch/spring-batch-core/build/resources/test/org/springframework/batch/core/configuration/xml/AutoRegisteringStepScopeForJobElementTests-context.xml]
10:02:03,838  INFO Test worker xml.XmlBeanDefinitionReader:317 - Loading XML bean definitions from URL [file:////Users/mminella/Documents/IntelliJWorkspace/spring-batch/spring-batch-core/build/resources/test/org/springframework/batch/core/configuration/xml/common-context.xml]
10:02:03,863  INFO Test worker support.FileSystemXmlApplicationContext:581 - Refreshing org.springframework.context.support.FileSystemXmlApplicationContext@74eadfe: startup date [Thu Mar 23 10:02:03 CDT 2017]; root of context hierarchy
10:02:03,864  INFO Test worker xml.XmlBeanDefinitionReader:317 - Loading XML bean definitions from URL [file:////Users/mminella/Documents/IntelliJWorkspace/spring-batch/spring-batch-core/build/resources/test/org/springframework/batch/core/configuration/xml/AutoRegisteringStepScopeForStepElementTests-context.xml]
10:02:03,873  INFO Test worker xml.XmlBeanDefinitionReader:317 - Loading XML bean definitions from URL [file:////Users/mminella/Documents/IntelliJWorkspace/spring-batch/spring-batch-core/build/resources/test/org/springframework/batch/core/configuration/xml/common-context.xml]
10:02:03,891  INFO Test worker support.FileSystemXmlApplicationContext:581 - Refreshing org.springframework.context.support.FileSystemXmlApplicationContext@76228b56: startup date [Thu Mar 23 10:02:03 CDT 2017]; root of context hierarchy
10:02:03,892  INFO Test worker xml.XmlBeanDefinitionReader:317 - Loading XML bean definitions from URL [file:////Users/mminella/Documents/IntelliJWorkspace/spring-batch/spring-batch-core/build/resources/test/org/springframework/batch/core/configuration/xml/BeanDefinitionOverrideTests-context.xml]
10:02:03,923  INFO Test worker support.FileSystemXmlApplicationContext:581 - Refreshing org.springframework.context.support.FileSystemXmlApplicationContext@2183ff39: startup date [Thu Mar 23 10:02:03 CDT 2017]; root of context hierarchy
10:02:03,923  INFO Test worker xml.XmlBeanDefinitionReader:317 - Loading XML bean definitions from URL [file:////Users/mminella/Documents/IntelliJWorkspace/spring-batch/spring-batch-core/build/resources/test/org/springframework/batch/core/configuration/xml/BranchStepJobParserTests-context.xml]
10:02:03,934  INFO Test worker xml.XmlBeanDefinitionReader:317 - Loading XML bean definitions from URL [file:////Users/mminella/Documents/IntelliJWorkspace/spring-batch/spring-batch-core/build/resources/test/org/springframework/batch/core/configuration/xml/common-context.xml]
10:02:03,966  INFO Test worker support.FileSystemXmlApplicationContext:581 - Refreshing org.springframework.context.support.FileSystemXmlApplicationContext@9c35a1b: startup date [Thu Mar 23 10:02:03 CDT 2017]; root of context hierarchy
10:02:03,967  INFO Test worker xml.XmlBeanDefinitionReader:317 - Loading XML bean definitions from URL [file:////Users/mminella/Documents/IntelliJWorkspace/spring-batch/spring-batch-core/build/resources/test/org/springframework/batch/core/configuration/xml/ChunkElementIllegalAttributeParserTests-context.xml]
10:02:03,976  INFO Test worker xml.XmlBeanDefinitionReader:317 - Loading XML bean definitions from URL [file:////Users/mminella/Documents/IntelliJWorkspace/spring-batch/spring-batch-core/build/resources/test/org/springframework/batch/core/configuration/xml/common-context.xml]
10:02:03,999  INFO Test worker support.FileSystemXmlApplicationContext:581 - Refreshing org.springframework.context.support.FileSystemXmlApplicationContext@5f78a75e: startup date [Thu Mar 23 10:02:03 CDT 2017]; root of context hierarchy
10:02:04,000  INFO Test worker xml.XmlBeanDefinitionReader:317 - Loading XML bean definitions from URL [file:////Users/mminella/Documents/IntelliJWorkspace/spring-batch/spring-batch-core/build/resources/test/org/springframework/batch/core/configuration/xml/ChunkElementIllegalSkipAndRetryAttributeParserTests-context.xml]
10:02:04,011  INFO Test worker xml.XmlBeanDefinitionReader:317 - Loading XML bean definitions from URL [file:////Users/mminella/Documents/IntelliJWorkspace/spring-batch/spring-batch-core/build/resources/test/org/springframework/batch/core/configuration/xml/common-context.xml]
10:02:04,030  WARN Test worker support.FileSystemXmlApplicationContext:549 - Exception encountered during context initialization - cancelling refresh attempt: org.springframework.beans.factory.BeanCreationException: Error creating bean with name 'org.springframework.batch.core.configuration.xml.SimpleFlowFactoryBean#0': Cannot create inner bean '(inner bean)#7495a83d' of type [org.springframework.batch.core.job.flow.support.StateTransition] while setting bean property 'stateTransitions' with key [0]; nested exception is org.springframework.beans.factory.BeanCreationException: Error creating bean with name '(inner bean)#7495a83d': Cannot create inner bean '(inner bean)#2631486e' of type [org.springframework.batch.core.job.flow.support.state.StepState] while setting constructor argument; nested exception is org.springframework.beans.factory.BeanCreationException: Error creating bean with name '(inner bean)#2631486e': Cannot resolve reference to bean 's1' while setting constructor argument; nested exception is org.springframework.beans.factory.BeanCreationException: Error creating bean with name 's1': FactoryBean threw exception on object creation; nested exception is java.lang.IllegalArgumentException: The field 'skip-limit' is not permitted on the step [s1] because there is no 'skippable-exception-classes'.
10:02:04,030  INFO Test worker support.FileSystemXmlApplicationContext:581 - Refreshing org.springframework.context.support.FileSystemXmlApplicationContext@7fc2e53e: startup date [Thu Mar 23 10:02:04 CDT 2017]; root of context hierarchy
10:02:04,031  INFO Test worker xml.XmlBeanDefinitionReader:317 - Loading XML bean definitions from URL [file:////Users/mminella/Documents/IntelliJWorkspace/spring-batch/spring-batch-core/build/resources/test/org/springframework/batch/core/configuration/xml/ChunkElementIllegalTransactionalAttributeParserTests-context.xml]
10:02:04,040  INFO Test worker xml.XmlBeanDefinitionReader:317 - Loading XML bean definitions from URL [file:////Users/mminella/Documents/IntelliJWorkspace/spring-batch/spring-batch-core/build/resources/test/org/springframework/batch/core/configuration/xml/common-context.xml]
10:02:04,060  WARN Test worker support.FileSystemXmlApplicationContext:549 - Exception encountered during context initialization - cancelling refresh attempt: org.springframework.beans.factory.BeanCreationException: Error creating bean with name 'org.springframework.batch.core.configuration.xml.SimpleFlowFactoryBean#0': Cannot create inner bean '(inner bean)#421665fd' of type [org.springframework.batch.core.job.flow.support.StateTransition] while setting bean property 'stateTransitions' with key [0]; nested exception is org.springframework.beans.factory.BeanCreationException: Error creating bean with name '(inner bean)#421665fd': Cannot create inner bean '(inner bean)#670934a4' of type [org.springframework.batch.core.job.flow.support.state.StepState] while setting constructor argument; nested exception is org.springframework.beans.factory.BeanCreationException: Error creating bean with name '(inner bean)#670934a4': Cannot resolve reference to bean 's1' while setting constructor argument; nested exception is org.springframework.beans.factory.BeanCreationException: Error creating bean with name 's1': FactoryBean threw exception on object creation; nested exception is java.lang.IllegalArgumentException: The field 'processor-transactional' cannot be false if 'reader-transactional-queue' is true
10:02:04,061  INFO Test worker support.FileSystemXmlApplicationContext:581 - Refreshing org.springframework.context.support.FileSystemXmlApplicationContext@18546ebc: startup date [Thu Mar 23 10:02:04 CDT 2017]; root of context hierarchy
10:02:04,061  INFO Test worker xml.XmlBeanDefinitionReader:317 - Loading XML bean definitions from URL [file:////Users/mminella/Documents/IntelliJWorkspace/spring-batch/spring-batch-core/build/resources/test/org/springframework/batch/core/configuration/xml/ChunkElementLateBindingParserTests-context.xml]
10:02:04,071  INFO Test worker xml.XmlBeanDefinitionReader:317 - Loading XML bean definitions from URL [file:////Users/mminella/Documents/IntelliJWorkspace/spring-batch/spring-batch-core/build/resources/test/org/springframework/batch/core/configuration/xml/common-context.xml]
10:02:04,080  INFO Test worker support.DefaultListableBeanFactory:818 - Overriding bean definition for bean 'retryPolicy' with a different definition: replacing [Generic bean: class [org.springframework.retry.policy.SimpleRetryPolicy]; scope=step; abstract=false; lazyInit=false; autowireMode=0; dependencyCheck=0; autowireCandidate=false; primary=false; factoryBeanName=null; factoryMethodName=null; initMethodName=null; destroyMethodName=null; defined in URL [file:////Users/mminella/Documents/IntelliJWorkspace/spring-batch/spring-batch-core/build/resources/test/org/springframework/batch/core/configuration/xml/ChunkElementLateBindingParserTests-context.xml]] with [Root bean: class [org.springframework.aop.scope.ScopedProxyFactoryBean]; scope=; abstract=false; lazyInit=false; autowireMode=0; dependencyCheck=0; autowireCandidate=true; primary=false; factoryBeanName=null; factoryMethodName=null; initMethodName=null; destroyMethodName=null; defined in BeanDefinition defined in URL [file:////Users/mminella/Documents/IntelliJWorkspace/spring-batch/spring-batch-core/build/resources/test/org/springframework/batch/core/configuration/xml/ChunkElementLateBindingParserTests-context.xml]]
10:02:04,103  INFO Test worker support.FileSystemXmlApplicationContext:581 - Refreshing org.springframework.context.support.FileSystemXmlApplicationContext@ecfbf53: startup date [Thu Mar 23 10:02:04 CDT 2017]; root of context hierarchy
10:02:04,104  INFO Test worker xml.XmlBeanDefinitionReader:317 - Loading XML bean definitions from URL [file:////Users/mminella/Documents/IntelliJWorkspace/spring-batch/spring-batch-core/build/resources/test/org/springframework/batch/core/configuration/xml/ChunkElementParentAttributeParserTests-context.xml]
10:02:04,114  INFO Test worker xml.XmlBeanDefinitionReader:317 - Loading XML bean definitions from URL [file:////Users/mminella/Documents/IntelliJWorkspace/spring-batch/spring-batch-core/build/resources/test/org/springframework/batch/core/configuration/xml/common-context.xml]
10:02:04,152  INFO Test worker support.FileSystemXmlApplicationContext:581 - Refreshing org.springframework.context.support.FileSystemXmlApplicationContext@1f3faeb4: startup date [Thu Mar 23 10:02:04 CDT 2017]; root of context hierarchy
10:02:04,153  INFO Test worker xml.XmlBeanDefinitionReader:317 - Loading XML bean definitions from URL [file:////Users/mminella/Documents/IntelliJWorkspace/spring-batch/spring-batch-core/build/resources/test/org/springframework/batch/core/configuration/xml/ChunkElementRetryPolicyParserTests-context.xml]
10:02:04,162  INFO Test worker xml.XmlBeanDefinitionReader:317 - Loading XML bean definitions from URL [file:////Users/mminella/Documents/IntelliJWorkspace/spring-batch/spring-batch-core/build/resources/test/org/springframework/batch/core/configuration/xml/common-context.xml]
10:02:04,194  INFO Test worker support.FileSystemXmlApplicationContext:581 - Refreshing org.springframework.context.support.FileSystemXmlApplicationContext@615c47e9: startup date [Thu Mar 23 10:02:04 CDT 2017]; root of context hierarchy
10:02:04,194  INFO Test worker xml.XmlBeanDefinitionReader:317 - Loading XML bean definitions from URL [file:////Users/mminella/Documents/IntelliJWorkspace/spring-batch/spring-batch-core/build/resources/test/org/springframework/batch/core/configuration/xml/ChunkElementSimpleAttributeParserTests-context.xml]
10:02:04,203  INFO Test worker xml.XmlBeanDefinitionReader:317 - Loading XML bean definitions from URL [file:////Users/mminella/Documents/IntelliJWorkspace/spring-batch/spring-batch-core/build/resources/test/org/springframework/batch/core/configuration/xml/common-context.xml]
10:02:04,228  INFO Test worker support.FileSystemXmlApplicationContext:581 - Refreshing org.springframework.context.support.FileSystemXmlApplicationContext@775a0d54: startup date [Thu Mar 23 10:02:04 CDT 2017]; root of context hierarchy
10:02:04,229  INFO Test worker xml.XmlBeanDefinitionReader:317 - Loading XML bean definitions from URL [file:////Users/mminella/Documents/IntelliJWorkspace/spring-batch/spring-batch-core/build/resources/test/org/springframework/batch/core/configuration/xml/ChunkElementSkipAndRetryAttributeParserTests-context.xml]
10:02:04,238  INFO Test worker xml.XmlBeanDefinitionReader:317 - Loading XML bean definitions from URL [file:////Users/mminella/Documents/IntelliJWorkspace/spring-batch/spring-batch-core/build/resources/test/org/springframework/batch/core/configuration/xml/common-context.xml]
10:02:04,265  INFO Test worker support.FileSystemXmlApplicationContext:581 - Refreshing org.springframework.context.support.FileSystemXmlApplicationContext@21de3785: startup date [Thu Mar 23 10:02:04 CDT 2017]; root of context hierarchy
10:02:04,266  INFO Test worker xml.XmlBeanDefinitionReader:317 - Loading XML bean definitions from URL [file:////Users/mminella/Documents/IntelliJWorkspace/spring-batch/spring-batch-core/build/resources/test/org/springframework/batch/core/configuration/xml/ChunkElementSkipPolicyParserTests-context.xml]
10:02:04,274  INFO Test worker xml.XmlBeanDefinitionReader:317 - Loading XML bean definitions from URL [file:////Users/mminella/Documents/IntelliJWorkspace/spring-batch/spring-batch-core/build/resources/test/org/springframework/batch/core/configuration/xml/common-context.xml]
10:02:04,304  INFO Test worker support.FileSystemXmlApplicationContext:581 - Refreshing org.springframework.context.support.FileSystemXmlApplicationContext@260e57ed: startup date [Thu Mar 23 10:02:04 CDT 2017]; root of context hierarchy
10:02:04,305  INFO Test worker xml.XmlBeanDefinitionReader:317 - Loading XML bean definitions from URL [file:////Users/mminella/Documents/IntelliJWorkspace/spring-batch/spring-batch-core/build/resources/test/org/springframework/batch/core/configuration/xml/ChunkElementTransactionalAttributeParserTests-context.xml]
10:02:04,315  INFO Test worker xml.XmlBeanDefinitionReader:317 - Loading XML bean definitions from URL [file:////Users/mminella/Documents/IntelliJWorkspace/spring-batch/spring-batch-core/build/resources/test/org/springframework/batch/core/configuration/xml/common-context.xml]
10:02:04,342  INFO Test worker support.FileSystemXmlApplicationContext:581 - Refreshing org.springframework.context.support.FileSystemXmlApplicationContext@438c743e: startup date [Thu Mar 23 10:02:04 CDT 2017]; root of context hierarchy
10:02:04,342  INFO Test worker xml.XmlBeanDefinitionReader:317 - Loading XML bean definitions from URL [file:////Users/mminella/Documents/IntelliJWorkspace/spring-batch/spring-batch-core/build/resources/test/org/springframework/batch/core/configuration/xml/DecisionJobParserTests-context.xml]
10:02:04,351  INFO Test worker xml.XmlBeanDefinitionReader:317 - Loading XML bean definitions from URL [file:////Users/mminella/Documents/IntelliJWorkspace/spring-batch/spring-batch-core/build/resources/test/org/springframework/batch/core/configuration/xml/common-context.xml]
10:02:04,377  INFO Test worker support.FileSystemXmlApplicationContext:581 - Refreshing org.springframework.context.support.FileSystemXmlApplicationContext@ac51278: startup date [Thu Mar 23 10:02:04 CDT 2017]; root of context hierarchy
10:02:04,377  INFO Test worker xml.XmlBeanDefinitionReader:317 - Loading XML bean definitions from URL [file:////Users/mminella/Documents/IntelliJWorkspace/spring-batch/spring-batch-core/build/resources/test/org/springframework/batch/core/configuration/xml/DefaultFailureJobParserTests-context.xml]
10:02:04,385  INFO Test worker xml.XmlBeanDefinitionReader:317 - Loading XML bean definitions from URL [file:////Users/mminella/Documents/IntelliJWorkspace/spring-batch/spring-batch-core/build/resources/test/org/springframework/batch/core/configuration/xml/common-context.xml]
10:02:04,409  INFO Test worker support.FileSystemXmlApplicationContext:581 - Refreshing org.springframework.context.support.FileSystemXmlApplicationContext@6c31b539: startup date [Thu Mar 23 10:02:04 CDT 2017]; root of context hierarchy
10:02:04,410  INFO Test worker xml.XmlBeanDefinitionReader:317 - Loading XML bean definitions from URL [file:////Users/mminella/Documents/IntelliJWorkspace/spring-batch/spring-batch-core/build/resources/test/org/springframework/batch/core/configuration/xml/DefaultSuccessJobParserTests-context.xml]
10:02:04,421  INFO Test worker xml.XmlBeanDefinitionReader:317 - Loading XML bean definitions from URL [file:////Users/mminella/Documents/IntelliJWorkspace/spring-batch/spring-batch-core/build/resources/test/org/springframework/batch/core/configuration/xml/common-context.xml]
10:02:04,446  INFO Test worker support.FileSystemXmlApplicationContext:581 - Refreshing org.springframework.context.support.FileSystemXmlApplicationContext@312a0b42: startup date [Thu Mar 23 10:02:04 CDT 2017]; root of context hierarchy
10:02:04,446  INFO Test worker xml.XmlBeanDefinitionReader:317 - Loading XML bean definitions from URL [file:////Users/mminella/Documents/IntelliJWorkspace/spring-batch/spring-batch-core/build/resources/test/org/springframework/batch/core/configuration/xml/DefaultUnknownJobParserTests-context.xml]
10:02:04,459  INFO Test worker xml.XmlBeanDefinitionReader:317 - Loading XML bean definitions from URL [file:////Users/mminella/Documents/IntelliJWorkspace/spring-batch/spring-batch-core/build/resources/test/org/springframework/batch/core/configuration/xml/common-context.xml]
10:02:04,486  INFO Test worker support.FileSystemXmlApplicationContext:581 - Refreshing org.springframework.context.support.FileSystemXmlApplicationContext@334896ae: startup date [Thu Mar 23 10:02:04 CDT 2017]; root of context hierarchy
10:02:04,487  INFO Test worker xml.XmlBeanDefinitionReader:317 - Loading XML bean definitions from URL [file:////Users/mminella/Documents/IntelliJWorkspace/spring-batch/spring-batch-core/build/resources/test/org/springframework/batch/core/configuration/xml/DuplicateTransitionJobParserTests-context.xml]
10:02:04,497  INFO Test worker xml.XmlBeanDefinitionReader:317 - Loading XML bean definitions from URL [file:////Users/mminella/Documents/IntelliJWorkspace/spring-batch/spring-batch-core/build/resources/test/org/springframework/batch/core/configuration/xml/common-context.xml]
10:02:04,506  INFO Test worker support.FileSystemXmlApplicationContext:581 - Refreshing org.springframework.context.support.FileSystemXmlApplicationContext@73b68f5e: startup date [Thu Mar 23 10:02:04 CDT 2017]; root of context hierarchy
10:02:04,506  INFO Test worker xml.XmlBeanDefinitionReader:317 - Loading XML bean definitions from URL [file:////Users/mminella/Documents/IntelliJWorkspace/spring-batch/spring-batch-core/build/resources/test/org/springframework/batch/core/configuration/xml/EndTransitionDefaultStatusJobParserTests-context.xml]
10:02:04,516  INFO Test worker xml.XmlBeanDefinitionReader:317 - Loading XML bean definitions from URL [file:////Users/mminella/Documents/IntelliJWorkspace/spring-batch/spring-batch-core/build/resources/test/org/springframework/batch/core/configuration/xml/common-context.xml]
10:02:04,536  INFO Test worker support.FileSystemXmlApplicationContext:581 - Refreshing org.springframework.context.support.FileSystemXmlApplicationContext@368cca9: startup date [Thu Mar 23 10:02:04 CDT 2017]; root of context hierarchy
10:02:04,536  INFO Test worker xml.XmlBeanDefinitionReader:317 - Loading XML bean definitions from URL [file:////Users/mminella/Documents/IntelliJWorkspace/spring-batch/spring-batch-core/build/resources/test/org/springframework/batch/core/configuration/xml/EndTransitionJobParserTests-context.xml]
10:02:04,547  INFO Test worker xml.XmlBeanDefinitionReader:317 - Loading XML bean definitions from URL [file:////Users/mminella/Documents/IntelliJWorkspace/spring-batch/spring-batch-core/build/resources/test/org/springframework/batch/core/configuration/xml/common-context.xml]
10:02:04,570  INFO Test worker support.FileSystemXmlApplicationContext:581 - Refreshing org.springframework.context.support.FileSystemXmlApplicationContext@7351d548: startup date [Thu Mar 23 10:02:04 CDT 2017]; root of context hierarchy
10:02:04,571  INFO Test worker xml.XmlBeanDefinitionReader:317 - Loading XML bean definitions from URL [file:////Users/mminella/Documents/IntelliJWorkspace/spring-batch/spring-batch-core/build/resources/test/org/springframework/batch/core/configuration/xml/FailTransitionDefaultStatusJobParserTests-context.xml]
10:02:04,580  INFO Test worker xml.XmlBeanDefinitionReader:317 - Loading XML bean definitions from URL [file:////Users/mminella/Documents/IntelliJWorkspace/spring-batch/spring-batch-core/build/resources/test/org/springframework/batch/core/configuration/xml/common-context.xml]
10:02:04,604  INFO Test worker support.FileSystemXmlApplicationContext:581 - Refreshing org.springframework.context.support.FileSystemXmlApplicationContext@35609b75: startup date [Thu Mar 23 10:02:04 CDT 2017]; root of context hierarchy
10:02:04,605  INFO Test worker xml.XmlBeanDefinitionReader:317 - Loading XML bean definitions from URL [file:////Users/mminella/Documents/IntelliJWorkspace/spring-batch/spring-batch-core/build/resources/test/org/springframework/batch/core/configuration/xml/FailTransitionJobParserTests-context.xml]
10:02:04,617  INFO Test worker xml.XmlBeanDefinitionReader:317 - Loading XML bean definitions from URL [file:////Users/mminella/Documents/IntelliJWorkspace/spring-batch/spring-batch-core/build/resources/test/org/springframework/batch/core/configuration/xml/common-context.xml]
10:02:04,650  INFO Test worker support.FileSystemXmlApplicationContext:581 - Refreshing org.springframework.context.support.FileSystemXmlApplicationContext@378fb88f: startup date [Thu Mar 23 10:02:04 CDT 2017]; root of context hierarchy
10:02:04,651  INFO Test worker xml.XmlBeanDefinitionReader:317 - Loading XML bean definitions from URL [file:////Users/mminella/Documents/IntelliJWorkspace/spring-batch/spring-batch-core/build/resources/test/org/springframework/batch/core/configuration/xml/FlowJobParserTests-context.xml]
10:02:04,663  INFO Test worker xml.XmlBeanDefinitionReader:317 - Loading XML bean definitions from URL [file:////Users/mminella/Documents/IntelliJWorkspace/spring-batch/spring-batch-core/build/resources/test/org/springframework/batch/core/configuration/xml/common-context.xml]
10:02:04,795  INFO Test worker support.FileSystemXmlApplicationContext:581 - Refreshing org.springframework.context.support.FileSystemXmlApplicationContext@7543c8a8: startup date [Thu Mar 23 10:02:04 CDT 2017]; root of context hierarchy
10:02:04,796  INFO Test worker xml.XmlBeanDefinitionReader:317 - Loading XML bean definitions from URL [file:////Users/mminella/Documents/IntelliJWorkspace/spring-batch/spring-batch-core/build/resources/test/org/springframework/batch/core/configuration/xml/FlowStepParserTests-context.xml]
10:02:04,810  INFO Test worker xml.XmlBeanDefinitionReader:317 - Loading XML bean definitions from URL [file:////Users/mminella/Documents/IntelliJWorkspace/spring-batch/spring-batch-core/build/resources/test/org/springframework/batch/core/configuration/xml/common-context.xml]
10:02:04,887  INFO Test worker support.FileSystemXmlApplicationContext:581 - Refreshing org.springframework.context.support.FileSystemXmlApplicationContext@2294c85c: startup date [Thu Mar 23 10:02:04 CDT 2017]; root of context hierarchy
10:02:04,887  INFO Test worker xml.XmlBeanDefinitionReader:317 - Loading XML bean definitions from URL [file:////Users/mminella/Documents/IntelliJWorkspace/spring-batch/spring-batch-core/build/resources/test/org/springframework/batch/core/configuration/xml/InlineItemHandlerParserTests-context.xml]
10:02:04,902  INFO Test worker xml.XmlBeanDefinitionReader:317 - Loading XML bean definitions from URL [file:////Users/mminella/Documents/IntelliJWorkspace/spring-batch/spring-batch-core/build/resources/test/org/springframework/batch/core/configuration/xml/common-context.xml]
10:02:04,954  INFO Test worker support.FileSystemXmlApplicationContext:581 - Refreshing org.springframework.context.support.FileSystemXmlApplicationContext@50cedc0a: startup date [Thu Mar 23 10:02:04 CDT 2017]; root of context hierarchy
10:02:04,955  INFO Test worker xml.XmlBeanDefinitionReader:317 - Loading XML bean definitions from URL [file:////Users/mminella/Documents/IntelliJWorkspace/spring-batch/spring-batch-core/build/resources/test/org/springframework/batch/core/configuration/xml/InlineItemHandlerWithStepScopeParserTests-context.xml]
10:02:04,986  INFO Test worker support.FileSystemXmlApplicationContext:581 - Refreshing org.springframework.context.support.FileSystemXmlApplicationContext@4d30ede6: startup date [Thu Mar 23 10:02:04 CDT 2017]; root of context hierarchy
10:02:04,987  INFO Test worker xml.XmlBeanDefinitionReader:317 - Loading XML bean definitions from URL [file:////Users/mminella/Documents/IntelliJWorkspace/spring-batch/spring-batch-core/build/resources/test/org/springframework/batch/core/configuration/xml/JobExecutionListenerMethodAttributeParserTests-context.xml]
10:02:04,999  INFO Test worker xml.XmlBeanDefinitionReader:317 - Loading XML bean definitions from URL [file:////Users/mminella/Documents/IntelliJWorkspace/spring-batch/spring-batch-core/build/resources/test/org/springframework/batch/core/configuration/xml/common-context.xml]
10:02:05,038  INFO Test worker support.FileSystemXmlApplicationContext:581 - Refreshing org.springframework.context.support.FileSystemXmlApplicationContext@66082ec5: startup date [Thu Mar 23 10:02:05 CDT 2017]; root of context hierarchy
10:02:05,038  INFO Test worker xml.XmlBeanDefinitionReader:317 - Loading XML bean definitions from URL [file:////Users/mminella/Documents/IntelliJWorkspace/spring-batch/spring-batch-core/build/resources/test/org/springframework/batch/core/configuration/xml/JobExecutionListenerParserTests-context.xml]
10:02:05,051  INFO Test worker xml.XmlBeanDefinitionReader:317 - Loading XML bean definitions from URL [file:////Users/mminella/Documents/IntelliJWorkspace/spring-batch/spring-batch-core/build/resources/test/org/springframework/batch/core/configuration/xml/common-context.xml]
10:02:05,091  INFO Test worker support.FileSystemXmlApplicationContext:581 - Refreshing org.springframework.context.support.FileSystemXmlApplicationContext@4770464: startup date [Thu Mar 23 10:02:05 CDT 2017]; root of context hierarchy
10:02:05,091  INFO Test worker xml.XmlBeanDefinitionReader:317 - Loading XML bean definitions from URL [file:////Users/mminella/Documents/IntelliJWorkspace/spring-batch/spring-batch-core/build/resources/test/org/springframework/batch/core/configuration/xml/JobParserNextOutOfScopeTests-context.xml]
10:02:05,105  INFO Test worker xml.XmlBeanDefinitionReader:317 - Loading XML bean definitions from URL [file:////Users/mminella/Documents/IntelliJWorkspace/spring-batch/spring-batch-core/build/resources/test/org/springframework/batch/core/configuration/xml/common-context.xml]
10:02:05,136  WARN Test worker support.FileSystemXmlApplicationContext:549 - Exception encountered during context initialization - cancelling refresh attempt: org.springframework.beans.factory.BeanCreationException: Error creating bean with name 'org.springframework.batch.core.configuration.xml.SimpleFlowFactoryBean#0': Cannot create inner bean '(inner bean)#27ae84d6' of type [org.springframework.batch.core.job.flow.support.StateTransition] while setting bean property 'stateTransitions' with key [4]; nested exception is org.springframework.beans.factory.BeanCreationException: Error creating bean with name '(inner bean)#27ae84d6': Cannot create inner bean '(inner bean)#7f1d900a' of type [org.springframework.batch.core.job.flow.support.state.SplitState] while setting constructor argument; nested exception is org.springframework.beans.factory.BeanCreationException: Error creating bean with name '(inner bean)#7f1d900a': Cannot create inner bean '(inner bean)#325610e6' of type [org.springframework.batch.core.configuration.xml.SimpleFlowFactoryBean] while setting constructor argument with key [0]; nested exception is org.springframework.beans.factory.BeanCreationException: Error creating bean with name '(inner bean)#325610e6': FactoryBean threw exception on object creation; nested exception is java.lang.IllegalArgumentException: Missing state for [StateTransition: [state=split1.0.s2, pattern=*, next=split1.0.s3]]
10:02:05,137  INFO Test worker support.FileSystemXmlApplicationContext:581 - Refreshing org.springframework.context.support.FileSystemXmlApplicationContext@3da10762: startup date [Thu Mar 23 10:02:05 CDT 2017]; root of context hierarchy
10:02:05,137  INFO Test worker xml.XmlBeanDefinitionReader:317 - Loading XML bean definitions from URL [file:////Users/mminella/Documents/IntelliJWorkspace/spring-batch/spring-batch-core/build/resources/test/org/springframework/batch/core/configuration/xml/JobParserParentAttributeTests-context.xml]
10:02:05,149  INFO Test worker xml.XmlBeanDefinitionReader:317 - Loading XML bean definitions from URL [file:////Users/mminella/Documents/IntelliJWorkspace/spring-batch/spring-batch-core/build/resources/test/org/springframework/batch/core/configuration/xml/common-context.xml]
10:02:05,213  INFO Test worker support.FileSystemXmlApplicationContext:581 - Refreshing org.springframework.context.support.FileSystemXmlApplicationContext@44c1ecc2: startup date [Thu Mar 23 10:02:05 CDT 2017]; root of context hierarchy
10:02:05,214  INFO Test worker xml.XmlBeanDefinitionReader:317 - Loading XML bean definitions from URL [file:////Users/mminella/Documents/IntelliJWorkspace/spring-batch/spring-batch-core/build/resources/test/org/springframework/batch/core/configuration/xml/JobParserUnreachableStepInFlowTests-context.xml]
10:02:05,225  INFO Test worker xml.XmlBeanDefinitionReader:317 - Loading XML bean definitions from URL [file:////Users/mminella/Documents/IntelliJWorkspace/spring-batch/spring-batch-core/build/resources/test/org/springframework/batch/core/configuration/xml/common-context.xml]
10:02:05,234  INFO Test worker support.FileSystemXmlApplicationContext:581 - Refreshing org.springframework.context.support.FileSystemXmlApplicationContext@1a6d0472: startup date [Thu Mar 23 10:02:05 CDT 2017]; root of context hierarchy
10:02:05,235  INFO Test worker xml.XmlBeanDefinitionReader:317 - Loading XML bean definitions from URL [file:////Users/mminella/Documents/IntelliJWorkspace/spring-batch/spring-batch-core/build/resources/test/org/springframework/batch/core/configuration/xml/JobParserUnreachableStepTests-context.xml]
10:02:05,246  INFO Test worker xml.XmlBeanDefinitionReader:317 - Loading XML bean definitions from URL [file:////Users/mminella/Documents/IntelliJWorkspace/spring-batch/spring-batch-core/build/resources/test/org/springframework/batch/core/configuration/xml/common-context.xml]
10:02:05,255  INFO Test worker support.FileSystemXmlApplicationContext:581 - Refreshing org.springframework.context.support.FileSystemXmlApplicationContext@64994102: startup date [Thu Mar 23 10:02:05 CDT 2017]; root of context hierarchy
10:02:05,255  INFO Test worker xml.XmlBeanDefinitionReader:317 - Loading XML bean definitions from URL [file:////Users/mminella/Documents/IntelliJWorkspace/spring-batch/spring-batch-core/build/resources/test/org/springframework/batch/core/configuration/xml/JobParserValidatorTests-context.xml]
10:02:05,267  INFO Test worker xml.XmlBeanDefinitionReader:317 - Loading XML bean definitions from URL [file:////Users/mminella/Documents/IntelliJWorkspace/spring-batch/spring-batch-core/build/resources/test/org/springframework/batch/core/configuration/xml/common-context.xml]
10:02:05,310  INFO Test worker support.FileSystemXmlApplicationContext:581 - Refreshing org.springframework.context.support.FileSystemXmlApplicationContext@2908a3ef: startup date [Thu Mar 23 10:02:05 CDT 2017]; root of context hierarchy
10:02:05,311  INFO Test worker xml.XmlBeanDefinitionReader:317 - Loading XML bean definitions from URL [file:////Users/mminella/Documents/IntelliJWorkspace/spring-batch/spring-batch-core/build/resources/test/org/springframework/batch/core/configuration/xml/JobRegistryJobParserTests-context.xml]
10:02:05,328  INFO Test worker support.PostProcessorRegistrationDelegate$BeanPostProcessorChecker:325 - Bean 'jobRegistry' of type [class org.springframework.batch.core.configuration.support.MapJobRegistry] is not eligible for getting processed by all BeanPostProcessors (for example: not eligible for auto-proxying)
10:02:05,350  INFO Test worker support.FileSystemXmlApplicationContext:581 - Refreshing org.springframework.context.support.FileSystemXmlApplicationContext@3c63393a: startup date [Thu Mar 23 10:02:05 CDT 2017]; root of context hierarchy
10:02:05,350  INFO Test worker xml.XmlBeanDefinitionReader:317 - Loading XML bean definitions from URL [file:////Users/mminella/Documents/IntelliJWorkspace/spring-batch/spring-batch-core/build/resources/test/org/springframework/batch/core/configuration/xml/JobRepositoryDefaultParserTests-context.xml]
10:02:05,371  INFO Test worker datasource.DriverManagerDataSource:133 - Loaded JDBC driver: org.hsqldb.jdbcDriver
10:02:05,378  INFO Test worker support.JobRepositoryFactoryBean:184 - No database type set, using meta data indicating: HSQL
10:02:05,380  INFO Test worker support.FileSystemXmlApplicationContext:581 - Refreshing org.springframework.context.support.FileSystemXmlApplicationContext@27d00157: startup date [Thu Mar 23 10:02:05 CDT 2017]; root of context hierarchy
10:02:05,381  INFO Test worker xml.XmlBeanDefinitionReader:317 - Loading XML bean definitions from URL [file:////Users/mminella/Documents/IntelliJWorkspace/spring-batch/spring-batch-core/build/resources/test/org/springframework/batch/core/configuration/xml/JobRepositoryParserReferenceTests-context.xml]
10:02:05,396  INFO Test worker datasource.DriverManagerDataSource:133 - Loaded JDBC driver: org.hsqldb.jdbcDriver
10:02:05,404  INFO Test worker support.JobRepositoryFactoryBean:184 - No database type set, using meta data indicating: HSQL
10:02:05,406  INFO Test worker support.FileSystemXmlApplicationContext:581 - Refreshing org.springframework.context.support.FileSystemXmlApplicationContext@1654e733: startup date [Thu Mar 23 10:02:05 CDT 2017]; root of context hierarchy
10:02:05,407  INFO Test worker xml.XmlBeanDefinitionReader:317 - Loading XML bean definitions from URL [file:////Users/mminella/Documents/IntelliJWorkspace/spring-batch/spring-batch-core/build/resources/test/org/springframework/batch/core/configuration/xml/JobRepositoryParserTests-context.xml]
10:02:05,429  INFO Test worker datasource.DriverManagerDataSource:133 - Loaded JDBC driver: org.hsqldb.jdbcDriver
10:02:05,442  INFO Test worker support.JobRepositoryFactoryBean:184 - No database type set, using meta data indicating: HSQL
10:02:05,443  INFO Test worker support.FileSystemXmlApplicationContext:581 - Refreshing org.springframework.context.support.FileSystemXmlApplicationContext@3626d456: startup date [Thu Mar 23 10:02:05 CDT 2017]; root of context hierarchy
10:02:05,444  INFO Test worker xml.XmlBeanDefinitionReader:317 - Loading XML bean definitions from URL [file:////Users/mminella/Documents/IntelliJWorkspace/spring-batch/spring-batch-core/build/resources/test/org/springframework/batch/core/configuration/xml/JobStepParserTests-context.xml]
10:02:05,466  INFO Test worker xml.XmlBeanDefinitionReader:317 - Loading XML bean definitions from URL [file:////Users/mminella/Documents/IntelliJWorkspace/spring-batch/spring-batch-core/build/resources/test/org/springframework/batch/core/configuration/xml/common-context.xml]
10:02:05,501  INFO Test worker support.SimpleJobLauncher:201 - No TaskExecutor has been set, defaulting to synchronous executor.
10:02:05,510  INFO Test worker support.SimpleJobLauncher:201 - No TaskExecutor has been set, defaulting to synchronous executor.
10:02:05,547  INFO Test worker support.FileSystemXmlApplicationContext:581 - Refreshing org.springframework.context.support.FileSystemXmlApplicationContext@69c443dd: startup date [Thu Mar 23 10:02:05 CDT 2017]; root of context hierarchy
10:02:05,548  INFO Test worker xml.XmlBeanDefinitionReader:317 - Loading XML bean definitions from URL [file:////Users/mminella/Documents/IntelliJWorkspace/spring-batch/spring-batch-core/build/resources/test/org/springframework/batch/core/configuration/xml/NamespacePrefixedJobParserTests-context.xml]
10:02:05,563  INFO Test worker xml.XmlBeanDefinitionReader:317 - Loading XML bean definitions from URL [file:////Users/mminella/Documents/IntelliJWorkspace/spring-batch/spring-batch-core/build/resources/test/org/springframework/batch/core/configuration/xml/common-context.xml]
10:02:05,572  INFO Test worker support.DefaultListableBeanFactory:818 - Overriding bean definition for bean 'step4' with a different definition: replacing [Generic bean with parent 'step1': class [null]; scope=; abstract=false; lazyInit=false; autowireMode=0; dependencyCheck=0; autowireCandidate=true; primary=false; factoryBeanName=null; factoryMethodName=null; initMethodName=null; destroyMethodName=null; defined in URL [file:////Users/mminella/Documents/IntelliJWorkspace/spring-batch/spring-batch-core/build/resources/test/org/springframework/batch/core/configuration/xml/common-context.xml]] with [Generic bean with parent 'step45': class [null]; scope=; abstract=false; lazyInit=false; autowireMode=0; dependencyCheck=0; autowireCandidate=true; primary=false; factoryBeanName=null; factoryMethodName=null; initMethodName=null; destroyMethodName=null]
10:02:05,592  INFO Test worker support.FileSystemXmlApplicationContext:581 - Refreshing org.springframework.context.support.FileSystemXmlApplicationContext@195dd6ef: startup date [Thu Mar 23 10:02:05 CDT 2017]; root of context hierarchy
10:02:05,593  INFO Test worker xml.XmlBeanDefinitionReader:317 - Loading XML bean definitions from URL [file:////Users/mminella/Documents/IntelliJWorkspace/spring-batch/spring-batch-core/build/resources/test/org/springframework/batch/core/configuration/xml/NextAttributeJobParserTests-context.xml]
10:02:05,605  INFO Test worker xml.XmlBeanDefinitionReader:317 - Loading XML bean definitions from URL [file:////Users/mminella/Documents/IntelliJWorkspace/spring-batch/spring-batch-core/build/resources/test/org/springframework/batch/core/configuration/xml/common-context.xml]
10:02:05,629  INFO Test worker support.FileSystemXmlApplicationContext:581 - Refreshing org.springframework.context.support.FileSystemXmlApplicationContext@69d102e7: startup date [Thu Mar 23 10:02:05 CDT 2017]; root of context hierarchy
10:02:05,629  INFO Test worker xml.XmlBeanDefinitionReader:317 - Loading XML bean definitions from URL [file:////Users/mminella/Documents/IntelliJWorkspace/spring-batch/spring-batch-core/build/resources/test/org/springframework/batch/core/configuration/xml/NextAttributeMultipleFinalJobParserTests-context.xml]
10:02:05,637  INFO Test worker xml.XmlBeanDefinitionReader:317 - Loading XML bean definitions from URL [file:////Users/mminella/Documents/IntelliJWorkspace/spring-batch/spring-batch-core/build/resources/test/org/springframework/batch/core/configuration/xml/common-context.xml]
10:02:05,644  INFO Test worker support.FileSystemXmlApplicationContext:581 - Refreshing org.springframework.context.support.FileSystemXmlApplicationContext@15f11bb0: startup date [Thu Mar 23 10:02:05 CDT 2017]; root of context hierarchy
10:02:05,645  INFO Test worker xml.XmlBeanDefinitionReader:317 - Loading XML bean definitions from URL [file:////Users/mminella/Documents/IntelliJWorkspace/spring-batch/spring-batch-core/build/resources/test/org/springframework/batch/core/configuration/xml/NextAttributeUnknownJobParserTests-context.xml]
10:02:05,653  INFO Test worker xml.XmlBeanDefinitionReader:317 - Loading XML bean definitions from URL [file:////Users/mminella/Documents/IntelliJWorkspace/spring-batch/spring-batch-core/build/resources/test/org/springframework/batch/core/configuration/xml/common-context.xml]
10:02:05,687  INFO Test worker support.FileSystemXmlApplicationContext:581 - Refreshing org.springframework.context.support.FileSystemXmlApplicationContext@75229e6c: startup date [Thu Mar 23 10:02:05 CDT 2017]; root of context hierarchy
10:02:05,687  INFO Test worker xml.XmlBeanDefinitionReader:317 - Loading XML bean definitions from URL [file:////Users/mminella/Documents/IntelliJWorkspace/spring-batch/spring-batch-core/build/resources/test/org/springframework/batch/core/configuration/xml/OneStepJobParserTests-context.xml]
10:02:05,697  INFO Test worker xml.XmlBeanDefinitionReader:317 - Loading XML bean definitions from URL [file:////Users/mminella/Documents/IntelliJWorkspace/spring-batch/spring-batch-core/build/resources/test/org/springframework/batch/core/configuration/xml/common-context.xml]
10:02:05,718  INFO Test worker support.FileSystemXmlApplicationContext:581 - Refreshing org.springframework.context.support.FileSystemXmlApplicationContext@1c78a886: startup date [Thu Mar 23 10:02:05 CDT 2017]; root of context hierarchy
10:02:05,718  INFO Test worker xml.XmlBeanDefinitionReader:317 - Loading XML bean definitions from URL [file:////Users/mminella/Documents/IntelliJWorkspace/spring-batch/spring-batch-core/build/resources/test/org/springframework/batch/core/configuration/xml/ParentRetryableLateBindingStepFactoryBeanParserTests-context.xml]
10:02:05,726  INFO Test worker xml.XmlBeanDefinitionReader:317 - Loading XML bean definitions from URL [file:////Users/mminella/Documents/IntelliJWorkspace/spring-batch/spring-batch-core/build/resources/test/org/springframework/batch/core/configuration/xml/common-context.xml]
10:02:05,735  INFO Test worker support.DefaultListableBeanFactory:818 - Overriding bean definition for bean 'retryPolicy' with a different definition: replacing [Generic bean: class [org.springframework.retry.policy.SimpleRetryPolicy]; scope=step; abstract=false; lazyInit=false; autowireMode=0; dependencyCheck=0; autowireCandidate=false; primary=false; factoryBeanName=null; factoryMethodName=null; initMethodName=null; destroyMethodName=null; defined in URL [file:////Users/mminella/Documents/IntelliJWorkspace/spring-batch/spring-batch-core/build/resources/test/org/springframework/batch/core/configuration/xml/ParentRetryableLateBindingStepFactoryBeanParserTests-context.xml]] with [Root bean: class [org.springframework.aop.scope.ScopedProxyFactoryBean]; scope=; abstract=false; lazyInit=false; autowireMode=0; dependencyCheck=0; autowireCandidate=true; primary=false; factoryBeanName=null; factoryMethodName=null; initMethodName=null; destroyMethodName=null; defined in BeanDefinition defined in URL [file:////Users/mminella/Documents/IntelliJWorkspace/spring-batch/spring-batch-core/build/resources/test/org/springframework/batch/core/configuration/xml/ParentRetryableLateBindingStepFactoryBeanParserTests-context.xml]]
10:02:05,754  INFO Test worker support.FileSystemXmlApplicationContext:581 - Refreshing org.springframework.context.support.FileSystemXmlApplicationContext@2121c0d0: startup date [Thu Mar 23 10:02:05 CDT 2017]; root of context hierarchy
10:02:05,755  INFO Test worker xml.XmlBeanDefinitionReader:317 - Loading XML bean definitions from URL [file:////Users/mminella/Documents/IntelliJWorkspace/spring-batch/spring-batch-core/build/resources/test/org/springframework/batch/core/configuration/xml/ParentRetryableStepFactoryBeanParserTests-context.xml]
10:02:05,764  INFO Test worker xml.XmlBeanDefinitionReader:317 - Loading XML bean definitions from URL [file:////Users/mminella/Documents/IntelliJWorkspace/spring-batch/spring-batch-core/build/resources/test/org/springframework/batch/core/configuration/xml/common-context.xml]
10:02:05,787  INFO Test worker support.FileSystemXmlApplicationContext:581 - Refreshing org.springframework.context.support.FileSystemXmlApplicationContext@2b5ee3d2: startup date [Thu Mar 23 10:02:05 CDT 2017]; root of context hierarchy
10:02:05,788  INFO Test worker xml.XmlBeanDefinitionReader:317 - Loading XML bean definitions from URL [file:////Users/mminella/Documents/IntelliJWorkspace/spring-batch/spring-batch-core/build/resources/test/org/springframework/batch/core/configuration/xml/ParentSkippableLateBindingStepFactoryBeanParserTests-context.xml]
10:02:05,795  INFO Test worker xml.XmlBeanDefinitionReader:317 - Loading XML bean definitions from URL [file:////Users/mminella/Documents/IntelliJWorkspace/spring-batch/spring-batch-core/build/resources/test/org/springframework/batch/core/configuration/xml/common-context.xml]
10:02:05,804  INFO Test worker support.DefaultListableBeanFactory:818 - Overriding bean definition for bean 'skipPolicy' with a different definition: replacing [Generic bean: class [org.springframework.batch.core.step.skip.LimitCheckingItemSkipPolicy]; scope=step; abstract=false; lazyInit=false; autowireMode=0; dependencyCheck=0; autowireCandidate=false; primary=false; factoryBeanName=null; factoryMethodName=null; initMethodName=null; destroyMethodName=null; defined in URL [file:////Users/mminella/Documents/IntelliJWorkspace/spring-batch/spring-batch-core/build/resources/test/org/springframework/batch/core/configuration/xml/ParentSkippableLateBindingStepFactoryBeanParserTests-context.xml]] with [Root bean: class [org.springframework.aop.scope.ScopedProxyFactoryBean]; scope=; abstract=false; lazyInit=false; autowireMode=0; dependencyCheck=0; autowireCandidate=true; primary=false; factoryBeanName=null; factoryMethodName=null; initMethodName=null; destroyMethodName=null; defined in BeanDefinition defined in URL [file:////Users/mminella/Documents/IntelliJWorkspace/spring-batch/spring-batch-core/build/resources/test/org/springframework/batch/core/configuration/xml/ParentSkippableLateBindingStepFactoryBeanParserTests-context.xml]]
10:02:05,822  INFO Test worker support.FileSystemXmlApplicationContext:581 - Refreshing org.springframework.context.support.FileSystemXmlApplicationContext@7f939fc: startup date [Thu Mar 23 10:02:05 CDT 2017]; root of context hierarchy
10:02:05,822  INFO Test worker xml.XmlBeanDefinitionReader:317 - Loading XML bean definitions from URL [file:////Users/mminella/Documents/IntelliJWorkspace/spring-batch/spring-batch-core/build/resources/test/org/springframework/batch/core/configuration/xml/ParentSkippableStepFactoryBeanParserTests-context.xml]
10:02:05,830  INFO Test worker xml.XmlBeanDefinitionReader:317 - Loading XML bean definitions from URL [file:////Users/mminella/Documents/IntelliJWorkspace/spring-batch/spring-batch-core/build/resources/test/org/springframework/batch/core/configuration/xml/common-context.xml]
10:02:05,852  INFO Test worker support.FileSystemXmlApplicationContext:581 - Refreshing org.springframework.context.support.FileSystemXmlApplicationContext@7df4758c: startup date [Thu Mar 23 10:02:05 CDT 2017]; root of context hierarchy
10:02:05,852  INFO Test worker xml.XmlBeanDefinitionReader:317 - Loading XML bean definitions from URL [file:////Users/mminella/Documents/IntelliJWorkspace/spring-batch/spring-batch-core/build/resources/test/org/springframework/batch/core/configuration/xml/ParentStepFactoryBeanParserTests-context.xml]
10:02:05,861  INFO Test worker xml.XmlBeanDefinitionReader:317 - Loading XML bean definitions from URL [file:////Users/mminella/Documents/IntelliJWorkspace/spring-batch/spring-batch-core/build/resources/test/org/springframework/batch/core/configuration/xml/common-context.xml]
10:02:05,887  INFO Test worker support.FileSystemXmlApplicationContext:581 - Refreshing org.springframework.context.support.FileSystemXmlApplicationContext@32f5bdd9: startup date [Thu Mar 23 10:02:05 CDT 2017]; root of context hierarchy
10:02:05,888  INFO Test worker xml.XmlBeanDefinitionReader:317 - Loading XML bean definitions from URL [file:////Users/mminella/Documents/IntelliJWorkspace/spring-batch/spring-batch-core/build/resources/test/org/springframework/batch/core/configuration/xml/PartitionStepParserTests-context.xml]
10:02:05,897  INFO Test worker xml.XmlBeanDefinitionReader:317 - Loading XML bean definitions from URL [file:////Users/mminella/Documents/IntelliJWorkspace/spring-batch/spring-batch-core/build/resources/test/org/springframework/batch/core/configuration/xml/common-context.xml]
10:02:05,943  INFO Test worker support.FileSystemXmlApplicationContext:581 - Refreshing org.springframework.context.support.FileSystemXmlApplicationContext@5970a08a: startup date [Thu Mar 23 10:02:05 CDT 2017]; root of context hierarchy
10:02:05,943  INFO Test worker xml.XmlBeanDefinitionReader:317 - Loading XML bean definitions from URL [file:////Users/mminella/Documents/IntelliJWorkspace/spring-batch/spring-batch-core/build/resources/test/org/springframework/batch/core/configuration/xml/PartitionStepWithFlowParserTests-context.xml]
10:02:05,952  INFO Test worker xml.XmlBeanDefinitionReader:317 - Loading XML bean definitions from URL [file:////Users/mminella/Documents/IntelliJWorkspace/spring-batch/spring-batch-core/build/resources/test/org/springframework/batch/core/configuration/xml/common-context.xml]
10:02:05,984  INFO Test worker support.FileSystemXmlApplicationContext:581 - Refreshing org.springframework.context.support.FileSystemXmlApplicationContext@19c1ac2a: startup date [Thu Mar 23 10:02:05 CDT 2017]; root of context hierarchy
10:02:05,984  INFO Test worker xml.XmlBeanDefinitionReader:317 - Loading XML bean definitions from URL [file:////Users/mminella/Documents/IntelliJWorkspace/spring-batch/spring-batch-core/build/resources/test/org/springframework/batch/core/configuration/xml/PartitionStepWithLateBindingParserTests-context.xml]
10:02:05,995  INFO Test worker xml.XmlBeanDefinitionReader:317 - Loading XML bean definitions from URL [file:////Users/mminella/Documents/IntelliJWorkspace/spring-batch/spring-batch-core/build/resources/test/org/springframework/batch/core/configuration/xml/common-context.xml]
10:02:06,005  INFO Test worker support.DefaultListableBeanFactory:818 - Overriding bean definition for bean 'handler' with a different definition: replacing [Generic bean: class [org.springframework.batch.core.partition.support.TaskExecutorPartitionHandler]; scope=step; abstract=false; lazyInit=false; autowireMode=0; dependencyCheck=0; autowireCandidate=false; primary=false; factoryBeanName=null; factoryMethodName=null; initMethodName=null; destroyMethodName=null; defined in URL [file:////Users/mminella/Documents/IntelliJWorkspace/spring-batch/spring-batch-core/build/resources/test/org/springframework/batch/core/configuration/xml/PartitionStepWithLateBindingParserTests-context.xml]] with [Root bean: class [org.springframework.aop.scope.ScopedProxyFactoryBean]; scope=; abstract=false; lazyInit=false; autowireMode=0; dependencyCheck=0; autowireCandidate=true; primary=false; factoryBeanName=null; factoryMethodName=null; initMethodName=null; destroyMethodName=null; defined in BeanDefinition defined in URL [file:////Users/mminella/Documents/IntelliJWorkspace/spring-batch/spring-batch-core/build/resources/test/org/springframework/batch/core/configuration/xml/PartitionStepWithLateBindingParserTests-context.xml]]
10:02:06,026  INFO Test worker support.FileSystemXmlApplicationContext:581 - Refreshing org.springframework.context.support.FileSystemXmlApplicationContext@1e282f08: startup date [Thu Mar 23 10:02:06 CDT 2017]; root of context hierarchy
10:02:06,026  INFO Test worker xml.XmlBeanDefinitionReader:317 - Loading XML bean definitions from URL [file:////Users/mminella/Documents/IntelliJWorkspace/spring-batch/spring-batch-core/build/resources/test/org/springframework/batch/core/configuration/xml/PartitionStepWithNonDefaultTransactionManagerParserTests-context.xml]
10:02:06,060  INFO Test worker support.FileSystemXmlApplicationContext:581 - Refreshing org.springframework.context.support.FileSystemXmlApplicationContext@2a7f65a9: startup date [Thu Mar 23 10:02:06 CDT 2017]; root of context hierarchy
10:02:06,061  INFO Test worker xml.XmlBeanDefinitionReader:317 - Loading XML bean definitions from URL [file:////Users/mminella/Documents/IntelliJWorkspace/spring-batch/spring-batch-core/build/resources/test/org/springframework/batch/core/configuration/xml/RepositoryJobParserTests-context.xml]
10:02:06,089  INFO Test worker support.FileSystemXmlApplicationContext:581 - Refreshing org.springframework.context.support.FileSystemXmlApplicationContext@553f9385: startup date [Thu Mar 23 10:02:06 CDT 2017]; root of context hierarchy
10:02:06,090  INFO Test worker xml.XmlBeanDefinitionReader:317 - Loading XML bean definitions from URL [file:////Users/mminella/Documents/IntelliJWorkspace/spring-batch/spring-batch-core/build/resources/test/org/springframework/batch/core/configuration/xml/SplitDifferentResultsFailFirstJobParserTests-context.xml]
10:02:06,100  INFO Test worker xml.XmlBeanDefinitionReader:317 - Loading XML bean definitions from URL [file:////Users/mminella/Documents/IntelliJWorkspace/spring-batch/spring-batch-core/build/resources/test/org/springframework/batch/core/configuration/xml/common-context.xml]
10:02:06,138  INFO Test worker support.FileSystemXmlApplicationContext:581 - Refreshing org.springframework.context.support.FileSystemXmlApplicationContext@498b4a8e: startup date [Thu Mar 23 10:02:06 CDT 2017]; root of context hierarchy
10:02:06,139  INFO Test worker xml.XmlBeanDefinitionReader:317 - Loading XML bean definitions from URL [file:////Users/mminella/Documents/IntelliJWorkspace/spring-batch/spring-batch-core/build/resources/test/org/springframework/batch/core/configuration/xml/SplitDifferentResultsFailSecondJobParserTests-context.xml]
10:02:06,149  INFO Test worker xml.XmlBeanDefinitionReader:317 - Loading XML bean definitions from URL [file:////Users/mminella/Documents/IntelliJWorkspace/spring-batch/spring-batch-core/build/resources/test/org/springframework/batch/core/configuration/xml/common-context.xml]
10:02:06,181  INFO Test worker support.FileSystemXmlApplicationContext:581 - Refreshing org.springframework.context.support.FileSystemXmlApplicationContext@217cca43: startup date [Thu Mar 23 10:02:06 CDT 2017]; root of context hierarchy
10:02:06,182  INFO Test worker xml.XmlBeanDefinitionReader:317 - Loading XML bean definitions from URL [file:////Users/mminella/Documents/IntelliJWorkspace/spring-batch/spring-batch-core/build/resources/test/org/springframework/batch/core/configuration/xml/SplitInterruptedJobParserTests-context.xml]
10:02:06,191  INFO Test worker xml.XmlBeanDefinitionReader:317 - Loading XML bean definitions from URL [file:////Users/mminella/Documents/IntelliJWorkspace/spring-batch/spring-batch-core/build/resources/test/org/springframework/batch/core/configuration/xml/common-context.xml]
10:02:06,232  INFO Test worker support.FileSystemXmlApplicationContext:581 - Refreshing org.springframework.context.support.FileSystemXmlApplicationContext@c677c74: startup date [Thu Mar 23 10:02:06 CDT 2017]; root of context hierarchy
10:02:06,232  INFO Test worker xml.XmlBeanDefinitionReader:317 - Loading XML bean definitions from URL [file:////Users/mminella/Documents/IntelliJWorkspace/spring-batch/spring-batch-core/build/resources/test/org/springframework/batch/core/configuration/xml/SplitJobParserTests-context.xml]
10:02:06,241  INFO Test worker xml.XmlBeanDefinitionReader:317 - Loading XML bean definitions from URL [file:////Users/mminella/Documents/IntelliJWorkspace/spring-batch/spring-batch-core/build/resources/test/org/springframework/batch/core/configuration/xml/common-context.xml]
10:02:06,285  INFO Test worker support.FileSystemXmlApplicationContext:581 - Refreshing org.springframework.context.support.FileSystemXmlApplicationContext@2e8cb444: startup date [Thu Mar 23 10:02:06 CDT 2017]; root of context hierarchy
10:02:06,285  INFO Test worker xml.XmlBeanDefinitionReader:317 - Loading XML bean definitions from URL [file:////Users/mminella/Documents/IntelliJWorkspace/spring-batch/spring-batch-core/build/resources/test/org/springframework/batch/core/configuration/xml/SplitNestedJobParserTests-context.xml]
10:02:06,294  INFO Test worker xml.XmlBeanDefinitionReader:317 - Loading XML bean definitions from class path resource [org/springframework/batch/core/configuration/xml/common-context.xml]
10:02:06,383  INFO Test worker support.FileSystemXmlApplicationContext:581 - Refreshing org.springframework.context.support.FileSystemXmlApplicationContext@23360b7b: startup date [Thu Mar 23 10:02:06 CDT 2017]; root of context hierarchy
10:02:06,384  INFO Test worker xml.XmlBeanDefinitionReader:317 - Loading XML bean definitions from URL [file:////Users/mminella/Documents/IntelliJWorkspace/spring-batch/spring-batch-core/build/resources/test/org/springframework/batch/core/configuration/xml/StepListenerInStepParserTests-context.xml]
10:02:06,395  INFO Test worker xml.XmlBeanDefinitionReader:317 - Loading XML bean definitions from URL [file:////Users/mminella/Documents/IntelliJWorkspace/spring-batch/spring-batch-core/build/resources/test/org/springframework/batch/core/configuration/xml/common-context.xml]
10:02:06,443  INFO Test worker support.FileSystemXmlApplicationContext:581 - Refreshing org.springframework.context.support.FileSystemXmlApplicationContext@7ec0f493: startup date [Thu Mar 23 10:02:06 CDT 2017]; root of context hierarchy
10:02:06,444  INFO Test worker xml.XmlBeanDefinitionReader:317 - Loading XML bean definitions from URL [file:////Users/mminella/Documents/IntelliJWorkspace/spring-batch/spring-batch-core/build/resources/test/org/springframework/batch/core/configuration/xml/StepListenerMethodAttributeParserTests-context.xml]
10:02:06,461  INFO Test worker xml.XmlBeanDefinitionReader:317 - Loading XML bean definitions from URL [file:////Users/mminella/Documents/IntelliJWorkspace/spring-batch/spring-batch-core/build/resources/test/org/springframework/batch/core/configuration/xml/common-context.xml]
10:02:06,492  INFO Test worker support.FileSystemXmlApplicationContext:581 - Refreshing org.springframework.context.support.FileSystemXmlApplicationContext@77dd934f: startup date [Thu Mar 23 10:02:06 CDT 2017]; root of context hierarchy
10:02:06,492  INFO Test worker xml.XmlBeanDefinitionReader:317 - Loading XML bean definitions from URL [file:////Users/mminella/Documents/IntelliJWorkspace/spring-batch/spring-batch-core/build/resources/test/org/springframework/batch/core/configuration/xml/StepListenerParserTests-context.xml]
10:02:06,501  INFO Test worker xml.XmlBeanDefinitionReader:317 - Loading XML bean definitions from URL [file:////Users/mminella/Documents/IntelliJWorkspace/spring-batch/spring-batch-core/build/resources/test/org/springframework/batch/core/configuration/xml/common-context.xml]
10:02:06,526  INFO Test worker builder.FaultTolerantStepBuilder:369 - Setting commit interval to default value (1)
10:02:06,532  INFO Test worker support.FileSystemXmlApplicationContext:581 - Refreshing org.springframework.context.support.FileSystemXmlApplicationContext@4e26ad27: startup date [Thu Mar 23 10:02:06 CDT 2017]; root of context hierarchy
10:02:06,532  INFO Test worker xml.XmlBeanDefinitionReader:317 - Loading XML bean definitions from URL [file:////Users/mminella/Documents/IntelliJWorkspace/spring-batch/spring-batch-core/build/resources/test/org/springframework/batch/core/configuration/xml/StepParserBadRetryListenerTests-context.xml]
10:02:06,542  INFO Test worker xml.XmlBeanDefinitionReader:317 - Loading XML bean definitions from URL [file:////Users/mminella/Documents/IntelliJWorkspace/spring-batch/spring-batch-core/build/resources/test/org/springframework/batch/core/configuration/xml/common-context.xml]
10:02:06,548  INFO Test worker support.FileSystemXmlApplicationContext:581 - Refreshing org.springframework.context.support.FileSystemXmlApplicationContext@7bdb7140: startup date [Thu Mar 23 10:02:06 CDT 2017]; root of context hierarchy
10:02:06,549  INFO Test worker xml.XmlBeanDefinitionReader:317 - Loading XML bean definitions from URL [file:////Users/mminella/Documents/IntelliJWorkspace/spring-batch/spring-batch-core/build/resources/test/org/springframework/batch/core/configuration/xml/StepParserBadStepListenerTests-context.xml]
10:02:06,559  INFO Test worker xml.XmlBeanDefinitionReader:317 - Loading XML bean definitions from URL [file:////Users/mminella/Documents/IntelliJWorkspace/spring-batch/spring-batch-core/build/resources/test/org/springframework/batch/core/configuration/xml/common-context.xml]
10:02:06,566  INFO Test worker support.FileSystemXmlApplicationContext:581 - Refreshing org.springframework.context.support.FileSystemXmlApplicationContext@5fee9fdd: startup date [Thu Mar 23 10:02:06 CDT 2017]; root of context hierarchy
10:02:06,567  INFO Test worker xml.XmlBeanDefinitionReader:317 - Loading XML bean definitions from URL [file:////Users/mminella/Documents/IntelliJWorkspace/spring-batch/spring-batch-core/build/resources/test/org/springframework/batch/core/configuration/xml/StepParserBeanNameTests-context.xml]
10:02:06,576  INFO Test worker xml.XmlBeanDefinitionReader:317 - Loading XML bean definitions from URL [file:////Users/mminella/Documents/IntelliJWorkspace/spring-batch/spring-batch-core/build/resources/test/org/springframework/batch/core/configuration/xml/common-context.xml]
10:02:06,600  INFO Test worker support.FileSystemXmlApplicationContext:581 - Refreshing org.springframework.context.support.FileSystemXmlApplicationContext@669bf945: startup date [Thu Mar 23 10:02:06 CDT 2017]; root of context hierarchy
10:02:06,601  INFO Test worker xml.XmlBeanDefinitionReader:317 - Loading XML bean definitions from URL [file:////Users/mminella/Documents/IntelliJWorkspace/spring-batch/spring-batch-core/build/resources/test/org/springframework/batch/core/configuration/xml/StepParserCommitIntervalCompletionPolicyTests-context.xml]
10:02:06,613  INFO Test worker xml.XmlBeanDefinitionReader:317 - Loading XML bean definitions from URL [file:////Users/mminella/Documents/IntelliJWorkspace/spring-batch/spring-batch-core/build/resources/test/org/springframework/batch/core/configuration/xml/common-context.xml]
10:02:06,620  INFO Test worker support.FileSystemXmlApplicationContext:581 - Refreshing org.springframework.context.support.FileSystemXmlApplicationContext@4dcd2f83: startup date [Thu Mar 23 10:02:06 CDT 2017]; root of context hierarchy
10:02:06,621  INFO Test worker xml.XmlBeanDefinitionReader:317 - Loading XML bean definitions from URL [file:////Users/mminella/Documents/IntelliJWorkspace/spring-batch/spring-batch-core/build/resources/test/org/springframework/batch/core/configuration/xml/StepParserCommitIntervalTests-context.xml]
10:02:06,629  INFO Test worker xml.XmlBeanDefinitionReader:317 - Loading XML bean definitions from URL [file:////Users/mminella/Documents/IntelliJWorkspace/spring-batch/spring-batch-core/build/resources/test/org/springframework/batch/core/configuration/xml/common-context.xml]
10:02:06,653  INFO Test worker support.FileSystemXmlApplicationContext:581 - Refreshing org.springframework.context.support.FileSystemXmlApplicationContext@f458b06: startup date [Thu Mar 23 10:02:06 CDT 2017]; root of context hierarchy
10:02:06,654  INFO Test worker xml.XmlBeanDefinitionReader:317 - Loading XML bean definitions from URL [file:////Users/mminella/Documents/IntelliJWorkspace/spring-batch/spring-batch-core/build/resources/test/org/springframework/batch/core/configuration/xml/StepParserCompletionPolicyTests-context.xml]
10:02:06,662  INFO Test worker xml.XmlBeanDefinitionReader:317 - Loading XML bean definitions from URL [file:////Users/mminella/Documents/IntelliJWorkspace/spring-batch/spring-batch-core/build/resources/test/org/springframework/batch/core/configuration/xml/common-context.xml]
10:02:06,688  INFO Test worker support.FileSystemXmlApplicationContext:581 - Refreshing org.springframework.context.support.FileSystemXmlApplicationContext@6f883178: startup date [Thu Mar 23 10:02:06 CDT 2017]; root of context hierarchy
10:02:06,689  INFO Test worker xml.XmlBeanDefinitionReader:317 - Loading XML bean definitions from URL [file:////Users/mminella/Documents/IntelliJWorkspace/spring-batch/spring-batch-core/build/resources/test/org/springframework/batch/core/configuration/xml/StepParserNoCommitIntervalOrCompletionPolicyTests-context.xml]
10:02:06,699  INFO Test worker xml.XmlBeanDefinitionReader:317 - Loading XML bean definitions from URL [file:////Users/mminella/Documents/IntelliJWorkspace/spring-batch/spring-batch-core/build/resources/test/org/springframework/batch/core/configuration/xml/common-context.xml]
10:02:06,707  INFO Test worker support.FileSystemXmlApplicationContext:581 - Refreshing org.springframework.context.support.FileSystemXmlApplicationContext@4275de2: startup date [Thu Mar 23 10:02:06 CDT 2017]; root of context hierarchy
10:02:06,707  INFO Test worker xml.XmlBeanDefinitionReader:317 - Loading XML bean definitions from URL [file:////Users/mminella/Documents/IntelliJWorkspace/spring-batch/spring-batch-core/build/resources/test/org/springframework/batch/core/configuration/xml/StepParserParentAttributeTests-context.xml]
10:02:06,718  INFO Test worker xml.XmlBeanDefinitionReader:317 - Loading XML bean definitions from URL [file:////Users/mminella/Documents/IntelliJWorkspace/spring-batch/spring-batch-core/build/resources/test/org/springframework/batch/core/configuration/xml/common-context.xml]
10:02:06,800  INFO Test worker support.FileSystemXmlApplicationContext:581 - Refreshing org.springframework.context.support.FileSystemXmlApplicationContext@28b55923: startup date [Thu Mar 23 10:02:06 CDT 2017]; root of context hierarchy
10:02:06,801  INFO Test worker xml.XmlBeanDefinitionReader:317 - Loading XML bean definitions from URL [file:////Users/mminella/Documents/IntelliJWorkspace/spring-batch/spring-batch-core/build/resources/test/org/springframework/batch/core/configuration/xml/StepParserTaskletAttributesTests-context.xml]
10:02:06,849  WARN Test worker builder.FaultTolerantStepBuilder:506 - Asynchronous TaskExecutor detected with ItemStream reader.  This is probably an error, and may lead to incorrect restart data being stored.
10:02:06,855  INFO Test worker support.FileSystemXmlApplicationContext:581 - Refreshing org.springframework.context.support.FileSystemXmlApplicationContext@fb80dc0: startup date [Thu Mar 23 10:02:06 CDT 2017]; root of context hierarchy
10:02:06,856  INFO Test worker xml.XmlBeanDefinitionReader:317 - Loading XML bean definitions from URL [file:////Users/mminella/Documents/IntelliJWorkspace/spring-batch/spring-batch-core/build/resources/test/org/springframework/batch/core/configuration/xml/StepWithBasicProcessTaskJobParserTests-context.xml]
10:02:06,865  INFO Test worker xml.XmlBeanDefinitionReader:317 - Loading XML bean definitions from URL [file:////Users/mminella/Documents/IntelliJWorkspace/spring-batch/spring-batch-core/build/resources/test/org/springframework/batch/core/configuration/xml/common-context.xml]
10:02:06,872  INFO Test worker support.DefaultListableBeanFactory:818 - Overriding bean definition for bean 'reader' with a different definition: replacing [Generic bean: class [org.springframework.batch.core.configuration.xml.DummyItemReader]; scope=; abstract=false; lazyInit=false; autowireMode=0; dependencyCheck=0; autowireCandidate=true; primary=false; factoryBeanName=null; factoryMethodName=null; initMethodName=null; destroyMethodName=null; defined in URL [file:////Users/mminella/Documents/IntelliJWorkspace/spring-batch/spring-batch-core/build/resources/test/org/springframework/batch/core/configuration/xml/common-context.xml]] with [Generic bean: class [org.springframework.batch.core.configuration.xml.TestReader]; scope=; abstract=false; lazyInit=false; autowireMode=0; dependencyCheck=0; autowireCandidate=true; primary=false; factoryBeanName=null; factoryMethodName=null; initMethodName=null; destroyMethodName=null; defined in URL [file:////Users/mminella/Documents/IntelliJWorkspace/spring-batch/spring-batch-core/build/resources/test/org/springframework/batch/core/configuration/xml/StepWithBasicProcessTaskJobParserTests-context.xml]]
10:02:06,873  INFO Test worker support.DefaultListableBeanFactory:818 - Overriding bean definition for bean 'processor' with a different definition: replacing [Generic bean: class [org.springframework.batch.core.configuration.xml.DummyItemProcessor]; scope=; abstract=false; lazyInit=false; autowireMode=0; dependencyCheck=0; autowireCandidate=true; primary=false; factoryBeanName=null; factoryMethodName=null; initMethodName=null; destroyMethodName=null; defined in URL [file:////Users/mminella/Documents/IntelliJWorkspace/spring-batch/spring-batch-core/build/resources/test/org/springframework/batch/core/configuration/xml/common-context.xml]] with [Generic bean: class [org.springframework.batch.core.configuration.xml.TestProcessor]; scope=; abstract=false; lazyInit=false; autowireMode=0; dependencyCheck=0; autowireCandidate=true; primary=false; factoryBeanName=null; factoryMethodName=null; initMethodName=null; destroyMethodName=null; defined in URL [file:////Users/mminella/Documents/IntelliJWorkspace/spring-batch/spring-batch-core/build/resources/test/org/springframework/batch/core/configuration/xml/StepWithBasicProcessTaskJobParserTests-context.xml]]
10:02:06,873  INFO Test worker support.DefaultListableBeanFactory:818 - Overriding bean definition for bean 'writer' with a different definition: replacing [Generic bean: class [org.springframework.batch.core.configuration.xml.DummyItemWriter]; scope=; abstract=false; lazyInit=false; autowireMode=0; dependencyCheck=0; autowireCandidate=true; primary=false; factoryBeanName=null; factoryMethodName=null; initMethodName=null; destroyMethodName=null; defined in URL [file:////Users/mminella/Documents/IntelliJWorkspace/spring-batch/spring-batch-core/build/resources/test/org/springframework/batch/core/configuration/xml/common-context.xml]] with [Generic bean: class [org.springframework.batch.core.configuration.xml.TestWriter]; scope=; abstract=false; lazyInit=false; autowireMode=0; dependencyCheck=0; autowireCandidate=true; primary=false; factoryBeanName=null; factoryMethodName=null; initMethodName=null; destroyMethodName=null; defined in URL [file:////Users/mminella/Documents/IntelliJWorkspace/spring-batch/spring-batch-core/build/resources/test/org/springframework/batch/core/configuration/xml/StepWithBasicProcessTaskJobParserTests-context.xml]]
10:02:06,898  INFO Test worker support.FileSystemXmlApplicationContext:581 - Refreshing org.springframework.context.support.FileSystemXmlApplicationContext@23f6734b: startup date [Thu Mar 23 10:02:06 CDT 2017]; root of context hierarchy
10:02:06,898  INFO Test worker xml.XmlBeanDefinitionReader:317 - Loading XML bean definitions from URL [file:////Users/mminella/Documents/IntelliJWorkspace/spring-batch/spring-batch-core/build/resources/test/org/springframework/batch/core/configuration/xml/StepWithFaultTolerantProcessTaskJobParserTests-context.xml]
10:02:06,907  INFO Test worker xml.XmlBeanDefinitionReader:317 - Loading XML bean definitions from URL [file:////Users/mminella/Documents/IntelliJWorkspace/spring-batch/spring-batch-core/build/resources/test/org/springframework/batch/core/configuration/xml/common-context.xml]
10:02:06,923  INFO Test worker support.DefaultListableBeanFactory:818 - Overriding bean definition for bean 'reader' with a different definition: replacing [Generic bean: class [org.springframework.batch.core.configuration.xml.DummyItemReader]; scope=; abstract=false; lazyInit=false; autowireMode=0; dependencyCheck=0; autowireCandidate=true; primary=false; factoryBeanName=null; factoryMethodName=null; initMethodName=null; destroyMethodName=null; defined in URL [file:////Users/mminella/Documents/IntelliJWorkspace/spring-batch/spring-batch-core/build/resources/test/org/springframework/batch/core/configuration/xml/common-context.xml]] with [Generic bean: class [org.springframework.batch.core.configuration.xml.TestReader]; scope=; abstract=false; lazyInit=false; autowireMode=0; dependencyCheck=0; autowireCandidate=true; primary=false; factoryBeanName=null; factoryMethodName=null; initMethodName=null; destroyMethodName=null; defined in URL [file:////Users/mminella/Documents/IntelliJWorkspace/spring-batch/spring-batch-core/build/resources/test/org/springframework/batch/core/configuration/xml/StepWithFaultTolerantProcessTaskJobParserTests-context.xml]]
10:02:06,923  INFO Test worker support.DefaultListableBeanFactory:818 - Overriding bean definition for bean 'processor' with a different definition: replacing [Generic bean: class [org.springframework.batch.core.configuration.xml.DummyItemProcessor]; scope=; abstract=false; lazyInit=false; autowireMode=0; dependencyCheck=0; autowireCandidate=true; primary=false; factoryBeanName=null; factoryMethodName=null; initMethodName=null; destroyMethodName=null; defined in URL [file:////Users/mminella/Documents/IntelliJWorkspace/spring-batch/spring-batch-core/build/resources/test/org/springframework/batch/core/configuration/xml/common-context.xml]] with [Generic bean: class [org.springframework.batch.core.configuration.xml.TestProcessor]; scope=; abstract=false; lazyInit=false; autowireMode=0; dependencyCheck=0; autowireCandidate=true; primary=false; factoryBeanName=null; factoryMethodName=null; initMethodName=null; destroyMethodName=null; defined in URL [file:////Users/mminella/Documents/IntelliJWorkspace/spring-batch/spring-batch-core/build/resources/test/org/springframework/batch/core/configuration/xml/StepWithFaultTolerantProcessTaskJobParserTests-context.xml]]
10:02:06,923  INFO Test worker support.DefaultListableBeanFactory:818 - Overriding bean definition for bean 'writer' with a different definition: replacing [Generic bean: class [org.springframework.batch.core.configuration.xml.DummyItemWriter]; scope=; abstract=false; lazyInit=false; autowireMode=0; dependencyCheck=0; autowireCandidate=true; primary=false; factoryBeanName=null; factoryMethodName=null; initMethodName=null; destroyMethodName=null; defined in URL [file:////Users/mminella/Documents/IntelliJWorkspace/spring-batch/spring-batch-core/build/resources/test/org/springframework/batch/core/configuration/xml/common-context.xml]] with [Generic bean: class [org.springframework.batch.core.configuration.xml.TestWriter]; scope=; abstract=false; lazyInit=false; autowireMode=0; dependencyCheck=0; autowireCandidate=true; primary=false; factoryBeanName=null; factoryMethodName=null; initMethodName=null; destroyMethodName=null; defined in URL [file:////Users/mminella/Documents/IntelliJWorkspace/spring-batch/spring-batch-core/build/resources/test/org/springframework/batch/core/configuration/xml/StepWithFaultTolerantProcessTaskJobParserTests-context.xml]]
10:02:06,951  WARN Test worker builder.FaultTolerantStepBuilder:506 - Asynchronous TaskExecutor detected with ItemStream reader.  This is probably an error, and may lead to incorrect restart data being stored.
10:02:06,958  INFO Test worker support.FileSystemXmlApplicationContext:581 - Refreshing org.springframework.context.support.FileSystemXmlApplicationContext@45f867f6: startup date [Thu Mar 23 10:02:06 CDT 2017]; root of context hierarchy
10:02:06,959  INFO Test worker xml.XmlBeanDefinitionReader:317 - Loading XML bean definitions from URL [file:////Users/mminella/Documents/IntelliJWorkspace/spring-batch/spring-batch-core/build/resources/test/org/springframework/batch/core/configuration/xml/StepWithPojoListenerJobParserTests-context.xml]
10:02:06,970  INFO Test worker xml.XmlBeanDefinitionReader:317 - Loading XML bean definitions from URL [file:////Users/mminella/Documents/IntelliJWorkspace/spring-batch/spring-batch-core/build/resources/test/org/springframework/batch/core/configuration/xml/common-context.xml]
10:02:06,977  INFO Test worker support.DefaultListableBeanFactory:818 - Overriding bean definition for bean 'reader' with a different definition: replacing [Generic bean: class [org.springframework.batch.core.configuration.xml.DummyItemReader]; scope=; abstract=false; lazyInit=false; autowireMode=0; dependencyCheck=0; autowireCandidate=true; primary=false; factoryBeanName=null; factoryMethodName=null; initMethodName=null; destroyMethodName=null; defined in URL [file:////Users/mminella/Documents/IntelliJWorkspace/spring-batch/spring-batch-core/build/resources/test/org/springframework/batch/core/configuration/xml/common-context.xml]] with [Generic bean: class [org.springframework.batch.core.configuration.xml.TestReader]; scope=; abstract=false; lazyInit=false; autowireMode=0; dependencyCheck=0; autowireCandidate=true; primary=false; factoryBeanName=null; factoryMethodName=null; initMethodName=null; destroyMethodName=null; defined in URL [file:////Users/mminella/Documents/IntelliJWorkspace/spring-batch/spring-batch-core/build/resources/test/org/springframework/batch/core/configuration/xml/StepWithPojoListenerJobParserTests-context.xml]]
10:02:06,977  INFO Test worker support.DefaultListableBeanFactory:818 - Overriding bean definition for bean 'writer' with a different definition: replacing [Generic bean: class [org.springframework.batch.core.configuration.xml.DummyItemWriter]; scope=; abstract=false; lazyInit=false; autowireMode=0; dependencyCheck=0; autowireCandidate=true; primary=false; factoryBeanName=null; factoryMethodName=null; initMethodName=null; destroyMethodName=null; defined in URL [file:////Users/mminella/Documents/IntelliJWorkspace/spring-batch/spring-batch-core/build/resources/test/org/springframework/batch/core/configuration/xml/common-context.xml]] with [Generic bean: class [org.springframework.batch.core.configuration.xml.TestWriter]; scope=; abstract=false; lazyInit=false; autowireMode=0; dependencyCheck=0; autowireCandidate=true; primary=false; factoryBeanName=null; factoryMethodName=null; initMethodName=null; destroyMethodName=null; defined in URL [file:////Users/mminella/Documents/IntelliJWorkspace/spring-batch/spring-batch-core/build/resources/test/org/springframework/batch/core/configuration/xml/StepWithPojoListenerJobParserTests-context.xml]]
10:02:07,010  INFO Test worker support.FileSystemXmlApplicationContext:581 - Refreshing org.springframework.context.support.FileSystemXmlApplicationContext@10b0c30c: startup date [Thu Mar 23 10:02:07 CDT 2017]; root of context hierarchy
10:02:07,010  INFO Test worker xml.XmlBeanDefinitionReader:317 - Loading XML bean definitions from URL [file:////Users/mminella/Documents/IntelliJWorkspace/spring-batch/spring-batch-core/build/resources/test/org/springframework/batch/core/configuration/xml/StepWithSimpleTaskJobParserTests-context.xml]
10:02:07,023  INFO Test worker xml.XmlBeanDefinitionReader:317 - Loading XML bean definitions from URL [file:////Users/mminella/Documents/IntelliJWorkspace/spring-batch/spring-batch-core/build/resources/test/org/springframework/batch/core/configuration/xml/common-context.xml]
10:02:07,030  WARN Test worker support.DefaultListableBeanFactory:811 - Overriding user-defined bean definition for bean 'step1' with a framework-generated bean definition: replacing [Generic bean: class [org.springframework.batch.core.step.tasklet.TaskletStep]; scope=; abstract=false; lazyInit=false; autowireMode=0; dependencyCheck=0; autowireCandidate=true; primary=false; factoryBeanName=null; factoryMethodName=null; initMethodName=null; destroyMethodName=null; defined in URL [file:////Users/mminella/Documents/IntelliJWorkspace/spring-batch/spring-batch-core/build/resources/test/org/springframework/batch/core/configuration/xml/common-context.xml]] with [Generic bean: class [org.springframework.batch.core.configuration.xml.StepParserStepFactoryBean]; scope=; abstract=false; lazyInit=false; autowireMode=0; dependencyCheck=0; autowireCandidate=true; primary=false; factoryBeanName=null; factoryMethodName=null; initMethodName=null; destroyMethodName=null]
10:02:07,030  WARN Test worker support.DefaultListableBeanFactory:811 - Overriding user-defined bean definition for bean 'step2' with a framework-generated bean definition: replacing [Generic bean with parent 'step1': class [null]; scope=; abstract=false; lazyInit=false; autowireMode=0; dependencyCheck=0; autowireCandidate=true; primary=false; factoryBeanName=null; factoryMethodName=null; initMethodName=null; destroyMethodName=null; defined in URL [file:////Users/mminella/Documents/IntelliJWorkspace/spring-batch/spring-batch-core/build/resources/test/org/springframework/batch/core/configuration/xml/common-context.xml]] with [Generic bean: class [org.springframework.batch.core.configuration.xml.StepParserStepFactoryBean]; scope=; abstract=false; lazyInit=false; autowireMode=0; dependencyCheck=0; autowireCandidate=true; primary=false; factoryBeanName=null; factoryMethodName=null; initMethodName=null; destroyMethodName=null]
10:02:07,031  WARN Test worker support.DefaultListableBeanFactory:811 - Overriding user-defined bean definition for bean 'step3' with a framework-generated bean definition: replacing [Generic bean with parent 'step1': class [null]; scope=; abstract=false; lazyInit=false; autowireMode=0; dependencyCheck=0; autowireCandidate=true; primary=false; factoryBeanName=null; factoryMethodName=null; initMethodName=null; destroyMethodName=null; defined in URL [file:////Users/mminella/Documents/IntelliJWorkspace/spring-batch/spring-batch-core/build/resources/test/org/springframework/batch/core/configuration/xml/common-context.xml]] with [Generic bean: class [org.springframework.batch.core.configuration.xml.StepParserStepFactoryBean]; scope=; abstract=false; lazyInit=false; autowireMode=0; dependencyCheck=0; autowireCandidate=true; primary=false; factoryBeanName=null; factoryMethodName=null; initMethodName=null; destroyMethodName=null]
10:02:07,031  WARN Test worker support.DefaultListableBeanFactory:811 - Overriding user-defined bean definition for bean 'step4' with a framework-generated bean definition: replacing [Generic bean with parent 'step1': class [null]; scope=; abstract=false; lazyInit=false; autowireMode=0; dependencyCheck=0; autowireCandidate=true; primary=false; factoryBeanName=null; factoryMethodName=null; initMethodName=null; destroyMethodName=null; defined in URL [file:////Users/mminella/Documents/IntelliJWorkspace/spring-batch/spring-batch-core/build/resources/test/org/springframework/batch/core/configuration/xml/common-context.xml]] with [Generic bean: class [org.springframework.batch.core.configuration.xml.StepParserStepFactoryBean]; scope=; abstract=false; lazyInit=false; autowireMode=0; dependencyCheck=0; autowireCandidate=true; primary=false; factoryBeanName=null; factoryMethodName=null; initMethodName=null; destroyMethodName=null]
10:02:07,059  INFO Test worker support.FileSystemXmlApplicationContext:581 - Refreshing org.springframework.context.support.FileSystemXmlApplicationContext@2088a6ef: startup date [Thu Mar 23 10:02:07 CDT 2017]; root of context hierarchy
10:02:07,059  INFO Test worker xml.XmlBeanDefinitionReader:317 - Loading XML bean definitions from URL [file:////Users/mminella/Documents/IntelliJWorkspace/spring-batch/spring-batch-core/build/resources/test/org/springframework/batch/core/configuration/xml/StopAndRestartFailedJobParserTests-context.xml]
10:02:07,070  INFO Test worker xml.XmlBeanDefinitionReader:317 - Loading XML bean definitions from URL [file:////Users/mminella/Documents/IntelliJWorkspace/spring-batch/spring-batch-core/build/resources/test/org/springframework/batch/core/configuration/xml/common-context.xml]
10:02:07,098  INFO Test worker support.FileSystemXmlApplicationContext:581 - Refreshing org.springframework.context.support.FileSystemXmlApplicationContext@231778f4: startup date [Thu Mar 23 10:02:07 CDT 2017]; root of context hierarchy
10:02:07,099  INFO Test worker xml.XmlBeanDefinitionReader:317 - Loading XML bean definitions from URL [file:////Users/mminella/Documents/IntelliJWorkspace/spring-batch/spring-batch-core/build/resources/test/org/springframework/batch/core/configuration/xml/StopAndRestartJobParserTests-context.xml]
10:02:07,110  INFO Test worker xml.XmlBeanDefinitionReader:317 - Loading XML bean definitions from URL [file:////Users/mminella/Documents/IntelliJWorkspace/spring-batch/spring-batch-core/build/resources/test/org/springframework/batch/core/configuration/xml/common-context.xml]
10:02:07,139  INFO Test worker support.FileSystemXmlApplicationContext:581 - Refreshing org.springframework.context.support.FileSystemXmlApplicationContext@5d27744c: startup date [Thu Mar 23 10:02:07 CDT 2017]; root of context hierarchy
10:02:07,140  INFO Test worker xml.XmlBeanDefinitionReader:317 - Loading XML bean definitions from URL [file:////Users/mminella/Documents/IntelliJWorkspace/spring-batch/spring-batch-core/build/resources/test/org/springframework/batch/core/configuration/xml/StopCustomStatusJobParserTests-context.xml]
10:02:07,150  INFO Test worker xml.XmlBeanDefinitionReader:317 - Loading XML bean definitions from URL [file:////Users/mminella/Documents/IntelliJWorkspace/spring-batch/spring-batch-core/build/resources/test/org/springframework/batch/core/configuration/xml/common-context.xml]
10:02:07,182  INFO Test worker support.FileSystemXmlApplicationContext:581 - Refreshing org.springframework.context.support.FileSystemXmlApplicationContext@38c85b08: startup date [Thu Mar 23 10:02:07 CDT 2017]; root of context hierarchy
10:02:07,183  INFO Test worker xml.XmlBeanDefinitionReader:317 - Loading XML bean definitions from URL [file:////Users/mminella/Documents/IntelliJWorkspace/spring-batch/spring-batch-core/build/resources/test/org/springframework/batch/core/configuration/xml/StopIncompleteJobParserTests-context.xml]
10:02:07,194  INFO Test worker xml.XmlBeanDefinitionReader:317 - Loading XML bean definitions from URL [file:////Users/mminella/Documents/IntelliJWorkspace/spring-batch/spring-batch-core/build/resources/test/org/springframework/batch/core/configuration/xml/common-context.xml]
10:02:07,218  INFO Test worker support.FileSystemXmlApplicationContext:581 - Refreshing org.springframework.context.support.FileSystemXmlApplicationContext@4876f7e9: startup date [Thu Mar 23 10:02:07 CDT 2017]; root of context hierarchy
10:02:07,218  INFO Test worker xml.XmlBeanDefinitionReader:317 - Loading XML bean definitions from URL [file:////Users/mminella/Documents/IntelliJWorkspace/spring-batch/spring-batch-core/build/resources/test/org/springframework/batch/core/configuration/xml/StopJobParserTests-context.xml]
10:02:07,229  INFO Test worker xml.XmlBeanDefinitionReader:317 - Loading XML bean definitions from URL [file:////Users/mminella/Documents/IntelliJWorkspace/spring-batch/spring-batch-core/build/resources/test/org/springframework/batch/core/configuration/xml/common-context.xml]
10:02:07,257  INFO Test worker support.FileSystemXmlApplicationContext:581 - Refreshing org.springframework.context.support.FileSystemXmlApplicationContext@4ccb1095: startup date [Thu Mar 23 10:02:07 CDT 2017]; root of context hierarchy
10:02:07,258  INFO Test worker xml.XmlBeanDefinitionReader:317 - Loading XML bean definitions from URL [file:////Users/mminella/Documents/IntelliJWorkspace/spring-batch/spring-batch-core/build/resources/test/org/springframework/batch/core/configuration/xml/StopRestartOnCompletedStepJobParserTests-context.xml]
10:02:07,269  INFO Test worker xml.XmlBeanDefinitionReader:317 - Loading XML bean definitions from URL [file:////Users/mminella/Documents/IntelliJWorkspace/spring-batch/spring-batch-core/build/resources/test/org/springframework/batch/core/configuration/xml/common-context.xml]
10:02:07,294  INFO Test worker support.FileSystemXmlApplicationContext:581 - Refreshing org.springframework.context.support.FileSystemXmlApplicationContext@d844b3: startup date [Thu Mar 23 10:02:07 CDT 2017]; root of context hierarchy
10:02:07,295  INFO Test worker xml.XmlBeanDefinitionReader:317 - Loading XML bean definitions from URL [file:////Users/mminella/Documents/IntelliJWorkspace/spring-batch/spring-batch-core/build/resources/test/org/springframework/batch/core/configuration/xml/StopRestartOnFailedStepJobParserTests-context.xml]
10:02:07,304  INFO Test worker xml.XmlBeanDefinitionReader:317 - Loading XML bean definitions from URL [file:////Users/mminella/Documents/IntelliJWorkspace/spring-batch/spring-batch-core/build/resources/test/org/springframework/batch/core/configuration/xml/common-context.xml]
10:02:07,329  INFO Test worker support.FileSystemXmlApplicationContext:581 - Refreshing org.springframework.context.support.FileSystemXmlApplicationContext@2ae59b33: startup date [Thu Mar 23 10:02:07 CDT 2017]; root of context hierarchy
10:02:07,330  INFO Test worker xml.XmlBeanDefinitionReader:317 - Loading XML bean definitions from URL [file:////Users/mminella/Documents/IntelliJWorkspace/spring-batch/spring-batch-core/build/resources/test/org/springframework/batch/core/configuration/xml/TaskletParserAdapterTests-context.xml]
10:02:07,367  INFO Test worker support.FileSystemXmlApplicationContext:581 - Refreshing org.springframework.context.support.FileSystemXmlApplicationContext@4157c74: startup date [Thu Mar 23 10:02:07 CDT 2017]; root of context hierarchy
10:02:07,367  INFO Test worker xml.XmlBeanDefinitionReader:317 - Loading XML bean definitions from URL [file:////Users/mminella/Documents/IntelliJWorkspace/spring-batch/spring-batch-core/build/resources/test/org/springframework/batch/core/configuration/xml/TaskletParserBeanPropertiesTests-context.xml]
10:02:07,409  INFO Test worker support.FileSystemXmlApplicationContext:581 - Refreshing org.springframework.context.support.FileSystemXmlApplicationContext@1de8a03c: startup date [Thu Mar 23 10:02:07 CDT 2017]; root of context hierarchy
10:02:07,410  INFO Test worker xml.XmlBeanDefinitionReader:317 - Loading XML bean definitions from URL [file:////Users/mminella/Documents/IntelliJWorkspace/spring-batch/spring-batch-core/build/resources/test/org/springframework/batch/core/configuration/xml/TaskletStepAllowStartIfCompleteTest-context.xml]
10:02:07,425  INFO Test worker support.PostProcessorRegistrationDelegate$BeanPostProcessorChecker:325 - Bean 'jobRegistry' of type [class org.springframework.batch.core.configuration.support.MapJobRegistry] is not eligible for getting processed by all BeanPostProcessors (for example: not eligible for auto-proxying)
10:02:07,472  INFO Test worker support.FileSystemXmlApplicationContext:581 - Refreshing org.springframework.context.support.FileSystemXmlApplicationContext@6a70db03: startup date [Thu Mar 23 10:02:07 CDT 2017]; root of context hierarchy
10:02:07,472  INFO Test worker xml.XmlBeanDefinitionReader:317 - Loading XML bean definitions from URL [file:////Users/mminella/Documents/IntelliJWorkspace/spring-batch/spring-batch-core/build/resources/test/org/springframework/batch/core/configuration/xml/TwoStepJobParserTests-context.xml]
10:02:07,483  INFO Test worker xml.XmlBeanDefinitionReader:317 - Loading XML bean definitions from URL [file:////Users/mminella/Documents/IntelliJWorkspace/spring-batch/spring-batch-core/build/resources/test/org/springframework/batch/core/configuration/xml/common-context.xml]
10:02:07,512  INFO Test worker support.FileSystemXmlApplicationContext:581 - Refreshing org.springframework.context.support.FileSystemXmlApplicationContext@2ef92bad: startup date [Thu Mar 23 10:02:07 CDT 2017]; root of context hierarchy
10:02:07,512  INFO Test worker xml.XmlBeanDefinitionReader:317 - Loading XML bean definitions from URL [file:////Users/mminella/Documents/IntelliJWorkspace/spring-batch/spring-batch-core/build/resources/test/org/springframework/batch/core/configuration/xml/common-context.xml]
]]></system-out>
  <system-err><![CDATA[]]></system-err>
</testsuite>
