<?xml version="1.0" encoding="UTF-8"?>
<testsuite name="org.springframework.batch.core.jsr.job.flow.support.state.JsrEndStateTests" tests="1" skipped="0" failures="0" errors="0" timestamp="2017-03-23T15:02:17" hostname="Michaels-MacBook-Pro-3.local" time="0.053">
  <properties/>
  <testcase name="test" classname="org.springframework.batch.core.jsr.job.flow.support.state.JsrEndStateTests" time="0.053"/>
  <system-out><![CDATA[Operator = org.springframework.batch.core.jsr.launch.JsrJobOperator@564b2f2c
10:02:17,351  INFO Test worker xml.XmlBeanDefinitionReader:317 - Loading XML bean definitions from class path resource [META-INF/batch.xml]
10:02:17,353  INFO Test worker xml.XmlBeanDefinitionReader:317 - Loading XML bean definitions from class path resource [META-INF/batch-jobs/jobWithEndTransition.xml]
10:02:17,356  INFO Test worker support.DefaultListableBeanFactory:818 - Overriding bean definition for bean 'job' with a different definition: replacing [Generic bean: class [org.springframework.batch.core.jsr.configuration.xml.JsrFlowFactoryBean]; scope=; abstract=false; lazyInit=false; autowireMode=0; dependencyCheck=0; autowireCandidate=true; primary=false; factoryBeanName=null; factoryMethodName=null; initMethodName=null; destroyMethodName=null] with [Generic bean: class [org.springframework.batch.core.jsr.configuration.xml.JobFactoryBean]; scope=; abstract=false; lazyInit=true; autowireMode=0; dependencyCheck=0; autowireCandidate=true; primary=false; factoryBeanName=null; factoryMethodName=null; initMethodName=null; destroyMethodName=null]
10:02:17,357  INFO Test worker xml.JsrXmlApplicationContext:581 - Refreshing org.springframework.batch.core.jsr.configuration.xml.JsrXmlApplicationContext@21dc66c: startup date [Thu Mar 23 10:02:17 CDT 2017]; parent: org.springframework.context.support.GenericXmlApplicationContext@6db3cbe
10:02:17,359  INFO Test worker support.DefaultListableBeanFactory:818 - Overriding bean definition for bean 'testBatchlet' with a different definition: replacing [Generic bean: class [org.springframework.batch.core.jsr.step.batchlet.BatchletSupport]; scope=step; abstract=false; lazyInit=false; autowireMode=0; dependencyCheck=0; autowireCandidate=false; primary=false; factoryBeanName=null; factoryMethodName=null; initMethodName=null; destroyMethodName=null] with [Root bean: class [org.springframework.aop.scope.ScopedProxyFactoryBean]; scope=; abstract=false; lazyInit=false; autowireMode=0; dependencyCheck=0; autowireCandidate=true; primary=false; factoryBeanName=null; factoryMethodName=null; initMethodName=null; destroyMethodName=null; defined in BeanDefinition defined in null]
10:02:17,359  INFO Test worker support.DefaultListableBeanFactory:818 - Overriding bean definition for bean 'restartBatchlet' with a different definition: replacing [Generic bean: class [org.springframework.batch.core.jsr.step.batchlet.RestartBatchlet]; scope=step; abstract=false; lazyInit=false; autowireMode=0; dependencyCheck=0; autowireCandidate=false; primary=false; factoryBeanName=null; factoryMethodName=null; initMethodName=null; destroyMethodName=null] with [Root bean: class [org.springframework.aop.scope.ScopedProxyFactoryBean]; scope=; abstract=false; lazyInit=false; autowireMode=0; dependencyCheck=0; autowireCandidate=true; primary=false; factoryBeanName=null; factoryMethodName=null; initMethodName=null; destroyMethodName=null; defined in BeanDefinition defined in null]
10:02:17,359  INFO Test worker support.DefaultListableBeanFactory:818 - Overriding bean definition for bean 'failingBatchlet' with a different definition: replacing [Generic bean: class [org.springframework.batch.core.jsr.step.batchlet.FailingBatchlet]; scope=step; abstract=false; lazyInit=false; autowireMode=0; dependencyCheck=0; autowireCandidate=false; primary=false; factoryBeanName=null; factoryMethodName=null; initMethodName=null; destroyMethodName=null] with [Root bean: class [org.springframework.aop.scope.ScopedProxyFactoryBean]; scope=; abstract=false; lazyInit=false; autowireMode=0; dependencyCheck=0; autowireCandidate=true; primary=false; factoryBeanName=null; factoryMethodName=null; initMethodName=null; destroyMethodName=null; defined in BeanDefinition defined in null]
10:02:17,359  INFO Test worker support.DefaultListableBeanFactory:818 - Overriding bean definition for bean 'exitStatusSettingStepListener' with a different definition: replacing [Generic bean: class [org.springframework.batch.core.jsr.step.listener.ExitStatusSettingStepListener]; scope=step; abstract=false; lazyInit=false; autowireMode=0; dependencyCheck=0; autowireCandidate=false; primary=false; factoryBeanName=null; factoryMethodName=null; initMethodName=null; destroyMethodName=null] with [Root bean: class [org.springframework.aop.scope.ScopedProxyFactoryBean]; scope=; abstract=false; lazyInit=false; autowireMode=0; dependencyCheck=0; autowireCandidate=true; primary=false; factoryBeanName=null; factoryMethodName=null; initMethodName=null; destroyMethodName=null; defined in BeanDefinition defined in null]
10:02:17,359  INFO Test worker support.DefaultListableBeanFactory:818 - Overriding bean definition for bean 'org.springframework.batch.core.jsr.job.flow.support.state.JsrEndStateTests$EndStateBatchlet' with a different definition: replacing [Generic bean: class [org.springframework.batch.core.jsr.job.flow.support.state.JsrEndStateTests$EndStateBatchlet]; scope=step; abstract=false; lazyInit=false; autowireMode=0; dependencyCheck=0; autowireCandidate=false; primary=false; factoryBeanName=null; factoryMethodName=null; initMethodName=null; destroyMethodName=null] with [Root bean: class [org.springframework.aop.scope.ScopedProxyFactoryBean]; scope=; abstract=false; lazyInit=false; autowireMode=0; dependencyCheck=0; autowireCandidate=true; primary=false; factoryBeanName=null; factoryMethodName=null; initMethodName=null; destroyMethodName=null; defined in BeanDefinition defined in null]
10:02:17,360  INFO Test worker support.DefaultListableBeanFactory:818 - Overriding bean definition for bean 'org.springframework.batch.core.jsr.job.flow.support.state.JsrEndStateTests$EndStateBatchlet1' with a different definition: replacing [Generic bean: class [org.springframework.batch.core.jsr.job.flow.support.state.JsrEndStateTests$EndStateBatchlet]; scope=step; abstract=false; lazyInit=false; autowireMode=0; dependencyCheck=0; autowireCandidate=false; primary=false; factoryBeanName=null; factoryMethodName=null; initMethodName=null; destroyMethodName=null] with [Root bean: class [org.springframework.aop.scope.ScopedProxyFactoryBean]; scope=; abstract=false; lazyInit=false; autowireMode=0; dependencyCheck=0; autowireCandidate=false; primary=false; factoryBeanName=null; factoryMethodName=null; initMethodName=null; destroyMethodName=null; defined in BeanDefinition defined in null]
10:02:17,360  INFO Test worker support.DefaultListableBeanFactory:818 - Overriding bean definition for bean 'stepContextFactory' with a different definition: replacing [Generic bean: class [org.springframework.batch.core.jsr.JsrStepContextFactoryBean]; scope=step; abstract=false; lazyInit=false; autowireMode=0; dependencyCheck=0; autowireCandidate=false; primary=false; factoryBeanName=null; factoryMethodName=null; initMethodName=null; destroyMethodName=null] with [Root bean: class [org.springframework.aop.scope.ScopedProxyFactoryBean]; scope=; abstract=false; lazyInit=false; autowireMode=0; dependencyCheck=0; autowireCandidate=true; primary=false; factoryBeanName=null; factoryMethodName=null; initMethodName=null; destroyMethodName=null; defined in BeanDefinition defined in null]
10:02:17,363  INFO Test worker support.JsrAutowiredAnnotationBeanPostProcessor:111 - JSR-330 'javax.inject.Inject' annotation found and supported for autowiring
10:02:17,392  INFO SimpleAsyncTaskExecutor-25 job.SimpleStepHandler:146 - Executing step: [step1]
10:02:17,399  INFO SimpleAsyncTaskExecutor-25 xml.JsrXmlApplicationContext:985 - Closing org.springframework.batch.core.jsr.configuration.xml.JsrXmlApplicationContext@21dc66c: startup date [Thu Mar 23 10:02:17 CDT 2017]; parent: org.springframework.context.support.GenericXmlApplicationContext@6db3cbe
]]></system-out>
  <system-err><![CDATA[]]></system-err>
</testsuite>
