<?xml version="1.0" encoding="UTF-8"?>
<testsuite name="org.springframework.batch.core.job.flow.FlowExecutionExceptionTests" tests="2" skipped="0" failures="0" errors="0" timestamp="2017-03-23T15:02:11" hostname="Michaels-MacBook-Pro-3.local" time="0.001">
  <properties/>
  <testcase name="testFlowExecutionExceptionString" classname="org.springframework.batch.core.job.flow.FlowExecutionExceptionTests" time="0.0"/>
  <testcase name="testFlowExecutionExceptionStringThrowable" classname="org.springframework.batch.core.job.flow.FlowExecutionExceptionTests" time="0.001"/>
  <system-out><![CDATA[]]></system-out>
  <system-err><![CDATA[]]></system-err>
</testsuite>
