<?xml version="1.0" encoding="UTF-8"?>
<testsuite name="org.springframework.batch.core.jsr.configuration.xml.ThreadLocalClassloaderBeanPostProcessorTests" tests="1" skipped="0" failures="0" errors="0" timestamp="2017-03-23T15:02:17" hostname="Michaels-MacBook-Pro-3.local" time="0.048">
  <properties/>
  <testcase name="test" classname="org.springframework.batch.core.jsr.configuration.xml.ThreadLocalClassloaderBeanPostProcessorTests" time="0.048"/>
  <system-out><![CDATA[Operator = org.springframework.batch.core.jsr.launch.JsrJobOperator@564b2f2c
10:02:17,045  INFO Test worker xml.XmlBeanDefinitionReader:317 - Loading XML bean definitions from class path resource [META-INF/batch.xml]
10:02:17,048  INFO Test worker xml.XmlBeanDefinitionReader:317 - Loading XML bean definitions from class path resource [META-INF/batch-jobs/threadLocalClassloaderBeanPostProcessorTestsJob.xml]
10:02:17,050  INFO Test worker support.DefaultListableBeanFactory:818 - Overriding bean definition for bean 'threadLocalClassloaderBeanPostProcessorTestsJob' with a different definition: replacing [Generic bean: class [org.springframework.batch.core.jsr.configuration.xml.JsrFlowFactoryBean]; scope=; abstract=false; lazyInit=false; autowireMode=0; dependencyCheck=0; autowireCandidate=true; primary=false; factoryBeanName=null; factoryMethodName=null; initMethodName=null; destroyMethodName=null] with [Generic bean: class [org.springframework.batch.core.jsr.configuration.xml.JobFactoryBean]; scope=; abstract=false; lazyInit=true; autowireMode=0; dependencyCheck=0; autowireCandidate=true; primary=false; factoryBeanName=null; factoryMethodName=null; initMethodName=null; destroyMethodName=null]
10:02:17,051  INFO Test worker xml.JsrXmlApplicationContext:581 - Refreshing org.springframework.batch.core.jsr.configuration.xml.JsrXmlApplicationContext@8d70b88: startup date [Thu Mar 23 10:02:17 CDT 2017]; parent: org.springframework.context.support.GenericXmlApplicationContext@6db3cbe
10:02:17,053  INFO Test worker support.DefaultListableBeanFactory:818 - Overriding bean definition for bean 'testBatchlet' with a different definition: replacing [Generic bean: class [org.springframework.batch.core.jsr.step.batchlet.BatchletSupport]; scope=step; abstract=false; lazyInit=false; autowireMode=0; dependencyCheck=0; autowireCandidate=false; primary=false; factoryBeanName=null; factoryMethodName=null; initMethodName=null; destroyMethodName=null] with [Root bean: class [org.springframework.aop.scope.ScopedProxyFactoryBean]; scope=; abstract=false; lazyInit=false; autowireMode=0; dependencyCheck=0; autowireCandidate=true; primary=false; factoryBeanName=null; factoryMethodName=null; initMethodName=null; destroyMethodName=null; defined in BeanDefinition defined in null]
10:02:17,054  INFO Test worker support.DefaultListableBeanFactory:818 - Overriding bean definition for bean 'restartBatchlet' with a different definition: replacing [Generic bean: class [org.springframework.batch.core.jsr.step.batchlet.RestartBatchlet]; scope=step; abstract=false; lazyInit=false; autowireMode=0; dependencyCheck=0; autowireCandidate=false; primary=false; factoryBeanName=null; factoryMethodName=null; initMethodName=null; destroyMethodName=null] with [Root bean: class [org.springframework.aop.scope.ScopedProxyFactoryBean]; scope=; abstract=false; lazyInit=false; autowireMode=0; dependencyCheck=0; autowireCandidate=true; primary=false; factoryBeanName=null; factoryMethodName=null; initMethodName=null; destroyMethodName=null; defined in BeanDefinition defined in null]
10:02:17,054  INFO Test worker support.DefaultListableBeanFactory:818 - Overriding bean definition for bean 'failingBatchlet' with a different definition: replacing [Generic bean: class [org.springframework.batch.core.jsr.step.batchlet.FailingBatchlet]; scope=step; abstract=false; lazyInit=false; autowireMode=0; dependencyCheck=0; autowireCandidate=false; primary=false; factoryBeanName=null; factoryMethodName=null; initMethodName=null; destroyMethodName=null] with [Root bean: class [org.springframework.aop.scope.ScopedProxyFactoryBean]; scope=; abstract=false; lazyInit=false; autowireMode=0; dependencyCheck=0; autowireCandidate=true; primary=false; factoryBeanName=null; factoryMethodName=null; initMethodName=null; destroyMethodName=null; defined in BeanDefinition defined in null]
10:02:17,054  INFO Test worker support.DefaultListableBeanFactory:818 - Overriding bean definition for bean 'exitStatusSettingStepListener' with a different definition: replacing [Generic bean: class [org.springframework.batch.core.jsr.step.listener.ExitStatusSettingStepListener]; scope=step; abstract=false; lazyInit=false; autowireMode=0; dependencyCheck=0; autowireCandidate=false; primary=false; factoryBeanName=null; factoryMethodName=null; initMethodName=null; destroyMethodName=null] with [Root bean: class [org.springframework.aop.scope.ScopedProxyFactoryBean]; scope=; abstract=false; lazyInit=false; autowireMode=0; dependencyCheck=0; autowireCandidate=true; primary=false; factoryBeanName=null; factoryMethodName=null; initMethodName=null; destroyMethodName=null; defined in BeanDefinition defined in null]
10:02:17,054  INFO Test worker support.DefaultListableBeanFactory:818 - Overriding bean definition for bean 'org.springframework.batch.core.jsr.configuration.xml.ThreadLocalClassloaderBeanPostProcessorTestsBatchlet' with a different definition: replacing [Generic bean: class [org.springframework.batch.core.jsr.configuration.xml.ThreadLocalClassloaderBeanPostProcessorTestsBatchlet]; scope=step; abstract=false; lazyInit=false; autowireMode=0; dependencyCheck=0; autowireCandidate=false; primary=false; factoryBeanName=null; factoryMethodName=null; initMethodName=null; destroyMethodName=null] with [Root bean: class [org.springframework.aop.scope.ScopedProxyFactoryBean]; scope=; abstract=false; lazyInit=false; autowireMode=0; dependencyCheck=0; autowireCandidate=true; primary=false; factoryBeanName=null; factoryMethodName=null; initMethodName=null; destroyMethodName=null; defined in BeanDefinition defined in null]
10:02:17,055  INFO Test worker support.DefaultListableBeanFactory:818 - Overriding bean definition for bean 'stepContextFactory' with a different definition: replacing [Generic bean: class [org.springframework.batch.core.jsr.JsrStepContextFactoryBean]; scope=step; abstract=false; lazyInit=false; autowireMode=0; dependencyCheck=0; autowireCandidate=false; primary=false; factoryBeanName=null; factoryMethodName=null; initMethodName=null; destroyMethodName=null] with [Root bean: class [org.springframework.aop.scope.ScopedProxyFactoryBean]; scope=; abstract=false; lazyInit=false; autowireMode=0; dependencyCheck=0; autowireCandidate=true; primary=false; factoryBeanName=null; factoryMethodName=null; initMethodName=null; destroyMethodName=null; defined in BeanDefinition defined in null]
10:02:17,058  INFO Test worker support.JsrAutowiredAnnotationBeanPostProcessor:111 - JSR-330 'javax.inject.Inject' annotation found and supported for autowiring
10:02:17,080  INFO SimpleAsyncTaskExecutor-24 job.SimpleStepHandler:146 - Executing step: [step1]
10:02:17,091  INFO SimpleAsyncTaskExecutor-24 xml.JsrXmlApplicationContext:985 - Closing org.springframework.batch.core.jsr.configuration.xml.JsrXmlApplicationContext@8d70b88: startup date [Thu Mar 23 10:02:17 CDT 2017]; parent: org.springframework.context.support.GenericXmlApplicationContext@6db3cbe
]]></system-out>
  <system-err><![CDATA[]]></system-err>
</testsuite>
