<?xml version="1.0" encoding="UTF-8"?>
<testsuite name="org.springframework.batch.core.step.item.FaultTolerantStepFactoryBeanUnexpectedRollbackTests" tests="1" skipped="1" failures="0" errors="0" timestamp="2017-03-23T15:02:45" hostname="Michaels-MacBook-Pro-3.local" time="0.0">
  <properties/>
  <testcase name="testTransactionException" classname="org.springframework.batch.core.step.item.FaultTolerantStepFactoryBeanUnexpectedRollbackTests" time="0.0">
    <skipped/>
  </testcase>
  <system-out><![CDATA[10:02:45,814  INFO Test worker support.DefaultTestContextBootstrapper:260 - Loaded default TestExecutionListener class names from location [META-INF/spring.factories]: [org.springframework.test.context.web.ServletTestExecutionListener, org.springframework.test.context.support.DirtiesContextBeforeModesTestExecutionListener, org.springframework.test.context.support.DependencyInjectionTestExecutionListener, org.springframework.test.context.support.DirtiesContextTestExecutionListener, org.springframework.test.context.transaction.TransactionalTestExecutionListener, org.springframework.test.context.jdbc.SqlScriptsTestExecutionListener]
10:02:45,814  INFO Test worker support.DefaultTestContextBootstrapper:209 - Could not instantiate TestExecutionListener [org.springframework.test.context.web.ServletTestExecutionListener]. Specify custom listener classes or make the default listener classes (and their required dependencies) available. Offending class: [javax/servlet/ServletContext]
10:02:45,814  INFO Test worker support.DefaultTestContextBootstrapper:187 - Using TestExecutionListeners: [org.springframework.test.context.support.DirtiesContextBeforeModesTestExecutionListener@4612ee56, org.springframework.test.context.support.DependencyInjectionTestExecutionListener@21af56d3, org.springframework.test.context.support.DirtiesContextTestExecutionListener@4c9c11c0, org.springframework.test.context.transaction.TransactionalTestExecutionListener@3aeb5d6e, org.springframework.test.context.jdbc.SqlScriptsTestExecutionListener@6bda743b]
]]></system-out>
  <system-err><![CDATA[]]></system-err>
</testsuite>
