<?xml version="1.0" encoding="UTF-8"?>
<testsuite name="org.springframework.batch.core.repository.dao.JdbcStepExecutionDaoTests" tests="14" skipped="0" failures="0" errors="0" timestamp="2017-03-23T15:02:35" hostname="Michaels-MacBook-Pro-3.local" time="0.109">
  <properties/>
  <testcase name="testTruncateExitDescription" classname="org.springframework.batch.core.repository.dao.JdbcStepExecutionDaoTests" time="0.007"/>
  <testcase name="testSaveAndGetNonExistentExecution" classname="org.springframework.batch.core.repository.dao.JdbcStepExecutionDaoTests" time="0.008"/>
  <testcase name="testGetStepExecutionsWhenNoneExist" classname="org.springframework.batch.core.repository.dao.JdbcStepExecutionDaoTests" time="0.008"/>
  <testcase name="testSaveExecutionWithIdAlreadySet" classname="org.springframework.batch.core.repository.dao.JdbcStepExecutionDaoTests" time="0.008"/>
  <testcase name="testSaveExecutionAssignsIdAndVersion" classname="org.springframework.batch.core.repository.dao.JdbcStepExecutionDaoTests" time="0.006"/>
  <testcase name="testGetForNotExistingJobExecution" classname="org.springframework.batch.core.repository.dao.JdbcStepExecutionDaoTests" time="0.007"/>
  <testcase name="testUpdateExecution" classname="org.springframework.batch.core.repository.dao.JdbcStepExecutionDaoTests" time="0.008"/>
  <testcase name="testSaveAndFindExecution" classname="org.springframework.batch.core.repository.dao.JdbcStepExecutionDaoTests" time="0.009"/>
  <testcase name="testSaveEmptyCollection" classname="org.springframework.batch.core.repository.dao.JdbcStepExecutionDaoTests" time="0.008"/>
  <testcase name="testSaveNullCollectionThrowsException" classname="org.springframework.batch.core.repository.dao.JdbcStepExecutionDaoTests" time="0.007"/>
  <testcase name="testSaveAndGetExecutions" classname="org.springframework.batch.core.repository.dao.JdbcStepExecutionDaoTests" time="0.007"/>
  <testcase name="testSaveExecutionWithVersionAlreadySet" classname="org.springframework.batch.core.repository.dao.JdbcStepExecutionDaoTests" time="0.006"/>
  <testcase name="testSaveAndGetExecution" classname="org.springframework.batch.core.repository.dao.JdbcStepExecutionDaoTests" time="0.006"/>
  <testcase name="testConcurrentModificationException" classname="org.springframework.batch.core.repository.dao.JdbcStepExecutionDaoTests" time="0.006"/>
  <system-out><![CDATA[10:02:35,282  INFO Test worker support.DefaultTestContextBootstrapper:209 - Could not instantiate TestExecutionListener [org.springframework.test.context.web.ServletTestExecutionListener]. Specify custom listener classes or make the default listener classes (and their required dependencies) available. Offending class: [javax/servlet/ServletContext]
10:02:35,282  INFO Test worker support.DefaultTestContextBootstrapper:187 - Using TestExecutionListeners: [org.springframework.test.context.support.DirtiesContextBeforeModesTestExecutionListener@67d09a9f, org.springframework.test.context.support.DependencyInjectionTestExecutionListener@1eb30e3d, org.springframework.test.context.support.DirtiesContextTestExecutionListener@7d4a6b2f, org.springframework.test.context.transaction.TransactionalTestExecutionListener@4f34cbcc, org.springframework.test.context.jdbc.SqlScriptsTestExecutionListener@2cd3a4d7]
10:02:35,289  INFO Test worker transaction.TransactionContext:98 - Began transaction (1) for test context [DefaultTestContext@6da9510a testClass = JdbcStepExecutionDaoTests, testInstance = org.springframework.batch.core.repository.dao.JdbcStepExecutionDaoTests@5c6db574, testMethod = testTruncateExitDescription@JdbcStepExecutionDaoTests, testException = [null], mergedContextConfiguration = [MergedContextConfiguration@4ac0204a testClass = JdbcStepExecutionDaoTests, locations = '{classpath:/org/springframework/batch/core/repository/dao/sql-dao-test.xml}', classes = '{}', contextInitializerClasses = '[]', activeProfiles = '{}', propertySourceLocations = '{}', propertySourceProperties = '{}', contextCustomizers = set[[empty]], contextLoader = 'org.springframework.test.context.support.DelegatingSmartContextLoader', parent = [null]], attributes = map[[empty]]]; transaction manager [org.springframework.jdbc.datasource.DataSourceTransactionManager@12d238cc]; rollback [true]
10:02:35,290  INFO Test worker jdbc.JdbcTestUtils:90 - Deleted 0 rows from table BATCH_JOB_EXECUTION_CONTEXT
10:02:35,290  INFO Test worker jdbc.JdbcTestUtils:90 - Deleted 0 rows from table BATCH_STEP_EXECUTION_CONTEXT
10:02:35,290  INFO Test worker jdbc.JdbcTestUtils:90 - Deleted 0 rows from table BATCH_STEP_EXECUTION
10:02:35,290  INFO Test worker jdbc.JdbcTestUtils:90 - Deleted 0 rows from table BATCH_JOB_EXECUTION_PARAMS
10:02:35,291  INFO Test worker jdbc.JdbcTestUtils:90 - Deleted 0 rows from table BATCH_JOB_EXECUTION
10:02:35,291  INFO Test worker jdbc.JdbcTestUtils:90 - Deleted 0 rows from table BATCH_JOB_INSTANCE
10:02:35,294  INFO Test worker transaction.TransactionContext:131 - Rolled back transaction for test context [DefaultTestContext@6da9510a testClass = JdbcStepExecutionDaoTests, testInstance = org.springframework.batch.core.repository.dao.JdbcStepExecutionDaoTests@5c6db574, testMethod = testTruncateExitDescription@JdbcStepExecutionDaoTests, testException = [null], mergedContextConfiguration = [MergedContextConfiguration@4ac0204a testClass = JdbcStepExecutionDaoTests, locations = '{classpath:/org/springframework/batch/core/repository/dao/sql-dao-test.xml}', classes = '{}', contextInitializerClasses = '[]', activeProfiles = '{}', propertySourceLocations = '{}', propertySourceProperties = '{}', contextCustomizers = set[[empty]], contextLoader = 'org.springframework.test.context.support.DelegatingSmartContextLoader', parent = [null]], attributes = map[[empty]]].
10:02:35,297  INFO Test worker transaction.TransactionContext:98 - Began transaction (1) for test context [DefaultTestContext@6da9510a testClass = JdbcStepExecutionDaoTests, testInstance = org.springframework.batch.core.repository.dao.JdbcStepExecutionDaoTests@7d9da867, testMethod = testSaveAndGetNonExistentExecution@AbstractStepExecutionDaoTests, testException = [null], mergedContextConfiguration = [MergedContextConfiguration@4ac0204a testClass = JdbcStepExecutionDaoTests, locations = '{classpath:/org/springframework/batch/core/repository/dao/sql-dao-test.xml}', classes = '{}', contextInitializerClasses = '[]', activeProfiles = '{}', propertySourceLocations = '{}', propertySourceProperties = '{}', contextCustomizers = set[[empty]], contextLoader = 'org.springframework.test.context.support.DelegatingSmartContextLoader', parent = [null]], attributes = map[[empty]]]; transaction manager [org.springframework.jdbc.datasource.DataSourceTransactionManager@12d238cc]; rollback [true]
10:02:35,298  INFO Test worker jdbc.JdbcTestUtils:90 - Deleted 0 rows from table BATCH_JOB_EXECUTION_CONTEXT
10:02:35,298  INFO Test worker jdbc.JdbcTestUtils:90 - Deleted 0 rows from table BATCH_STEP_EXECUTION_CONTEXT
10:02:35,298  INFO Test worker jdbc.JdbcTestUtils:90 - Deleted 0 rows from table BATCH_STEP_EXECUTION
10:02:35,299  INFO Test worker jdbc.JdbcTestUtils:90 - Deleted 0 rows from table BATCH_JOB_EXECUTION_PARAMS
10:02:35,299  INFO Test worker jdbc.JdbcTestUtils:90 - Deleted 0 rows from table BATCH_JOB_EXECUTION
10:02:35,299  INFO Test worker jdbc.JdbcTestUtils:90 - Deleted 0 rows from table BATCH_JOB_INSTANCE
10:02:35,303  INFO Test worker transaction.TransactionContext:131 - Rolled back transaction for test context [DefaultTestContext@6da9510a testClass = JdbcStepExecutionDaoTests, testInstance = org.springframework.batch.core.repository.dao.JdbcStepExecutionDaoTests@7d9da867, testMethod = testSaveAndGetNonExistentExecution@AbstractStepExecutionDaoTests, testException = [null], mergedContextConfiguration = [MergedContextConfiguration@4ac0204a testClass = JdbcStepExecutionDaoTests, locations = '{classpath:/org/springframework/batch/core/repository/dao/sql-dao-test.xml}', classes = '{}', contextInitializerClasses = '[]', activeProfiles = '{}', propertySourceLocations = '{}', propertySourceProperties = '{}', contextCustomizers = set[[empty]], contextLoader = 'org.springframework.test.context.support.DelegatingSmartContextLoader', parent = [null]], attributes = map[[empty]]].
10:02:35,306  INFO Test worker transaction.TransactionContext:98 - Began transaction (1) for test context [DefaultTestContext@6da9510a testClass = JdbcStepExecutionDaoTests, testInstance = org.springframework.batch.core.repository.dao.JdbcStepExecutionDaoTests@2775158b, testMethod = testGetStepExecutionsWhenNoneExist@AbstractStepExecutionDaoTests, testException = [null], mergedContextConfiguration = [MergedContextConfiguration@4ac0204a testClass = JdbcStepExecutionDaoTests, locations = '{classpath:/org/springframework/batch/core/repository/dao/sql-dao-test.xml}', classes = '{}', contextInitializerClasses = '[]', activeProfiles = '{}', propertySourceLocations = '{}', propertySourceProperties = '{}', contextCustomizers = set[[empty]], contextLoader = 'org.springframework.test.context.support.DelegatingSmartContextLoader', parent = [null]], attributes = map[[empty]]]; transaction manager [org.springframework.jdbc.datasource.DataSourceTransactionManager@12d238cc]; rollback [true]
10:02:35,306  INFO Test worker jdbc.JdbcTestUtils:90 - Deleted 0 rows from table BATCH_JOB_EXECUTION_CONTEXT
10:02:35,307  INFO Test worker jdbc.JdbcTestUtils:90 - Deleted 0 rows from table BATCH_STEP_EXECUTION_CONTEXT
10:02:35,307  INFO Test worker jdbc.JdbcTestUtils:90 - Deleted 0 rows from table BATCH_STEP_EXECUTION
10:02:35,307  INFO Test worker jdbc.JdbcTestUtils:90 - Deleted 0 rows from table BATCH_JOB_EXECUTION_PARAMS
10:02:35,307  INFO Test worker jdbc.JdbcTestUtils:90 - Deleted 0 rows from table BATCH_JOB_EXECUTION
10:02:35,307  INFO Test worker jdbc.JdbcTestUtils:90 - Deleted 0 rows from table BATCH_JOB_INSTANCE
10:02:35,310  INFO Test worker transaction.TransactionContext:131 - Rolled back transaction for test context [DefaultTestContext@6da9510a testClass = JdbcStepExecutionDaoTests, testInstance = org.springframework.batch.core.repository.dao.JdbcStepExecutionDaoTests@2775158b, testMethod = testGetStepExecutionsWhenNoneExist@AbstractStepExecutionDaoTests, testException = [null], mergedContextConfiguration = [MergedContextConfiguration@4ac0204a testClass = JdbcStepExecutionDaoTests, locations = '{classpath:/org/springframework/batch/core/repository/dao/sql-dao-test.xml}', classes = '{}', contextInitializerClasses = '[]', activeProfiles = '{}', propertySourceLocations = '{}', propertySourceProperties = '{}', contextCustomizers = set[[empty]], contextLoader = 'org.springframework.test.context.support.DelegatingSmartContextLoader', parent = [null]], attributes = map[[empty]]].
10:02:35,314  INFO Test worker transaction.TransactionContext:98 - Began transaction (1) for test context [DefaultTestContext@6da9510a testClass = JdbcStepExecutionDaoTests, testInstance = org.springframework.batch.core.repository.dao.JdbcStepExecutionDaoTests@230e6b39, testMethod = testSaveExecutionWithIdAlreadySet@AbstractStepExecutionDaoTests, testException = [null], mergedContextConfiguration = [MergedContextConfiguration@4ac0204a testClass = JdbcStepExecutionDaoTests, locations = '{classpath:/org/springframework/batch/core/repository/dao/sql-dao-test.xml}', classes = '{}', contextInitializerClasses = '[]', activeProfiles = '{}', propertySourceLocations = '{}', propertySourceProperties = '{}', contextCustomizers = set[[empty]], contextLoader = 'org.springframework.test.context.support.DelegatingSmartContextLoader', parent = [null]], attributes = map[[empty]]]; transaction manager [org.springframework.jdbc.datasource.DataSourceTransactionManager@12d238cc]; rollback [true]
10:02:35,315  INFO Test worker jdbc.JdbcTestUtils:90 - Deleted 0 rows from table BATCH_JOB_EXECUTION_CONTEXT
10:02:35,315  INFO Test worker jdbc.JdbcTestUtils:90 - Deleted 0 rows from table BATCH_STEP_EXECUTION_CONTEXT
10:02:35,315  INFO Test worker jdbc.JdbcTestUtils:90 - Deleted 0 rows from table BATCH_STEP_EXECUTION
10:02:35,315  INFO Test worker jdbc.JdbcTestUtils:90 - Deleted 0 rows from table BATCH_JOB_EXECUTION_PARAMS
10:02:35,316  INFO Test worker jdbc.JdbcTestUtils:90 - Deleted 0 rows from table BATCH_JOB_EXECUTION
10:02:35,316  INFO Test worker jdbc.JdbcTestUtils:90 - Deleted 0 rows from table BATCH_JOB_INSTANCE
10:02:35,318  INFO Test worker transaction.TransactionContext:131 - Rolled back transaction for test context [DefaultTestContext@6da9510a testClass = JdbcStepExecutionDaoTests, testInstance = org.springframework.batch.core.repository.dao.JdbcStepExecutionDaoTests@230e6b39, testMethod = testSaveExecutionWithIdAlreadySet@AbstractStepExecutionDaoTests, testException = [null], mergedContextConfiguration = [MergedContextConfiguration@4ac0204a testClass = JdbcStepExecutionDaoTests, locations = '{classpath:/org/springframework/batch/core/repository/dao/sql-dao-test.xml}', classes = '{}', contextInitializerClasses = '[]', activeProfiles = '{}', propertySourceLocations = '{}', propertySourceProperties = '{}', contextCustomizers = set[[empty]], contextLoader = 'org.springframework.test.context.support.DelegatingSmartContextLoader', parent = [null]], attributes = map[[empty]]].
10:02:35,322  INFO Test worker transaction.TransactionContext:98 - Began transaction (1) for test context [DefaultTestContext@6da9510a testClass = JdbcStepExecutionDaoTests, testInstance = org.springframework.batch.core.repository.dao.JdbcStepExecutionDaoTests@4408182, testMethod = testSaveExecutionAssignsIdAndVersion@AbstractStepExecutionDaoTests, testException = [null], mergedContextConfiguration = [MergedContextConfiguration@4ac0204a testClass = JdbcStepExecutionDaoTests, locations = '{classpath:/org/springframework/batch/core/repository/dao/sql-dao-test.xml}', classes = '{}', contextInitializerClasses = '[]', activeProfiles = '{}', propertySourceLocations = '{}', propertySourceProperties = '{}', contextCustomizers = set[[empty]], contextLoader = 'org.springframework.test.context.support.DelegatingSmartContextLoader', parent = [null]], attributes = map[[empty]]]; transaction manager [org.springframework.jdbc.datasource.DataSourceTransactionManager@12d238cc]; rollback [true]
10:02:35,322  INFO Test worker jdbc.JdbcTestUtils:90 - Deleted 0 rows from table BATCH_JOB_EXECUTION_CONTEXT
10:02:35,322  INFO Test worker jdbc.JdbcTestUtils:90 - Deleted 0 rows from table BATCH_STEP_EXECUTION_CONTEXT
10:02:35,322  INFO Test worker jdbc.JdbcTestUtils:90 - Deleted 0 rows from table BATCH_STEP_EXECUTION
10:02:35,323  INFO Test worker jdbc.JdbcTestUtils:90 - Deleted 0 rows from table BATCH_JOB_EXECUTION_PARAMS
10:02:35,323  INFO Test worker jdbc.JdbcTestUtils:90 - Deleted 0 rows from table BATCH_JOB_EXECUTION
10:02:35,323  INFO Test worker jdbc.JdbcTestUtils:90 - Deleted 0 rows from table BATCH_JOB_INSTANCE
10:02:35,325  INFO Test worker transaction.TransactionContext:131 - Rolled back transaction for test context [DefaultTestContext@6da9510a testClass = JdbcStepExecutionDaoTests, testInstance = org.springframework.batch.core.repository.dao.JdbcStepExecutionDaoTests@4408182, testMethod = testSaveExecutionAssignsIdAndVersion@AbstractStepExecutionDaoTests, testException = [null], mergedContextConfiguration = [MergedContextConfiguration@4ac0204a testClass = JdbcStepExecutionDaoTests, locations = '{classpath:/org/springframework/batch/core/repository/dao/sql-dao-test.xml}', classes = '{}', contextInitializerClasses = '[]', activeProfiles = '{}', propertySourceLocations = '{}', propertySourceProperties = '{}', contextCustomizers = set[[empty]], contextLoader = 'org.springframework.test.context.support.DelegatingSmartContextLoader', parent = [null]], attributes = map[[empty]]].
10:02:35,328  INFO Test worker transaction.TransactionContext:98 - Began transaction (1) for test context [DefaultTestContext@6da9510a testClass = JdbcStepExecutionDaoTests, testInstance = org.springframework.batch.core.repository.dao.JdbcStepExecutionDaoTests@7f48eb, testMethod = testGetForNotExistingJobExecution@AbstractStepExecutionDaoTests, testException = [null], mergedContextConfiguration = [MergedContextConfiguration@4ac0204a testClass = JdbcStepExecutionDaoTests, locations = '{classpath:/org/springframework/batch/core/repository/dao/sql-dao-test.xml}', classes = '{}', contextInitializerClasses = '[]', activeProfiles = '{}', propertySourceLocations = '{}', propertySourceProperties = '{}', contextCustomizers = set[[empty]], contextLoader = 'org.springframework.test.context.support.DelegatingSmartContextLoader', parent = [null]], attributes = map[[empty]]]; transaction manager [org.springframework.jdbc.datasource.DataSourceTransactionManager@12d238cc]; rollback [true]
10:02:35,329  INFO Test worker jdbc.JdbcTestUtils:90 - Deleted 0 rows from table BATCH_JOB_EXECUTION_CONTEXT
10:02:35,329  INFO Test worker jdbc.JdbcTestUtils:90 - Deleted 0 rows from table BATCH_STEP_EXECUTION_CONTEXT
10:02:35,329  INFO Test worker jdbc.JdbcTestUtils:90 - Deleted 0 rows from table BATCH_STEP_EXECUTION
10:02:35,329  INFO Test worker jdbc.JdbcTestUtils:90 - Deleted 0 rows from table BATCH_JOB_EXECUTION_PARAMS
10:02:35,330  INFO Test worker jdbc.JdbcTestUtils:90 - Deleted 0 rows from table BATCH_JOB_EXECUTION
10:02:35,330  INFO Test worker jdbc.JdbcTestUtils:90 - Deleted 0 rows from table BATCH_JOB_INSTANCE
10:02:35,332  INFO Test worker transaction.TransactionContext:131 - Rolled back transaction for test context [DefaultTestContext@6da9510a testClass = JdbcStepExecutionDaoTests, testInstance = org.springframework.batch.core.repository.dao.JdbcStepExecutionDaoTests@7f48eb, testMethod = testGetForNotExistingJobExecution@AbstractStepExecutionDaoTests, testException = [null], mergedContextConfiguration = [MergedContextConfiguration@4ac0204a testClass = JdbcStepExecutionDaoTests, locations = '{classpath:/org/springframework/batch/core/repository/dao/sql-dao-test.xml}', classes = '{}', contextInitializerClasses = '[]', activeProfiles = '{}', propertySourceLocations = '{}', propertySourceProperties = '{}', contextCustomizers = set[[empty]], contextLoader = 'org.springframework.test.context.support.DelegatingSmartContextLoader', parent = [null]], attributes = map[[empty]]].
10:02:35,336  INFO Test worker transaction.TransactionContext:98 - Began transaction (1) for test context [DefaultTestContext@6da9510a testClass = JdbcStepExecutionDaoTests, testInstance = org.springframework.batch.core.repository.dao.JdbcStepExecutionDaoTests@49edb079, testMethod = testUpdateExecution@AbstractStepExecutionDaoTests, testException = [null], mergedContextConfiguration = [MergedContextConfiguration@4ac0204a testClass = JdbcStepExecutionDaoTests, locations = '{classpath:/org/springframework/batch/core/repository/dao/sql-dao-test.xml}', classes = '{}', contextInitializerClasses = '[]', activeProfiles = '{}', propertySourceLocations = '{}', propertySourceProperties = '{}', contextCustomizers = set[[empty]], contextLoader = 'org.springframework.test.context.support.DelegatingSmartContextLoader', parent = [null]], attributes = map[[empty]]]; transaction manager [org.springframework.jdbc.datasource.DataSourceTransactionManager@12d238cc]; rollback [true]
10:02:35,336  INFO Test worker jdbc.JdbcTestUtils:90 - Deleted 0 rows from table BATCH_JOB_EXECUTION_CONTEXT
10:02:35,336  INFO Test worker jdbc.JdbcTestUtils:90 - Deleted 0 rows from table BATCH_STEP_EXECUTION_CONTEXT
10:02:35,336  INFO Test worker jdbc.JdbcTestUtils:90 - Deleted 0 rows from table BATCH_STEP_EXECUTION
10:02:35,337  INFO Test worker jdbc.JdbcTestUtils:90 - Deleted 0 rows from table BATCH_JOB_EXECUTION_PARAMS
10:02:35,337  INFO Test worker jdbc.JdbcTestUtils:90 - Deleted 0 rows from table BATCH_JOB_EXECUTION
10:02:35,337  INFO Test worker jdbc.JdbcTestUtils:90 - Deleted 0 rows from table BATCH_JOB_INSTANCE
10:02:35,340  INFO Test worker transaction.TransactionContext:131 - Rolled back transaction for test context [DefaultTestContext@6da9510a testClass = JdbcStepExecutionDaoTests, testInstance = org.springframework.batch.core.repository.dao.JdbcStepExecutionDaoTests@49edb079, testMethod = testUpdateExecution@AbstractStepExecutionDaoTests, testException = [null], mergedContextConfiguration = [MergedContextConfiguration@4ac0204a testClass = JdbcStepExecutionDaoTests, locations = '{classpath:/org/springframework/batch/core/repository/dao/sql-dao-test.xml}', classes = '{}', contextInitializerClasses = '[]', activeProfiles = '{}', propertySourceLocations = '{}', propertySourceProperties = '{}', contextCustomizers = set[[empty]], contextLoader = 'org.springframework.test.context.support.DelegatingSmartContextLoader', parent = [null]], attributes = map[[empty]]].
10:02:35,345  INFO Test worker transaction.TransactionContext:98 - Began transaction (1) for test context [DefaultTestContext@6da9510a testClass = JdbcStepExecutionDaoTests, testInstance = org.springframework.batch.core.repository.dao.JdbcStepExecutionDaoTests@31317c4f, testMethod = testSaveAndFindExecution@AbstractStepExecutionDaoTests, testException = [null], mergedContextConfiguration = [MergedContextConfiguration@4ac0204a testClass = JdbcStepExecutionDaoTests, locations = '{classpath:/org/springframework/batch/core/repository/dao/sql-dao-test.xml}', classes = '{}', contextInitializerClasses = '[]', activeProfiles = '{}', propertySourceLocations = '{}', propertySourceProperties = '{}', contextCustomizers = set[[empty]], contextLoader = 'org.springframework.test.context.support.DelegatingSmartContextLoader', parent = [null]], attributes = map[[empty]]]; transaction manager [org.springframework.jdbc.datasource.DataSourceTransactionManager@12d238cc]; rollback [true]
10:02:35,345  INFO Test worker jdbc.JdbcTestUtils:90 - Deleted 0 rows from table BATCH_JOB_EXECUTION_CONTEXT
10:02:35,346  INFO Test worker jdbc.JdbcTestUtils:90 - Deleted 0 rows from table BATCH_STEP_EXECUTION_CONTEXT
10:02:35,346  INFO Test worker jdbc.JdbcTestUtils:90 - Deleted 0 rows from table BATCH_STEP_EXECUTION
10:02:35,346  INFO Test worker jdbc.JdbcTestUtils:90 - Deleted 0 rows from table BATCH_JOB_EXECUTION_PARAMS
10:02:35,346  INFO Test worker jdbc.JdbcTestUtils:90 - Deleted 0 rows from table BATCH_JOB_EXECUTION
10:02:35,347  INFO Test worker jdbc.JdbcTestUtils:90 - Deleted 0 rows from table BATCH_JOB_INSTANCE
10:02:35,350  INFO Test worker transaction.TransactionContext:131 - Rolled back transaction for test context [DefaultTestContext@6da9510a testClass = JdbcStepExecutionDaoTests, testInstance = org.springframework.batch.core.repository.dao.JdbcStepExecutionDaoTests@31317c4f, testMethod = testSaveAndFindExecution@AbstractStepExecutionDaoTests, testException = [null], mergedContextConfiguration = [MergedContextConfiguration@4ac0204a testClass = JdbcStepExecutionDaoTests, locations = '{classpath:/org/springframework/batch/core/repository/dao/sql-dao-test.xml}', classes = '{}', contextInitializerClasses = '[]', activeProfiles = '{}', propertySourceLocations = '{}', propertySourceProperties = '{}', contextCustomizers = set[[empty]], contextLoader = 'org.springframework.test.context.support.DelegatingSmartContextLoader', parent = [null]], attributes = map[[empty]]].
10:02:35,354  INFO Test worker transaction.TransactionContext:98 - Began transaction (1) for test context [DefaultTestContext@6da9510a testClass = JdbcStepExecutionDaoTests, testInstance = org.springframework.batch.core.repository.dao.JdbcStepExecutionDaoTests@62e3f2e7, testMethod = testSaveEmptyCollection@AbstractStepExecutionDaoTests, testException = [null], mergedContextConfiguration = [MergedContextConfiguration@4ac0204a testClass = JdbcStepExecutionDaoTests, locations = '{classpath:/org/springframework/batch/core/repository/dao/sql-dao-test.xml}', classes = '{}', contextInitializerClasses = '[]', activeProfiles = '{}', propertySourceLocations = '{}', propertySourceProperties = '{}', contextCustomizers = set[[empty]], contextLoader = 'org.springframework.test.context.support.DelegatingSmartContextLoader', parent = [null]], attributes = map[[empty]]]; transaction manager [org.springframework.jdbc.datasource.DataSourceTransactionManager@12d238cc]; rollback [true]
10:02:35,355  INFO Test worker jdbc.JdbcTestUtils:90 - Deleted 0 rows from table BATCH_JOB_EXECUTION_CONTEXT
10:02:35,355  INFO Test worker jdbc.JdbcTestUtils:90 - Deleted 0 rows from table BATCH_STEP_EXECUTION_CONTEXT
10:02:35,355  INFO Test worker jdbc.JdbcTestUtils:90 - Deleted 0 rows from table BATCH_STEP_EXECUTION
10:02:35,356  INFO Test worker jdbc.JdbcTestUtils:90 - Deleted 0 rows from table BATCH_JOB_EXECUTION_PARAMS
10:02:35,356  INFO Test worker jdbc.JdbcTestUtils:90 - Deleted 0 rows from table BATCH_JOB_EXECUTION
10:02:35,356  INFO Test worker jdbc.JdbcTestUtils:90 - Deleted 0 rows from table BATCH_JOB_INSTANCE
10:02:35,359  INFO Test worker transaction.TransactionContext:131 - Rolled back transaction for test context [DefaultTestContext@6da9510a testClass = JdbcStepExecutionDaoTests, testInstance = org.springframework.batch.core.repository.dao.JdbcStepExecutionDaoTests@62e3f2e7, testMethod = testSaveEmptyCollection@AbstractStepExecutionDaoTests, testException = [null], mergedContextConfiguration = [MergedContextConfiguration@4ac0204a testClass = JdbcStepExecutionDaoTests, locations = '{classpath:/org/springframework/batch/core/repository/dao/sql-dao-test.xml}', classes = '{}', contextInitializerClasses = '[]', activeProfiles = '{}', propertySourceLocations = '{}', propertySourceProperties = '{}', contextCustomizers = set[[empty]], contextLoader = 'org.springframework.test.context.support.DelegatingSmartContextLoader', parent = [null]], attributes = map[[empty]]].
10:02:35,363  INFO Test worker transaction.TransactionContext:98 - Began transaction (1) for test context [DefaultTestContext@6da9510a testClass = JdbcStepExecutionDaoTests, testInstance = org.springframework.batch.core.repository.dao.JdbcStepExecutionDaoTests@696cfe44, testMethod = testSaveNullCollectionThrowsException@AbstractStepExecutionDaoTests, testException = [null], mergedContextConfiguration = [MergedContextConfiguration@4ac0204a testClass = JdbcStepExecutionDaoTests, locations = '{classpath:/org/springframework/batch/core/repository/dao/sql-dao-test.xml}', classes = '{}', contextInitializerClasses = '[]', activeProfiles = '{}', propertySourceLocations = '{}', propertySourceProperties = '{}', contextCustomizers = set[[empty]], contextLoader = 'org.springframework.test.context.support.DelegatingSmartContextLoader', parent = [null]], attributes = map[[empty]]]; transaction manager [org.springframework.jdbc.datasource.DataSourceTransactionManager@12d238cc]; rollback [true]
10:02:35,364  INFO Test worker jdbc.JdbcTestUtils:90 - Deleted 0 rows from table BATCH_JOB_EXECUTION_CONTEXT
10:02:35,364  INFO Test worker jdbc.JdbcTestUtils:90 - Deleted 0 rows from table BATCH_STEP_EXECUTION_CONTEXT
10:02:35,364  INFO Test worker jdbc.JdbcTestUtils:90 - Deleted 0 rows from table BATCH_STEP_EXECUTION
10:02:35,364  INFO Test worker jdbc.JdbcTestUtils:90 - Deleted 0 rows from table BATCH_JOB_EXECUTION_PARAMS
10:02:35,365  INFO Test worker jdbc.JdbcTestUtils:90 - Deleted 0 rows from table BATCH_JOB_EXECUTION
10:02:35,365  INFO Test worker jdbc.JdbcTestUtils:90 - Deleted 0 rows from table BATCH_JOB_INSTANCE
10:02:35,367  INFO Test worker transaction.TransactionContext:131 - Rolled back transaction for test context [DefaultTestContext@6da9510a testClass = JdbcStepExecutionDaoTests, testInstance = org.springframework.batch.core.repository.dao.JdbcStepExecutionDaoTests@696cfe44, testMethod = testSaveNullCollectionThrowsException@AbstractStepExecutionDaoTests, testException = [null], mergedContextConfiguration = [MergedContextConfiguration@4ac0204a testClass = JdbcStepExecutionDaoTests, locations = '{classpath:/org/springframework/batch/core/repository/dao/sql-dao-test.xml}', classes = '{}', contextInitializerClasses = '[]', activeProfiles = '{}', propertySourceLocations = '{}', propertySourceProperties = '{}', contextCustomizers = set[[empty]], contextLoader = 'org.springframework.test.context.support.DelegatingSmartContextLoader', parent = [null]], attributes = map[[empty]]].
10:02:35,370  INFO Test worker transaction.TransactionContext:98 - Began transaction (1) for test context [DefaultTestContext@6da9510a testClass = JdbcStepExecutionDaoTests, testInstance = org.springframework.batch.core.repository.dao.JdbcStepExecutionDaoTests@5b1adf55, testMethod = testSaveAndGetExecutions@AbstractStepExecutionDaoTests, testException = [null], mergedContextConfiguration = [MergedContextConfiguration@4ac0204a testClass = JdbcStepExecutionDaoTests, locations = '{classpath:/org/springframework/batch/core/repository/dao/sql-dao-test.xml}', classes = '{}', contextInitializerClasses = '[]', activeProfiles = '{}', propertySourceLocations = '{}', propertySourceProperties = '{}', contextCustomizers = set[[empty]], contextLoader = 'org.springframework.test.context.support.DelegatingSmartContextLoader', parent = [null]], attributes = map[[empty]]]; transaction manager [org.springframework.jdbc.datasource.DataSourceTransactionManager@12d238cc]; rollback [true]
10:02:35,371  INFO Test worker jdbc.JdbcTestUtils:90 - Deleted 0 rows from table BATCH_JOB_EXECUTION_CONTEXT
10:02:35,371  INFO Test worker jdbc.JdbcTestUtils:90 - Deleted 0 rows from table BATCH_STEP_EXECUTION_CONTEXT
10:02:35,371  INFO Test worker jdbc.JdbcTestUtils:90 - Deleted 0 rows from table BATCH_STEP_EXECUTION
10:02:35,371  INFO Test worker jdbc.JdbcTestUtils:90 - Deleted 0 rows from table BATCH_JOB_EXECUTION_PARAMS
10:02:35,372  INFO Test worker jdbc.JdbcTestUtils:90 - Deleted 0 rows from table BATCH_JOB_EXECUTION
10:02:35,372  INFO Test worker jdbc.JdbcTestUtils:90 - Deleted 0 rows from table BATCH_JOB_INSTANCE
10:02:35,375  INFO Test worker transaction.TransactionContext:131 - Rolled back transaction for test context [DefaultTestContext@6da9510a testClass = JdbcStepExecutionDaoTests, testInstance = org.springframework.batch.core.repository.dao.JdbcStepExecutionDaoTests@5b1adf55, testMethod = testSaveAndGetExecutions@AbstractStepExecutionDaoTests, testException = [null], mergedContextConfiguration = [MergedContextConfiguration@4ac0204a testClass = JdbcStepExecutionDaoTests, locations = '{classpath:/org/springframework/batch/core/repository/dao/sql-dao-test.xml}', classes = '{}', contextInitializerClasses = '[]', activeProfiles = '{}', propertySourceLocations = '{}', propertySourceProperties = '{}', contextCustomizers = set[[empty]], contextLoader = 'org.springframework.test.context.support.DelegatingSmartContextLoader', parent = [null]], attributes = map[[empty]]].
10:02:35,378  INFO Test worker transaction.TransactionContext:98 - Began transaction (1) for test context [DefaultTestContext@6da9510a testClass = JdbcStepExecutionDaoTests, testInstance = org.springframework.batch.core.repository.dao.JdbcStepExecutionDaoTests@67741cfa, testMethod = testSaveExecutionWithVersionAlreadySet@AbstractStepExecutionDaoTests, testException = [null], mergedContextConfiguration = [MergedContextConfiguration@4ac0204a testClass = JdbcStepExecutionDaoTests, locations = '{classpath:/org/springframework/batch/core/repository/dao/sql-dao-test.xml}', classes = '{}', contextInitializerClasses = '[]', activeProfiles = '{}', propertySourceLocations = '{}', propertySourceProperties = '{}', contextCustomizers = set[[empty]], contextLoader = 'org.springframework.test.context.support.DelegatingSmartContextLoader', parent = [null]], attributes = map[[empty]]]; transaction manager [org.springframework.jdbc.datasource.DataSourceTransactionManager@12d238cc]; rollback [true]
10:02:35,379  INFO Test worker jdbc.JdbcTestUtils:90 - Deleted 0 rows from table BATCH_JOB_EXECUTION_CONTEXT
10:02:35,379  INFO Test worker jdbc.JdbcTestUtils:90 - Deleted 0 rows from table BATCH_STEP_EXECUTION_CONTEXT
10:02:35,379  INFO Test worker jdbc.JdbcTestUtils:90 - Deleted 0 rows from table BATCH_STEP_EXECUTION
10:02:35,379  INFO Test worker jdbc.JdbcTestUtils:90 - Deleted 0 rows from table BATCH_JOB_EXECUTION_PARAMS
10:02:35,380  INFO Test worker jdbc.JdbcTestUtils:90 - Deleted 0 rows from table BATCH_JOB_EXECUTION
10:02:35,380  INFO Test worker jdbc.JdbcTestUtils:90 - Deleted 0 rows from table BATCH_JOB_INSTANCE
10:02:35,382  INFO Test worker transaction.TransactionContext:131 - Rolled back transaction for test context [DefaultTestContext@6da9510a testClass = JdbcStepExecutionDaoTests, testInstance = org.springframework.batch.core.repository.dao.JdbcStepExecutionDaoTests@67741cfa, testMethod = testSaveExecutionWithVersionAlreadySet@AbstractStepExecutionDaoTests, testException = [null], mergedContextConfiguration = [MergedContextConfiguration@4ac0204a testClass = JdbcStepExecutionDaoTests, locations = '{classpath:/org/springframework/batch/core/repository/dao/sql-dao-test.xml}', classes = '{}', contextInitializerClasses = '[]', activeProfiles = '{}', propertySourceLocations = '{}', propertySourceProperties = '{}', contextCustomizers = set[[empty]], contextLoader = 'org.springframework.test.context.support.DelegatingSmartContextLoader', parent = [null]], attributes = map[[empty]]].
10:02:35,385  INFO Test worker transaction.TransactionContext:98 - Began transaction (1) for test context [DefaultTestContext@6da9510a testClass = JdbcStepExecutionDaoTests, testInstance = org.springframework.batch.core.repository.dao.JdbcStepExecutionDaoTests@acb2fce, testMethod = testSaveAndGetExecution@AbstractStepExecutionDaoTests, testException = [null], mergedContextConfiguration = [MergedContextConfiguration@4ac0204a testClass = JdbcStepExecutionDaoTests, locations = '{classpath:/org/springframework/batch/core/repository/dao/sql-dao-test.xml}', classes = '{}', contextInitializerClasses = '[]', activeProfiles = '{}', propertySourceLocations = '{}', propertySourceProperties = '{}', contextCustomizers = set[[empty]], contextLoader = 'org.springframework.test.context.support.DelegatingSmartContextLoader', parent = [null]], attributes = map[[empty]]]; transaction manager [org.springframework.jdbc.datasource.DataSourceTransactionManager@12d238cc]; rollback [true]
10:02:35,385  INFO Test worker jdbc.JdbcTestUtils:90 - Deleted 0 rows from table BATCH_JOB_EXECUTION_CONTEXT
10:02:35,386  INFO Test worker jdbc.JdbcTestUtils:90 - Deleted 0 rows from table BATCH_STEP_EXECUTION_CONTEXT
10:02:35,386  INFO Test worker jdbc.JdbcTestUtils:90 - Deleted 0 rows from table BATCH_STEP_EXECUTION
10:02:35,386  INFO Test worker jdbc.JdbcTestUtils:90 - Deleted 0 rows from table BATCH_JOB_EXECUTION_PARAMS
10:02:35,386  INFO Test worker jdbc.JdbcTestUtils:90 - Deleted 0 rows from table BATCH_JOB_EXECUTION
10:02:35,387  INFO Test worker jdbc.JdbcTestUtils:90 - Deleted 0 rows from table BATCH_JOB_INSTANCE
10:02:35,389  INFO Test worker transaction.TransactionContext:131 - Rolled back transaction for test context [DefaultTestContext@6da9510a testClass = JdbcStepExecutionDaoTests, testInstance = org.springframework.batch.core.repository.dao.JdbcStepExecutionDaoTests@acb2fce, testMethod = testSaveAndGetExecution@AbstractStepExecutionDaoTests, testException = [null], mergedContextConfiguration = [MergedContextConfiguration@4ac0204a testClass = JdbcStepExecutionDaoTests, locations = '{classpath:/org/springframework/batch/core/repository/dao/sql-dao-test.xml}', classes = '{}', contextInitializerClasses = '[]', activeProfiles = '{}', propertySourceLocations = '{}', propertySourceProperties = '{}', contextCustomizers = set[[empty]], contextLoader = 'org.springframework.test.context.support.DelegatingSmartContextLoader', parent = [null]], attributes = map[[empty]]].
10:02:35,392  INFO Test worker transaction.TransactionContext:98 - Began transaction (1) for test context [DefaultTestContext@6da9510a testClass = JdbcStepExecutionDaoTests, testInstance = org.springframework.batch.core.repository.dao.JdbcStepExecutionDaoTests@3c73f12f, testMethod = testConcurrentModificationException@AbstractStepExecutionDaoTests, testException = [null], mergedContextConfiguration = [MergedContextConfiguration@4ac0204a testClass = JdbcStepExecutionDaoTests, locations = '{classpath:/org/springframework/batch/core/repository/dao/sql-dao-test.xml}', classes = '{}', contextInitializerClasses = '[]', activeProfiles = '{}', propertySourceLocations = '{}', propertySourceProperties = '{}', contextCustomizers = set[[empty]], contextLoader = 'org.springframework.test.context.support.DelegatingSmartContextLoader', parent = [null]], attributes = map[[empty]]]; transaction manager [org.springframework.jdbc.datasource.DataSourceTransactionManager@12d238cc]; rollback [true]
10:02:35,392  INFO Test worker jdbc.JdbcTestUtils:90 - Deleted 0 rows from table BATCH_JOB_EXECUTION_CONTEXT
10:02:35,393  INFO Test worker jdbc.JdbcTestUtils:90 - Deleted 0 rows from table BATCH_STEP_EXECUTION_CONTEXT
10:02:35,393  INFO Test worker jdbc.JdbcTestUtils:90 - Deleted 0 rows from table BATCH_STEP_EXECUTION
10:02:35,393  INFO Test worker jdbc.JdbcTestUtils:90 - Deleted 0 rows from table BATCH_JOB_EXECUTION_PARAMS
10:02:35,393  INFO Test worker jdbc.JdbcTestUtils:90 - Deleted 0 rows from table BATCH_JOB_EXECUTION
10:02:35,394  INFO Test worker jdbc.JdbcTestUtils:90 - Deleted 0 rows from table BATCH_JOB_INSTANCE
10:02:35,396  INFO Test worker transaction.TransactionContext:131 - Rolled back transaction for test context [DefaultTestContext@6da9510a testClass = JdbcStepExecutionDaoTests, testInstance = org.springframework.batch.core.repository.dao.JdbcStepExecutionDaoTests@3c73f12f, testMethod = testConcurrentModificationException@AbstractStepExecutionDaoTests, testException = [null], mergedContextConfiguration = [MergedContextConfiguration@4ac0204a testClass = JdbcStepExecutionDaoTests, locations = '{classpath:/org/springframework/batch/core/repository/dao/sql-dao-test.xml}', classes = '{}', contextInitializerClasses = '[]', activeProfiles = '{}', propertySourceLocations = '{}', propertySourceProperties = '{}', contextCustomizers = set[[empty]], contextLoader = 'org.springframework.test.context.support.DelegatingSmartContextLoader', parent = [null]], attributes = map[[empty]]].
]]></system-out>
  <system-err><![CDATA[]]></system-err>
</testsuite>
