<?xml version="1.0" encoding="UTF-8"?>
<testsuite name="org.springframework.batch.core.jsr.configuration.xml.JobPropertySubstitutionTests" tests="1" skipped="0" failures="0" errors="0" timestamp="2017-03-23T15:02:14" hostname="Michaels-MacBook-Pro-3.local" time="0.037">
  <properties/>
  <testcase name="testPropertySubstitutionSimple" classname="org.springframework.batch.core.jsr.configuration.xml.JobPropertySubstitutionTests" time="0.037"/>
  <system-out><![CDATA[10:02:14,816  INFO Test worker support.AbstractContextLoader:252 - Detected default resource location "classpath:org/springframework/batch/core/jsr/configuration/xml/JobPropertySubstitutionTests-context.xml" for test class [org.springframework.batch.core.jsr.configuration.xml.JobPropertySubstitutionTests]
10:02:14,816  INFO Test worker support.AbstractDelegatingSmartContextLoader:176 - GenericXmlContextLoader detected default locations for context configuration [ContextConfigurationAttributes@3de2e80 declaringClass = 'org.springframework.batch.core.jsr.configuration.xml.JobPropertySubstitutionTests', classes = '{}', locations = '{classpath:org/springframework/batch/core/jsr/configuration/xml/JobPropertySubstitutionTests-context.xml}', inheritLocations = true, initializers = '{}', inheritInitializers = true, name = [null], contextLoaderClass = 'org.springframework.test.context.ContextLoader'].
10:02:14,819  INFO Test worker support.AnnotationConfigContextLoaderUtils:81 - Could not detect default configuration classes for test class [org.springframework.batch.core.jsr.configuration.xml.JobPropertySubstitutionTests]: JobPropertySubstitutionTests does not declare any static, non-private, non-final, nested classes annotated with @Configuration.
10:02:14,820  INFO Test worker support.DefaultTestContextBootstrapper:260 - Loaded default TestExecutionListener class names from location [META-INF/spring.factories]: [org.springframework.test.context.web.ServletTestExecutionListener, org.springframework.test.context.support.DirtiesContextBeforeModesTestExecutionListener, org.springframework.test.context.support.DependencyInjectionTestExecutionListener, org.springframework.test.context.support.DirtiesContextTestExecutionListener, org.springframework.test.context.transaction.TransactionalTestExecutionListener, org.springframework.test.context.jdbc.SqlScriptsTestExecutionListener]
10:02:14,820  INFO Test worker support.DefaultTestContextBootstrapper:209 - Could not instantiate TestExecutionListener [org.springframework.test.context.web.ServletTestExecutionListener]. Specify custom listener classes or make the default listener classes (and their required dependencies) available. Offending class: [javax/servlet/ServletContext]
10:02:14,820  INFO Test worker support.DefaultTestContextBootstrapper:187 - Using TestExecutionListeners: [org.springframework.test.context.support.DirtiesContextBeforeModesTestExecutionListener@2359d68e, org.springframework.test.context.support.DependencyInjectionTestExecutionListener@3c969938, org.springframework.test.context.support.DirtiesContextTestExecutionListener@5191898a, org.springframework.test.context.transaction.TransactionalTestExecutionListener@7990c6d9, org.springframework.test.context.jdbc.SqlScriptsTestExecutionListener@149092c3]
10:02:14,821  INFO Test worker xml.XmlBeanDefinitionReader:317 - Loading XML bean definitions from class path resource [org/springframework/batch/core/jsr/configuration/xml/JobPropertySubstitutionTests-context.xml]
10:02:14,829  INFO Test worker support.DefaultListableBeanFactory:818 - Overriding bean definition for bean 'job1' with a different definition: replacing [Generic bean: class [org.springframework.batch.core.jsr.configuration.xml.JsrFlowFactoryBean]; scope=; abstract=false; lazyInit=false; autowireMode=0; dependencyCheck=0; autowireCandidate=true; primary=false; factoryBeanName=null; factoryMethodName=null; initMethodName=null; destroyMethodName=null] with [Generic bean: class [org.springframework.batch.core.jsr.configuration.xml.JobFactoryBean]; scope=; abstract=false; lazyInit=true; autowireMode=0; dependencyCheck=0; autowireCandidate=true; primary=false; factoryBeanName=null; factoryMethodName=null; initMethodName=null; destroyMethodName=null]
10:02:14,830  INFO Test worker support.GenericApplicationContext:581 - Refreshing org.springframework.context.support.GenericApplicationContext@1cc79630: startup date [Thu Mar 23 10:02:14 CDT 2017]; root of context hierarchy
10:02:14,838  INFO Test worker support.DefaultListableBeanFactory:818 - Overriding bean definition for bean 'stepContextFactory' with a different definition: replacing [Generic bean: class [org.springframework.batch.core.jsr.JsrStepContextFactoryBean]; scope=step; abstract=false; lazyInit=false; autowireMode=0; dependencyCheck=0; autowireCandidate=false; primary=false; factoryBeanName=null; factoryMethodName=null; initMethodName=null; destroyMethodName=null] with [Root bean: class [org.springframework.aop.scope.ScopedProxyFactoryBean]; scope=; abstract=false; lazyInit=false; autowireMode=0; dependencyCheck=0; autowireCandidate=true; primary=false; factoryBeanName=null; factoryMethodName=null; initMethodName=null; destroyMethodName=null; defined in BeanDefinition defined in null]
10:02:14,838  INFO Test worker support.DefaultListableBeanFactory:818 - Overriding bean definition for bean 'testReader' with a different definition: replacing [Generic bean: class [org.springframework.batch.core.jsr.configuration.xml.JobPropertySubstitutionTests$TestItemReader]; scope=step; abstract=false; lazyInit=false; autowireMode=0; dependencyCheck=0; autowireCandidate=false; primary=false; factoryBeanName=null; factoryMethodName=null; initMethodName=null; destroyMethodName=null; defined in class path resource [org/springframework/batch/core/jsr/configuration/xml/JobPropertySubstitutionTests-context.xml]] with [Root bean: class [org.springframework.aop.scope.ScopedProxyFactoryBean]; scope=; abstract=false; lazyInit=false; autowireMode=0; dependencyCheck=0; autowireCandidate=true; primary=false; factoryBeanName=null; factoryMethodName=null; initMethodName=null; destroyMethodName=null; defined in BeanDefinition defined in class path resource [org/springframework/batch/core/jsr/configuration/xml/JobPropertySubstitutionTests-context.xml]]
10:02:14,838  INFO Test worker support.DefaultListableBeanFactory:818 - Overriding bean definition for bean 'testWriter' with a different definition: replacing [Generic bean: class [org.springframework.batch.core.jsr.configuration.xml.JobPropertySubstitutionTests$TestItemWriter]; scope=step; abstract=false; lazyInit=false; autowireMode=0; dependencyCheck=0; autowireCandidate=false; primary=false; factoryBeanName=null; factoryMethodName=null; initMethodName=null; destroyMethodName=null; defined in class path resource [org/springframework/batch/core/jsr/configuration/xml/JobPropertySubstitutionTests-context.xml]] with [Root bean: class [org.springframework.aop.scope.ScopedProxyFactoryBean]; scope=; abstract=false; lazyInit=false; autowireMode=0; dependencyCheck=0; autowireCandidate=true; primary=false; factoryBeanName=null; factoryMethodName=null; initMethodName=null; destroyMethodName=null; defined in BeanDefinition defined in class path resource [org/springframework/batch/core/jsr/configuration/xml/JobPropertySubstitutionTests-context.xml]]
10:02:14,838  INFO Test worker support.DefaultListableBeanFactory:818 - Overriding bean definition for bean 'testProcessor' with a different definition: replacing [Generic bean: class [org.springframework.batch.core.jsr.configuration.xml.JobPropertySubstitutionTests$TestItemProcessor]; scope=step; abstract=false; lazyInit=false; autowireMode=0; dependencyCheck=0; autowireCandidate=false; primary=false; factoryBeanName=null; factoryMethodName=null; initMethodName=null; destroyMethodName=null; defined in class path resource [org/springframework/batch/core/jsr/configuration/xml/JobPropertySubstitutionTests-context.xml]] with [Root bean: class [org.springframework.aop.scope.ScopedProxyFactoryBean]; scope=; abstract=false; lazyInit=false; autowireMode=0; dependencyCheck=0; autowireCandidate=true; primary=false; factoryBeanName=null; factoryMethodName=null; initMethodName=null; destroyMethodName=null; defined in BeanDefinition defined in class path resource [org/springframework/batch/core/jsr/configuration/xml/JobPropertySubstitutionTests-context.xml]]
10:02:14,843  INFO Test worker support.JsrAutowiredAnnotationBeanPostProcessor:111 - JSR-330 'javax.inject.Inject' annotation found and supported for autowiring
10:02:14,872  INFO Test worker support.SimpleJobLauncher:201 - No TaskExecutor has been set, defaulting to synchronous executor.
10:02:14,880  INFO Test worker support.GenericApplicationContext:985 - Closing org.springframework.context.support.GenericApplicationContext@975d7d4: startup date [Thu Mar 23 10:02:01 CDT 2017]; root of context hierarchy
10:02:14,894  INFO Test worker support.SimpleJobLauncher:139 - Job: [JsrFlowJob: [name=job1]] launched with the following parameters: [{testParam=testParamValue, file.name.junit=myfile2}]
10:02:14,896  INFO Test worker job.SimpleStepHandler:146 - Executing step: [step1]
[blah]
10:02:14,928  INFO Test worker support.SimpleJobLauncher:142 - Job: [JsrFlowJob: [name=job1]] completed with the following parameters: [{testParam=testParamValue, file.name.junit=myfile2}] and the following status: [COMPLETED]
]]></system-out>
  <system-err><![CDATA[]]></system-err>
</testsuite>
