<?xml version="1.0" encoding="UTF-8"?>
<testsuite name="org.springframework.batch.core.jsr.configuration.xml.DecisionStepFactoryBeanTests" tests="6" skipped="0" failures="0" errors="0" timestamp="2017-03-23T15:02:13" hostname="Michaels-MacBook-Pro-3.local" time="0.002">
  <properties/>
  <testcase name="testNullDeciderAndName" classname="org.springframework.batch.core.jsr.configuration.xml.DecisionStepFactoryBeanTests" time="0.0"/>
  <testcase name="testNullDecider" classname="org.springframework.batch.core.jsr.configuration.xml.DecisionStepFactoryBeanTests" time="0.0"/>
  <testcase name="testGetObjectType" classname="org.springframework.batch.core.jsr.configuration.xml.DecisionStepFactoryBeanTests" time="0.0"/>
  <testcase name="testNullName" classname="org.springframework.batch.core.jsr.configuration.xml.DecisionStepFactoryBeanTests" time="0.0"/>
  <testcase name="testIsSingleton" classname="org.springframework.batch.core.jsr.configuration.xml.DecisionStepFactoryBeanTests" time="0.0"/>
  <testcase name="testDeciderDeciderState" classname="org.springframework.batch.core.jsr.configuration.xml.DecisionStepFactoryBeanTests" time="0.001"/>
  <system-out><![CDATA[]]></system-out>
  <system-err><![CDATA[]]></system-err>
</testsuite>
