<?xml version="1.0" encoding="UTF-8"?>
<testsuite name="org.springframework.batch.core.configuration.xml.SplitNestedJobParserTests" tests="1" skipped="0" failures="0" errors="0" timestamp="2017-03-23T15:02:03" hostname="Michaels-MacBook-Pro-3.local" time="0.042">
  <properties/>
  <testcase name="testSplitJob" classname="org.springframework.batch.core.configuration.xml.SplitNestedJobParserTests" time="0.042"/>
  <system-out><![CDATA[10:02:03,141  INFO Test worker support.AbstractContextLoader:252 - Detected default resource location "classpath:org/springframework/batch/core/configuration/xml/SplitNestedJobParserTests-context.xml" for test class [org.springframework.batch.core.configuration.xml.SplitNestedJobParserTests]
10:02:03,141  INFO Test worker support.AbstractDelegatingSmartContextLoader:176 - GenericXmlContextLoader detected default locations for context configuration [ContextConfigurationAttributes@6c3ddd33 declaringClass = 'org.springframework.batch.core.configuration.xml.SplitNestedJobParserTests', classes = '{}', locations = '{classpath:org/springframework/batch/core/configuration/xml/SplitNestedJobParserTests-context.xml}', inheritLocations = true, initializers = '{}', inheritInitializers = true, name = [null], contextLoaderClass = 'org.springframework.test.context.ContextLoader'].
10:02:03,142  INFO Test worker support.AnnotationConfigContextLoaderUtils:81 - Could not detect default configuration classes for test class [org.springframework.batch.core.configuration.xml.SplitNestedJobParserTests]: SplitNestedJobParserTests does not declare any static, non-private, non-final, nested classes annotated with @Configuration.
10:02:03,143  INFO Test worker support.DefaultTestContextBootstrapper:260 - Loaded default TestExecutionListener class names from location [META-INF/spring.factories]: [org.springframework.test.context.web.ServletTestExecutionListener, org.springframework.test.context.support.DirtiesContextBeforeModesTestExecutionListener, org.springframework.test.context.support.DependencyInjectionTestExecutionListener, org.springframework.test.context.support.DirtiesContextTestExecutionListener, org.springframework.test.context.transaction.TransactionalTestExecutionListener, org.springframework.test.context.jdbc.SqlScriptsTestExecutionListener]
10:02:03,144  INFO Test worker support.DefaultTestContextBootstrapper:209 - Could not instantiate TestExecutionListener [org.springframework.test.context.web.ServletTestExecutionListener]. Specify custom listener classes or make the default listener classes (and their required dependencies) available. Offending class: [javax/servlet/ServletContext]
10:02:03,144  INFO Test worker support.DefaultTestContextBootstrapper:187 - Using TestExecutionListeners: [org.springframework.test.context.support.DirtiesContextBeforeModesTestExecutionListener@269e6e1a, org.springframework.test.context.support.DependencyInjectionTestExecutionListener@5e8fb73, org.springframework.test.context.support.DirtiesContextTestExecutionListener@624ee9d4, org.springframework.test.context.transaction.TransactionalTestExecutionListener@386ff81e, org.springframework.test.context.jdbc.SqlScriptsTestExecutionListener@6dd4bfb7]
10:02:03,145  INFO Test worker xml.XmlBeanDefinitionReader:317 - Loading XML bean definitions from class path resource [org/springframework/batch/core/configuration/xml/SplitNestedJobParserTests-context.xml]
10:02:03,155  INFO Test worker xml.XmlBeanDefinitionReader:317 - Loading XML bean definitions from class path resource [org/springframework/batch/core/configuration/xml/common-context.xml]
10:02:03,163  INFO Test worker support.GenericApplicationContext:581 - Refreshing org.springframework.context.support.GenericApplicationContext@2f25f21d: startup date [Thu Mar 23 10:02:03 CDT 2017]; root of context hierarchy
10:02:03,176  INFO Test worker annotation.AutowiredAnnotationBeanPostProcessor:151 - JSR-330 'javax.inject.Inject' annotation found and supported for autowiring
10:02:03,317  INFO Test worker support.GenericApplicationContext:985 - Closing org.springframework.context.support.GenericApplicationContext@1a3d1e8e: startup date [Thu Mar 23 10:01:56 CDT 2017]; root of context hierarchy
10:02:03,325  INFO Test worker job.SimpleStepHandler:146 - Executing step: [f2step1]
10:02:03,332  INFO Test worker job.SimpleStepHandler:146 - Executing step: [f2split1s1]
10:02:03,339  INFO Test worker job.SimpleStepHandler:146 - Executing step: [f2split1s2]
10:02:03,348  INFO Test worker job.SimpleStepHandler:146 - Executing step: [f1step1]
10:02:03,358  INFO Test worker job.SimpleStepHandler:146 - Executing step: [s4]
]]></system-out>
  <system-err><![CDATA[]]></system-err>
</testsuite>
