<?xml version="1.0" encoding="UTF-8"?>
<testsuite name="org.springframework.batch.core.partition.support.TaskExecutorPartitionHandlerTests" tests="4" skipped="0" failures="0" errors="0" timestamp="2017-03-23T15:02:34" hostname="Michaels-MacBook-Pro-3.local" time="0.004">
  <properties/>
  <testcase name="testSetTaskExecutor" classname="org.springframework.batch.core.partition.support.TaskExecutorPartitionHandlerTests" time="0.002"/>
  <testcase name="testNullStep" classname="org.springframework.batch.core.partition.support.TaskExecutorPartitionHandlerTests" time="0.0"/>
  <testcase name="testSetGridSize" classname="org.springframework.batch.core.partition.support.TaskExecutorPartitionHandlerTests" time="0.0"/>
  <testcase name="testTaskExecutorFailure" classname="org.springframework.batch.core.partition.support.TaskExecutorPartitionHandlerTests" time="0.002"/>
  <system-out><![CDATA[]]></system-out>
  <system-err><![CDATA[]]></system-err>
</testsuite>
