<?xml version="1.0" encoding="UTF-8"?>
<testsuite name="org.springframework.batch.core.configuration.xml.JobRepositoryParserTests" tests="1" skipped="0" failures="0" errors="0" timestamp="2017-03-23T15:01:59" hostname="Michaels-MacBook-Pro-3.local" time="0.0">
  <properties/>
  <testcase name="testOneStep" classname="org.springframework.batch.core.configuration.xml.JobRepositoryParserTests" time="0.0"/>
  <system-out><![CDATA[10:01:59,670  INFO Test worker support.AbstractContextLoader:252 - Detected default resource location "classpath:org/springframework/batch/core/configuration/xml/JobRepositoryParserTests-context.xml" for test class [org.springframework.batch.core.configuration.xml.JobRepositoryParserTests]
10:01:59,670  INFO Test worker support.AbstractDelegatingSmartContextLoader:176 - GenericXmlContextLoader detected default locations for context configuration [ContextConfigurationAttributes@57b5aaff declaringClass = 'org.springframework.batch.core.configuration.xml.JobRepositoryParserTests', classes = '{}', locations = '{classpath:org/springframework/batch/core/configuration/xml/JobRepositoryParserTests-context.xml}', inheritLocations = true, initializers = '{}', inheritInitializers = true, name = [null], contextLoaderClass = 'org.springframework.test.context.ContextLoader'].
10:01:59,670  INFO Test worker support.AnnotationConfigContextLoaderUtils:81 - Could not detect default configuration classes for test class [org.springframework.batch.core.configuration.xml.JobRepositoryParserTests]: JobRepositoryParserTests does not declare any static, non-private, non-final, nested classes annotated with @Configuration.
10:01:59,673  INFO Test worker support.DefaultTestContextBootstrapper:260 - Loaded default TestExecutionListener class names from location [META-INF/spring.factories]: [org.springframework.test.context.web.ServletTestExecutionListener, org.springframework.test.context.support.DirtiesContextBeforeModesTestExecutionListener, org.springframework.test.context.support.DependencyInjectionTestExecutionListener, org.springframework.test.context.support.DirtiesContextTestExecutionListener, org.springframework.test.context.transaction.TransactionalTestExecutionListener, org.springframework.test.context.jdbc.SqlScriptsTestExecutionListener]
10:01:59,674  INFO Test worker support.DefaultTestContextBootstrapper:209 - Could not instantiate TestExecutionListener [org.springframework.test.context.web.ServletTestExecutionListener]. Specify custom listener classes or make the default listener classes (and their required dependencies) available. Offending class: [javax/servlet/ServletContext]
10:01:59,674  INFO Test worker support.DefaultTestContextBootstrapper:187 - Using TestExecutionListeners: [org.springframework.test.context.support.DirtiesContextBeforeModesTestExecutionListener@22a8f26d, org.springframework.test.context.support.DependencyInjectionTestExecutionListener@6b7dc83, org.springframework.test.context.support.DirtiesContextTestExecutionListener@27638fdf, org.springframework.test.context.transaction.TransactionalTestExecutionListener@733f4816, org.springframework.test.context.jdbc.SqlScriptsTestExecutionListener@16e1e786]
10:01:59,675  INFO Test worker xml.XmlBeanDefinitionReader:317 - Loading XML bean definitions from class path resource [org/springframework/batch/core/configuration/xml/JobRepositoryParserTests-context.xml]
10:01:59,696  INFO Test worker support.GenericApplicationContext:581 - Refreshing org.springframework.context.support.GenericApplicationContext@2e8a621d: startup date [Thu Mar 23 10:01:59 CDT 2017]; root of context hierarchy
10:01:59,719  INFO Test worker annotation.AutowiredAnnotationBeanPostProcessor:151 - JSR-330 'javax.inject.Inject' annotation found and supported for autowiring
10:01:59,759  INFO Test worker datasource.DriverManagerDataSource:133 - Loaded JDBC driver: org.hsqldb.jdbcDriver
10:01:59,789  INFO Test worker support.JobRepositoryFactoryBean:184 - No database type set, using meta data indicating: HSQL
]]></system-out>
  <system-err><![CDATA[]]></system-err>
</testsuite>
