<?xml version="1.0" encoding="UTF-8"?>
<testsuite name="org.springframework.batch.core.configuration.xml.ChunkElementParserTests" tests="20" skipped="0" failures="0" errors="0" timestamp="2017-03-23T15:01:54" hostname="Michaels-MacBook-Pro-3.local" time="1.528">
  <properties/>
  <testcase name="testRetryableInherited" classname="org.springframework.batch.core.configuration.xml.ChunkElementParserTests" time="0.182"/>
  <testcase name="testIllegalSkipAndRetryAttributes" classname="org.springframework.batch.core.configuration.xml.ChunkElementParserTests" time="0.068"/>
  <testcase name="testSkipAndRetryAttributes" classname="org.springframework.batch.core.configuration.xml.ChunkElementParserTests" time="0.071"/>
  <testcase name="testRetryPolicyAttribute" classname="org.springframework.batch.core.configuration.xml.ChunkElementParserTests" time="0.104"/>
  <testcase name="testCommitIntervalLateBinding" classname="org.springframework.batch.core.configuration.xml.ChunkElementParserTests" time="0.103"/>
  <testcase name="testInheritRetryListeners" classname="org.springframework.batch.core.configuration.xml.ChunkElementParserTests" time="0.084"/>
  <testcase name="testInheritSkippable" classname="org.springframework.batch.core.configuration.xml.ChunkElementParserTests" time="0.07"/>
  <testcase name="testRetryable" classname="org.springframework.batch.core.configuration.xml.ChunkElementParserTests" time="0.077"/>
  <testcase name="testSkipPolicyElement" classname="org.springframework.batch.core.configuration.xml.ChunkElementParserTests" time="0.069"/>
  <testcase name="testSimpleAttributes" classname="org.springframework.batch.core.configuration.xml.ChunkElementParserTests" time="0.053"/>
  <testcase name="testRetryableInheritedMerge" classname="org.springframework.batch.core.configuration.xml.ChunkElementParserTests" time="0.07"/>
  <testcase name="testInheritStreamsWithNoMerge" classname="org.springframework.batch.core.configuration.xml.ChunkElementParserTests" time="0.064"/>
  <testcase name="testProcessorNonTransactionalNotAllowedWithTransactionalReader" classname="org.springframework.batch.core.configuration.xml.ChunkElementParserTests" time="0.042"/>
  <testcase name="testSkipPolicyAttribute" classname="org.springframework.batch.core.configuration.xml.ChunkElementParserTests" time="0.057"/>
  <testcase name="testRetryPolicyElement" classname="org.springframework.batch.core.configuration.xml.ChunkElementParserTests" time="0.06"/>
  <testcase name="testInheritStreams" classname="org.springframework.batch.core.configuration.xml.ChunkElementParserTests" time="0.092"/>
  <testcase name="testInheritRetryListenersWithNoMerge" classname="org.springframework.batch.core.configuration.xml.ChunkElementParserTests" time="0.08"/>
  <testcase name="testProcessorTransactionalAttributes" classname="org.springframework.batch.core.configuration.xml.ChunkElementParserTests" time="0.057"/>
  <testcase name="testProcessorTransactionalNotAllowedOnSimpleProcessor" classname="org.springframework.batch.core.configuration.xml.ChunkElementParserTests" time="0.052"/>
  <testcase name="testInheritSkippableWithNoMerge" classname="org.springframework.batch.core.configuration.xml.ChunkElementParserTests" time="0.069"/>
  <system-out><![CDATA[10:01:54,583  INFO Test worker support.ClassPathXmlApplicationContext:581 - Refreshing org.springframework.context.support.ClassPathXmlApplicationContext@2f64e08: startup date [Thu Mar 23 10:01:54 CDT 2017]; root of context hierarchy
10:01:54,584  INFO Test worker xml.XmlBeanDefinitionReader:317 - Loading XML bean definitions from class path resource [org/springframework/batch/core/configuration/xml/ChunkElementParentAttributeParserTests-context.xml]
10:01:54,605  INFO Test worker xml.XmlBeanDefinitionReader:317 - Loading XML bean definitions from class path resource [org/springframework/batch/core/configuration/xml/common-context.xml]
10:01:54,763  INFO Test worker support.ClassPathXmlApplicationContext:581 - Refreshing org.springframework.context.support.ClassPathXmlApplicationContext@7627b811: startup date [Thu Mar 23 10:01:54 CDT 2017]; root of context hierarchy
10:01:54,764  INFO Test worker xml.XmlBeanDefinitionReader:317 - Loading XML bean definitions from class path resource [org/springframework/batch/core/configuration/xml/ChunkElementIllegalSkipAndRetryAttributeParserTests-context.xml]
10:01:54,784  INFO Test worker xml.XmlBeanDefinitionReader:317 - Loading XML bean definitions from class path resource [org/springframework/batch/core/configuration/xml/common-context.xml]
10:01:54,830  WARN Test worker support.ClassPathXmlApplicationContext:549 - Exception encountered during context initialization - cancelling refresh attempt: org.springframework.beans.factory.BeanCreationException: Error creating bean with name 'org.springframework.batch.core.configuration.xml.SimpleFlowFactoryBean#0': Cannot create inner bean '(inner bean)#1f21870a' of type [org.springframework.batch.core.job.flow.support.StateTransition] while setting bean property 'stateTransitions' with key [0]; nested exception is org.springframework.beans.factory.BeanCreationException: Error creating bean with name '(inner bean)#1f21870a': Cannot create inner bean '(inner bean)#b6bbb7d' of type [org.springframework.batch.core.job.flow.support.state.StepState] while setting constructor argument; nested exception is org.springframework.beans.factory.BeanCreationException: Error creating bean with name '(inner bean)#b6bbb7d': Cannot resolve reference to bean 's1' while setting constructor argument; nested exception is org.springframework.beans.factory.BeanCreationException: Error creating bean with name 's1': FactoryBean threw exception on object creation; nested exception is java.lang.IllegalArgumentException: The field 'skip-limit' is not permitted on the step [s1] because there is no 'skippable-exception-classes'.
10:01:54,831  INFO Test worker support.ClassPathXmlApplicationContext:581 - Refreshing org.springframework.context.support.ClassPathXmlApplicationContext@4d19b5de: startup date [Thu Mar 23 10:01:54 CDT 2017]; root of context hierarchy
10:01:54,832  INFO Test worker xml.XmlBeanDefinitionReader:317 - Loading XML bean definitions from class path resource [org/springframework/batch/core/configuration/xml/ChunkElementSkipAndRetryAttributeParserTests-context.xml]
10:01:54,851  INFO Test worker xml.XmlBeanDefinitionReader:317 - Loading XML bean definitions from class path resource [org/springframework/batch/core/configuration/xml/common-context.xml]
10:01:54,903  INFO Test worker support.ClassPathXmlApplicationContext:581 - Refreshing org.springframework.context.support.ClassPathXmlApplicationContext@3404e536: startup date [Thu Mar 23 10:01:54 CDT 2017]; root of context hierarchy
10:01:54,903  INFO Test worker xml.XmlBeanDefinitionReader:317 - Loading XML bean definitions from class path resource [org/springframework/batch/core/configuration/xml/ChunkElementRetryPolicyParserTests-context.xml]
10:01:54,931  INFO Test worker xml.XmlBeanDefinitionReader:317 - Loading XML bean definitions from class path resource [org/springframework/batch/core/configuration/xml/common-context.xml]
10:01:55,007  INFO Test worker support.ClassPathXmlApplicationContext:581 - Refreshing org.springframework.context.support.ClassPathXmlApplicationContext@694e810f: startup date [Thu Mar 23 10:01:55 CDT 2017]; root of context hierarchy
10:01:55,008  INFO Test worker xml.XmlBeanDefinitionReader:317 - Loading XML bean definitions from class path resource [org/springframework/batch/core/configuration/xml/ChunkElementLateBindingParserTests-context.xml]
10:01:55,028  INFO Test worker xml.XmlBeanDefinitionReader:317 - Loading XML bean definitions from class path resource [org/springframework/batch/core/configuration/xml/common-context.xml]
10:01:55,048  INFO Test worker support.DefaultListableBeanFactory:818 - Overriding bean definition for bean 'retryPolicy' with a different definition: replacing [Generic bean: class [org.springframework.retry.policy.SimpleRetryPolicy]; scope=step; abstract=false; lazyInit=false; autowireMode=0; dependencyCheck=0; autowireCandidate=false; primary=false; factoryBeanName=null; factoryMethodName=null; initMethodName=null; destroyMethodName=null; defined in class path resource [org/springframework/batch/core/configuration/xml/ChunkElementLateBindingParserTests-context.xml]] with [Root bean: class [org.springframework.aop.scope.ScopedProxyFactoryBean]; scope=; abstract=false; lazyInit=false; autowireMode=0; dependencyCheck=0; autowireCandidate=true; primary=false; factoryBeanName=null; factoryMethodName=null; initMethodName=null; destroyMethodName=null; defined in BeanDefinition defined in class path resource [org/springframework/batch/core/configuration/xml/ChunkElementLateBindingParserTests-context.xml]]
10:01:55,110  INFO Test worker support.ClassPathXmlApplicationContext:581 - Refreshing org.springframework.context.support.ClassPathXmlApplicationContext@587ef2f: startup date [Thu Mar 23 10:01:55 CDT 2017]; root of context hierarchy
10:01:55,111  INFO Test worker xml.XmlBeanDefinitionReader:317 - Loading XML bean definitions from class path resource [org/springframework/batch/core/configuration/xml/ChunkElementParentAttributeParserTests-context.xml]
10:01:55,127  INFO Test worker xml.XmlBeanDefinitionReader:317 - Loading XML bean definitions from class path resource [org/springframework/batch/core/configuration/xml/common-context.xml]
10:01:55,194  INFO Test worker support.ClassPathXmlApplicationContext:581 - Refreshing org.springframework.context.support.ClassPathXmlApplicationContext@d5d9114: startup date [Thu Mar 23 10:01:55 CDT 2017]; root of context hierarchy
10:01:55,195  INFO Test worker xml.XmlBeanDefinitionReader:317 - Loading XML bean definitions from class path resource [org/springframework/batch/core/configuration/xml/ChunkElementParentAttributeParserTests-context.xml]
10:01:55,210  INFO Test worker xml.XmlBeanDefinitionReader:317 - Loading XML bean definitions from class path resource [org/springframework/batch/core/configuration/xml/common-context.xml]
10:01:55,264  INFO Test worker support.ClassPathXmlApplicationContext:581 - Refreshing org.springframework.context.support.ClassPathXmlApplicationContext@2e78ac0f: startup date [Thu Mar 23 10:01:55 CDT 2017]; root of context hierarchy
10:01:55,265  INFO Test worker xml.XmlBeanDefinitionReader:317 - Loading XML bean definitions from class path resource [org/springframework/batch/core/configuration/xml/ChunkElementParentAttributeParserTests-context.xml]
10:01:55,279  INFO Test worker xml.XmlBeanDefinitionReader:317 - Loading XML bean definitions from class path resource [org/springframework/batch/core/configuration/xml/common-context.xml]
10:01:55,341  INFO Test worker support.ClassPathXmlApplicationContext:581 - Refreshing org.springframework.context.support.ClassPathXmlApplicationContext@5d2b358: startup date [Thu Mar 23 10:01:55 CDT 2017]; root of context hierarchy
10:01:55,342  INFO Test worker xml.XmlBeanDefinitionReader:317 - Loading XML bean definitions from class path resource [org/springframework/batch/core/configuration/xml/ChunkElementSkipPolicyParserTests-context.xml]
10:01:55,358  INFO Test worker xml.XmlBeanDefinitionReader:317 - Loading XML bean definitions from class path resource [org/springframework/batch/core/configuration/xml/common-context.xml]
10:01:55,410  INFO Test worker support.ClassPathXmlApplicationContext:581 - Refreshing org.springframework.context.support.ClassPathXmlApplicationContext@1fa7549c: startup date [Thu Mar 23 10:01:55 CDT 2017]; root of context hierarchy
10:01:55,411  INFO Test worker xml.XmlBeanDefinitionReader:317 - Loading XML bean definitions from class path resource [org/springframework/batch/core/configuration/xml/ChunkElementSimpleAttributeParserTests-context.xml]
10:01:55,424  INFO Test worker xml.XmlBeanDefinitionReader:317 - Loading XML bean definitions from class path resource [org/springframework/batch/core/configuration/xml/common-context.xml]
10:01:55,464  INFO Test worker support.ClassPathXmlApplicationContext:581 - Refreshing org.springframework.context.support.ClassPathXmlApplicationContext@4117f080: startup date [Thu Mar 23 10:01:55 CDT 2017]; root of context hierarchy
10:01:55,464  INFO Test worker xml.XmlBeanDefinitionReader:317 - Loading XML bean definitions from class path resource [org/springframework/batch/core/configuration/xml/ChunkElementParentAttributeParserTests-context.xml]
10:01:55,478  INFO Test worker xml.XmlBeanDefinitionReader:317 - Loading XML bean definitions from class path resource [org/springframework/batch/core/configuration/xml/common-context.xml]
10:01:55,534  INFO Test worker support.ClassPathXmlApplicationContext:581 - Refreshing org.springframework.context.support.ClassPathXmlApplicationContext@39180310: startup date [Thu Mar 23 10:01:55 CDT 2017]; root of context hierarchy
10:01:55,535  INFO Test worker xml.XmlBeanDefinitionReader:317 - Loading XML bean definitions from class path resource [org/springframework/batch/core/configuration/xml/ChunkElementParentAttributeParserTests-context.xml]
10:01:55,547  INFO Test worker xml.XmlBeanDefinitionReader:317 - Loading XML bean definitions from class path resource [org/springframework/batch/core/configuration/xml/common-context.xml]
10:01:55,598  INFO Test worker support.ClassPathXmlApplicationContext:581 - Refreshing org.springframework.context.support.ClassPathXmlApplicationContext@33ec1de0: startup date [Thu Mar 23 10:01:55 CDT 2017]; root of context hierarchy
10:01:55,599  INFO Test worker xml.XmlBeanDefinitionReader:317 - Loading XML bean definitions from class path resource [org/springframework/batch/core/configuration/xml/ChunkElementIllegalTransactionalAttributeParserTests-context.xml]
10:01:55,611  INFO Test worker xml.XmlBeanDefinitionReader:317 - Loading XML bean definitions from class path resource [org/springframework/batch/core/configuration/xml/common-context.xml]
10:01:55,639  WARN Test worker support.ClassPathXmlApplicationContext:549 - Exception encountered during context initialization - cancelling refresh attempt: org.springframework.beans.factory.BeanCreationException: Error creating bean with name 'org.springframework.batch.core.configuration.xml.SimpleFlowFactoryBean#0': Cannot create inner bean '(inner bean)#75c41a6b' of type [org.springframework.batch.core.job.flow.support.StateTransition] while setting bean property 'stateTransitions' with key [0]; nested exception is org.springframework.beans.factory.BeanCreationException: Error creating bean with name '(inner bean)#75c41a6b': Cannot create inner bean '(inner bean)#5d40dd6' of type [org.springframework.batch.core.job.flow.support.state.StepState] while setting constructor argument; nested exception is org.springframework.beans.factory.BeanCreationException: Error creating bean with name '(inner bean)#5d40dd6': Cannot resolve reference to bean 's1' while setting constructor argument; nested exception is org.springframework.beans.factory.BeanCreationException: Error creating bean with name 's1': FactoryBean threw exception on object creation; nested exception is java.lang.IllegalArgumentException: The field 'processor-transactional' cannot be false if 'reader-transactional-queue' is true
10:01:55,640  INFO Test worker support.ClassPathXmlApplicationContext:581 - Refreshing org.springframework.context.support.ClassPathXmlApplicationContext@3b0a29ae: startup date [Thu Mar 23 10:01:55 CDT 2017]; root of context hierarchy
10:01:55,641  INFO Test worker xml.XmlBeanDefinitionReader:317 - Loading XML bean definitions from class path resource [org/springframework/batch/core/configuration/xml/ChunkElementSkipPolicyParserTests-context.xml]
10:01:55,652  INFO Test worker xml.XmlBeanDefinitionReader:317 - Loading XML bean definitions from class path resource [org/springframework/batch/core/configuration/xml/common-context.xml]
10:01:55,697  INFO Test worker support.ClassPathXmlApplicationContext:581 - Refreshing org.springframework.context.support.ClassPathXmlApplicationContext@6873967: startup date [Thu Mar 23 10:01:55 CDT 2017]; root of context hierarchy
10:01:55,698  INFO Test worker xml.XmlBeanDefinitionReader:317 - Loading XML bean definitions from class path resource [org/springframework/batch/core/configuration/xml/ChunkElementRetryPolicyParserTests-context.xml]
10:01:55,709  INFO Test worker xml.XmlBeanDefinitionReader:317 - Loading XML bean definitions from class path resource [org/springframework/batch/core/configuration/xml/common-context.xml]
10:01:55,758  INFO Test worker support.ClassPathXmlApplicationContext:581 - Refreshing org.springframework.context.support.ClassPathXmlApplicationContext@602b441f: startup date [Thu Mar 23 10:01:55 CDT 2017]; root of context hierarchy
10:01:55,759  INFO Test worker xml.XmlBeanDefinitionReader:317 - Loading XML bean definitions from class path resource [org/springframework/batch/core/configuration/xml/ChunkElementParentAttributeParserTests-context.xml]
10:01:55,773  INFO Test worker xml.XmlBeanDefinitionReader:317 - Loading XML bean definitions from class path resource [org/springframework/batch/core/configuration/xml/common-context.xml]
10:01:55,850  INFO Test worker support.ClassPathXmlApplicationContext:581 - Refreshing org.springframework.context.support.ClassPathXmlApplicationContext@5a810b3b: startup date [Thu Mar 23 10:01:55 CDT 2017]; root of context hierarchy
10:01:55,851  INFO Test worker xml.XmlBeanDefinitionReader:317 - Loading XML bean definitions from class path resource [org/springframework/batch/core/configuration/xml/ChunkElementParentAttributeParserTests-context.xml]
10:01:55,864  INFO Test worker xml.XmlBeanDefinitionReader:317 - Loading XML bean definitions from class path resource [org/springframework/batch/core/configuration/xml/common-context.xml]
10:01:55,931  INFO Test worker support.ClassPathXmlApplicationContext:581 - Refreshing org.springframework.context.support.ClassPathXmlApplicationContext@6f39dbe3: startup date [Thu Mar 23 10:01:55 CDT 2017]; root of context hierarchy
10:01:55,931  INFO Test worker xml.XmlBeanDefinitionReader:317 - Loading XML bean definitions from class path resource [org/springframework/batch/core/configuration/xml/ChunkElementTransactionalAttributeParserTests-context.xml]
10:01:55,945  INFO Test worker xml.XmlBeanDefinitionReader:317 - Loading XML bean definitions from class path resource [org/springframework/batch/core/configuration/xml/common-context.xml]
10:01:55,987  INFO Test worker support.ClassPathXmlApplicationContext:581 - Refreshing org.springframework.context.support.ClassPathXmlApplicationContext@3476030: startup date [Thu Mar 23 10:01:55 CDT 2017]; root of context hierarchy
10:01:55,988  INFO Test worker xml.XmlBeanDefinitionReader:317 - Loading XML bean definitions from class path resource [org/springframework/batch/core/configuration/xml/ChunkElementIllegalAttributeParserTests-context.xml]
10:01:56,002  INFO Test worker xml.XmlBeanDefinitionReader:317 - Loading XML bean definitions from class path resource [org/springframework/batch/core/configuration/xml/common-context.xml]
10:01:56,040  INFO Test worker support.ClassPathXmlApplicationContext:581 - Refreshing org.springframework.context.support.ClassPathXmlApplicationContext@564497d6: startup date [Thu Mar 23 10:01:56 CDT 2017]; root of context hierarchy
10:01:56,040  INFO Test worker xml.XmlBeanDefinitionReader:317 - Loading XML bean definitions from class path resource [org/springframework/batch/core/configuration/xml/ChunkElementParentAttributeParserTests-context.xml]
10:01:56,054  INFO Test worker xml.XmlBeanDefinitionReader:317 - Loading XML bean definitions from class path resource [org/springframework/batch/core/configuration/xml/common-context.xml]
]]></system-out>
  <system-err><![CDATA[{class java.io.IOException=true, class org.springframework.batch.core.step.item.ForceRollbackForWriteSkipException=true}
{class java.lang.ArithmeticException=true, class org.springframework.dao.CannotAcquireLockException=false, class org.springframework.batch.core.step.item.ForceRollbackForWriteSkipException=true, class org.springframework.dao.DeadlockLoserDataAccessException=false, class java.lang.NullPointerException=true}
{class org.springframework.dao.CannotSerializeTransactionException=false, class org.springframework.dao.PessimisticLockingFailureException=true, class org.springframework.batch.core.step.item.ForceRollbackForWriteSkipException=true}
{class java.lang.RuntimeException=true, class java.io.IOException=true, class org.springframework.batch.core.step.item.ForceRollbackForWriteSkipException=true}
]]></system-err>
</testsuite>
