<?xml version="1.0" encoding="UTF-8"?>
<testsuite name="org.springframework.batch.core.job.builder.FlowJobBuilderTests" tests="13" skipped="0" failures="0" errors="0" timestamp="2017-03-23T15:02:11" hostname="Michaels-MacBook-Pro-3.local" time="0.116">
  <properties/>
  <testcase name="testBuildSubflow" classname="org.springframework.batch.core.job.builder.FlowJobBuilderTests" time="0.012"/>
  <testcase name="testBuildOverTwoLines" classname="org.springframework.batch.core.job.builder.FlowJobBuilderTests" time="0.008"/>
  <testcase name="testBuildWithIntermediateSimpleJobTwoSteps" classname="org.springframework.batch.core.job.builder.FlowJobBuilderTests" time="0.007"/>
  <testcase name="testBuildSplit" classname="org.springframework.batch.core.job.builder.FlowJobBuilderTests" time="0.008"/>
  <testcase name="testBuildSplitUsingStartAndAdd_BATCH_2346" classname="org.springframework.batch.core.job.builder.FlowJobBuilderTests" time="0.006"/>
  <testcase name="testBuildSplit_BATCH_2282" classname="org.springframework.batch.core.job.builder.FlowJobBuilderTests" time="0.008"/>
  <testcase name="testBuildOnOneLine" classname="org.springframework.batch.core.job.builder.FlowJobBuilderTests" time="0.01"/>
  <testcase name="testBuildWithStop" classname="org.springframework.batch.core.job.builder.FlowJobBuilderTests" time="0.006"/>
  <testcase name="testBuildWithCustomEndState" classname="org.springframework.batch.core.job.builder.FlowJobBuilderTests" time="0.005"/>
  <testcase name="testBuildWithIntermediateSimpleJob" classname="org.springframework.batch.core.job.builder.FlowJobBuilderTests" time="0.012"/>
  <testcase name="testBuildWithStopAndRestart" classname="org.springframework.batch.core.job.builder.FlowJobBuilderTests" time="0.014"/>
  <testcase name="testBuildDecision" classname="org.springframework.batch.core.job.builder.FlowJobBuilderTests" time="0.01"/>
  <testcase name="testBuildSingleFlow" classname="org.springframework.batch.core.job.builder.FlowJobBuilderTests" time="0.008"/>
  <system-out><![CDATA[10:02:11,559  INFO Test worker job.SimpleStepHandler:146 - Executing step: [step1]
10:02:11,563  INFO Test worker job.SimpleStepHandler:146 - Executing step: [step2]
10:02:11,567  INFO Test worker job.SimpleStepHandler:146 - Executing step: [step1]
10:02:11,570  INFO Test worker job.SimpleStepHandler:146 - Executing step: [step2]
10:02:11,575  INFO Test worker job.SimpleStepHandler:146 - Executing step: [step1]
10:02:11,578  INFO Test worker job.SimpleStepHandler:146 - Executing step: [step2]
10:02:11,585  INFO SimpleAsyncTaskExecutor-1 job.SimpleStepHandler:146 - Executing step: [step1]
10:02:11,585  INFO SimpleAsyncTaskExecutor-2 job.SimpleStepHandler:146 - Executing step: [step2]
10:02:11,591  INFO SimpleAsyncTaskExecutor-1 job.SimpleStepHandler:146 - Executing step: [step3]
10:02:11,591  INFO SimpleAsyncTaskExecutor-2 job.SimpleStepHandler:146 - Executing step: [step2]
10:02:11,599  INFO SimpleAsyncTaskExecutor-2 job.SimpleStepHandler:146 - Executing step: [step2]
10:02:11,600  INFO SimpleAsyncTaskExecutor-1 job.SimpleStepHandler:146 - Executing step: [step1]
10:02:11,606  INFO Test worker job.SimpleStepHandler:146 - Executing step: [step1]
10:02:11,610  INFO Test worker job.SimpleStepHandler:146 - Executing step: [step2]
10:02:11,616  INFO Test worker job.SimpleStepHandler:146 - Executing step: [step1]
10:02:11,622  INFO Test worker job.SimpleStepHandler:146 - Executing step: [step1]
10:02:11,629  INFO Test worker job.SimpleStepHandler:146 - Executing step: [step1]
10:02:11,633  INFO Test worker job.SimpleStepHandler:146 - Executing step: [step2]
10:02:11,638  INFO Test worker job.SimpleStepHandler:146 - Executing step: [fails]
10:02:11,644  INFO Test worker job.SimpleStepHandler:217 - Step already complete or not restartable, so no action to execute: StepExecution: id=1, version=2, name=fails, status=ABANDONED, exitStatus=FAILED, readCount=0, filterCount=0, writeCount=0 readSkipCount=0, writeSkipCount=0, processSkipCount=0, commitCount=0, rollbackCount=0, exitDescription=
10:02:11,648  INFO Test worker job.SimpleStepHandler:146 - Executing step: [step2]
10:02:11,655  INFO Test worker job.SimpleStepHandler:146 - Executing step: [step1]
10:02:11,657  INFO Test worker job.SimpleStepHandler:119 - Duplicate step [step1] detected in execution of job=[flow]. If either step fails, both will be executed again on restart.
10:02:11,658  INFO Test worker job.SimpleStepHandler:146 - Executing step: [step1]
10:02:11,663  INFO Test worker job.SimpleStepHandler:146 - Executing step: [step1]
10:02:11,666  INFO Test worker job.SimpleStepHandler:146 - Executing step: [step2]
]]></system-out>
  <system-err><![CDATA[]]></system-err>
</testsuite>
