<?xml version="1.0" encoding="UTF-8"?>
<testsuite name="org.springframework.batch.core.resource.JdbcCursorItemReaderPreparedStatementIntegrationTests" tests="1" skipped="0" failures="0" errors="0" timestamp="2017-03-23T15:02:41" hostname="Michaels-MacBook-Pro-3.local" time="0.008">
  <properties/>
  <testcase name="testRead" classname="org.springframework.batch.core.resource.JdbcCursorItemReaderPreparedStatementIntegrationTests" time="0.008"/>
  <system-out><![CDATA[10:02:41,091  INFO Test worker support.DefaultTestContextBootstrapper:260 - Loaded default TestExecutionListener class names from location [META-INF/spring.factories]: [org.springframework.test.context.web.ServletTestExecutionListener, org.springframework.test.context.support.DirtiesContextBeforeModesTestExecutionListener, org.springframework.test.context.support.DependencyInjectionTestExecutionListener, org.springframework.test.context.support.DirtiesContextTestExecutionListener, org.springframework.test.context.transaction.TransactionalTestExecutionListener, org.springframework.test.context.jdbc.SqlScriptsTestExecutionListener]
10:02:41,092  INFO Test worker support.DefaultTestContextBootstrapper:209 - Could not instantiate TestExecutionListener [org.springframework.test.context.web.ServletTestExecutionListener]. Specify custom listener classes or make the default listener classes (and their required dependencies) available. Offending class: [javax/servlet/ServletContext]
10:02:41,093  INFO Test worker support.DefaultTestContextBootstrapper:187 - Using TestExecutionListeners: [org.springframework.test.context.support.DirtiesContextBeforeModesTestExecutionListener@4cc4aed9, org.springframework.test.context.support.DependencyInjectionTestExecutionListener@4c5bb9b, org.springframework.test.context.support.DirtiesContextTestExecutionListener@23eccc3e, org.springframework.test.context.transaction.TransactionalTestExecutionListener@25e745e4, org.springframework.test.context.jdbc.SqlScriptsTestExecutionListener@4cbc95e7]
10:02:41,093  INFO Test worker xml.XmlBeanDefinitionReader:317 - Loading XML bean definitions from class path resource [org/springframework/batch/core/repository/dao/data-source-context.xml]
10:02:41,099  INFO Test worker support.GenericApplicationContext:581 - Refreshing org.springframework.context.support.GenericApplicationContext@650cf688: startup date [Thu Mar 23 10:02:41 CDT 2017]; root of context hierarchy
10:02:41,101  INFO Test worker annotation.AutowiredAnnotationBeanPostProcessor:151 - JSR-330 'javax.inject.Inject' annotation found and supported for autowiring
10:02:41,136  INFO Test worker transaction.TransactionContext:98 - Began transaction (1) for test context [DefaultTestContext@17a5dda2 testClass = JdbcCursorItemReaderPreparedStatementIntegrationTests, testInstance = org.springframework.batch.core.resource.JdbcCursorItemReaderPreparedStatementIntegrationTests@1300c7af, testMethod = testRead@JdbcCursorItemReaderPreparedStatementIntegrationTests, testException = [null], mergedContextConfiguration = [MergedContextConfiguration@770b5748 testClass = JdbcCursorItemReaderPreparedStatementIntegrationTests, locations = '{classpath:/org/springframework/batch/core/repository/dao/data-source-context.xml}', classes = '{}', contextInitializerClasses = '[]', activeProfiles = '{}', propertySourceLocations = '{}', propertySourceProperties = '{}', contextCustomizers = set[[empty]], contextLoader = 'org.springframework.test.context.support.DelegatingSmartContextLoader', parent = [null]], attributes = map[[empty]]]; transaction manager [org.springframework.jdbc.datasource.DataSourceTransactionManager@256194f5]; rollback [true]
10:02:41,143  INFO Test worker transaction.TransactionContext:131 - Rolled back transaction for test context [DefaultTestContext@17a5dda2 testClass = JdbcCursorItemReaderPreparedStatementIntegrationTests, testInstance = org.springframework.batch.core.resource.JdbcCursorItemReaderPreparedStatementIntegrationTests@1300c7af, testMethod = testRead@JdbcCursorItemReaderPreparedStatementIntegrationTests, testException = [null], mergedContextConfiguration = [MergedContextConfiguration@770b5748 testClass = JdbcCursorItemReaderPreparedStatementIntegrationTests, locations = '{classpath:/org/springframework/batch/core/repository/dao/data-source-context.xml}', classes = '{}', contextInitializerClasses = '[]', activeProfiles = '{}', propertySourceLocations = '{}', propertySourceProperties = '{}', contextCustomizers = set[[empty]], contextLoader = 'org.springframework.test.context.support.DelegatingSmartContextLoader', parent = [null]], attributes = map[[empty]]].
]]></system-out>
  <system-err><![CDATA[]]></system-err>
</testsuite>
