<?xml version="1.0" encoding="UTF-8"?>
<testsuite name="org.springframework.batch.core.repository.dao.JdbcJobDaoQueryTests" tests="1" skipped="0" failures="0" errors="0" timestamp="2017-03-23T15:02:34" hostname="Michaels-MacBook-Pro-3.local" time="0.004">
  <properties/>
  <testcase name="testTablePrefix" classname="org.springframework.batch.core.repository.dao.JdbcJobDaoQueryTests" time="0.004"/>
  <system-out><![CDATA[]]></system-out>
  <system-err><![CDATA[]]></system-err>
</testsuite>
