<?xml version="1.0" encoding="UTF-8"?>
<testsuite name="org.springframework.batch.core.repository.support.JobRepositoryFactoryBeanTests" tests="16" skipped="1" failures="0" errors="0" timestamp="2017-03-23T15:02:39" hostname="Michaels-MacBook-Pro-3.local" time="0.239">
  <properties/>
  <testcase name="testOracleLobHandler" classname="org.springframework.batch.core.repository.support.JobRepositoryFactoryBeanTests" time="0.031"/>
  <testcase name="testCustomJdbcOperations" classname="org.springframework.batch.core.repository.support.JobRepositoryFactoryBeanTests" time="0.002"/>
  <testcase name="testCreateRepository" classname="org.springframework.batch.core.repository.support.JobRepositoryFactoryBeanTests" time="0.002"/>
  <testcase name="testCustomSerializer" classname="org.springframework.batch.core.repository.support.JobRepositoryFactoryBeanTests" time="0.001"/>
  <testcase name="testInvalidDatabaseType" classname="org.springframework.batch.core.repository.support.JobRepositoryFactoryBeanTests" time="0.001"/>
  <testcase name="testCustomLobType" classname="org.springframework.batch.core.repository.support.JobRepositoryFactoryBeanTests" time="0.001"/>
  <testcase name="testInvalidCustomLobType" classname="org.springframework.batch.core.repository.support.JobRepositoryFactoryBeanTests" time="0.002"/>
  <testcase name="testDefaultJdbcOperations" classname="org.springframework.batch.core.repository.support.JobRepositoryFactoryBeanTests" time="0.002"/>
  <testcase name="testMissingDataSource" classname="org.springframework.batch.core.repository.support.JobRepositoryFactoryBeanTests" time="0.0"/>
  <testcase name="testSetTransactionAttributesForCreateMethod" classname="org.springframework.batch.core.repository.support.JobRepositoryFactoryBeanTests" time="0.059"/>
  <testcase name="testNoDatabaseType" classname="org.springframework.batch.core.repository.support.JobRepositoryFactoryBeanTests" time="0.134"/>
  <testcase name="testMissingTransactionManager" classname="org.springframework.batch.core.repository.support.JobRepositoryFactoryBeanTests" time="0.0"/>
  <testcase name="tesDefaultSerializer" classname="org.springframework.batch.core.repository.support.JobRepositoryFactoryBeanTests" time="0.001"/>
  <testcase name="testTransactionAttributesForCreateMethodNullHypothesis" classname="org.springframework.batch.core.repository.support.JobRepositoryFactoryBeanTests" time="0.0">
    <skipped/>
  </testcase>
  <testcase name="testCustomLobHandler" classname="org.springframework.batch.core.repository.support.JobRepositoryFactoryBeanTests" time="0.001"/>
  <testcase name="testTransactionAttributesForCreateMethod" classname="org.springframework.batch.core.repository.support.JobRepositoryFactoryBeanTests" time="0.002"/>
  <system-out><![CDATA[10:02:40,085  INFO Test worker support.JobRepositoryFactoryBean:184 - No database type set, using meta data indicating: ORACLE
]]></system-out>
  <system-err><![CDATA[]]></system-err>
</testsuite>
