<?xml version="1.0" encoding="UTF-8"?>
<testsuite name="org.springframework.batch.core.configuration.xml.StepWithBasicProcessTaskJobParserTests" tests="1" skipped="0" failures="0" errors="0" timestamp="2017-03-23T15:02:08" hostname="Michaels-MacBook-Pro-3.local" time="0.01">
  <properties/>
  <testcase name="testStepWithTask" classname="org.springframework.batch.core.configuration.xml.StepWithBasicProcessTaskJobParserTests" time="0.01"/>
  <system-out><![CDATA[10:02:07,882  INFO Test worker support.AbstractContextLoader:252 - Detected default resource location "classpath:org/springframework/batch/core/configuration/xml/StepWithBasicProcessTaskJobParserTests-context.xml" for test class [org.springframework.batch.core.configuration.xml.StepWithBasicProcessTaskJobParserTests]
10:02:07,882  INFO Test worker support.AbstractDelegatingSmartContextLoader:176 - GenericXmlContextLoader detected default locations for context configuration [ContextConfigurationAttributes@a936e27 declaringClass = 'org.springframework.batch.core.configuration.xml.StepWithBasicProcessTaskJobParserTests', classes = '{}', locations = '{classpath:org/springframework/batch/core/configuration/xml/StepWithBasicProcessTaskJobParserTests-context.xml}', inheritLocations = true, initializers = '{}', inheritInitializers = true, name = [null], contextLoaderClass = 'org.springframework.test.context.ContextLoader'].
10:02:07,882  INFO Test worker support.AnnotationConfigContextLoaderUtils:81 - Could not detect default configuration classes for test class [org.springframework.batch.core.configuration.xml.StepWithBasicProcessTaskJobParserTests]: StepWithBasicProcessTaskJobParserTests does not declare any static, non-private, non-final, nested classes annotated with @Configuration.
10:02:07,884  INFO Test worker support.DefaultTestContextBootstrapper:260 - Loaded default TestExecutionListener class names from location [META-INF/spring.factories]: [org.springframework.test.context.web.ServletTestExecutionListener, org.springframework.test.context.support.DirtiesContextBeforeModesTestExecutionListener, org.springframework.test.context.support.DependencyInjectionTestExecutionListener, org.springframework.test.context.support.DirtiesContextTestExecutionListener, org.springframework.test.context.transaction.TransactionalTestExecutionListener, org.springframework.test.context.jdbc.SqlScriptsTestExecutionListener]
10:02:07,884  INFO Test worker support.DefaultTestContextBootstrapper:209 - Could not instantiate TestExecutionListener [org.springframework.test.context.web.ServletTestExecutionListener]. Specify custom listener classes or make the default listener classes (and their required dependencies) available. Offending class: [javax/servlet/ServletContext]
10:02:07,884  INFO Test worker support.DefaultTestContextBootstrapper:187 - Using TestExecutionListeners: [org.springframework.test.context.support.DirtiesContextBeforeModesTestExecutionListener@68abdfd9, org.springframework.test.context.support.DependencyInjectionTestExecutionListener@7a1a374f, org.springframework.test.context.support.DirtiesContextTestExecutionListener@29cdc47b, org.springframework.test.context.transaction.TransactionalTestExecutionListener@794a5bf6, org.springframework.test.context.jdbc.SqlScriptsTestExecutionListener@4fa90611]
10:02:07,885  INFO Test worker xml.XmlBeanDefinitionReader:317 - Loading XML bean definitions from class path resource [org/springframework/batch/core/configuration/xml/StepWithBasicProcessTaskJobParserTests-context.xml]
10:02:07,895  INFO Test worker xml.XmlBeanDefinitionReader:317 - Loading XML bean definitions from class path resource [org/springframework/batch/core/configuration/xml/common-context.xml]
10:02:07,901  INFO Test worker support.DefaultListableBeanFactory:818 - Overriding bean definition for bean 'reader' with a different definition: replacing [Generic bean: class [org.springframework.batch.core.configuration.xml.DummyItemReader]; scope=; abstract=false; lazyInit=false; autowireMode=0; dependencyCheck=0; autowireCandidate=true; primary=false; factoryBeanName=null; factoryMethodName=null; initMethodName=null; destroyMethodName=null; defined in class path resource [org/springframework/batch/core/configuration/xml/common-context.xml]] with [Generic bean: class [org.springframework.batch.core.configuration.xml.TestReader]; scope=; abstract=false; lazyInit=false; autowireMode=0; dependencyCheck=0; autowireCandidate=true; primary=false; factoryBeanName=null; factoryMethodName=null; initMethodName=null; destroyMethodName=null; defined in class path resource [org/springframework/batch/core/configuration/xml/StepWithBasicProcessTaskJobParserTests-context.xml]]
10:02:07,902  INFO Test worker support.DefaultListableBeanFactory:818 - Overriding bean definition for bean 'processor' with a different definition: replacing [Generic bean: class [org.springframework.batch.core.configuration.xml.DummyItemProcessor]; scope=; abstract=false; lazyInit=false; autowireMode=0; dependencyCheck=0; autowireCandidate=true; primary=false; factoryBeanName=null; factoryMethodName=null; initMethodName=null; destroyMethodName=null; defined in class path resource [org/springframework/batch/core/configuration/xml/common-context.xml]] with [Generic bean: class [org.springframework.batch.core.configuration.xml.TestProcessor]; scope=; abstract=false; lazyInit=false; autowireMode=0; dependencyCheck=0; autowireCandidate=true; primary=false; factoryBeanName=null; factoryMethodName=null; initMethodName=null; destroyMethodName=null; defined in class path resource [org/springframework/batch/core/configuration/xml/StepWithBasicProcessTaskJobParserTests-context.xml]]
10:02:07,902  INFO Test worker support.DefaultListableBeanFactory:818 - Overriding bean definition for bean 'writer' with a different definition: replacing [Generic bean: class [org.springframework.batch.core.configuration.xml.DummyItemWriter]; scope=; abstract=false; lazyInit=false; autowireMode=0; dependencyCheck=0; autowireCandidate=true; primary=false; factoryBeanName=null; factoryMethodName=null; initMethodName=null; destroyMethodName=null; defined in class path resource [org/springframework/batch/core/configuration/xml/common-context.xml]] with [Generic bean: class [org.springframework.batch.core.configuration.xml.TestWriter]; scope=; abstract=false; lazyInit=false; autowireMode=0; dependencyCheck=0; autowireCandidate=true; primary=false; factoryBeanName=null; factoryMethodName=null; initMethodName=null; destroyMethodName=null; defined in class path resource [org/springframework/batch/core/configuration/xml/StepWithBasicProcessTaskJobParserTests-context.xml]]
10:02:07,903  INFO Test worker support.GenericApplicationContext:581 - Refreshing org.springframework.context.support.GenericApplicationContext@64a2e0e4: startup date [Thu Mar 23 10:02:07 CDT 2017]; root of context hierarchy
10:02:07,928  INFO Test worker annotation.AutowiredAnnotationBeanPostProcessor:151 - JSR-330 'javax.inject.Inject' annotation found and supported for autowiring
10:02:08,000  INFO Test worker support.GenericApplicationContext:985 - Closing org.springframework.context.support.GenericApplicationContext@541e2a61: startup date [Thu Mar 23 10:01:56 CDT 2017]; root of context hierarchy
10:02:08,011  INFO Test worker job.SimpleStepHandler:146 - Executing step: [ft-step]
]]></system-out>
  <system-err><![CDATA[]]></system-err>
</testsuite>
