<?xml version="1.0" encoding="UTF-8"?>
<testsuite name="org.springframework.batch.core.configuration.xml.NextAttributeUnknownJobParserTests" tests="1" skipped="0" failures="0" errors="0" timestamp="2017-03-23T15:02:00" hostname="Michaels-MacBook-Pro-3.local" time="0.026">
  <properties/>
  <testcase name="testDefaultUnknown" classname="org.springframework.batch.core.configuration.xml.NextAttributeUnknownJobParserTests" time="0.026"/>
  <system-out><![CDATA[10:02:00,440  INFO Test worker support.AbstractContextLoader:252 - Detected default resource location "classpath:org/springframework/batch/core/configuration/xml/NextAttributeUnknownJobParserTests-context.xml" for test class [org.springframework.batch.core.configuration.xml.NextAttributeUnknownJobParserTests]
10:02:00,440  INFO Test worker support.AbstractDelegatingSmartContextLoader:176 - GenericXmlContextLoader detected default locations for context configuration [ContextConfigurationAttributes@486e19e2 declaringClass = 'org.springframework.batch.core.configuration.xml.NextAttributeUnknownJobParserTests', classes = '{}', locations = '{classpath:org/springframework/batch/core/configuration/xml/NextAttributeUnknownJobParserTests-context.xml}', inheritLocations = true, initializers = '{}', inheritInitializers = true, name = [null], contextLoaderClass = 'org.springframework.test.context.ContextLoader'].
10:02:00,442  INFO Test worker support.AnnotationConfigContextLoaderUtils:81 - Could not detect default configuration classes for test class [org.springframework.batch.core.configuration.xml.NextAttributeUnknownJobParserTests]: NextAttributeUnknownJobParserTests does not declare any static, non-private, non-final, nested classes annotated with @Configuration.
10:02:00,445  INFO Test worker support.DefaultTestContextBootstrapper:260 - Loaded default TestExecutionListener class names from location [META-INF/spring.factories]: [org.springframework.test.context.web.ServletTestExecutionListener, org.springframework.test.context.support.DirtiesContextBeforeModesTestExecutionListener, org.springframework.test.context.support.DependencyInjectionTestExecutionListener, org.springframework.test.context.support.DirtiesContextTestExecutionListener, org.springframework.test.context.transaction.TransactionalTestExecutionListener, org.springframework.test.context.jdbc.SqlScriptsTestExecutionListener]
10:02:00,455  INFO Test worker support.DefaultTestContextBootstrapper:209 - Could not instantiate TestExecutionListener [org.springframework.test.context.web.ServletTestExecutionListener]. Specify custom listener classes or make the default listener classes (and their required dependencies) available. Offending class: [javax/servlet/ServletContext]
10:02:00,457  INFO Test worker support.DefaultTestContextBootstrapper:187 - Using TestExecutionListeners: [org.springframework.test.context.support.DirtiesContextBeforeModesTestExecutionListener@34b0e5cf, org.springframework.test.context.support.DependencyInjectionTestExecutionListener@5dbba5d, org.springframework.test.context.support.DirtiesContextTestExecutionListener@6cc6b8b8, org.springframework.test.context.transaction.TransactionalTestExecutionListener@3a7a9a1a, org.springframework.test.context.jdbc.SqlScriptsTestExecutionListener@9d78e07]
10:02:00,459  INFO Test worker xml.XmlBeanDefinitionReader:317 - Loading XML bean definitions from class path resource [org/springframework/batch/core/configuration/xml/NextAttributeUnknownJobParserTests-context.xml]
10:02:00,478  INFO Test worker xml.XmlBeanDefinitionReader:317 - Loading XML bean definitions from class path resource [org/springframework/batch/core/configuration/xml/common-context.xml]
10:02:00,489  INFO Test worker support.GenericApplicationContext:581 - Refreshing org.springframework.context.support.GenericApplicationContext@5106c432: startup date [Thu Mar 23 10:02:00 CDT 2017]; root of context hierarchy
10:02:00,511  INFO Test worker annotation.AutowiredAnnotationBeanPostProcessor:151 - JSR-330 'javax.inject.Inject' annotation found and supported for autowiring
10:02:00,615  INFO Test worker job.SimpleStepHandler:146 - Executing step: [s1]
10:02:00,622  INFO Test worker job.SimpleStepHandler:146 - Executing step: [unknown]
10:02:00,632  INFO Test worker job.SimpleStepHandler:146 - Executing step: [s2]
]]></system-out>
  <system-err><![CDATA[]]></system-err>
</testsuite>
