<?xml version="1.0" encoding="UTF-8"?>
<testsuite name="org.springframework.batch.core.repository.dao.JdbcExecutionContextDaoTests" tests="10" skipped="0" failures="0" errors="0" timestamp="2017-03-23T15:02:34" hostname="Michaels-MacBook-Pro-3.local" time="0.164">
  <properties/>
  <testcase name="testSaveAndFindJobContext" classname="org.springframework.batch.core.repository.dao.JdbcExecutionContextDaoTests" time="0.088"/>
  <testcase name="testSaveNullExecutionContexts" classname="org.springframework.batch.core.repository.dao.JdbcExecutionContextDaoTests" time="0.007"/>
  <testcase name="testStoreInteger" classname="org.springframework.batch.core.repository.dao.JdbcExecutionContextDaoTests" time="0.007"/>
  <testcase name="testSaveAndFindStepContext" classname="org.springframework.batch.core.repository.dao.JdbcExecutionContextDaoTests" time="0.007"/>
  <testcase name="testSaveAndFindExecutionContexts" classname="org.springframework.batch.core.repository.dao.JdbcExecutionContextDaoTests" time="0.012"/>
  <testcase name="testSaveEmptyExecutionContexts" classname="org.springframework.batch.core.repository.dao.JdbcExecutionContextDaoTests" time="0.005"/>
  <testcase name="testUpdateContext" classname="org.springframework.batch.core.repository.dao.JdbcExecutionContextDaoTests" time="0.008"/>
  <testcase name="testUpdateStepContext" classname="org.springframework.batch.core.repository.dao.JdbcExecutionContextDaoTests" time="0.008"/>
  <testcase name="testSaveAndFindEmptyStepContext" classname="org.springframework.batch.core.repository.dao.JdbcExecutionContextDaoTests" time="0.008"/>
  <testcase name="testSaveAndFindEmptyJobContext" classname="org.springframework.batch.core.repository.dao.JdbcExecutionContextDaoTests" time="0.006"/>
  <system-out><![CDATA[10:02:34,390  INFO Test worker support.DefaultTestContextBootstrapper:209 - Could not instantiate TestExecutionListener [org.springframework.test.context.web.ServletTestExecutionListener]. Specify custom listener classes or make the default listener classes (and their required dependencies) available. Offending class: [javax/servlet/ServletContext]
10:02:34,391  INFO Test worker support.DefaultTestContextBootstrapper:187 - Using TestExecutionListeners: [org.springframework.test.context.support.DirtiesContextBeforeModesTestExecutionListener@54015470, org.springframework.test.context.support.DependencyInjectionTestExecutionListener@4c7937bf, org.springframework.test.context.support.DirtiesContextTestExecutionListener@7ea22388, org.springframework.test.context.transaction.TransactionalTestExecutionListener@b40534e, org.springframework.test.context.jdbc.SqlScriptsTestExecutionListener@55bc2482]
10:02:34,392  INFO Test worker xml.XmlBeanDefinitionReader:317 - Loading XML bean definitions from class path resource [org/springframework/batch/core/repository/dao/sql-dao-test.xml]
10:02:34,400  INFO Test worker xml.XmlBeanDefinitionReader:317 - Loading XML bean definitions from class path resource [org/springframework/batch/core/repository/dao/data-source-context.xml]
10:02:34,404  INFO Test worker support.GenericApplicationContext:581 - Refreshing org.springframework.context.support.GenericApplicationContext@507d2545: startup date [Thu Mar 23 10:02:34 CDT 2017]; root of context hierarchy
10:02:34,425  INFO Test worker annotation.AutowiredAnnotationBeanPostProcessor:151 - JSR-330 'javax.inject.Inject' annotation found and supported for autowiring
10:02:34,720  INFO Test worker support.GenericApplicationContext:985 - Closing org.springframework.context.support.GenericApplicationContext@26b0dae6: startup date [Thu Mar 23 10:02:02 CDT 2017]; root of context hierarchy
10:02:34,754  INFO Test worker transaction.TransactionContext:98 - Began transaction (1) for test context [DefaultTestContext@307970db testClass = JdbcExecutionContextDaoTests, testInstance = org.springframework.batch.core.repository.dao.JdbcExecutionContextDaoTests@2875ed0a, testMethod = testSaveAndFindJobContext@AbstractExecutionContextDaoTests, testException = [null], mergedContextConfiguration = [MergedContextConfiguration@1e0fd75f testClass = JdbcExecutionContextDaoTests, locations = '{classpath:/org/springframework/batch/core/repository/dao/sql-dao-test.xml}', classes = '{}', contextInitializerClasses = '[]', activeProfiles = '{}', propertySourceLocations = '{}', propertySourceProperties = '{}', contextCustomizers = set[[empty]], contextLoader = 'org.springframework.test.context.support.DelegatingSmartContextLoader', parent = [null]], attributes = map[[empty]]]; transaction manager [org.springframework.jdbc.datasource.DataSourceTransactionManager@12d238cc]; rollback [true]
10:02:34,813  INFO Test worker transaction.TransactionContext:131 - Rolled back transaction for test context [DefaultTestContext@307970db testClass = JdbcExecutionContextDaoTests, testInstance = org.springframework.batch.core.repository.dao.JdbcExecutionContextDaoTests@2875ed0a, testMethod = testSaveAndFindJobContext@AbstractExecutionContextDaoTests, testException = [null], mergedContextConfiguration = [MergedContextConfiguration@1e0fd75f testClass = JdbcExecutionContextDaoTests, locations = '{classpath:/org/springframework/batch/core/repository/dao/sql-dao-test.xml}', classes = '{}', contextInitializerClasses = '[]', activeProfiles = '{}', propertySourceLocations = '{}', propertySourceProperties = '{}', contextCustomizers = set[[empty]], contextLoader = 'org.springframework.test.context.support.DelegatingSmartContextLoader', parent = [null]], attributes = map[[empty]]].
10:02:34,819  INFO Test worker transaction.TransactionContext:98 - Began transaction (1) for test context [DefaultTestContext@307970db testClass = JdbcExecutionContextDaoTests, testInstance = org.springframework.batch.core.repository.dao.JdbcExecutionContextDaoTests@2eaae465, testMethod = testSaveNullExecutionContexts@AbstractExecutionContextDaoTests, testException = [null], mergedContextConfiguration = [MergedContextConfiguration@1e0fd75f testClass = JdbcExecutionContextDaoTests, locations = '{classpath:/org/springframework/batch/core/repository/dao/sql-dao-test.xml}', classes = '{}', contextInitializerClasses = '[]', activeProfiles = '{}', propertySourceLocations = '{}', propertySourceProperties = '{}', contextCustomizers = set[[empty]], contextLoader = 'org.springframework.test.context.support.DelegatingSmartContextLoader', parent = [null]], attributes = map[[empty]]]; transaction manager [org.springframework.jdbc.datasource.DataSourceTransactionManager@12d238cc]; rollback [true]
10:02:34,821  INFO Test worker transaction.TransactionContext:131 - Rolled back transaction for test context [DefaultTestContext@307970db testClass = JdbcExecutionContextDaoTests, testInstance = org.springframework.batch.core.repository.dao.JdbcExecutionContextDaoTests@2eaae465, testMethod = testSaveNullExecutionContexts@AbstractExecutionContextDaoTests, testException = [null], mergedContextConfiguration = [MergedContextConfiguration@1e0fd75f testClass = JdbcExecutionContextDaoTests, locations = '{classpath:/org/springframework/batch/core/repository/dao/sql-dao-test.xml}', classes = '{}', contextInitializerClasses = '[]', activeProfiles = '{}', propertySourceLocations = '{}', propertySourceProperties = '{}', contextCustomizers = set[[empty]], contextLoader = 'org.springframework.test.context.support.DelegatingSmartContextLoader', parent = [null]], attributes = map[[empty]]].
10:02:34,826  INFO Test worker transaction.TransactionContext:98 - Began transaction (1) for test context [DefaultTestContext@307970db testClass = JdbcExecutionContextDaoTests, testInstance = org.springframework.batch.core.repository.dao.JdbcExecutionContextDaoTests@17480b3a, testMethod = testStoreInteger@AbstractExecutionContextDaoTests, testException = [null], mergedContextConfiguration = [MergedContextConfiguration@1e0fd75f testClass = JdbcExecutionContextDaoTests, locations = '{classpath:/org/springframework/batch/core/repository/dao/sql-dao-test.xml}', classes = '{}', contextInitializerClasses = '[]', activeProfiles = '{}', propertySourceLocations = '{}', propertySourceProperties = '{}', contextCustomizers = set[[empty]], contextLoader = 'org.springframework.test.context.support.DelegatingSmartContextLoader', parent = [null]], attributes = map[[empty]]]; transaction manager [org.springframework.jdbc.datasource.DataSourceTransactionManager@12d238cc]; rollback [true]
10:02:34,829  INFO Test worker transaction.TransactionContext:131 - Rolled back transaction for test context [DefaultTestContext@307970db testClass = JdbcExecutionContextDaoTests, testInstance = org.springframework.batch.core.repository.dao.JdbcExecutionContextDaoTests@17480b3a, testMethod = testStoreInteger@AbstractExecutionContextDaoTests, testException = [null], mergedContextConfiguration = [MergedContextConfiguration@1e0fd75f testClass = JdbcExecutionContextDaoTests, locations = '{classpath:/org/springframework/batch/core/repository/dao/sql-dao-test.xml}', classes = '{}', contextInitializerClasses = '[]', activeProfiles = '{}', propertySourceLocations = '{}', propertySourceProperties = '{}', contextCustomizers = set[[empty]], contextLoader = 'org.springframework.test.context.support.DelegatingSmartContextLoader', parent = [null]], attributes = map[[empty]]].
10:02:34,834  INFO Test worker transaction.TransactionContext:98 - Began transaction (1) for test context [DefaultTestContext@307970db testClass = JdbcExecutionContextDaoTests, testInstance = org.springframework.batch.core.repository.dao.JdbcExecutionContextDaoTests@2c7e4172, testMethod = testSaveAndFindStepContext@AbstractExecutionContextDaoTests, testException = [null], mergedContextConfiguration = [MergedContextConfiguration@1e0fd75f testClass = JdbcExecutionContextDaoTests, locations = '{classpath:/org/springframework/batch/core/repository/dao/sql-dao-test.xml}', classes = '{}', contextInitializerClasses = '[]', activeProfiles = '{}', propertySourceLocations = '{}', propertySourceProperties = '{}', contextCustomizers = set[[empty]], contextLoader = 'org.springframework.test.context.support.DelegatingSmartContextLoader', parent = [null]], attributes = map[[empty]]]; transaction manager [org.springframework.jdbc.datasource.DataSourceTransactionManager@12d238cc]; rollback [true]
10:02:34,838  INFO Test worker transaction.TransactionContext:131 - Rolled back transaction for test context [DefaultTestContext@307970db testClass = JdbcExecutionContextDaoTests, testInstance = org.springframework.batch.core.repository.dao.JdbcExecutionContextDaoTests@2c7e4172, testMethod = testSaveAndFindStepContext@AbstractExecutionContextDaoTests, testException = [null], mergedContextConfiguration = [MergedContextConfiguration@1e0fd75f testClass = JdbcExecutionContextDaoTests, locations = '{classpath:/org/springframework/batch/core/repository/dao/sql-dao-test.xml}', classes = '{}', contextInitializerClasses = '[]', activeProfiles = '{}', propertySourceLocations = '{}', propertySourceProperties = '{}', contextCustomizers = set[[empty]], contextLoader = 'org.springframework.test.context.support.DelegatingSmartContextLoader', parent = [null]], attributes = map[[empty]]].
10:02:34,842  INFO Test worker transaction.TransactionContext:98 - Began transaction (1) for test context [DefaultTestContext@307970db testClass = JdbcExecutionContextDaoTests, testInstance = org.springframework.batch.core.repository.dao.JdbcExecutionContextDaoTests@1835ae4b, testMethod = testSaveAndFindExecutionContexts@AbstractExecutionContextDaoTests, testException = [null], mergedContextConfiguration = [MergedContextConfiguration@1e0fd75f testClass = JdbcExecutionContextDaoTests, locations = '{classpath:/org/springframework/batch/core/repository/dao/sql-dao-test.xml}', classes = '{}', contextInitializerClasses = '[]', activeProfiles = '{}', propertySourceLocations = '{}', propertySourceProperties = '{}', contextCustomizers = set[[empty]], contextLoader = 'org.springframework.test.context.support.DelegatingSmartContextLoader', parent = [null]], attributes = map[[empty]]]; transaction manager [org.springframework.jdbc.datasource.DataSourceTransactionManager@12d238cc]; rollback [true]
10:02:34,851  INFO Test worker transaction.TransactionContext:131 - Rolled back transaction for test context [DefaultTestContext@307970db testClass = JdbcExecutionContextDaoTests, testInstance = org.springframework.batch.core.repository.dao.JdbcExecutionContextDaoTests@1835ae4b, testMethod = testSaveAndFindExecutionContexts@AbstractExecutionContextDaoTests, testException = [null], mergedContextConfiguration = [MergedContextConfiguration@1e0fd75f testClass = JdbcExecutionContextDaoTests, locations = '{classpath:/org/springframework/batch/core/repository/dao/sql-dao-test.xml}', classes = '{}', contextInitializerClasses = '[]', activeProfiles = '{}', propertySourceLocations = '{}', propertySourceProperties = '{}', contextCustomizers = set[[empty]], contextLoader = 'org.springframework.test.context.support.DelegatingSmartContextLoader', parent = [null]], attributes = map[[empty]]].
10:02:34,854  INFO Test worker transaction.TransactionContext:98 - Began transaction (1) for test context [DefaultTestContext@307970db testClass = JdbcExecutionContextDaoTests, testInstance = org.springframework.batch.core.repository.dao.JdbcExecutionContextDaoTests@7e30e87a, testMethod = testSaveEmptyExecutionContexts@AbstractExecutionContextDaoTests, testException = [null], mergedContextConfiguration = [MergedContextConfiguration@1e0fd75f testClass = JdbcExecutionContextDaoTests, locations = '{classpath:/org/springframework/batch/core/repository/dao/sql-dao-test.xml}', classes = '{}', contextInitializerClasses = '[]', activeProfiles = '{}', propertySourceLocations = '{}', propertySourceProperties = '{}', contextCustomizers = set[[empty]], contextLoader = 'org.springframework.test.context.support.DelegatingSmartContextLoader', parent = [null]], attributes = map[[empty]]]; transaction manager [org.springframework.jdbc.datasource.DataSourceTransactionManager@12d238cc]; rollback [true]
10:02:34,857  INFO Test worker transaction.TransactionContext:131 - Rolled back transaction for test context [DefaultTestContext@307970db testClass = JdbcExecutionContextDaoTests, testInstance = org.springframework.batch.core.repository.dao.JdbcExecutionContextDaoTests@7e30e87a, testMethod = testSaveEmptyExecutionContexts@AbstractExecutionContextDaoTests, testException = [null], mergedContextConfiguration = [MergedContextConfiguration@1e0fd75f testClass = JdbcExecutionContextDaoTests, locations = '{classpath:/org/springframework/batch/core/repository/dao/sql-dao-test.xml}', classes = '{}', contextInitializerClasses = '[]', activeProfiles = '{}', propertySourceLocations = '{}', propertySourceProperties = '{}', contextCustomizers = set[[empty]], contextLoader = 'org.springframework.test.context.support.DelegatingSmartContextLoader', parent = [null]], attributes = map[[empty]]].
10:02:34,860  INFO Test worker transaction.TransactionContext:98 - Began transaction (1) for test context [DefaultTestContext@307970db testClass = JdbcExecutionContextDaoTests, testInstance = org.springframework.batch.core.repository.dao.JdbcExecutionContextDaoTests@6b68f8f6, testMethod = testUpdateContext@AbstractExecutionContextDaoTests, testException = [null], mergedContextConfiguration = [MergedContextConfiguration@1e0fd75f testClass = JdbcExecutionContextDaoTests, locations = '{classpath:/org/springframework/batch/core/repository/dao/sql-dao-test.xml}', classes = '{}', contextInitializerClasses = '[]', activeProfiles = '{}', propertySourceLocations = '{}', propertySourceProperties = '{}', contextCustomizers = set[[empty]], contextLoader = 'org.springframework.test.context.support.DelegatingSmartContextLoader', parent = [null]], attributes = map[[empty]]]; transaction manager [org.springframework.jdbc.datasource.DataSourceTransactionManager@12d238cc]; rollback [true]
10:02:34,865  INFO Test worker transaction.TransactionContext:131 - Rolled back transaction for test context [DefaultTestContext@307970db testClass = JdbcExecutionContextDaoTests, testInstance = org.springframework.batch.core.repository.dao.JdbcExecutionContextDaoTests@6b68f8f6, testMethod = testUpdateContext@AbstractExecutionContextDaoTests, testException = [null], mergedContextConfiguration = [MergedContextConfiguration@1e0fd75f testClass = JdbcExecutionContextDaoTests, locations = '{classpath:/org/springframework/batch/core/repository/dao/sql-dao-test.xml}', classes = '{}', contextInitializerClasses = '[]', activeProfiles = '{}', propertySourceLocations = '{}', propertySourceProperties = '{}', contextCustomizers = set[[empty]], contextLoader = 'org.springframework.test.context.support.DelegatingSmartContextLoader', parent = [null]], attributes = map[[empty]]].
10:02:34,870  INFO Test worker transaction.TransactionContext:98 - Began transaction (1) for test context [DefaultTestContext@307970db testClass = JdbcExecutionContextDaoTests, testInstance = org.springframework.batch.core.repository.dao.JdbcExecutionContextDaoTests@37fb70d6, testMethod = testUpdateStepContext@AbstractExecutionContextDaoTests, testException = [null], mergedContextConfiguration = [MergedContextConfiguration@1e0fd75f testClass = JdbcExecutionContextDaoTests, locations = '{classpath:/org/springframework/batch/core/repository/dao/sql-dao-test.xml}', classes = '{}', contextInitializerClasses = '[]', activeProfiles = '{}', propertySourceLocations = '{}', propertySourceProperties = '{}', contextCustomizers = set[[empty]], contextLoader = 'org.springframework.test.context.support.DelegatingSmartContextLoader', parent = [null]], attributes = map[[empty]]]; transaction manager [org.springframework.jdbc.datasource.DataSourceTransactionManager@12d238cc]; rollback [true]
10:02:34,875  INFO Test worker transaction.TransactionContext:131 - Rolled back transaction for test context [DefaultTestContext@307970db testClass = JdbcExecutionContextDaoTests, testInstance = org.springframework.batch.core.repository.dao.JdbcExecutionContextDaoTests@37fb70d6, testMethod = testUpdateStepContext@AbstractExecutionContextDaoTests, testException = [null], mergedContextConfiguration = [MergedContextConfiguration@1e0fd75f testClass = JdbcExecutionContextDaoTests, locations = '{classpath:/org/springframework/batch/core/repository/dao/sql-dao-test.xml}', classes = '{}', contextInitializerClasses = '[]', activeProfiles = '{}', propertySourceLocations = '{}', propertySourceProperties = '{}', contextCustomizers = set[[empty]], contextLoader = 'org.springframework.test.context.support.DelegatingSmartContextLoader', parent = [null]], attributes = map[[empty]]].
10:02:34,879  INFO Test worker transaction.TransactionContext:98 - Began transaction (1) for test context [DefaultTestContext@307970db testClass = JdbcExecutionContextDaoTests, testInstance = org.springframework.batch.core.repository.dao.JdbcExecutionContextDaoTests@3850c7e7, testMethod = testSaveAndFindEmptyStepContext@AbstractExecutionContextDaoTests, testException = [null], mergedContextConfiguration = [MergedContextConfiguration@1e0fd75f testClass = JdbcExecutionContextDaoTests, locations = '{classpath:/org/springframework/batch/core/repository/dao/sql-dao-test.xml}', classes = '{}', contextInitializerClasses = '[]', activeProfiles = '{}', propertySourceLocations = '{}', propertySourceProperties = '{}', contextCustomizers = set[[empty]], contextLoader = 'org.springframework.test.context.support.DelegatingSmartContextLoader', parent = [null]], attributes = map[[empty]]]; transaction manager [org.springframework.jdbc.datasource.DataSourceTransactionManager@12d238cc]; rollback [true]
10:02:34,883  INFO Test worker transaction.TransactionContext:131 - Rolled back transaction for test context [DefaultTestContext@307970db testClass = JdbcExecutionContextDaoTests, testInstance = org.springframework.batch.core.repository.dao.JdbcExecutionContextDaoTests@3850c7e7, testMethod = testSaveAndFindEmptyStepContext@AbstractExecutionContextDaoTests, testException = [null], mergedContextConfiguration = [MergedContextConfiguration@1e0fd75f testClass = JdbcExecutionContextDaoTests, locations = '{classpath:/org/springframework/batch/core/repository/dao/sql-dao-test.xml}', classes = '{}', contextInitializerClasses = '[]', activeProfiles = '{}', propertySourceLocations = '{}', propertySourceProperties = '{}', contextCustomizers = set[[empty]], contextLoader = 'org.springframework.test.context.support.DelegatingSmartContextLoader', parent = [null]], attributes = map[[empty]]].
10:02:34,887  INFO Test worker transaction.TransactionContext:98 - Began transaction (1) for test context [DefaultTestContext@307970db testClass = JdbcExecutionContextDaoTests, testInstance = org.springframework.batch.core.repository.dao.JdbcExecutionContextDaoTests@7d5ef6df, testMethod = testSaveAndFindEmptyJobContext@AbstractExecutionContextDaoTests, testException = [null], mergedContextConfiguration = [MergedContextConfiguration@1e0fd75f testClass = JdbcExecutionContextDaoTests, locations = '{classpath:/org/springframework/batch/core/repository/dao/sql-dao-test.xml}', classes = '{}', contextInitializerClasses = '[]', activeProfiles = '{}', propertySourceLocations = '{}', propertySourceProperties = '{}', contextCustomizers = set[[empty]], contextLoader = 'org.springframework.test.context.support.DelegatingSmartContextLoader', parent = [null]], attributes = map[[empty]]]; transaction manager [org.springframework.jdbc.datasource.DataSourceTransactionManager@12d238cc]; rollback [true]
10:02:34,890  INFO Test worker transaction.TransactionContext:131 - Rolled back transaction for test context [DefaultTestContext@307970db testClass = JdbcExecutionContextDaoTests, testInstance = org.springframework.batch.core.repository.dao.JdbcExecutionContextDaoTests@7d5ef6df, testMethod = testSaveAndFindEmptyJobContext@AbstractExecutionContextDaoTests, testException = [null], mergedContextConfiguration = [MergedContextConfiguration@1e0fd75f testClass = JdbcExecutionContextDaoTests, locations = '{classpath:/org/springframework/batch/core/repository/dao/sql-dao-test.xml}', classes = '{}', contextInitializerClasses = '[]', activeProfiles = '{}', propertySourceLocations = '{}', propertySourceProperties = '{}', contextCustomizers = set[[empty]], contextLoader = 'org.springframework.test.context.support.DelegatingSmartContextLoader', parent = [null]], attributes = map[[empty]]].
]]></system-out>
  <system-err><![CDATA[]]></system-err>
</testsuite>
