<?xml version="1.0" encoding="UTF-8"?>
<testsuite name="org.springframework.batch.core.repository.dao.MapExecutionContextDaoTests" tests="12" skipped="0" failures="0" errors="0" timestamp="2017-03-23T15:02:35" hostname="Michaels-MacBook-Pro-3.local" time="0.051">
  <properties/>
  <testcase name="testSaveBothJobAndStepContextWithSameId" classname="org.springframework.batch.core.repository.dao.MapExecutionContextDaoTests" time="0.006"/>
  <testcase name="testPersistentCopy" classname="org.springframework.batch.core.repository.dao.MapExecutionContextDaoTests" time="0.006"/>
  <testcase name="testSaveAndFindJobContext" classname="org.springframework.batch.core.repository.dao.MapExecutionContextDaoTests" time="0.003"/>
  <testcase name="testSaveNullExecutionContexts" classname="org.springframework.batch.core.repository.dao.MapExecutionContextDaoTests" time="0.003"/>
  <testcase name="testStoreInteger" classname="org.springframework.batch.core.repository.dao.MapExecutionContextDaoTests" time="0.003"/>
  <testcase name="testSaveAndFindStepContext" classname="org.springframework.batch.core.repository.dao.MapExecutionContextDaoTests" time="0.003"/>
  <testcase name="testSaveAndFindExecutionContexts" classname="org.springframework.batch.core.repository.dao.MapExecutionContextDaoTests" time="0.012"/>
  <testcase name="testSaveEmptyExecutionContexts" classname="org.springframework.batch.core.repository.dao.MapExecutionContextDaoTests" time="0.001"/>
  <testcase name="testUpdateContext" classname="org.springframework.batch.core.repository.dao.MapExecutionContextDaoTests" time="0.004"/>
  <testcase name="testUpdateStepContext" classname="org.springframework.batch.core.repository.dao.MapExecutionContextDaoTests" time="0.003"/>
  <testcase name="testSaveAndFindEmptyStepContext" classname="org.springframework.batch.core.repository.dao.MapExecutionContextDaoTests" time="0.003"/>
  <testcase name="testSaveAndFindEmptyJobContext" classname="org.springframework.batch.core.repository.dao.MapExecutionContextDaoTests" time="0.004"/>
  <system-out><![CDATA[]]></system-out>
  <system-err><![CDATA[]]></system-err>
</testsuite>
