<?xml version="1.0" encoding="UTF-8"?>
<testsuite name="org.springframework.batch.core.configuration.xml.JobParserExceptionTests" tests="4" skipped="0" failures="0" errors="0" timestamp="2017-03-23T15:01:58" hostname="Michaels-MacBook-Pro-3.local" time="0.132">
  <properties/>
  <testcase name="testUnreachableStepInFlow" classname="org.springframework.batch.core.configuration.xml.JobParserExceptionTests" time="0.028"/>
  <testcase name="testUnreachableStep" classname="org.springframework.batch.core.configuration.xml.JobParserExceptionTests" time="0.025"/>
  <testcase name="testWrongSchemaInRoot" classname="org.springframework.batch.core.configuration.xml.JobParserExceptionTests" time="0.027"/>
  <testcase name="testNextOutOfScope" classname="org.springframework.batch.core.configuration.xml.JobParserExceptionTests" time="0.051"/>
  <system-out><![CDATA[10:01:58,887  INFO Test worker support.ClassPathXmlApplicationContext:581 - Refreshing org.springframework.context.support.ClassPathXmlApplicationContext@3d2871d1: startup date [Thu Mar 23 10:01:58 CDT 2017]; root of context hierarchy
10:01:58,888  INFO Test worker xml.XmlBeanDefinitionReader:317 - Loading XML bean definitions from class path resource [org/springframework/batch/core/configuration/xml/JobParserUnreachableStepInFlowTests-context.xml]
10:01:58,901  INFO Test worker xml.XmlBeanDefinitionReader:317 - Loading XML bean definitions from class path resource [org/springframework/batch/core/configuration/xml/common-context.xml]
10:01:58,916  INFO Test worker support.ClassPathXmlApplicationContext:581 - Refreshing org.springframework.context.support.ClassPathXmlApplicationContext@75ce009b: startup date [Thu Mar 23 10:01:58 CDT 2017]; root of context hierarchy
10:01:58,917  INFO Test worker xml.XmlBeanDefinitionReader:317 - Loading XML bean definitions from class path resource [org/springframework/batch/core/configuration/xml/JobParserUnreachableStepTests-context.xml]
10:01:58,931  INFO Test worker xml.XmlBeanDefinitionReader:317 - Loading XML bean definitions from class path resource [org/springframework/batch/core/configuration/xml/common-context.xml]
10:01:58,942  INFO Test worker support.ClassPathXmlApplicationContext:581 - Refreshing org.springframework.context.support.ClassPathXmlApplicationContext@4a8855ab: startup date [Thu Mar 23 10:01:58 CDT 2017]; root of context hierarchy
10:01:58,942  INFO Test worker xml.XmlBeanDefinitionReader:317 - Loading XML bean definitions from class path resource [org/springframework/batch/core/configuration/xml/JobParserWrongSchemaInRootTests-context.xml]
10:01:58,957  INFO Test worker xml.XmlBeanDefinitionReader:317 - Loading XML bean definitions from class path resource [org/springframework/batch/core/configuration/xml/common-context.xml]
10:01:58,969  INFO Test worker support.ClassPathXmlApplicationContext:581 - Refreshing org.springframework.context.support.ClassPathXmlApplicationContext@64a7d277: startup date [Thu Mar 23 10:01:58 CDT 2017]; root of context hierarchy
10:01:58,969  INFO Test worker xml.XmlBeanDefinitionReader:317 - Loading XML bean definitions from class path resource [org/springframework/batch/core/configuration/xml/JobParserNextOutOfScopeTests-context.xml]
10:01:58,984  INFO Test worker xml.XmlBeanDefinitionReader:317 - Loading XML bean definitions from class path resource [org/springframework/batch/core/configuration/xml/common-context.xml]
10:01:59,019  WARN Test worker support.ClassPathXmlApplicationContext:549 - Exception encountered during context initialization - cancelling refresh attempt: org.springframework.beans.factory.BeanCreationException: Error creating bean with name 'org.springframework.batch.core.configuration.xml.SimpleFlowFactoryBean#0': Cannot create inner bean '(inner bean)#76c0798e' of type [org.springframework.batch.core.job.flow.support.StateTransition] while setting bean property 'stateTransitions' with key [4]; nested exception is org.springframework.beans.factory.BeanCreationException: Error creating bean with name '(inner bean)#76c0798e': Cannot create inner bean '(inner bean)#455efb26' of type [org.springframework.batch.core.job.flow.support.state.SplitState] while setting constructor argument; nested exception is org.springframework.beans.factory.BeanCreationException: Error creating bean with name '(inner bean)#455efb26': Cannot create inner bean '(inner bean)#626912e8' of type [org.springframework.batch.core.configuration.xml.SimpleFlowFactoryBean] while setting constructor argument with key [0]; nested exception is org.springframework.beans.factory.BeanCreationException: Error creating bean with name '(inner bean)#626912e8': FactoryBean threw exception on object creation; nested exception is java.lang.IllegalArgumentException: Missing state for [StateTransition: [state=split1.0.s2, pattern=*, next=split1.0.s3]]
]]></system-out>
  <system-err><![CDATA[]]></system-err>
</testsuite>
