<?xml version="1.0" encoding="UTF-8"?>
<testsuite name="org.springframework.batch.core.jsr.StepListenerAdapterTests" tests="5" skipped="0" failures="0" errors="0" timestamp="2017-03-23T15:02:32" hostname="Michaels-MacBook-Pro-3.local" time="0.124">
  <properties/>
  <testcase name="testCreateWithNull" classname="org.springframework.batch.core.jsr.StepListenerAdapterTests" time="0.121"/>
  <testcase name="testAfterStepException" classname="org.springframework.batch.core.jsr.StepListenerAdapterTests" time="0.001"/>
  <testcase name="testBeforeStep" classname="org.springframework.batch.core.jsr.StepListenerAdapterTests" time="0.001"/>
  <testcase name="testBeforeStepException" classname="org.springframework.batch.core.jsr.StepListenerAdapterTests" time="0.0"/>
  <testcase name="testAfterStep" classname="org.springframework.batch.core.jsr.StepListenerAdapterTests" time="0.001"/>
  <system-out><![CDATA[]]></system-out>
  <system-err><![CDATA[]]></system-err>
</testsuite>
