<?xml version="1.0" encoding="UTF-8"?>
<testsuite name="org.springframework.batch.core.configuration.xml.StepWithFaultTolerantProcessTaskJobParserTests" tests="1" skipped="0" failures="0" errors="0" timestamp="2017-03-23T15:02:08" hostname="Michaels-MacBook-Pro-3.local" time="0.035">
  <properties/>
  <testcase name="testStepWithTask" classname="org.springframework.batch.core.configuration.xml.StepWithFaultTolerantProcessTaskJobParserTests" time="0.035"/>
  <system-out><![CDATA[10:02:08,020  INFO Test worker support.AbstractContextLoader:252 - Detected default resource location "classpath:org/springframework/batch/core/configuration/xml/StepWithFaultTolerantProcessTaskJobParserTests-context.xml" for test class [org.springframework.batch.core.configuration.xml.StepWithFaultTolerantProcessTaskJobParserTests]
10:02:08,020  INFO Test worker support.AbstractDelegatingSmartContextLoader:176 - GenericXmlContextLoader detected default locations for context configuration [ContextConfigurationAttributes@101d75c5 declaringClass = 'org.springframework.batch.core.configuration.xml.StepWithFaultTolerantProcessTaskJobParserTests', classes = '{}', locations = '{classpath:org/springframework/batch/core/configuration/xml/StepWithFaultTolerantProcessTaskJobParserTests-context.xml}', inheritLocations = true, initializers = '{}', inheritInitializers = true, name = [null], contextLoaderClass = 'org.springframework.test.context.ContextLoader'].
10:02:08,021  INFO Test worker support.AnnotationConfigContextLoaderUtils:81 - Could not detect default configuration classes for test class [org.springframework.batch.core.configuration.xml.StepWithFaultTolerantProcessTaskJobParserTests]: StepWithFaultTolerantProcessTaskJobParserTests does not declare any static, non-private, non-final, nested classes annotated with @Configuration.
10:02:08,022  INFO Test worker support.DefaultTestContextBootstrapper:260 - Loaded default TestExecutionListener class names from location [META-INF/spring.factories]: [org.springframework.test.context.web.ServletTestExecutionListener, org.springframework.test.context.support.DirtiesContextBeforeModesTestExecutionListener, org.springframework.test.context.support.DependencyInjectionTestExecutionListener, org.springframework.test.context.support.DirtiesContextTestExecutionListener, org.springframework.test.context.transaction.TransactionalTestExecutionListener, org.springframework.test.context.jdbc.SqlScriptsTestExecutionListener]
10:02:08,023  INFO Test worker support.DefaultTestContextBootstrapper:209 - Could not instantiate TestExecutionListener [org.springframework.test.context.web.ServletTestExecutionListener]. Specify custom listener classes or make the default listener classes (and their required dependencies) available. Offending class: [javax/servlet/ServletContext]
10:02:08,023  INFO Test worker support.DefaultTestContextBootstrapper:187 - Using TestExecutionListeners: [org.springframework.test.context.support.DirtiesContextBeforeModesTestExecutionListener@2fe13245, org.springframework.test.context.support.DependencyInjectionTestExecutionListener@1f07dcc1, org.springframework.test.context.support.DirtiesContextTestExecutionListener@55a38088, org.springframework.test.context.transaction.TransactionalTestExecutionListener@3d77f008, org.springframework.test.context.jdbc.SqlScriptsTestExecutionListener@1b229ef9]
10:02:08,024  INFO Test worker xml.XmlBeanDefinitionReader:317 - Loading XML bean definitions from class path resource [org/springframework/batch/core/configuration/xml/StepWithFaultTolerantProcessTaskJobParserTests-context.xml]
10:02:08,033  INFO Test worker xml.XmlBeanDefinitionReader:317 - Loading XML bean definitions from class path resource [org/springframework/batch/core/configuration/xml/common-context.xml]
10:02:08,041  INFO Test worker support.DefaultListableBeanFactory:818 - Overriding bean definition for bean 'reader' with a different definition: replacing [Generic bean: class [org.springframework.batch.core.configuration.xml.DummyItemReader]; scope=; abstract=false; lazyInit=false; autowireMode=0; dependencyCheck=0; autowireCandidate=true; primary=false; factoryBeanName=null; factoryMethodName=null; initMethodName=null; destroyMethodName=null; defined in class path resource [org/springframework/batch/core/configuration/xml/common-context.xml]] with [Generic bean: class [org.springframework.batch.core.configuration.xml.TestReader]; scope=; abstract=false; lazyInit=false; autowireMode=0; dependencyCheck=0; autowireCandidate=true; primary=false; factoryBeanName=null; factoryMethodName=null; initMethodName=null; destroyMethodName=null; defined in class path resource [org/springframework/batch/core/configuration/xml/StepWithFaultTolerantProcessTaskJobParserTests-context.xml]]
10:02:08,041  INFO Test worker support.DefaultListableBeanFactory:818 - Overriding bean definition for bean 'processor' with a different definition: replacing [Generic bean: class [org.springframework.batch.core.configuration.xml.DummyItemProcessor]; scope=; abstract=false; lazyInit=false; autowireMode=0; dependencyCheck=0; autowireCandidate=true; primary=false; factoryBeanName=null; factoryMethodName=null; initMethodName=null; destroyMethodName=null; defined in class path resource [org/springframework/batch/core/configuration/xml/common-context.xml]] with [Generic bean: class [org.springframework.batch.core.configuration.xml.TestProcessor]; scope=; abstract=false; lazyInit=false; autowireMode=0; dependencyCheck=0; autowireCandidate=true; primary=false; factoryBeanName=null; factoryMethodName=null; initMethodName=null; destroyMethodName=null; defined in class path resource [org/springframework/batch/core/configuration/xml/StepWithFaultTolerantProcessTaskJobParserTests-context.xml]]
10:02:08,042  INFO Test worker support.DefaultListableBeanFactory:818 - Overriding bean definition for bean 'writer' with a different definition: replacing [Generic bean: class [org.springframework.batch.core.configuration.xml.DummyItemWriter]; scope=; abstract=false; lazyInit=false; autowireMode=0; dependencyCheck=0; autowireCandidate=true; primary=false; factoryBeanName=null; factoryMethodName=null; initMethodName=null; destroyMethodName=null; defined in class path resource [org/springframework/batch/core/configuration/xml/common-context.xml]] with [Generic bean: class [org.springframework.batch.core.configuration.xml.TestWriter]; scope=; abstract=false; lazyInit=false; autowireMode=0; dependencyCheck=0; autowireCandidate=true; primary=false; factoryBeanName=null; factoryMethodName=null; initMethodName=null; destroyMethodName=null; defined in class path resource [org/springframework/batch/core/configuration/xml/StepWithFaultTolerantProcessTaskJobParserTests-context.xml]]
10:02:08,042  INFO Test worker support.GenericApplicationContext:581 - Refreshing org.springframework.context.support.GenericApplicationContext@3ae2a888: startup date [Thu Mar 23 10:02:08 CDT 2017]; root of context hierarchy
10:02:08,061  INFO Test worker annotation.AutowiredAnnotationBeanPostProcessor:151 - JSR-330 'javax.inject.Inject' annotation found and supported for autowiring
10:02:08,116  WARN Test worker builder.FaultTolerantStepBuilder:506 - Asynchronous TaskExecutor detected with ItemStream reader.  This is probably an error, and may lead to incorrect restart data being stored.
10:02:08,134  INFO Test worker support.GenericApplicationContext:985 - Closing org.springframework.context.support.GenericApplicationContext@52e64833: startup date [Thu Mar 23 10:01:56 CDT 2017]; root of context hierarchy
10:02:08,145  INFO Test worker job.SimpleStepHandler:146 - Executing step: [step]
10:02:08,149  WARN Test worker item.ChunkMonitor:118 - No ItemReader set (must be concurrent step), so ignoring offset data.
10:02:08,168  WARN pool-5-thread-1 item.ChunkMonitor:155 - ItemStream was opened in a different thread.  Restart data could be compromised.
]]></system-out>
  <system-err><![CDATA[]]></system-err>
</testsuite>
