<?xml version="1.0" encoding="UTF-8"?>
<testsuite name="org.springframework.batch.core.job.flow.support.state.EndStateTests" tests="2" skipped="0" failures="0" errors="0" timestamp="2017-03-23T15:02:11" hostname="Michaels-MacBook-Pro-3.local" time="0.002">
  <properties/>
  <testcase name="testHandleRestartSunnyDay" classname="org.springframework.batch.core.job.flow.support.state.EndStateTests" time="0.001"/>
  <testcase name="testHandleOngoingSunnyDay" classname="org.springframework.batch.core.job.flow.support.state.EndStateTests" time="0.001"/>
  <system-out><![CDATA[]]></system-out>
  <system-err><![CDATA[]]></system-err>
</testsuite>
