<?xml version="1.0" encoding="UTF-8"?>
<testsuite name="org.springframework.batch.core.scope.context.JobContextTests" tests="14" skipped="0" failures="0" errors="0" timestamp="2017-03-23T15:02:41" hostname="Michaels-MacBook-Pro-3.local" time="0.007">
  <properties/>
  <testcase name="testIllegalContextId" classname="org.springframework.batch.core.scope.context.JobContextTests" time="0.001"/>
  <testcase name="testDestructionCallbackWithException" classname="org.springframework.batch.core.scope.context.JobContextTests" time="0.002"/>
  <testcase name="testJobName" classname="org.springframework.batch.core.scope.context.JobContextTests" time="0.0"/>
  <testcase name="testSystemProperties" classname="org.springframework.batch.core.scope.context.JobContextTests" time="0.0"/>
  <testcase name="testGetJobExecution" classname="org.springframework.batch.core.scope.context.JobContextTests" time="0.0"/>
  <testcase name="testEqualsContextWithSameJobExecution" classname="org.springframework.batch.core.scope.context.JobContextTests" time="0.0"/>
  <testcase name="testJobExecutionContext" classname="org.springframework.batch.core.scope.context.JobContextTests" time="0.0"/>
  <testcase name="testEqualsSelf" classname="org.springframework.batch.core.scope.context.JobContextTests" time="0.0"/>
  <testcase name="testDestructionCallbackSunnyDay" classname="org.springframework.batch.core.scope.context.JobContextTests" time="0.001"/>
  <testcase name="testContextId" classname="org.springframework.batch.core.scope.context.JobContextTests" time="0.0"/>
  <testcase name="testJobParameters" classname="org.springframework.batch.core.scope.context.JobContextTests" time="0.0"/>
  <testcase name="testDestructionCallbackMissingAttribute" classname="org.springframework.batch.core.scope.context.JobContextTests" time="0.001"/>
  <testcase name="testNullJobExecution" classname="org.springframework.batch.core.scope.context.JobContextTests" time="0.0"/>
  <testcase name="testNotEqualsNull" classname="org.springframework.batch.core.scope.context.JobContextTests" time="0.0"/>
  <system-out><![CDATA[]]></system-out>
  <system-err><![CDATA[]]></system-err>
</testsuite>
