<?xml version="1.0" encoding="UTF-8"?>
<testsuite name="org.springframework.batch.core.launch.support.RunIdIncrementerTests" tests="3" skipped="0" failures="0" errors="0" timestamp="2017-03-23T15:02:33" hostname="Michaels-MacBook-Pro-3.local" time="0.002">
  <properties/>
  <testcase name="testGetNextNamed" classname="org.springframework.batch.core.launch.support.RunIdIncrementerTests" time="0.0"/>
  <testcase name="testGetNextAppends" classname="org.springframework.batch.core.launch.support.RunIdIncrementerTests" time="0.001"/>
  <testcase name="testGetNext" classname="org.springframework.batch.core.launch.support.RunIdIncrementerTests" time="0.0"/>
  <system-out><![CDATA[]]></system-out>
  <system-err><![CDATA[]]></system-err>
</testsuite>
