<?xml version="1.0" encoding="UTF-8"?>
<testsuite name="org.springframework.batch.core.configuration.xml.BranchStepJobParserTests" tests="1" skipped="0" failures="0" errors="0" timestamp="2017-03-23T15:01:54" hostname="Michaels-MacBook-Pro-3.local" time="0.063">
  <properties/>
  <testcase name="testBranchStep" classname="org.springframework.batch.core.configuration.xml.BranchStepJobParserTests" time="0.063"/>
  <system-out><![CDATA[10:01:54,284  INFO Test worker support.AbstractContextLoader:252 - Detected default resource location "classpath:org/springframework/batch/core/configuration/xml/BranchStepJobParserTests-context.xml" for test class [org.springframework.batch.core.configuration.xml.BranchStepJobParserTests]
10:01:54,285  INFO Test worker support.AbstractDelegatingSmartContextLoader:176 - GenericXmlContextLoader detected default locations for context configuration [ContextConfigurationAttributes@4a921b61 declaringClass = 'org.springframework.batch.core.configuration.xml.BranchStepJobParserTests', classes = '{}', locations = '{classpath:org/springframework/batch/core/configuration/xml/BranchStepJobParserTests-context.xml}', inheritLocations = true, initializers = '{}', inheritInitializers = true, name = [null], contextLoaderClass = 'org.springframework.test.context.ContextLoader'].
10:01:54,285  INFO Test worker support.AnnotationConfigContextLoaderUtils:81 - Could not detect default configuration classes for test class [org.springframework.batch.core.configuration.xml.BranchStepJobParserTests]: BranchStepJobParserTests does not declare any static, non-private, non-final, nested classes annotated with @Configuration.
10:01:54,288  INFO Test worker support.DefaultTestContextBootstrapper:260 - Loaded default TestExecutionListener class names from location [META-INF/spring.factories]: [org.springframework.test.context.web.ServletTestExecutionListener, org.springframework.test.context.support.DirtiesContextBeforeModesTestExecutionListener, org.springframework.test.context.support.DependencyInjectionTestExecutionListener, org.springframework.test.context.support.DirtiesContextTestExecutionListener, org.springframework.test.context.transaction.TransactionalTestExecutionListener, org.springframework.test.context.jdbc.SqlScriptsTestExecutionListener]
10:01:54,290  INFO Test worker support.DefaultTestContextBootstrapper:209 - Could not instantiate TestExecutionListener [org.springframework.test.context.web.ServletTestExecutionListener]. Specify custom listener classes or make the default listener classes (and their required dependencies) available. Offending class: [javax/servlet/ServletContext]
10:01:54,291  INFO Test worker support.DefaultTestContextBootstrapper:187 - Using TestExecutionListeners: [org.springframework.test.context.support.DirtiesContextBeforeModesTestExecutionListener@2ba66852, org.springframework.test.context.support.DependencyInjectionTestExecutionListener@1691181e, org.springframework.test.context.support.DirtiesContextTestExecutionListener@77e62da9, org.springframework.test.context.transaction.TransactionalTestExecutionListener@3ac279b7, org.springframework.test.context.jdbc.SqlScriptsTestExecutionListener@22be7245]
10:01:54,295  INFO Test worker xml.XmlBeanDefinitionReader:317 - Loading XML bean definitions from class path resource [org/springframework/batch/core/configuration/xml/BranchStepJobParserTests-context.xml]
10:01:54,317  INFO Test worker xml.XmlBeanDefinitionReader:317 - Loading XML bean definitions from class path resource [org/springframework/batch/core/configuration/xml/common-context.xml]
10:01:54,331  INFO Test worker support.GenericApplicationContext:581 - Refreshing org.springframework.context.support.GenericApplicationContext@3c71cfe4: startup date [Thu Mar 23 10:01:54 CDT 2017]; root of context hierarchy
10:01:54,360  INFO Test worker annotation.AutowiredAnnotationBeanPostProcessor:151 - JSR-330 'javax.inject.Inject' annotation found and supported for autowiring
10:01:54,534  INFO Test worker job.SimpleStepHandler:146 - Executing step: [s1]
10:01:54,559  INFO Test worker job.SimpleStepHandler:146 - Executing step: [s3]
]]></system-out>
  <system-err><![CDATA[]]></system-err>
</testsuite>
