<?xml version="1.0" encoding="UTF-8"?>
<testsuite name="org.springframework.batch.core.launch.SimpleJobLauncherTests" tests="14" skipped="0" failures="0" errors="0" timestamp="2017-03-23T15:02:32" hostname="Michaels-MacBook-Pro-3.local" time="0.038">
  <properties/>
  <testcase name="testRunStepStatusUnknown" classname="org.springframework.batch.core.launch.SimpleJobLauncherTests" time="0.017"/>
  <testcase name="testRun" classname="org.springframework.batch.core.launch.SimpleJobLauncherTests" time="0.001"/>
  <testcase name="testRunRestartableJobInstanceTwice" classname="org.springframework.batch.core.launch.SimpleJobLauncherTests" time="0.002"/>
  <testcase name="testRunStepStatusStarting" classname="org.springframework.batch.core.launch.SimpleJobLauncherTests" time="0.002"/>
  <testcase name="testRunStepStatusStopping" classname="org.springframework.batch.core.launch.SimpleJobLauncherTests" time="0.002"/>
  <testcase name="testTaskExecutorRejects" classname="org.springframework.batch.core.launch.SimpleJobLauncherTests" time="0.003"/>
  <testcase name="testRunNonRestartableJobInstanceTwice" classname="org.springframework.batch.core.launch.SimpleJobLauncherTests" time="0.001"/>
  <testcase name="testRunWithException" classname="org.springframework.batch.core.launch.SimpleJobLauncherTests" time="0.002"/>
  <testcase name="testRunStepStatusStarted" classname="org.springframework.batch.core.launch.SimpleJobLauncherTests" time="0.002"/>
  <testcase name="testInitialiseWithRepository" classname="org.springframework.batch.core.launch.SimpleJobLauncherTests" time="0.0"/>
  <testcase name="testTaskExecutor" classname="org.springframework.batch.core.launch.SimpleJobLauncherTests" time="0.002"/>
  <testcase name="testInitialiseWithoutRepository" classname="org.springframework.batch.core.launch.SimpleJobLauncherTests" time="0.001"/>
  <testcase name="testRunWithError" classname="org.springframework.batch.core.launch.SimpleJobLauncherTests" time="0.001"/>
  <testcase name="testRunWithValidator" classname="org.springframework.batch.core.launch.SimpleJobLauncherTests" time="0.0"/>
  <system-out><![CDATA[10:02:32,345  INFO Test worker support.SimpleJobLauncher:201 - No TaskExecutor has been set, defaulting to synchronous executor.
10:02:32,346  INFO Test worker support.SimpleJobLauncher:139 - Job: [SimpleJobLauncherTests.1: [name=foo]] launched with the following parameters: [{}]
10:02:32,346  INFO Test worker support.SimpleJobLauncher:142 - Job: [SimpleJobLauncherTests.1: [name=foo]] completed with the following parameters: [{}] and the following status: [STARTING]
10:02:32,347  INFO Test worker support.SimpleJobLauncher:201 - No TaskExecutor has been set, defaulting to synchronous executor.
10:02:32,348  INFO Test worker support.SimpleJobLauncher:139 - Job: [SimpleJobLauncherTests.2: [name=foo]] launched with the following parameters: [{}]
10:02:32,348  INFO Test worker support.SimpleJobLauncher:142 - Job: [SimpleJobLauncherTests.2: [name=foo]] completed with the following parameters: [{}] and the following status: [STARTING]
10:02:32,348  INFO Test worker support.SimpleJobLauncher:139 - Job: [SimpleJobLauncherTests.2: [name=foo]] launched with the following parameters: [{}]
10:02:32,349  INFO Test worker support.SimpleJobLauncher:142 - Job: [SimpleJobLauncherTests.2: [name=foo]] completed with the following parameters: [{}] and the following status: [STARTING]
10:02:32,356  INFO Test worker support.SimpleJobLauncher:201 - No TaskExecutor has been set, defaulting to synchronous executor.
10:02:32,357  INFO Test worker support.SimpleJobLauncher:139 - Job: [SimpleJobLauncherTests.3: [name=foo]] launched with the following parameters: [{}]
10:02:32,357  INFO Test worker support.SimpleJobLauncher:142 - Job: [SimpleJobLauncherTests.3: [name=foo]] completed with the following parameters: [{}] and the following status: [STARTING]
10:02:32,358  INFO Test worker support.SimpleJobLauncher:201 - No TaskExecutor has been set, defaulting to synchronous executor.
10:02:32,358  INFO Test worker support.SimpleJobLauncher:139 - Job: [SimpleJobLauncherTests.6: [name=null]] launched with the following parameters: [{}]
10:02:32,359  INFO Test worker support.SimpleJobLauncher:146 - Job: [SimpleJobLauncherTests.6: [name=null]] failed unexpectedly and fatally with the following parameters: [{}]
java.lang.RuntimeException: foo
	at org.springframework.batch.core.launch.SimpleJobLauncherTests$6.execute(SimpleJobLauncherTests.java:203)
	at org.springframework.batch.core.launch.support.SimpleJobLauncher$1.run(SimpleJobLauncher.java:141)
	at org.springframework.core.task.SyncTaskExecutor.execute(SyncTaskExecutor.java:50)
	at org.springframework.batch.core.launch.support.SimpleJobLauncher.run(SimpleJobLauncher.java:134)
	at org.springframework.batch.core.launch.SimpleJobLauncherTests.run(SimpleJobLauncherTests.java:261)
	at org.springframework.batch.core.launch.SimpleJobLauncherTests.testRunWithException(SimpleJobLauncherTests.java:207)
	at sun.reflect.NativeMethodAccessorImpl.invoke0(Native Method)
	at sun.reflect.NativeMethodAccessorImpl.invoke(NativeMethodAccessorImpl.java:62)
	at sun.reflect.DelegatingMethodAccessorImpl.invoke(DelegatingMethodAccessorImpl.java:43)
	at java.lang.reflect.Method.invoke(Method.java:483)
	at org.junit.runners.model.FrameworkMethod$1.runReflectiveCall(FrameworkMethod.java:50)
	at org.junit.internal.runners.model.ReflectiveCallable.run(ReflectiveCallable.java:12)
	at org.junit.runners.model.FrameworkMethod.invokeExplosively(FrameworkMethod.java:47)
	at org.junit.internal.runners.statements.InvokeMethod.evaluate(InvokeMethod.java:17)
	at org.junit.internal.runners.statements.RunBefores.evaluate(RunBefores.java:26)
	at org.junit.runners.ParentRunner.runLeaf(ParentRunner.java:325)
	at org.junit.runners.BlockJUnit4ClassRunner.runChild(BlockJUnit4ClassRunner.java:78)
	at org.junit.runners.BlockJUnit4ClassRunner.runChild(BlockJUnit4ClassRunner.java:57)
	at org.junit.runners.ParentRunner$3.run(ParentRunner.java:290)
	at org.junit.runners.ParentRunner$1.schedule(ParentRunner.java:71)
	at org.junit.runners.ParentRunner.runChildren(ParentRunner.java:288)
	at org.junit.runners.ParentRunner.access$000(ParentRunner.java:58)
	at org.junit.runners.ParentRunner$2.evaluate(ParentRunner.java:268)
	at org.junit.runners.ParentRunner.run(ParentRunner.java:363)
	at org.gradle.api.internal.tasks.testing.junit.JUnitTestClassExecuter.runTestClass(JUnitTestClassExecuter.java:114)
	at org.gradle.api.internal.tasks.testing.junit.JUnitTestClassExecuter.execute(JUnitTestClassExecuter.java:57)
	at org.gradle.api.internal.tasks.testing.junit.JUnitTestClassProcessor.processTestClass(JUnitTestClassProcessor.java:66)
	at org.gradle.api.internal.tasks.testing.SuiteTestClassProcessor.processTestClass(SuiteTestClassProcessor.java:51)
	at sun.reflect.GeneratedMethodAccessor64.invoke(Unknown Source)
	at sun.reflect.DelegatingMethodAccessorImpl.invoke(DelegatingMethodAccessorImpl.java:43)
	at java.lang.reflect.Method.invoke(Method.java:483)
	at org.gradle.internal.dispatch.ReflectionDispatch.dispatch(ReflectionDispatch.java:35)
	at org.gradle.internal.dispatch.ReflectionDispatch.dispatch(ReflectionDispatch.java:24)
	at org.gradle.internal.dispatch.ContextClassLoaderDispatch.dispatch(ContextClassLoaderDispatch.java:32)
	at org.gradle.internal.dispatch.ProxyDispatchAdapter$DispatchingInvocationHandler.invoke(ProxyDispatchAdapter.java:93)
	at com.sun.proxy.$Proxy3.processTestClass(Unknown Source)
	at org.gradle.api.internal.tasks.testing.worker.TestWorker.processTestClass(TestWorker.java:109)
	at sun.reflect.GeneratedMethodAccessor63.invoke(Unknown Source)
	at sun.reflect.DelegatingMethodAccessorImpl.invoke(DelegatingMethodAccessorImpl.java:43)
	at java.lang.reflect.Method.invoke(Method.java:483)
	at org.gradle.internal.dispatch.ReflectionDispatch.dispatch(ReflectionDispatch.java:35)
	at org.gradle.internal.dispatch.ReflectionDispatch.dispatch(ReflectionDispatch.java:24)
	at org.gradle.internal.remote.internal.hub.MessageHubBackedObjectConnection$DispatchWrapper.dispatch(MessageHubBackedObjectConnection.java:147)
	at org.gradle.internal.remote.internal.hub.MessageHubBackedObjectConnection$DispatchWrapper.dispatch(MessageHubBackedObjectConnection.java:129)
	at org.gradle.internal.remote.internal.hub.MessageHub$Handler.run(MessageHub.java:404)
	at org.gradle.internal.concurrent.ExecutorPolicy$CatchAndRecordFailures.onExecute(ExecutorPolicy.java:63)
	at org.gradle.internal.concurrent.StoppableExecutorImpl$1.run(StoppableExecutorImpl.java:46)
	at java.util.concurrent.ThreadPoolExecutor.runWorker(ThreadPoolExecutor.java:1142)
	at java.util.concurrent.ThreadPoolExecutor$Worker.run(ThreadPoolExecutor.java:617)
	at java.lang.Thread.run(Thread.java:745)
10:02:32,361  INFO Test worker support.SimpleJobLauncher:201 - No TaskExecutor has been set, defaulting to synchronous executor.
10:02:32,363  INFO Test worker support.SimpleJobLauncher:139 - Job: [SimpleJobLauncherTests.1: [name=foo]] launched with the following parameters: [{}]
10:02:32,363  INFO Test worker support.SimpleJobLauncher:142 - Job: [SimpleJobLauncherTests.1: [name=foo]] completed with the following parameters: [{}] and the following status: [STARTING]
10:02:32,364  INFO Test worker support.SimpleJobLauncher:201 - No TaskExecutor has been set, defaulting to synchronous executor.
10:02:32,365  INFO Test worker support.SimpleJobLauncher:139 - Job: [SimpleJobLauncherTests.7: [name=null]] launched with the following parameters: [{}]
10:02:32,365  INFO Test worker support.SimpleJobLauncher:146 - Job: [SimpleJobLauncherTests.7: [name=null]] failed unexpectedly and fatally with the following parameters: [{}]
java.lang.Error: foo
	at org.springframework.batch.core.launch.SimpleJobLauncherTests$7.execute(SimpleJobLauncherTests.java:221)
	at org.springframework.batch.core.launch.support.SimpleJobLauncher$1.run(SimpleJobLauncher.java:141)
	at org.springframework.core.task.SyncTaskExecutor.execute(SyncTaskExecutor.java:50)
	at org.springframework.batch.core.launch.support.SimpleJobLauncher.run(SimpleJobLauncher.java:134)
	at org.springframework.batch.core.launch.SimpleJobLauncherTests.run(SimpleJobLauncherTests.java:261)
	at org.springframework.batch.core.launch.SimpleJobLauncherTests.testRunWithError(SimpleJobLauncherTests.java:225)
	at sun.reflect.NativeMethodAccessorImpl.invoke0(Native Method)
	at sun.reflect.NativeMethodAccessorImpl.invoke(NativeMethodAccessorImpl.java:62)
	at sun.reflect.DelegatingMethodAccessorImpl.invoke(DelegatingMethodAccessorImpl.java:43)
	at java.lang.reflect.Method.invoke(Method.java:483)
	at org.junit.runners.model.FrameworkMethod$1.runReflectiveCall(FrameworkMethod.java:50)
	at org.junit.internal.runners.model.ReflectiveCallable.run(ReflectiveCallable.java:12)
	at org.junit.runners.model.FrameworkMethod.invokeExplosively(FrameworkMethod.java:47)
	at org.junit.internal.runners.statements.InvokeMethod.evaluate(InvokeMethod.java:17)
	at org.junit.internal.runners.statements.RunBefores.evaluate(RunBefores.java:26)
	at org.junit.runners.ParentRunner.runLeaf(ParentRunner.java:325)
	at org.junit.runners.BlockJUnit4ClassRunner.runChild(BlockJUnit4ClassRunner.java:78)
	at org.junit.runners.BlockJUnit4ClassRunner.runChild(BlockJUnit4ClassRunner.java:57)
	at org.junit.runners.ParentRunner$3.run(ParentRunner.java:290)
	at org.junit.runners.ParentRunner$1.schedule(ParentRunner.java:71)
	at org.junit.runners.ParentRunner.runChildren(ParentRunner.java:288)
	at org.junit.runners.ParentRunner.access$000(ParentRunner.java:58)
	at org.junit.runners.ParentRunner$2.evaluate(ParentRunner.java:268)
	at org.junit.runners.ParentRunner.run(ParentRunner.java:363)
	at org.gradle.api.internal.tasks.testing.junit.JUnitTestClassExecuter.runTestClass(JUnitTestClassExecuter.java:114)
	at org.gradle.api.internal.tasks.testing.junit.JUnitTestClassExecuter.execute(JUnitTestClassExecuter.java:57)
	at org.gradle.api.internal.tasks.testing.junit.JUnitTestClassProcessor.processTestClass(JUnitTestClassProcessor.java:66)
	at org.gradle.api.internal.tasks.testing.SuiteTestClassProcessor.processTestClass(SuiteTestClassProcessor.java:51)
	at sun.reflect.GeneratedMethodAccessor64.invoke(Unknown Source)
	at sun.reflect.DelegatingMethodAccessorImpl.invoke(DelegatingMethodAccessorImpl.java:43)
	at java.lang.reflect.Method.invoke(Method.java:483)
	at org.gradle.internal.dispatch.ReflectionDispatch.dispatch(ReflectionDispatch.java:35)
	at org.gradle.internal.dispatch.ReflectionDispatch.dispatch(ReflectionDispatch.java:24)
	at org.gradle.internal.dispatch.ContextClassLoaderDispatch.dispatch(ContextClassLoaderDispatch.java:32)
	at org.gradle.internal.dispatch.ProxyDispatchAdapter$DispatchingInvocationHandler.invoke(ProxyDispatchAdapter.java:93)
	at com.sun.proxy.$Proxy3.processTestClass(Unknown Source)
	at org.gradle.api.internal.tasks.testing.worker.TestWorker.processTestClass(TestWorker.java:109)
	at sun.reflect.GeneratedMethodAccessor63.invoke(Unknown Source)
	at sun.reflect.DelegatingMethodAccessorImpl.invoke(DelegatingMethodAccessorImpl.java:43)
	at java.lang.reflect.Method.invoke(Method.java:483)
	at org.gradle.internal.dispatch.ReflectionDispatch.dispatch(ReflectionDispatch.java:35)
	at org.gradle.internal.dispatch.ReflectionDispatch.dispatch(ReflectionDispatch.java:24)
	at org.gradle.internal.remote.internal.hub.MessageHubBackedObjectConnection$DispatchWrapper.dispatch(MessageHubBackedObjectConnection.java:147)
	at org.gradle.internal.remote.internal.hub.MessageHubBackedObjectConnection$DispatchWrapper.dispatch(MessageHubBackedObjectConnection.java:129)
	at org.gradle.internal.remote.internal.hub.MessageHub$Handler.run(MessageHub.java:404)
	at org.gradle.internal.concurrent.ExecutorPolicy$CatchAndRecordFailures.onExecute(ExecutorPolicy.java:63)
	at org.gradle.internal.concurrent.StoppableExecutorImpl$1.run(StoppableExecutorImpl.java:46)
	at java.util.concurrent.ThreadPoolExecutor.runWorker(ThreadPoolExecutor.java:1142)
	at java.util.concurrent.ThreadPoolExecutor$Worker.run(ThreadPoolExecutor.java:617)
	at java.lang.Thread.run(Thread.java:745)
10:02:32,366  INFO Test worker support.SimpleJobLauncher:201 - No TaskExecutor has been set, defaulting to synchronous executor.
]]></system-out>
  <system-err><![CDATA[]]></system-err>
</testsuite>
