<?xml version="1.0" encoding="UTF-8"?>
<testsuite name="org.springframework.batch.core.explore.support.JobExplorerFactoryBeanTests" tests="4" skipped="0" failures="0" errors="0" timestamp="2017-03-23T15:02:09" hostname="Michaels-MacBook-Pro-3.local" time="1.081">
  <properties/>
  <testcase name="testCustomJdbcOperations" classname="org.springframework.batch.core.explore.support.JobExplorerFactoryBeanTests" time="1.079"/>
  <testcase name="testDefaultJdbcOperations" classname="org.springframework.batch.core.explore.support.JobExplorerFactoryBeanTests" time="0.001"/>
  <testcase name="testMissingDataSource" classname="org.springframework.batch.core.explore.support.JobExplorerFactoryBeanTests" time="0.001"/>
  <testcase name="testCreateExplorer" classname="org.springframework.batch.core.explore.support.JobExplorerFactoryBeanTests" time="0.0"/>
  <system-out><![CDATA[]]></system-out>
  <system-err><![CDATA[]]></system-err>
</testsuite>
