<?xml version="1.0" encoding="UTF-8"?>
<testsuite name="org.springframework.batch.core.configuration.xml.TaskletParserAdapterTests" tests="2" skipped="0" failures="0" errors="0" timestamp="2017-03-23T15:02:09" hostname="Michaels-MacBook-Pro-3.local" time="0.016">
  <properties/>
  <testcase name="testTaskletRef" classname="org.springframework.batch.core.configuration.xml.TaskletParserAdapterTests" time="0.008"/>
  <testcase name="testTaskletInline" classname="org.springframework.batch.core.configuration.xml.TaskletParserAdapterTests" time="0.007"/>
  <system-out><![CDATA[10:02:09,242  INFO Test worker support.AbstractContextLoader:252 - Detected default resource location "classpath:org/springframework/batch/core/configuration/xml/TaskletParserAdapterTests-context.xml" for test class [org.springframework.batch.core.configuration.xml.TaskletParserAdapterTests]
10:02:09,243  INFO Test worker support.AbstractDelegatingSmartContextLoader:176 - GenericXmlContextLoader detected default locations for context configuration [ContextConfigurationAttributes@1adbd66a declaringClass = 'org.springframework.batch.core.configuration.xml.TaskletParserAdapterTests', classes = '{}', locations = '{classpath:org/springframework/batch/core/configuration/xml/TaskletParserAdapterTests-context.xml}', inheritLocations = true, initializers = '{}', inheritInitializers = true, name = [null], contextLoaderClass = 'org.springframework.test.context.ContextLoader'].
10:02:09,243  INFO Test worker support.AnnotationConfigContextLoaderUtils:81 - Could not detect default configuration classes for test class [org.springframework.batch.core.configuration.xml.TaskletParserAdapterTests]: TaskletParserAdapterTests does not declare any static, non-private, non-final, nested classes annotated with @Configuration.
10:02:09,244  INFO Test worker support.DefaultTestContextBootstrapper:260 - Loaded default TestExecutionListener class names from location [META-INF/spring.factories]: [org.springframework.test.context.web.ServletTestExecutionListener, org.springframework.test.context.support.DirtiesContextBeforeModesTestExecutionListener, org.springframework.test.context.support.DependencyInjectionTestExecutionListener, org.springframework.test.context.support.DirtiesContextTestExecutionListener, org.springframework.test.context.transaction.TransactionalTestExecutionListener, org.springframework.test.context.jdbc.SqlScriptsTestExecutionListener]
10:02:09,245  INFO Test worker support.DefaultTestContextBootstrapper:209 - Could not instantiate TestExecutionListener [org.springframework.test.context.web.ServletTestExecutionListener]. Specify custom listener classes or make the default listener classes (and their required dependencies) available. Offending class: [javax/servlet/ServletContext]
10:02:09,246  INFO Test worker support.DefaultTestContextBootstrapper:187 - Using TestExecutionListeners: [org.springframework.test.context.support.DirtiesContextBeforeModesTestExecutionListener@7907cc60, org.springframework.test.context.support.DependencyInjectionTestExecutionListener@28ffeec5, org.springframework.test.context.support.DirtiesContextTestExecutionListener@65cda1d9, org.springframework.test.context.transaction.TransactionalTestExecutionListener@65097988, org.springframework.test.context.jdbc.SqlScriptsTestExecutionListener@22aacd85]
10:02:09,246  INFO Test worker xml.XmlBeanDefinitionReader:317 - Loading XML bean definitions from class path resource [org/springframework/batch/core/configuration/xml/TaskletParserAdapterTests-context.xml]
10:02:09,259  INFO Test worker support.GenericApplicationContext:581 - Refreshing org.springframework.context.support.GenericApplicationContext@75f486d3: startup date [Thu Mar 23 10:02:09 CDT 2017]; root of context hierarchy
10:02:09,272  INFO Test worker annotation.AutowiredAnnotationBeanPostProcessor:151 - JSR-330 'javax.inject.Inject' annotation found and supported for autowiring
10:02:09,324  INFO Test worker support.GenericApplicationContext:985 - Closing org.springframework.context.support.GenericApplicationContext@6d74fc68: startup date [Thu Mar 23 10:01:59 CDT 2017]; root of context hierarchy
10:02:09,331  INFO Test worker job.SimpleStepHandler:146 - Executing step: [step1]
10:02:09,340  INFO Test worker job.SimpleStepHandler:146 - Executing step: [step2]
]]></system-out>
  <system-err><![CDATA[]]></system-err>
</testsuite>
