<?xml version="1.0" encoding="UTF-8"?>
<testsuite name="org.springframework.batch.core.configuration.xml.StepListenerMethodAttributeParserTests" tests="1" skipped="0" failures="0" errors="0" timestamp="2017-03-23T15:02:03" hostname="Michaels-MacBook-Pro-3.local" time="0.0">
  <properties/>
  <testcase name="testInheritListeners" classname="org.springframework.batch.core.configuration.xml.StepListenerMethodAttributeParserTests" time="0.0"/>
  <system-out><![CDATA[10:02:03,489  INFO Test worker support.AbstractContextLoader:252 - Detected default resource location "classpath:org/springframework/batch/core/configuration/xml/StepListenerMethodAttributeParserTests-context.xml" for test class [org.springframework.batch.core.configuration.xml.StepListenerMethodAttributeParserTests]
10:02:03,489  INFO Test worker support.AbstractDelegatingSmartContextLoader:176 - GenericXmlContextLoader detected default locations for context configuration [ContextConfigurationAttributes@7be80f8b declaringClass = 'org.springframework.batch.core.configuration.xml.StepListenerMethodAttributeParserTests', classes = '{}', locations = '{classpath:org/springframework/batch/core/configuration/xml/StepListenerMethodAttributeParserTests-context.xml}', inheritLocations = true, initializers = '{}', inheritInitializers = true, name = [null], contextLoaderClass = 'org.springframework.test.context.ContextLoader'].
10:02:03,490  INFO Test worker support.AnnotationConfigContextLoaderUtils:81 - Could not detect default configuration classes for test class [org.springframework.batch.core.configuration.xml.StepListenerMethodAttributeParserTests]: StepListenerMethodAttributeParserTests does not declare any static, non-private, non-final, nested classes annotated with @Configuration.
10:02:03,491  INFO Test worker support.DefaultTestContextBootstrapper:260 - Loaded default TestExecutionListener class names from location [META-INF/spring.factories]: [org.springframework.test.context.web.ServletTestExecutionListener, org.springframework.test.context.support.DirtiesContextBeforeModesTestExecutionListener, org.springframework.test.context.support.DependencyInjectionTestExecutionListener, org.springframework.test.context.support.DirtiesContextTestExecutionListener, org.springframework.test.context.transaction.TransactionalTestExecutionListener, org.springframework.test.context.jdbc.SqlScriptsTestExecutionListener]
10:02:03,492  INFO Test worker support.DefaultTestContextBootstrapper:209 - Could not instantiate TestExecutionListener [org.springframework.test.context.web.ServletTestExecutionListener]. Specify custom listener classes or make the default listener classes (and their required dependencies) available. Offending class: [javax/servlet/ServletContext]
10:02:03,493  INFO Test worker support.DefaultTestContextBootstrapper:187 - Using TestExecutionListeners: [org.springframework.test.context.support.DirtiesContextBeforeModesTestExecutionListener@6979ab68, org.springframework.test.context.support.DependencyInjectionTestExecutionListener@19ddc26f, org.springframework.test.context.support.DirtiesContextTestExecutionListener@c6fd8fc, org.springframework.test.context.transaction.TransactionalTestExecutionListener@2c297f0b, org.springframework.test.context.jdbc.SqlScriptsTestExecutionListener@8afa30d]
10:02:03,494  INFO Test worker xml.XmlBeanDefinitionReader:317 - Loading XML bean definitions from class path resource [org/springframework/batch/core/configuration/xml/StepListenerMethodAttributeParserTests-context.xml]
10:02:03,504  INFO Test worker xml.XmlBeanDefinitionReader:317 - Loading XML bean definitions from class path resource [org/springframework/batch/core/configuration/xml/common-context.xml]
10:02:03,514  INFO Test worker support.GenericApplicationContext:581 - Refreshing org.springframework.context.support.GenericApplicationContext@7f96d6cd: startup date [Thu Mar 23 10:02:03 CDT 2017]; root of context hierarchy
10:02:03,527  INFO Test worker annotation.AutowiredAnnotationBeanPostProcessor:151 - JSR-330 'javax.inject.Inject' annotation found and supported for autowiring
10:02:03,585  INFO Test worker support.GenericApplicationContext:985 - Closing org.springframework.context.support.GenericApplicationContext@5271c268: startup date [Thu Mar 23 10:01:56 CDT 2017]; root of context hierarchy
]]></system-out>
  <system-err><![CDATA[]]></system-err>
</testsuite>
