<?xml version="1.0" encoding="UTF-8"?>
<testsuite name="org.springframework.batch.core.jsr.JsrStepContextTests" tests="7" skipped="0" failures="0" errors="0" timestamp="2017-03-23T15:02:20" hostname="Michaels-MacBook-Pro-3.local" time="0.002">
  <properties/>
  <testcase name="testGetExceptionException" classname="org.springframework.batch.core.jsr.JsrStepContextTests" time="0.0"/>
  <testcase name="testSetExitStatus" classname="org.springframework.batch.core.jsr.JsrStepContextTests" time="0.0"/>
  <testcase name="testGetExceptionThrowable" classname="org.springframework.batch.core.jsr.JsrStepContextTests" time="0.0"/>
  <testcase name="testBasicProperties" classname="org.springframework.batch.core.jsr.JsrStepContextTests" time="0.001"/>
  <testcase name="testGetExceptionMultiple" classname="org.springframework.batch.core.jsr.JsrStepContextTests" time="0.0"/>
  <testcase name="testPersistentUserData" classname="org.springframework.batch.core.jsr.JsrStepContextTests" time="0.0"/>
  <testcase name="testGetExceptionEmpty" classname="org.springframework.batch.core.jsr.JsrStepContextTests" time="0.0"/>
  <system-out><![CDATA[]]></system-out>
  <system-err><![CDATA[]]></system-err>
</testsuite>
