<?xml version="1.0" encoding="UTF-8"?>
<testsuite name="org.springframework.batch.core.partition.support.MultiResourcePartitionerTests" tests="4" skipped="0" failures="0" errors="0" timestamp="2017-03-23T15:02:34" hostname="Michaels-MacBook-Pro-3.local" time="0.002">
  <properties/>
  <testcase name="testReadFile" classname="org.springframework.batch.core.partition.support.MultiResourcePartitionerTests" time="0.001"/>
  <testcase name="testMissingResource" classname="org.springframework.batch.core.partition.support.MultiResourcePartitionerTests" time="0.0"/>
  <testcase name="testSetKeyName" classname="org.springframework.batch.core.partition.support.MultiResourcePartitionerTests" time="0.0"/>
  <testcase name="testPartitionSizeAndKey" classname="org.springframework.batch.core.partition.support.MultiResourcePartitionerTests" time="0.001"/>
  <system-out><![CDATA[]]></system-out>
  <system-err><![CDATA[]]></system-err>
</testsuite>
