<?xml version="1.0" encoding="UTF-8"?>
<testsuite name="org.springframework.batch.core.repository.dao.TablePrefixTests" tests="1" skipped="0" failures="0" errors="0" timestamp="2017-03-23T15:02:39" hostname="Michaels-MacBook-Pro-3.local" time="0.015">
  <properties/>
  <testcase name="testJobLaunch" classname="org.springframework.batch.core.repository.dao.TablePrefixTests" time="0.015"/>
  <system-out><![CDATA[10:02:39,750  INFO SimpleAsyncTaskExecutor-2 support.SimpleJobLauncher:142 - Job: [FlowJob: [name=locking]] completed with the following parameters: [{test=1}] and the following status: [COMPLETED]
10:02:39,752  INFO Test worker support.AbstractContextLoader:252 - Detected default resource location "classpath:org/springframework/batch/core/repository/dao/TablePrefixTests-context.xml" for test class [org.springframework.batch.core.repository.dao.TablePrefixTests]
10:02:39,752  INFO Test worker support.AbstractDelegatingSmartContextLoader:176 - GenericXmlContextLoader detected default locations for context configuration [ContextConfigurationAttributes@2d7738bd declaringClass = 'org.springframework.batch.core.repository.dao.TablePrefixTests', classes = '{}', locations = '{classpath:org/springframework/batch/core/repository/dao/TablePrefixTests-context.xml}', inheritLocations = true, initializers = '{}', inheritInitializers = true, name = [null], contextLoaderClass = 'org.springframework.test.context.ContextLoader'].
10:02:39,753  INFO Test worker support.AnnotationConfigContextLoaderUtils:81 - Could not detect default configuration classes for test class [org.springframework.batch.core.repository.dao.TablePrefixTests]: TablePrefixTests does not declare any static, non-private, non-final, nested classes annotated with @Configuration.
10:02:39,754  INFO Test worker support.DefaultTestContextBootstrapper:260 - Loaded default TestExecutionListener class names from location [META-INF/spring.factories]: [org.springframework.test.context.web.ServletTestExecutionListener, org.springframework.test.context.support.DirtiesContextBeforeModesTestExecutionListener, org.springframework.test.context.support.DependencyInjectionTestExecutionListener, org.springframework.test.context.support.DirtiesContextTestExecutionListener, org.springframework.test.context.transaction.TransactionalTestExecutionListener, org.springframework.test.context.jdbc.SqlScriptsTestExecutionListener]
10:02:39,755  INFO Test worker support.DefaultTestContextBootstrapper:209 - Could not instantiate TestExecutionListener [org.springframework.test.context.web.ServletTestExecutionListener]. Specify custom listener classes or make the default listener classes (and their required dependencies) available. Offending class: [javax/servlet/ServletContext]
10:02:39,755  INFO Test worker support.DefaultTestContextBootstrapper:187 - Using TestExecutionListeners: [org.springframework.test.context.support.DirtiesContextBeforeModesTestExecutionListener@34395723, org.springframework.test.context.support.DependencyInjectionTestExecutionListener@668e9566, org.springframework.test.context.support.DirtiesContextTestExecutionListener@36ca558f, org.springframework.test.context.transaction.TransactionalTestExecutionListener@7c81fc67, org.springframework.test.context.jdbc.SqlScriptsTestExecutionListener@2ff3c9b]
10:02:39,755  INFO Test worker xml.XmlBeanDefinitionReader:317 - Loading XML bean definitions from class path resource [org/springframework/batch/core/repository/dao/TablePrefixTests-context.xml]
10:02:39,762  INFO Test worker support.GenericApplicationContext:581 - Refreshing org.springframework.context.support.GenericApplicationContext@10c8ac07: startup date [Thu Mar 23 10:02:39 CDT 2017]; root of context hierarchy
10:02:39,765  INFO Test worker annotation.AutowiredAnnotationBeanPostProcessor:151 - JSR-330 'javax.inject.Inject' annotation found and supported for autowiring
10:02:39,783  INFO Test worker support.JobRepositoryFactoryBean:184 - No database type set, using meta data indicating: HSQL
10:02:39,790  INFO Test worker support.SimpleJobLauncher:201 - No TaskExecutor has been set, defaulting to synchronous executor.
10:02:39,800  INFO Test worker support.GenericApplicationContext:985 - Closing org.springframework.context.support.GenericApplicationContext@7dbc2af9: startup date [Thu Mar 23 10:02:03 CDT 2017]; root of context hierarchy
10:02:39,805  INFO Test worker support.SimpleJobLauncher:139 - Job: [SimpleJob: [name=job]] launched with the following parameters: [{}]
10:02:39,809  INFO Test worker job.SimpleStepHandler:146 - Executing step: [step]
10:02:39,816  INFO Test worker support.SimpleJobLauncher:142 - Job: [SimpleJob: [name=job]] completed with the following parameters: [{}] and the following status: [COMPLETED]
]]></system-out>
  <system-err><![CDATA[]]></system-err>
</testsuite>
