<?xml version="1.0" encoding="UTF-8"?>
<testsuite name="org.springframework.batch.core.scope.StepScopeDestructionCallbackIntegrationTests" tests="5" skipped="0" failures="0" errors="0" timestamp="2017-03-23T15:02:44" hostname="Michaels-MacBook-Pro-3.local" time="0.011">
  <properties/>
  <testcase name="testDisposableScopedProxy" classname="org.springframework.batch.core.scope.StepScopeDestructionCallbackIntegrationTests" time="0.003"/>
  <testcase name="testDisposableInnerScopedProxy" classname="org.springframework.batch.core.scope.StepScopeDestructionCallbackIntegrationTests" time="0.003"/>
  <testcase name="testProxiedScopedProxy" classname="org.springframework.batch.core.scope.StepScopeDestructionCallbackIntegrationTests" time="0.001"/>
  <testcase name="testProxiedNormalBean" classname="org.springframework.batch.core.scope.StepScopeDestructionCallbackIntegrationTests" time="0.0"/>
  <testcase name="testRefScopedProxy" classname="org.springframework.batch.core.scope.StepScopeDestructionCallbackIntegrationTests" time="0.002"/>
  <system-out><![CDATA[10:02:44,005  INFO Test worker support.AbstractContextLoader:252 - Detected default resource location "classpath:org/springframework/batch/core/scope/StepScopeDestructionCallbackIntegrationTests-context.xml" for test class [org.springframework.batch.core.scope.StepScopeDestructionCallbackIntegrationTests]
10:02:44,006  INFO Test worker support.AbstractDelegatingSmartContextLoader:176 - GenericXmlContextLoader detected default locations for context configuration [ContextConfigurationAttributes@585ee0ac declaringClass = 'org.springframework.batch.core.scope.StepScopeDestructionCallbackIntegrationTests', classes = '{}', locations = '{classpath:org/springframework/batch/core/scope/StepScopeDestructionCallbackIntegrationTests-context.xml}', inheritLocations = true, initializers = '{}', inheritInitializers = true, name = [null], contextLoaderClass = 'org.springframework.test.context.ContextLoader'].
10:02:44,006  INFO Test worker support.AnnotationConfigContextLoaderUtils:81 - Could not detect default configuration classes for test class [org.springframework.batch.core.scope.StepScopeDestructionCallbackIntegrationTests]: StepScopeDestructionCallbackIntegrationTests does not declare any static, non-private, non-final, nested classes annotated with @Configuration.
10:02:44,007  INFO Test worker support.DefaultTestContextBootstrapper:260 - Loaded default TestExecutionListener class names from location [META-INF/spring.factories]: [org.springframework.test.context.web.ServletTestExecutionListener, org.springframework.test.context.support.DirtiesContextBeforeModesTestExecutionListener, org.springframework.test.context.support.DependencyInjectionTestExecutionListener, org.springframework.test.context.support.DirtiesContextTestExecutionListener, org.springframework.test.context.transaction.TransactionalTestExecutionListener, org.springframework.test.context.jdbc.SqlScriptsTestExecutionListener]
10:02:44,007  INFO Test worker support.DefaultTestContextBootstrapper:209 - Could not instantiate TestExecutionListener [org.springframework.test.context.web.ServletTestExecutionListener]. Specify custom listener classes or make the default listener classes (and their required dependencies) available. Offending class: [javax/servlet/ServletContext]
10:02:44,008  INFO Test worker support.DefaultTestContextBootstrapper:187 - Using TestExecutionListeners: [org.springframework.test.context.support.DirtiesContextBeforeModesTestExecutionListener@1fa5312d, org.springframework.test.context.support.DependencyInjectionTestExecutionListener@2f9fe30a, org.springframework.test.context.support.DirtiesContextTestExecutionListener@612f2441, org.springframework.test.context.transaction.TransactionalTestExecutionListener@4b61adf2, org.springframework.test.context.jdbc.SqlScriptsTestExecutionListener@7dfbd1ea]
10:02:44,008  INFO Test worker xml.XmlBeanDefinitionReader:317 - Loading XML bean definitions from class path resource [org/springframework/batch/core/scope/StepScopeDestructionCallbackIntegrationTests-context.xml]
10:02:44,019  INFO Test worker support.GenericApplicationContext:581 - Refreshing org.springframework.context.support.GenericApplicationContext@2d2cfaec: startup date [Thu Mar 23 10:02:44 CDT 2017]; root of context hierarchy
10:02:44,023  INFO Test worker support.DefaultListableBeanFactory:818 - Overriding bean definition for bean 'bar' with a different definition: replacing [Generic bean: class [org.springframework.batch.core.scope.TestDisposableCollaborator]; scope=step; abstract=false; lazyInit=false; autowireMode=0; dependencyCheck=0; autowireCandidate=false; primary=false; factoryBeanName=null; factoryMethodName=null; initMethodName=null; destroyMethodName=null; defined in class path resource [org/springframework/batch/core/scope/StepScopeDestructionCallbackIntegrationTests-context.xml]] with [Root bean: class [org.springframework.aop.scope.ScopedProxyFactoryBean]; scope=; abstract=false; lazyInit=false; autowireMode=0; dependencyCheck=0; autowireCandidate=true; primary=false; factoryBeanName=null; factoryMethodName=null; initMethodName=null; destroyMethodName=null; defined in BeanDefinition defined in class path resource [org/springframework/batch/core/scope/StepScopeDestructionCallbackIntegrationTests-context.xml]]
10:02:44,024  INFO Test worker annotation.AutowiredAnnotationBeanPostProcessor:151 - JSR-330 'javax.inject.Inject' annotation found and supported for autowiring
10:02:44,066  INFO Test worker support.GenericApplicationContext:985 - Closing org.springframework.context.support.GenericApplicationContext@279ccf2b: startup date [Thu Mar 23 10:02:08 CDT 2017]; root of context hierarchy
]]></system-out>
  <system-err><![CDATA[]]></system-err>
</testsuite>
