<?xml version="1.0" encoding="UTF-8"?>
<testsuite name="org.springframework.batch.core.configuration.support.JobRegistryBeanPostProcessorTests" tests="8" skipped="0" failures="0" errors="0" timestamp="2017-03-23T15:01:53" hostname="Michaels-MacBook-Pro-3.local" time="0.035">
  <properties/>
  <testcase name="testAfterInitializationWithWrongType" classname="org.springframework.batch.core.configuration.support.JobRegistryBeanPostProcessorTests" time="0.0"/>
  <testcase name="testBeforeInitialization" classname="org.springframework.batch.core.configuration.support.JobRegistryBeanPostProcessorTests" time="0.0"/>
  <testcase name="testExecutionWithApplicationContext" classname="org.springframework.batch.core.configuration.support.JobRegistryBeanPostProcessorTests" time="0.033"/>
  <testcase name="testInitializationFails" classname="org.springframework.batch.core.configuration.support.JobRegistryBeanPostProcessorTests" time="0.0"/>
  <testcase name="testAfterInitializationWithCorrectType" classname="org.springframework.batch.core.configuration.support.JobRegistryBeanPostProcessorTests" time="0.001"/>
  <testcase name="testAfterInitializationWithDuplicate" classname="org.springframework.batch.core.configuration.support.JobRegistryBeanPostProcessorTests" time="0.0"/>
  <testcase name="testUnregisterOnDestroy" classname="org.springframework.batch.core.configuration.support.JobRegistryBeanPostProcessorTests" time="0.0"/>
  <testcase name="testAfterInitializationWithGroupName" classname="org.springframework.batch.core.configuration.support.JobRegistryBeanPostProcessorTests" time="0.0"/>
  <system-out><![CDATA[10:01:53,585  INFO Test worker support.ClassPathXmlApplicationContext:581 - Refreshing org.springframework.context.support.ClassPathXmlApplicationContext@13b1e7a8: startup date [Thu Mar 23 10:01:53 CDT 2017]; root of context hierarchy
10:01:53,585  INFO Test worker xml.XmlBeanDefinitionReader:317 - Loading XML bean definitions from class path resource [org/springframework/batch/core/configuration/support/test-context.xml]
10:01:53,603  INFO Test worker support.PostProcessorRegistrationDelegate$BeanPostProcessorChecker:325 - Bean 'registry' of type [class org.springframework.batch.core.configuration.support.MapJobRegistry] is not eligible for getting processed by all BeanPostProcessors (for example: not eligible for auto-proxying)
10:01:53,612  INFO Test worker builder.SimpleStepBuilder:369 - Setting commit interval to default value (1)
]]></system-out>
  <system-err><![CDATA[]]></system-err>
</testsuite>
