<?xml version="1.0" encoding="UTF-8"?>
<testsuite name="org.springframework.batch.core.jsr.configuration.xml.JsrXmlApplicationContextTests" tests="2" skipped="0" failures="0" errors="0" timestamp="2017-03-23T15:02:15" hostname="Michaels-MacBook-Pro-3.local" time="0.001">
  <properties/>
  <testcase name="testWithProperties" classname="org.springframework.batch.core.jsr.configuration.xml.JsrXmlApplicationContextTests" time="0.0"/>
  <testcase name="testNullProperties" classname="org.springframework.batch.core.jsr.configuration.xml.JsrXmlApplicationContextTests" time="0.001"/>
  <system-out><![CDATA[]]></system-out>
  <system-err><![CDATA[]]></system-err>
</testsuite>
