<?xml version="1.0" encoding="UTF-8"?>
<testsuite name="org.springframework.batch.core.configuration.annotation.JobLoaderConfigurationTests" tests="2" skipped="0" failures="0" errors="0" timestamp="2017-03-23T15:01:46" hostname="Michaels-MacBook-Pro-3.local" time="1.0">
  <properties/>
  <testcase name="testJobLoaderWithArray" classname="org.springframework.batch.core.configuration.annotation.JobLoaderConfigurationTests" time="0.62"/>
  <testcase name="testJobLoader" classname="org.springframework.batch.core.configuration.annotation.JobLoaderConfigurationTests" time="0.38"/>
  <system-out><![CDATA[10:01:46,122  INFO Test worker annotation.AnnotationConfigApplicationContext:581 - Refreshing org.springframework.context.annotation.AnnotationConfigApplicationContext@4d0f7d9f: startup date [Thu Mar 23 10:01:46 CDT 2017]; root of context hierarchy
10:01:46,188  WARN Test worker annotation.ConfigurationClassEnhancer:350 - @Bean method ScopeConfiguration.stepScope is non-static and returns an object assignable to Spring's BeanFactoryPostProcessor interface. This will result in a failure to process annotations such as @Autowired, @Resource and @PostConstruct within the method's declaring @Configuration class. Add the 'static' modifier to this method to avoid these container lifecycle issues; see @Bean javadoc for complete details.
10:01:46,194  WARN Test worker annotation.ConfigurationClassEnhancer:350 - @Bean method ScopeConfiguration.jobScope is non-static and returns an object assignable to Spring's BeanFactoryPostProcessor interface. This will result in a failure to process annotations such as @Autowired, @Resource and @PostConstruct within the method's declaring @Configuration class. Add the 'static' modifier to this method to avoid these container lifecycle issues; see @Bean javadoc for complete details.
10:01:46,200  INFO Test worker annotation.AutowiredAnnotationBeanPostProcessor:151 - JSR-330 'javax.inject.Inject' annotation found and supported for autowiring
10:01:46,239  INFO Test worker embedded.EmbeddedDatabaseFactory:185 - Starting embedded database: url='jdbc:hsqldb:mem:testdb', username='sa'
10:01:46,285  INFO Test worker init.ScriptUtils:442 - Executing SQL script from class path resource [org/springframework/batch/core/schema-hsqldb.sql]
10:01:46,297  INFO Test worker init.ScriptUtils:508 - Executed SQL script from class path resource [org/springframework/batch/core/schema-hsqldb.sql] in 11 ms.
10:01:46,411  INFO Test worker support.JobRepositoryFactoryBean:184 - No database type set, using meta data indicating: HSQL
10:01:46,423  INFO Test worker support.SimpleJobLauncher:201 - No TaskExecutor has been set, defaulting to synchronous executor.
10:01:46,505  INFO Test worker support.GenericApplicationContextFactory$ResourceAnnotationApplicationContext:581 - Refreshing ResourceAnnotationApplicationContext:org.springframework.batch.core.configuration.annotation.JobLoaderConfigurationTests$TestConfiguration
10:01:46,532  INFO Test worker annotation.AutowiredAnnotationBeanPostProcessor:151 - JSR-330 'javax.inject.Inject' annotation found and supported for autowiring
10:01:46,593  INFO Test worker support.GenericApplicationContextFactory$ResourceAnnotationApplicationContext:581 - Refreshing ResourceAnnotationApplicationContext:org.springframework.batch.core.configuration.annotation.JobLoaderConfigurationTests$VanillaConfiguration
10:01:46,607  INFO Test worker annotation.AutowiredAnnotationBeanPostProcessor:151 - JSR-330 'javax.inject.Inject' annotation found and supported for autowiring
10:01:46,680  INFO Test worker support.SimpleJobLauncher:139 - Job: [SimpleJob: [name=test]] launched with the following parameters: [{run.id=762912668311265280}]
10:01:46,689  INFO Test worker job.SimpleStepHandler:146 - Executing step: [step1]
10:01:46,711  INFO Test worker job.SimpleStepHandler:146 - Executing step: [step2]
10:01:46,725  INFO Test worker support.SimpleJobLauncher:142 - Job: [SimpleJob: [name=test]] completed with the following parameters: [{run.id=762912668311265280}] and the following status: [COMPLETED]
10:01:46,726  INFO Test worker annotation.AnnotationConfigApplicationContext:985 - Closing org.springframework.context.annotation.AnnotationConfigApplicationContext@4d0f7d9f: startup date [Thu Mar 23 10:01:46 CDT 2017]; root of context hierarchy
10:01:46,727  INFO Test worker support.GenericApplicationContextFactory$ResourceAnnotationApplicationContext:985 - Closing ResourceAnnotationApplicationContext:org.springframework.batch.core.configuration.annotation.JobLoaderConfigurationTests$VanillaConfiguration
10:01:46,728  INFO Test worker support.GenericApplicationContextFactory$ResourceAnnotationApplicationContext:985 - Closing ResourceAnnotationApplicationContext:org.springframework.batch.core.configuration.annotation.JobLoaderConfigurationTests$TestConfiguration
10:01:46,731  INFO Test worker support.DefaultLifecycleProcessor:358 - Stopping beans in phase 0
10:01:46,733  INFO Test worker embedded.EmbeddedDatabaseFactory:217 - Shutting down embedded database: url='jdbc:hsqldb:mem:testdb'
10:01:46,749  INFO Test worker annotation.AnnotationConfigApplicationContext:581 - Refreshing org.springframework.context.annotation.AnnotationConfigApplicationContext@68d9c6ae: startup date [Thu Mar 23 10:01:46 CDT 2017]; root of context hierarchy
10:01:46,778  WARN Test worker annotation.ConfigurationClassEnhancer:350 - @Bean method ScopeConfiguration.stepScope is non-static and returns an object assignable to Spring's BeanFactoryPostProcessor interface. This will result in a failure to process annotations such as @Autowired, @Resource and @PostConstruct within the method's declaring @Configuration class. Add the 'static' modifier to this method to avoid these container lifecycle issues; see @Bean javadoc for complete details.
10:01:46,782  WARN Test worker annotation.ConfigurationClassEnhancer:350 - @Bean method ScopeConfiguration.jobScope is non-static and returns an object assignable to Spring's BeanFactoryPostProcessor interface. This will result in a failure to process annotations such as @Autowired, @Resource and @PostConstruct within the method's declaring @Configuration class. Add the 'static' modifier to this method to avoid these container lifecycle issues; see @Bean javadoc for complete details.
10:01:46,788  INFO Test worker annotation.AutowiredAnnotationBeanPostProcessor:151 - JSR-330 'javax.inject.Inject' annotation found and supported for autowiring
10:01:46,808  INFO Test worker embedded.EmbeddedDatabaseFactory:185 - Starting embedded database: url='jdbc:hsqldb:mem:testdb', username='sa'
10:01:46,835  INFO Test worker init.ScriptUtils:442 - Executing SQL script from class path resource [org/springframework/batch/core/schema-hsqldb.sql]
10:01:46,843  INFO Test worker init.ScriptUtils:508 - Executed SQL script from class path resource [org/springframework/batch/core/schema-hsqldb.sql] in 8 ms.
10:01:46,857  INFO Test worker support.JobRepositoryFactoryBean:184 - No database type set, using meta data indicating: HSQL
10:01:46,858  INFO Test worker support.SimpleJobLauncher:201 - No TaskExecutor has been set, defaulting to synchronous executor.
10:01:46,945  INFO Test worker support.GenericApplicationContextFactory$ResourceAnnotationApplicationContext:581 - Refreshing ResourceAnnotationApplicationContext:org.springframework.batch.core.configuration.annotation.JobLoaderConfigurationTests$TestConfiguration
10:01:46,956  INFO Test worker annotation.AutowiredAnnotationBeanPostProcessor:151 - JSR-330 'javax.inject.Inject' annotation found and supported for autowiring
10:01:47,003  INFO Test worker support.GenericApplicationContextFactory$ResourceAnnotationApplicationContext:581 - Refreshing ResourceAnnotationApplicationContext:org.springframework.batch.core.configuration.annotation.JobLoaderConfigurationTests$VanillaConfiguration
10:01:47,013  INFO Test worker annotation.AutowiredAnnotationBeanPostProcessor:151 - JSR-330 'javax.inject.Inject' annotation found and supported for autowiring
10:01:47,072  INFO Test worker support.SimpleJobLauncher:139 - Job: [SimpleJob: [name=test]] launched with the following parameters: [{run.id=4186079410527466496}]
10:01:47,082  INFO Test worker job.SimpleStepHandler:146 - Executing step: [step1]
10:01:47,098  INFO Test worker job.SimpleStepHandler:146 - Executing step: [step2]
10:01:47,109  INFO Test worker support.SimpleJobLauncher:142 - Job: [SimpleJob: [name=test]] completed with the following parameters: [{run.id=4186079410527466496}] and the following status: [COMPLETED]
10:01:47,111  INFO Test worker annotation.AnnotationConfigApplicationContext:985 - Closing org.springframework.context.annotation.AnnotationConfigApplicationContext@68d9c6ae: startup date [Thu Mar 23 10:01:46 CDT 2017]; root of context hierarchy
10:01:47,111  INFO Test worker support.GenericApplicationContextFactory$ResourceAnnotationApplicationContext:985 - Closing ResourceAnnotationApplicationContext:org.springframework.batch.core.configuration.annotation.JobLoaderConfigurationTests$VanillaConfiguration
10:01:47,112  INFO Test worker support.GenericApplicationContextFactory$ResourceAnnotationApplicationContext:985 - Closing ResourceAnnotationApplicationContext:org.springframework.batch.core.configuration.annotation.JobLoaderConfigurationTests$TestConfiguration
10:01:47,113  INFO Test worker support.DefaultLifecycleProcessor:358 - Stopping beans in phase 0
10:01:47,113  INFO Test worker embedded.EmbeddedDatabaseFactory:217 - Shutting down embedded database: url='jdbc:hsqldb:mem:testdb'
]]></system-out>
  <system-err><![CDATA[]]></system-err>
</testsuite>
