<?xml version="1.0" encoding="UTF-8"?>
<testsuite name="org.springframework.batch.core.configuration.xml.ParentStepFactoryBeanParserTests" tests="5" skipped="0" failures="0" errors="0" timestamp="2017-03-23T15:02:00" hostname="Michaels-MacBook-Pro-3.local" time="0.306">
  <properties/>
  <testcase name="testRetryableAttributes" classname="org.springframework.batch.core.configuration.xml.ParentStepFactoryBeanParserTests" time="0.054"/>
  <testcase name="testSkippableAttributes" classname="org.springframework.batch.core.configuration.xml.ParentStepFactoryBeanParserTests" time="0.045"/>
  <testcase name="testRetryableLateBindingAttributes" classname="org.springframework.batch.core.configuration.xml.ParentStepFactoryBeanParserTests" time="0.076"/>
  <testcase name="testSimpleAttributes" classname="org.springframework.batch.core.configuration.xml.ParentStepFactoryBeanParserTests" time="0.059"/>
  <testcase name="testSkippableLateBindingAttributes" classname="org.springframework.batch.core.configuration.xml.ParentStepFactoryBeanParserTests" time="0.071"/>
  <system-out><![CDATA[10:02:00,762  INFO Test worker support.ClassPathXmlApplicationContext:581 - Refreshing org.springframework.context.support.ClassPathXmlApplicationContext@623ccf50: startup date [Thu Mar 23 10:02:00 CDT 2017]; root of context hierarchy
10:02:00,762  INFO Test worker xml.XmlBeanDefinitionReader:317 - Loading XML bean definitions from class path resource [org/springframework/batch/core/configuration/xml/ParentRetryableStepFactoryBeanParserTests-context.xml]
10:02:00,776  INFO Test worker xml.XmlBeanDefinitionReader:317 - Loading XML bean definitions from class path resource [org/springframework/batch/core/configuration/xml/common-context.xml]
10:02:00,816  INFO Test worker support.ClassPathXmlApplicationContext:581 - Refreshing org.springframework.context.support.ClassPathXmlApplicationContext@1007c24b: startup date [Thu Mar 23 10:02:00 CDT 2017]; root of context hierarchy
10:02:00,817  INFO Test worker xml.XmlBeanDefinitionReader:317 - Loading XML bean definitions from class path resource [org/springframework/batch/core/configuration/xml/ParentSkippableStepFactoryBeanParserTests-context.xml]
10:02:00,826  INFO Test worker xml.XmlBeanDefinitionReader:317 - Loading XML bean definitions from class path resource [org/springframework/batch/core/configuration/xml/common-context.xml]
10:02:00,861  INFO Test worker support.ClassPathXmlApplicationContext:581 - Refreshing org.springframework.context.support.ClassPathXmlApplicationContext@32354759: startup date [Thu Mar 23 10:02:00 CDT 2017]; root of context hierarchy
10:02:00,862  INFO Test worker xml.XmlBeanDefinitionReader:317 - Loading XML bean definitions from class path resource [org/springframework/batch/core/configuration/xml/ParentRetryableLateBindingStepFactoryBeanParserTests-context.xml]
10:02:00,877  INFO Test worker xml.XmlBeanDefinitionReader:317 - Loading XML bean definitions from class path resource [org/springframework/batch/core/configuration/xml/common-context.xml]
10:02:00,890  INFO Test worker support.DefaultListableBeanFactory:818 - Overriding bean definition for bean 'retryPolicy' with a different definition: replacing [Generic bean: class [org.springframework.retry.policy.SimpleRetryPolicy]; scope=step; abstract=false; lazyInit=false; autowireMode=0; dependencyCheck=0; autowireCandidate=false; primary=false; factoryBeanName=null; factoryMethodName=null; initMethodName=null; destroyMethodName=null; defined in class path resource [org/springframework/batch/core/configuration/xml/ParentRetryableLateBindingStepFactoryBeanParserTests-context.xml]] with [Root bean: class [org.springframework.aop.scope.ScopedProxyFactoryBean]; scope=; abstract=false; lazyInit=false; autowireMode=0; dependencyCheck=0; autowireCandidate=true; primary=false; factoryBeanName=null; factoryMethodName=null; initMethodName=null; destroyMethodName=null; defined in BeanDefinition defined in class path resource [org/springframework/batch/core/configuration/xml/ParentRetryableLateBindingStepFactoryBeanParserTests-context.xml]]
10:02:00,937  INFO Test worker support.ClassPathXmlApplicationContext:581 - Refreshing org.springframework.context.support.ClassPathXmlApplicationContext@6e7baf62: startup date [Thu Mar 23 10:02:00 CDT 2017]; root of context hierarchy
10:02:00,938  INFO Test worker xml.XmlBeanDefinitionReader:317 - Loading XML bean definitions from class path resource [org/springframework/batch/core/configuration/xml/ParentStepFactoryBeanParserTests-context.xml]
10:02:00,952  INFO Test worker xml.XmlBeanDefinitionReader:317 - Loading XML bean definitions from class path resource [org/springframework/batch/core/configuration/xml/common-context.xml]
10:02:00,997  INFO Test worker support.ClassPathXmlApplicationContext:581 - Refreshing org.springframework.context.support.ClassPathXmlApplicationContext@5d2ad300: startup date [Thu Mar 23 10:02:00 CDT 2017]; root of context hierarchy
10:02:00,997  INFO Test worker xml.XmlBeanDefinitionReader:317 - Loading XML bean definitions from class path resource [org/springframework/batch/core/configuration/xml/ParentSkippableLateBindingStepFactoryBeanParserTests-context.xml]
10:02:01,014  INFO Test worker xml.XmlBeanDefinitionReader:317 - Loading XML bean definitions from class path resource [org/springframework/batch/core/configuration/xml/common-context.xml]
10:02:01,032  INFO Test worker support.DefaultListableBeanFactory:818 - Overriding bean definition for bean 'skipPolicy' with a different definition: replacing [Generic bean: class [org.springframework.batch.core.step.skip.LimitCheckingItemSkipPolicy]; scope=step; abstract=false; lazyInit=false; autowireMode=0; dependencyCheck=0; autowireCandidate=false; primary=false; factoryBeanName=null; factoryMethodName=null; initMethodName=null; destroyMethodName=null; defined in class path resource [org/springframework/batch/core/configuration/xml/ParentSkippableLateBindingStepFactoryBeanParserTests-context.xml]] with [Root bean: class [org.springframework.aop.scope.ScopedProxyFactoryBean]; scope=; abstract=false; lazyInit=false; autowireMode=0; dependencyCheck=0; autowireCandidate=true; primary=false; factoryBeanName=null; factoryMethodName=null; initMethodName=null; destroyMethodName=null; defined in BeanDefinition defined in class path resource [org/springframework/batch/core/configuration/xml/ParentSkippableLateBindingStepFactoryBeanParserTests-context.xml]]
]]></system-out>
  <system-err><![CDATA[]]></system-err>
</testsuite>
