<?xml version="1.0" encoding="UTF-8"?>
<testsuite name="org.springframework.batch.core.launch.support.SimpleJvmExitCodeMapperTests" tests="4" skipped="0" failures="0" errors="0" timestamp="2017-03-23T15:02:33" hostname="Michaels-MacBook-Pro-3.local" time="0.001">
  <properties/>
  <testcase name="testGetExitCodeWithPredefinedCodesOverridden" classname="org.springframework.batch.core.launch.support.SimpleJvmExitCodeMapperTests" time="0.0"/>
  <testcase name="testGetExitCodeWithDefaultCode" classname="org.springframework.batch.core.launch.support.SimpleJvmExitCodeMapperTests" time="0.0"/>
  <testcase name="testGetExitCodeWithCustomCode" classname="org.springframework.batch.core.launch.support.SimpleJvmExitCodeMapperTests" time="0.0"/>
  <testcase name="testGetExitCodeWithpPredefinedCodes" classname="org.springframework.batch.core.launch.support.SimpleJvmExitCodeMapperTests" time="0.0"/>
  <system-out><![CDATA[-1
]]></system-out>
  <system-err><![CDATA[]]></system-err>
</testsuite>
