<?xml version="1.0" encoding="UTF-8"?>
<testsuite name="org.springframework.batch.core.configuration.xml.SplitInterruptedJobParserTests" tests="1" skipped="0" failures="0" errors="0" timestamp="2017-03-23T15:02:02" hostname="Michaels-MacBook-Pro-3.local" time="0.314">
  <properties/>
  <testcase name="testSplitInterrupted" classname="org.springframework.batch.core.configuration.xml.SplitInterruptedJobParserTests" time="0.314"/>
  <system-out><![CDATA[10:02:02,520  INFO Test worker support.AbstractContextLoader:252 - Detected default resource location "classpath:org/springframework/batch/core/configuration/xml/SplitInterruptedJobParserTests-context.xml" for test class [org.springframework.batch.core.configuration.xml.SplitInterruptedJobParserTests]
10:02:02,521  INFO Test worker support.AbstractDelegatingSmartContextLoader:176 - GenericXmlContextLoader detected default locations for context configuration [ContextConfigurationAttributes@65d84d26 declaringClass = 'org.springframework.batch.core.configuration.xml.SplitInterruptedJobParserTests', classes = '{}', locations = '{classpath:org/springframework/batch/core/configuration/xml/SplitInterruptedJobParserTests-context.xml}', inheritLocations = true, initializers = '{}', inheritInitializers = true, name = [null], contextLoaderClass = 'org.springframework.test.context.ContextLoader'].
10:02:02,521  INFO Test worker support.AnnotationConfigContextLoaderUtils:81 - Could not detect default configuration classes for test class [org.springframework.batch.core.configuration.xml.SplitInterruptedJobParserTests]: SplitInterruptedJobParserTests does not declare any static, non-private, non-final, nested classes annotated with @Configuration.
10:02:02,523  INFO Test worker support.DefaultTestContextBootstrapper:260 - Loaded default TestExecutionListener class names from location [META-INF/spring.factories]: [org.springframework.test.context.web.ServletTestExecutionListener, org.springframework.test.context.support.DirtiesContextBeforeModesTestExecutionListener, org.springframework.test.context.support.DependencyInjectionTestExecutionListener, org.springframework.test.context.support.DirtiesContextTestExecutionListener, org.springframework.test.context.transaction.TransactionalTestExecutionListener, org.springframework.test.context.jdbc.SqlScriptsTestExecutionListener]
10:02:02,524  INFO Test worker support.DefaultTestContextBootstrapper:209 - Could not instantiate TestExecutionListener [org.springframework.test.context.web.ServletTestExecutionListener]. Specify custom listener classes or make the default listener classes (and their required dependencies) available. Offending class: [javax/servlet/ServletContext]
10:02:02,524  INFO Test worker support.DefaultTestContextBootstrapper:187 - Using TestExecutionListeners: [org.springframework.test.context.support.DirtiesContextBeforeModesTestExecutionListener@49248b66, org.springframework.test.context.support.DependencyInjectionTestExecutionListener@653e4e0, org.springframework.test.context.support.DirtiesContextTestExecutionListener@2892cbbd, org.springframework.test.context.transaction.TransactionalTestExecutionListener@52cf839d, org.springframework.test.context.jdbc.SqlScriptsTestExecutionListener@3fdd5d19]
10:02:02,525  INFO Test worker xml.XmlBeanDefinitionReader:317 - Loading XML bean definitions from class path resource [org/springframework/batch/core/configuration/xml/SplitInterruptedJobParserTests-context.xml]
10:02:02,536  INFO Test worker xml.XmlBeanDefinitionReader:317 - Loading XML bean definitions from class path resource [org/springframework/batch/core/configuration/xml/common-context.xml]
10:02:02,546  INFO Test worker support.GenericApplicationContext:581 - Refreshing org.springframework.context.support.GenericApplicationContext@26b0dae6: startup date [Thu Mar 23 10:02:02 CDT 2017]; root of context hierarchy
10:02:02,567  INFO Test worker annotation.AutowiredAnnotationBeanPostProcessor:151 - JSR-330 'javax.inject.Inject' annotation found and supported for autowiring
10:02:02,655  INFO Test worker support.GenericApplicationContext:985 - Closing org.springframework.context.support.GenericApplicationContext@2a81354: startup date [Thu Mar 23 10:01:53 CDT 2017]; root of context hierarchy
10:02:02,665  INFO Thread-39 job.SimpleStepHandler:146 - Executing step: [stop]
10:02:02,776  INFO Thread-39 support.SimpleJobRepository:281 - Parent JobExecution is stopped, so passing message on to StepExecution
10:02:02,777  INFO Thread-39 step.ThreadStepInterruptionPolicy:60 - Step interrupted through StepExecution
10:02:02,777  INFO Thread-39 step.AbstractStep:223 - Encountered interruption executing step stop in job job : Job interrupted status detected.
10:02:02,778  INFO Thread-39 support.SimpleJobRepository:281 - Parent JobExecution is stopped, so passing message on to StepExecution
10:02:02,780  INFO Thread-39 job.AbstractJob:326 - Encountered interruption executing job: Job interrupted by step execution
]]></system-out>
  <system-err><![CDATA[]]></system-err>
</testsuite>
