<?xml version="1.0" encoding="UTF-8"?>
<testsuite name="org.springframework.batch.core.configuration.xml.StopAndRestartJobParserTests" tests="1" skipped="0" failures="0" errors="0" timestamp="2017-03-23T15:02:08" hostname="Michaels-MacBook-Pro-3.local" time="0.021">
  <properties/>
  <testcase name="testStopIncomplete" classname="org.springframework.batch.core.configuration.xml.StopAndRestartJobParserTests" time="0.021"/>
  <system-out><![CDATA[10:02:08,543  INFO Test worker support.AbstractContextLoader:252 - Detected default resource location "classpath:org/springframework/batch/core/configuration/xml/StopAndRestartJobParserTests-context.xml" for test class [org.springframework.batch.core.configuration.xml.StopAndRestartJobParserTests]
10:02:08,544  INFO Test worker support.AbstractDelegatingSmartContextLoader:176 - GenericXmlContextLoader detected default locations for context configuration [ContextConfigurationAttributes@188b82ae declaringClass = 'org.springframework.batch.core.configuration.xml.StopAndRestartJobParserTests', classes = '{}', locations = '{classpath:org/springframework/batch/core/configuration/xml/StopAndRestartJobParserTests-context.xml}', inheritLocations = true, initializers = '{}', inheritInitializers = true, name = [null], contextLoaderClass = 'org.springframework.test.context.ContextLoader'].
10:02:08,544  INFO Test worker support.AnnotationConfigContextLoaderUtils:81 - Could not detect default configuration classes for test class [org.springframework.batch.core.configuration.xml.StopAndRestartJobParserTests]: StopAndRestartJobParserTests does not declare any static, non-private, non-final, nested classes annotated with @Configuration.
10:02:08,546  INFO Test worker support.DefaultTestContextBootstrapper:260 - Loaded default TestExecutionListener class names from location [META-INF/spring.factories]: [org.springframework.test.context.web.ServletTestExecutionListener, org.springframework.test.context.support.DirtiesContextBeforeModesTestExecutionListener, org.springframework.test.context.support.DependencyInjectionTestExecutionListener, org.springframework.test.context.support.DirtiesContextTestExecutionListener, org.springframework.test.context.transaction.TransactionalTestExecutionListener, org.springframework.test.context.jdbc.SqlScriptsTestExecutionListener]
10:02:08,547  INFO Test worker support.DefaultTestContextBootstrapper:209 - Could not instantiate TestExecutionListener [org.springframework.test.context.web.ServletTestExecutionListener]. Specify custom listener classes or make the default listener classes (and their required dependencies) available. Offending class: [javax/servlet/ServletContext]
10:02:08,547  INFO Test worker support.DefaultTestContextBootstrapper:187 - Using TestExecutionListeners: [org.springframework.test.context.support.DirtiesContextBeforeModesTestExecutionListener@77e4e34c, org.springframework.test.context.support.DependencyInjectionTestExecutionListener@717296b2, org.springframework.test.context.support.DirtiesContextTestExecutionListener@7a4c11b, org.springframework.test.context.transaction.TransactionalTestExecutionListener@2b3e3ec8, org.springframework.test.context.jdbc.SqlScriptsTestExecutionListener@7b105660]
10:02:08,548  INFO Test worker xml.XmlBeanDefinitionReader:317 - Loading XML bean definitions from class path resource [org/springframework/batch/core/configuration/xml/StopAndRestartJobParserTests-context.xml]
10:02:08,556  INFO Test worker xml.XmlBeanDefinitionReader:317 - Loading XML bean definitions from class path resource [org/springframework/batch/core/configuration/xml/common-context.xml]
10:02:08,563  INFO Test worker support.GenericApplicationContext:581 - Refreshing org.springframework.context.support.GenericApplicationContext@1e3298b6: startup date [Thu Mar 23 10:02:08 CDT 2017]; root of context hierarchy
10:02:08,573  INFO Test worker annotation.AutowiredAnnotationBeanPostProcessor:151 - JSR-330 'javax.inject.Inject' annotation found and supported for autowiring
10:02:08,613  INFO Test worker support.GenericApplicationContext:985 - Closing org.springframework.context.support.GenericApplicationContext@340012f2: startup date [Thu Mar 23 10:01:57 CDT 2017]; root of context hierarchy
10:02:08,620  INFO Test worker job.SimpleStepHandler:146 - Executing step: [s1]
10:02:08,629  INFO Test worker job.SimpleStepHandler:217 - Step already complete or not restartable, so no action to execute: StepExecution: id=1, version=3, name=s1, status=COMPLETED, exitStatus=COMPLETED, readCount=0, filterCount=0, writeCount=0 readSkipCount=0, writeSkipCount=0, processSkipCount=0, commitCount=1, rollbackCount=0, exitDescription=
10:02:08,634  INFO Test worker job.SimpleStepHandler:146 - Executing step: [s2]
]]></system-out>
  <system-err><![CDATA[]]></system-err>
</testsuite>
