<?xml version="1.0" encoding="UTF-8"?>
<testsuite name="org.springframework.batch.core.repository.support.SimpleJobRepositoryProxyTests" tests="2" skipped="0" failures="0" errors="0" timestamp="2017-03-23T15:02:40" hostname="Michaels-MacBook-Pro-3.local" time="0.116">
  <properties/>
  <testcase name="testCreateAndFindNoTransaction" classname="org.springframework.batch.core.repository.support.SimpleJobRepositoryProxyTests" time="0.005"/>
  <testcase name="testCreateAndFindWithExistingTransaction" classname="org.springframework.batch.core.repository.support.SimpleJobRepositoryProxyTests" time="0.002"/>
  <system-out><![CDATA[10:02:40,156  INFO Test worker support.AbstractContextLoader:252 - Detected default resource location "classpath:org/springframework/batch/core/repository/support/SimpleJobRepositoryProxyTests-context.xml" for test class [org.springframework.batch.core.repository.support.SimpleJobRepositoryProxyTests]
10:02:40,157  INFO Test worker support.AbstractDelegatingSmartContextLoader:176 - GenericXmlContextLoader detected default locations for context configuration [ContextConfigurationAttributes@461a7978 declaringClass = 'org.springframework.batch.core.repository.support.SimpleJobRepositoryProxyTests', classes = '{}', locations = '{classpath:org/springframework/batch/core/repository/support/SimpleJobRepositoryProxyTests-context.xml}', inheritLocations = true, initializers = '{}', inheritInitializers = true, name = [null], contextLoaderClass = 'org.springframework.test.context.ContextLoader'].
10:02:40,157  INFO Test worker support.AnnotationConfigContextLoaderUtils:81 - Could not detect default configuration classes for test class [org.springframework.batch.core.repository.support.SimpleJobRepositoryProxyTests]: SimpleJobRepositoryProxyTests does not declare any static, non-private, non-final, nested classes annotated with @Configuration.
10:02:40,159  INFO Test worker support.DefaultTestContextBootstrapper:260 - Loaded default TestExecutionListener class names from location [META-INF/spring.factories]: [org.springframework.test.context.web.ServletTestExecutionListener, org.springframework.test.context.support.DirtiesContextBeforeModesTestExecutionListener, org.springframework.test.context.support.DependencyInjectionTestExecutionListener, org.springframework.test.context.support.DirtiesContextTestExecutionListener, org.springframework.test.context.transaction.TransactionalTestExecutionListener, org.springframework.test.context.jdbc.SqlScriptsTestExecutionListener]
10:02:40,159  INFO Test worker support.DefaultTestContextBootstrapper:209 - Could not instantiate TestExecutionListener [org.springframework.test.context.web.ServletTestExecutionListener]. Specify custom listener classes or make the default listener classes (and their required dependencies) available. Offending class: [javax/servlet/ServletContext]
10:02:40,160  INFO Test worker support.DefaultTestContextBootstrapper:187 - Using TestExecutionListeners: [org.springframework.test.context.support.DirtiesContextBeforeModesTestExecutionListener@1ddffed0, org.springframework.test.context.support.DependencyInjectionTestExecutionListener@3cb732e4, org.springframework.test.context.support.DirtiesContextTestExecutionListener@697be288, org.springframework.test.context.transaction.TransactionalTestExecutionListener@49487bce, org.springframework.test.context.jdbc.SqlScriptsTestExecutionListener@2b832549]
10:02:40,162  INFO Test worker xml.XmlBeanDefinitionReader:317 - Loading XML bean definitions from class path resource [org/springframework/batch/core/repository/support/SimpleJobRepositoryProxyTests-context.xml]
10:02:40,170  INFO Test worker xml.XmlBeanDefinitionReader:317 - Loading XML bean definitions from class path resource [org/springframework/batch/core/repository/dao/data-source-context.xml]
10:02:40,203  INFO Test worker support.GenericApplicationContext:581 - Refreshing org.springframework.context.support.GenericApplicationContext@187fca21: startup date [Thu Mar 23 10:02:40 CDT 2017]; root of context hierarchy
10:02:40,208  INFO Test worker annotation.AutowiredAnnotationBeanPostProcessor:151 - JSR-330 'javax.inject.Inject' annotation found and supported for autowiring
10:02:40,918  INFO Test worker support.JobRepositoryFactoryBean:184 - No database type set, using meta data indicating: HSQL
10:02:40,941  INFO Test worker support.GenericApplicationContext:985 - Closing org.springframework.context.support.GenericApplicationContext@2f25f21d: startup date [Thu Mar 23 10:02:03 CDT 2017]; root of context hierarchy
10:02:40,961  INFO Test worker support.GenericApplicationContext:985 - Closing org.springframework.context.support.GenericApplicationContext@187fca21: startup date [Thu Mar 23 10:02:40 CDT 2017]; root of context hierarchy
10:02:40,962  INFO Test worker xml.XmlBeanDefinitionReader:317 - Loading XML bean definitions from class path resource [org/springframework/batch/core/repository/support/SimpleJobRepositoryProxyTests-context.xml]
10:02:40,970  INFO Test worker xml.XmlBeanDefinitionReader:317 - Loading XML bean definitions from class path resource [org/springframework/batch/core/repository/dao/data-source-context.xml]
10:02:40,976  INFO Test worker support.GenericApplicationContext:581 - Refreshing org.springframework.context.support.GenericApplicationContext@40d2794d: startup date [Thu Mar 23 10:02:40 CDT 2017]; root of context hierarchy
10:02:40,981  INFO Test worker annotation.AutowiredAnnotationBeanPostProcessor:151 - JSR-330 'javax.inject.Inject' annotation found and supported for autowiring
10:02:41,051  INFO Test worker support.JobRepositoryFactoryBean:184 - No database type set, using meta data indicating: HSQL
10:02:41,072  INFO Test worker transaction.TransactionContext:98 - Began transaction (1) for test context [DefaultTestContext@3d7fa67e testClass = SimpleJobRepositoryProxyTests, testInstance = org.springframework.batch.core.repository.support.SimpleJobRepositoryProxyTests@56458d44, testMethod = testCreateAndFindWithExistingTransaction@SimpleJobRepositoryProxyTests, testException = [null], mergedContextConfiguration = [MergedContextConfiguration@5a1d7886 testClass = SimpleJobRepositoryProxyTests, locations = '{classpath:org/springframework/batch/core/repository/support/SimpleJobRepositoryProxyTests-context.xml}', classes = '{}', contextInitializerClasses = '[]', activeProfiles = '{}', propertySourceLocations = '{}', propertySourceProperties = '{}', contextCustomizers = set[[empty]], contextLoader = 'org.springframework.test.context.support.DelegatingSmartContextLoader', parent = [null]], attributes = map[[empty]]]; transaction manager [org.springframework.jdbc.datasource.DataSourceTransactionManager@1b4870a3]; rollback [true]
10:02:41,073  INFO Test worker transaction.TransactionContext:131 - Rolled back transaction for test context [DefaultTestContext@3d7fa67e testClass = SimpleJobRepositoryProxyTests, testInstance = org.springframework.batch.core.repository.support.SimpleJobRepositoryProxyTests@56458d44, testMethod = testCreateAndFindWithExistingTransaction@SimpleJobRepositoryProxyTests, testException = [null], mergedContextConfiguration = [MergedContextConfiguration@5a1d7886 testClass = SimpleJobRepositoryProxyTests, locations = '{classpath:org/springframework/batch/core/repository/support/SimpleJobRepositoryProxyTests-context.xml}', classes = '{}', contextInitializerClasses = '[]', activeProfiles = '{}', propertySourceLocations = '{}', propertySourceProperties = '{}', contextCustomizers = set[[empty]], contextLoader = 'org.springframework.test.context.support.DelegatingSmartContextLoader', parent = [null]], attributes = map[[empty]]].
10:02:41,073  INFO Test worker support.GenericApplicationContext:985 - Closing org.springframework.context.support.GenericApplicationContext@40d2794d: startup date [Thu Mar 23 10:02:40 CDT 2017]; root of context hierarchy
]]></system-out>
  <system-err><![CDATA[]]></system-err>
</testsuite>
