<?xml version="1.0" encoding="UTF-8"?>
<testsuite name="org.springframework.batch.core.configuration.xml.InlineItemHandlerParserTests" tests="3" skipped="0" failures="0" errors="0" timestamp="2017-03-23T15:01:58" hostname="Michaels-MacBook-Pro-3.local" time="0.219">
  <properties/>
  <testcase name="testInlineHandlers" classname="org.springframework.batch.core.configuration.xml.InlineItemHandlerParserTests" time="0.084"/>
  <testcase name="testInlineHandlersWithStepScope" classname="org.springframework.batch.core.configuration.xml.InlineItemHandlerParserTests" time="0.074"/>
  <testcase name="testInlineAdapters" classname="org.springframework.batch.core.configuration.xml.InlineItemHandlerParserTests" time="0.06"/>
  <system-out><![CDATA[10:01:58,358  INFO Test worker support.ClassPathXmlApplicationContext:581 - Refreshing org.springframework.context.support.ClassPathXmlApplicationContext@23d58ac6: startup date [Thu Mar 23 10:01:58 CDT 2017]; root of context hierarchy
10:01:58,358  INFO Test worker xml.XmlBeanDefinitionReader:317 - Loading XML bean definitions from class path resource [org/springframework/batch/core/configuration/xml/InlineItemHandlerParserTests-context.xml]
10:01:58,374  INFO Test worker xml.XmlBeanDefinitionReader:317 - Loading XML bean definitions from class path resource [org/springframework/batch/core/configuration/xml/common-context.xml]
10:01:58,441  INFO Test worker support.ClassPathXmlApplicationContext:985 - Closing org.springframework.context.support.ClassPathXmlApplicationContext@23d58ac6: startup date [Thu Mar 23 10:01:58 CDT 2017]; root of context hierarchy
10:01:58,442  INFO Test worker support.ClassPathXmlApplicationContext:581 - Refreshing org.springframework.context.support.ClassPathXmlApplicationContext@26da0fd9: startup date [Thu Mar 23 10:01:58 CDT 2017]; root of context hierarchy
10:01:58,443  INFO Test worker xml.XmlBeanDefinitionReader:317 - Loading XML bean definitions from class path resource [org/springframework/batch/core/configuration/xml/InlineItemHandlerWithStepScopeParserTests-context.xml]
10:01:58,515  INFO Test worker support.ClassPathXmlApplicationContext:985 - Closing org.springframework.context.support.ClassPathXmlApplicationContext@26da0fd9: startup date [Thu Mar 23 10:01:58 CDT 2017]; root of context hierarchy
10:01:58,517  INFO Test worker support.ClassPathXmlApplicationContext:581 - Refreshing org.springframework.context.support.ClassPathXmlApplicationContext@1925d88a: startup date [Thu Mar 23 10:01:58 CDT 2017]; root of context hierarchy
10:01:58,517  INFO Test worker xml.XmlBeanDefinitionReader:317 - Loading XML bean definitions from class path resource [org/springframework/batch/core/configuration/xml/InlineItemHandlerParserTests-context.xml]
10:01:58,535  INFO Test worker xml.XmlBeanDefinitionReader:317 - Loading XML bean definitions from class path resource [org/springframework/batch/core/configuration/xml/common-context.xml]
10:01:58,575  INFO Test worker support.ClassPathXmlApplicationContext:985 - Closing org.springframework.context.support.ClassPathXmlApplicationContext@1925d88a: startup date [Thu Mar 23 10:01:58 CDT 2017]; root of context hierarchy
]]></system-out>
  <system-err><![CDATA[]]></system-err>
</testsuite>
