<?xml version="1.0" encoding="UTF-8"?>
<testsuite name="org.springframework.batch.core.jsr.configuration.xml.JsrDecisionParsingTests" tests="1" skipped="0" failures="0" errors="0" timestamp="2017-03-23T15:02:15" hostname="Michaels-MacBook-Pro-3.local" time="0.018">
  <properties/>
  <testcase name="test" classname="org.springframework.batch.core.jsr.configuration.xml.JsrDecisionParsingTests" time="0.018"/>
  <system-out><![CDATA[10:02:15,513  INFO Test worker support.AbstractContextLoader:252 - Detected default resource location "classpath:org/springframework/batch/core/jsr/configuration/xml/JsrDecisionParsingTests-context.xml" for test class [org.springframework.batch.core.jsr.configuration.xml.JsrDecisionParsingTests]
10:02:15,513  INFO Test worker support.AbstractDelegatingSmartContextLoader:176 - GenericXmlContextLoader detected default locations for context configuration [ContextConfigurationAttributes@37cdcc6e declaringClass = 'org.springframework.batch.core.jsr.configuration.xml.JsrDecisionParsingTests', classes = '{}', locations = '{classpath:org/springframework/batch/core/jsr/configuration/xml/JsrDecisionParsingTests-context.xml}', inheritLocations = true, initializers = '{}', inheritInitializers = true, name = [null], contextLoaderClass = 'org.springframework.test.context.ContextLoader'].
10:02:15,514  INFO Test worker support.AnnotationConfigContextLoaderUtils:81 - Could not detect default configuration classes for test class [org.springframework.batch.core.jsr.configuration.xml.JsrDecisionParsingTests]: JsrDecisionParsingTests does not declare any static, non-private, non-final, nested classes annotated with @Configuration.
10:02:15,516  INFO Test worker support.DefaultTestContextBootstrapper:260 - Loaded default TestExecutionListener class names from location [META-INF/spring.factories]: [org.springframework.test.context.web.ServletTestExecutionListener, org.springframework.test.context.support.DirtiesContextBeforeModesTestExecutionListener, org.springframework.test.context.support.DependencyInjectionTestExecutionListener, org.springframework.test.context.support.DirtiesContextTestExecutionListener, org.springframework.test.context.transaction.TransactionalTestExecutionListener, org.springframework.test.context.jdbc.SqlScriptsTestExecutionListener]
10:02:15,517  INFO Test worker support.DefaultTestContextBootstrapper:209 - Could not instantiate TestExecutionListener [org.springframework.test.context.web.ServletTestExecutionListener]. Specify custom listener classes or make the default listener classes (and their required dependencies) available. Offending class: [javax/servlet/ServletContext]
10:02:15,517  INFO Test worker support.DefaultTestContextBootstrapper:187 - Using TestExecutionListeners: [org.springframework.test.context.support.DirtiesContextBeforeModesTestExecutionListener@11728d87, org.springframework.test.context.support.DependencyInjectionTestExecutionListener@60ebcf51, org.springframework.test.context.support.DirtiesContextTestExecutionListener@37217998, org.springframework.test.context.transaction.TransactionalTestExecutionListener@46ebec93, org.springframework.test.context.jdbc.SqlScriptsTestExecutionListener@43704f7c]
10:02:15,518  INFO Test worker xml.XmlBeanDefinitionReader:317 - Loading XML bean definitions from class path resource [org/springframework/batch/core/jsr/configuration/xml/JsrDecisionParsingTests-context.xml]
10:02:15,527  INFO Test worker support.DefaultListableBeanFactory:818 - Overriding bean definition for bean 'job1' with a different definition: replacing [Generic bean: class [org.springframework.batch.core.jsr.configuration.xml.JsrFlowFactoryBean]; scope=; abstract=false; lazyInit=false; autowireMode=0; dependencyCheck=0; autowireCandidate=true; primary=false; factoryBeanName=null; factoryMethodName=null; initMethodName=null; destroyMethodName=null] with [Generic bean: class [org.springframework.batch.core.jsr.configuration.xml.JobFactoryBean]; scope=; abstract=false; lazyInit=true; autowireMode=0; dependencyCheck=0; autowireCandidate=true; primary=false; factoryBeanName=null; factoryMethodName=null; initMethodName=null; destroyMethodName=null]
10:02:15,528  INFO Test worker support.GenericApplicationContext:581 - Refreshing org.springframework.context.support.GenericApplicationContext@7d5f8104: startup date [Thu Mar 23 10:02:15 CDT 2017]; root of context hierarchy
10:02:15,537  INFO Test worker support.DefaultListableBeanFactory:818 - Overriding bean definition for bean 'stepContextFactory' with a different definition: replacing [Generic bean: class [org.springframework.batch.core.jsr.JsrStepContextFactoryBean]; scope=step; abstract=false; lazyInit=false; autowireMode=0; dependencyCheck=0; autowireCandidate=false; primary=false; factoryBeanName=null; factoryMethodName=null; initMethodName=null; destroyMethodName=null] with [Root bean: class [org.springframework.aop.scope.ScopedProxyFactoryBean]; scope=; abstract=false; lazyInit=false; autowireMode=0; dependencyCheck=0; autowireCandidate=true; primary=false; factoryBeanName=null; factoryMethodName=null; initMethodName=null; destroyMethodName=null; defined in BeanDefinition defined in null]
10:02:15,541  INFO Test worker support.JsrAutowiredAnnotationBeanPostProcessor:111 - JSR-330 'javax.inject.Inject' annotation found and supported for autowiring
10:02:15,562  INFO Test worker support.SimpleJobLauncher:201 - No TaskExecutor has been set, defaulting to synchronous executor.
10:02:15,570  INFO Test worker support.GenericApplicationContext:985 - Closing org.springframework.context.support.GenericApplicationContext@200bf647: startup date [Thu Mar 23 10:02:01 CDT 2017]; root of context hierarchy
10:02:15,582  INFO Test worker support.SimpleJobLauncher:139 - Job: [JsrFlowJob: [name=job1]] launched with the following parameters: [{}]
10:02:15,585  INFO Test worker job.SimpleStepHandler:146 - Executing step: [step1]
The tasklet was executed
10:02:15,589  INFO Test worker job.SimpleStepHandler:146 - Executing step: [decider]
10:02:15,596  INFO Test worker job.SimpleStepHandler:146 - Executing step: [step2]
The tasklet was executed
10:02:15,598  INFO Test worker support.SimpleJobLauncher:142 - Job: [JsrFlowJob: [name=job1]] completed with the following parameters: [{}] and the following status: [COMPLETED]
]]></system-out>
  <system-err><![CDATA[]]></system-err>
</testsuite>
