<?xml version="1.0" encoding="UTF-8"?>
<testsuite name="org.springframework.batch.core.configuration.annotation.StepScopeConfigurationTests" tests="10" skipped="0" failures="0" errors="0" timestamp="2017-03-23T15:01:50" hostname="Michaels-MacBook-Pro-3.local" time="1.417">
  <properties/>
  <testcase name="testIntentionallyBlowUpOnMissingContextWithInterface" classname="org.springframework.batch.core.configuration.annotation.StepScopeConfigurationTests" time="0.146"/>
  <testcase name="testIntentionallyBlowupWithForcedInterface" classname="org.springframework.batch.core.configuration.annotation.StepScopeConfigurationTests" time="0.153"/>
  <testcase name="testXmlStepScopeWithProxyTargetClass" classname="org.springframework.batch.core.configuration.annotation.StepScopeConfigurationTests" time="0.084"/>
  <testcase name="testXmlStepScopeWithInterface" classname="org.springframework.batch.core.configuration.annotation.StepScopeConfigurationTests" time="0.038"/>
  <testcase name="testStepScopeWithDefaults" classname="org.springframework.batch.core.configuration.annotation.StepScopeConfigurationTests" time="0.142"/>
  <testcase name="testXmlStepScopeWithInheritence" classname="org.springframework.batch.core.configuration.annotation.StepScopeConfigurationTests" time="0.033"/>
  <testcase name="testIntentionallyBlowUpOnMissingContextWithProxyTargetClass" classname="org.springframework.batch.core.configuration.annotation.StepScopeConfigurationTests" time="0.169"/>
  <testcase name="testStepScopeXmlImportUsingNamespace" classname="org.springframework.batch.core.configuration.annotation.StepScopeConfigurationTests" time="0.297"/>
  <testcase name="testStepScopeWithProxyTargetClassInjected" classname="org.springframework.batch.core.configuration.annotation.StepScopeConfigurationTests" time="0.192"/>
  <testcase name="testStepScopeWithProxyTargetClass" classname="org.springframework.batch.core.configuration.annotation.StepScopeConfigurationTests" time="0.159"/>
  <system-out><![CDATA[10:01:50,203  INFO Test worker annotation.AnnotationConfigApplicationContext:581 - Refreshing org.springframework.context.annotation.AnnotationConfigApplicationContext@13a7c849: startup date [Thu Mar 23 10:01:50 CDT 2017]; root of context hierarchy
10:01:50,233  WARN Test worker annotation.ConfigurationClassEnhancer:350 - @Bean method ScopeConfiguration.stepScope is non-static and returns an object assignable to Spring's BeanFactoryPostProcessor interface. This will result in a failure to process annotations such as @Autowired, @Resource and @PostConstruct within the method's declaring @Configuration class. Add the 'static' modifier to this method to avoid these container lifecycle issues; see @Bean javadoc for complete details.
10:01:50,238  WARN Test worker annotation.ConfigurationClassEnhancer:350 - @Bean method ScopeConfiguration.jobScope is non-static and returns an object assignable to Spring's BeanFactoryPostProcessor interface. This will result in a failure to process annotations such as @Autowired, @Resource and @PostConstruct within the method's declaring @Configuration class. Add the 'static' modifier to this method to avoid these container lifecycle issues; see @Bean javadoc for complete details.
10:01:50,245  INFO Test worker annotation.AutowiredAnnotationBeanPostProcessor:151 - JSR-330 'javax.inject.Inject' annotation found and supported for autowiring
10:01:50,277  INFO Test worker embedded.EmbeddedDatabaseFactory:185 - Starting embedded database: url='jdbc:hsqldb:mem:testdb', username='sa'
10:01:50,280  INFO Test worker init.ScriptUtils:442 - Executing SQL script from class path resource [org/springframework/batch/core/schema-hsqldb.sql]
10:01:50,287  INFO Test worker init.ScriptUtils:508 - Executed SQL script from class path resource [org/springframework/batch/core/schema-hsqldb.sql] in 7 ms.
10:01:50,343  INFO Test worker annotation.AnnotationConfigApplicationContext:985 - Closing org.springframework.context.annotation.AnnotationConfigApplicationContext@13a7c849: startup date [Thu Mar 23 10:01:50 CDT 2017]; root of context hierarchy
10:01:50,344  INFO Test worker embedded.EmbeddedDatabaseFactory:217 - Shutting down embedded database: url='jdbc:hsqldb:mem:testdb'
10:01:50,349  INFO Test worker annotation.AnnotationConfigApplicationContext:581 - Refreshing org.springframework.context.annotation.AnnotationConfigApplicationContext@4e3e5879: startup date [Thu Mar 23 10:01:50 CDT 2017]; root of context hierarchy
10:01:50,370  WARN Test worker annotation.ConfigurationClassEnhancer:350 - @Bean method ScopeConfiguration.stepScope is non-static and returns an object assignable to Spring's BeanFactoryPostProcessor interface. This will result in a failure to process annotations such as @Autowired, @Resource and @PostConstruct within the method's declaring @Configuration class. Add the 'static' modifier to this method to avoid these container lifecycle issues; see @Bean javadoc for complete details.
10:01:50,374  WARN Test worker annotation.ConfigurationClassEnhancer:350 - @Bean method ScopeConfiguration.jobScope is non-static and returns an object assignable to Spring's BeanFactoryPostProcessor interface. This will result in a failure to process annotations such as @Autowired, @Resource and @PostConstruct within the method's declaring @Configuration class. Add the 'static' modifier to this method to avoid these container lifecycle issues; see @Bean javadoc for complete details.
10:01:50,382  INFO Test worker annotation.AutowiredAnnotationBeanPostProcessor:151 - JSR-330 'javax.inject.Inject' annotation found and supported for autowiring
10:01:50,409  INFO Test worker embedded.EmbeddedDatabaseFactory:185 - Starting embedded database: url='jdbc:hsqldb:mem:testdb', username='sa'
10:01:50,432  INFO Test worker init.ScriptUtils:442 - Executing SQL script from class path resource [org/springframework/batch/core/schema-hsqldb.sql]
10:01:50,440  INFO Test worker init.ScriptUtils:508 - Executed SQL script from class path resource [org/springframework/batch/core/schema-hsqldb.sql] in 7 ms.
10:01:50,497  INFO Test worker annotation.AnnotationConfigApplicationContext:985 - Closing org.springframework.context.annotation.AnnotationConfigApplicationContext@4e3e5879: startup date [Thu Mar 23 10:01:50 CDT 2017]; root of context hierarchy
10:01:50,497  INFO Test worker embedded.EmbeddedDatabaseFactory:217 - Shutting down embedded database: url='jdbc:hsqldb:mem:testdb'
10:01:50,499  INFO Test worker support.ClassPathXmlApplicationContext:581 - Refreshing org.springframework.context.support.ClassPathXmlApplicationContext@6f501dc0: startup date [Thu Mar 23 10:01:50 CDT 2017]; root of context hierarchy
10:01:50,500  INFO Test worker xml.XmlBeanDefinitionReader:317 - Loading XML bean definitions from class path resource [org/springframework/batch/core/configuration/annotation/StepScopeConfigurationTestsProxyTargetClass-context.xml]
10:01:50,528  INFO Test worker support.DefaultListableBeanFactory:818 - Overriding bean definition for bean 'org.springframework.batch.core.configuration.annotation.StepScopeConfigurationTests.SimpleHolder#0' with a different definition: replacing [Generic bean: class [org.springframework.batch.core.configuration.annotation.StepScopeConfigurationTests.SimpleHolder]; scope=step; abstract=false; lazyInit=false; autowireMode=0; dependencyCheck=0; autowireCandidate=false; primary=false; factoryBeanName=null; factoryMethodName=null; initMethodName=null; destroyMethodName=null; defined in class path resource [org/springframework/batch/core/configuration/annotation/StepScopeConfigurationTestsProxyTargetClass-context.xml]] with [Root bean: class [org.springframework.aop.scope.ScopedProxyFactoryBean]; scope=; abstract=false; lazyInit=false; autowireMode=0; dependencyCheck=0; autowireCandidate=true; primary=false; factoryBeanName=null; factoryMethodName=null; initMethodName=null; destroyMethodName=null; defined in BeanDefinition defined in class path resource [org/springframework/batch/core/configuration/annotation/StepScopeConfigurationTestsProxyTargetClass-context.xml]]
10:01:50,582  INFO Test worker support.ClassPathXmlApplicationContext:985 - Closing org.springframework.context.support.ClassPathXmlApplicationContext@6f501dc0: startup date [Thu Mar 23 10:01:50 CDT 2017]; root of context hierarchy
10:01:50,583  INFO Test worker support.ClassPathXmlApplicationContext:581 - Refreshing org.springframework.context.support.ClassPathXmlApplicationContext@68199ccd: startup date [Thu Mar 23 10:01:50 CDT 2017]; root of context hierarchy
10:01:50,584  INFO Test worker xml.XmlBeanDefinitionReader:317 - Loading XML bean definitions from class path resource [org/springframework/batch/core/configuration/annotation/StepScopeConfigurationTestsInterface-context.xml]
10:01:50,612  INFO Test worker support.DefaultListableBeanFactory:818 - Overriding bean definition for bean 'org.springframework.batch.core.configuration.annotation.StepScopeConfigurationTests.SimpleCallable#0' with a different definition: replacing [Generic bean: class [org.springframework.batch.core.configuration.annotation.StepScopeConfigurationTests.SimpleCallable]; scope=step; abstract=false; lazyInit=false; autowireMode=0; dependencyCheck=0; autowireCandidate=false; primary=false; factoryBeanName=null; factoryMethodName=null; initMethodName=null; destroyMethodName=null; defined in class path resource [org/springframework/batch/core/configuration/annotation/StepScopeConfigurationTestsInterface-context.xml]] with [Root bean: class [org.springframework.aop.scope.ScopedProxyFactoryBean]; scope=; abstract=false; lazyInit=false; autowireMode=0; dependencyCheck=0; autowireCandidate=true; primary=false; factoryBeanName=null; factoryMethodName=null; initMethodName=null; destroyMethodName=null; defined in BeanDefinition defined in class path resource [org/springframework/batch/core/configuration/annotation/StepScopeConfigurationTestsInterface-context.xml]]
10:01:50,620  INFO Test worker support.ClassPathXmlApplicationContext:985 - Closing org.springframework.context.support.ClassPathXmlApplicationContext@68199ccd: startup date [Thu Mar 23 10:01:50 CDT 2017]; root of context hierarchy
10:01:50,623  INFO Test worker annotation.AnnotationConfigApplicationContext:581 - Refreshing org.springframework.context.annotation.AnnotationConfigApplicationContext@6ef37e8c: startup date [Thu Mar 23 10:01:50 CDT 2017]; root of context hierarchy
10:01:50,639  WARN Test worker annotation.ConfigurationClassEnhancer:350 - @Bean method ScopeConfiguration.stepScope is non-static and returns an object assignable to Spring's BeanFactoryPostProcessor interface. This will result in a failure to process annotations such as @Autowired, @Resource and @PostConstruct within the method's declaring @Configuration class. Add the 'static' modifier to this method to avoid these container lifecycle issues; see @Bean javadoc for complete details.
10:01:50,642  WARN Test worker annotation.ConfigurationClassEnhancer:350 - @Bean method ScopeConfiguration.jobScope is non-static and returns an object assignable to Spring's BeanFactoryPostProcessor interface. This will result in a failure to process annotations such as @Autowired, @Resource and @PostConstruct within the method's declaring @Configuration class. Add the 'static' modifier to this method to avoid these container lifecycle issues; see @Bean javadoc for complete details.
10:01:50,647  INFO Test worker annotation.AutowiredAnnotationBeanPostProcessor:151 - JSR-330 'javax.inject.Inject' annotation found and supported for autowiring
10:01:50,671  INFO Test worker embedded.EmbeddedDatabaseFactory:185 - Starting embedded database: url='jdbc:hsqldb:mem:testdb', username='sa'
10:01:50,691  INFO Test worker init.ScriptUtils:442 - Executing SQL script from class path resource [org/springframework/batch/core/schema-hsqldb.sql]
10:01:50,699  INFO Test worker init.ScriptUtils:508 - Executed SQL script from class path resource [org/springframework/batch/core/schema-hsqldb.sql] in 8 ms.
10:01:50,761  INFO Test worker annotation.AnnotationConfigApplicationContext:985 - Closing org.springframework.context.annotation.AnnotationConfigApplicationContext@6ef37e8c: startup date [Thu Mar 23 10:01:50 CDT 2017]; root of context hierarchy
10:01:50,762  INFO Test worker embedded.EmbeddedDatabaseFactory:217 - Shutting down embedded database: url='jdbc:hsqldb:mem:testdb'
10:01:50,764  INFO Test worker support.ClassPathXmlApplicationContext:581 - Refreshing org.springframework.context.support.ClassPathXmlApplicationContext@4e56470a: startup date [Thu Mar 23 10:01:50 CDT 2017]; root of context hierarchy
10:01:50,764  INFO Test worker xml.XmlBeanDefinitionReader:317 - Loading XML bean definitions from class path resource [org/springframework/batch/core/configuration/annotation/StepScopeConfigurationTestsInheritence-context.xml]
10:01:50,795  INFO Test worker support.ClassPathXmlApplicationContext:985 - Closing org.springframework.context.support.ClassPathXmlApplicationContext@4e56470a: startup date [Thu Mar 23 10:01:50 CDT 2017]; root of context hierarchy
10:01:50,800  INFO Test worker annotation.AnnotationConfigApplicationContext:581 - Refreshing org.springframework.context.annotation.AnnotationConfigApplicationContext@7599a237: startup date [Thu Mar 23 10:01:50 CDT 2017]; root of context hierarchy
10:01:50,817  WARN Test worker annotation.ConfigurationClassEnhancer:350 - @Bean method ScopeConfiguration.stepScope is non-static and returns an object assignable to Spring's BeanFactoryPostProcessor interface. This will result in a failure to process annotations such as @Autowired, @Resource and @PostConstruct within the method's declaring @Configuration class. Add the 'static' modifier to this method to avoid these container lifecycle issues; see @Bean javadoc for complete details.
10:01:50,821  WARN Test worker annotation.ConfigurationClassEnhancer:350 - @Bean method ScopeConfiguration.jobScope is non-static and returns an object assignable to Spring's BeanFactoryPostProcessor interface. This will result in a failure to process annotations such as @Autowired, @Resource and @PostConstruct within the method's declaring @Configuration class. Add the 'static' modifier to this method to avoid these container lifecycle issues; see @Bean javadoc for complete details.
10:01:50,825  INFO Test worker annotation.AutowiredAnnotationBeanPostProcessor:151 - JSR-330 'javax.inject.Inject' annotation found and supported for autowiring
10:01:50,849  INFO Test worker embedded.EmbeddedDatabaseFactory:185 - Starting embedded database: url='jdbc:hsqldb:mem:testdb', username='sa'
10:01:50,870  INFO Test worker init.ScriptUtils:442 - Executing SQL script from class path resource [org/springframework/batch/core/schema-hsqldb.sql]
10:01:50,880  INFO Test worker init.ScriptUtils:508 - Executed SQL script from class path resource [org/springframework/batch/core/schema-hsqldb.sql] in 10 ms.
10:01:50,963  INFO Test worker annotation.AnnotationConfigApplicationContext:985 - Closing org.springframework.context.annotation.AnnotationConfigApplicationContext@7599a237: startup date [Thu Mar 23 10:01:50 CDT 2017]; root of context hierarchy
10:01:50,964  INFO Test worker embedded.EmbeddedDatabaseFactory:217 - Shutting down embedded database: url='jdbc:hsqldb:mem:testdb'
10:01:50,970  INFO Test worker annotation.AnnotationConfigApplicationContext:581 - Refreshing org.springframework.context.annotation.AnnotationConfigApplicationContext@47bab534: startup date [Thu Mar 23 10:01:50 CDT 2017]; root of context hierarchy
10:01:50,988  INFO Test worker xml.XmlBeanDefinitionReader:317 - Loading XML bean definitions from class path resource [org/springframework/batch/core/configuration/annotation/StepScopeConfigurationTestsXmlImportUsingNamespace-context.xml]
10:01:51,058  WARN Test worker annotation.ConfigurationClassEnhancer:350 - @Bean method ScopeConfiguration.stepScope is non-static and returns an object assignable to Spring's BeanFactoryPostProcessor interface. This will result in a failure to process annotations such as @Autowired, @Resource and @PostConstruct within the method's declaring @Configuration class. Add the 'static' modifier to this method to avoid these container lifecycle issues; see @Bean javadoc for complete details.
10:01:51,063  WARN Test worker annotation.ConfigurationClassEnhancer:350 - @Bean method ScopeConfiguration.jobScope is non-static and returns an object assignable to Spring's BeanFactoryPostProcessor interface. This will result in a failure to process annotations such as @Autowired, @Resource and @PostConstruct within the method's declaring @Configuration class. Add the 'static' modifier to this method to avoid these container lifecycle issues; see @Bean javadoc for complete details.
10:01:51,072  INFO Test worker annotation.AutowiredAnnotationBeanPostProcessor:151 - JSR-330 'javax.inject.Inject' annotation found and supported for autowiring
10:01:51,103  INFO Test worker embedded.EmbeddedDatabaseFactory:185 - Starting embedded database: url='jdbc:hsqldb:mem:testdb', username='sa'
10:01:51,123  INFO Test worker init.ScriptUtils:442 - Executing SQL script from class path resource [org/springframework/batch/core/schema-hsqldb.sql]
10:01:51,130  INFO Test worker init.ScriptUtils:508 - Executed SQL script from class path resource [org/springframework/batch/core/schema-hsqldb.sql] in 6 ms.
10:01:51,261  INFO Test worker annotation.AnnotationConfigApplicationContext:985 - Closing org.springframework.context.annotation.AnnotationConfigApplicationContext@47bab534: startup date [Thu Mar 23 10:01:50 CDT 2017]; root of context hierarchy
10:01:51,262  INFO Test worker embedded.EmbeddedDatabaseFactory:217 - Shutting down embedded database: url='jdbc:hsqldb:mem:testdb'
10:01:51,268  INFO Test worker annotation.AnnotationConfigApplicationContext:581 - Refreshing org.springframework.context.annotation.AnnotationConfigApplicationContext@74dbe3a4: startup date [Thu Mar 23 10:01:51 CDT 2017]; root of context hierarchy
10:01:51,292  WARN Test worker annotation.ConfigurationClassEnhancer:350 - @Bean method ScopeConfiguration.stepScope is non-static and returns an object assignable to Spring's BeanFactoryPostProcessor interface. This will result in a failure to process annotations such as @Autowired, @Resource and @PostConstruct within the method's declaring @Configuration class. Add the 'static' modifier to this method to avoid these container lifecycle issues; see @Bean javadoc for complete details.
10:01:51,296  WARN Test worker annotation.ConfigurationClassEnhancer:350 - @Bean method ScopeConfiguration.jobScope is non-static and returns an object assignable to Spring's BeanFactoryPostProcessor interface. This will result in a failure to process annotations such as @Autowired, @Resource and @PostConstruct within the method's declaring @Configuration class. Add the 'static' modifier to this method to avoid these container lifecycle issues; see @Bean javadoc for complete details.
10:01:51,302  INFO Test worker annotation.AutowiredAnnotationBeanPostProcessor:151 - JSR-330 'javax.inject.Inject' annotation found and supported for autowiring
10:01:51,334  INFO Test worker embedded.EmbeddedDatabaseFactory:185 - Starting embedded database: url='jdbc:hsqldb:mem:testdb', username='sa'
10:01:51,359  INFO Test worker init.ScriptUtils:442 - Executing SQL script from class path resource [org/springframework/batch/core/schema-hsqldb.sql]
10:01:51,366  INFO Test worker init.ScriptUtils:508 - Executed SQL script from class path resource [org/springframework/batch/core/schema-hsqldb.sql] in 7 ms.
10:01:51,455  INFO Test worker annotation.AnnotationConfigApplicationContext:985 - Closing org.springframework.context.annotation.AnnotationConfigApplicationContext@74dbe3a4: startup date [Thu Mar 23 10:01:51 CDT 2017]; root of context hierarchy
10:01:51,456  INFO Test worker embedded.EmbeddedDatabaseFactory:217 - Shutting down embedded database: url='jdbc:hsqldb:mem:testdb'
10:01:51,460  INFO Test worker annotation.AnnotationConfigApplicationContext:581 - Refreshing org.springframework.context.annotation.AnnotationConfigApplicationContext@30e6d5af: startup date [Thu Mar 23 10:01:51 CDT 2017]; root of context hierarchy
10:01:51,477  WARN Test worker annotation.ConfigurationClassEnhancer:350 - @Bean method ScopeConfiguration.stepScope is non-static and returns an object assignable to Spring's BeanFactoryPostProcessor interface. This will result in a failure to process annotations such as @Autowired, @Resource and @PostConstruct within the method's declaring @Configuration class. Add the 'static' modifier to this method to avoid these container lifecycle issues; see @Bean javadoc for complete details.
10:01:51,484  WARN Test worker annotation.ConfigurationClassEnhancer:350 - @Bean method ScopeConfiguration.jobScope is non-static and returns an object assignable to Spring's BeanFactoryPostProcessor interface. This will result in a failure to process annotations such as @Autowired, @Resource and @PostConstruct within the method's declaring @Configuration class. Add the 'static' modifier to this method to avoid these container lifecycle issues; see @Bean javadoc for complete details.
10:01:51,488  INFO Test worker annotation.AutowiredAnnotationBeanPostProcessor:151 - JSR-330 'javax.inject.Inject' annotation found and supported for autowiring
10:01:51,511  INFO Test worker embedded.EmbeddedDatabaseFactory:185 - Starting embedded database: url='jdbc:hsqldb:mem:testdb', username='sa'
10:01:51,547  INFO Test worker init.ScriptUtils:442 - Executing SQL script from class path resource [org/springframework/batch/core/schema-hsqldb.sql]
10:01:51,557  INFO Test worker init.ScriptUtils:508 - Executed SQL script from class path resource [org/springframework/batch/core/schema-hsqldb.sql] in 9 ms.
10:01:51,615  INFO Test worker annotation.AnnotationConfigApplicationContext:985 - Closing org.springframework.context.annotation.AnnotationConfigApplicationContext@30e6d5af: startup date [Thu Mar 23 10:01:51 CDT 2017]; root of context hierarchy
10:01:51,615  INFO Test worker embedded.EmbeddedDatabaseFactory:217 - Shutting down embedded database: url='jdbc:hsqldb:mem:testdb'
]]></system-out>
  <system-err><![CDATA[]]></system-err>
</testsuite>
