<?xml version="1.0" encoding="UTF-8"?>
<testsuite name="org.springframework.batch.core.EntityTests" tests="13" skipped="0" failures="0" errors="0" timestamp="2017-03-23T15:02:09" hostname="Michaels-MacBook-Pro-3.local" time="0.002">
  <properties/>
  <testcase name="testIncrementVersion" classname="org.springframework.batch.core.EntityTests" time="0.0"/>
  <testcase name="testEqualsEntityWrongId" classname="org.springframework.batch.core.EntityTests" time="0.0"/>
  <testcase name="testEqualsSelfWithNullId" classname="org.springframework.batch.core.EntityTests" time="0.001"/>
  <testcase name="testToString" classname="org.springframework.batch.core.EntityTests" time="0.0"/>
  <testcase name="testEqualsEntity" classname="org.springframework.batch.core.EntityTests" time="0.0"/>
  <testcase name="testEqualsNull" classname="org.springframework.batch.core.EntityTests" time="0.0"/>
  <testcase name="testEqualsSelf" classname="org.springframework.batch.core.EntityTests" time="0.0"/>
  <testcase name="testEqualsObject" classname="org.springframework.batch.core.EntityTests" time="0.0"/>
  <testcase name="testEqualsEntityWithNullId" classname="org.springframework.batch.core.EntityTests" time="0.0"/>
  <testcase name="testHashCodeNullId" classname="org.springframework.batch.core.EntityTests" time="0.001"/>
  <testcase name="testGetVersion" classname="org.springframework.batch.core.EntityTests" time="0.0"/>
  <testcase name="testHashCode" classname="org.springframework.batch.core.EntityTests" time="0.0"/>
  <testcase name="testIncrementVersionTwice" classname="org.springframework.batch.core.EntityTests" time="0.0"/>
  <system-out><![CDATA[]]></system-out>
  <system-err><![CDATA[]]></system-err>
</testsuite>
