<?xml version="1.0" encoding="UTF-8"?>
<testsuite name="org.springframework.batch.core.scope.JobScopeNestedIntegrationTests" tests="1" skipped="0" failures="0" errors="0" timestamp="2017-03-23T15:02:43" hostname="Michaels-MacBook-Pro-3.local" time="0.001">
  <properties/>
  <testcase name="testNestedScopedProxy" classname="org.springframework.batch.core.scope.JobScopeNestedIntegrationTests" time="0.001"/>
  <system-out><![CDATA[10:02:43,745  INFO Test worker support.AbstractContextLoader:252 - Detected default resource location "classpath:org/springframework/batch/core/scope/JobScopeNestedIntegrationTests-context.xml" for test class [org.springframework.batch.core.scope.JobScopeNestedIntegrationTests]
10:02:43,745  INFO Test worker support.AbstractDelegatingSmartContextLoader:176 - GenericXmlContextLoader detected default locations for context configuration [ContextConfigurationAttributes@2fda813f declaringClass = 'org.springframework.batch.core.scope.JobScopeNestedIntegrationTests', classes = '{}', locations = '{classpath:org/springframework/batch/core/scope/JobScopeNestedIntegrationTests-context.xml}', inheritLocations = true, initializers = '{}', inheritInitializers = true, name = [null], contextLoaderClass = 'org.springframework.test.context.ContextLoader'].
10:02:43,746  INFO Test worker support.AnnotationConfigContextLoaderUtils:81 - Could not detect default configuration classes for test class [org.springframework.batch.core.scope.JobScopeNestedIntegrationTests]: JobScopeNestedIntegrationTests does not declare any static, non-private, non-final, nested classes annotated with @Configuration.
10:02:43,747  INFO Test worker support.DefaultTestContextBootstrapper:260 - Loaded default TestExecutionListener class names from location [META-INF/spring.factories]: [org.springframework.test.context.web.ServletTestExecutionListener, org.springframework.test.context.support.DirtiesContextBeforeModesTestExecutionListener, org.springframework.test.context.support.DependencyInjectionTestExecutionListener, org.springframework.test.context.support.DirtiesContextTestExecutionListener, org.springframework.test.context.transaction.TransactionalTestExecutionListener, org.springframework.test.context.jdbc.SqlScriptsTestExecutionListener]
10:02:43,747  INFO Test worker support.DefaultTestContextBootstrapper:209 - Could not instantiate TestExecutionListener [org.springframework.test.context.web.ServletTestExecutionListener]. Specify custom listener classes or make the default listener classes (and their required dependencies) available. Offending class: [javax/servlet/ServletContext]
10:02:43,747  INFO Test worker support.DefaultTestContextBootstrapper:187 - Using TestExecutionListeners: [org.springframework.test.context.support.DirtiesContextBeforeModesTestExecutionListener@38f5c3ae, org.springframework.test.context.support.DependencyInjectionTestExecutionListener@38b0e2b8, org.springframework.test.context.support.DirtiesContextTestExecutionListener@82e02e1, org.springframework.test.context.transaction.TransactionalTestExecutionListener@407af1a5, org.springframework.test.context.jdbc.SqlScriptsTestExecutionListener@5604b2b7]
10:02:43,748  INFO Test worker xml.XmlBeanDefinitionReader:317 - Loading XML bean definitions from class path resource [org/springframework/batch/core/scope/JobScopeNestedIntegrationTests-context.xml]
10:02:43,756  INFO Test worker support.GenericApplicationContext:581 - Refreshing org.springframework.context.support.GenericApplicationContext@691e3fed: startup date [Thu Mar 23 10:02:43 CDT 2017]; root of context hierarchy
10:02:43,759  INFO Test worker annotation.AutowiredAnnotationBeanPostProcessor:151 - JSR-330 'javax.inject.Inject' annotation found and supported for autowiring
10:02:43,791  INFO Test worker support.GenericApplicationContext:985 - Closing org.springframework.context.support.GenericApplicationContext@7e2ee3d6: startup date [Thu Mar 23 10:02:08 CDT 2017]; root of context hierarchy
]]></system-out>
  <system-err><![CDATA[]]></system-err>
</testsuite>
