<?xml version="1.0" encoding="UTF-8"?>
<testsuite name="org.springframework.batch.core.scope.StepScopeClassIntegrationTests" tests="2" skipped="2" failures="0" errors="0" timestamp="2017-03-23T15:02:44" hostname="Michaels-MacBook-Pro-3.local" time="0.0">
  <properties/>
  <testcase name="testSimpleValue" classname="org.springframework.batch.core.scope.StepScopeClassIntegrationTests" time="0.0">
    <skipped/>
  </testcase>
  <testcase name="testNested" classname="org.springframework.batch.core.scope.StepScopeClassIntegrationTests" time="0.0">
    <skipped/>
  </testcase>
  <system-out><![CDATA[10:02:43,997  INFO Test worker support.AbstractContextLoader:252 - Detected default resource location "classpath:org/springframework/batch/core/scope/StepScopeClassIntegrationTests-context.xml" for test class [org.springframework.batch.core.scope.StepScopeClassIntegrationTests]
10:02:43,998  INFO Test worker support.AbstractDelegatingSmartContextLoader:176 - GenericXmlContextLoader detected default locations for context configuration [ContextConfigurationAttributes@7274c647 declaringClass = 'org.springframework.batch.core.scope.StepScopeClassIntegrationTests', classes = '{}', locations = '{classpath:org/springframework/batch/core/scope/StepScopeClassIntegrationTests-context.xml}', inheritLocations = true, initializers = '{}', inheritInitializers = true, name = [null], contextLoaderClass = 'org.springframework.test.context.ContextLoader'].
10:02:43,998  INFO Test worker support.AnnotationConfigContextLoaderUtils:81 - Could not detect default configuration classes for test class [org.springframework.batch.core.scope.StepScopeClassIntegrationTests]: StepScopeClassIntegrationTests does not declare any static, non-private, non-final, nested classes annotated with @Configuration.
10:02:44,001  INFO Test worker support.DefaultTestContextBootstrapper:260 - Loaded default TestExecutionListener class names from location [META-INF/spring.factories]: [org.springframework.test.context.web.ServletTestExecutionListener, org.springframework.test.context.support.DirtiesContextBeforeModesTestExecutionListener, org.springframework.test.context.support.DependencyInjectionTestExecutionListener, org.springframework.test.context.support.DirtiesContextTestExecutionListener, org.springframework.test.context.transaction.TransactionalTestExecutionListener, org.springframework.test.context.jdbc.SqlScriptsTestExecutionListener]
10:02:44,002  INFO Test worker support.DefaultTestContextBootstrapper:209 - Could not instantiate TestExecutionListener [org.springframework.test.context.web.ServletTestExecutionListener]. Specify custom listener classes or make the default listener classes (and their required dependencies) available. Offending class: [javax/servlet/ServletContext]
10:02:44,002  INFO Test worker support.DefaultTestContextBootstrapper:187 - Using TestExecutionListeners: [org.springframework.test.context.support.DirtiesContextBeforeModesTestExecutionListener@515d5743, org.springframework.test.context.support.DependencyInjectionTestExecutionListener@5b6644a2, org.springframework.test.context.support.DirtiesContextTestExecutionListener@66c8d447, org.springframework.test.context.transaction.TransactionalTestExecutionListener@214983ef, org.springframework.test.context.jdbc.SqlScriptsTestExecutionListener@1a952fca]
]]></system-out>
  <system-err><![CDATA[]]></system-err>
</testsuite>
