<?xml version="1.0" encoding="UTF-8"?>
<testsuite name="org.springframework.batch.core.launch.support.ScheduledJobParametersFactoryTests" tests="6" skipped="0" failures="0" errors="0" timestamp="2017-03-23T15:02:33" hostname="Michaels-MacBook-Pro-3.local" time="0.003">
  <properties/>
  <testcase name="testGetParametersWithBogusDate" classname="org.springframework.batch.core.launch.support.ScheduledJobParametersFactoryTests" time="0.002"/>
  <testcase name="testNullArgs" classname="org.springframework.batch.core.launch.support.ScheduledJobParametersFactoryTests" time="0.0"/>
  <testcase name="testEmptyArgs" classname="org.springframework.batch.core.launch.support.ScheduledJobParametersFactoryTests" time="0.0"/>
  <testcase name="testGetParametersWithDateFormat" classname="org.springframework.batch.core.launch.support.ScheduledJobParametersFactoryTests" time="0.001"/>
  <testcase name="testGetProperties" classname="org.springframework.batch.core.launch.support.ScheduledJobParametersFactoryTests" time="0.0"/>
  <testcase name="testGetParameters" classname="org.springframework.batch.core.launch.support.ScheduledJobParametersFactoryTests" time="0.0"/>
  <system-out><![CDATA[]]></system-out>
  <system-err><![CDATA[]]></system-err>
</testsuite>
