<?xml version="1.0" encoding="UTF-8"?>
<testsuite name="org.springframework.batch.core.jsr.JobListenerAdapterTests" tests="5" skipped="0" failures="0" errors="0" timestamp="2017-03-23T15:02:17" hostname="Michaels-MacBook-Pro-3.local" time="0.018">
  <properties/>
  <testcase name="testCreateWithNull" classname="org.springframework.batch.core.jsr.JobListenerAdapterTests" time="0.016"/>
  <testcase name="testBeforeJob" classname="org.springframework.batch.core.jsr.JobListenerAdapterTests" time="0.0"/>
  <testcase name="testAfterJobException" classname="org.springframework.batch.core.jsr.JobListenerAdapterTests" time="0.001"/>
  <testcase name="testBeforeJobException" classname="org.springframework.batch.core.jsr.JobListenerAdapterTests" time="0.001"/>
  <testcase name="testAfterJob" classname="org.springframework.batch.core.jsr.JobListenerAdapterTests" time="0.0"/>
  <system-out><![CDATA[]]></system-out>
  <system-err><![CDATA[]]></system-err>
</testsuite>
