<?xml version="1.0" encoding="UTF-8"?>
<testsuite name="org.springframework.batch.core.jsr.JsrJobContextFactoryBeanTests" tests="4" skipped="0" failures="0" errors="0" timestamp="2017-03-23T15:02:17" hostname="Michaels-MacBook-Pro-3.local" time="1.007">
  <properties/>
  <testcase name="testOneJobContextPerThread" classname="org.springframework.batch.core.jsr.JsrJobContextFactoryBeanTests" time="1.006"/>
  <testcase name="testNoJobExecutionProvided" classname="org.springframework.batch.core.jsr.JsrJobContextFactoryBeanTests" time="0.001"/>
  <testcase name="testIntialCreationSingleThread" classname="org.springframework.batch.core.jsr.JsrJobContextFactoryBeanTests" time="0.0"/>
  <testcase name="testInitialCreationSingleThreadUsingStepScope" classname="org.springframework.batch.core.jsr.JsrJobContextFactoryBeanTests" time="0.0"/>
  <system-out><![CDATA[]]></system-out>
  <system-err><![CDATA[]]></system-err>
</testsuite>
