<?xml version="1.0" encoding="UTF-8"?>
<testsuite name="org.springframework.batch.core.scope.context.StepSynchronizationManagerTests" tests="7" skipped="0" failures="0" errors="0" timestamp="2017-03-23T15:02:42" hostname="Michaels-MacBook-Pro-3.local" time="1.007">
  <properties/>
  <testcase name="testClose" classname="org.springframework.batch.core.scope.context.StepSynchronizationManagerTests" time="0.001"/>
  <testcase name="testGetContextWithBatchProperties" classname="org.springframework.batch.core.scope.context.StepSynchronizationManagerTests" time="0.0"/>
  <testcase name="testRegisterNull" classname="org.springframework.batch.core.scope.context.StepSynchronizationManagerTests" time="0.0"/>
  <testcase name="testRegisterTwice" classname="org.springframework.batch.core.scope.context.StepSynchronizationManagerTests" time="0.0"/>
  <testcase name="testRelease" classname="org.springframework.batch.core.scope.context.StepSynchronizationManagerTests" time="0.001"/>
  <testcase name="testMultithreaded" classname="org.springframework.batch.core.scope.context.StepSynchronizationManagerTests" time="1.005"/>
  <testcase name="testGetContext" classname="org.springframework.batch.core.scope.context.StepSynchronizationManagerTests" time="0.0"/>
  <system-out><![CDATA[]]></system-out>
  <system-err><![CDATA[]]></system-err>
</testsuite>
