<?xml version="1.0" encoding="UTF-8"?>
<testsuite name="org.springframework.batch.core.jsr.configuration.xml.ItemListenerParsingTests" tests="1" skipped="0" failures="0" errors="0" timestamp="2017-03-23T15:02:14" hostname="Michaels-MacBook-Pro-3.local" time="0.025">
  <properties/>
  <testcase name="test" classname="org.springframework.batch.core.jsr.configuration.xml.ItemListenerParsingTests" time="0.025"/>
  <system-out><![CDATA[10:02:14,203  INFO Test worker support.AbstractContextLoader:252 - Detected default resource location "classpath:org/springframework/batch/core/jsr/configuration/xml/ItemListenerParsingTests-context.xml" for test class [org.springframework.batch.core.jsr.configuration.xml.ItemListenerParsingTests]
10:02:14,203  INFO Test worker support.AbstractDelegatingSmartContextLoader:176 - GenericXmlContextLoader detected default locations for context configuration [ContextConfigurationAttributes@7000e2a8 declaringClass = 'org.springframework.batch.core.jsr.configuration.xml.ItemListenerParsingTests', classes = '{}', locations = '{classpath:org/springframework/batch/core/jsr/configuration/xml/ItemListenerParsingTests-context.xml}', inheritLocations = true, initializers = '{}', inheritInitializers = true, name = [null], contextLoaderClass = 'org.springframework.test.context.ContextLoader'].
10:02:14,204  INFO Test worker support.AnnotationConfigContextLoaderUtils:81 - Could not detect default configuration classes for test class [org.springframework.batch.core.jsr.configuration.xml.ItemListenerParsingTests]: ItemListenerParsingTests does not declare any static, non-private, non-final, nested classes annotated with @Configuration.
10:02:14,205  INFO Test worker support.DefaultTestContextBootstrapper:260 - Loaded default TestExecutionListener class names from location [META-INF/spring.factories]: [org.springframework.test.context.web.ServletTestExecutionListener, org.springframework.test.context.support.DirtiesContextBeforeModesTestExecutionListener, org.springframework.test.context.support.DependencyInjectionTestExecutionListener, org.springframework.test.context.support.DirtiesContextTestExecutionListener, org.springframework.test.context.transaction.TransactionalTestExecutionListener, org.springframework.test.context.jdbc.SqlScriptsTestExecutionListener]
10:02:14,206  INFO Test worker support.DefaultTestContextBootstrapper:209 - Could not instantiate TestExecutionListener [org.springframework.test.context.web.ServletTestExecutionListener]. Specify custom listener classes or make the default listener classes (and their required dependencies) available. Offending class: [javax/servlet/ServletContext]
10:02:14,207  INFO Test worker support.DefaultTestContextBootstrapper:187 - Using TestExecutionListeners: [org.springframework.test.context.support.DirtiesContextBeforeModesTestExecutionListener@1409ec33, org.springframework.test.context.support.DependencyInjectionTestExecutionListener@49fef907, org.springframework.test.context.support.DirtiesContextTestExecutionListener@63e7e980, org.springframework.test.context.transaction.TransactionalTestExecutionListener@7763c84c, org.springframework.test.context.jdbc.SqlScriptsTestExecutionListener@2c50dae7]
10:02:14,208  INFO Test worker xml.XmlBeanDefinitionReader:317 - Loading XML bean definitions from class path resource [org/springframework/batch/core/jsr/configuration/xml/ItemListenerParsingTests-context.xml]
10:02:14,226  INFO Test worker support.DefaultListableBeanFactory:818 - Overriding bean definition for bean 'job1' with a different definition: replacing [Generic bean: class [org.springframework.batch.core.jsr.configuration.xml.JsrFlowFactoryBean]; scope=; abstract=false; lazyInit=false; autowireMode=0; dependencyCheck=0; autowireCandidate=true; primary=false; factoryBeanName=null; factoryMethodName=null; initMethodName=null; destroyMethodName=null] with [Generic bean: class [org.springframework.batch.core.jsr.configuration.xml.JobFactoryBean]; scope=; abstract=false; lazyInit=true; autowireMode=0; dependencyCheck=0; autowireCandidate=true; primary=false; factoryBeanName=null; factoryMethodName=null; initMethodName=null; destroyMethodName=null]
10:02:14,227  INFO Test worker support.DefaultListableBeanFactory:818 - Overriding bean definition for bean 'springItemListener' with a different definition: replacing [Generic bean: class [springItemListener]; scope=step; abstract=false; lazyInit=false; autowireMode=0; dependencyCheck=0; autowireCandidate=true; primary=false; factoryBeanName=null; factoryMethodName=null; initMethodName=null; destroyMethodName=null] with [Generic bean: class [org.springframework.batch.core.jsr.configuration.xml.ItemListenerParsingTests.SpringItemListener]; scope=; abstract=false; lazyInit=false; autowireMode=0; dependencyCheck=0; autowireCandidate=true; primary=false; factoryBeanName=null; factoryMethodName=null; initMethodName=null; destroyMethodName=null; defined in class path resource [org/springframework/batch/core/jsr/configuration/xml/ItemListenerParsingTests-context.xml]]
10:02:14,228  INFO Test worker support.DefaultListableBeanFactory:818 - Overriding bean definition for bean 'jsrItemListener' with a different definition: replacing [Generic bean: class [jsrItemListener]; scope=step; abstract=false; lazyInit=false; autowireMode=0; dependencyCheck=0; autowireCandidate=true; primary=false; factoryBeanName=null; factoryMethodName=null; initMethodName=null; destroyMethodName=null] with [Generic bean: class [org.springframework.batch.core.jsr.configuration.xml.ItemListenerParsingTests.JsrItemListener]; scope=; abstract=false; lazyInit=false; autowireMode=0; dependencyCheck=0; autowireCandidate=true; primary=false; factoryBeanName=null; factoryMethodName=null; initMethodName=null; destroyMethodName=null; defined in class path resource [org/springframework/batch/core/jsr/configuration/xml/ItemListenerParsingTests-context.xml]]
10:02:14,228  INFO Test worker support.GenericApplicationContext:581 - Refreshing org.springframework.context.support.GenericApplicationContext@125828ab: startup date [Thu Mar 23 10:02:14 CDT 2017]; root of context hierarchy
10:02:14,248  INFO Test worker support.DefaultListableBeanFactory:818 - Overriding bean definition for bean 'stepContextFactory' with a different definition: replacing [Generic bean: class [org.springframework.batch.core.jsr.JsrStepContextFactoryBean]; scope=step; abstract=false; lazyInit=false; autowireMode=0; dependencyCheck=0; autowireCandidate=false; primary=false; factoryBeanName=null; factoryMethodName=null; initMethodName=null; destroyMethodName=null] with [Root bean: class [org.springframework.aop.scope.ScopedProxyFactoryBean]; scope=; abstract=false; lazyInit=false; autowireMode=0; dependencyCheck=0; autowireCandidate=true; primary=false; factoryBeanName=null; factoryMethodName=null; initMethodName=null; destroyMethodName=null; defined in BeanDefinition defined in null]
10:02:14,260  INFO Test worker support.JsrAutowiredAnnotationBeanPostProcessor:111 - JSR-330 'javax.inject.Inject' annotation found and supported for autowiring
10:02:14,328  INFO Test worker support.SimpleJobLauncher:201 - No TaskExecutor has been set, defaulting to synchronous executor.
10:02:14,341  INFO Test worker support.GenericApplicationContext:985 - Closing org.springframework.context.support.GenericApplicationContext@5106c432: startup date [Thu Mar 23 10:02:00 CDT 2017]; root of context hierarchy
10:02:14,359  INFO Test worker support.SimpleJobLauncher:139 - Job: [JsrFlowJob: [name=job1]] launched with the following parameters: [{}]
10:02:14,362  INFO Test worker job.SimpleStepHandler:146 - Executing step: [step1]
One
Two
10:02:14,369  INFO Test worker job.SimpleStepHandler:146 - Executing step: [step2]
Three
Four
10:02:14,377  INFO Test worker job.SimpleStepHandler:146 - Executing step: [step3]
Five
Six
10:02:14,381  INFO Test worker support.SimpleJobLauncher:142 - Job: [JsrFlowJob: [name=job1]] completed with the following parameters: [{}] and the following status: [COMPLETED]
]]></system-out>
  <system-err><![CDATA[]]></system-err>
</testsuite>
