<?xml version="1.0" encoding="UTF-8"?>
<testsuite name="org.springframework.batch.core.repository.dao.DateFormatTests" tests="6" skipped="0" failures="0" errors="0" timestamp="2017-03-23T15:02:34" hostname="Michaels-MacBook-Pro-3.local" time="0.006">
  <properties/>
  <testcase name="testDateFormat[0]" classname="org.springframework.batch.core.repository.dao.DateFormatTests" time="0.002"/>
  <testcase name="testDateFormat[1]" classname="org.springframework.batch.core.repository.dao.DateFormatTests" time="0.0"/>
  <testcase name="testDateFormat[2]" classname="org.springframework.batch.core.repository.dao.DateFormatTests" time="0.0"/>
  <testcase name="testDateFormat[3]" classname="org.springframework.batch.core.repository.dao.DateFormatTests" time="0.0"/>
  <testcase name="testDateFormat[4]" classname="org.springframework.batch.core.repository.dao.DateFormatTests" time="0.0"/>
  <testcase name="testDateFormat[5]" classname="org.springframework.batch.core.repository.dao.DateFormatTests" time="0.0"/>
  <system-out><![CDATA[]]></system-out>
  <system-err><![CDATA[]]></system-err>
</testsuite>
