<?xml version="1.0" encoding="UTF-8"?>
<testsuite name="org.springframework.batch.core.configuration.support.GenericApplicationContextFactoryTests" tests="14" skipped="0" failures="0" errors="0" timestamp="2017-03-23T15:01:52" hostname="Michaels-MacBook-Pro-3.local" time="0.627">
  <properties/>
  <testcase name="testBeanFactoryConfigurationNotCopied" classname="org.springframework.batch.core.configuration.support.GenericApplicationContextFactoryTests" time="0.049"/>
  <testcase name="testBeanFactoryPostProcessorOrderRespected" classname="org.springframework.batch.core.configuration.support.GenericApplicationContextFactoryTests" time="0.036"/>
  <testcase name="testParentConfigurationInherited" classname="org.springframework.batch.core.configuration.support.GenericApplicationContextFactoryTests" time="0.04"/>
  <testcase name="testBeanFactoryPostProcessorsNotCopied" classname="org.springframework.batch.core.configuration.support.GenericApplicationContextFactoryTests" time="0.034"/>
  <testcase name="testParentConfigurationInheritedMultipleConfigs" classname="org.springframework.batch.core.configuration.support.GenericApplicationContextFactoryTests" time="0.113"/>
  <testcase name="testGetJobName" classname="org.springframework.batch.core.configuration.support.GenericApplicationContextFactoryTests" time="0.015"/>
  <testcase name="testEqualsMultileConfigs" classname="org.springframework.batch.core.configuration.support.GenericApplicationContextFactoryTests" time="0.0"/>
  <testcase name="testDifferentResourceTypes" classname="org.springframework.batch.core.configuration.support.GenericApplicationContextFactoryTests" time="0.001"/>
  <testcase name="testBeanFactoryProfileRespected" classname="org.springframework.batch.core.configuration.support.GenericApplicationContextFactoryTests" time="0.061"/>
  <testcase name="testCreateJob" classname="org.springframework.batch.core.configuration.support.GenericApplicationContextFactoryTests" time="0.022"/>
  <testcase name="testEquals" classname="org.springframework.batch.core.configuration.support.GenericApplicationContextFactoryTests" time="0.0"/>
  <testcase name="testParentChildLifecycleEvents" classname="org.springframework.batch.core.configuration.support.GenericApplicationContextFactoryTests" time="0.1"/>
  <testcase name="testPackageScanning" classname="org.springframework.batch.core.configuration.support.GenericApplicationContextFactoryTests" time="0.113"/>
  <testcase name="testMultipleConfigurationClasses" classname="org.springframework.batch.core.configuration.support.GenericApplicationContextFactoryTests" time="0.037"/>
  <system-out><![CDATA[10:01:52,944  INFO Test worker support.ClassPathXmlApplicationContext:581 - Refreshing org.springframework.context.support.ClassPathXmlApplicationContext@43cc588e: startup date [Thu Mar 23 10:01:52 CDT 2017]; root of context hierarchy
10:01:52,945  INFO Test worker xml.XmlBeanDefinitionReader:317 - Loading XML bean definitions from class path resource [org/springframework/batch/core/configuration/support/parent-context.xml]
10:01:52,977  INFO Test worker xml.XmlBeanDefinitionReader:317 - Loading XML bean definitions from class path resource [org/springframework/batch/core/configuration/support/child-context.xml]
10:01:52,986  INFO Test worker support.GenericApplicationContextFactory$ResourceXmlApplicationContext:581 - Refreshing ResourceXmlApplicationContext:file:/Users/mminella/Documents/IntelliJWorkspace/spring-batch/spring-batch-core/build/resources/test/org/springframework/batch/core/configuration/support/child-context.xml
10:01:52,993  INFO Test worker support.ClassPathXmlApplicationContext:581 - Refreshing org.springframework.context.support.ClassPathXmlApplicationContext@754eafd7: startup date [Thu Mar 23 10:01:52 CDT 2017]; root of context hierarchy
10:01:52,994  INFO Test worker xml.XmlBeanDefinitionReader:317 - Loading XML bean definitions from class path resource [org/springframework/batch/core/configuration/support/parent-context.xml]
10:01:53,007  INFO Test worker xml.XmlBeanDefinitionReader:317 - Loading XML bean definitions from class path resource [org/springframework/batch/core/configuration/support/placeholder-context.xml]
10:01:53,019  INFO Test worker support.GenericApplicationContextFactory$ResourceXmlApplicationContext:581 - Refreshing ResourceXmlApplicationContext:file:/Users/mminella/Documents/IntelliJWorkspace/spring-batch/spring-batch-core/build/resources/test/org/springframework/batch/core/configuration/support/placeholder-context.xml
10:01:53,029  INFO Test worker support.ClassPathXmlApplicationContext:581 - Refreshing org.springframework.context.support.ClassPathXmlApplicationContext@5c87c7be: startup date [Thu Mar 23 10:01:53 CDT 2017]; root of context hierarchy
10:01:53,030  INFO Test worker xml.XmlBeanDefinitionReader:317 - Loading XML bean definitions from class path resource [org/springframework/batch/core/configuration/support/parent-context.xml]
10:01:53,049  INFO Test worker xml.XmlBeanDefinitionReader:317 - Loading XML bean definitions from class path resource [org/springframework/batch/core/configuration/support/child-context.xml]
10:01:53,063  INFO Test worker support.GenericApplicationContextFactory$ResourceXmlApplicationContext:581 - Refreshing ResourceXmlApplicationContext:file:/Users/mminella/Documents/IntelliJWorkspace/spring-batch/spring-batch-core/build/resources/test/org/springframework/batch/core/configuration/support/child-context.xml
10:01:53,070  INFO Test worker support.ClassPathXmlApplicationContext:581 - Refreshing org.springframework.context.support.ClassPathXmlApplicationContext@446de51f: startup date [Thu Mar 23 10:01:53 CDT 2017]; root of context hierarchy
10:01:53,071  INFO Test worker xml.XmlBeanDefinitionReader:317 - Loading XML bean definitions from class path resource [org/springframework/batch/core/configuration/support/parent-context.xml]
10:01:53,088  INFO Test worker xml.XmlBeanDefinitionReader:317 - Loading XML bean definitions from class path resource [org/springframework/batch/core/configuration/support/child-context.xml]
10:01:53,099  INFO Test worker support.GenericApplicationContextFactory$ResourceXmlApplicationContext:581 - Refreshing ResourceXmlApplicationContext:file:/Users/mminella/Documents/IntelliJWorkspace/spring-batch/spring-batch-core/build/resources/test/org/springframework/batch/core/configuration/support/child-context.xml
10:01:53,104  INFO Test worker xml.XmlBeanDefinitionReader:317 - Loading XML bean definitions from class path resource [org/springframework/batch/core/configuration/support/abstract-context.xml]
10:01:53,143  INFO Test worker xml.XmlBeanDefinitionReader:317 - Loading XML bean definitions from class path resource [org/springframework/batch/core/configuration/support/child-context-with-abstract-job.xml]
10:01:53,153  INFO Test worker support.GenericApplicationContextFactory$ResourceXmlApplicationContext:581 - Refreshing ResourceXmlApplicationContext:file:/Users/mminella/Documents/IntelliJWorkspace/spring-batch/spring-batch-core/build/resources/test/org/springframework/batch/core/configuration/support/abstract-context.xml,file:/Users/mminella/Documents/IntelliJWorkspace/spring-batch/spring-batch-core/build/resources/test/org/springframework/batch/core/configuration/support/child-context-with-abstract-job.xml
10:01:53,167  INFO Test worker annotation.AutowiredAnnotationBeanPostProcessor:151 - JSR-330 'javax.inject.Inject' annotation found and supported for autowiring
10:01:53,218  INFO Test worker xml.XmlBeanDefinitionReader:317 - Loading XML bean definitions from class path resource [org/springframework/batch/core/configuration/support/trivial-context.xml]
10:01:53,228  INFO Test worker support.GenericApplicationContextFactory$ResourceXmlApplicationContext:581 - Refreshing ResourceXmlApplicationContext:file:/Users/mminella/Documents/IntelliJWorkspace/spring-batch/spring-batch-core/build/resources/test/org/springframework/batch/core/configuration/support/trivial-context.xml
10:01:53,236  INFO Test worker support.ClassPathXmlApplicationContext:581 - Refreshing org.springframework.context.support.ClassPathXmlApplicationContext@39bbe04a: startup date [Thu Mar 23 10:01:53 CDT 2017]; root of context hierarchy
10:01:53,237  INFO Test worker xml.XmlBeanDefinitionReader:317 - Loading XML bean definitions from class path resource [org/springframework/batch/core/configuration/support/parent-context.xml]
10:01:53,255  INFO Test worker xml.XmlBeanDefinitionReader:317 - Loading XML bean definitions from class path resource [org/springframework/batch/core/configuration/support/profiles.xml]
10:01:53,275  INFO Test worker xml.DefaultBeanDefinitionDocumentReader:133 - Skipped XML bean definition file due to specified profiles [other] not matching: class path resource [org/springframework/batch/core/configuration/support/profiles.xml]
10:01:53,275  INFO Test worker support.GenericApplicationContextFactory$ResourceXmlApplicationContext:581 - Refreshing ResourceXmlApplicationContext:file:/Users/mminella/Documents/IntelliJWorkspace/spring-batch/spring-batch-core/build/resources/test/org/springframework/batch/core/configuration/support/profiles.xml
10:01:53,296  INFO Test worker xml.XmlBeanDefinitionReader:317 - Loading XML bean definitions from class path resource [org/springframework/batch/core/configuration/support/trivial-context.xml]
10:01:53,312  INFO Test worker support.GenericApplicationContextFactory$ResourceXmlApplicationContext:581 - Refreshing ResourceXmlApplicationContext:file:/Users/mminella/Documents/IntelliJWorkspace/spring-batch/spring-batch-core/build/resources/test/org/springframework/batch/core/configuration/support/trivial-context.xml
10:01:53,324  INFO Test worker annotation.AnnotationConfigApplicationContext:581 - Refreshing org.springframework.context.annotation.AnnotationConfigApplicationContext@2c936949: startup date [Thu Mar 23 10:01:53 CDT 2017]; root of context hierarchy
10:01:53,329  INFO Test worker annotation.AutowiredAnnotationBeanPostProcessor:151 - JSR-330 'javax.inject.Inject' annotation found and supported for autowiring
10:01:53,370  INFO Test worker support.GenericApplicationContextFactory$ResourceAnnotationApplicationContext:581 - Refreshing ResourceAnnotationApplicationContext:org.springframework.batch.core.configuration.support.GenericApplicationContextFactoryTests$ChildContextConfiguration
10:01:53,381  INFO Test worker annotation.AutowiredAnnotationBeanPostProcessor:151 - JSR-330 'javax.inject.Inject' annotation found and supported for autowiring
10:01:53,460  INFO Test worker support.GenericApplicationContextFactory$ResourceAnnotationApplicationContext:581 - Refreshing ResourceAnnotationApplicationContext:[org.springframework.batch.core.configuration.support]
10:01:53,475  INFO Test worker annotation.AutowiredAnnotationBeanPostProcessor:151 - JSR-330 'javax.inject.Inject' annotation found and supported for autowiring
10:01:53,536  INFO Test worker support.GenericApplicationContextFactory$ResourceAnnotationApplicationContext:581 - Refreshing ResourceAnnotationApplicationContext:org.springframework.batch.core.configuration.support.GenericApplicationContextFactoryTests$Configuration1,org.springframework.batch.core.configuration.support.GenericApplicationContextFactoryTests$Configuration2
10:01:53,539  INFO Test worker annotation.AutowiredAnnotationBeanPostProcessor:151 - JSR-330 'javax.inject.Inject' annotation found and supported for autowiring
]]></system-out>
  <system-err><![CDATA[]]></system-err>
</testsuite>
