<?xml version="1.0" encoding="UTF-8"?>
<testsuite name="org.springframework.batch.core.jsr.configuration.xml.BatchParserTests" tests="3" skipped="0" failures="0" errors="0" timestamp="2017-03-23T15:02:12" hostname="Michaels-MacBook-Pro-3.local" time="0.038">
  <properties/>
  <testcase name="testOverrideBeansFirst" classname="org.springframework.batch.core.jsr.configuration.xml.BatchParserTests" time="0.02"/>
  <testcase name="testRoseyScenario" classname="org.springframework.batch.core.jsr.configuration.xml.BatchParserTests" time="0.013"/>
  <testcase name="testOverrideBeansLast" classname="org.springframework.batch.core.jsr.configuration.xml.BatchParserTests" time="0.005"/>
  <system-out><![CDATA[10:02:12,389  INFO Test worker xml.XmlBeanDefinitionReader:317 - Loading XML bean definitions from class path resource [org/springframework/batch/core/jsr/configuration/xml/override_batch.xml]
10:02:12,393  INFO Test worker xml.XmlBeanDefinitionReader:317 - Loading XML bean definitions from class path resource [org/springframework/batch/core/jsr/configuration/xml/batch.xml]
10:02:12,402  INFO Test worker xml.BatchParser:74 - Ignoring batch.xml bean defintion for itemProcessor because another bean of the same name has been registered
10:02:12,403  INFO Test worker xml.JsrXmlApplicationContext:581 - Refreshing org.springframework.batch.core.jsr.configuration.xml.JsrXmlApplicationContext@4cdc790c: startup date [Thu Mar 23 10:02:12 CDT 2017]; root of context hierarchy
10:02:12,404  INFO Test worker xml.JsrXmlApplicationContext:985 - Closing org.springframework.batch.core.jsr.configuration.xml.JsrXmlApplicationContext@4cdc790c: startup date [Thu Mar 23 10:02:12 CDT 2017]; root of context hierarchy
10:02:12,404  INFO Test worker xml.XmlBeanDefinitionReader:317 - Loading XML bean definitions from class path resource [org/springframework/batch/core/jsr/configuration/xml/batch.xml]
10:02:12,407  INFO Test worker xml.JsrXmlApplicationContext:581 - Refreshing org.springframework.batch.core.jsr.configuration.xml.JsrXmlApplicationContext@12c1b59d: startup date [Thu Mar 23 10:02:12 CDT 2017]; root of context hierarchy
10:02:12,409  INFO Test worker support.DefaultListableBeanFactory:818 - Overriding bean definition for bean 'itemProcessor' with a different definition: replacing [Generic bean: class [org.springframework.batch.item.support.PassThroughItemProcessor]; scope=step; abstract=false; lazyInit=false; autowireMode=0; dependencyCheck=0; autowireCandidate=false; primary=false; factoryBeanName=null; factoryMethodName=null; initMethodName=null; destroyMethodName=null] with [Root bean: class [org.springframework.aop.scope.ScopedProxyFactoryBean]; scope=; abstract=false; lazyInit=false; autowireMode=0; dependencyCheck=0; autowireCandidate=true; primary=false; factoryBeanName=null; factoryMethodName=null; initMethodName=null; destroyMethodName=null; defined in BeanDefinition defined in null]
10:02:12,409  INFO Test worker annotation.AutowiredAnnotationBeanPostProcessor:151 - JSR-330 'javax.inject.Inject' annotation found and supported for autowiring
10:02:12,417  INFO Test worker xml.JsrXmlApplicationContext:985 - Closing org.springframework.batch.core.jsr.configuration.xml.JsrXmlApplicationContext@12c1b59d: startup date [Thu Mar 23 10:02:12 CDT 2017]; root of context hierarchy
10:02:12,417  INFO Test worker xml.XmlBeanDefinitionReader:317 - Loading XML bean definitions from class path resource [org/springframework/batch/core/jsr/configuration/xml/batch.xml]
10:02:12,420  INFO Test worker xml.XmlBeanDefinitionReader:317 - Loading XML bean definitions from class path resource [org/springframework/batch/core/jsr/configuration/xml/override_batch.xml]
10:02:12,421  INFO Test worker support.DefaultListableBeanFactory:818 - Overriding bean definition for bean 'itemProcessor' with a different definition: replacing [Generic bean: class [org.springframework.batch.item.support.PassThroughItemProcessor]; scope=step; abstract=false; lazyInit=false; autowireMode=0; dependencyCheck=0; autowireCandidate=true; primary=false; factoryBeanName=null; factoryMethodName=null; initMethodName=null; destroyMethodName=null] with [Generic bean: class [org.springframework.batch.core.configuration.xml.DummyItemProcessor]; scope=; abstract=false; lazyInit=false; autowireMode=0; dependencyCheck=0; autowireCandidate=true; primary=false; factoryBeanName=null; factoryMethodName=null; initMethodName=null; destroyMethodName=null; defined in class path resource [org/springframework/batch/core/jsr/configuration/xml/override_batch.xml]]
10:02:12,421  INFO Test worker xml.JsrXmlApplicationContext:581 - Refreshing org.springframework.batch.core.jsr.configuration.xml.JsrXmlApplicationContext@d2e841: startup date [Thu Mar 23 10:02:12 CDT 2017]; root of context hierarchy
10:02:12,422  INFO Test worker xml.JsrXmlApplicationContext:985 - Closing org.springframework.batch.core.jsr.configuration.xml.JsrXmlApplicationContext@d2e841: startup date [Thu Mar 23 10:02:12 CDT 2017]; root of context hierarchy
]]></system-out>
  <system-err><![CDATA[]]></system-err>
</testsuite>
