<?xml version="1.0" encoding="UTF-8"?>
<testsuite name="org.springframework.batch.core.DefaultJobKeyGeneratorTests" tests="4" skipped="0" failures="0" errors="0" timestamp="2017-03-23T15:02:09" hostname="Michaels-MacBook-Pro-3.local" time="0.001">
  <properties/>
  <testcase name="testCreateJobKey" classname="org.springframework.batch.core.DefaultJobKeyGeneratorTests" time="0.0"/>
  <testcase name="testCreateJobKeyOrdering" classname="org.springframework.batch.core.DefaultJobKeyGeneratorTests" time="0.0"/>
  <testcase name="testCreateJobKeyWithNullParameter" classname="org.springframework.batch.core.DefaultJobKeyGeneratorTests" time="0.0"/>
  <testcase name="testMixedParameters" classname="org.springframework.batch.core.DefaultJobKeyGeneratorTests" time="0.0"/>
  <system-out><![CDATA[]]></system-out>
  <system-err><![CDATA[]]></system-err>
</testsuite>
