<?xml version="1.0" encoding="UTF-8"?>
<testsuite name="org.springframework.batch.core.configuration.xml.PartitionStepWithFlowParserTests" tests="1" skipped="0" failures="0" errors="0" timestamp="2017-03-23T15:02:01" hostname="Michaels-MacBook-Pro-3.local" time="0.315">
  <properties/>
  <testcase name="testRepeatedFlowStep" classname="org.springframework.batch.core.configuration.xml.PartitionStepWithFlowParserTests" time="0.315"/>
  <system-out><![CDATA[10:02:01,422  INFO Test worker support.AbstractContextLoader:252 - Detected default resource location "classpath:org/springframework/batch/core/configuration/xml/PartitionStepWithFlowParserTests-context.xml" for test class [org.springframework.batch.core.configuration.xml.PartitionStepWithFlowParserTests]
10:02:01,422  INFO Test worker support.AbstractDelegatingSmartContextLoader:176 - GenericXmlContextLoader detected default locations for context configuration [ContextConfigurationAttributes@68d101d5 declaringClass = 'org.springframework.batch.core.configuration.xml.PartitionStepWithFlowParserTests', classes = '{}', locations = '{classpath:org/springframework/batch/core/configuration/xml/PartitionStepWithFlowParserTests-context.xml}', inheritLocations = true, initializers = '{}', inheritInitializers = true, name = [null], contextLoaderClass = 'org.springframework.test.context.ContextLoader'].
10:02:01,424  INFO Test worker support.AnnotationConfigContextLoaderUtils:81 - Could not detect default configuration classes for test class [org.springframework.batch.core.configuration.xml.PartitionStepWithFlowParserTests]: PartitionStepWithFlowParserTests does not declare any static, non-private, non-final, nested classes annotated with @Configuration.
10:02:01,425  INFO Test worker support.DefaultTestContextBootstrapper:260 - Loaded default TestExecutionListener class names from location [META-INF/spring.factories]: [org.springframework.test.context.web.ServletTestExecutionListener, org.springframework.test.context.support.DirtiesContextBeforeModesTestExecutionListener, org.springframework.test.context.support.DependencyInjectionTestExecutionListener, org.springframework.test.context.support.DirtiesContextTestExecutionListener, org.springframework.test.context.transaction.TransactionalTestExecutionListener, org.springframework.test.context.jdbc.SqlScriptsTestExecutionListener]
10:02:01,427  INFO Test worker support.DefaultTestContextBootstrapper:209 - Could not instantiate TestExecutionListener [org.springframework.test.context.web.ServletTestExecutionListener]. Specify custom listener classes or make the default listener classes (and their required dependencies) available. Offending class: [javax/servlet/ServletContext]
10:02:01,427  INFO Test worker support.DefaultTestContextBootstrapper:187 - Using TestExecutionListeners: [org.springframework.test.context.support.DirtiesContextBeforeModesTestExecutionListener@7015e0a, org.springframework.test.context.support.DependencyInjectionTestExecutionListener@18cfe3e2, org.springframework.test.context.support.DirtiesContextTestExecutionListener@66fb71e3, org.springframework.test.context.transaction.TransactionalTestExecutionListener@4a402bed, org.springframework.test.context.jdbc.SqlScriptsTestExecutionListener@47bccda1]
10:02:01,428  INFO Test worker xml.XmlBeanDefinitionReader:317 - Loading XML bean definitions from class path resource [org/springframework/batch/core/configuration/xml/PartitionStepWithFlowParserTests-context.xml]
10:02:01,439  INFO Test worker xml.XmlBeanDefinitionReader:317 - Loading XML bean definitions from class path resource [org/springframework/batch/core/configuration/xml/common-context.xml]
10:02:01,452  INFO Test worker support.GenericApplicationContext:581 - Refreshing org.springframework.context.support.GenericApplicationContext@200bf647: startup date [Thu Mar 23 10:02:01 CDT 2017]; root of context hierarchy
10:02:01,467  INFO Test worker annotation.AutowiredAnnotationBeanPostProcessor:151 - JSR-330 'javax.inject.Inject' annotation found and supported for autowiring
10:02:01,535  INFO Test worker job.SimpleStepHandler:146 - Executing step: [s1]
10:02:01,549  INFO Test worker job.SimpleStepHandler:146 - Executing step: [s2]
10:02:01,564  INFO Test worker job.SimpleStepHandler:146 - Executing step: [s3]
10:02:01,579  INFO Test worker job.SimpleStepHandler:119 - Duplicate step [s2] detected in execution of job=[job1]. If either step fails, both will be executed again on restart.
10:02:01,585  INFO Test worker job.SimpleStepHandler:146 - Executing step: [s2]
10:02:01,597  INFO Test worker job.SimpleStepHandler:119 - Duplicate step [s3] detected in execution of job=[job1]. If either step fails, both will be executed again on restart.
10:02:01,603  INFO Test worker job.SimpleStepHandler:146 - Executing step: [s3]
10:02:01,622  INFO Test worker job.SimpleStepHandler:119 - Duplicate step [s1] detected in execution of job=[job1]. If either step fails, both will be executed again on restart.
10:02:01,629  INFO Test worker job.SimpleStepHandler:146 - Executing step: [s1]
10:02:01,665  INFO Test worker job.SimpleStepHandler:119 - Duplicate step [s2] detected in execution of job=[job1]. If either step fails, both will be executed again on restart.
10:02:01,675  INFO Test worker job.SimpleStepHandler:146 - Executing step: [s2]
10:02:01,717  INFO Test worker job.SimpleStepHandler:119 - Duplicate step [s3] detected in execution of job=[job1]. If either step fails, both will be executed again on restart.
10:02:01,757  INFO Test worker job.SimpleStepHandler:146 - Executing step: [s3]
10:02:01,784  INFO Test worker job.SimpleStepHandler:119 - Duplicate step [s2] detected in execution of job=[job1]. If either step fails, both will be executed again on restart.
10:02:01,796  INFO Test worker job.SimpleStepHandler:146 - Executing step: [s2]
10:02:01,823  INFO Test worker job.SimpleStepHandler:119 - Duplicate step [s3] detected in execution of job=[job1]. If either step fails, both will be executed again on restart.
10:02:01,838  INFO Test worker job.SimpleStepHandler:146 - Executing step: [s3]
]]></system-out>
  <system-err><![CDATA[]]></system-err>
</testsuite>
