<?xml version="1.0" encoding="UTF-8"?>
<testsuite name="org.springframework.batch.core.JobParametersBuilderTests" tests="7" skipped="0" failures="0" errors="0" timestamp="2017-03-23T15:02:12" hostname="Michaels-MacBook-Pro-3.local" time="0.001">
  <properties/>
  <testcase name="testOrderedTypes" classname="org.springframework.batch.core.JobParametersBuilderTests" time="0.0"/>
  <testcase name="testAddJobParameter" classname="org.springframework.batch.core.JobParametersBuilderTests" time="0.001"/>
  <testcase name="testCopy" classname="org.springframework.batch.core.JobParametersBuilderTests" time="0.0"/>
  <testcase name="testToJobRuntimeParamters" classname="org.springframework.batch.core.JobParametersBuilderTests" time="0.0"/>
  <testcase name="testNonIdentifyingParameters" classname="org.springframework.batch.core.JobParametersBuilderTests" time="0.0"/>
  <testcase name="testOrderedStrings" classname="org.springframework.batch.core.JobParametersBuilderTests" time="0.0"/>
  <testcase name="testNullRuntimeParamters" classname="org.springframework.batch.core.JobParametersBuilderTests" time="0.0"/>
  <system-out><![CDATA[]]></system-out>
  <system-err><![CDATA[]]></system-err>
</testsuite>
