<?xml version="1.0" encoding="UTF-8"?>
<testsuite name="org.springframework.batch.core.scope.AsyncJobScopeIntegrationTests" tests="3" skipped="0" failures="0" errors="0" timestamp="2017-03-23T15:02:41" hostname="Michaels-MacBook-Pro-3.local" time="0.014">
  <properties/>
  <testcase name="testSimpleProperty" classname="org.springframework.batch.core.scope.AsyncJobScopeIntegrationTests" time="0.005"/>
  <testcase name="testGetMultipleInMultipleThreads" classname="org.springframework.batch.core.scope.AsyncJobScopeIntegrationTests" time="0.005"/>
  <testcase name="testGetSameInMultipleThreads" classname="org.springframework.batch.core.scope.AsyncJobScopeIntegrationTests" time="0.004"/>
  <system-out><![CDATA[10:02:41,316  INFO Test worker support.AbstractContextLoader:252 - Detected default resource location "classpath:org/springframework/batch/core/scope/AsyncJobScopeIntegrationTests-context.xml" for test class [org.springframework.batch.core.scope.AsyncJobScopeIntegrationTests]
10:02:41,316  INFO Test worker support.AbstractDelegatingSmartContextLoader:176 - GenericXmlContextLoader detected default locations for context configuration [ContextConfigurationAttributes@35d600b7 declaringClass = 'org.springframework.batch.core.scope.AsyncJobScopeIntegrationTests', classes = '{}', locations = '{classpath:org/springframework/batch/core/scope/AsyncJobScopeIntegrationTests-context.xml}', inheritLocations = true, initializers = '{}', inheritInitializers = true, name = [null], contextLoaderClass = 'org.springframework.test.context.ContextLoader'].
10:02:41,316  INFO Test worker support.AnnotationConfigContextLoaderUtils:81 - Could not detect default configuration classes for test class [org.springframework.batch.core.scope.AsyncJobScopeIntegrationTests]: AsyncJobScopeIntegrationTests does not declare any static, non-private, non-final, nested classes annotated with @Configuration.
10:02:41,317  INFO Test worker support.DefaultTestContextBootstrapper:260 - Loaded default TestExecutionListener class names from location [META-INF/spring.factories]: [org.springframework.test.context.web.ServletTestExecutionListener, org.springframework.test.context.support.DirtiesContextBeforeModesTestExecutionListener, org.springframework.test.context.support.DependencyInjectionTestExecutionListener, org.springframework.test.context.support.DirtiesContextTestExecutionListener, org.springframework.test.context.transaction.TransactionalTestExecutionListener, org.springframework.test.context.jdbc.SqlScriptsTestExecutionListener]
10:02:41,318  INFO Test worker support.DefaultTestContextBootstrapper:209 - Could not instantiate TestExecutionListener [org.springframework.test.context.web.ServletTestExecutionListener]. Specify custom listener classes or make the default listener classes (and their required dependencies) available. Offending class: [javax/servlet/ServletContext]
10:02:41,318  INFO Test worker support.DefaultTestContextBootstrapper:187 - Using TestExecutionListeners: [org.springframework.test.context.support.DirtiesContextBeforeModesTestExecutionListener@567645e0, org.springframework.test.context.support.DependencyInjectionTestExecutionListener@396aaed8, org.springframework.test.context.support.DirtiesContextTestExecutionListener@24e11cde, org.springframework.test.context.transaction.TransactionalTestExecutionListener@307c7984, org.springframework.test.context.jdbc.SqlScriptsTestExecutionListener@5441632e]
10:02:41,319  INFO Test worker xml.XmlBeanDefinitionReader:317 - Loading XML bean definitions from class path resource [org/springframework/batch/core/scope/AsyncJobScopeIntegrationTests-context.xml]
10:02:41,325  INFO Test worker support.GenericApplicationContext:581 - Refreshing org.springframework.context.support.GenericApplicationContext@38311b10: startup date [Thu Mar 23 10:02:41 CDT 2017]; root of context hierarchy
10:02:41,329  INFO Test worker support.DefaultListableBeanFactory:818 - Overriding bean definition for bean 'simple' with a different definition: replacing [Generic bean: class [org.springframework.batch.core.scope.TestCollaborator]; scope=job; abstract=false; lazyInit=false; autowireMode=0; dependencyCheck=0; autowireCandidate=false; primary=false; factoryBeanName=null; factoryMethodName=null; initMethodName=null; destroyMethodName=null; defined in class path resource [org/springframework/batch/core/scope/AsyncJobScopeIntegrationTests-context.xml]] with [Root bean: class [org.springframework.aop.scope.ScopedProxyFactoryBean]; scope=; abstract=false; lazyInit=false; autowireMode=0; dependencyCheck=0; autowireCandidate=true; primary=false; factoryBeanName=null; factoryMethodName=null; initMethodName=null; destroyMethodName=null; defined in BeanDefinition defined in class path resource [org/springframework/batch/core/scope/AsyncJobScopeIntegrationTests-context.xml]]
10:02:41,329  INFO Test worker annotation.AutowiredAnnotationBeanPostProcessor:151 - JSR-330 'javax.inject.Inject' annotation found and supported for autowiring
10:02:41,353  INFO Test worker support.GenericApplicationContext:985 - Closing org.springframework.context.support.GenericApplicationContext@7f96d6cd: startup date [Thu Mar 23 10:02:03 CDT 2017]; root of context hierarchy
]]></system-out>
  <system-err><![CDATA[]]></system-err>
</testsuite>
