<?xml version="1.0" encoding="UTF-8"?>
<testsuite name="org.springframework.batch.core.listener.CompositeJobExecutionListenerTests" tests="3" skipped="0" failures="0" errors="0" timestamp="2017-03-23T15:02:33" hostname="Michaels-MacBook-Pro-3.local" time="0.003">
  <properties/>
  <testcase name="testSetListener" classname="org.springframework.batch.core.listener.CompositeJobExecutionListenerTests" time="0.0"/>
  <testcase name="testOpen" classname="org.springframework.batch.core.listener.CompositeJobExecutionListenerTests" time="0.001"/>
  <testcase name="testSetListeners" classname="org.springframework.batch.core.listener.CompositeJobExecutionListenerTests" time="0.002"/>
  <system-out><![CDATA[]]></system-out>
  <system-err><![CDATA[]]></system-err>
</testsuite>
