<?xml version="1.0" encoding="UTF-8"?>
<testsuite name="org.springframework.batch.core.scope.StepScopeStartupIntegrationTests" tests="1" skipped="0" failures="0" errors="0" timestamp="2017-03-23T15:02:44" hostname="Michaels-MacBook-Pro-3.local" time="0.0">
  <properties/>
  <testcase name="testScopedProxyDuringStartup" classname="org.springframework.batch.core.scope.StepScopeStartupIntegrationTests" time="0.0"/>
  <system-out><![CDATA[10:02:44,364  INFO Test worker support.AbstractContextLoader:252 - Detected default resource location "classpath:org/springframework/batch/core/scope/StepScopeStartupIntegrationTests-context.xml" for test class [org.springframework.batch.core.scope.StepScopeStartupIntegrationTests]
10:02:44,364  INFO Test worker support.AbstractDelegatingSmartContextLoader:176 - GenericXmlContextLoader detected default locations for context configuration [ContextConfigurationAttributes@838079b declaringClass = 'org.springframework.batch.core.scope.StepScopeStartupIntegrationTests', classes = '{}', locations = '{classpath:org/springframework/batch/core/scope/StepScopeStartupIntegrationTests-context.xml}', inheritLocations = true, initializers = '{}', inheritInitializers = true, name = [null], contextLoaderClass = 'org.springframework.test.context.ContextLoader'].
10:02:44,364  INFO Test worker support.AnnotationConfigContextLoaderUtils:81 - Could not detect default configuration classes for test class [org.springframework.batch.core.scope.StepScopeStartupIntegrationTests]: StepScopeStartupIntegrationTests does not declare any static, non-private, non-final, nested classes annotated with @Configuration.
10:02:44,365  INFO Test worker support.DefaultTestContextBootstrapper:260 - Loaded default TestExecutionListener class names from location [META-INF/spring.factories]: [org.springframework.test.context.web.ServletTestExecutionListener, org.springframework.test.context.support.DirtiesContextBeforeModesTestExecutionListener, org.springframework.test.context.support.DependencyInjectionTestExecutionListener, org.springframework.test.context.support.DirtiesContextTestExecutionListener, org.springframework.test.context.transaction.TransactionalTestExecutionListener, org.springframework.test.context.jdbc.SqlScriptsTestExecutionListener]
10:02:44,365  INFO Test worker support.DefaultTestContextBootstrapper:209 - Could not instantiate TestExecutionListener [org.springframework.test.context.web.ServletTestExecutionListener]. Specify custom listener classes or make the default listener classes (and their required dependencies) available. Offending class: [javax/servlet/ServletContext]
10:02:44,365  INFO Test worker support.DefaultTestContextBootstrapper:187 - Using TestExecutionListeners: [org.springframework.test.context.support.DirtiesContextBeforeModesTestExecutionListener@605f7cb9, org.springframework.test.context.support.DependencyInjectionTestExecutionListener@5a7a36a, org.springframework.test.context.support.DirtiesContextTestExecutionListener@4e047300, org.springframework.test.context.transaction.TransactionalTestExecutionListener@28a0c824, org.springframework.test.context.jdbc.SqlScriptsTestExecutionListener@3381c33d]
10:02:44,366  INFO Test worker xml.XmlBeanDefinitionReader:317 - Loading XML bean definitions from class path resource [org/springframework/batch/core/scope/StepScopeStartupIntegrationTests-context.xml]
10:02:44,373  INFO Test worker support.GenericApplicationContext:581 - Refreshing org.springframework.context.support.GenericApplicationContext@b859ad4: startup date [Thu Mar 23 10:02:44 CDT 2017]; root of context hierarchy
10:02:44,376  INFO Test worker annotation.AutowiredAnnotationBeanPostProcessor:151 - JSR-330 'javax.inject.Inject' annotation found and supported for autowiring
10:02:44,400  INFO Test worker support.GenericApplicationContext:985 - Closing org.springframework.context.support.GenericApplicationContext@26d1fc3d: startup date [Thu Mar 23 10:02:09 CDT 2017]; root of context hierarchy
]]></system-out>
  <system-err><![CDATA[]]></system-err>
</testsuite>
