<?xml version="1.0" encoding="UTF-8"?>
<testsuite name="org.springframework.batch.core.repository.dao.MapJobExecutionDaoTests" tests="16" skipped="0" failures="0" errors="0" timestamp="2017-03-23T15:02:35" hostname="Michaels-MacBook-Pro-3.local" time="0.142">
  <properties/>
  <testcase name="testConcurrentSaveJobExecution" classname="org.springframework.batch.core.repository.dao.MapJobExecutionDaoTests" time="0.103"/>
  <testcase name="testPersistentCopy" classname="org.springframework.batch.core.repository.dao.MapJobExecutionDaoTests" time="0.003"/>
  <testcase name="testSynchronizeStatusUpgrade" classname="org.springframework.batch.core.repository.dao.MapJobExecutionDaoTests" time="0.002"/>
  <testcase name="testGetMissingLastExecution" classname="org.springframework.batch.core.repository.dao.MapJobExecutionDaoTests" time="0.0"/>
  <testcase name="testSaveAndFind" classname="org.springframework.batch.core.repository.dao.MapJobExecutionDaoTests" time="0.001"/>
  <testcase name="testGetLastExecution" classname="org.springframework.batch.core.repository.dao.MapJobExecutionDaoTests" time="0.003"/>
  <testcase name="testSynchronizeStatusDowngrade" classname="org.springframework.batch.core.repository.dao.MapJobExecutionDaoTests" time="0.003"/>
  <testcase name="testSaveAddsIdAndVersion" classname="org.springframework.batch.core.repository.dao.MapJobExecutionDaoTests" time="0.001"/>
  <testcase name="testGetExecution" classname="org.springframework.batch.core.repository.dao.MapJobExecutionDaoTests" time="0.002"/>
  <testcase name="testUpdateExecution" classname="org.springframework.batch.core.repository.dao.MapJobExecutionDaoTests" time="0.002"/>
  <testcase name="testFindExecutionsOrdering" classname="org.springframework.batch.core.repository.dao.MapJobExecutionDaoTests" time="0.016"/>
  <testcase name="testFindNonExistentExecutions" classname="org.springframework.batch.core.repository.dao.MapJobExecutionDaoTests" time="0.0"/>
  <testcase name="testGetMissingExecution" classname="org.springframework.batch.core.repository.dao.MapJobExecutionDaoTests" time="0.0"/>
  <testcase name="testNoRunningExecutions" classname="org.springframework.batch.core.repository.dao.MapJobExecutionDaoTests" time="0.0"/>
  <testcase name="testFindRunningExecutions" classname="org.springframework.batch.core.repository.dao.MapJobExecutionDaoTests" time="0.003"/>
  <testcase name="testConcurrentModificationException" classname="org.springframework.batch.core.repository.dao.MapJobExecutionDaoTests" time="0.002"/>
  <system-out><![CDATA[]]></system-out>
  <system-err><![CDATA[]]></system-err>
</testsuite>
