<?xml version="1.0" encoding="UTF-8"?>
<testsuite name="org.springframework.batch.core.configuration.xml.OneStepJobParserTests" tests="1" skipped="0" failures="0" errors="0" timestamp="2017-03-23T15:02:00" hostname="Michaels-MacBook-Pro-3.local" time="0.009">
  <properties/>
  <testcase name="testOneStep" classname="org.springframework.batch.core.configuration.xml.OneStepJobParserTests" time="0.009"/>
  <system-out><![CDATA[10:02:00,639  INFO Test worker support.AbstractContextLoader:252 - Detected default resource location "classpath:org/springframework/batch/core/configuration/xml/OneStepJobParserTests-context.xml" for test class [org.springframework.batch.core.configuration.xml.OneStepJobParserTests]
10:02:00,640  INFO Test worker support.AbstractDelegatingSmartContextLoader:176 - GenericXmlContextLoader detected default locations for context configuration [ContextConfigurationAttributes@59ce50f declaringClass = 'org.springframework.batch.core.configuration.xml.OneStepJobParserTests', classes = '{}', locations = '{classpath:org/springframework/batch/core/configuration/xml/OneStepJobParserTests-context.xml}', inheritLocations = true, initializers = '{}', inheritInitializers = true, name = [null], contextLoaderClass = 'org.springframework.test.context.ContextLoader'].
10:02:00,640  INFO Test worker support.AnnotationConfigContextLoaderUtils:81 - Could not detect default configuration classes for test class [org.springframework.batch.core.configuration.xml.OneStepJobParserTests]: OneStepJobParserTests does not declare any static, non-private, non-final, nested classes annotated with @Configuration.
10:02:00,642  INFO Test worker support.DefaultTestContextBootstrapper:260 - Loaded default TestExecutionListener class names from location [META-INF/spring.factories]: [org.springframework.test.context.web.ServletTestExecutionListener, org.springframework.test.context.support.DirtiesContextBeforeModesTestExecutionListener, org.springframework.test.context.support.DependencyInjectionTestExecutionListener, org.springframework.test.context.support.DirtiesContextTestExecutionListener, org.springframework.test.context.transaction.TransactionalTestExecutionListener, org.springframework.test.context.jdbc.SqlScriptsTestExecutionListener]
10:02:00,643  INFO Test worker support.DefaultTestContextBootstrapper:209 - Could not instantiate TestExecutionListener [org.springframework.test.context.web.ServletTestExecutionListener]. Specify custom listener classes or make the default listener classes (and their required dependencies) available. Offending class: [javax/servlet/ServletContext]
10:02:00,643  INFO Test worker support.DefaultTestContextBootstrapper:187 - Using TestExecutionListeners: [org.springframework.test.context.support.DirtiesContextBeforeModesTestExecutionListener@634bd2eb, org.springframework.test.context.support.DependencyInjectionTestExecutionListener@6b9d61f2, org.springframework.test.context.support.DirtiesContextTestExecutionListener@466d2c33, org.springframework.test.context.transaction.TransactionalTestExecutionListener@5cb10605, org.springframework.test.context.jdbc.SqlScriptsTestExecutionListener@61d04bf2]
10:02:00,644  INFO Test worker xml.XmlBeanDefinitionReader:317 - Loading XML bean definitions from class path resource [org/springframework/batch/core/configuration/xml/OneStepJobParserTests-context.xml]
10:02:00,659  INFO Test worker xml.XmlBeanDefinitionReader:317 - Loading XML bean definitions from class path resource [org/springframework/batch/core/configuration/xml/common-context.xml]
10:02:00,672  INFO Test worker support.GenericApplicationContext:581 - Refreshing org.springframework.context.support.GenericApplicationContext@614224cb: startup date [Thu Mar 23 10:02:00 CDT 2017]; root of context hierarchy
10:02:00,688  INFO Test worker annotation.AutowiredAnnotationBeanPostProcessor:151 - JSR-330 'javax.inject.Inject' annotation found and supported for autowiring
10:02:00,754  INFO Test worker job.SimpleStepHandler:146 - Executing step: [s1]
]]></system-out>
  <system-err><![CDATA[]]></system-err>
</testsuite>
