<?xml version="1.0" encoding="UTF-8"?>
<testsuite name="org.springframework.batch.core.step.item.AlmostStatefulRetryChunkTests" tests="16" skipped="0" failures="0" errors="0" timestamp="2017-03-23T15:02:44" hostname="Michaels-MacBook-Pro-3.local" time="0.009">
  <properties/>
  <testcase name="testRetry[0]" classname="org.springframework.batch.core.step.item.AlmostStatefulRetryChunkTests" time="0.001"/>
  <testcase name="testRetry[1]" classname="org.springframework.batch.core.step.item.AlmostStatefulRetryChunkTests" time="0.0"/>
  <testcase name="testRetry[2]" classname="org.springframework.batch.core.step.item.AlmostStatefulRetryChunkTests" time="0.0"/>
  <testcase name="testRetry[3]" classname="org.springframework.batch.core.step.item.AlmostStatefulRetryChunkTests" time="0.0"/>
  <testcase name="testRetry[4]" classname="org.springframework.batch.core.step.item.AlmostStatefulRetryChunkTests" time="0.001"/>
  <testcase name="testRetry[5]" classname="org.springframework.batch.core.step.item.AlmostStatefulRetryChunkTests" time="0.0"/>
  <testcase name="testRetry[6]" classname="org.springframework.batch.core.step.item.AlmostStatefulRetryChunkTests" time="0.001"/>
  <testcase name="testRetry[7]" classname="org.springframework.batch.core.step.item.AlmostStatefulRetryChunkTests" time="0.0"/>
  <testcase name="testRetry[8]" classname="org.springframework.batch.core.step.item.AlmostStatefulRetryChunkTests" time="0.0"/>
  <testcase name="testRetry[9]" classname="org.springframework.batch.core.step.item.AlmostStatefulRetryChunkTests" time="0.001"/>
  <testcase name="testRetry[10]" classname="org.springframework.batch.core.step.item.AlmostStatefulRetryChunkTests" time="0.0"/>
  <testcase name="testRetry[11]" classname="org.springframework.batch.core.step.item.AlmostStatefulRetryChunkTests" time="0.001"/>
  <testcase name="testRetry[12]" classname="org.springframework.batch.core.step.item.AlmostStatefulRetryChunkTests" time="0.0"/>
  <testcase name="testRetry[13]" classname="org.springframework.batch.core.step.item.AlmostStatefulRetryChunkTests" time="0.0"/>
  <testcase name="testRetry[14]" classname="org.springframework.batch.core.step.item.AlmostStatefulRetryChunkTests" time="0.0"/>
  <testcase name="testRetry[15]" classname="org.springframework.batch.core.step.item.AlmostStatefulRetryChunkTests" time="0.001"/>
  <system-out><![CDATA[]]></system-out>
  <system-err><![CDATA[]]></system-err>
</testsuite>
