<?xml version="1.0" encoding="UTF-8"?>
<testsuite name="org.springframework.batch.core.jsr.configuration.xml.ItemSkipParsingTests" tests="1" skipped="0" failures="0" errors="0" timestamp="2017-03-23T15:02:14" hostname="Michaels-MacBook-Pro-3.local" time="0.335">
  <properties/>
  <testcase name="test" classname="org.springframework.batch.core.jsr.configuration.xml.ItemSkipParsingTests" time="0.335"/>
  <system-out><![CDATA[Operator = org.springframework.batch.core.jsr.launch.JsrJobOperator@564b2f2c
10:02:14,384  INFO Test worker xml.XmlBeanDefinitionReader:317 - Loading XML bean definitions from class path resource [META-INF/batch.xml]
10:02:14,387  INFO Test worker xml.XmlBeanDefinitionReader:317 - Loading XML bean definitions from class path resource [META-INF/batch-jobs/ItemSkipParsingTests-context.xml]
10:02:14,388  INFO Test worker support.DefaultListableBeanFactory:818 - Overriding bean definition for bean 'job1' with a different definition: replacing [Generic bean: class [org.springframework.batch.core.jsr.configuration.xml.JsrFlowFactoryBean]; scope=; abstract=false; lazyInit=false; autowireMode=0; dependencyCheck=0; autowireCandidate=true; primary=false; factoryBeanName=null; factoryMethodName=null; initMethodName=null; destroyMethodName=null] with [Generic bean: class [org.springframework.batch.core.jsr.configuration.xml.JobFactoryBean]; scope=; abstract=false; lazyInit=true; autowireMode=0; dependencyCheck=0; autowireCandidate=true; primary=false; factoryBeanName=null; factoryMethodName=null; initMethodName=null; destroyMethodName=null]
10:02:14,389  INFO Test worker support.DefaultListableBeanFactory:818 - Overriding bean definition for bean 'skipListener' with a different definition: replacing [Generic bean: class [skipListener]; scope=step; abstract=false; lazyInit=false; autowireMode=0; dependencyCheck=0; autowireCandidate=true; primary=false; factoryBeanName=null; factoryMethodName=null; initMethodName=null; destroyMethodName=null] with [Generic bean: class [org.springframework.batch.core.jsr.configuration.xml.ItemSkipParsingTests$TestSkipListener]; scope=; abstract=false; lazyInit=false; autowireMode=0; dependencyCheck=0; autowireCandidate=true; primary=false; factoryBeanName=null; factoryMethodName=null; initMethodName=null; destroyMethodName=null; defined in class path resource [META-INF/batch-jobs/ItemSkipParsingTests-context.xml]]
10:02:14,389  INFO Test worker xml.JsrXmlApplicationContext:581 - Refreshing org.springframework.batch.core.jsr.configuration.xml.JsrXmlApplicationContext@50dd5f57: startup date [Thu Mar 23 10:02:14 CDT 2017]; parent: org.springframework.context.support.GenericXmlApplicationContext@6db3cbe
10:02:14,394  INFO Test worker support.DefaultListableBeanFactory:818 - Overriding bean definition for bean 'testBatchlet' with a different definition: replacing [Generic bean: class [org.springframework.batch.core.jsr.step.batchlet.BatchletSupport]; scope=step; abstract=false; lazyInit=false; autowireMode=0; dependencyCheck=0; autowireCandidate=false; primary=false; factoryBeanName=null; factoryMethodName=null; initMethodName=null; destroyMethodName=null] with [Root bean: class [org.springframework.aop.scope.ScopedProxyFactoryBean]; scope=; abstract=false; lazyInit=false; autowireMode=0; dependencyCheck=0; autowireCandidate=true; primary=false; factoryBeanName=null; factoryMethodName=null; initMethodName=null; destroyMethodName=null; defined in BeanDefinition defined in null]
10:02:14,395  INFO Test worker support.DefaultListableBeanFactory:818 - Overriding bean definition for bean 'restartBatchlet' with a different definition: replacing [Generic bean: class [org.springframework.batch.core.jsr.step.batchlet.RestartBatchlet]; scope=step; abstract=false; lazyInit=false; autowireMode=0; dependencyCheck=0; autowireCandidate=false; primary=false; factoryBeanName=null; factoryMethodName=null; initMethodName=null; destroyMethodName=null] with [Root bean: class [org.springframework.aop.scope.ScopedProxyFactoryBean]; scope=; abstract=false; lazyInit=false; autowireMode=0; dependencyCheck=0; autowireCandidate=true; primary=false; factoryBeanName=null; factoryMethodName=null; initMethodName=null; destroyMethodName=null; defined in BeanDefinition defined in null]
10:02:14,395  INFO Test worker support.DefaultListableBeanFactory:818 - Overriding bean definition for bean 'failingBatchlet' with a different definition: replacing [Generic bean: class [org.springframework.batch.core.jsr.step.batchlet.FailingBatchlet]; scope=step; abstract=false; lazyInit=false; autowireMode=0; dependencyCheck=0; autowireCandidate=false; primary=false; factoryBeanName=null; factoryMethodName=null; initMethodName=null; destroyMethodName=null] with [Root bean: class [org.springframework.aop.scope.ScopedProxyFactoryBean]; scope=; abstract=false; lazyInit=false; autowireMode=0; dependencyCheck=0; autowireCandidate=true; primary=false; factoryBeanName=null; factoryMethodName=null; initMethodName=null; destroyMethodName=null; defined in BeanDefinition defined in null]
10:02:14,395  INFO Test worker support.DefaultListableBeanFactory:818 - Overriding bean definition for bean 'exitStatusSettingStepListener' with a different definition: replacing [Generic bean: class [org.springframework.batch.core.jsr.step.listener.ExitStatusSettingStepListener]; scope=step; abstract=false; lazyInit=false; autowireMode=0; dependencyCheck=0; autowireCandidate=false; primary=false; factoryBeanName=null; factoryMethodName=null; initMethodName=null; destroyMethodName=null] with [Root bean: class [org.springframework.aop.scope.ScopedProxyFactoryBean]; scope=; abstract=false; lazyInit=false; autowireMode=0; dependencyCheck=0; autowireCandidate=true; primary=false; factoryBeanName=null; factoryMethodName=null; initMethodName=null; destroyMethodName=null; defined in BeanDefinition defined in null]
10:02:14,395  INFO Test worker support.DefaultListableBeanFactory:818 - Overriding bean definition for bean 'stepContextFactory' with a different definition: replacing [Generic bean: class [org.springframework.batch.core.jsr.JsrStepContextFactoryBean]; scope=step; abstract=false; lazyInit=false; autowireMode=0; dependencyCheck=0; autowireCandidate=false; primary=false; factoryBeanName=null; factoryMethodName=null; initMethodName=null; destroyMethodName=null] with [Root bean: class [org.springframework.aop.scope.ScopedProxyFactoryBean]; scope=; abstract=false; lazyInit=false; autowireMode=0; dependencyCheck=0; autowireCandidate=true; primary=false; factoryBeanName=null; factoryMethodName=null; initMethodName=null; destroyMethodName=null; defined in BeanDefinition defined in null]
10:02:14,398  INFO Test worker support.JsrAutowiredAnnotationBeanPostProcessor:111 - JSR-330 'javax.inject.Inject' annotation found and supported for autowiring
10:02:14,437  INFO SimpleAsyncTaskExecutor-10 job.SimpleStepHandler:146 - Executing step: [step1]
10:02:14,442 ERROR SimpleAsyncTaskExecutor-10 step.AbstractStep:229 - Encountered an error executing step step1 in job job1
org.springframework.retry.RetryException: Non-skippable exception in recoverer while reading; nested exception is java.lang.RuntimeException: read fail because of me
	at org.springframework.batch.core.jsr.step.item.JsrFaultTolerantChunkProcessor$2.recover(JsrFaultTolerantChunkProcessor.java:177)
	at org.springframework.retry.support.RetryTemplate.handleRetryExhausted(RetryTemplate.java:512)
	at org.springframework.retry.support.RetryTemplate.doExecute(RetryTemplate.java:350)
	at org.springframework.retry.support.RetryTemplate.execute(RetryTemplate.java:179)
	at org.springframework.batch.core.step.item.BatchRetryTemplate.execute(BatchRetryTemplate.java:222)
	at org.springframework.batch.core.jsr.step.item.JsrFaultTolerantChunkProcessor.provide(JsrFaultTolerantChunkProcessor.java:186)
	at org.springframework.batch.core.jsr.step.item.JsrChunkProcessor$1.doInIteration(JsrChunkProcessor.java:92)
	at org.springframework.batch.repeat.support.RepeatTemplate.getNextResult(RepeatTemplate.java:374)
	at org.springframework.batch.repeat.support.RepeatTemplate.executeInternal(RepeatTemplate.java:215)
	at org.springframework.batch.repeat.support.RepeatTemplate.iterate(RepeatTemplate.java:144)
	at org.springframework.batch.core.jsr.step.item.JsrChunkProcessor.process(JsrChunkProcessor.java:88)
	at org.springframework.batch.core.step.item.ChunkOrientedTasklet.execute(ChunkOrientedTasklet.java:75)
	at org.springframework.batch.core.step.tasklet.TaskletStep$ChunkTransactionCallback.doInTransaction(TaskletStep.java:406)
	at org.springframework.batch.core.step.tasklet.TaskletStep$ChunkTransactionCallback.doInTransaction(TaskletStep.java:330)
	at org.springframework.transaction.support.TransactionTemplate.execute(TransactionTemplate.java:133)
	at org.springframework.batch.core.step.tasklet.TaskletStep$2.doInChunkContext(TaskletStep.java:272)
	at org.springframework.batch.core.scope.context.StepContextRepeatCallback.doInIteration(StepContextRepeatCallback.java:81)
	at org.springframework.batch.repeat.support.RepeatTemplate.getNextResult(RepeatTemplate.java:374)
	at org.springframework.batch.repeat.support.RepeatTemplate.executeInternal(RepeatTemplate.java:215)
	at org.springframework.batch.repeat.support.RepeatTemplate.iterate(RepeatTemplate.java:144)
	at org.springframework.batch.core.step.tasklet.TaskletStep.doExecute(TaskletStep.java:257)
	at org.springframework.batch.core.step.AbstractStep.execute(AbstractStep.java:200)
	at org.springframework.batch.core.job.SimpleStepHandler.handleStep(SimpleStepHandler.java:148)
	at org.springframework.batch.core.job.flow.JobFlowExecutor.executeStep(JobFlowExecutor.java:64)
	at org.springframework.batch.core.job.flow.support.state.StepState.handle(StepState.java:67)
	at org.springframework.batch.core.jsr.job.flow.support.state.JsrStepState.handle(JsrStepState.java:53)
	at org.springframework.batch.core.job.flow.support.SimpleFlow.resume(SimpleFlow.java:169)
	at org.springframework.batch.core.job.flow.support.SimpleFlow.start(SimpleFlow.java:144)
	at org.springframework.batch.core.jsr.job.flow.JsrFlowJob.doExecute(JsrFlowJob.java:82)
	at org.springframework.batch.core.job.AbstractJob.execute(AbstractJob.java:306)
	at org.springframework.batch.core.jsr.launch.JsrJobOperator$2.run(JsrJobOperator.java:672)
	at java.lang.Thread.run(Thread.java:745)
Caused by: java.lang.RuntimeException: read fail because of me
	at org.springframework.batch.core.jsr.configuration.xml.ItemSkipParsingTests$SkipErrorGeneratingReader.read(ItemSkipParsingTests.java:95)
	at org.springframework.batch.core.jsr.configuration.xml.ItemSkipParsingTests$SkipErrorGeneratingReader.read(ItemSkipParsingTests.java:83)
	at org.springframework.batch.core.jsr.step.item.JsrChunkProcessor.doProvide(JsrChunkProcessor.java:163)
	at org.springframework.batch.core.jsr.step.item.JsrFaultTolerantChunkProcessor$1.doWithRetry(JsrFaultTolerantChunkProcessor.java:135)
	at org.springframework.retry.support.RetryTemplate.doExecute(RetryTemplate.java:286)
	... 29 more
10:02:14,445  INFO SimpleAsyncTaskExecutor-10 xml.JsrXmlApplicationContext:985 - Closing org.springframework.batch.core.jsr.configuration.xml.JsrXmlApplicationContext@50dd5f57: startup date [Thu Mar 23 10:02:14 CDT 2017]; parent: org.springframework.context.support.GenericXmlApplicationContext@6db3cbe
10:02:14,470  INFO Test worker xml.XmlBeanDefinitionReader:317 - Loading XML bean definitions from class path resource [META-INF/batch.xml]
10:02:14,473  INFO Test worker xml.XmlBeanDefinitionReader:317 - Loading XML bean definitions from class path resource [META-INF/batch-jobs/ItemSkipParsingTests-context.xml]
10:02:14,475  INFO Test worker support.DefaultListableBeanFactory:818 - Overriding bean definition for bean 'job1' with a different definition: replacing [Generic bean: class [org.springframework.batch.core.jsr.configuration.xml.JsrFlowFactoryBean]; scope=; abstract=false; lazyInit=false; autowireMode=0; dependencyCheck=0; autowireCandidate=true; primary=false; factoryBeanName=null; factoryMethodName=null; initMethodName=null; destroyMethodName=null] with [Generic bean: class [org.springframework.batch.core.jsr.configuration.xml.JobFactoryBean]; scope=; abstract=false; lazyInit=true; autowireMode=0; dependencyCheck=0; autowireCandidate=true; primary=false; factoryBeanName=null; factoryMethodName=null; initMethodName=null; destroyMethodName=null]
10:02:14,475  INFO Test worker support.DefaultListableBeanFactory:818 - Overriding bean definition for bean 'skipListener' with a different definition: replacing [Generic bean: class [skipListener]; scope=step; abstract=false; lazyInit=false; autowireMode=0; dependencyCheck=0; autowireCandidate=true; primary=false; factoryBeanName=null; factoryMethodName=null; initMethodName=null; destroyMethodName=null] with [Generic bean: class [org.springframework.batch.core.jsr.configuration.xml.ItemSkipParsingTests$TestSkipListener]; scope=; abstract=false; lazyInit=false; autowireMode=0; dependencyCheck=0; autowireCandidate=true; primary=false; factoryBeanName=null; factoryMethodName=null; initMethodName=null; destroyMethodName=null; defined in class path resource [META-INF/batch-jobs/ItemSkipParsingTests-context.xml]]
10:02:14,476  INFO Test worker xml.JsrXmlApplicationContext:581 - Refreshing org.springframework.batch.core.jsr.configuration.xml.JsrXmlApplicationContext@305939e4: startup date [Thu Mar 23 10:02:14 CDT 2017]; parent: org.springframework.context.support.GenericXmlApplicationContext@6db3cbe
10:02:14,478  INFO Test worker support.DefaultListableBeanFactory:818 - Overriding bean definition for bean 'testBatchlet' with a different definition: replacing [Generic bean: class [org.springframework.batch.core.jsr.step.batchlet.BatchletSupport]; scope=step; abstract=false; lazyInit=false; autowireMode=0; dependencyCheck=0; autowireCandidate=false; primary=false; factoryBeanName=null; factoryMethodName=null; initMethodName=null; destroyMethodName=null] with [Root bean: class [org.springframework.aop.scope.ScopedProxyFactoryBean]; scope=; abstract=false; lazyInit=false; autowireMode=0; dependencyCheck=0; autowireCandidate=true; primary=false; factoryBeanName=null; factoryMethodName=null; initMethodName=null; destroyMethodName=null; defined in BeanDefinition defined in null]
10:02:14,479  INFO Test worker support.DefaultListableBeanFactory:818 - Overriding bean definition for bean 'restartBatchlet' with a different definition: replacing [Generic bean: class [org.springframework.batch.core.jsr.step.batchlet.RestartBatchlet]; scope=step; abstract=false; lazyInit=false; autowireMode=0; dependencyCheck=0; autowireCandidate=false; primary=false; factoryBeanName=null; factoryMethodName=null; initMethodName=null; destroyMethodName=null] with [Root bean: class [org.springframework.aop.scope.ScopedProxyFactoryBean]; scope=; abstract=false; lazyInit=false; autowireMode=0; dependencyCheck=0; autowireCandidate=true; primary=false; factoryBeanName=null; factoryMethodName=null; initMethodName=null; destroyMethodName=null; defined in BeanDefinition defined in null]
10:02:14,479  INFO Test worker support.DefaultListableBeanFactory:818 - Overriding bean definition for bean 'failingBatchlet' with a different definition: replacing [Generic bean: class [org.springframework.batch.core.jsr.step.batchlet.FailingBatchlet]; scope=step; abstract=false; lazyInit=false; autowireMode=0; dependencyCheck=0; autowireCandidate=false; primary=false; factoryBeanName=null; factoryMethodName=null; initMethodName=null; destroyMethodName=null] with [Root bean: class [org.springframework.aop.scope.ScopedProxyFactoryBean]; scope=; abstract=false; lazyInit=false; autowireMode=0; dependencyCheck=0; autowireCandidate=true; primary=false; factoryBeanName=null; factoryMethodName=null; initMethodName=null; destroyMethodName=null; defined in BeanDefinition defined in null]
10:02:14,479  INFO Test worker support.DefaultListableBeanFactory:818 - Overriding bean definition for bean 'exitStatusSettingStepListener' with a different definition: replacing [Generic bean: class [org.springframework.batch.core.jsr.step.listener.ExitStatusSettingStepListener]; scope=step; abstract=false; lazyInit=false; autowireMode=0; dependencyCheck=0; autowireCandidate=false; primary=false; factoryBeanName=null; factoryMethodName=null; initMethodName=null; destroyMethodName=null] with [Root bean: class [org.springframework.aop.scope.ScopedProxyFactoryBean]; scope=; abstract=false; lazyInit=false; autowireMode=0; dependencyCheck=0; autowireCandidate=true; primary=false; factoryBeanName=null; factoryMethodName=null; initMethodName=null; destroyMethodName=null; defined in BeanDefinition defined in null]
10:02:14,479  INFO Test worker support.DefaultListableBeanFactory:818 - Overriding bean definition for bean 'stepContextFactory' with a different definition: replacing [Generic bean: class [org.springframework.batch.core.jsr.JsrStepContextFactoryBean]; scope=step; abstract=false; lazyInit=false; autowireMode=0; dependencyCheck=0; autowireCandidate=false; primary=false; factoryBeanName=null; factoryMethodName=null; initMethodName=null; destroyMethodName=null] with [Root bean: class [org.springframework.aop.scope.ScopedProxyFactoryBean]; scope=; abstract=false; lazyInit=false; autowireMode=0; dependencyCheck=0; autowireCandidate=true; primary=false; factoryBeanName=null; factoryMethodName=null; initMethodName=null; destroyMethodName=null; defined in BeanDefinition defined in null]
10:02:14,482  INFO Test worker support.JsrAutowiredAnnotationBeanPostProcessor:111 - JSR-330 'javax.inject.Inject' annotation found and supported for autowiring
10:02:14,522  INFO SimpleAsyncTaskExecutor-11 job.SimpleStepHandler:146 - Executing step: [step1]
10:02:14,531 ERROR SimpleAsyncTaskExecutor-11 step.AbstractStep:229 - Encountered an error executing step step1 in job job1
org.springframework.retry.RetryException: Non-skippable exception in recoverer while processing; nested exception is java.lang.RuntimeException: process fail because of me
	at org.springframework.batch.core.jsr.step.item.JsrFaultTolerantChunkProcessor$4.recover(JsrFaultTolerantChunkProcessor.java:270)
	at org.springframework.retry.support.RetryTemplate.handleRetryExhausted(RetryTemplate.java:512)
	at org.springframework.retry.support.RetryTemplate.doExecute(RetryTemplate.java:350)
	at org.springframework.retry.support.RetryTemplate.execute(RetryTemplate.java:179)
	at org.springframework.batch.core.step.item.BatchRetryTemplate.execute(BatchRetryTemplate.java:222)
	at org.springframework.batch.core.jsr.step.item.JsrFaultTolerantChunkProcessor.transform(JsrFaultTolerantChunkProcessor.java:278)
	at org.springframework.batch.core.jsr.step.item.JsrChunkProcessor$1.doInIteration(JsrChunkProcessor.java:100)
	at org.springframework.batch.repeat.support.RepeatTemplate.getNextResult(RepeatTemplate.java:374)
	at org.springframework.batch.repeat.support.RepeatTemplate.executeInternal(RepeatTemplate.java:215)
	at org.springframework.batch.repeat.support.RepeatTemplate.iterate(RepeatTemplate.java:144)
	at org.springframework.batch.core.jsr.step.item.JsrChunkProcessor.process(JsrChunkProcessor.java:88)
	at org.springframework.batch.core.step.item.ChunkOrientedTasklet.execute(ChunkOrientedTasklet.java:75)
	at org.springframework.batch.core.step.tasklet.TaskletStep$ChunkTransactionCallback.doInTransaction(TaskletStep.java:406)
	at org.springframework.batch.core.step.tasklet.TaskletStep$ChunkTransactionCallback.doInTransaction(TaskletStep.java:330)
	at org.springframework.transaction.support.TransactionTemplate.execute(TransactionTemplate.java:133)
	at org.springframework.batch.core.step.tasklet.TaskletStep$2.doInChunkContext(TaskletStep.java:272)
	at org.springframework.batch.core.scope.context.StepContextRepeatCallback.doInIteration(StepContextRepeatCallback.java:81)
	at org.springframework.batch.repeat.support.RepeatTemplate.getNextResult(RepeatTemplate.java:374)
	at org.springframework.batch.repeat.support.RepeatTemplate.executeInternal(RepeatTemplate.java:215)
	at org.springframework.batch.repeat.support.RepeatTemplate.iterate(RepeatTemplate.java:144)
	at org.springframework.batch.core.step.tasklet.TaskletStep.doExecute(TaskletStep.java:257)
	at org.springframework.batch.core.step.AbstractStep.execute(AbstractStep.java:200)
	at org.springframework.batch.core.job.SimpleStepHandler.handleStep(SimpleStepHandler.java:148)
	at org.springframework.batch.core.job.flow.JobFlowExecutor.executeStep(JobFlowExecutor.java:64)
	at org.springframework.batch.core.job.flow.support.state.StepState.handle(StepState.java:67)
	at org.springframework.batch.core.jsr.job.flow.support.state.JsrStepState.handle(JsrStepState.java:53)
	at org.springframework.batch.core.job.flow.support.SimpleFlow.resume(SimpleFlow.java:169)
	at org.springframework.batch.core.job.flow.support.SimpleFlow.start(SimpleFlow.java:144)
	at org.springframework.batch.core.jsr.job.flow.JsrFlowJob.doExecute(JsrFlowJob.java:82)
	at org.springframework.batch.core.job.AbstractJob.execute(AbstractJob.java:306)
	at org.springframework.batch.core.jsr.launch.JsrJobOperator$1.run(JsrJobOperator.java:524)
	at java.lang.Thread.run(Thread.java:745)
Caused by: java.lang.RuntimeException: process fail because of me
	at org.springframework.batch.core.jsr.configuration.xml.ItemSkipParsingTests$SkipErrorGeneratingProcessor.process(ItemSkipParsingTests.java:116)
	at org.springframework.batch.core.jsr.configuration.xml.ItemSkipParsingTests$SkipErrorGeneratingProcessor.process(ItemSkipParsingTests.java:104)
	at org.springframework.batch.core.jsr.step.item.JsrChunkProcessor.doTransform(JsrChunkProcessor.java:210)
	at org.springframework.batch.core.jsr.step.item.JsrFaultTolerantChunkProcessor$3.doWithRetry(JsrFaultTolerantChunkProcessor.java:228)
	at org.springframework.retry.support.RetryTemplate.doExecute(RetryTemplate.java:286)
	... 29 more
10:02:14,536  INFO SimpleAsyncTaskExecutor-11 xml.JsrXmlApplicationContext:985 - Closing org.springframework.batch.core.jsr.configuration.xml.JsrXmlApplicationContext@305939e4: startup date [Thu Mar 23 10:02:14 CDT 2017]; parent: org.springframework.context.support.GenericXmlApplicationContext@6db3cbe
10:02:14,548  INFO Test worker xml.XmlBeanDefinitionReader:317 - Loading XML bean definitions from class path resource [META-INF/batch.xml]
10:02:14,553  INFO Test worker xml.XmlBeanDefinitionReader:317 - Loading XML bean definitions from class path resource [META-INF/batch-jobs/ItemSkipParsingTests-context.xml]
10:02:14,554  INFO Test worker support.DefaultListableBeanFactory:818 - Overriding bean definition for bean 'job1' with a different definition: replacing [Generic bean: class [org.springframework.batch.core.jsr.configuration.xml.JsrFlowFactoryBean]; scope=; abstract=false; lazyInit=false; autowireMode=0; dependencyCheck=0; autowireCandidate=true; primary=false; factoryBeanName=null; factoryMethodName=null; initMethodName=null; destroyMethodName=null] with [Generic bean: class [org.springframework.batch.core.jsr.configuration.xml.JobFactoryBean]; scope=; abstract=false; lazyInit=true; autowireMode=0; dependencyCheck=0; autowireCandidate=true; primary=false; factoryBeanName=null; factoryMethodName=null; initMethodName=null; destroyMethodName=null]
10:02:14,555  INFO Test worker support.DefaultListableBeanFactory:818 - Overriding bean definition for bean 'skipListener' with a different definition: replacing [Generic bean: class [skipListener]; scope=step; abstract=false; lazyInit=false; autowireMode=0; dependencyCheck=0; autowireCandidate=true; primary=false; factoryBeanName=null; factoryMethodName=null; initMethodName=null; destroyMethodName=null] with [Generic bean: class [org.springframework.batch.core.jsr.configuration.xml.ItemSkipParsingTests$TestSkipListener]; scope=; abstract=false; lazyInit=false; autowireMode=0; dependencyCheck=0; autowireCandidate=true; primary=false; factoryBeanName=null; factoryMethodName=null; initMethodName=null; destroyMethodName=null; defined in class path resource [META-INF/batch-jobs/ItemSkipParsingTests-context.xml]]
10:02:14,555  INFO Test worker xml.JsrXmlApplicationContext:581 - Refreshing org.springframework.batch.core.jsr.configuration.xml.JsrXmlApplicationContext@66abceaf: startup date [Thu Mar 23 10:02:14 CDT 2017]; parent: org.springframework.context.support.GenericXmlApplicationContext@6db3cbe
10:02:14,558  INFO Test worker support.DefaultListableBeanFactory:818 - Overriding bean definition for bean 'testBatchlet' with a different definition: replacing [Generic bean: class [org.springframework.batch.core.jsr.step.batchlet.BatchletSupport]; scope=step; abstract=false; lazyInit=false; autowireMode=0; dependencyCheck=0; autowireCandidate=false; primary=false; factoryBeanName=null; factoryMethodName=null; initMethodName=null; destroyMethodName=null] with [Root bean: class [org.springframework.aop.scope.ScopedProxyFactoryBean]; scope=; abstract=false; lazyInit=false; autowireMode=0; dependencyCheck=0; autowireCandidate=true; primary=false; factoryBeanName=null; factoryMethodName=null; initMethodName=null; destroyMethodName=null; defined in BeanDefinition defined in null]
10:02:14,559  INFO Test worker support.DefaultListableBeanFactory:818 - Overriding bean definition for bean 'restartBatchlet' with a different definition: replacing [Generic bean: class [org.springframework.batch.core.jsr.step.batchlet.RestartBatchlet]; scope=step; abstract=false; lazyInit=false; autowireMode=0; dependencyCheck=0; autowireCandidate=false; primary=false; factoryBeanName=null; factoryMethodName=null; initMethodName=null; destroyMethodName=null] with [Root bean: class [org.springframework.aop.scope.ScopedProxyFactoryBean]; scope=; abstract=false; lazyInit=false; autowireMode=0; dependencyCheck=0; autowireCandidate=true; primary=false; factoryBeanName=null; factoryMethodName=null; initMethodName=null; destroyMethodName=null; defined in BeanDefinition defined in null]
10:02:14,559  INFO Test worker support.DefaultListableBeanFactory:818 - Overriding bean definition for bean 'failingBatchlet' with a different definition: replacing [Generic bean: class [org.springframework.batch.core.jsr.step.batchlet.FailingBatchlet]; scope=step; abstract=false; lazyInit=false; autowireMode=0; dependencyCheck=0; autowireCandidate=false; primary=false; factoryBeanName=null; factoryMethodName=null; initMethodName=null; destroyMethodName=null] with [Root bean: class [org.springframework.aop.scope.ScopedProxyFactoryBean]; scope=; abstract=false; lazyInit=false; autowireMode=0; dependencyCheck=0; autowireCandidate=true; primary=false; factoryBeanName=null; factoryMethodName=null; initMethodName=null; destroyMethodName=null; defined in BeanDefinition defined in null]
10:02:14,559  INFO Test worker support.DefaultListableBeanFactory:818 - Overriding bean definition for bean 'exitStatusSettingStepListener' with a different definition: replacing [Generic bean: class [org.springframework.batch.core.jsr.step.listener.ExitStatusSettingStepListener]; scope=step; abstract=false; lazyInit=false; autowireMode=0; dependencyCheck=0; autowireCandidate=false; primary=false; factoryBeanName=null; factoryMethodName=null; initMethodName=null; destroyMethodName=null] with [Root bean: class [org.springframework.aop.scope.ScopedProxyFactoryBean]; scope=; abstract=false; lazyInit=false; autowireMode=0; dependencyCheck=0; autowireCandidate=true; primary=false; factoryBeanName=null; factoryMethodName=null; initMethodName=null; destroyMethodName=null; defined in BeanDefinition defined in null]
10:02:14,559  INFO Test worker support.DefaultListableBeanFactory:818 - Overriding bean definition for bean 'stepContextFactory' with a different definition: replacing [Generic bean: class [org.springframework.batch.core.jsr.JsrStepContextFactoryBean]; scope=step; abstract=false; lazyInit=false; autowireMode=0; dependencyCheck=0; autowireCandidate=false; primary=false; factoryBeanName=null; factoryMethodName=null; initMethodName=null; destroyMethodName=null] with [Root bean: class [org.springframework.aop.scope.ScopedProxyFactoryBean]; scope=; abstract=false; lazyInit=false; autowireMode=0; dependencyCheck=0; autowireCandidate=true; primary=false; factoryBeanName=null; factoryMethodName=null; initMethodName=null; destroyMethodName=null; defined in BeanDefinition defined in null]
10:02:14,564  INFO Test worker support.JsrAutowiredAnnotationBeanPostProcessor:111 - JSR-330 'javax.inject.Inject' annotation found and supported for autowiring
10:02:14,606  INFO SimpleAsyncTaskExecutor-12 job.SimpleStepHandler:146 - Executing step: [step1]
10:02:14,614 ERROR SimpleAsyncTaskExecutor-12 step.AbstractStep:229 - Encountered an error executing step step1 in job job1
org.springframework.retry.RetryException: Non-skippable exception in recoverer while write; nested exception is java.lang.RuntimeException: write fail because of me
	at org.springframework.batch.core.jsr.step.item.JsrFaultTolerantChunkProcessor$6.recover(JsrFaultTolerantChunkProcessor.java:340)
	at org.springframework.retry.support.RetryTemplate.handleRetryExhausted(RetryTemplate.java:512)
	at org.springframework.retry.support.RetryTemplate.doExecute(RetryTemplate.java:350)
	at org.springframework.retry.support.RetryTemplate.execute(RetryTemplate.java:179)
	at org.springframework.batch.core.step.item.BatchRetryTemplate.execute(BatchRetryTemplate.java:222)
	at org.springframework.batch.core.jsr.step.item.JsrFaultTolerantChunkProcessor.persist(JsrFaultTolerantChunkProcessor.java:348)
	at org.springframework.batch.core.jsr.step.item.JsrChunkProcessor.process(JsrChunkProcessor.java:114)
	at org.springframework.batch.core.step.item.ChunkOrientedTasklet.execute(ChunkOrientedTasklet.java:75)
	at org.springframework.batch.core.step.tasklet.TaskletStep$ChunkTransactionCallback.doInTransaction(TaskletStep.java:406)
	at org.springframework.batch.core.step.tasklet.TaskletStep$ChunkTransactionCallback.doInTransaction(TaskletStep.java:330)
	at org.springframework.transaction.support.TransactionTemplate.execute(TransactionTemplate.java:133)
	at org.springframework.batch.core.step.tasklet.TaskletStep$2.doInChunkContext(TaskletStep.java:272)
	at org.springframework.batch.core.scope.context.StepContextRepeatCallback.doInIteration(StepContextRepeatCallback.java:81)
	at org.springframework.batch.repeat.support.RepeatTemplate.getNextResult(RepeatTemplate.java:374)
	at org.springframework.batch.repeat.support.RepeatTemplate.executeInternal(RepeatTemplate.java:215)
	at org.springframework.batch.repeat.support.RepeatTemplate.iterate(RepeatTemplate.java:144)
	at org.springframework.batch.core.step.tasklet.TaskletStep.doExecute(TaskletStep.java:257)
	at org.springframework.batch.core.step.AbstractStep.execute(AbstractStep.java:200)
	at org.springframework.batch.core.job.SimpleStepHandler.handleStep(SimpleStepHandler.java:148)
	at org.springframework.batch.core.job.flow.JobFlowExecutor.executeStep(JobFlowExecutor.java:64)
	at org.springframework.batch.core.job.flow.support.state.StepState.handle(StepState.java:67)
	at org.springframework.batch.core.jsr.job.flow.support.state.JsrStepState.handle(JsrStepState.java:53)
	at org.springframework.batch.core.job.flow.support.SimpleFlow.resume(SimpleFlow.java:169)
	at org.springframework.batch.core.job.flow.support.SimpleFlow.start(SimpleFlow.java:144)
	at org.springframework.batch.core.jsr.job.flow.JsrFlowJob.doExecute(JsrFlowJob.java:82)
	at org.springframework.batch.core.job.AbstractJob.execute(AbstractJob.java:306)
	at org.springframework.batch.core.jsr.launch.JsrJobOperator$1.run(JsrJobOperator.java:524)
	at java.lang.Thread.run(Thread.java:745)
Caused by: java.lang.RuntimeException: write fail because of me
	at org.springframework.batch.core.jsr.configuration.xml.ItemSkipParsingTests$SkipErrorGeneratingWriter.write(ItemSkipParsingTests.java:139)
	at org.springframework.batch.core.jsr.step.item.JsrChunkProcessor.doPersist(JsrChunkProcessor.java:245)
	at org.springframework.batch.core.jsr.step.item.JsrFaultTolerantChunkProcessor$5.doWithRetry(JsrFaultTolerantChunkProcessor.java:298)
	at org.springframework.retry.support.RetryTemplate.doExecute(RetryTemplate.java:286)
	... 25 more
10:02:14,618  INFO SimpleAsyncTaskExecutor-12 xml.JsrXmlApplicationContext:985 - Closing org.springframework.batch.core.jsr.configuration.xml.JsrXmlApplicationContext@66abceaf: startup date [Thu Mar 23 10:02:14 CDT 2017]; parent: org.springframework.context.support.GenericXmlApplicationContext@6db3cbe
10:02:14,629  INFO Test worker xml.XmlBeanDefinitionReader:317 - Loading XML bean definitions from class path resource [META-INF/batch.xml]
10:02:14,632  INFO Test worker xml.XmlBeanDefinitionReader:317 - Loading XML bean definitions from class path resource [META-INF/batch-jobs/ItemSkipParsingTests-context.xml]
10:02:14,653  INFO Test worker support.DefaultListableBeanFactory:818 - Overriding bean definition for bean 'job1' with a different definition: replacing [Generic bean: class [org.springframework.batch.core.jsr.configuration.xml.JsrFlowFactoryBean]; scope=; abstract=false; lazyInit=false; autowireMode=0; dependencyCheck=0; autowireCandidate=true; primary=false; factoryBeanName=null; factoryMethodName=null; initMethodName=null; destroyMethodName=null] with [Generic bean: class [org.springframework.batch.core.jsr.configuration.xml.JobFactoryBean]; scope=; abstract=false; lazyInit=true; autowireMode=0; dependencyCheck=0; autowireCandidate=true; primary=false; factoryBeanName=null; factoryMethodName=null; initMethodName=null; destroyMethodName=null]
10:02:14,653  INFO Test worker support.DefaultListableBeanFactory:818 - Overriding bean definition for bean 'skipListener' with a different definition: replacing [Generic bean: class [skipListener]; scope=step; abstract=false; lazyInit=false; autowireMode=0; dependencyCheck=0; autowireCandidate=true; primary=false; factoryBeanName=null; factoryMethodName=null; initMethodName=null; destroyMethodName=null] with [Generic bean: class [org.springframework.batch.core.jsr.configuration.xml.ItemSkipParsingTests$TestSkipListener]; scope=; abstract=false; lazyInit=false; autowireMode=0; dependencyCheck=0; autowireCandidate=true; primary=false; factoryBeanName=null; factoryMethodName=null; initMethodName=null; destroyMethodName=null; defined in class path resource [META-INF/batch-jobs/ItemSkipParsingTests-context.xml]]
10:02:14,654  INFO Test worker xml.JsrXmlApplicationContext:581 - Refreshing org.springframework.batch.core.jsr.configuration.xml.JsrXmlApplicationContext@4507d931: startup date [Thu Mar 23 10:02:14 CDT 2017]; parent: org.springframework.context.support.GenericXmlApplicationContext@6db3cbe
10:02:14,658  INFO Test worker support.DefaultListableBeanFactory:818 - Overriding bean definition for bean 'testBatchlet' with a different definition: replacing [Generic bean: class [org.springframework.batch.core.jsr.step.batchlet.BatchletSupport]; scope=step; abstract=false; lazyInit=false; autowireMode=0; dependencyCheck=0; autowireCandidate=false; primary=false; factoryBeanName=null; factoryMethodName=null; initMethodName=null; destroyMethodName=null] with [Root bean: class [org.springframework.aop.scope.ScopedProxyFactoryBean]; scope=; abstract=false; lazyInit=false; autowireMode=0; dependencyCheck=0; autowireCandidate=true; primary=false; factoryBeanName=null; factoryMethodName=null; initMethodName=null; destroyMethodName=null; defined in BeanDefinition defined in null]
10:02:14,659  INFO Test worker support.DefaultListableBeanFactory:818 - Overriding bean definition for bean 'restartBatchlet' with a different definition: replacing [Generic bean: class [org.springframework.batch.core.jsr.step.batchlet.RestartBatchlet]; scope=step; abstract=false; lazyInit=false; autowireMode=0; dependencyCheck=0; autowireCandidate=false; primary=false; factoryBeanName=null; factoryMethodName=null; initMethodName=null; destroyMethodName=null] with [Root bean: class [org.springframework.aop.scope.ScopedProxyFactoryBean]; scope=; abstract=false; lazyInit=false; autowireMode=0; dependencyCheck=0; autowireCandidate=true; primary=false; factoryBeanName=null; factoryMethodName=null; initMethodName=null; destroyMethodName=null; defined in BeanDefinition defined in null]
10:02:14,659  INFO Test worker support.DefaultListableBeanFactory:818 - Overriding bean definition for bean 'failingBatchlet' with a different definition: replacing [Generic bean: class [org.springframework.batch.core.jsr.step.batchlet.FailingBatchlet]; scope=step; abstract=false; lazyInit=false; autowireMode=0; dependencyCheck=0; autowireCandidate=false; primary=false; factoryBeanName=null; factoryMethodName=null; initMethodName=null; destroyMethodName=null] with [Root bean: class [org.springframework.aop.scope.ScopedProxyFactoryBean]; scope=; abstract=false; lazyInit=false; autowireMode=0; dependencyCheck=0; autowireCandidate=true; primary=false; factoryBeanName=null; factoryMethodName=null; initMethodName=null; destroyMethodName=null; defined in BeanDefinition defined in null]
10:02:14,659  INFO Test worker support.DefaultListableBeanFactory:818 - Overriding bean definition for bean 'exitStatusSettingStepListener' with a different definition: replacing [Generic bean: class [org.springframework.batch.core.jsr.step.listener.ExitStatusSettingStepListener]; scope=step; abstract=false; lazyInit=false; autowireMode=0; dependencyCheck=0; autowireCandidate=false; primary=false; factoryBeanName=null; factoryMethodName=null; initMethodName=null; destroyMethodName=null] with [Root bean: class [org.springframework.aop.scope.ScopedProxyFactoryBean]; scope=; abstract=false; lazyInit=false; autowireMode=0; dependencyCheck=0; autowireCandidate=true; primary=false; factoryBeanName=null; factoryMethodName=null; initMethodName=null; destroyMethodName=null; defined in BeanDefinition defined in null]
10:02:14,659  INFO Test worker support.DefaultListableBeanFactory:818 - Overriding bean definition for bean 'stepContextFactory' with a different definition: replacing [Generic bean: class [org.springframework.batch.core.jsr.JsrStepContextFactoryBean]; scope=step; abstract=false; lazyInit=false; autowireMode=0; dependencyCheck=0; autowireCandidate=false; primary=false; factoryBeanName=null; factoryMethodName=null; initMethodName=null; destroyMethodName=null] with [Root bean: class [org.springframework.aop.scope.ScopedProxyFactoryBean]; scope=; abstract=false; lazyInit=false; autowireMode=0; dependencyCheck=0; autowireCandidate=true; primary=false; factoryBeanName=null; factoryMethodName=null; initMethodName=null; destroyMethodName=null; defined in BeanDefinition defined in null]
10:02:14,664  INFO Test worker support.JsrAutowiredAnnotationBeanPostProcessor:111 - JSR-330 'javax.inject.Inject' annotation found and supported for autowiring
10:02:14,705  INFO SimpleAsyncTaskExecutor-13 job.SimpleStepHandler:146 - Executing step: [step1]
10:02:14,711  INFO SimpleAsyncTaskExecutor-13 xml.JsrXmlApplicationContext:985 - Closing org.springframework.batch.core.jsr.configuration.xml.JsrXmlApplicationContext@4507d931: startup date [Thu Mar 23 10:02:14 CDT 2017]; parent: org.springframework.context.support.GenericXmlApplicationContext@6db3cbe
]]></system-out>
  <system-err><![CDATA[]]></system-err>
</testsuite>
