<?xml version="1.0" encoding="UTF-8"?>
<testsuite name="org.springframework.batch.core.job.flow.support.StateTransitionTests" tests="8" skipped="0" failures="0" errors="0" timestamp="2017-03-23T15:02:12" hostname="Michaels-MacBook-Pro-3.local" time="0.001">
  <properties/>
  <testcase name="testMatchesPlaceholder" classname="org.springframework.batch.core.job.flow.support.StateTransitionTests" time="0.0"/>
  <testcase name="testIsEnd" classname="org.springframework.batch.core.job.flow.support.StateTransitionTests" time="0.0"/>
  <testcase name="testToString" classname="org.springframework.batch.core.job.flow.support.StateTransitionTests" time="0.0"/>
  <testcase name="testMatchesEmpty" classname="org.springframework.batch.core.job.flow.support.StateTransitionTests" time="0.0"/>
  <testcase name="testMatchesExact" classname="org.springframework.batch.core.job.flow.support.StateTransitionTests" time="0.0"/>
  <testcase name="testMatchesWildcard" classname="org.springframework.batch.core.job.flow.support.StateTransitionTests" time="0.0"/>
  <testcase name="testMatchesNull" classname="org.springframework.batch.core.job.flow.support.StateTransitionTests" time="0.0"/>
  <testcase name="testMatchesStar" classname="org.springframework.batch.core.job.flow.support.StateTransitionTests" time="0.0"/>
  <system-out><![CDATA[]]></system-out>
  <system-err><![CDATA[]]></system-err>
</testsuite>
