<?xml version="1.0" encoding="UTF-8"?>
<testsuite name="org.springframework.batch.core.configuration.xml.StopJobParserTests" tests="1" skipped="0" failures="0" errors="0" timestamp="2017-03-23T15:02:08" hostname="Michaels-MacBook-Pro-3.local" time="0.023">
  <properties/>
  <testcase name="testStopState" classname="org.springframework.batch.core.configuration.xml.StopJobParserTests" time="0.023"/>
  <system-out><![CDATA[10:02:08,894  INFO Test worker support.AbstractContextLoader:252 - Detected default resource location "classpath:org/springframework/batch/core/configuration/xml/StopJobParserTests-context.xml" for test class [org.springframework.batch.core.configuration.xml.StopJobParserTests]
10:02:08,894  INFO Test worker support.AbstractDelegatingSmartContextLoader:176 - GenericXmlContextLoader detected default locations for context configuration [ContextConfigurationAttributes@1c86c161 declaringClass = 'org.springframework.batch.core.configuration.xml.StopJobParserTests', classes = '{}', locations = '{classpath:org/springframework/batch/core/configuration/xml/StopJobParserTests-context.xml}', inheritLocations = true, initializers = '{}', inheritInitializers = true, name = [null], contextLoaderClass = 'org.springframework.test.context.ContextLoader'].
10:02:08,895  INFO Test worker support.AnnotationConfigContextLoaderUtils:81 - Could not detect default configuration classes for test class [org.springframework.batch.core.configuration.xml.StopJobParserTests]: StopJobParserTests does not declare any static, non-private, non-final, nested classes annotated with @Configuration.
10:02:08,897  INFO Test worker support.DefaultTestContextBootstrapper:260 - Loaded default TestExecutionListener class names from location [META-INF/spring.factories]: [org.springframework.test.context.web.ServletTestExecutionListener, org.springframework.test.context.support.DirtiesContextBeforeModesTestExecutionListener, org.springframework.test.context.support.DependencyInjectionTestExecutionListener, org.springframework.test.context.support.DirtiesContextTestExecutionListener, org.springframework.test.context.transaction.TransactionalTestExecutionListener, org.springframework.test.context.jdbc.SqlScriptsTestExecutionListener]
10:02:08,898  INFO Test worker support.DefaultTestContextBootstrapper:209 - Could not instantiate TestExecutionListener [org.springframework.test.context.web.ServletTestExecutionListener]. Specify custom listener classes or make the default listener classes (and their required dependencies) available. Offending class: [javax/servlet/ServletContext]
10:02:08,898  INFO Test worker support.DefaultTestContextBootstrapper:187 - Using TestExecutionListeners: [org.springframework.test.context.support.DirtiesContextBeforeModesTestExecutionListener@7988ea7f, org.springframework.test.context.support.DependencyInjectionTestExecutionListener@1979ee2, org.springframework.test.context.support.DirtiesContextTestExecutionListener@6494a264, org.springframework.test.context.transaction.TransactionalTestExecutionListener@563907a2, org.springframework.test.context.jdbc.SqlScriptsTestExecutionListener@68dcc408]
10:02:08,899  INFO Test worker xml.XmlBeanDefinitionReader:317 - Loading XML bean definitions from class path resource [org/springframework/batch/core/configuration/xml/StopJobParserTests-context.xml]
10:02:08,919  INFO Test worker xml.XmlBeanDefinitionReader:317 - Loading XML bean definitions from class path resource [org/springframework/batch/core/configuration/xml/common-context.xml]
10:02:08,927  INFO Test worker support.GenericApplicationContext:581 - Refreshing org.springframework.context.support.GenericApplicationContext@5581277f: startup date [Thu Mar 23 10:02:08 CDT 2017]; root of context hierarchy
10:02:08,943  INFO Test worker annotation.AutowiredAnnotationBeanPostProcessor:151 - JSR-330 'javax.inject.Inject' annotation found and supported for autowiring
10:02:08,990  INFO Test worker support.GenericApplicationContext:985 - Closing org.springframework.context.support.GenericApplicationContext@921156b: startup date [Thu Mar 23 10:01:59 CDT 2017]; root of context hierarchy
10:02:08,998  INFO Test worker job.SimpleStepHandler:146 - Executing step: [s1]
10:02:09,007  INFO Test worker job.SimpleStepHandler:217 - Step already complete or not restartable, so no action to execute: StepExecution: id=1, version=3, name=s1, status=COMPLETED, exitStatus=COMPLETED, readCount=0, filterCount=0, writeCount=0 readSkipCount=0, writeSkipCount=0, processSkipCount=0, commitCount=1, rollbackCount=0, exitDescription=
10:02:09,013  INFO Test worker job.SimpleStepHandler:146 - Executing step: [s2]
]]></system-out>
  <system-err><![CDATA[]]></system-err>
</testsuite>
