<?xml version="1.0" encoding="UTF-8"?>
<testsuite name="org.springframework.batch.core.jsr.configuration.xml.StepListenerParsingTests" tests="1" skipped="0" failures="0" errors="0" timestamp="2017-03-23T15:02:17" hostname="Michaels-MacBook-Pro-3.local" time="0.019">
  <properties/>
  <testcase name="test" classname="org.springframework.batch.core.jsr.configuration.xml.StepListenerParsingTests" time="0.019"/>
  <system-out><![CDATA[10:02:16,945  INFO Test worker support.AbstractContextLoader:252 - Detected default resource location "classpath:org/springframework/batch/core/jsr/configuration/xml/StepListenerParsingTests-context.xml" for test class [org.springframework.batch.core.jsr.configuration.xml.StepListenerParsingTests]
10:02:16,945  INFO Test worker support.AbstractDelegatingSmartContextLoader:176 - GenericXmlContextLoader detected default locations for context configuration [ContextConfigurationAttributes@5d675ac2 declaringClass = 'org.springframework.batch.core.jsr.configuration.xml.StepListenerParsingTests', classes = '{}', locations = '{classpath:org/springframework/batch/core/jsr/configuration/xml/StepListenerParsingTests-context.xml}', inheritLocations = true, initializers = '{}', inheritInitializers = true, name = [null], contextLoaderClass = 'org.springframework.test.context.ContextLoader'].
10:02:16,945  INFO Test worker support.AnnotationConfigContextLoaderUtils:81 - Could not detect default configuration classes for test class [org.springframework.batch.core.jsr.configuration.xml.StepListenerParsingTests]: StepListenerParsingTests does not declare any static, non-private, non-final, nested classes annotated with @Configuration.
10:02:16,946  INFO Test worker support.DefaultTestContextBootstrapper:260 - Loaded default TestExecutionListener class names from location [META-INF/spring.factories]: [org.springframework.test.context.web.ServletTestExecutionListener, org.springframework.test.context.support.DirtiesContextBeforeModesTestExecutionListener, org.springframework.test.context.support.DependencyInjectionTestExecutionListener, org.springframework.test.context.support.DirtiesContextTestExecutionListener, org.springframework.test.context.transaction.TransactionalTestExecutionListener, org.springframework.test.context.jdbc.SqlScriptsTestExecutionListener]
10:02:16,947  INFO Test worker support.DefaultTestContextBootstrapper:209 - Could not instantiate TestExecutionListener [org.springframework.test.context.web.ServletTestExecutionListener]. Specify custom listener classes or make the default listener classes (and their required dependencies) available. Offending class: [javax/servlet/ServletContext]
10:02:16,947  INFO Test worker support.DefaultTestContextBootstrapper:187 - Using TestExecutionListeners: [org.springframework.test.context.support.DirtiesContextBeforeModesTestExecutionListener@34231bae, org.springframework.test.context.support.DependencyInjectionTestExecutionListener@2579d062, org.springframework.test.context.support.DirtiesContextTestExecutionListener@4a58386, org.springframework.test.context.transaction.TransactionalTestExecutionListener@70c3b420, org.springframework.test.context.jdbc.SqlScriptsTestExecutionListener@5c913ffd]
10:02:16,948  INFO Test worker xml.XmlBeanDefinitionReader:317 - Loading XML bean definitions from class path resource [org/springframework/batch/core/jsr/configuration/xml/StepListenerParsingTests-context.xml]
10:02:16,956  INFO Test worker support.DefaultListableBeanFactory:818 - Overriding bean definition for bean 'job1' with a different definition: replacing [Generic bean: class [org.springframework.batch.core.jsr.configuration.xml.JsrFlowFactoryBean]; scope=; abstract=false; lazyInit=false; autowireMode=0; dependencyCheck=0; autowireCandidate=true; primary=false; factoryBeanName=null; factoryMethodName=null; initMethodName=null; destroyMethodName=null] with [Generic bean: class [org.springframework.batch.core.jsr.configuration.xml.JobFactoryBean]; scope=; abstract=false; lazyInit=true; autowireMode=0; dependencyCheck=0; autowireCandidate=true; primary=false; factoryBeanName=null; factoryMethodName=null; initMethodName=null; destroyMethodName=null]
10:02:16,956  INFO Test worker support.DefaultListableBeanFactory:818 - Overriding bean definition for bean 'springStepListener' with a different definition: replacing [Generic bean: class [springStepListener]; scope=step; abstract=false; lazyInit=false; autowireMode=0; dependencyCheck=0; autowireCandidate=true; primary=false; factoryBeanName=null; factoryMethodName=null; initMethodName=null; destroyMethodName=null] with [Generic bean: class [org.springframework.batch.core.jsr.configuration.xml.StepListenerParsingTests.SpringStepListener]; scope=; abstract=false; lazyInit=false; autowireMode=0; dependencyCheck=0; autowireCandidate=true; primary=false; factoryBeanName=null; factoryMethodName=null; initMethodName=null; destroyMethodName=null; defined in class path resource [org/springframework/batch/core/jsr/configuration/xml/StepListenerParsingTests-context.xml]]
10:02:16,957  INFO Test worker support.DefaultListableBeanFactory:818 - Overriding bean definition for bean 'jsrStepListener' with a different definition: replacing [Generic bean: class [jsrStepListener]; scope=step; abstract=false; lazyInit=false; autowireMode=0; dependencyCheck=0; autowireCandidate=true; primary=false; factoryBeanName=null; factoryMethodName=null; initMethodName=null; destroyMethodName=null] with [Generic bean: class [org.springframework.batch.core.jsr.configuration.xml.StepListenerParsingTests.JsrStepListener]; scope=; abstract=false; lazyInit=false; autowireMode=0; dependencyCheck=0; autowireCandidate=true; primary=false; factoryBeanName=null; factoryMethodName=null; initMethodName=null; destroyMethodName=null; defined in class path resource [org/springframework/batch/core/jsr/configuration/xml/StepListenerParsingTests-context.xml]]
10:02:16,957  INFO Test worker support.GenericApplicationContext:581 - Refreshing org.springframework.context.support.GenericApplicationContext@37000ecd: startup date [Thu Mar 23 10:02:16 CDT 2017]; root of context hierarchy
10:02:16,966  INFO Test worker support.DefaultListableBeanFactory:818 - Overriding bean definition for bean 'stepContextFactory' with a different definition: replacing [Generic bean: class [org.springframework.batch.core.jsr.JsrStepContextFactoryBean]; scope=step; abstract=false; lazyInit=false; autowireMode=0; dependencyCheck=0; autowireCandidate=false; primary=false; factoryBeanName=null; factoryMethodName=null; initMethodName=null; destroyMethodName=null] with [Root bean: class [org.springframework.aop.scope.ScopedProxyFactoryBean]; scope=; abstract=false; lazyInit=false; autowireMode=0; dependencyCheck=0; autowireCandidate=true; primary=false; factoryBeanName=null; factoryMethodName=null; initMethodName=null; destroyMethodName=null; defined in BeanDefinition defined in null]
10:02:16,971  INFO Test worker support.JsrAutowiredAnnotationBeanPostProcessor:111 - JSR-330 'javax.inject.Inject' annotation found and supported for autowiring
10:02:17,004  INFO Test worker support.SimpleJobLauncher:201 - No TaskExecutor has been set, defaulting to synchronous executor.
10:02:17,013  INFO Test worker support.GenericApplicationContext:985 - Closing org.springframework.context.support.GenericApplicationContext@7252314a: startup date [Thu Mar 23 10:02:02 CDT 2017]; root of context hierarchy
10:02:17,025  INFO Test worker support.SimpleJobLauncher:139 - Job: [JsrFlowJob: [name=job1]] launched with the following parameters: [{}]
10:02:17,027  INFO Test worker job.SimpleStepHandler:146 - Executing step: [step1]
The tasklet was executed
10:02:17,032  INFO Test worker job.SimpleStepHandler:146 - Executing step: [step2]
The tasklet was executed
10:02:17,039  INFO Test worker job.SimpleStepHandler:146 - Executing step: [step3]
The tasklet was executed
10:02:17,043  INFO Test worker support.SimpleJobLauncher:142 - Job: [JsrFlowJob: [name=job1]] completed with the following parameters: [{}] and the following status: [COMPLETED]
]]></system-out>
  <system-err><![CDATA[]]></system-err>
</testsuite>
