<?xml version="1.0" encoding="UTF-8"?>
<testsuite name="org.springframework.batch.core.configuration.support.GroupAwareJobTests" tests="3" skipped="0" failures="0" errors="0" timestamp="2017-03-23T15:01:53" hostname="Michaels-MacBook-Pro-3.local" time="0.002">
  <properties/>
  <testcase name="testGetJobName" classname="org.springframework.batch.core.configuration.support.GroupAwareJobTests" time="0.001"/>
  <testcase name="testToString" classname="org.springframework.batch.core.configuration.support.GroupAwareJobTests" time="0.0"/>
  <testcase name="testCreateJob" classname="org.springframework.batch.core.configuration.support.GroupAwareJobTests" time="0.001"/>
  <system-out><![CDATA[]]></system-out>
  <system-err><![CDATA[]]></system-err>
</testsuite>
