<?xml version="1.0" encoding="UTF-8"?>
<testsuite name="org.springframework.batch.core.partition.support.DefaultStepExecutionAggregatorTests" tests="7" skipped="0" failures="0" errors="0" timestamp="2017-03-23T15:02:34" hostname="Michaels-MacBook-Pro-3.local" time="0.001">
  <properties/>
  <testcase name="testAggregateEmpty" classname="org.springframework.batch.core.partition.support.DefaultStepExecutionAggregatorTests" time="0.0"/>
  <testcase name="testAggregateNull" classname="org.springframework.batch.core.partition.support.DefaultStepExecutionAggregatorTests" time="0.0"/>
  <testcase name="testAggregateCountsSunnyDay" classname="org.springframework.batch.core.partition.support.DefaultStepExecutionAggregatorTests" time="0.001"/>
  <testcase name="testAggregateStatusFromFailure" classname="org.springframework.batch.core.partition.support.DefaultStepExecutionAggregatorTests" time="0.0"/>
  <testcase name="testAggregateExitStatusSunnyDay" classname="org.springframework.batch.core.partition.support.DefaultStepExecutionAggregatorTests" time="0.0"/>
  <testcase name="testAggregateStatusIncomplete" classname="org.springframework.batch.core.partition.support.DefaultStepExecutionAggregatorTests" time="0.0"/>
  <testcase name="testAggregateStatusSunnyDay" classname="org.springframework.batch.core.partition.support.DefaultStepExecutionAggregatorTests" time="0.0"/>
  <system-out><![CDATA[]]></system-out>
  <system-err><![CDATA[]]></system-err>
</testsuite>
