<?xml version="1.0" encoding="UTF-8"?>
<testsuite name="org.springframework.batch.core.configuration.xml.PartitionStepWithLateBindingParserTests" tests="1" skipped="0" failures="0" errors="0" timestamp="2017-03-23T15:02:01" hostname="Michaels-MacBook-Pro-3.local" time="0.069">
  <properties/>
  <testcase name="testExplicitHandlerStep" classname="org.springframework.batch.core.configuration.xml.PartitionStepWithLateBindingParserTests" time="0.069"/>
  <system-out><![CDATA[10:02:01,848  INFO Test worker support.AbstractContextLoader:252 - Detected default resource location "classpath:org/springframework/batch/core/configuration/xml/PartitionStepWithLateBindingParserTests-context.xml" for test class [org.springframework.batch.core.configuration.xml.PartitionStepWithLateBindingParserTests]
10:02:01,848  INFO Test worker support.AbstractDelegatingSmartContextLoader:176 - GenericXmlContextLoader detected default locations for context configuration [ContextConfigurationAttributes@6e29c4f9 declaringClass = 'org.springframework.batch.core.configuration.xml.PartitionStepWithLateBindingParserTests', classes = '{}', locations = '{classpath:org/springframework/batch/core/configuration/xml/PartitionStepWithLateBindingParserTests-context.xml}', inheritLocations = true, initializers = '{}', inheritInitializers = true, name = [null], contextLoaderClass = 'org.springframework.test.context.ContextLoader'].
10:02:01,849  INFO Test worker support.AnnotationConfigContextLoaderUtils:81 - Could not detect default configuration classes for test class [org.springframework.batch.core.configuration.xml.PartitionStepWithLateBindingParserTests]: PartitionStepWithLateBindingParserTests does not declare any static, non-private, non-final, nested classes annotated with @Configuration.
10:02:01,851  INFO Test worker support.DefaultTestContextBootstrapper:260 - Loaded default TestExecutionListener class names from location [META-INF/spring.factories]: [org.springframework.test.context.web.ServletTestExecutionListener, org.springframework.test.context.support.DirtiesContextBeforeModesTestExecutionListener, org.springframework.test.context.support.DependencyInjectionTestExecutionListener, org.springframework.test.context.support.DirtiesContextTestExecutionListener, org.springframework.test.context.transaction.TransactionalTestExecutionListener, org.springframework.test.context.jdbc.SqlScriptsTestExecutionListener]
10:02:01,852  INFO Test worker support.DefaultTestContextBootstrapper:209 - Could not instantiate TestExecutionListener [org.springframework.test.context.web.ServletTestExecutionListener]. Specify custom listener classes or make the default listener classes (and their required dependencies) available. Offending class: [javax/servlet/ServletContext]
10:02:01,852  INFO Test worker support.DefaultTestContextBootstrapper:187 - Using TestExecutionListeners: [org.springframework.test.context.support.DirtiesContextBeforeModesTestExecutionListener@7b48d04d, org.springframework.test.context.support.DependencyInjectionTestExecutionListener@3460f439, org.springframework.test.context.support.DirtiesContextTestExecutionListener@586c4d69, org.springframework.test.context.transaction.TransactionalTestExecutionListener@277d42d9, org.springframework.test.context.jdbc.SqlScriptsTestExecutionListener@1a8a34c3]
10:02:01,853  INFO Test worker xml.XmlBeanDefinitionReader:317 - Loading XML bean definitions from class path resource [org/springframework/batch/core/configuration/xml/PartitionStepWithLateBindingParserTests-context.xml]
10:02:01,864  INFO Test worker xml.XmlBeanDefinitionReader:317 - Loading XML bean definitions from class path resource [org/springframework/batch/core/configuration/xml/common-context.xml]
10:02:01,871  INFO Test worker support.GenericApplicationContext:581 - Refreshing org.springframework.context.support.GenericApplicationContext@29f8ca97: startup date [Thu Mar 23 10:02:01 CDT 2017]; root of context hierarchy
10:02:01,883  INFO Test worker support.DefaultListableBeanFactory:818 - Overriding bean definition for bean 'handler' with a different definition: replacing [Generic bean: class [org.springframework.batch.core.partition.support.TaskExecutorPartitionHandler]; scope=step; abstract=false; lazyInit=false; autowireMode=0; dependencyCheck=0; autowireCandidate=false; primary=false; factoryBeanName=null; factoryMethodName=null; initMethodName=null; destroyMethodName=null; defined in class path resource [org/springframework/batch/core/configuration/xml/PartitionStepWithLateBindingParserTests-context.xml]] with [Root bean: class [org.springframework.aop.scope.ScopedProxyFactoryBean]; scope=; abstract=false; lazyInit=false; autowireMode=0; dependencyCheck=0; autowireCandidate=true; primary=false; factoryBeanName=null; factoryMethodName=null; initMethodName=null; destroyMethodName=null; defined in BeanDefinition defined in class path resource [org/springframework/batch/core/configuration/xml/PartitionStepWithLateBindingParserTests-context.xml]]
10:02:01,887  INFO Test worker annotation.AutowiredAnnotationBeanPostProcessor:151 - JSR-330 'javax.inject.Inject' annotation found and supported for autowiring
10:02:01,959  INFO Test worker job.SimpleStepHandler:146 - Executing step: [s1]
]]></system-out>
  <system-err><![CDATA[]]></system-err>
</testsuite>
