<?xml version="1.0" encoding="UTF-8"?>
<testsuite name="org.springframework.batch.core.configuration.xml.AutoRegisteringStepScopeTests" tests="2" skipped="0" failures="0" errors="0" timestamp="2017-03-23T15:01:54" hostname="Michaels-MacBook-Pro-3.local" time="0.134">
  <properties/>
  <testcase name="testJobElement" classname="org.springframework.batch.core.configuration.xml.AutoRegisteringStepScopeTests" time="0.072"/>
  <testcase name="testStepElement" classname="org.springframework.batch.core.configuration.xml.AutoRegisteringStepScopeTests" time="0.062"/>
  <system-out><![CDATA[10:01:54,041  INFO Test worker support.ClassPathXmlApplicationContext:581 - Refreshing org.springframework.context.support.ClassPathXmlApplicationContext@57c70185: startup date [Thu Mar 23 10:01:54 CDT 2017]; root of context hierarchy
10:01:54,042  INFO Test worker xml.XmlBeanDefinitionReader:317 - Loading XML bean definitions from class path resource [org/springframework/batch/core/configuration/xml/AutoRegisteringStepScopeForJobElementTests-context.xml]
10:01:54,059  INFO Test worker xml.XmlBeanDefinitionReader:317 - Loading XML bean definitions from class path resource [org/springframework/batch/core/configuration/xml/common-context.xml]
10:01:54,113  INFO Test worker support.ClassPathXmlApplicationContext:581 - Refreshing org.springframework.context.support.ClassPathXmlApplicationContext@21c260db: startup date [Thu Mar 23 10:01:54 CDT 2017]; root of context hierarchy
10:01:54,113  INFO Test worker xml.XmlBeanDefinitionReader:317 - Loading XML bean definitions from class path resource [org/springframework/batch/core/configuration/xml/AutoRegisteringStepScopeForStepElementTests-context.xml]
10:01:54,135  INFO Test worker xml.XmlBeanDefinitionReader:317 - Loading XML bean definitions from class path resource [org/springframework/batch/core/configuration/xml/common-context.xml]
]]></system-out>
  <system-err><![CDATA[]]></system-err>
</testsuite>
