<?xml version="1.0" encoding="UTF-8"?>
<testsuite name="org.springframework.batch.core.scope.StepScopePerformanceTests" tests="2" skipped="0" failures="0" errors="0" timestamp="2017-03-23T15:02:44" hostname="Michaels-MacBook-Pro-3.local" time="0.011">
  <properties/>
  <testcase name="testProxied" classname="org.springframework.batch.core.scope.StepScopePerformanceTests" time="0.01"/>
  <testcase name="testVanilla" classname="org.springframework.batch.core.scope.StepScopePerformanceTests" time="0.001"/>
  <system-out><![CDATA[10:02:44,189  INFO Test worker support.AbstractContextLoader:252 - Detected default resource location "classpath:org/springframework/batch/core/scope/StepScopePerformanceTests-context.xml" for test class [org.springframework.batch.core.scope.StepScopePerformanceTests]
10:02:44,190  INFO Test worker support.AbstractDelegatingSmartContextLoader:176 - GenericXmlContextLoader detected default locations for context configuration [ContextConfigurationAttributes@4099468d declaringClass = 'org.springframework.batch.core.scope.StepScopePerformanceTests', classes = '{}', locations = '{classpath:org/springframework/batch/core/scope/StepScopePerformanceTests-context.xml}', inheritLocations = true, initializers = '{}', inheritInitializers = true, name = [null], contextLoaderClass = 'org.springframework.test.context.ContextLoader'].
10:02:44,190  INFO Test worker support.AnnotationConfigContextLoaderUtils:81 - Could not detect default configuration classes for test class [org.springframework.batch.core.scope.StepScopePerformanceTests]: StepScopePerformanceTests does not declare any static, non-private, non-final, nested classes annotated with @Configuration.
10:02:44,191  INFO Test worker support.DefaultTestContextBootstrapper:260 - Loaded default TestExecutionListener class names from location [META-INF/spring.factories]: [org.springframework.test.context.web.ServletTestExecutionListener, org.springframework.test.context.support.DirtiesContextBeforeModesTestExecutionListener, org.springframework.test.context.support.DependencyInjectionTestExecutionListener, org.springframework.test.context.support.DirtiesContextTestExecutionListener, org.springframework.test.context.transaction.TransactionalTestExecutionListener, org.springframework.test.context.jdbc.SqlScriptsTestExecutionListener]
10:02:44,192  INFO Test worker support.DefaultTestContextBootstrapper:209 - Could not instantiate TestExecutionListener [org.springframework.test.context.web.ServletTestExecutionListener]. Specify custom listener classes or make the default listener classes (and their required dependencies) available. Offending class: [javax/servlet/ServletContext]
10:02:44,192  INFO Test worker support.DefaultTestContextBootstrapper:187 - Using TestExecutionListeners: [org.springframework.test.context.support.DirtiesContextBeforeModesTestExecutionListener@a309fb5, org.springframework.test.context.support.DependencyInjectionTestExecutionListener@f694f1c, org.springframework.test.context.support.DirtiesContextTestExecutionListener@b1ab65f, org.springframework.test.context.transaction.TransactionalTestExecutionListener@485dbe7, org.springframework.test.context.jdbc.SqlScriptsTestExecutionListener@a4631f5]
10:02:44,192  INFO Test worker xml.XmlBeanDefinitionReader:317 - Loading XML bean definitions from class path resource [org/springframework/batch/core/scope/StepScopePerformanceTests-context.xml]
10:02:44,197  INFO Test worker support.GenericApplicationContext:581 - Refreshing org.springframework.context.support.GenericApplicationContext@4f129e0e: startup date [Thu Mar 23 10:02:44 CDT 2017]; root of context hierarchy
10:02:44,200  INFO Test worker support.DefaultListableBeanFactory:818 - Overriding bean definition for bean 'proxied' with a different definition: replacing [Generic bean: class [org.springframework.batch.item.file.FlatFileItemReader]; scope=step; abstract=false; lazyInit=false; autowireMode=0; dependencyCheck=0; autowireCandidate=false; primary=false; factoryBeanName=null; factoryMethodName=null; initMethodName=null; destroyMethodName=null; defined in class path resource [org/springframework/batch/core/scope/StepScopePerformanceTests-context.xml]] with [Root bean: class [org.springframework.aop.scope.ScopedProxyFactoryBean]; scope=; abstract=false; lazyInit=false; autowireMode=0; dependencyCheck=0; autowireCandidate=true; primary=false; factoryBeanName=null; factoryMethodName=null; initMethodName=null; destroyMethodName=null; defined in BeanDefinition defined in class path resource [org/springframework/batch/core/scope/StepScopePerformanceTests-context.xml]]
10:02:44,201  INFO Test worker annotation.AutowiredAnnotationBeanPostProcessor:151 - JSR-330 'javax.inject.Inject' annotation found and supported for autowiring
10:02:44,223  INFO Test worker support.GenericApplicationContext:985 - Closing org.springframework.context.support.GenericApplicationContext@2ca8d946: startup date [Thu Mar 23 10:02:09 CDT 2017]; root of context hierarchy
10:02:44,229  INFO Test worker scope.StepScopePerformanceTests:89 - StopWatch 'warmup': running time (millis) = 1
10:02:44,229  INFO Test worker scope.StepScopePerformanceTests:54 - Item count: 660
10:02:44,234  INFO Test worker scope.StepScopePerformanceTests:89 - StopWatch 'proxied': running time (millis) = 2
10:02:44,234  INFO Test worker scope.StepScopePerformanceTests:73 - Item count: 660
10:02:44,235  INFO Test worker scope.StepScopePerformanceTests:89 - StopWatch 'warmup': running time (millis) = 0
10:02:44,236  INFO Test worker scope.StepScopePerformanceTests:54 - Item count: 660
10:02:44,236  INFO Test worker scope.StepScopePerformanceTests:89 - StopWatch 'vanilla': running time (millis) = 0
10:02:44,236  INFO Test worker scope.StepScopePerformanceTests:67 - Item count: 660
]]></system-out>
  <system-err><![CDATA[]]></system-err>
</testsuite>
