<?xml version="1.0" encoding="UTF-8"?>
<testsuite name="org.springframework.batch.core.configuration.xml.DecisionJobParserTests" tests="1" skipped="0" failures="0" errors="0" timestamp="2017-03-23T15:01:56" hostname="Michaels-MacBook-Pro-3.local" time="0.02">
  <properties/>
  <testcase name="testDecisionState" classname="org.springframework.batch.core.configuration.xml.DecisionJobParserTests" time="0.02"/>
  <system-out><![CDATA[10:01:56,114  INFO Test worker support.AbstractContextLoader:252 - Detected default resource location "classpath:org/springframework/batch/core/configuration/xml/DecisionJobParserTests-context.xml" for test class [org.springframework.batch.core.configuration.xml.DecisionJobParserTests]
10:01:56,114  INFO Test worker support.AbstractDelegatingSmartContextLoader:176 - GenericXmlContextLoader detected default locations for context configuration [ContextConfigurationAttributes@77d39d36 declaringClass = 'org.springframework.batch.core.configuration.xml.DecisionJobParserTests', classes = '{}', locations = '{classpath:org/springframework/batch/core/configuration/xml/DecisionJobParserTests-context.xml}', inheritLocations = true, initializers = '{}', inheritInitializers = true, name = [null], contextLoaderClass = 'org.springframework.test.context.ContextLoader'].
10:01:56,117  INFO Test worker support.AnnotationConfigContextLoaderUtils:81 - Could not detect default configuration classes for test class [org.springframework.batch.core.configuration.xml.DecisionJobParserTests]: DecisionJobParserTests does not declare any static, non-private, non-final, nested classes annotated with @Configuration.
10:01:56,119  INFO Test worker support.DefaultTestContextBootstrapper:260 - Loaded default TestExecutionListener class names from location [META-INF/spring.factories]: [org.springframework.test.context.web.ServletTestExecutionListener, org.springframework.test.context.support.DirtiesContextBeforeModesTestExecutionListener, org.springframework.test.context.support.DependencyInjectionTestExecutionListener, org.springframework.test.context.support.DirtiesContextTestExecutionListener, org.springframework.test.context.transaction.TransactionalTestExecutionListener, org.springframework.test.context.jdbc.SqlScriptsTestExecutionListener]
10:01:56,120  INFO Test worker support.DefaultTestContextBootstrapper:209 - Could not instantiate TestExecutionListener [org.springframework.test.context.web.ServletTestExecutionListener]. Specify custom listener classes or make the default listener classes (and their required dependencies) available. Offending class: [javax/servlet/ServletContext]
10:01:56,120  INFO Test worker support.DefaultTestContextBootstrapper:187 - Using TestExecutionListeners: [org.springframework.test.context.support.DirtiesContextBeforeModesTestExecutionListener@107742fc, org.springframework.test.context.support.DependencyInjectionTestExecutionListener@1a3a543, org.springframework.test.context.support.DirtiesContextTestExecutionListener@6a01e692, org.springframework.test.context.transaction.TransactionalTestExecutionListener@2c62ed67, org.springframework.test.context.jdbc.SqlScriptsTestExecutionListener@6283ab5]
10:01:56,121  INFO Test worker xml.XmlBeanDefinitionReader:317 - Loading XML bean definitions from class path resource [org/springframework/batch/core/configuration/xml/DecisionJobParserTests-context.xml]
10:01:56,136  INFO Test worker xml.XmlBeanDefinitionReader:317 - Loading XML bean definitions from class path resource [org/springframework/batch/core/configuration/xml/common-context.xml]
10:01:56,147  INFO Test worker support.GenericApplicationContext:581 - Refreshing org.springframework.context.support.GenericApplicationContext@1a3d1e8e: startup date [Thu Mar 23 10:01:56 CDT 2017]; root of context hierarchy
10:01:56,170  INFO Test worker annotation.AutowiredAnnotationBeanPostProcessor:151 - JSR-330 'javax.inject.Inject' annotation found and supported for autowiring
10:01:56,263  INFO Test worker job.SimpleStepHandler:146 - Executing step: [s1]
]]></system-out>
  <system-err><![CDATA[]]></system-err>
</testsuite>
