<?xml version="1.0" encoding="UTF-8"?>
<testsuite name="org.springframework.batch.core.JobInstanceTests" tests="5" skipped="0" failures="0" errors="0" timestamp="2017-03-23T15:02:12" hostname="Michaels-MacBook-Pro-3.local" time="0.001">
  <properties/>
  <testcase name="testGetInstanceId" classname="org.springframework.batch.core.JobInstanceTests" time="0.001"/>
  <testcase name="testSerialization" classname="org.springframework.batch.core.JobInstanceTests" time="0.0"/>
  <testcase name="testCreateWithNulls" classname="org.springframework.batch.core.JobInstanceTests" time="0.0"/>
  <testcase name="testGetName" classname="org.springframework.batch.core.JobInstanceTests" time="0.0"/>
  <testcase name="testGetJob" classname="org.springframework.batch.core.JobInstanceTests" time="0.0"/>
  <system-out><![CDATA[]]></system-out>
  <system-err><![CDATA[]]></system-err>
</testsuite>
