<?xml version="1.0" encoding="UTF-8"?>
<testsuite name="org.springframework.batch.core.configuration.xml.StepWithSimpleTaskJobParserTests" tests="1" skipped="0" failures="0" errors="0" timestamp="2017-03-23T15:02:08" hostname="Michaels-MacBook-Pro-3.local" time="0.036">
  <properties/>
  <testcase name="testJob" classname="org.springframework.batch.core.configuration.xml.StepWithSimpleTaskJobParserTests" time="0.036"/>
  <system-out><![CDATA[10:02:08,281  INFO Test worker support.AbstractContextLoader:252 - Detected default resource location "classpath:org/springframework/batch/core/configuration/xml/StepWithSimpleTaskJobParserTests-context.xml" for test class [org.springframework.batch.core.configuration.xml.StepWithSimpleTaskJobParserTests]
10:02:08,282  INFO Test worker support.AbstractDelegatingSmartContextLoader:176 - GenericXmlContextLoader detected default locations for context configuration [ContextConfigurationAttributes@3f93b433 declaringClass = 'org.springframework.batch.core.configuration.xml.StepWithSimpleTaskJobParserTests', classes = '{}', locations = '{classpath:org/springframework/batch/core/configuration/xml/StepWithSimpleTaskJobParserTests-context.xml}', inheritLocations = true, initializers = '{}', inheritInitializers = true, name = [null], contextLoaderClass = 'org.springframework.test.context.ContextLoader'].
10:02:08,282  INFO Test worker support.AnnotationConfigContextLoaderUtils:81 - Could not detect default configuration classes for test class [org.springframework.batch.core.configuration.xml.StepWithSimpleTaskJobParserTests]: StepWithSimpleTaskJobParserTests does not declare any static, non-private, non-final, nested classes annotated with @Configuration.
10:02:08,284  INFO Test worker support.DefaultTestContextBootstrapper:260 - Loaded default TestExecutionListener class names from location [META-INF/spring.factories]: [org.springframework.test.context.web.ServletTestExecutionListener, org.springframework.test.context.support.DirtiesContextBeforeModesTestExecutionListener, org.springframework.test.context.support.DependencyInjectionTestExecutionListener, org.springframework.test.context.support.DirtiesContextTestExecutionListener, org.springframework.test.context.transaction.TransactionalTestExecutionListener, org.springframework.test.context.jdbc.SqlScriptsTestExecutionListener]
10:02:08,285  INFO Test worker support.DefaultTestContextBootstrapper:209 - Could not instantiate TestExecutionListener [org.springframework.test.context.web.ServletTestExecutionListener]. Specify custom listener classes or make the default listener classes (and their required dependencies) available. Offending class: [javax/servlet/ServletContext]
10:02:08,285  INFO Test worker support.DefaultTestContextBootstrapper:187 - Using TestExecutionListeners: [org.springframework.test.context.support.DirtiesContextBeforeModesTestExecutionListener@d5678f, org.springframework.test.context.support.DependencyInjectionTestExecutionListener@7d90eb4b, org.springframework.test.context.support.DirtiesContextTestExecutionListener@47d52524, org.springframework.test.context.transaction.TransactionalTestExecutionListener@72f02619, org.springframework.test.context.jdbc.SqlScriptsTestExecutionListener@5932ded7]
10:02:08,286  INFO Test worker xml.XmlBeanDefinitionReader:317 - Loading XML bean definitions from class path resource [org/springframework/batch/core/configuration/xml/StepWithSimpleTaskJobParserTests-context.xml]
10:02:08,297  INFO Test worker xml.XmlBeanDefinitionReader:317 - Loading XML bean definitions from class path resource [org/springframework/batch/core/configuration/xml/common-context.xml]
10:02:08,304  WARN Test worker support.DefaultListableBeanFactory:811 - Overriding user-defined bean definition for bean 'step1' with a framework-generated bean definition: replacing [Generic bean: class [org.springframework.batch.core.step.tasklet.TaskletStep]; scope=; abstract=false; lazyInit=false; autowireMode=0; dependencyCheck=0; autowireCandidate=true; primary=false; factoryBeanName=null; factoryMethodName=null; initMethodName=null; destroyMethodName=null; defined in class path resource [org/springframework/batch/core/configuration/xml/common-context.xml]] with [Generic bean: class [org.springframework.batch.core.configuration.xml.StepParserStepFactoryBean]; scope=; abstract=false; lazyInit=false; autowireMode=0; dependencyCheck=0; autowireCandidate=true; primary=false; factoryBeanName=null; factoryMethodName=null; initMethodName=null; destroyMethodName=null]
10:02:08,305  WARN Test worker support.DefaultListableBeanFactory:811 - Overriding user-defined bean definition for bean 'step2' with a framework-generated bean definition: replacing [Generic bean with parent 'step1': class [null]; scope=; abstract=false; lazyInit=false; autowireMode=0; dependencyCheck=0; autowireCandidate=true; primary=false; factoryBeanName=null; factoryMethodName=null; initMethodName=null; destroyMethodName=null; defined in class path resource [org/springframework/batch/core/configuration/xml/common-context.xml]] with [Generic bean: class [org.springframework.batch.core.configuration.xml.StepParserStepFactoryBean]; scope=; abstract=false; lazyInit=false; autowireMode=0; dependencyCheck=0; autowireCandidate=true; primary=false; factoryBeanName=null; factoryMethodName=null; initMethodName=null; destroyMethodName=null]
10:02:08,305  WARN Test worker support.DefaultListableBeanFactory:811 - Overriding user-defined bean definition for bean 'step3' with a framework-generated bean definition: replacing [Generic bean with parent 'step1': class [null]; scope=; abstract=false; lazyInit=false; autowireMode=0; dependencyCheck=0; autowireCandidate=true; primary=false; factoryBeanName=null; factoryMethodName=null; initMethodName=null; destroyMethodName=null; defined in class path resource [org/springframework/batch/core/configuration/xml/common-context.xml]] with [Generic bean: class [org.springframework.batch.core.configuration.xml.StepParserStepFactoryBean]; scope=; abstract=false; lazyInit=false; autowireMode=0; dependencyCheck=0; autowireCandidate=true; primary=false; factoryBeanName=null; factoryMethodName=null; initMethodName=null; destroyMethodName=null]
10:02:08,306  WARN Test worker support.DefaultListableBeanFactory:811 - Overriding user-defined bean definition for bean 'step4' with a framework-generated bean definition: replacing [Generic bean with parent 'step1': class [null]; scope=; abstract=false; lazyInit=false; autowireMode=0; dependencyCheck=0; autowireCandidate=true; primary=false; factoryBeanName=null; factoryMethodName=null; initMethodName=null; destroyMethodName=null; defined in class path resource [org/springframework/batch/core/configuration/xml/common-context.xml]] with [Generic bean: class [org.springframework.batch.core.configuration.xml.StepParserStepFactoryBean]; scope=; abstract=false; lazyInit=false; autowireMode=0; dependencyCheck=0; autowireCandidate=true; primary=false; factoryBeanName=null; factoryMethodName=null; initMethodName=null; destroyMethodName=null]
10:02:08,306  INFO Test worker support.GenericApplicationContext:581 - Refreshing org.springframework.context.support.GenericApplicationContext@2382ac09: startup date [Thu Mar 23 10:02:08 CDT 2017]; root of context hierarchy
10:02:08,321  INFO Test worker annotation.AutowiredAnnotationBeanPostProcessor:151 - JSR-330 'javax.inject.Inject' annotation found and supported for autowiring
10:02:08,372  INFO Test worker support.GenericApplicationContext:985 - Closing org.springframework.context.support.GenericApplicationContext@4a5488ff: startup date [Thu Mar 23 10:01:57 CDT 2017]; root of context hierarchy
10:02:08,379  INFO Test worker job.SimpleStepHandler:146 - Executing step: [step1]
10:02:08,385  INFO Test worker job.SimpleStepHandler:146 - Executing step: [step2]
10:02:08,393  INFO Test worker job.SimpleStepHandler:146 - Executing step: [step3]
10:02:08,405  INFO Test worker job.SimpleStepHandler:146 - Executing step: [step4]
]]></system-out>
  <system-err><![CDATA[[step4, step2, step3, step1]
[step4, step2, step3, step1]
[step4, step2, step3, step1]
[step4, step2, step3, step1]
]]></system-err>
</testsuite>
