<?xml version="1.0" encoding="UTF-8"?>
<testsuite name="org.springframework.batch.core.repository.dao.JdbcJobExecutionDaoTests" tests="14" skipped="0" failures="0" errors="0" timestamp="2017-03-23T15:02:35" hostname="Michaels-MacBook-Pro-3.local" time="0.114">
  <properties/>
  <testcase name="testSynchronizeStatusUpgrade" classname="org.springframework.batch.core.repository.dao.JdbcJobExecutionDaoTests" time="0.007"/>
  <testcase name="testGetMissingLastExecution" classname="org.springframework.batch.core.repository.dao.JdbcJobExecutionDaoTests" time="0.005"/>
  <testcase name="testSaveAndFind" classname="org.springframework.batch.core.repository.dao.JdbcJobExecutionDaoTests" time="0.007"/>
  <testcase name="testGetLastExecution" classname="org.springframework.batch.core.repository.dao.JdbcJobExecutionDaoTests" time="0.005"/>
  <testcase name="testSynchronizeStatusDowngrade" classname="org.springframework.batch.core.repository.dao.JdbcJobExecutionDaoTests" time="0.006"/>
  <testcase name="testSaveAddsIdAndVersion" classname="org.springframework.batch.core.repository.dao.JdbcJobExecutionDaoTests" time="0.005"/>
  <testcase name="testGetExecution" classname="org.springframework.batch.core.repository.dao.JdbcJobExecutionDaoTests" time="0.007"/>
  <testcase name="testUpdateExecution" classname="org.springframework.batch.core.repository.dao.JdbcJobExecutionDaoTests" time="0.006"/>
  <testcase name="testFindExecutionsOrdering" classname="org.springframework.batch.core.repository.dao.JdbcJobExecutionDaoTests" time="0.009"/>
  <testcase name="testFindNonExistentExecutions" classname="org.springframework.batch.core.repository.dao.JdbcJobExecutionDaoTests" time="0.004"/>
  <testcase name="testGetMissingExecution" classname="org.springframework.batch.core.repository.dao.JdbcJobExecutionDaoTests" time="0.01"/>
  <testcase name="testNoRunningExecutions" classname="org.springframework.batch.core.repository.dao.JdbcJobExecutionDaoTests" time="0.01"/>
  <testcase name="testFindRunningExecutions" classname="org.springframework.batch.core.repository.dao.JdbcJobExecutionDaoTests" time="0.013"/>
  <testcase name="testConcurrentModificationException" classname="org.springframework.batch.core.repository.dao.JdbcJobExecutionDaoTests" time="0.009"/>
  <system-out><![CDATA[10:02:35,044  INFO Test worker support.DefaultTestContextBootstrapper:260 - Loaded default TestExecutionListener class names from location [META-INF/spring.factories]: [org.springframework.test.context.web.ServletTestExecutionListener, org.springframework.test.context.support.DirtiesContextBeforeModesTestExecutionListener, org.springframework.test.context.support.DependencyInjectionTestExecutionListener, org.springframework.test.context.support.DirtiesContextTestExecutionListener, org.springframework.test.context.transaction.TransactionalTestExecutionListener, org.springframework.test.context.jdbc.SqlScriptsTestExecutionListener]
10:02:35,045  INFO Test worker support.DefaultTestContextBootstrapper:209 - Could not instantiate TestExecutionListener [org.springframework.test.context.web.ServletTestExecutionListener]. Specify custom listener classes or make the default listener classes (and their required dependencies) available. Offending class: [javax/servlet/ServletContext]
10:02:35,045  INFO Test worker support.DefaultTestContextBootstrapper:187 - Using TestExecutionListeners: [org.springframework.test.context.support.DirtiesContextBeforeModesTestExecutionListener@27dbea7f, org.springframework.test.context.support.DependencyInjectionTestExecutionListener@4b23fcd4, org.springframework.test.context.support.DirtiesContextTestExecutionListener@e58b8f7, org.springframework.test.context.transaction.TransactionalTestExecutionListener@77a8d0c2, org.springframework.test.context.jdbc.SqlScriptsTestExecutionListener@f58445a]
10:02:35,052  INFO Test worker transaction.TransactionContext:98 - Began transaction (1) for test context [DefaultTestContext@32ad895 testClass = JdbcJobExecutionDaoTests, testInstance = org.springframework.batch.core.repository.dao.JdbcJobExecutionDaoTests@3739eb52, testMethod = testSynchronizeStatusUpgrade@AbstractJobExecutionDaoTests, testException = [null], mergedContextConfiguration = [MergedContextConfiguration@71b8a463 testClass = JdbcJobExecutionDaoTests, locations = '{classpath:/org/springframework/batch/core/repository/dao/sql-dao-test.xml}', classes = '{}', contextInitializerClasses = '[]', activeProfiles = '{}', propertySourceLocations = '{}', propertySourceProperties = '{}', contextCustomizers = set[[empty]], contextLoader = 'org.springframework.test.context.support.DelegatingSmartContextLoader', parent = [null]], attributes = map[[empty]]]; transaction manager [org.springframework.jdbc.datasource.DataSourceTransactionManager@12d238cc]; rollback [true]
10:02:35,054  INFO Test worker jdbc.JdbcTestUtils:90 - Deleted 0 rows from table BATCH_JOB_EXECUTION_CONTEXT
10:02:35,054  INFO Test worker jdbc.JdbcTestUtils:90 - Deleted 0 rows from table BATCH_STEP_EXECUTION_CONTEXT
10:02:35,055  INFO Test worker jdbc.JdbcTestUtils:90 - Deleted 0 rows from table BATCH_STEP_EXECUTION
10:02:35,055  INFO Test worker jdbc.JdbcTestUtils:90 - Deleted 0 rows from table BATCH_JOB_EXECUTION
10:02:35,055  INFO Test worker jdbc.JdbcTestUtils:90 - Deleted 0 rows from table BATCH_JOB_EXECUTION_PARAMS
10:02:35,055  INFO Test worker jdbc.JdbcTestUtils:90 - Deleted 0 rows from table BATCH_JOB_INSTANCE
10:02:35,058  INFO Test worker transaction.TransactionContext:131 - Rolled back transaction for test context [DefaultTestContext@32ad895 testClass = JdbcJobExecutionDaoTests, testInstance = org.springframework.batch.core.repository.dao.JdbcJobExecutionDaoTests@3739eb52, testMethod = testSynchronizeStatusUpgrade@AbstractJobExecutionDaoTests, testException = [null], mergedContextConfiguration = [MergedContextConfiguration@71b8a463 testClass = JdbcJobExecutionDaoTests, locations = '{classpath:/org/springframework/batch/core/repository/dao/sql-dao-test.xml}', classes = '{}', contextInitializerClasses = '[]', activeProfiles = '{}', propertySourceLocations = '{}', propertySourceProperties = '{}', contextCustomizers = set[[empty]], contextLoader = 'org.springframework.test.context.support.DelegatingSmartContextLoader', parent = [null]], attributes = map[[empty]]].
10:02:35,059  INFO Test worker transaction.TransactionContext:98 - Began transaction (1) for test context [DefaultTestContext@32ad895 testClass = JdbcJobExecutionDaoTests, testInstance = org.springframework.batch.core.repository.dao.JdbcJobExecutionDaoTests@64ff7d74, testMethod = testGetMissingLastExecution@AbstractJobExecutionDaoTests, testException = [null], mergedContextConfiguration = [MergedContextConfiguration@71b8a463 testClass = JdbcJobExecutionDaoTests, locations = '{classpath:/org/springframework/batch/core/repository/dao/sql-dao-test.xml}', classes = '{}', contextInitializerClasses = '[]', activeProfiles = '{}', propertySourceLocations = '{}', propertySourceProperties = '{}', contextCustomizers = set[[empty]], contextLoader = 'org.springframework.test.context.support.DelegatingSmartContextLoader', parent = [null]], attributes = map[[empty]]]; transaction manager [org.springframework.jdbc.datasource.DataSourceTransactionManager@12d238cc]; rollback [true]
10:02:35,060  INFO Test worker jdbc.JdbcTestUtils:90 - Deleted 0 rows from table BATCH_JOB_EXECUTION_CONTEXT
10:02:35,060  INFO Test worker jdbc.JdbcTestUtils:90 - Deleted 0 rows from table BATCH_STEP_EXECUTION_CONTEXT
10:02:35,060  INFO Test worker jdbc.JdbcTestUtils:90 - Deleted 0 rows from table BATCH_STEP_EXECUTION
10:02:35,061  INFO Test worker jdbc.JdbcTestUtils:90 - Deleted 0 rows from table BATCH_JOB_EXECUTION
10:02:35,061  INFO Test worker jdbc.JdbcTestUtils:90 - Deleted 0 rows from table BATCH_JOB_EXECUTION_PARAMS
10:02:35,061  INFO Test worker jdbc.JdbcTestUtils:90 - Deleted 0 rows from table BATCH_JOB_INSTANCE
10:02:35,063  INFO Test worker transaction.TransactionContext:131 - Rolled back transaction for test context [DefaultTestContext@32ad895 testClass = JdbcJobExecutionDaoTests, testInstance = org.springframework.batch.core.repository.dao.JdbcJobExecutionDaoTests@64ff7d74, testMethod = testGetMissingLastExecution@AbstractJobExecutionDaoTests, testException = [null], mergedContextConfiguration = [MergedContextConfiguration@71b8a463 testClass = JdbcJobExecutionDaoTests, locations = '{classpath:/org/springframework/batch/core/repository/dao/sql-dao-test.xml}', classes = '{}', contextInitializerClasses = '[]', activeProfiles = '{}', propertySourceLocations = '{}', propertySourceProperties = '{}', contextCustomizers = set[[empty]], contextLoader = 'org.springframework.test.context.support.DelegatingSmartContextLoader', parent = [null]], attributes = map[[empty]]].
10:02:35,065  INFO Test worker transaction.TransactionContext:98 - Began transaction (1) for test context [DefaultTestContext@32ad895 testClass = JdbcJobExecutionDaoTests, testInstance = org.springframework.batch.core.repository.dao.JdbcJobExecutionDaoTests@6db6cc1c, testMethod = testSaveAndFind@AbstractJobExecutionDaoTests, testException = [null], mergedContextConfiguration = [MergedContextConfiguration@71b8a463 testClass = JdbcJobExecutionDaoTests, locations = '{classpath:/org/springframework/batch/core/repository/dao/sql-dao-test.xml}', classes = '{}', contextInitializerClasses = '[]', activeProfiles = '{}', propertySourceLocations = '{}', propertySourceProperties = '{}', contextCustomizers = set[[empty]], contextLoader = 'org.springframework.test.context.support.DelegatingSmartContextLoader', parent = [null]], attributes = map[[empty]]]; transaction manager [org.springframework.jdbc.datasource.DataSourceTransactionManager@12d238cc]; rollback [true]
10:02:35,066  INFO Test worker jdbc.JdbcTestUtils:90 - Deleted 0 rows from table BATCH_JOB_EXECUTION_CONTEXT
10:02:35,066  INFO Test worker jdbc.JdbcTestUtils:90 - Deleted 0 rows from table BATCH_STEP_EXECUTION_CONTEXT
10:02:35,067  INFO Test worker jdbc.JdbcTestUtils:90 - Deleted 0 rows from table BATCH_STEP_EXECUTION
10:02:35,067  INFO Test worker jdbc.JdbcTestUtils:90 - Deleted 0 rows from table BATCH_JOB_EXECUTION
10:02:35,067  INFO Test worker jdbc.JdbcTestUtils:90 - Deleted 0 rows from table BATCH_JOB_EXECUTION_PARAMS
10:02:35,067  INFO Test worker jdbc.JdbcTestUtils:90 - Deleted 0 rows from table BATCH_JOB_INSTANCE
10:02:35,070  INFO Test worker transaction.TransactionContext:131 - Rolled back transaction for test context [DefaultTestContext@32ad895 testClass = JdbcJobExecutionDaoTests, testInstance = org.springframework.batch.core.repository.dao.JdbcJobExecutionDaoTests@6db6cc1c, testMethod = testSaveAndFind@AbstractJobExecutionDaoTests, testException = [null], mergedContextConfiguration = [MergedContextConfiguration@71b8a463 testClass = JdbcJobExecutionDaoTests, locations = '{classpath:/org/springframework/batch/core/repository/dao/sql-dao-test.xml}', classes = '{}', contextInitializerClasses = '[]', activeProfiles = '{}', propertySourceLocations = '{}', propertySourceProperties = '{}', contextCustomizers = set[[empty]], contextLoader = 'org.springframework.test.context.support.DelegatingSmartContextLoader', parent = [null]], attributes = map[[empty]]].
10:02:35,072  INFO Test worker transaction.TransactionContext:98 - Began transaction (1) for test context [DefaultTestContext@32ad895 testClass = JdbcJobExecutionDaoTests, testInstance = org.springframework.batch.core.repository.dao.JdbcJobExecutionDaoTests@771a4847, testMethod = testGetLastExecution@AbstractJobExecutionDaoTests, testException = [null], mergedContextConfiguration = [MergedContextConfiguration@71b8a463 testClass = JdbcJobExecutionDaoTests, locations = '{classpath:/org/springframework/batch/core/repository/dao/sql-dao-test.xml}', classes = '{}', contextInitializerClasses = '[]', activeProfiles = '{}', propertySourceLocations = '{}', propertySourceProperties = '{}', contextCustomizers = set[[empty]], contextLoader = 'org.springframework.test.context.support.DelegatingSmartContextLoader', parent = [null]], attributes = map[[empty]]]; transaction manager [org.springframework.jdbc.datasource.DataSourceTransactionManager@12d238cc]; rollback [true]
10:02:35,073  INFO Test worker jdbc.JdbcTestUtils:90 - Deleted 0 rows from table BATCH_JOB_EXECUTION_CONTEXT
10:02:35,073  INFO Test worker jdbc.JdbcTestUtils:90 - Deleted 0 rows from table BATCH_STEP_EXECUTION_CONTEXT
10:02:35,073  INFO Test worker jdbc.JdbcTestUtils:90 - Deleted 0 rows from table BATCH_STEP_EXECUTION
10:02:35,073  INFO Test worker jdbc.JdbcTestUtils:90 - Deleted 0 rows from table BATCH_JOB_EXECUTION
10:02:35,074  INFO Test worker jdbc.JdbcTestUtils:90 - Deleted 0 rows from table BATCH_JOB_EXECUTION_PARAMS
10:02:35,074  INFO Test worker jdbc.JdbcTestUtils:90 - Deleted 0 rows from table BATCH_JOB_INSTANCE
10:02:35,077  INFO Test worker transaction.TransactionContext:131 - Rolled back transaction for test context [DefaultTestContext@32ad895 testClass = JdbcJobExecutionDaoTests, testInstance = org.springframework.batch.core.repository.dao.JdbcJobExecutionDaoTests@771a4847, testMethod = testGetLastExecution@AbstractJobExecutionDaoTests, testException = [null], mergedContextConfiguration = [MergedContextConfiguration@71b8a463 testClass = JdbcJobExecutionDaoTests, locations = '{classpath:/org/springframework/batch/core/repository/dao/sql-dao-test.xml}', classes = '{}', contextInitializerClasses = '[]', activeProfiles = '{}', propertySourceLocations = '{}', propertySourceProperties = '{}', contextCustomizers = set[[empty]], contextLoader = 'org.springframework.test.context.support.DelegatingSmartContextLoader', parent = [null]], attributes = map[[empty]]].
10:02:35,079  INFO Test worker transaction.TransactionContext:98 - Began transaction (1) for test context [DefaultTestContext@32ad895 testClass = JdbcJobExecutionDaoTests, testInstance = org.springframework.batch.core.repository.dao.JdbcJobExecutionDaoTests@474cb188, testMethod = testSynchronizeStatusDowngrade@AbstractJobExecutionDaoTests, testException = [null], mergedContextConfiguration = [MergedContextConfiguration@71b8a463 testClass = JdbcJobExecutionDaoTests, locations = '{classpath:/org/springframework/batch/core/repository/dao/sql-dao-test.xml}', classes = '{}', contextInitializerClasses = '[]', activeProfiles = '{}', propertySourceLocations = '{}', propertySourceProperties = '{}', contextCustomizers = set[[empty]], contextLoader = 'org.springframework.test.context.support.DelegatingSmartContextLoader', parent = [null]], attributes = map[[empty]]]; transaction manager [org.springframework.jdbc.datasource.DataSourceTransactionManager@12d238cc]; rollback [true]
10:02:35,079  INFO Test worker jdbc.JdbcTestUtils:90 - Deleted 0 rows from table BATCH_JOB_EXECUTION_CONTEXT
10:02:35,080  INFO Test worker jdbc.JdbcTestUtils:90 - Deleted 0 rows from table BATCH_STEP_EXECUTION_CONTEXT
10:02:35,080  INFO Test worker jdbc.JdbcTestUtils:90 - Deleted 0 rows from table BATCH_STEP_EXECUTION
10:02:35,080  INFO Test worker jdbc.JdbcTestUtils:90 - Deleted 0 rows from table BATCH_JOB_EXECUTION
10:02:35,081  INFO Test worker jdbc.JdbcTestUtils:90 - Deleted 0 rows from table BATCH_JOB_EXECUTION_PARAMS
10:02:35,081  INFO Test worker jdbc.JdbcTestUtils:90 - Deleted 0 rows from table BATCH_JOB_INSTANCE
10:02:35,084  INFO Test worker transaction.TransactionContext:131 - Rolled back transaction for test context [DefaultTestContext@32ad895 testClass = JdbcJobExecutionDaoTests, testInstance = org.springframework.batch.core.repository.dao.JdbcJobExecutionDaoTests@474cb188, testMethod = testSynchronizeStatusDowngrade@AbstractJobExecutionDaoTests, testException = [null], mergedContextConfiguration = [MergedContextConfiguration@71b8a463 testClass = JdbcJobExecutionDaoTests, locations = '{classpath:/org/springframework/batch/core/repository/dao/sql-dao-test.xml}', classes = '{}', contextInitializerClasses = '[]', activeProfiles = '{}', propertySourceLocations = '{}', propertySourceProperties = '{}', contextCustomizers = set[[empty]], contextLoader = 'org.springframework.test.context.support.DelegatingSmartContextLoader', parent = [null]], attributes = map[[empty]]].
10:02:35,086  INFO Test worker transaction.TransactionContext:98 - Began transaction (1) for test context [DefaultTestContext@32ad895 testClass = JdbcJobExecutionDaoTests, testInstance = org.springframework.batch.core.repository.dao.JdbcJobExecutionDaoTests@539cb395, testMethod = testSaveAddsIdAndVersion@AbstractJobExecutionDaoTests, testException = [null], mergedContextConfiguration = [MergedContextConfiguration@71b8a463 testClass = JdbcJobExecutionDaoTests, locations = '{classpath:/org/springframework/batch/core/repository/dao/sql-dao-test.xml}', classes = '{}', contextInitializerClasses = '[]', activeProfiles = '{}', propertySourceLocations = '{}', propertySourceProperties = '{}', contextCustomizers = set[[empty]], contextLoader = 'org.springframework.test.context.support.DelegatingSmartContextLoader', parent = [null]], attributes = map[[empty]]]; transaction manager [org.springframework.jdbc.datasource.DataSourceTransactionManager@12d238cc]; rollback [true]
10:02:35,086  INFO Test worker jdbc.JdbcTestUtils:90 - Deleted 0 rows from table BATCH_JOB_EXECUTION_CONTEXT
10:02:35,086  INFO Test worker jdbc.JdbcTestUtils:90 - Deleted 0 rows from table BATCH_STEP_EXECUTION_CONTEXT
10:02:35,087  INFO Test worker jdbc.JdbcTestUtils:90 - Deleted 0 rows from table BATCH_STEP_EXECUTION
10:02:35,087  INFO Test worker jdbc.JdbcTestUtils:90 - Deleted 0 rows from table BATCH_JOB_EXECUTION
10:02:35,087  INFO Test worker jdbc.JdbcTestUtils:90 - Deleted 0 rows from table BATCH_JOB_EXECUTION_PARAMS
10:02:35,088  INFO Test worker jdbc.JdbcTestUtils:90 - Deleted 0 rows from table BATCH_JOB_INSTANCE
10:02:35,089  INFO Test worker transaction.TransactionContext:131 - Rolled back transaction for test context [DefaultTestContext@32ad895 testClass = JdbcJobExecutionDaoTests, testInstance = org.springframework.batch.core.repository.dao.JdbcJobExecutionDaoTests@539cb395, testMethod = testSaveAddsIdAndVersion@AbstractJobExecutionDaoTests, testException = [null], mergedContextConfiguration = [MergedContextConfiguration@71b8a463 testClass = JdbcJobExecutionDaoTests, locations = '{classpath:/org/springframework/batch/core/repository/dao/sql-dao-test.xml}', classes = '{}', contextInitializerClasses = '[]', activeProfiles = '{}', propertySourceLocations = '{}', propertySourceProperties = '{}', contextCustomizers = set[[empty]], contextLoader = 'org.springframework.test.context.support.DelegatingSmartContextLoader', parent = [null]], attributes = map[[empty]]].
10:02:35,091  INFO Test worker transaction.TransactionContext:98 - Began transaction (1) for test context [DefaultTestContext@32ad895 testClass = JdbcJobExecutionDaoTests, testInstance = org.springframework.batch.core.repository.dao.JdbcJobExecutionDaoTests@715ff243, testMethod = testGetExecution@AbstractJobExecutionDaoTests, testException = [null], mergedContextConfiguration = [MergedContextConfiguration@71b8a463 testClass = JdbcJobExecutionDaoTests, locations = '{classpath:/org/springframework/batch/core/repository/dao/sql-dao-test.xml}', classes = '{}', contextInitializerClasses = '[]', activeProfiles = '{}', propertySourceLocations = '{}', propertySourceProperties = '{}', contextCustomizers = set[[empty]], contextLoader = 'org.springframework.test.context.support.DelegatingSmartContextLoader', parent = [null]], attributes = map[[empty]]]; transaction manager [org.springframework.jdbc.datasource.DataSourceTransactionManager@12d238cc]; rollback [true]
10:02:35,092  INFO Test worker jdbc.JdbcTestUtils:90 - Deleted 0 rows from table BATCH_JOB_EXECUTION_CONTEXT
10:02:35,092  INFO Test worker jdbc.JdbcTestUtils:90 - Deleted 0 rows from table BATCH_STEP_EXECUTION_CONTEXT
10:02:35,092  INFO Test worker jdbc.JdbcTestUtils:90 - Deleted 0 rows from table BATCH_STEP_EXECUTION
10:02:35,092  INFO Test worker jdbc.JdbcTestUtils:90 - Deleted 0 rows from table BATCH_JOB_EXECUTION
10:02:35,093  INFO Test worker jdbc.JdbcTestUtils:90 - Deleted 0 rows from table BATCH_JOB_EXECUTION_PARAMS
10:02:35,093  INFO Test worker jdbc.JdbcTestUtils:90 - Deleted 0 rows from table BATCH_JOB_INSTANCE
10:02:35,096  INFO Test worker transaction.TransactionContext:131 - Rolled back transaction for test context [DefaultTestContext@32ad895 testClass = JdbcJobExecutionDaoTests, testInstance = org.springframework.batch.core.repository.dao.JdbcJobExecutionDaoTests@715ff243, testMethod = testGetExecution@AbstractJobExecutionDaoTests, testException = [null], mergedContextConfiguration = [MergedContextConfiguration@71b8a463 testClass = JdbcJobExecutionDaoTests, locations = '{classpath:/org/springframework/batch/core/repository/dao/sql-dao-test.xml}', classes = '{}', contextInitializerClasses = '[]', activeProfiles = '{}', propertySourceLocations = '{}', propertySourceProperties = '{}', contextCustomizers = set[[empty]], contextLoader = 'org.springframework.test.context.support.DelegatingSmartContextLoader', parent = [null]], attributes = map[[empty]]].
10:02:35,098  INFO Test worker transaction.TransactionContext:98 - Began transaction (1) for test context [DefaultTestContext@32ad895 testClass = JdbcJobExecutionDaoTests, testInstance = org.springframework.batch.core.repository.dao.JdbcJobExecutionDaoTests@3010679b, testMethod = testUpdateExecution@AbstractJobExecutionDaoTests, testException = [null], mergedContextConfiguration = [MergedContextConfiguration@71b8a463 testClass = JdbcJobExecutionDaoTests, locations = '{classpath:/org/springframework/batch/core/repository/dao/sql-dao-test.xml}', classes = '{}', contextInitializerClasses = '[]', activeProfiles = '{}', propertySourceLocations = '{}', propertySourceProperties = '{}', contextCustomizers = set[[empty]], contextLoader = 'org.springframework.test.context.support.DelegatingSmartContextLoader', parent = [null]], attributes = map[[empty]]]; transaction manager [org.springframework.jdbc.datasource.DataSourceTransactionManager@12d238cc]; rollback [true]
10:02:35,098  INFO Test worker jdbc.JdbcTestUtils:90 - Deleted 0 rows from table BATCH_JOB_EXECUTION_CONTEXT
10:02:35,099  INFO Test worker jdbc.JdbcTestUtils:90 - Deleted 0 rows from table BATCH_STEP_EXECUTION_CONTEXT
10:02:35,099  INFO Test worker jdbc.JdbcTestUtils:90 - Deleted 0 rows from table BATCH_STEP_EXECUTION
10:02:35,099  INFO Test worker jdbc.JdbcTestUtils:90 - Deleted 0 rows from table BATCH_JOB_EXECUTION
10:02:35,100  INFO Test worker jdbc.JdbcTestUtils:90 - Deleted 0 rows from table BATCH_JOB_EXECUTION_PARAMS
10:02:35,100  INFO Test worker jdbc.JdbcTestUtils:90 - Deleted 0 rows from table BATCH_JOB_INSTANCE
10:02:35,103  INFO Test worker transaction.TransactionContext:131 - Rolled back transaction for test context [DefaultTestContext@32ad895 testClass = JdbcJobExecutionDaoTests, testInstance = org.springframework.batch.core.repository.dao.JdbcJobExecutionDaoTests@3010679b, testMethod = testUpdateExecution@AbstractJobExecutionDaoTests, testException = [null], mergedContextConfiguration = [MergedContextConfiguration@71b8a463 testClass = JdbcJobExecutionDaoTests, locations = '{classpath:/org/springframework/batch/core/repository/dao/sql-dao-test.xml}', classes = '{}', contextInitializerClasses = '[]', activeProfiles = '{}', propertySourceLocations = '{}', propertySourceProperties = '{}', contextCustomizers = set[[empty]], contextLoader = 'org.springframework.test.context.support.DelegatingSmartContextLoader', parent = [null]], attributes = map[[empty]]].
10:02:35,105  INFO Test worker transaction.TransactionContext:98 - Began transaction (1) for test context [DefaultTestContext@32ad895 testClass = JdbcJobExecutionDaoTests, testInstance = org.springframework.batch.core.repository.dao.JdbcJobExecutionDaoTests@303a20dc, testMethod = testFindExecutionsOrdering@AbstractJobExecutionDaoTests, testException = [null], mergedContextConfiguration = [MergedContextConfiguration@71b8a463 testClass = JdbcJobExecutionDaoTests, locations = '{classpath:/org/springframework/batch/core/repository/dao/sql-dao-test.xml}', classes = '{}', contextInitializerClasses = '[]', activeProfiles = '{}', propertySourceLocations = '{}', propertySourceProperties = '{}', contextCustomizers = set[[empty]], contextLoader = 'org.springframework.test.context.support.DelegatingSmartContextLoader', parent = [null]], attributes = map[[empty]]]; transaction manager [org.springframework.jdbc.datasource.DataSourceTransactionManager@12d238cc]; rollback [true]
10:02:35,105  INFO Test worker jdbc.JdbcTestUtils:90 - Deleted 0 rows from table BATCH_JOB_EXECUTION_CONTEXT
10:02:35,106  INFO Test worker jdbc.JdbcTestUtils:90 - Deleted 0 rows from table BATCH_STEP_EXECUTION_CONTEXT
10:02:35,106  INFO Test worker jdbc.JdbcTestUtils:90 - Deleted 0 rows from table BATCH_STEP_EXECUTION
10:02:35,106  INFO Test worker jdbc.JdbcTestUtils:90 - Deleted 0 rows from table BATCH_JOB_EXECUTION
10:02:35,106  INFO Test worker jdbc.JdbcTestUtils:90 - Deleted 0 rows from table BATCH_JOB_EXECUTION_PARAMS
10:02:35,106  INFO Test worker jdbc.JdbcTestUtils:90 - Deleted 0 rows from table BATCH_JOB_INSTANCE
10:02:35,113  INFO Test worker transaction.TransactionContext:131 - Rolled back transaction for test context [DefaultTestContext@32ad895 testClass = JdbcJobExecutionDaoTests, testInstance = org.springframework.batch.core.repository.dao.JdbcJobExecutionDaoTests@303a20dc, testMethod = testFindExecutionsOrdering@AbstractJobExecutionDaoTests, testException = [null], mergedContextConfiguration = [MergedContextConfiguration@71b8a463 testClass = JdbcJobExecutionDaoTests, locations = '{classpath:/org/springframework/batch/core/repository/dao/sql-dao-test.xml}', classes = '{}', contextInitializerClasses = '[]', activeProfiles = '{}', propertySourceLocations = '{}', propertySourceProperties = '{}', contextCustomizers = set[[empty]], contextLoader = 'org.springframework.test.context.support.DelegatingSmartContextLoader', parent = [null]], attributes = map[[empty]]].
10:02:35,114  INFO Test worker transaction.TransactionContext:98 - Began transaction (1) for test context [DefaultTestContext@32ad895 testClass = JdbcJobExecutionDaoTests, testInstance = org.springframework.batch.core.repository.dao.JdbcJobExecutionDaoTests@7ef9b514, testMethod = testFindNonExistentExecutions@AbstractJobExecutionDaoTests, testException = [null], mergedContextConfiguration = [MergedContextConfiguration@71b8a463 testClass = JdbcJobExecutionDaoTests, locations = '{classpath:/org/springframework/batch/core/repository/dao/sql-dao-test.xml}', classes = '{}', contextInitializerClasses = '[]', activeProfiles = '{}', propertySourceLocations = '{}', propertySourceProperties = '{}', contextCustomizers = set[[empty]], contextLoader = 'org.springframework.test.context.support.DelegatingSmartContextLoader', parent = [null]], attributes = map[[empty]]]; transaction manager [org.springframework.jdbc.datasource.DataSourceTransactionManager@12d238cc]; rollback [true]
10:02:35,115  INFO Test worker jdbc.JdbcTestUtils:90 - Deleted 0 rows from table BATCH_JOB_EXECUTION_CONTEXT
10:02:35,115  INFO Test worker jdbc.JdbcTestUtils:90 - Deleted 0 rows from table BATCH_STEP_EXECUTION_CONTEXT
10:02:35,115  INFO Test worker jdbc.JdbcTestUtils:90 - Deleted 0 rows from table BATCH_STEP_EXECUTION
10:02:35,116  INFO Test worker jdbc.JdbcTestUtils:90 - Deleted 0 rows from table BATCH_JOB_EXECUTION
10:02:35,116  INFO Test worker jdbc.JdbcTestUtils:90 - Deleted 0 rows from table BATCH_JOB_EXECUTION_PARAMS
10:02:35,116  INFO Test worker jdbc.JdbcTestUtils:90 - Deleted 0 rows from table BATCH_JOB_INSTANCE
10:02:35,118  INFO Test worker transaction.TransactionContext:131 - Rolled back transaction for test context [DefaultTestContext@32ad895 testClass = JdbcJobExecutionDaoTests, testInstance = org.springframework.batch.core.repository.dao.JdbcJobExecutionDaoTests@7ef9b514, testMethod = testFindNonExistentExecutions@AbstractJobExecutionDaoTests, testException = [null], mergedContextConfiguration = [MergedContextConfiguration@71b8a463 testClass = JdbcJobExecutionDaoTests, locations = '{classpath:/org/springframework/batch/core/repository/dao/sql-dao-test.xml}', classes = '{}', contextInitializerClasses = '[]', activeProfiles = '{}', propertySourceLocations = '{}', propertySourceProperties = '{}', contextCustomizers = set[[empty]], contextLoader = 'org.springframework.test.context.support.DelegatingSmartContextLoader', parent = [null]], attributes = map[[empty]]].
10:02:35,119  INFO Test worker transaction.TransactionContext:98 - Began transaction (1) for test context [DefaultTestContext@32ad895 testClass = JdbcJobExecutionDaoTests, testInstance = org.springframework.batch.core.repository.dao.JdbcJobExecutionDaoTests@6e722063, testMethod = testGetMissingExecution@AbstractJobExecutionDaoTests, testException = [null], mergedContextConfiguration = [MergedContextConfiguration@71b8a463 testClass = JdbcJobExecutionDaoTests, locations = '{classpath:/org/springframework/batch/core/repository/dao/sql-dao-test.xml}', classes = '{}', contextInitializerClasses = '[]', activeProfiles = '{}', propertySourceLocations = '{}', propertySourceProperties = '{}', contextCustomizers = set[[empty]], contextLoader = 'org.springframework.test.context.support.DelegatingSmartContextLoader', parent = [null]], attributes = map[[empty]]]; transaction manager [org.springframework.jdbc.datasource.DataSourceTransactionManager@12d238cc]; rollback [true]
10:02:35,120  INFO Test worker jdbc.JdbcTestUtils:90 - Deleted 0 rows from table BATCH_JOB_EXECUTION_CONTEXT
10:02:35,120  INFO Test worker jdbc.JdbcTestUtils:90 - Deleted 0 rows from table BATCH_STEP_EXECUTION_CONTEXT
10:02:35,120  INFO Test worker jdbc.JdbcTestUtils:90 - Deleted 0 rows from table BATCH_STEP_EXECUTION
10:02:35,121  INFO Test worker jdbc.JdbcTestUtils:90 - Deleted 0 rows from table BATCH_JOB_EXECUTION
10:02:35,121  INFO Test worker jdbc.JdbcTestUtils:90 - Deleted 0 rows from table BATCH_JOB_EXECUTION_PARAMS
10:02:35,122  INFO Test worker jdbc.JdbcTestUtils:90 - Deleted 0 rows from table BATCH_JOB_INSTANCE
10:02:35,125  INFO Test worker transaction.TransactionContext:131 - Rolled back transaction for test context [DefaultTestContext@32ad895 testClass = JdbcJobExecutionDaoTests, testInstance = org.springframework.batch.core.repository.dao.JdbcJobExecutionDaoTests@6e722063, testMethod = testGetMissingExecution@AbstractJobExecutionDaoTests, testException = [null], mergedContextConfiguration = [MergedContextConfiguration@71b8a463 testClass = JdbcJobExecutionDaoTests, locations = '{classpath:/org/springframework/batch/core/repository/dao/sql-dao-test.xml}', classes = '{}', contextInitializerClasses = '[]', activeProfiles = '{}', propertySourceLocations = '{}', propertySourceProperties = '{}', contextCustomizers = set[[empty]], contextLoader = 'org.springframework.test.context.support.DelegatingSmartContextLoader', parent = [null]], attributes = map[[empty]]].
10:02:35,130  INFO Test worker transaction.TransactionContext:98 - Began transaction (1) for test context [DefaultTestContext@32ad895 testClass = JdbcJobExecutionDaoTests, testInstance = org.springframework.batch.core.repository.dao.JdbcJobExecutionDaoTests@19f7d1c1, testMethod = testNoRunningExecutions@AbstractJobExecutionDaoTests, testException = [null], mergedContextConfiguration = [MergedContextConfiguration@71b8a463 testClass = JdbcJobExecutionDaoTests, locations = '{classpath:/org/springframework/batch/core/repository/dao/sql-dao-test.xml}', classes = '{}', contextInitializerClasses = '[]', activeProfiles = '{}', propertySourceLocations = '{}', propertySourceProperties = '{}', contextCustomizers = set[[empty]], contextLoader = 'org.springframework.test.context.support.DelegatingSmartContextLoader', parent = [null]], attributes = map[[empty]]]; transaction manager [org.springframework.jdbc.datasource.DataSourceTransactionManager@12d238cc]; rollback [true]
10:02:35,131  INFO Test worker jdbc.JdbcTestUtils:90 - Deleted 0 rows from table BATCH_JOB_EXECUTION_CONTEXT
10:02:35,131  INFO Test worker jdbc.JdbcTestUtils:90 - Deleted 0 rows from table BATCH_STEP_EXECUTION_CONTEXT
10:02:35,131  INFO Test worker jdbc.JdbcTestUtils:90 - Deleted 0 rows from table BATCH_STEP_EXECUTION
10:02:35,131  INFO Test worker jdbc.JdbcTestUtils:90 - Deleted 0 rows from table BATCH_JOB_EXECUTION
10:02:35,132  INFO Test worker jdbc.JdbcTestUtils:90 - Deleted 0 rows from table BATCH_JOB_EXECUTION_PARAMS
10:02:35,132  INFO Test worker jdbc.JdbcTestUtils:90 - Deleted 0 rows from table BATCH_JOB_INSTANCE
10:02:35,139  INFO Test worker transaction.TransactionContext:131 - Rolled back transaction for test context [DefaultTestContext@32ad895 testClass = JdbcJobExecutionDaoTests, testInstance = org.springframework.batch.core.repository.dao.JdbcJobExecutionDaoTests@19f7d1c1, testMethod = testNoRunningExecutions@AbstractJobExecutionDaoTests, testException = [null], mergedContextConfiguration = [MergedContextConfiguration@71b8a463 testClass = JdbcJobExecutionDaoTests, locations = '{classpath:/org/springframework/batch/core/repository/dao/sql-dao-test.xml}', classes = '{}', contextInitializerClasses = '[]', activeProfiles = '{}', propertySourceLocations = '{}', propertySourceProperties = '{}', contextCustomizers = set[[empty]], contextLoader = 'org.springframework.test.context.support.DelegatingSmartContextLoader', parent = [null]], attributes = map[[empty]]].
10:02:35,143  INFO Test worker transaction.TransactionContext:98 - Began transaction (1) for test context [DefaultTestContext@32ad895 testClass = JdbcJobExecutionDaoTests, testInstance = org.springframework.batch.core.repository.dao.JdbcJobExecutionDaoTests@62648a1b, testMethod = testFindRunningExecutions@AbstractJobExecutionDaoTests, testException = [null], mergedContextConfiguration = [MergedContextConfiguration@71b8a463 testClass = JdbcJobExecutionDaoTests, locations = '{classpath:/org/springframework/batch/core/repository/dao/sql-dao-test.xml}', classes = '{}', contextInitializerClasses = '[]', activeProfiles = '{}', propertySourceLocations = '{}', propertySourceProperties = '{}', contextCustomizers = set[[empty]], contextLoader = 'org.springframework.test.context.support.DelegatingSmartContextLoader', parent = [null]], attributes = map[[empty]]]; transaction manager [org.springframework.jdbc.datasource.DataSourceTransactionManager@12d238cc]; rollback [true]
10:02:35,143  INFO Test worker jdbc.JdbcTestUtils:90 - Deleted 0 rows from table BATCH_JOB_EXECUTION_CONTEXT
10:02:35,144  INFO Test worker jdbc.JdbcTestUtils:90 - Deleted 0 rows from table BATCH_STEP_EXECUTION_CONTEXT
10:02:35,144  INFO Test worker jdbc.JdbcTestUtils:90 - Deleted 0 rows from table BATCH_STEP_EXECUTION
10:02:35,145  INFO Test worker jdbc.JdbcTestUtils:90 - Deleted 0 rows from table BATCH_JOB_EXECUTION
10:02:35,145  INFO Test worker jdbc.JdbcTestUtils:90 - Deleted 0 rows from table BATCH_JOB_EXECUTION_PARAMS
10:02:35,145  INFO Test worker jdbc.JdbcTestUtils:90 - Deleted 0 rows from table BATCH_JOB_INSTANCE
10:02:35,155  INFO Test worker transaction.TransactionContext:131 - Rolled back transaction for test context [DefaultTestContext@32ad895 testClass = JdbcJobExecutionDaoTests, testInstance = org.springframework.batch.core.repository.dao.JdbcJobExecutionDaoTests@62648a1b, testMethod = testFindRunningExecutions@AbstractJobExecutionDaoTests, testException = [null], mergedContextConfiguration = [MergedContextConfiguration@71b8a463 testClass = JdbcJobExecutionDaoTests, locations = '{classpath:/org/springframework/batch/core/repository/dao/sql-dao-test.xml}', classes = '{}', contextInitializerClasses = '[]', activeProfiles = '{}', propertySourceLocations = '{}', propertySourceProperties = '{}', contextCustomizers = set[[empty]], contextLoader = 'org.springframework.test.context.support.DelegatingSmartContextLoader', parent = [null]], attributes = map[[empty]]].
10:02:35,157  INFO Test worker transaction.TransactionContext:98 - Began transaction (1) for test context [DefaultTestContext@32ad895 testClass = JdbcJobExecutionDaoTests, testInstance = org.springframework.batch.core.repository.dao.JdbcJobExecutionDaoTests@5b1dc766, testMethod = testConcurrentModificationException@AbstractJobExecutionDaoTests, testException = [null], mergedContextConfiguration = [MergedContextConfiguration@71b8a463 testClass = JdbcJobExecutionDaoTests, locations = '{classpath:/org/springframework/batch/core/repository/dao/sql-dao-test.xml}', classes = '{}', contextInitializerClasses = '[]', activeProfiles = '{}', propertySourceLocations = '{}', propertySourceProperties = '{}', contextCustomizers = set[[empty]], contextLoader = 'org.springframework.test.context.support.DelegatingSmartContextLoader', parent = [null]], attributes = map[[empty]]]; transaction manager [org.springframework.jdbc.datasource.DataSourceTransactionManager@12d238cc]; rollback [true]
10:02:35,158  INFO Test worker jdbc.JdbcTestUtils:90 - Deleted 0 rows from table BATCH_JOB_EXECUTION_CONTEXT
10:02:35,158  INFO Test worker jdbc.JdbcTestUtils:90 - Deleted 0 rows from table BATCH_STEP_EXECUTION_CONTEXT
10:02:35,159  INFO Test worker jdbc.JdbcTestUtils:90 - Deleted 0 rows from table BATCH_STEP_EXECUTION
10:02:35,159  INFO Test worker jdbc.JdbcTestUtils:90 - Deleted 0 rows from table BATCH_JOB_EXECUTION
10:02:35,159  INFO Test worker jdbc.JdbcTestUtils:90 - Deleted 0 rows from table BATCH_JOB_EXECUTION_PARAMS
10:02:35,159  INFO Test worker jdbc.JdbcTestUtils:90 - Deleted 0 rows from table BATCH_JOB_INSTANCE
10:02:35,165  INFO Test worker transaction.TransactionContext:131 - Rolled back transaction for test context [DefaultTestContext@32ad895 testClass = JdbcJobExecutionDaoTests, testInstance = org.springframework.batch.core.repository.dao.JdbcJobExecutionDaoTests@5b1dc766, testMethod = testConcurrentModificationException@AbstractJobExecutionDaoTests, testException = [null], mergedContextConfiguration = [MergedContextConfiguration@71b8a463 testClass = JdbcJobExecutionDaoTests, locations = '{classpath:/org/springframework/batch/core/repository/dao/sql-dao-test.xml}', classes = '{}', contextInitializerClasses = '[]', activeProfiles = '{}', propertySourceLocations = '{}', propertySourceProperties = '{}', contextCustomizers = set[[empty]], contextLoader = 'org.springframework.test.context.support.DelegatingSmartContextLoader', parent = [null]], attributes = map[[empty]]].
]]></system-out>
  <system-err><![CDATA[]]></system-err>
</testsuite>
