<?xml version="1.0" encoding="UTF-8"?>
<testsuite name="org.springframework.batch.core.ExitStatusTests" tests="26" skipped="0" failures="0" errors="0" timestamp="2017-03-23T15:02:09" hostname="Michaels-MacBook-Pro-3.local" time="0.005">
  <properties/>
  <testcase name="testAndExitStatusWhenCustomContinuableAddedToContinuable" classname="org.springframework.batch.core.ExitStatusTests" time="0.0"/>
  <testcase name="testAndExitStatusFailedPlusFinished" classname="org.springframework.batch.core.ExitStatusTests" time="0.0"/>
  <testcase name="testAndExitStatusStillExecutable" classname="org.springframework.batch.core.ExitStatusTests" time="0.0"/>
  <testcase name="testExitStatusBooleanInt" classname="org.springframework.batch.core.ExitStatusTests" time="0.0"/>
  <testcase name="testAddExitDescriptionWIthStacktrace" classname="org.springframework.batch.core.ExitStatusTests" time="0.0"/>
  <testcase name="testAndExitStatusWhenContinuableAddedToFinished" classname="org.springframework.batch.core.ExitStatusTests" time="0.0"/>
  <testcase name="testEqualsSelf" classname="org.springframework.batch.core.ExitStatusTests" time="0.0"/>
  <testcase name="testAndExitStatusWhenCustomContinuableAddedToFinished" classname="org.springframework.batch.core.ExitStatusTests" time="0.0"/>
  <testcase name="testEqualsWithSameProperties" classname="org.springframework.batch.core.ExitStatusTests" time="0.0"/>
  <testcase name="testUnkownIsRunning" classname="org.springframework.batch.core.ExitStatusTests" time="0.0"/>
  <testcase name="testAddExitCodeToExistingStatus" classname="org.springframework.batch.core.ExitStatusTests" time="0.0"/>
  <testcase name="testAddExitCodeToSameStatus" classname="org.springframework.batch.core.ExitStatusTests" time="0.0"/>
  <testcase name="testAddExitDescription" classname="org.springframework.batch.core.ExitStatusTests" time="0.0"/>
  <testcase name="testAddExitCode" classname="org.springframework.batch.core.ExitStatusTests" time="0.0"/>
  <testcase name="testAddEmptyExitDescription" classname="org.springframework.batch.core.ExitStatusTests" time="0.0"/>
  <testcase name="testExitStatusNullDescription" classname="org.springframework.batch.core.ExitStatusTests" time="0.0"/>
  <testcase name="testHashcode" classname="org.springframework.batch.core.ExitStatusTests" time="0.0"/>
  <testcase name="testAddExitDescriptionToSameStatus" classname="org.springframework.batch.core.ExitStatusTests" time="0.001"/>
  <testcase name="testAndExitStatusWhenCustomCompletedAddedToCompleted" classname="org.springframework.batch.core.ExitStatusTests" time="0.0"/>
  <testcase name="testExitStatusConstantsFinished" classname="org.springframework.batch.core.ExitStatusTests" time="0.0"/>
  <testcase name="testEquals" classname="org.springframework.batch.core.ExitStatusTests" time="0.0"/>
  <testcase name="testAddExitCodeWithDescription" classname="org.springframework.batch.core.ExitStatusTests" time="0.0"/>
  <testcase name="testSerializable" classname="org.springframework.batch.core.ExitStatusTests" time="0.0"/>
  <testcase name="testAndExitStatusWhenFinishedAddedToContinuable" classname="org.springframework.batch.core.ExitStatusTests" time="0.0"/>
  <testcase name="testEqualsWithNull" classname="org.springframework.batch.core.ExitStatusTests" time="0.0"/>
  <testcase name="testExitStatusConstantsContinuable" classname="org.springframework.batch.core.ExitStatusTests" time="0.0"/>
  <system-out><![CDATA[]]></system-out>
  <system-err><![CDATA[]]></system-err>
</testsuite>
