<?xml version="1.0" encoding="UTF-8"?>
<testsuite name="org.springframework.batch.core.launch.support.SimpleJobOperatorTests" tests="23" skipped="0" failures="0" errors="0" timestamp="2017-03-23T15:02:33" hostname="Michaels-MacBook-Pro-3.local" time="0.134">
  <properties/>
  <testcase name="testStartNewInstanceAlreadyExists" classname="org.springframework.batch.core.launch.support.SimpleJobOperatorTests" time="0.005"/>
  <testcase name="testGetJobParametersNoSuchExecution" classname="org.springframework.batch.core.launch.support.SimpleJobOperatorTests" time="0.001"/>
  <testcase name="testAbortNonStopping" classname="org.springframework.batch.core.launch.support.SimpleJobOperatorTests" time="0.001"/>
  <testcase name="testGetStepExecutionSummariesNoSuchExecution" classname="org.springframework.batch.core.launch.support.SimpleJobOperatorTests" time="0.0"/>
  <testcase name="testAbort" classname="org.springframework.batch.core.launch.support.SimpleJobOperatorTests" time="0.001"/>
  <testcase name="testStop" classname="org.springframework.batch.core.launch.support.SimpleJobOperatorTests" time="0.001"/>
  <testcase name="testGetSummaryNoSuchExecution" classname="org.springframework.batch.core.launch.support.SimpleJobOperatorTests" time="0.0"/>
  <testcase name="testGetSummarySunnyDay" classname="org.springframework.batch.core.launch.support.SimpleJobOperatorTests" time="0.001"/>
  <testcase name="testGetJobNames" classname="org.springframework.batch.core.launch.support.SimpleJobOperatorTests" time="0.0"/>
  <testcase name="testStartNewInstanceSunnyDay" classname="org.springframework.batch.core.launch.support.SimpleJobOperatorTests" time="0.001"/>
  <testcase name="testResumeSunnyDay" classname="org.springframework.batch.core.launch.support.SimpleJobOperatorTests" time="0.001"/>
  <testcase name="testFindRunningExecutionsNoSuchJob" classname="org.springframework.batch.core.launch.support.SimpleJobOperatorTests" time="0.0"/>
  <testcase name="testGetLastInstancesSunnyDay" classname="org.springframework.batch.core.launch.support.SimpleJobOperatorTests" time="0.001"/>
  <testcase name="testStopTaskletException" classname="org.springframework.batch.core.launch.support.SimpleJobOperatorTests" time="0.098"/>
  <testcase name="testGetExecutionsNoSuchInstance" classname="org.springframework.batch.core.launch.support.SimpleJobOperatorTests" time="0.0"/>
  <testcase name="testStopTasklet" classname="org.springframework.batch.core.launch.support.SimpleJobOperatorTests" time="0.016"/>
  <testcase name="testFindRunningExecutionsSunnyDay" classname="org.springframework.batch.core.launch.support.SimpleJobOperatorTests" time="0.0"/>
  <testcase name="testMandatoryProperties" classname="org.springframework.batch.core.launch.support.SimpleJobOperatorTests" time="0.001"/>
  <testcase name="testGetStepExecutionSummariesSunnyDay" classname="org.springframework.batch.core.launch.support.SimpleJobOperatorTests" time="0.0"/>
  <testcase name="testGetJobParametersSunnyDay" classname="org.springframework.batch.core.launch.support.SimpleJobOperatorTests" time="0.001"/>
  <testcase name="testGetExecutionsSunnyDay" classname="org.springframework.batch.core.launch.support.SimpleJobOperatorTests" time="0.002"/>
  <testcase name="testGetLastInstancesNoSuchJob" classname="org.springframework.batch.core.launch.support.SimpleJobOperatorTests" time="0.001"/>
  <testcase name="testStartNextInstanceSunnyDay" classname="org.springframework.batch.core.launch.support.SimpleJobOperatorTests" time="0.001"/>
  <system-out><![CDATA[10:02:33,380  INFO Test worker support.SimpleJobOperator:299 - Checking status of job with name=foo
10:02:33,383  INFO Test worker support.SimpleJobOperator:443 - Aborting job execution: JobExecution: id=111, version=null, startTime=null, endTime=null, lastUpdated=null, status=STOPPING, exitStatus=exitCode=UNKNOWN;exitDescription=, job=[JobInstance: id=123, version=null, Job=[foo]], jobParameters=[{}]
10:02:33,386  INFO Test worker support.SimpleJobOperator:299 - Checking status of job with name=foo
10:02:33,386  INFO Test worker support.SimpleJobOperator:312 - Attempting to launch job with name=foo and parameters=a=b
10:02:33,386  INFO Test worker support.SimpleJobOperator:270 - Checking status of job execution with id=111
10:02:33,387  INFO Test worker support.SimpleJobOperator:278 - Attempting to resume job with name=foo and parameters={}
10:02:33,508  INFO Test worker support.SimpleJobOperator:340 - Locating parameters for next instance of job with name=foo
10:02:33,509  INFO Test worker support.SimpleJobOperator:362 - Attempting to launch job with name=foo and parameters=null
]]></system-out>
  <system-err><![CDATA[]]></system-err>
</testsuite>
