<?xml version="1.0" encoding="UTF-8"?>
<testsuite name="org.springframework.batch.core.listener.JobParameterExecutionContextCopyListenerTests" tests="2" skipped="0" failures="0" errors="0" timestamp="2017-03-23T15:02:33" hostname="Michaels-MacBook-Pro-3.local" time="0.0">
  <properties/>
  <testcase name="testBeforeStep" classname="org.springframework.batch.core.listener.JobParameterExecutionContextCopyListenerTests" time="0.0"/>
  <testcase name="testSetKeys" classname="org.springframework.batch.core.listener.JobParameterExecutionContextCopyListenerTests" time="0.0"/>
  <system-out><![CDATA[]]></system-out>
  <system-err><![CDATA[]]></system-err>
</testsuite>
