<?xml version="1.0" encoding="UTF-8"?>
<testsuite name="org.springframework.batch.core.repository.dao.XStreamExecutionContextStringSerializerTests" tests="3" skipped="0" failures="0" errors="0" timestamp="2017-03-23T15:02:39" hostname="Michaels-MacBook-Pro-3.local" time="0.022">
  <properties/>
  <testcase name="testSerializeAMap" classname="org.springframework.batch.core.repository.dao.XStreamExecutionContextStringSerializerTests" time="0.007"/>
  <testcase name="testNullSerialization" classname="org.springframework.batch.core.repository.dao.XStreamExecutionContextStringSerializerTests" time="0.002"/>
  <testcase name="testComplexObject" classname="org.springframework.batch.core.repository.dao.XStreamExecutionContextStringSerializerTests" time="0.013"/>
  <system-out><![CDATA[]]></system-out>
  <system-err><![CDATA[]]></system-err>
</testsuite>
