<?xml version="1.0" encoding="UTF-8"?>
<testsuite name="org.springframework.batch.core.job.flow.support.SimpleFlowTests" tests="15" skipped="0" failures="0" errors="0" timestamp="2017-03-23T15:02:11" hostname="Michaels-MacBook-Pro-3.local" time="0.005">
  <properties/>
  <testcase name="testOneStepWithListenerCallsClose" classname="org.springframework.batch.core.job.flow.support.SimpleFlowTests" time="0.002"/>
  <testcase name="testEmptySteps" classname="org.springframework.batch.core.job.flow.support.SimpleFlowTests" time="0.0"/>
  <testcase name="testTwoSteps" classname="org.springframework.batch.core.job.flow.support.SimpleFlowTests" time="0.0"/>
  <testcase name="testOneStep" classname="org.springframework.batch.core.job.flow.support.SimpleFlowTests" time="0.0"/>
  <testcase name="testNoMatchForNextStep" classname="org.springframework.batch.core.job.flow.support.SimpleFlowTests" time="0.0"/>
  <testcase name="testGetStateExists" classname="org.springframework.batch.core.job.flow.support.SimpleFlowTests" time="0.0"/>
  <testcase name="testNoNextStepSpecified" classname="org.springframework.batch.core.job.flow.support.SimpleFlowTests" time="0.0"/>
  <testcase name="testUnconnectedSteps" classname="org.springframework.batch.core.job.flow.support.SimpleFlowTests" time="0.0"/>
  <testcase name="testGetStateDoesNotExist" classname="org.springframework.batch.core.job.flow.support.SimpleFlowTests" time="0.0"/>
  <testcase name="testNoEndStep" classname="org.springframework.batch.core.job.flow.support.SimpleFlowTests" time="0.0"/>
  <testcase name="testFailedStep" classname="org.springframework.batch.core.job.flow.support.SimpleFlowTests" time="0.001"/>
  <testcase name="testBranching" classname="org.springframework.batch.core.job.flow.support.SimpleFlowTests" time="0.0"/>
  <testcase name="testExplicitStartStep" classname="org.springframework.batch.core.job.flow.support.SimpleFlowTests" time="0.0"/>
  <testcase name="testResume" classname="org.springframework.batch.core.job.flow.support.SimpleFlowTests" time="0.0"/>
  <testcase name="testStepLoop" classname="org.springframework.batch.core.job.flow.support.SimpleFlowTests" time="0.0"/>
  <system-out><![CDATA[]]></system-out>
  <system-err><![CDATA[]]></system-err>
</testsuite>
