<?xml version="1.0" encoding="UTF-8"?>
<testsuite name="org.springframework.batch.core.listener.StepListenerMethodInterceptorTests" tests="3" skipped="0" failures="0" errors="0" timestamp="2017-03-23T15:02:33" hostname="Michaels-MacBook-Pro-3.local" time="0.003">
  <properties/>
  <testcase name="testNormalCase" classname="org.springframework.batch.core.listener.StepListenerMethodInterceptorTests" time="0.003"/>
  <testcase name="testExitStatusReturn" classname="org.springframework.batch.core.listener.StepListenerMethodInterceptorTests" time="0.0"/>
  <testcase name="testMultipleInvokersPerName" classname="org.springframework.batch.core.listener.StepListenerMethodInterceptorTests" time="0.0"/>
  <system-out><![CDATA[]]></system-out>
  <system-err><![CDATA[]]></system-err>
</testsuite>
