<?xml version="1.0" encoding="UTF-8"?>
<testsuite name="org.springframework.batch.core.configuration.xml.JobRepositoryParserReferenceTests" tests="1" skipped="0" failures="0" errors="0" timestamp="2017-03-23T15:01:59" hostname="Michaels-MacBook-Pro-3.local" time="0.001">
  <properties/>
  <testcase name="testOneStep" classname="org.springframework.batch.core.configuration.xml.JobRepositoryParserReferenceTests" time="0.001"/>
  <system-out><![CDATA[10:01:59,588  INFO Test worker support.AbstractContextLoader:252 - Detected default resource location "classpath:org/springframework/batch/core/configuration/xml/JobRepositoryParserReferenceTests-context.xml" for test class [org.springframework.batch.core.configuration.xml.JobRepositoryParserReferenceTests]
10:01:59,589  INFO Test worker support.AbstractDelegatingSmartContextLoader:176 - GenericXmlContextLoader detected default locations for context configuration [ContextConfigurationAttributes@67dda31c declaringClass = 'org.springframework.batch.core.configuration.xml.JobRepositoryParserReferenceTests', classes = '{}', locations = '{classpath:org/springframework/batch/core/configuration/xml/JobRepositoryParserReferenceTests-context.xml}', inheritLocations = true, initializers = '{}', inheritInitializers = true, name = [null], contextLoaderClass = 'org.springframework.test.context.ContextLoader'].
10:01:59,589  INFO Test worker support.AnnotationConfigContextLoaderUtils:81 - Could not detect default configuration classes for test class [org.springframework.batch.core.configuration.xml.JobRepositoryParserReferenceTests]: JobRepositoryParserReferenceTests does not declare any static, non-private, non-final, nested classes annotated with @Configuration.
10:01:59,591  INFO Test worker support.DefaultTestContextBootstrapper:260 - Loaded default TestExecutionListener class names from location [META-INF/spring.factories]: [org.springframework.test.context.web.ServletTestExecutionListener, org.springframework.test.context.support.DirtiesContextBeforeModesTestExecutionListener, org.springframework.test.context.support.DependencyInjectionTestExecutionListener, org.springframework.test.context.support.DirtiesContextTestExecutionListener, org.springframework.test.context.transaction.TransactionalTestExecutionListener, org.springframework.test.context.jdbc.SqlScriptsTestExecutionListener]
10:01:59,592  INFO Test worker support.DefaultTestContextBootstrapper:209 - Could not instantiate TestExecutionListener [org.springframework.test.context.web.ServletTestExecutionListener]. Specify custom listener classes or make the default listener classes (and their required dependencies) available. Offending class: [javax/servlet/ServletContext]
10:01:59,593  INFO Test worker support.DefaultTestContextBootstrapper:187 - Using TestExecutionListeners: [org.springframework.test.context.support.DirtiesContextBeforeModesTestExecutionListener@c047906, org.springframework.test.context.support.DependencyInjectionTestExecutionListener@22174de1, org.springframework.test.context.support.DirtiesContextTestExecutionListener@71928293, org.springframework.test.context.transaction.TransactionalTestExecutionListener@2f924146, org.springframework.test.context.jdbc.SqlScriptsTestExecutionListener@f1d1fb]
10:01:59,593  INFO Test worker xml.XmlBeanDefinitionReader:317 - Loading XML bean definitions from class path resource [org/springframework/batch/core/configuration/xml/JobRepositoryParserReferenceTests-context.xml]
10:01:59,610  INFO Test worker support.GenericApplicationContext:581 - Refreshing org.springframework.context.support.GenericApplicationContext@1811ec41: startup date [Thu Mar 23 10:01:59 CDT 2017]; root of context hierarchy
10:01:59,625  INFO Test worker annotation.AutowiredAnnotationBeanPostProcessor:151 - JSR-330 'javax.inject.Inject' annotation found and supported for autowiring
10:01:59,647  INFO Test worker datasource.DriverManagerDataSource:133 - Loaded JDBC driver: org.hsqldb.jdbcDriver
10:01:59,653  INFO Test worker support.JobRepositoryFactoryBean:184 - No database type set, using meta data indicating: HSQL
]]></system-out>
  <system-err><![CDATA[]]></system-err>
</testsuite>
