<?xml version="1.0" encoding="UTF-8"?>
<testsuite name="org.springframework.batch.core.job.flow.FlowExecutionTests" tests="6" skipped="0" failures="0" errors="0" timestamp="2017-03-23T15:02:11" hostname="Michaels-MacBook-Pro-3.local" time="0.001">
  <properties/>
  <testcase name="testEnumAndAlpha" classname="org.springframework.batch.core.job.flow.FlowExecutionTests" time="0.0"/>
  <testcase name="testEnumStartsWithAlphaOrdering" classname="org.springframework.batch.core.job.flow.FlowExecutionTests" time="0.0"/>
  <testcase name="testAlphaOrdering" classname="org.springframework.batch.core.job.flow.FlowExecutionTests" time="0.0"/>
  <testcase name="testBasicProperties" classname="org.springframework.batch.core.job.flow.FlowExecutionTests" time="0.0"/>
  <testcase name="testEnumStartsWithOrdering" classname="org.springframework.batch.core.job.flow.FlowExecutionTests" time="0.0"/>
  <testcase name="testEnumOrdering" classname="org.springframework.batch.core.job.flow.FlowExecutionTests" time="0.0"/>
  <system-out><![CDATA[]]></system-out>
  <system-err><![CDATA[]]></system-err>
</testsuite>
