<?xml version="1.0" encoding="UTF-8"?>
<testsuite name="org.springframework.batch.core.scope.StepScopeProxyTargetClassOverrideIntegrationTests" tests="6" skipped="0" failures="0" errors="0" timestamp="2017-03-23T15:02:44" hostname="Michaels-MacBook-Pro-3.local" time="0.013">
  <properties/>
  <testcase name="testSimpleProxyTargetClassFalse" classname="org.springframework.batch.core.scope.StepScopeProxyTargetClassOverrideIntegrationTests" time="0.003"/>
  <testcase name="testSimpleProxyTargetClassTrue" classname="org.springframework.batch.core.scope.StepScopeProxyTargetClassOverrideIntegrationTests" time="0.008"/>
  <testcase name="testNestedProxyTargetClassFalse" classname="org.springframework.batch.core.scope.StepScopeProxyTargetClassOverrideIntegrationTests" time="0.001"/>
  <testcase name="testNestedProxyTargetClassTrue" classname="org.springframework.batch.core.scope.StepScopeProxyTargetClassOverrideIntegrationTests" time="0.0"/>
  <testcase name="testNested" classname="org.springframework.batch.core.scope.StepScopeProxyTargetClassOverrideIntegrationTests" time="0.001"/>
  <testcase name="testSimple" classname="org.springframework.batch.core.scope.StepScopeProxyTargetClassOverrideIntegrationTests" time="0.0"/>
  <system-out><![CDATA[10:02:44,303  INFO Test worker support.AbstractContextLoader:252 - Detected default resource location "classpath:org/springframework/batch/core/scope/StepScopeProxyTargetClassOverrideIntegrationTests-context.xml" for test class [org.springframework.batch.core.scope.StepScopeProxyTargetClassOverrideIntegrationTests]
10:02:44,304  INFO Test worker support.AbstractDelegatingSmartContextLoader:176 - GenericXmlContextLoader detected default locations for context configuration [ContextConfigurationAttributes@44af8fb2 declaringClass = 'org.springframework.batch.core.scope.StepScopeProxyTargetClassOverrideIntegrationTests', classes = '{}', locations = '{classpath:org/springframework/batch/core/scope/StepScopeProxyTargetClassOverrideIntegrationTests-context.xml}', inheritLocations = true, initializers = '{}', inheritInitializers = true, name = [null], contextLoaderClass = 'org.springframework.test.context.ContextLoader'].
10:02:44,304  INFO Test worker support.AnnotationConfigContextLoaderUtils:81 - Could not detect default configuration classes for test class [org.springframework.batch.core.scope.StepScopeProxyTargetClassOverrideIntegrationTests]: StepScopeProxyTargetClassOverrideIntegrationTests does not declare any static, non-private, non-final, nested classes annotated with @Configuration.
10:02:44,305  INFO Test worker support.DefaultTestContextBootstrapper:260 - Loaded default TestExecutionListener class names from location [META-INF/spring.factories]: [org.springframework.test.context.web.ServletTestExecutionListener, org.springframework.test.context.support.DirtiesContextBeforeModesTestExecutionListener, org.springframework.test.context.support.DependencyInjectionTestExecutionListener, org.springframework.test.context.support.DirtiesContextTestExecutionListener, org.springframework.test.context.transaction.TransactionalTestExecutionListener, org.springframework.test.context.jdbc.SqlScriptsTestExecutionListener]
10:02:44,305  INFO Test worker support.DefaultTestContextBootstrapper:209 - Could not instantiate TestExecutionListener [org.springframework.test.context.web.ServletTestExecutionListener]. Specify custom listener classes or make the default listener classes (and their required dependencies) available. Offending class: [javax/servlet/ServletContext]
10:02:44,305  INFO Test worker support.DefaultTestContextBootstrapper:187 - Using TestExecutionListeners: [org.springframework.test.context.support.DirtiesContextBeforeModesTestExecutionListener@f4b13d7, org.springframework.test.context.support.DependencyInjectionTestExecutionListener@2db6c564, org.springframework.test.context.support.DirtiesContextTestExecutionListener@782869f, org.springframework.test.context.transaction.TransactionalTestExecutionListener@16533ff1, org.springframework.test.context.jdbc.SqlScriptsTestExecutionListener@41d15347]
10:02:44,306  INFO Test worker xml.XmlBeanDefinitionReader:317 - Loading XML bean definitions from class path resource [org/springframework/batch/core/scope/StepScopeProxyTargetClassOverrideIntegrationTests-context.xml]
10:02:44,313  INFO Test worker support.GenericApplicationContext:581 - Refreshing org.springframework.context.support.GenericApplicationContext@5ad733fc: startup date [Thu Mar 23 10:02:44 CDT 2017]; root of context hierarchy
10:02:44,316  INFO Test worker support.DefaultListableBeanFactory:818 - Overriding bean definition for bean 'simple' with a different definition: replacing [Generic bean: class [org.springframework.batch.core.scope.TestCollaborator]; scope=step; abstract=false; lazyInit=false; autowireMode=0; dependencyCheck=0; autowireCandidate=false; primary=false; factoryBeanName=null; factoryMethodName=null; initMethodName=null; destroyMethodName=null; defined in class path resource [org/springframework/batch/core/scope/StepScopeProxyTargetClassOverrideIntegrationTests-context.xml]] with [Root bean: class [org.springframework.aop.scope.ScopedProxyFactoryBean]; scope=; abstract=false; lazyInit=false; autowireMode=0; dependencyCheck=0; autowireCandidate=true; primary=false; factoryBeanName=null; factoryMethodName=null; initMethodName=null; destroyMethodName=null; defined in BeanDefinition defined in class path resource [org/springframework/batch/core/scope/StepScopeProxyTargetClassOverrideIntegrationTests-context.xml]]
10:02:44,317  INFO Test worker support.DefaultListableBeanFactory:818 - Overriding bean definition for bean 'scopedTarget.simpleProxyTargetClassTrue' with a different definition: replacing [Generic bean: class [org.springframework.batch.core.scope.TestCollaborator]; scope=step; abstract=false; lazyInit=false; autowireMode=0; dependencyCheck=0; autowireCandidate=false; primary=false; factoryBeanName=null; factoryMethodName=null; initMethodName=null; destroyMethodName=null; defined in class path resource [org/springframework/batch/core/scope/StepScopeProxyTargetClassOverrideIntegrationTests-context.xml]] with [Root bean: class [org.springframework.aop.scope.ScopedProxyFactoryBean]; scope=; abstract=false; lazyInit=false; autowireMode=0; dependencyCheck=0; autowireCandidate=false; primary=false; factoryBeanName=null; factoryMethodName=null; initMethodName=null; destroyMethodName=null; defined in BeanDefinition defined in class path resource [org/springframework/batch/core/scope/StepScopeProxyTargetClassOverrideIntegrationTests-context.xml]]
10:02:44,317  INFO Test worker support.DefaultListableBeanFactory:818 - Overriding bean definition for bean 'scopedTarget.simpleProxyTargetClassFalse' with a different definition: replacing [Generic bean: class [org.springframework.batch.core.scope.TestCollaborator]; scope=step; abstract=false; lazyInit=false; autowireMode=0; dependencyCheck=0; autowireCandidate=false; primary=false; factoryBeanName=null; factoryMethodName=null; initMethodName=null; destroyMethodName=null; defined in class path resource [org/springframework/batch/core/scope/StepScopeProxyTargetClassOverrideIntegrationTests-context.xml]] with [Root bean: class [org.springframework.aop.scope.ScopedProxyFactoryBean]; scope=; abstract=false; lazyInit=false; autowireMode=0; dependencyCheck=0; autowireCandidate=false; primary=false; factoryBeanName=null; factoryMethodName=null; initMethodName=null; destroyMethodName=null; defined in BeanDefinition defined in class path resource [org/springframework/batch/core/scope/StepScopeProxyTargetClassOverrideIntegrationTests-context.xml]]
10:02:44,317  INFO Test worker support.DefaultListableBeanFactory:818 - Overriding bean definition for bean 'scopedTarget.org.springframework.batch.core.scope.TestCollaborator#571909e6' with a different definition: replacing [Generic bean: class [org.springframework.batch.core.scope.TestCollaborator]; scope=step; abstract=false; lazyInit=false; autowireMode=0; dependencyCheck=0; autowireCandidate=false; primary=false; factoryBeanName=null; factoryMethodName=null; initMethodName=null; destroyMethodName=null; defined in class path resource [org/springframework/batch/core/scope/StepScopeProxyTargetClassOverrideIntegrationTests-context.xml]] with [Root bean: class [org.springframework.aop.scope.ScopedProxyFactoryBean]; scope=; abstract=false; lazyInit=false; autowireMode=0; dependencyCheck=0; autowireCandidate=false; primary=false; factoryBeanName=null; factoryMethodName=null; initMethodName=null; destroyMethodName=null; defined in BeanDefinition defined in class path resource [org/springframework/batch/core/scope/StepScopeProxyTargetClassOverrideIntegrationTests-context.xml]]
10:02:44,317  INFO Test worker support.DefaultListableBeanFactory:818 - Overriding bean definition for bean 'scopedTarget.org.springframework.batch.core.scope.TestCollaborator#3d0752fd' with a different definition: replacing [Generic bean: class [org.springframework.batch.core.scope.TestCollaborator]; scope=step; abstract=false; lazyInit=false; autowireMode=0; dependencyCheck=0; autowireCandidate=false; primary=false; factoryBeanName=null; factoryMethodName=null; initMethodName=null; destroyMethodName=null; defined in class path resource [org/springframework/batch/core/scope/StepScopeProxyTargetClassOverrideIntegrationTests-context.xml]] with [Root bean: class [org.springframework.aop.scope.ScopedProxyFactoryBean]; scope=; abstract=false; lazyInit=false; autowireMode=0; dependencyCheck=0; autowireCandidate=false; primary=false; factoryBeanName=null; factoryMethodName=null; initMethodName=null; destroyMethodName=null; defined in BeanDefinition defined in class path resource [org/springframework/batch/core/scope/StepScopeProxyTargetClassOverrideIntegrationTests-context.xml]]
10:02:44,318  INFO Test worker annotation.AutowiredAnnotationBeanPostProcessor:151 - JSR-330 'javax.inject.Inject' annotation found and supported for autowiring
10:02:44,347  INFO Test worker support.GenericApplicationContext:985 - Closing org.springframework.context.support.GenericApplicationContext@78931ea6: startup date [Thu Mar 23 10:02:09 CDT 2017]; root of context hierarchy
]]></system-out>
  <system-err><![CDATA[]]></system-err>
</testsuite>
