<?xml version="1.0" encoding="UTF-8"?>
<testsuite name="org.springframework.batch.core.repository.support.SimpleJobRepositoryIntegrationTests" tests="6" skipped="0" failures="0" errors="0" timestamp="2017-03-23T15:02:40" hostname="Michaels-MacBook-Pro-3.local" time="0.05">
  <properties/>
  <testcase name="testGetLastJobExecution" classname="org.springframework.batch.core.repository.support.SimpleJobRepositoryIntegrationTests" time="0.02"/>
  <testcase name="testOnlyOneJobExecutionAllowedRunning" classname="org.springframework.batch.core.repository.support.SimpleJobRepositoryIntegrationTests" time="0.003"/>
  <testcase name="testCreateAndFind" classname="org.springframework.batch.core.repository.support.SimpleJobRepositoryIntegrationTests" time="0.006"/>
  <testcase name="testGetStepExecutionCountAndLastStepExecution" classname="org.springframework.batch.core.repository.support.SimpleJobRepositoryIntegrationTests" time="0.008"/>
  <testcase name="testSaveExecutionContext" classname="org.springframework.batch.core.repository.support.SimpleJobRepositoryIntegrationTests" time="0.004"/>
  <testcase name="testCreateAndFindWithNoStartDate" classname="org.springframework.batch.core.repository.support.SimpleJobRepositoryIntegrationTests" time="0.005"/>
  <system-out><![CDATA[10:02:40,101  INFO Test worker support.DefaultTestContextBootstrapper:260 - Loaded default TestExecutionListener class names from location [META-INF/spring.factories]: [org.springframework.test.context.web.ServletTestExecutionListener, org.springframework.test.context.support.DirtiesContextBeforeModesTestExecutionListener, org.springframework.test.context.support.DependencyInjectionTestExecutionListener, org.springframework.test.context.support.DirtiesContextTestExecutionListener, org.springframework.test.context.transaction.TransactionalTestExecutionListener, org.springframework.test.context.jdbc.SqlScriptsTestExecutionListener]
10:02:40,102  INFO Test worker support.DefaultTestContextBootstrapper:209 - Could not instantiate TestExecutionListener [org.springframework.test.context.web.ServletTestExecutionListener]. Specify custom listener classes or make the default listener classes (and their required dependencies) available. Offending class: [javax/servlet/ServletContext]
10:02:40,102  INFO Test worker support.DefaultTestContextBootstrapper:187 - Using TestExecutionListeners: [org.springframework.test.context.support.DirtiesContextBeforeModesTestExecutionListener@7484c35e, org.springframework.test.context.support.DependencyInjectionTestExecutionListener@6a634979, org.springframework.test.context.support.DirtiesContextTestExecutionListener@8c87541, org.springframework.test.context.transaction.TransactionalTestExecutionListener@76c734e5, org.springframework.test.context.jdbc.SqlScriptsTestExecutionListener@240b9750]
10:02:40,105  INFO Test worker transaction.TransactionContext:98 - Began transaction (1) for test context [DefaultTestContext@1ffa2f9f testClass = SimpleJobRepositoryIntegrationTests, testInstance = org.springframework.batch.core.repository.support.SimpleJobRepositoryIntegrationTests@50d54099, testMethod = testGetLastJobExecution@SimpleJobRepositoryIntegrationTests, testException = [null], mergedContextConfiguration = [MergedContextConfiguration@281cfcc4 testClass = SimpleJobRepositoryIntegrationTests, locations = '{classpath:/org/springframework/batch/core/repository/dao/sql-dao-test.xml}', classes = '{}', contextInitializerClasses = '[]', activeProfiles = '{}', propertySourceLocations = '{}', propertySourceProperties = '{}', contextCustomizers = set[[empty]], contextLoader = 'org.springframework.test.context.support.DelegatingSmartContextLoader', parent = [null]], attributes = map[[empty]]]; transaction manager [org.springframework.jdbc.datasource.DataSourceTransactionManager@12d238cc]; rollback [true]
10:02:40,124  INFO Test worker transaction.TransactionContext:131 - Rolled back transaction for test context [DefaultTestContext@1ffa2f9f testClass = SimpleJobRepositoryIntegrationTests, testInstance = org.springframework.batch.core.repository.support.SimpleJobRepositoryIntegrationTests@50d54099, testMethod = testGetLastJobExecution@SimpleJobRepositoryIntegrationTests, testException = [null], mergedContextConfiguration = [MergedContextConfiguration@281cfcc4 testClass = SimpleJobRepositoryIntegrationTests, locations = '{classpath:/org/springframework/batch/core/repository/dao/sql-dao-test.xml}', classes = '{}', contextInitializerClasses = '[]', activeProfiles = '{}', propertySourceLocations = '{}', propertySourceProperties = '{}', contextCustomizers = set[[empty]], contextLoader = 'org.springframework.test.context.support.DelegatingSmartContextLoader', parent = [null]], attributes = map[[empty]]].
10:02:40,125  INFO Test worker transaction.TransactionContext:98 - Began transaction (1) for test context [DefaultTestContext@1ffa2f9f testClass = SimpleJobRepositoryIntegrationTests, testInstance = org.springframework.batch.core.repository.support.SimpleJobRepositoryIntegrationTests@52962674, testMethod = testOnlyOneJobExecutionAllowedRunning@SimpleJobRepositoryIntegrationTests, testException = [null], mergedContextConfiguration = [MergedContextConfiguration@281cfcc4 testClass = SimpleJobRepositoryIntegrationTests, locations = '{classpath:/org/springframework/batch/core/repository/dao/sql-dao-test.xml}', classes = '{}', contextInitializerClasses = '[]', activeProfiles = '{}', propertySourceLocations = '{}', propertySourceProperties = '{}', contextCustomizers = set[[empty]], contextLoader = 'org.springframework.test.context.support.DelegatingSmartContextLoader', parent = [null]], attributes = map[[empty]]]; transaction manager [org.springframework.jdbc.datasource.DataSourceTransactionManager@12d238cc]; rollback [true]
10:02:40,128  INFO Test worker transaction.TransactionContext:131 - Rolled back transaction for test context [DefaultTestContext@1ffa2f9f testClass = SimpleJobRepositoryIntegrationTests, testInstance = org.springframework.batch.core.repository.support.SimpleJobRepositoryIntegrationTests@52962674, testMethod = testOnlyOneJobExecutionAllowedRunning@SimpleJobRepositoryIntegrationTests, testException = [null], mergedContextConfiguration = [MergedContextConfiguration@281cfcc4 testClass = SimpleJobRepositoryIntegrationTests, locations = '{classpath:/org/springframework/batch/core/repository/dao/sql-dao-test.xml}', classes = '{}', contextInitializerClasses = '[]', activeProfiles = '{}', propertySourceLocations = '{}', propertySourceProperties = '{}', contextCustomizers = set[[empty]], contextLoader = 'org.springframework.test.context.support.DelegatingSmartContextLoader', parent = [null]], attributes = map[[empty]]].
10:02:40,129  INFO Test worker transaction.TransactionContext:98 - Began transaction (1) for test context [DefaultTestContext@1ffa2f9f testClass = SimpleJobRepositoryIntegrationTests, testInstance = org.springframework.batch.core.repository.support.SimpleJobRepositoryIntegrationTests@4d147731, testMethod = testCreateAndFind@SimpleJobRepositoryIntegrationTests, testException = [null], mergedContextConfiguration = [MergedContextConfiguration@281cfcc4 testClass = SimpleJobRepositoryIntegrationTests, locations = '{classpath:/org/springframework/batch/core/repository/dao/sql-dao-test.xml}', classes = '{}', contextInitializerClasses = '[]', activeProfiles = '{}', propertySourceLocations = '{}', propertySourceProperties = '{}', contextCustomizers = set[[empty]], contextLoader = 'org.springframework.test.context.support.DelegatingSmartContextLoader', parent = [null]], attributes = map[[empty]]]; transaction manager [org.springframework.jdbc.datasource.DataSourceTransactionManager@12d238cc]; rollback [true]
10:02:40,134  INFO Test worker transaction.TransactionContext:131 - Rolled back transaction for test context [DefaultTestContext@1ffa2f9f testClass = SimpleJobRepositoryIntegrationTests, testInstance = org.springframework.batch.core.repository.support.SimpleJobRepositoryIntegrationTests@4d147731, testMethod = testCreateAndFind@SimpleJobRepositoryIntegrationTests, testException = [null], mergedContextConfiguration = [MergedContextConfiguration@281cfcc4 testClass = SimpleJobRepositoryIntegrationTests, locations = '{classpath:/org/springframework/batch/core/repository/dao/sql-dao-test.xml}', classes = '{}', contextInitializerClasses = '[]', activeProfiles = '{}', propertySourceLocations = '{}', propertySourceProperties = '{}', contextCustomizers = set[[empty]], contextLoader = 'org.springframework.test.context.support.DelegatingSmartContextLoader', parent = [null]], attributes = map[[empty]]].
10:02:40,135  INFO Test worker transaction.TransactionContext:98 - Began transaction (1) for test context [DefaultTestContext@1ffa2f9f testClass = SimpleJobRepositoryIntegrationTests, testInstance = org.springframework.batch.core.repository.support.SimpleJobRepositoryIntegrationTests@c45d303, testMethod = testGetStepExecutionCountAndLastStepExecution@SimpleJobRepositoryIntegrationTests, testException = [null], mergedContextConfiguration = [MergedContextConfiguration@281cfcc4 testClass = SimpleJobRepositoryIntegrationTests, locations = '{classpath:/org/springframework/batch/core/repository/dao/sql-dao-test.xml}', classes = '{}', contextInitializerClasses = '[]', activeProfiles = '{}', propertySourceLocations = '{}', propertySourceProperties = '{}', contextCustomizers = set[[empty]], contextLoader = 'org.springframework.test.context.support.DelegatingSmartContextLoader', parent = [null]], attributes = map[[empty]]]; transaction manager [org.springframework.jdbc.datasource.DataSourceTransactionManager@12d238cc]; rollback [true]
10:02:40,143  INFO Test worker transaction.TransactionContext:131 - Rolled back transaction for test context [DefaultTestContext@1ffa2f9f testClass = SimpleJobRepositoryIntegrationTests, testInstance = org.springframework.batch.core.repository.support.SimpleJobRepositoryIntegrationTests@c45d303, testMethod = testGetStepExecutionCountAndLastStepExecution@SimpleJobRepositoryIntegrationTests, testException = [null], mergedContextConfiguration = [MergedContextConfiguration@281cfcc4 testClass = SimpleJobRepositoryIntegrationTests, locations = '{classpath:/org/springframework/batch/core/repository/dao/sql-dao-test.xml}', classes = '{}', contextInitializerClasses = '[]', activeProfiles = '{}', propertySourceLocations = '{}', propertySourceProperties = '{}', contextCustomizers = set[[empty]], contextLoader = 'org.springframework.test.context.support.DelegatingSmartContextLoader', parent = [null]], attributes = map[[empty]]].
10:02:40,144  INFO Test worker transaction.TransactionContext:98 - Began transaction (1) for test context [DefaultTestContext@1ffa2f9f testClass = SimpleJobRepositoryIntegrationTests, testInstance = org.springframework.batch.core.repository.support.SimpleJobRepositoryIntegrationTests@6ab3a5eb, testMethod = testSaveExecutionContext@SimpleJobRepositoryIntegrationTests, testException = [null], mergedContextConfiguration = [MergedContextConfiguration@281cfcc4 testClass = SimpleJobRepositoryIntegrationTests, locations = '{classpath:/org/springframework/batch/core/repository/dao/sql-dao-test.xml}', classes = '{}', contextInitializerClasses = '[]', activeProfiles = '{}', propertySourceLocations = '{}', propertySourceProperties = '{}', contextCustomizers = set[[empty]], contextLoader = 'org.springframework.test.context.support.DelegatingSmartContextLoader', parent = [null]], attributes = map[[empty]]]; transaction manager [org.springframework.jdbc.datasource.DataSourceTransactionManager@12d238cc]; rollback [true]
10:02:40,148  INFO Test worker transaction.TransactionContext:131 - Rolled back transaction for test context [DefaultTestContext@1ffa2f9f testClass = SimpleJobRepositoryIntegrationTests, testInstance = org.springframework.batch.core.repository.support.SimpleJobRepositoryIntegrationTests@6ab3a5eb, testMethod = testSaveExecutionContext@SimpleJobRepositoryIntegrationTests, testException = [null], mergedContextConfiguration = [MergedContextConfiguration@281cfcc4 testClass = SimpleJobRepositoryIntegrationTests, locations = '{classpath:/org/springframework/batch/core/repository/dao/sql-dao-test.xml}', classes = '{}', contextInitializerClasses = '[]', activeProfiles = '{}', propertySourceLocations = '{}', propertySourceProperties = '{}', contextCustomizers = set[[empty]], contextLoader = 'org.springframework.test.context.support.DelegatingSmartContextLoader', parent = [null]], attributes = map[[empty]]].
10:02:40,149  INFO Test worker transaction.TransactionContext:98 - Began transaction (1) for test context [DefaultTestContext@1ffa2f9f testClass = SimpleJobRepositoryIntegrationTests, testInstance = org.springframework.batch.core.repository.support.SimpleJobRepositoryIntegrationTests@7d62e571, testMethod = testCreateAndFindWithNoStartDate@SimpleJobRepositoryIntegrationTests, testException = [null], mergedContextConfiguration = [MergedContextConfiguration@281cfcc4 testClass = SimpleJobRepositoryIntegrationTests, locations = '{classpath:/org/springframework/batch/core/repository/dao/sql-dao-test.xml}', classes = '{}', contextInitializerClasses = '[]', activeProfiles = '{}', propertySourceLocations = '{}', propertySourceProperties = '{}', contextCustomizers = set[[empty]], contextLoader = 'org.springframework.test.context.support.DelegatingSmartContextLoader', parent = [null]], attributes = map[[empty]]]; transaction manager [org.springframework.jdbc.datasource.DataSourceTransactionManager@12d238cc]; rollback [true]
10:02:40,153  INFO Test worker transaction.TransactionContext:131 - Rolled back transaction for test context [DefaultTestContext@1ffa2f9f testClass = SimpleJobRepositoryIntegrationTests, testInstance = org.springframework.batch.core.repository.support.SimpleJobRepositoryIntegrationTests@7d62e571, testMethod = testCreateAndFindWithNoStartDate@SimpleJobRepositoryIntegrationTests, testException = [null], mergedContextConfiguration = [MergedContextConfiguration@281cfcc4 testClass = SimpleJobRepositoryIntegrationTests, locations = '{classpath:/org/springframework/batch/core/repository/dao/sql-dao-test.xml}', classes = '{}', contextInitializerClasses = '[]', activeProfiles = '{}', propertySourceLocations = '{}', propertySourceProperties = '{}', contextCustomizers = set[[empty]], contextLoader = 'org.springframework.test.context.support.DelegatingSmartContextLoader', parent = [null]], attributes = map[[empty]]].
]]></system-out>
  <system-err><![CDATA[]]></system-err>
</testsuite>
