<?xml version="1.0" encoding="UTF-8"?>
<testsuite name="org.springframework.batch.core.repository.dao.JdbcJobInstanceDaoTests" tests="13" skipped="0" failures="0" errors="0" timestamp="2017-03-23T15:02:35" hostname="Michaels-MacBook-Pro-3.local" time="0.093">
  <properties/>
  <testcase name="testFindJobInstanceByExecution" classname="org.springframework.batch.core.repository.dao.JdbcJobInstanceDaoTests" time="0.005"/>
  <testcase name="testJobInstanceWildcard" classname="org.springframework.batch.core.repository.dao.JdbcJobInstanceDaoTests" time="0.008"/>
  <testcase name="testHexing" classname="org.springframework.batch.core.repository.dao.JdbcJobInstanceDaoTests" time="0.003"/>
  <testcase name="testGetLastInstancesPaged" classname="org.springframework.batch.core.repository.dao.JdbcJobInstanceDaoTests" time="0.012"/>
  <testcase name="testCreateDuplicateInstance" classname="org.springframework.batch.core.repository.dao.JdbcJobInstanceDaoTests" time="0.007"/>
  <testcase name="testGetMissingById" classname="org.springframework.batch.core.repository.dao.JdbcJobInstanceDaoTests" time="0.004"/>
  <testcase name="testCreateAndRetrieve" classname="org.springframework.batch.core.repository.dao.JdbcJobInstanceDaoTests" time="0.005"/>
  <testcase name="testGetJobNames" classname="org.springframework.batch.core.repository.dao.JdbcJobInstanceDaoTests" time="0.006"/>
  <testcase name="testCreateAndRetrieveWithNullParameter" classname="org.springframework.batch.core.repository.dao.JdbcJobInstanceDaoTests" time="0.01"/>
  <testcase name="testGetLastInstances" classname="org.springframework.batch.core.repository.dao.JdbcJobInstanceDaoTests" time="0.007"/>
  <testcase name="testCreationAddsVersion" classname="org.springframework.batch.core.repository.dao.JdbcJobInstanceDaoTests" time="0.004"/>
  <testcase name="testGetLastInstancesPastEnd" classname="org.springframework.batch.core.repository.dao.JdbcJobInstanceDaoTests" time="0.007"/>
  <testcase name="testCreateAndGetById" classname="org.springframework.batch.core.repository.dao.JdbcJobInstanceDaoTests" time="0.005"/>
  <system-out><![CDATA[10:02:35,173  INFO Test worker support.DefaultTestContextBootstrapper:260 - Loaded default TestExecutionListener class names from location [META-INF/spring.factories]: [org.springframework.test.context.web.ServletTestExecutionListener, org.springframework.test.context.support.DirtiesContextBeforeModesTestExecutionListener, org.springframework.test.context.support.DependencyInjectionTestExecutionListener, org.springframework.test.context.support.DirtiesContextTestExecutionListener, org.springframework.test.context.transaction.TransactionalTestExecutionListener, org.springframework.test.context.jdbc.SqlScriptsTestExecutionListener]
10:02:35,174  INFO Test worker support.DefaultTestContextBootstrapper:209 - Could not instantiate TestExecutionListener [org.springframework.test.context.web.ServletTestExecutionListener]. Specify custom listener classes or make the default listener classes (and their required dependencies) available. Offending class: [javax/servlet/ServletContext]
10:02:35,175  INFO Test worker support.DefaultTestContextBootstrapper:187 - Using TestExecutionListeners: [org.springframework.test.context.support.DirtiesContextBeforeModesTestExecutionListener@4e5627c3, org.springframework.test.context.support.DependencyInjectionTestExecutionListener@7c39d5a9, org.springframework.test.context.support.DirtiesContextTestExecutionListener@7a17d089, org.springframework.test.context.transaction.TransactionalTestExecutionListener@340c3e4f, org.springframework.test.context.jdbc.SqlScriptsTestExecutionListener@4b9b6f32]
10:02:35,182  INFO Test worker transaction.TransactionContext:98 - Began transaction (1) for test context [DefaultTestContext@6a67ca86 testClass = JdbcJobInstanceDaoTests, testInstance = org.springframework.batch.core.repository.dao.JdbcJobInstanceDaoTests@43914fa, testMethod = testFindJobInstanceByExecution@JdbcJobInstanceDaoTests, testException = [null], mergedContextConfiguration = [MergedContextConfiguration@62b90ef6 testClass = JdbcJobInstanceDaoTests, locations = '{classpath:/org/springframework/batch/core/repository/dao/sql-dao-test.xml}', classes = '{}', contextInitializerClasses = '[]', activeProfiles = '{}', propertySourceLocations = '{}', propertySourceProperties = '{}', contextCustomizers = set[[empty]], contextLoader = 'org.springframework.test.context.support.DelegatingSmartContextLoader', parent = [null]], attributes = map[[empty]]]; transaction manager [org.springframework.jdbc.datasource.DataSourceTransactionManager@12d238cc]; rollback [true]
10:02:35,183  INFO Test worker jdbc.JdbcTestUtils:90 - Deleted 0 rows from table BATCH_JOB_EXECUTION_CONTEXT
10:02:35,183  INFO Test worker jdbc.JdbcTestUtils:90 - Deleted 0 rows from table BATCH_STEP_EXECUTION_CONTEXT
10:02:35,183  INFO Test worker jdbc.JdbcTestUtils:90 - Deleted 0 rows from table BATCH_STEP_EXECUTION
10:02:35,184  INFO Test worker jdbc.JdbcTestUtils:90 - Deleted 0 rows from table BATCH_JOB_EXECUTION_PARAMS
10:02:35,184  INFO Test worker jdbc.JdbcTestUtils:90 - Deleted 0 rows from table BATCH_JOB_EXECUTION
10:02:35,184  INFO Test worker jdbc.JdbcTestUtils:90 - Deleted 0 rows from table BATCH_JOB_INSTANCE
10:02:35,186  INFO Test worker transaction.TransactionContext:131 - Rolled back transaction for test context [DefaultTestContext@6a67ca86 testClass = JdbcJobInstanceDaoTests, testInstance = org.springframework.batch.core.repository.dao.JdbcJobInstanceDaoTests@43914fa, testMethod = testFindJobInstanceByExecution@JdbcJobInstanceDaoTests, testException = [null], mergedContextConfiguration = [MergedContextConfiguration@62b90ef6 testClass = JdbcJobInstanceDaoTests, locations = '{classpath:/org/springframework/batch/core/repository/dao/sql-dao-test.xml}', classes = '{}', contextInitializerClasses = '[]', activeProfiles = '{}', propertySourceLocations = '{}', propertySourceProperties = '{}', contextCustomizers = set[[empty]], contextLoader = 'org.springframework.test.context.support.DelegatingSmartContextLoader', parent = [null]], attributes = map[[empty]]].
10:02:35,187  INFO Test worker jdbc.JdbcTestUtils:90 - Deleted 0 rows from table BATCH_JOB_EXECUTION_CONTEXT
10:02:35,188  INFO Test worker jdbc.JdbcTestUtils:90 - Deleted 0 rows from table BATCH_STEP_EXECUTION_CONTEXT
10:02:35,188  INFO Test worker jdbc.JdbcTestUtils:90 - Deleted 0 rows from table BATCH_STEP_EXECUTION
10:02:35,188  INFO Test worker jdbc.JdbcTestUtils:90 - Deleted 0 rows from table BATCH_JOB_EXECUTION_PARAMS
10:02:35,189  INFO Test worker jdbc.JdbcTestUtils:90 - Deleted 0 rows from table BATCH_JOB_EXECUTION
10:02:35,189  INFO Test worker jdbc.JdbcTestUtils:90 - Deleted 0 rows from table BATCH_JOB_INSTANCE
10:02:35,196  INFO Test worker jdbc.JdbcTestUtils:90 - Deleted 0 rows from table BATCH_JOB_EXECUTION_CONTEXT
10:02:35,197  INFO Test worker jdbc.JdbcTestUtils:90 - Deleted 0 rows from table BATCH_STEP_EXECUTION_CONTEXT
10:02:35,197  INFO Test worker jdbc.JdbcTestUtils:90 - Deleted 0 rows from table BATCH_STEP_EXECUTION
10:02:35,197  INFO Test worker jdbc.JdbcTestUtils:90 - Deleted 0 rows from table BATCH_JOB_EXECUTION_PARAMS
10:02:35,197  INFO Test worker jdbc.JdbcTestUtils:90 - Deleted 0 rows from table BATCH_JOB_EXECUTION
10:02:35,198  INFO Test worker jdbc.JdbcTestUtils:90 - Deleted 2 rows from table BATCH_JOB_INSTANCE
10:02:35,200  INFO Test worker transaction.TransactionContext:98 - Began transaction (1) for test context [DefaultTestContext@6a67ca86 testClass = JdbcJobInstanceDaoTests, testInstance = org.springframework.batch.core.repository.dao.JdbcJobInstanceDaoTests@132a00e4, testMethod = testGetLastInstancesPaged@AbstractJobInstanceDaoTests, testException = [null], mergedContextConfiguration = [MergedContextConfiguration@62b90ef6 testClass = JdbcJobInstanceDaoTests, locations = '{classpath:/org/springframework/batch/core/repository/dao/sql-dao-test.xml}', classes = '{}', contextInitializerClasses = '[]', activeProfiles = '{}', propertySourceLocations = '{}', propertySourceProperties = '{}', contextCustomizers = set[[empty]], contextLoader = 'org.springframework.test.context.support.DelegatingSmartContextLoader', parent = [null]], attributes = map[[empty]]]; transaction manager [org.springframework.jdbc.datasource.DataSourceTransactionManager@12d238cc]; rollback [true]
10:02:35,201  INFO Test worker jdbc.JdbcTestUtils:90 - Deleted 0 rows from table BATCH_JOB_EXECUTION_CONTEXT
10:02:35,202  INFO Test worker jdbc.JdbcTestUtils:90 - Deleted 0 rows from table BATCH_STEP_EXECUTION_CONTEXT
10:02:35,202  INFO Test worker jdbc.JdbcTestUtils:90 - Deleted 0 rows from table BATCH_STEP_EXECUTION
10:02:35,203  INFO Test worker jdbc.JdbcTestUtils:90 - Deleted 0 rows from table BATCH_JOB_EXECUTION_PARAMS
10:02:35,203  INFO Test worker jdbc.JdbcTestUtils:90 - Deleted 0 rows from table BATCH_JOB_EXECUTION
10:02:35,203  INFO Test worker jdbc.JdbcTestUtils:90 - Deleted 0 rows from table BATCH_JOB_INSTANCE
10:02:35,210  INFO Test worker transaction.TransactionContext:131 - Rolled back transaction for test context [DefaultTestContext@6a67ca86 testClass = JdbcJobInstanceDaoTests, testInstance = org.springframework.batch.core.repository.dao.JdbcJobInstanceDaoTests@132a00e4, testMethod = testGetLastInstancesPaged@AbstractJobInstanceDaoTests, testException = [null], mergedContextConfiguration = [MergedContextConfiguration@62b90ef6 testClass = JdbcJobInstanceDaoTests, locations = '{classpath:/org/springframework/batch/core/repository/dao/sql-dao-test.xml}', classes = '{}', contextInitializerClasses = '[]', activeProfiles = '{}', propertySourceLocations = '{}', propertySourceProperties = '{}', contextCustomizers = set[[empty]], contextLoader = 'org.springframework.test.context.support.DelegatingSmartContextLoader', parent = [null]], attributes = map[[empty]]].
10:02:35,212  INFO Test worker transaction.TransactionContext:98 - Began transaction (1) for test context [DefaultTestContext@6a67ca86 testClass = JdbcJobInstanceDaoTests, testInstance = org.springframework.batch.core.repository.dao.JdbcJobInstanceDaoTests@91c0ab6, testMethod = testCreateDuplicateInstance@AbstractJobInstanceDaoTests, testException = [null], mergedContextConfiguration = [MergedContextConfiguration@62b90ef6 testClass = JdbcJobInstanceDaoTests, locations = '{classpath:/org/springframework/batch/core/repository/dao/sql-dao-test.xml}', classes = '{}', contextInitializerClasses = '[]', activeProfiles = '{}', propertySourceLocations = '{}', propertySourceProperties = '{}', contextCustomizers = set[[empty]], contextLoader = 'org.springframework.test.context.support.DelegatingSmartContextLoader', parent = [null]], attributes = map[[empty]]]; transaction manager [org.springframework.jdbc.datasource.DataSourceTransactionManager@12d238cc]; rollback [true]
10:02:35,212  INFO Test worker jdbc.JdbcTestUtils:90 - Deleted 0 rows from table BATCH_JOB_EXECUTION_CONTEXT
10:02:35,213  INFO Test worker jdbc.JdbcTestUtils:90 - Deleted 0 rows from table BATCH_STEP_EXECUTION_CONTEXT
10:02:35,213  INFO Test worker jdbc.JdbcTestUtils:90 - Deleted 0 rows from table BATCH_STEP_EXECUTION
10:02:35,213  INFO Test worker jdbc.JdbcTestUtils:90 - Deleted 0 rows from table BATCH_JOB_EXECUTION_PARAMS
10:02:35,214  INFO Test worker jdbc.JdbcTestUtils:90 - Deleted 0 rows from table BATCH_JOB_EXECUTION
10:02:35,214  INFO Test worker jdbc.JdbcTestUtils:90 - Deleted 0 rows from table BATCH_JOB_INSTANCE
10:02:35,217  INFO Test worker transaction.TransactionContext:131 - Rolled back transaction for test context [DefaultTestContext@6a67ca86 testClass = JdbcJobInstanceDaoTests, testInstance = org.springframework.batch.core.repository.dao.JdbcJobInstanceDaoTests@91c0ab6, testMethod = testCreateDuplicateInstance@AbstractJobInstanceDaoTests, testException = [null], mergedContextConfiguration = [MergedContextConfiguration@62b90ef6 testClass = JdbcJobInstanceDaoTests, locations = '{classpath:/org/springframework/batch/core/repository/dao/sql-dao-test.xml}', classes = '{}', contextInitializerClasses = '[]', activeProfiles = '{}', propertySourceLocations = '{}', propertySourceProperties = '{}', contextCustomizers = set[[empty]], contextLoader = 'org.springframework.test.context.support.DelegatingSmartContextLoader', parent = [null]], attributes = map[[empty]]].
10:02:35,219  INFO Test worker transaction.TransactionContext:98 - Began transaction (1) for test context [DefaultTestContext@6a67ca86 testClass = JdbcJobInstanceDaoTests, testInstance = org.springframework.batch.core.repository.dao.JdbcJobInstanceDaoTests@13836b5f, testMethod = testGetMissingById@AbstractJobInstanceDaoTests, testException = [null], mergedContextConfiguration = [MergedContextConfiguration@62b90ef6 testClass = JdbcJobInstanceDaoTests, locations = '{classpath:/org/springframework/batch/core/repository/dao/sql-dao-test.xml}', classes = '{}', contextInitializerClasses = '[]', activeProfiles = '{}', propertySourceLocations = '{}', propertySourceProperties = '{}', contextCustomizers = set[[empty]], contextLoader = 'org.springframework.test.context.support.DelegatingSmartContextLoader', parent = [null]], attributes = map[[empty]]]; transaction manager [org.springframework.jdbc.datasource.DataSourceTransactionManager@12d238cc]; rollback [true]
10:02:35,220  INFO Test worker jdbc.JdbcTestUtils:90 - Deleted 0 rows from table BATCH_JOB_EXECUTION_CONTEXT
10:02:35,220  INFO Test worker jdbc.JdbcTestUtils:90 - Deleted 0 rows from table BATCH_STEP_EXECUTION_CONTEXT
10:02:35,220  INFO Test worker jdbc.JdbcTestUtils:90 - Deleted 0 rows from table BATCH_STEP_EXECUTION
10:02:35,221  INFO Test worker jdbc.JdbcTestUtils:90 - Deleted 0 rows from table BATCH_JOB_EXECUTION_PARAMS
10:02:35,221  INFO Test worker jdbc.JdbcTestUtils:90 - Deleted 0 rows from table BATCH_JOB_EXECUTION
10:02:35,221  INFO Test worker jdbc.JdbcTestUtils:90 - Deleted 0 rows from table BATCH_JOB_INSTANCE
10:02:35,222  INFO Test worker transaction.TransactionContext:131 - Rolled back transaction for test context [DefaultTestContext@6a67ca86 testClass = JdbcJobInstanceDaoTests, testInstance = org.springframework.batch.core.repository.dao.JdbcJobInstanceDaoTests@13836b5f, testMethod = testGetMissingById@AbstractJobInstanceDaoTests, testException = [null], mergedContextConfiguration = [MergedContextConfiguration@62b90ef6 testClass = JdbcJobInstanceDaoTests, locations = '{classpath:/org/springframework/batch/core/repository/dao/sql-dao-test.xml}', classes = '{}', contextInitializerClasses = '[]', activeProfiles = '{}', propertySourceLocations = '{}', propertySourceProperties = '{}', contextCustomizers = set[[empty]], contextLoader = 'org.springframework.test.context.support.DelegatingSmartContextLoader', parent = [null]], attributes = map[[empty]]].
10:02:35,224  INFO Test worker transaction.TransactionContext:98 - Began transaction (1) for test context [DefaultTestContext@6a67ca86 testClass = JdbcJobInstanceDaoTests, testInstance = org.springframework.batch.core.repository.dao.JdbcJobInstanceDaoTests@39095b5c, testMethod = testCreateAndRetrieve@AbstractJobInstanceDaoTests, testException = [null], mergedContextConfiguration = [MergedContextConfiguration@62b90ef6 testClass = JdbcJobInstanceDaoTests, locations = '{classpath:/org/springframework/batch/core/repository/dao/sql-dao-test.xml}', classes = '{}', contextInitializerClasses = '[]', activeProfiles = '{}', propertySourceLocations = '{}', propertySourceProperties = '{}', contextCustomizers = set[[empty]], contextLoader = 'org.springframework.test.context.support.DelegatingSmartContextLoader', parent = [null]], attributes = map[[empty]]]; transaction manager [org.springframework.jdbc.datasource.DataSourceTransactionManager@12d238cc]; rollback [true]
10:02:35,224  INFO Test worker jdbc.JdbcTestUtils:90 - Deleted 0 rows from table BATCH_JOB_EXECUTION_CONTEXT
10:02:35,225  INFO Test worker jdbc.JdbcTestUtils:90 - Deleted 0 rows from table BATCH_STEP_EXECUTION_CONTEXT
10:02:35,225  INFO Test worker jdbc.JdbcTestUtils:90 - Deleted 0 rows from table BATCH_STEP_EXECUTION
10:02:35,225  INFO Test worker jdbc.JdbcTestUtils:90 - Deleted 0 rows from table BATCH_JOB_EXECUTION_PARAMS
10:02:35,225  INFO Test worker jdbc.JdbcTestUtils:90 - Deleted 0 rows from table BATCH_JOB_EXECUTION
10:02:35,226  INFO Test worker jdbc.JdbcTestUtils:90 - Deleted 0 rows from table BATCH_JOB_INSTANCE
10:02:35,228  INFO Test worker transaction.TransactionContext:131 - Rolled back transaction for test context [DefaultTestContext@6a67ca86 testClass = JdbcJobInstanceDaoTests, testInstance = org.springframework.batch.core.repository.dao.JdbcJobInstanceDaoTests@39095b5c, testMethod = testCreateAndRetrieve@AbstractJobInstanceDaoTests, testException = [null], mergedContextConfiguration = [MergedContextConfiguration@62b90ef6 testClass = JdbcJobInstanceDaoTests, locations = '{classpath:/org/springframework/batch/core/repository/dao/sql-dao-test.xml}', classes = '{}', contextInitializerClasses = '[]', activeProfiles = '{}', propertySourceLocations = '{}', propertySourceProperties = '{}', contextCustomizers = set[[empty]], contextLoader = 'org.springframework.test.context.support.DelegatingSmartContextLoader', parent = [null]], attributes = map[[empty]]].
10:02:35,230  INFO Test worker transaction.TransactionContext:98 - Began transaction (1) for test context [DefaultTestContext@6a67ca86 testClass = JdbcJobInstanceDaoTests, testInstance = org.springframework.batch.core.repository.dao.JdbcJobInstanceDaoTests@39dc2591, testMethod = testGetJobNames@AbstractJobInstanceDaoTests, testException = [null], mergedContextConfiguration = [MergedContextConfiguration@62b90ef6 testClass = JdbcJobInstanceDaoTests, locations = '{classpath:/org/springframework/batch/core/repository/dao/sql-dao-test.xml}', classes = '{}', contextInitializerClasses = '[]', activeProfiles = '{}', propertySourceLocations = '{}', propertySourceProperties = '{}', contextCustomizers = set[[empty]], contextLoader = 'org.springframework.test.context.support.DelegatingSmartContextLoader', parent = [null]], attributes = map[[empty]]]; transaction manager [org.springframework.jdbc.datasource.DataSourceTransactionManager@12d238cc]; rollback [true]
10:02:35,230  INFO Test worker jdbc.JdbcTestUtils:90 - Deleted 0 rows from table BATCH_JOB_EXECUTION_CONTEXT
10:02:35,230  INFO Test worker jdbc.JdbcTestUtils:90 - Deleted 0 rows from table BATCH_STEP_EXECUTION_CONTEXT
10:02:35,231  INFO Test worker jdbc.JdbcTestUtils:90 - Deleted 0 rows from table BATCH_STEP_EXECUTION
10:02:35,231  INFO Test worker jdbc.JdbcTestUtils:90 - Deleted 0 rows from table BATCH_JOB_EXECUTION_PARAMS
10:02:35,232  INFO Test worker jdbc.JdbcTestUtils:90 - Deleted 0 rows from table BATCH_JOB_EXECUTION
10:02:35,232  INFO Test worker jdbc.JdbcTestUtils:90 - Deleted 0 rows from table BATCH_JOB_INSTANCE
10:02:35,234  INFO Test worker transaction.TransactionContext:131 - Rolled back transaction for test context [DefaultTestContext@6a67ca86 testClass = JdbcJobInstanceDaoTests, testInstance = org.springframework.batch.core.repository.dao.JdbcJobInstanceDaoTests@39dc2591, testMethod = testGetJobNames@AbstractJobInstanceDaoTests, testException = [null], mergedContextConfiguration = [MergedContextConfiguration@62b90ef6 testClass = JdbcJobInstanceDaoTests, locations = '{classpath:/org/springframework/batch/core/repository/dao/sql-dao-test.xml}', classes = '{}', contextInitializerClasses = '[]', activeProfiles = '{}', propertySourceLocations = '{}', propertySourceProperties = '{}', contextCustomizers = set[[empty]], contextLoader = 'org.springframework.test.context.support.DelegatingSmartContextLoader', parent = [null]], attributes = map[[empty]]].
10:02:35,241  INFO Test worker transaction.TransactionContext:98 - Began transaction (1) for test context [DefaultTestContext@6a67ca86 testClass = JdbcJobInstanceDaoTests, testInstance = org.springframework.batch.core.repository.dao.JdbcJobInstanceDaoTests@5b664a37, testMethod = testCreateAndRetrieveWithNullParameter@AbstractJobInstanceDaoTests, testException = [null], mergedContextConfiguration = [MergedContextConfiguration@62b90ef6 testClass = JdbcJobInstanceDaoTests, locations = '{classpath:/org/springframework/batch/core/repository/dao/sql-dao-test.xml}', classes = '{}', contextInitializerClasses = '[]', activeProfiles = '{}', propertySourceLocations = '{}', propertySourceProperties = '{}', contextCustomizers = set[[empty]], contextLoader = 'org.springframework.test.context.support.DelegatingSmartContextLoader', parent = [null]], attributes = map[[empty]]]; transaction manager [org.springframework.jdbc.datasource.DataSourceTransactionManager@12d238cc]; rollback [true]
10:02:35,242  INFO Test worker jdbc.JdbcTestUtils:90 - Deleted 0 rows from table BATCH_JOB_EXECUTION_CONTEXT
10:02:35,244  INFO Test worker jdbc.JdbcTestUtils:90 - Deleted 0 rows from table BATCH_STEP_EXECUTION_CONTEXT
10:02:35,247  INFO Test worker jdbc.JdbcTestUtils:90 - Deleted 0 rows from table BATCH_STEP_EXECUTION
10:02:35,247  INFO Test worker jdbc.JdbcTestUtils:90 - Deleted 0 rows from table BATCH_JOB_EXECUTION_PARAMS
10:02:35,248  INFO Test worker jdbc.JdbcTestUtils:90 - Deleted 0 rows from table BATCH_JOB_EXECUTION
10:02:35,248  INFO Test worker jdbc.JdbcTestUtils:90 - Deleted 0 rows from table BATCH_JOB_INSTANCE
10:02:35,249  INFO Test worker transaction.TransactionContext:131 - Rolled back transaction for test context [DefaultTestContext@6a67ca86 testClass = JdbcJobInstanceDaoTests, testInstance = org.springframework.batch.core.repository.dao.JdbcJobInstanceDaoTests@5b664a37, testMethod = testCreateAndRetrieveWithNullParameter@AbstractJobInstanceDaoTests, testException = [null], mergedContextConfiguration = [MergedContextConfiguration@62b90ef6 testClass = JdbcJobInstanceDaoTests, locations = '{classpath:/org/springframework/batch/core/repository/dao/sql-dao-test.xml}', classes = '{}', contextInitializerClasses = '[]', activeProfiles = '{}', propertySourceLocations = '{}', propertySourceProperties = '{}', contextCustomizers = set[[empty]], contextLoader = 'org.springframework.test.context.support.DelegatingSmartContextLoader', parent = [null]], attributes = map[[empty]]].
10:02:35,251  INFO Test worker transaction.TransactionContext:98 - Began transaction (1) for test context [DefaultTestContext@6a67ca86 testClass = JdbcJobInstanceDaoTests, testInstance = org.springframework.batch.core.repository.dao.JdbcJobInstanceDaoTests@68d8f282, testMethod = testGetLastInstances@AbstractJobInstanceDaoTests, testException = [null], mergedContextConfiguration = [MergedContextConfiguration@62b90ef6 testClass = JdbcJobInstanceDaoTests, locations = '{classpath:/org/springframework/batch/core/repository/dao/sql-dao-test.xml}', classes = '{}', contextInitializerClasses = '[]', activeProfiles = '{}', propertySourceLocations = '{}', propertySourceProperties = '{}', contextCustomizers = set[[empty]], contextLoader = 'org.springframework.test.context.support.DelegatingSmartContextLoader', parent = [null]], attributes = map[[empty]]]; transaction manager [org.springframework.jdbc.datasource.DataSourceTransactionManager@12d238cc]; rollback [true]
10:02:35,252  INFO Test worker jdbc.JdbcTestUtils:90 - Deleted 0 rows from table BATCH_JOB_EXECUTION_CONTEXT
10:02:35,252  INFO Test worker jdbc.JdbcTestUtils:90 - Deleted 0 rows from table BATCH_STEP_EXECUTION_CONTEXT
10:02:35,253  INFO Test worker jdbc.JdbcTestUtils:90 - Deleted 0 rows from table BATCH_STEP_EXECUTION
10:02:35,253  INFO Test worker jdbc.JdbcTestUtils:90 - Deleted 0 rows from table BATCH_JOB_EXECUTION_PARAMS
10:02:35,253  INFO Test worker jdbc.JdbcTestUtils:90 - Deleted 0 rows from table BATCH_JOB_EXECUTION
10:02:35,254  INFO Test worker jdbc.JdbcTestUtils:90 - Deleted 0 rows from table BATCH_JOB_INSTANCE
10:02:35,257  INFO Test worker transaction.TransactionContext:131 - Rolled back transaction for test context [DefaultTestContext@6a67ca86 testClass = JdbcJobInstanceDaoTests, testInstance = org.springframework.batch.core.repository.dao.JdbcJobInstanceDaoTests@68d8f282, testMethod = testGetLastInstances@AbstractJobInstanceDaoTests, testException = [null], mergedContextConfiguration = [MergedContextConfiguration@62b90ef6 testClass = JdbcJobInstanceDaoTests, locations = '{classpath:/org/springframework/batch/core/repository/dao/sql-dao-test.xml}', classes = '{}', contextInitializerClasses = '[]', activeProfiles = '{}', propertySourceLocations = '{}', propertySourceProperties = '{}', contextCustomizers = set[[empty]], contextLoader = 'org.springframework.test.context.support.DelegatingSmartContextLoader', parent = [null]], attributes = map[[empty]]].
10:02:35,259  INFO Test worker transaction.TransactionContext:98 - Began transaction (1) for test context [DefaultTestContext@6a67ca86 testClass = JdbcJobInstanceDaoTests, testInstance = org.springframework.batch.core.repository.dao.JdbcJobInstanceDaoTests@46b163f8, testMethod = testCreationAddsVersion@AbstractJobInstanceDaoTests, testException = [null], mergedContextConfiguration = [MergedContextConfiguration@62b90ef6 testClass = JdbcJobInstanceDaoTests, locations = '{classpath:/org/springframework/batch/core/repository/dao/sql-dao-test.xml}', classes = '{}', contextInitializerClasses = '[]', activeProfiles = '{}', propertySourceLocations = '{}', propertySourceProperties = '{}', contextCustomizers = set[[empty]], contextLoader = 'org.springframework.test.context.support.DelegatingSmartContextLoader', parent = [null]], attributes = map[[empty]]]; transaction manager [org.springframework.jdbc.datasource.DataSourceTransactionManager@12d238cc]; rollback [true]
10:02:35,260  INFO Test worker jdbc.JdbcTestUtils:90 - Deleted 0 rows from table BATCH_JOB_EXECUTION_CONTEXT
10:02:35,260  INFO Test worker jdbc.JdbcTestUtils:90 - Deleted 0 rows from table BATCH_STEP_EXECUTION_CONTEXT
10:02:35,260  INFO Test worker jdbc.JdbcTestUtils:90 - Deleted 0 rows from table BATCH_STEP_EXECUTION
10:02:35,261  INFO Test worker jdbc.JdbcTestUtils:90 - Deleted 0 rows from table BATCH_JOB_EXECUTION_PARAMS
10:02:35,261  INFO Test worker jdbc.JdbcTestUtils:90 - Deleted 0 rows from table BATCH_JOB_EXECUTION
10:02:35,261  INFO Test worker jdbc.JdbcTestUtils:90 - Deleted 0 rows from table BATCH_JOB_INSTANCE
10:02:35,262  INFO Test worker transaction.TransactionContext:131 - Rolled back transaction for test context [DefaultTestContext@6a67ca86 testClass = JdbcJobInstanceDaoTests, testInstance = org.springframework.batch.core.repository.dao.JdbcJobInstanceDaoTests@46b163f8, testMethod = testCreationAddsVersion@AbstractJobInstanceDaoTests, testException = [null], mergedContextConfiguration = [MergedContextConfiguration@62b90ef6 testClass = JdbcJobInstanceDaoTests, locations = '{classpath:/org/springframework/batch/core/repository/dao/sql-dao-test.xml}', classes = '{}', contextInitializerClasses = '[]', activeProfiles = '{}', propertySourceLocations = '{}', propertySourceProperties = '{}', contextCustomizers = set[[empty]], contextLoader = 'org.springframework.test.context.support.DelegatingSmartContextLoader', parent = [null]], attributes = map[[empty]]].
10:02:35,264  INFO Test worker transaction.TransactionContext:98 - Began transaction (1) for test context [DefaultTestContext@6a67ca86 testClass = JdbcJobInstanceDaoTests, testInstance = org.springframework.batch.core.repository.dao.JdbcJobInstanceDaoTests@5183fcef, testMethod = testGetLastInstancesPastEnd@AbstractJobInstanceDaoTests, testException = [null], mergedContextConfiguration = [MergedContextConfiguration@62b90ef6 testClass = JdbcJobInstanceDaoTests, locations = '{classpath:/org/springframework/batch/core/repository/dao/sql-dao-test.xml}', classes = '{}', contextInitializerClasses = '[]', activeProfiles = '{}', propertySourceLocations = '{}', propertySourceProperties = '{}', contextCustomizers = set[[empty]], contextLoader = 'org.springframework.test.context.support.DelegatingSmartContextLoader', parent = [null]], attributes = map[[empty]]]; transaction manager [org.springframework.jdbc.datasource.DataSourceTransactionManager@12d238cc]; rollback [true]
10:02:35,265  INFO Test worker jdbc.JdbcTestUtils:90 - Deleted 0 rows from table BATCH_JOB_EXECUTION_CONTEXT
10:02:35,265  INFO Test worker jdbc.JdbcTestUtils:90 - Deleted 0 rows from table BATCH_STEP_EXECUTION_CONTEXT
10:02:35,265  INFO Test worker jdbc.JdbcTestUtils:90 - Deleted 0 rows from table BATCH_STEP_EXECUTION
10:02:35,266  INFO Test worker jdbc.JdbcTestUtils:90 - Deleted 0 rows from table BATCH_JOB_EXECUTION_PARAMS
10:02:35,266  INFO Test worker jdbc.JdbcTestUtils:90 - Deleted 0 rows from table BATCH_JOB_EXECUTION
10:02:35,266  INFO Test worker jdbc.JdbcTestUtils:90 - Deleted 0 rows from table BATCH_JOB_INSTANCE
10:02:35,269  INFO Test worker transaction.TransactionContext:131 - Rolled back transaction for test context [DefaultTestContext@6a67ca86 testClass = JdbcJobInstanceDaoTests, testInstance = org.springframework.batch.core.repository.dao.JdbcJobInstanceDaoTests@5183fcef, testMethod = testGetLastInstancesPastEnd@AbstractJobInstanceDaoTests, testException = [null], mergedContextConfiguration = [MergedContextConfiguration@62b90ef6 testClass = JdbcJobInstanceDaoTests, locations = '{classpath:/org/springframework/batch/core/repository/dao/sql-dao-test.xml}', classes = '{}', contextInitializerClasses = '[]', activeProfiles = '{}', propertySourceLocations = '{}', propertySourceProperties = '{}', contextCustomizers = set[[empty]], contextLoader = 'org.springframework.test.context.support.DelegatingSmartContextLoader', parent = [null]], attributes = map[[empty]]].
10:02:35,271  INFO Test worker transaction.TransactionContext:98 - Began transaction (1) for test context [DefaultTestContext@6a67ca86 testClass = JdbcJobInstanceDaoTests, testInstance = org.springframework.batch.core.repository.dao.JdbcJobInstanceDaoTests@11f9036d, testMethod = testCreateAndGetById@AbstractJobInstanceDaoTests, testException = [null], mergedContextConfiguration = [MergedContextConfiguration@62b90ef6 testClass = JdbcJobInstanceDaoTests, locations = '{classpath:/org/springframework/batch/core/repository/dao/sql-dao-test.xml}', classes = '{}', contextInitializerClasses = '[]', activeProfiles = '{}', propertySourceLocations = '{}', propertySourceProperties = '{}', contextCustomizers = set[[empty]], contextLoader = 'org.springframework.test.context.support.DelegatingSmartContextLoader', parent = [null]], attributes = map[[empty]]]; transaction manager [org.springframework.jdbc.datasource.DataSourceTransactionManager@12d238cc]; rollback [true]
10:02:35,272  INFO Test worker jdbc.JdbcTestUtils:90 - Deleted 0 rows from table BATCH_JOB_EXECUTION_CONTEXT
10:02:35,272  INFO Test worker jdbc.JdbcTestUtils:90 - Deleted 0 rows from table BATCH_STEP_EXECUTION_CONTEXT
10:02:35,272  INFO Test worker jdbc.JdbcTestUtils:90 - Deleted 0 rows from table BATCH_STEP_EXECUTION
10:02:35,272  INFO Test worker jdbc.JdbcTestUtils:90 - Deleted 0 rows from table BATCH_JOB_EXECUTION_PARAMS
10:02:35,273  INFO Test worker jdbc.JdbcTestUtils:90 - Deleted 0 rows from table BATCH_JOB_EXECUTION
10:02:35,273  INFO Test worker jdbc.JdbcTestUtils:90 - Deleted 0 rows from table BATCH_JOB_INSTANCE
10:02:35,275  INFO Test worker transaction.TransactionContext:131 - Rolled back transaction for test context [DefaultTestContext@6a67ca86 testClass = JdbcJobInstanceDaoTests, testInstance = org.springframework.batch.core.repository.dao.JdbcJobInstanceDaoTests@11f9036d, testMethod = testCreateAndGetById@AbstractJobInstanceDaoTests, testException = [null], mergedContextConfiguration = [MergedContextConfiguration@62b90ef6 testClass = JdbcJobInstanceDaoTests, locations = '{classpath:/org/springframework/batch/core/repository/dao/sql-dao-test.xml}', classes = '{}', contextInitializerClasses = '[]', activeProfiles = '{}', propertySourceLocations = '{}', propertySourceProperties = '{}', contextCustomizers = set[[empty]], contextLoader = 'org.springframework.test.context.support.DelegatingSmartContextLoader', parent = [null]], attributes = map[[empty]]].
]]></system-out>
  <system-err><![CDATA[]]></system-err>
</testsuite>
