<?xml version="1.0" encoding="UTF-8"?>
<testsuite name="org.springframework.batch.core.step.item.FaultTolerantStepFactoryBeanNonBufferingTests" tests="1" skipped="0" failures="0" errors="0" timestamp="2017-03-23T15:02:45" hostname="Michaels-MacBook-Pro-3.local" time="0.016">
  <properties/>
  <testcase name="testSkip" classname="org.springframework.batch.core.step.item.FaultTolerantStepFactoryBeanNonBufferingTests" time="0.016"/>
  <system-out><![CDATA[]]></system-out>
  <system-err><![CDATA[]]></system-err>
</testsuite>
