<?xml version="1.0" encoding="UTF-8"?>
<testsuite name="org.springframework.batch.core.scope.StepScopePlaceholderIntegrationTests" tests="8" skipped="0" failures="0" errors="0" timestamp="2017-03-23T15:02:44" hostname="Michaels-MacBook-Pro-3.local" time="0.005">
  <properties/>
  <testcase name="testCompoundProperty" classname="org.springframework.batch.core.scope.StepScopePlaceholderIntegrationTests" time="0.002"/>
  <testcase name="testParentByValue" classname="org.springframework.batch.core.scope.StepScopePlaceholderIntegrationTests" time="0.0"/>
  <testcase name="testScopedRef" classname="org.springframework.batch.core.scope.StepScopePlaceholderIntegrationTests" time="0.0"/>
  <testcase name="testList" classname="org.springframework.batch.core.scope.StepScopePlaceholderIntegrationTests" time="0.0"/>
  <testcase name="testSimpleProperty" classname="org.springframework.batch.core.scope.StepScopePlaceholderIntegrationTests" time="0.0"/>
  <testcase name="testCompoundPropertyTwice" classname="org.springframework.batch.core.scope.StepScopePlaceholderIntegrationTests" time="0.001"/>
  <testcase name="testParentByRef" classname="org.springframework.batch.core.scope.StepScopePlaceholderIntegrationTests" time="0.0"/>
  <testcase name="testNested" classname="org.springframework.batch.core.scope.StepScopePlaceholderIntegrationTests" time="0.0"/>
  <system-out><![CDATA[10:02:44,239  INFO Test worker support.AbstractContextLoader:252 - Detected default resource location "classpath:org/springframework/batch/core/scope/StepScopePlaceholderIntegrationTests-context.xml" for test class [org.springframework.batch.core.scope.StepScopePlaceholderIntegrationTests]
10:02:44,239  INFO Test worker support.AbstractDelegatingSmartContextLoader:176 - GenericXmlContextLoader detected default locations for context configuration [ContextConfigurationAttributes@59992db6 declaringClass = 'org.springframework.batch.core.scope.StepScopePlaceholderIntegrationTests', classes = '{}', locations = '{classpath:org/springframework/batch/core/scope/StepScopePlaceholderIntegrationTests-context.xml}', inheritLocations = true, initializers = '{}', inheritInitializers = true, name = [null], contextLoaderClass = 'org.springframework.test.context.ContextLoader'].
10:02:44,239  INFO Test worker support.AnnotationConfigContextLoaderUtils:81 - Could not detect default configuration classes for test class [org.springframework.batch.core.scope.StepScopePlaceholderIntegrationTests]: StepScopePlaceholderIntegrationTests does not declare any static, non-private, non-final, nested classes annotated with @Configuration.
10:02:44,240  INFO Test worker support.DefaultTestContextBootstrapper:260 - Loaded default TestExecutionListener class names from location [META-INF/spring.factories]: [org.springframework.test.context.web.ServletTestExecutionListener, org.springframework.test.context.support.DirtiesContextBeforeModesTestExecutionListener, org.springframework.test.context.support.DependencyInjectionTestExecutionListener, org.springframework.test.context.support.DirtiesContextTestExecutionListener, org.springframework.test.context.transaction.TransactionalTestExecutionListener, org.springframework.test.context.jdbc.SqlScriptsTestExecutionListener]
10:02:44,241  INFO Test worker support.DefaultTestContextBootstrapper:209 - Could not instantiate TestExecutionListener [org.springframework.test.context.web.ServletTestExecutionListener]. Specify custom listener classes or make the default listener classes (and their required dependencies) available. Offending class: [javax/servlet/ServletContext]
10:02:44,241  INFO Test worker support.DefaultTestContextBootstrapper:187 - Using TestExecutionListeners: [org.springframework.test.context.support.DirtiesContextBeforeModesTestExecutionListener@2c0c3d8f, org.springframework.test.context.support.DependencyInjectionTestExecutionListener@73828f3b, org.springframework.test.context.support.DirtiesContextTestExecutionListener@5588cf13, org.springframework.test.context.transaction.TransactionalTestExecutionListener@3ed5f92e, org.springframework.test.context.jdbc.SqlScriptsTestExecutionListener@73f85b3e]
10:02:44,241  INFO Test worker xml.XmlBeanDefinitionReader:317 - Loading XML bean definitions from class path resource [org/springframework/batch/core/scope/StepScopePlaceholderIntegrationTests-context.xml]
10:02:44,246  INFO Test worker support.GenericApplicationContext:581 - Refreshing org.springframework.context.support.GenericApplicationContext@14e4e92d: startup date [Thu Mar 23 10:02:44 CDT 2017]; root of context hierarchy
10:02:44,249  INFO Test worker support.DefaultListableBeanFactory:818 - Overriding bean definition for bean 'simple' with a different definition: replacing [Generic bean: class [org.springframework.batch.core.scope.TestCollaborator]; scope=step; abstract=false; lazyInit=false; autowireMode=0; dependencyCheck=0; autowireCandidate=false; primary=false; factoryBeanName=null; factoryMethodName=null; initMethodName=null; destroyMethodName=null; defined in class path resource [org/springframework/batch/core/scope/StepScopePlaceholderIntegrationTests-context.xml]] with [Root bean: class [org.springframework.aop.scope.ScopedProxyFactoryBean]; scope=; abstract=false; lazyInit=false; autowireMode=0; dependencyCheck=0; autowireCandidate=true; primary=false; factoryBeanName=null; factoryMethodName=null; initMethodName=null; destroyMethodName=null; defined in BeanDefinition defined in class path resource [org/springframework/batch/core/scope/StepScopePlaceholderIntegrationTests-context.xml]]
10:02:44,249  INFO Test worker support.DefaultListableBeanFactory:818 - Overriding bean definition for bean 'compound' with a different definition: replacing [Generic bean: class [org.springframework.batch.core.scope.TestCollaborator]; scope=step; abstract=false; lazyInit=false; autowireMode=0; dependencyCheck=0; autowireCandidate=false; primary=false; factoryBeanName=null; factoryMethodName=null; initMethodName=null; destroyMethodName=null; defined in class path resource [org/springframework/batch/core/scope/StepScopePlaceholderIntegrationTests-context.xml]] with [Root bean: class [org.springframework.aop.scope.ScopedProxyFactoryBean]; scope=; abstract=false; lazyInit=false; autowireMode=0; dependencyCheck=0; autowireCandidate=true; primary=false; factoryBeanName=null; factoryMethodName=null; initMethodName=null; destroyMethodName=null; defined in BeanDefinition defined in class path resource [org/springframework/batch/core/scope/StepScopePlaceholderIntegrationTests-context.xml]]
10:02:44,249  INFO Test worker support.DefaultListableBeanFactory:818 - Overriding bean definition for bean 'value' with a different definition: replacing [Generic bean: class [org.springframework.batch.core.scope.TestCollaborator]; scope=step; abstract=false; lazyInit=false; autowireMode=0; dependencyCheck=0; autowireCandidate=false; primary=false; factoryBeanName=null; factoryMethodName=null; initMethodName=null; destroyMethodName=null; defined in class path resource [org/springframework/batch/core/scope/StepScopePlaceholderIntegrationTests-context.xml]] with [Root bean: class [org.springframework.aop.scope.ScopedProxyFactoryBean]; scope=; abstract=false; lazyInit=false; autowireMode=0; dependencyCheck=0; autowireCandidate=true; primary=false; factoryBeanName=null; factoryMethodName=null; initMethodName=null; destroyMethodName=null; defined in BeanDefinition defined in class path resource [org/springframework/batch/core/scope/StepScopePlaceholderIntegrationTests-context.xml]]
10:02:44,249  INFO Test worker support.DefaultListableBeanFactory:818 - Overriding bean definition for bean 'list' with a different definition: replacing [Generic bean: class [org.springframework.batch.core.scope.TestCollaborator]; scope=step; abstract=false; lazyInit=false; autowireMode=0; dependencyCheck=0; autowireCandidate=false; primary=false; factoryBeanName=null; factoryMethodName=null; initMethodName=null; destroyMethodName=null; defined in class path resource [org/springframework/batch/core/scope/StepScopePlaceholderIntegrationTests-context.xml]] with [Root bean: class [org.springframework.aop.scope.ScopedProxyFactoryBean]; scope=; abstract=false; lazyInit=false; autowireMode=0; dependencyCheck=0; autowireCandidate=true; primary=false; factoryBeanName=null; factoryMethodName=null; initMethodName=null; destroyMethodName=null; defined in BeanDefinition defined in class path resource [org/springframework/batch/core/scope/StepScopePlaceholderIntegrationTests-context.xml]]
10:02:44,249  INFO Test worker support.DefaultListableBeanFactory:818 - Overriding bean definition for bean 'ref' with a different definition: replacing [Generic bean: class [org.springframework.batch.core.scope.TestCollaborator]; scope=step; abstract=false; lazyInit=false; autowireMode=0; dependencyCheck=0; autowireCandidate=false; primary=false; factoryBeanName=null; factoryMethodName=null; initMethodName=null; destroyMethodName=null; defined in class path resource [org/springframework/batch/core/scope/StepScopePlaceholderIntegrationTests-context.xml]] with [Root bean: class [org.springframework.aop.scope.ScopedProxyFactoryBean]; scope=; abstract=false; lazyInit=false; autowireMode=0; dependencyCheck=0; autowireCandidate=true; primary=false; factoryBeanName=null; factoryMethodName=null; initMethodName=null; destroyMethodName=null; defined in BeanDefinition defined in class path resource [org/springframework/batch/core/scope/StepScopePlaceholderIntegrationTests-context.xml]]
10:02:44,249  INFO Test worker support.DefaultListableBeanFactory:818 - Overriding bean definition for bean 'scopedRef' with a different definition: replacing [Generic bean: class [org.springframework.batch.core.scope.TestCollaborator]; scope=step; abstract=false; lazyInit=false; autowireMode=0; dependencyCheck=0; autowireCandidate=false; primary=false; factoryBeanName=null; factoryMethodName=null; initMethodName=null; destroyMethodName=null; defined in class path resource [org/springframework/batch/core/scope/StepScopePlaceholderIntegrationTests-context.xml]] with [Root bean: class [org.springframework.aop.scope.ScopedProxyFactoryBean]; scope=; abstract=false; lazyInit=false; autowireMode=0; dependencyCheck=0; autowireCandidate=true; primary=false; factoryBeanName=null; factoryMethodName=null; initMethodName=null; destroyMethodName=null; defined in BeanDefinition defined in class path resource [org/springframework/batch/core/scope/StepScopePlaceholderIntegrationTests-context.xml]]
10:02:44,250  INFO Test worker support.DefaultListableBeanFactory:818 - Overriding bean definition for bean 'spam' with a different definition: replacing [Generic bean: class [org.springframework.batch.core.scope.TestCollaborator]; scope=step; abstract=false; lazyInit=false; autowireMode=0; dependencyCheck=0; autowireCandidate=false; primary=false; factoryBeanName=null; factoryMethodName=null; initMethodName=null; destroyMethodName=null; defined in class path resource [org/springframework/batch/core/scope/StepScopePlaceholderIntegrationTests-context.xml]] with [Root bean: class [org.springframework.aop.scope.ScopedProxyFactoryBean]; scope=; abstract=false; lazyInit=false; autowireMode=0; dependencyCheck=0; autowireCandidate=true; primary=false; factoryBeanName=null; factoryMethodName=null; initMethodName=null; destroyMethodName=null; defined in BeanDefinition defined in class path resource [org/springframework/batch/core/scope/StepScopePlaceholderIntegrationTests-context.xml]]
10:02:44,250  INFO Test worker annotation.AutowiredAnnotationBeanPostProcessor:151 - JSR-330 'javax.inject.Inject' annotation found and supported for autowiring
10:02:44,264  INFO Test worker support.GenericApplicationContext:985 - Closing org.springframework.context.support.GenericApplicationContext@3e341da: startup date [Thu Mar 23 10:02:09 CDT 2017]; root of context hierarchy
]]></system-out>
  <system-err><![CDATA[]]></system-err>
</testsuite>
