<?xml version="1.0" encoding="UTF-8"?>
<testsuite name="org.springframework.batch.core.explore.support.SimpleJobExplorerTests" tests="12" skipped="0" failures="0" errors="0" timestamp="2017-03-23T15:02:11" hostname="Michaels-MacBook-Pro-3.local" time="0.149">
  <properties/>
  <testcase name="testMissingGetJobExecution" classname="org.springframework.batch.core.explore.support.SimpleJobExplorerTests" time="0.129"/>
  <testcase name="testGetStepExecutionMissingJobExecution" classname="org.springframework.batch.core.explore.support.SimpleJobExplorerTests" time="0.0"/>
  <testcase name="testFindRunningJobExecutions" classname="org.springframework.batch.core.explore.support.SimpleJobExplorerTests" time="0.002"/>
  <testcase name="testGetStepExecutionMissing" classname="org.springframework.batch.core.explore.support.SimpleJobExplorerTests" time="0.0"/>
  <testcase name="testGetLastJobInstances" classname="org.springframework.batch.core.explore.support.SimpleJobExplorerTests" time="0.001"/>
  <testcase name="testGetJobExecution" classname="org.springframework.batch.core.explore.support.SimpleJobExplorerTests" time="0.001"/>
  <testcase name="testFindJobExecutions" classname="org.springframework.batch.core.explore.support.SimpleJobExplorerTests" time="0.001"/>
  <testcase name="testGetJobInstanceCount" classname="org.springframework.batch.core.explore.support.SimpleJobExplorerTests" time="0.0"/>
  <testcase name="testGetJobNames" classname="org.springframework.batch.core.explore.support.SimpleJobExplorerTests" time="0.001"/>
  <testcase name="testGetStepExecution" classname="org.springframework.batch.core.explore.support.SimpleJobExplorerTests" time="0.011"/>
  <testcase name="testGetJobInstance" classname="org.springframework.batch.core.explore.support.SimpleJobExplorerTests" time="0.0"/>
  <testcase name="testGetJobInstanceCountException" classname="org.springframework.batch.core.explore.support.SimpleJobExplorerTests" time="0.002"/>
  <system-out><![CDATA[]]></system-out>
  <system-err><![CDATA[]]></system-err>
</testsuite>
