<?xml version="1.0" encoding="UTF-8"?>
<testsuite name="org.springframework.batch.core.job.DefaultJobParametersValidatorTests" tests="8" skipped="0" failures="0" errors="0" timestamp="2017-03-23T15:02:11" hostname="Michaels-MacBook-Pro-3.local" time="0.002">
  <properties/>
  <testcase name="testValidateNoRequiredValues" classname="org.springframework.batch.core.job.DefaultJobParametersValidatorTests" time="0.0"/>
  <testcase name="testOptionalValuesAlsoRequired" classname="org.springframework.batch.core.job.DefaultJobParametersValidatorTests" time="0.001"/>
  <testcase name="testValidateRequiredValuesMissing" classname="org.springframework.batch.core.job.DefaultJobParametersValidatorTests" time="0.0"/>
  <testcase name="testValidateOptionalWithImplicitRequiredKey" classname="org.springframework.batch.core.job.DefaultJobParametersValidatorTests" time="0.0"/>
  <testcase name="testValidateRequiredValues" classname="org.springframework.batch.core.job.DefaultJobParametersValidatorTests" time="0.0"/>
  <testcase name="testValidateOptionalValues" classname="org.springframework.batch.core.job.DefaultJobParametersValidatorTests" time="0.0"/>
  <testcase name="testValidateOptionalWithExplicitRequiredKey" classname="org.springframework.batch.core.job.DefaultJobParametersValidatorTests" time="0.0"/>
  <testcase name="testValidateNull" classname="org.springframework.batch.core.job.DefaultJobParametersValidatorTests" time="0.001"/>
  <system-out><![CDATA[]]></system-out>
  <system-err><![CDATA[]]></system-err>
</testsuite>
