<?xml version="1.0" encoding="UTF-8"?>
<testsuite name="org.springframework.batch.core.explore.support.SimpleJobExplorerIntegrationTests" tests="1" skipped="0" failures="0" errors="0" timestamp="2017-03-23T15:02:11" hostname="Michaels-MacBook-Pro-3.local" time="0.041">
  <properties/>
  <testcase name="testGetStepExecution" classname="org.springframework.batch.core.explore.support.SimpleJobExplorerIntegrationTests" time="0.041"/>
  <system-out><![CDATA[10:02:11,188  INFO Test worker support.DefaultTestContextBootstrapper:260 - Loaded default TestExecutionListener class names from location [META-INF/spring.factories]: [org.springframework.test.context.web.ServletTestExecutionListener, org.springframework.test.context.support.DirtiesContextBeforeModesTestExecutionListener, org.springframework.test.context.support.DependencyInjectionTestExecutionListener, org.springframework.test.context.support.DirtiesContextTestExecutionListener, org.springframework.test.context.transaction.TransactionalTestExecutionListener, org.springframework.test.context.jdbc.SqlScriptsTestExecutionListener]
10:02:11,189  INFO Test worker support.DefaultTestContextBootstrapper:209 - Could not instantiate TestExecutionListener [org.springframework.test.context.web.ServletTestExecutionListener]. Specify custom listener classes or make the default listener classes (and their required dependencies) available. Offending class: [javax/servlet/ServletContext]
10:02:11,189  INFO Test worker support.DefaultTestContextBootstrapper:187 - Using TestExecutionListeners: [org.springframework.test.context.support.DirtiesContextBeforeModesTestExecutionListener@13edfb7c, org.springframework.test.context.support.DependencyInjectionTestExecutionListener@11be5969, org.springframework.test.context.support.DirtiesContextTestExecutionListener@2b2b1fdb, org.springframework.test.context.transaction.TransactionalTestExecutionListener@193133cf, org.springframework.test.context.jdbc.SqlScriptsTestExecutionListener@65fb1d8e]
10:02:11,190  INFO Test worker support.GenericApplicationContext:581 - Refreshing org.springframework.context.support.GenericApplicationContext@6ed6549: startup date [Thu Mar 23 10:02:11 CDT 2017]; root of context hierarchy
10:02:11,204  INFO SimpleAsyncTaskExecutor-1 support.SimpleJobLauncher:142 - Job: [SimpleJob: [name=job]] completed with the following parameters: [{test=org.springframework.batch.core.explore.support.MapJobExplorerIntegrationTests}] and the following status: [COMPLETED]
10:02:11,207  INFO Test worker support.DefaultListableBeanFactory:818 - Overriding bean definition for bean 'jobExplorer' with a different definition: replacing [Root bean: class [null]; scope=; abstract=false; lazyInit=false; autowireMode=3; dependencyCheck=0; autowireCandidate=true; primary=false; factoryBeanName=org.springframework.batch.core.configuration.annotation.SimpleBatchConfiguration; factoryMethodName=jobExplorer; initMethodName=null; destroyMethodName=(inferred); defined in class path resource [org/springframework/batch/core/configuration/annotation/SimpleBatchConfiguration.class]] with [Root bean: class [null]; scope=; abstract=false; lazyInit=false; autowireMode=3; dependencyCheck=0; autowireCandidate=true; primary=false; factoryBeanName=simpleJobExplorerIntegrationTests.Config; factoryMethodName=jobExplorer; initMethodName=null; destroyMethodName=(inferred); defined in org.springframework.batch.core.explore.support.SimpleJobExplorerIntegrationTests$Config]
10:02:11,214  WARN Test worker annotation.ConfigurationClassEnhancer:350 - @Bean method ScopeConfiguration.stepScope is non-static and returns an object assignable to Spring's BeanFactoryPostProcessor interface. This will result in a failure to process annotations such as @Autowired, @Resource and @PostConstruct within the method's declaring @Configuration class. Add the 'static' modifier to this method to avoid these container lifecycle issues; see @Bean javadoc for complete details.
10:02:11,215  WARN Test worker annotation.ConfigurationClassEnhancer:350 - @Bean method ScopeConfiguration.jobScope is non-static and returns an object assignable to Spring's BeanFactoryPostProcessor interface. This will result in a failure to process annotations such as @Autowired, @Resource and @PostConstruct within the method's declaring @Configuration class. Add the 'static' modifier to this method to avoid these container lifecycle issues; see @Bean javadoc for complete details.
10:02:11,217  INFO Test worker annotation.AutowiredAnnotationBeanPostProcessor:151 - JSR-330 'javax.inject.Inject' annotation found and supported for autowiring
10:02:11,341  INFO Test worker support.GenericApplicationContext:985 - Closing org.springframework.context.support.GenericApplicationContext@233fe6d2: startup date [Thu Mar 23 10:01:59 CDT 2017]; root of context hierarchy
10:02:11,350  INFO Test worker support.JobRepositoryFactoryBean:184 - No database type set, using meta data indicating: HSQL
10:02:11,351  INFO Test worker support.SimpleJobLauncher:201 - No TaskExecutor has been set, defaulting to synchronous executor.
10:02:11,382  INFO Test worker job.SimpleStepHandler:146 - Executing step: [dummyStep]
EXECUTING dummyStep
]]></system-out>
  <system-err><![CDATA[]]></system-err>
</testsuite>
