<?xml version="1.0" encoding="UTF-8"?>
<testsuite name="org.springframework.batch.core.resource.ListPreparedStatementSetterTests" tests="3" skipped="0" failures="0" errors="0" timestamp="2017-03-23T15:02:41" hostname="Michaels-MacBook-Pro-3.local" time="0.025">
  <properties/>
  <testcase name="testXmlConfiguration" classname="org.springframework.batch.core.resource.ListPreparedStatementSetterTests" time="0.02"/>
  <testcase name="testAfterPropertiesSet" classname="org.springframework.batch.core.resource.ListPreparedStatementSetterTests" time="0.002"/>
  <testcase name="testSetValues" classname="org.springframework.batch.core.resource.ListPreparedStatementSetterTests" time="0.003"/>
  <system-out><![CDATA[10:02:41,149  INFO Test worker support.DefaultTestContextBootstrapper:260 - Loaded default TestExecutionListener class names from location [META-INF/spring.factories]: [org.springframework.test.context.web.ServletTestExecutionListener, org.springframework.test.context.support.DirtiesContextBeforeModesTestExecutionListener, org.springframework.test.context.support.DependencyInjectionTestExecutionListener, org.springframework.test.context.support.DirtiesContextTestExecutionListener, org.springframework.test.context.transaction.TransactionalTestExecutionListener, org.springframework.test.context.jdbc.SqlScriptsTestExecutionListener]
10:02:41,149  INFO Test worker support.DefaultTestContextBootstrapper:209 - Could not instantiate TestExecutionListener [org.springframework.test.context.web.ServletTestExecutionListener]. Specify custom listener classes or make the default listener classes (and their required dependencies) available. Offending class: [javax/servlet/ServletContext]
10:02:41,150  INFO Test worker support.DefaultTestContextBootstrapper:187 - Using TestExecutionListeners: [org.springframework.test.context.support.DirtiesContextBeforeModesTestExecutionListener@264c0a3e, org.springframework.test.context.support.DependencyInjectionTestExecutionListener@4002ffa5, org.springframework.test.context.support.DirtiesContextTestExecutionListener@773974a1, org.springframework.test.context.transaction.TransactionalTestExecutionListener@172174df, org.springframework.test.context.jdbc.SqlScriptsTestExecutionListener@51fa81ff]
10:02:41,150  INFO Test worker xml.XmlBeanDefinitionReader:317 - Loading XML bean definitions from class path resource [org/springframework/batch/core/resource/ListPreparedStatementSetterTests-context.xml]
10:02:41,163  INFO Test worker xml.XmlBeanDefinitionReader:317 - Loading XML bean definitions from class path resource [org/springframework/batch/core/repository/dao/data-source-context.xml]
10:02:41,167  INFO Test worker support.GenericApplicationContext:581 - Refreshing org.springframework.context.support.GenericApplicationContext@652a3b2: startup date [Thu Mar 23 10:02:41 CDT 2017]; root of context hierarchy
10:02:41,175  INFO Test worker support.DefaultListableBeanFactory:818 - Overriding bean definition for bean 'pss' with a different definition: replacing [Generic bean: class [org.springframework.batch.item.database.support.ListPreparedStatementSetter]; scope=step; abstract=false; lazyInit=false; autowireMode=0; dependencyCheck=0; autowireCandidate=false; primary=false; factoryBeanName=null; factoryMethodName=null; initMethodName=null; destroyMethodName=null; defined in class path resource [org/springframework/batch/core/resource/ListPreparedStatementSetterTests-context.xml]] with [Root bean: class [org.springframework.aop.scope.ScopedProxyFactoryBean]; scope=; abstract=false; lazyInit=false; autowireMode=0; dependencyCheck=0; autowireCandidate=true; primary=false; factoryBeanName=null; factoryMethodName=null; initMethodName=null; destroyMethodName=null; defined in BeanDefinition defined in class path resource [org/springframework/batch/core/resource/ListPreparedStatementSetterTests-context.xml]]
10:02:41,178  INFO Test worker annotation.AutowiredAnnotationBeanPostProcessor:151 - JSR-330 'javax.inject.Inject' annotation found and supported for autowiring
10:02:41,214  INFO Test worker support.JobRepositoryFactoryBean:184 - No database type set, using meta data indicating: HSQL
10:02:41,257  INFO Test worker support.SimpleJobLauncher:201 - No TaskExecutor has been set, defaulting to synchronous executor.
10:02:41,279  INFO Test worker support.GenericApplicationContext:985 - Closing org.springframework.context.support.GenericApplicationContext@52d0c04e: startup date [Thu Mar 23 10:02:03 CDT 2017]; root of context hierarchy
10:02:41,286  INFO Test worker support.SimpleJobLauncher:139 - Job: [FlowJob: [name=pssJob]] launched with the following parameters: [{min.id=1, max.id=2}]
10:02:41,288  INFO Test worker job.SimpleStepHandler:146 - Executing step: [step1]
10:02:41,302  INFO Test worker support.SimpleJobLauncher:142 - Job: [FlowJob: [name=pssJob]] completed with the following parameters: [{min.id=1, max.id=2}] and the following status: [COMPLETED]
10:02:41,304  INFO Test worker transaction.TransactionContext:98 - Began transaction (1) for test context [DefaultTestContext@13553e24 testClass = ListPreparedStatementSetterTests, testInstance = org.springframework.batch.core.resource.ListPreparedStatementSetterTests@423d2da2, testMethod = testAfterPropertiesSet@ListPreparedStatementSetterTests, testException = [null], mergedContextConfiguration = [MergedContextConfiguration@67f70f6b testClass = ListPreparedStatementSetterTests, locations = '{classpath:/org/springframework/batch/core/resource/ListPreparedStatementSetterTests-context.xml, classpath:/org/springframework/batch/core/repository/dao/data-source-context.xml}', classes = '{}', contextInitializerClasses = '[]', activeProfiles = '{}', propertySourceLocations = '{}', propertySourceProperties = '{}', contextCustomizers = set[[empty]], contextLoader = 'org.springframework.test.context.support.DelegatingSmartContextLoader', parent = [null]], attributes = map[[empty]]]; transaction manager [org.springframework.jdbc.datasource.DataSourceTransactionManager@5f84e804]; rollback [true]
10:02:41,304  INFO Test worker transaction.TransactionContext:131 - Rolled back transaction for test context [DefaultTestContext@13553e24 testClass = ListPreparedStatementSetterTests, testInstance = org.springframework.batch.core.resource.ListPreparedStatementSetterTests@423d2da2, testMethod = testAfterPropertiesSet@ListPreparedStatementSetterTests, testException = [null], mergedContextConfiguration = [MergedContextConfiguration@67f70f6b testClass = ListPreparedStatementSetterTests, locations = '{classpath:/org/springframework/batch/core/resource/ListPreparedStatementSetterTests-context.xml, classpath:/org/springframework/batch/core/repository/dao/data-source-context.xml}', classes = '{}', contextInitializerClasses = '[]', activeProfiles = '{}', propertySourceLocations = '{}', propertySourceProperties = '{}', contextCustomizers = set[[empty]], contextLoader = 'org.springframework.test.context.support.DelegatingSmartContextLoader', parent = [null]], attributes = map[[empty]]].
10:02:41,305  INFO Test worker transaction.TransactionContext:98 - Began transaction (1) for test context [DefaultTestContext@13553e24 testClass = ListPreparedStatementSetterTests, testInstance = org.springframework.batch.core.resource.ListPreparedStatementSetterTests@2a7be5ed, testMethod = testSetValues@ListPreparedStatementSetterTests, testException = [null], mergedContextConfiguration = [MergedContextConfiguration@67f70f6b testClass = ListPreparedStatementSetterTests, locations = '{classpath:/org/springframework/batch/core/resource/ListPreparedStatementSetterTests-context.xml, classpath:/org/springframework/batch/core/repository/dao/data-source-context.xml}', classes = '{}', contextInitializerClasses = '[]', activeProfiles = '{}', propertySourceLocations = '{}', propertySourceProperties = '{}', contextCustomizers = set[[empty]], contextLoader = 'org.springframework.test.context.support.DelegatingSmartContextLoader', parent = [null]], attributes = map[[empty]]]; transaction manager [org.springframework.jdbc.datasource.DataSourceTransactionManager@5f84e804]; rollback [true]
10:02:41,308  INFO Test worker transaction.TransactionContext:131 - Rolled back transaction for test context [DefaultTestContext@13553e24 testClass = ListPreparedStatementSetterTests, testInstance = org.springframework.batch.core.resource.ListPreparedStatementSetterTests@2a7be5ed, testMethod = testSetValues@ListPreparedStatementSetterTests, testException = [null], mergedContextConfiguration = [MergedContextConfiguration@67f70f6b testClass = ListPreparedStatementSetterTests, locations = '{classpath:/org/springframework/batch/core/resource/ListPreparedStatementSetterTests-context.xml, classpath:/org/springframework/batch/core/repository/dao/data-source-context.xml}', classes = '{}', contextInitializerClasses = '[]', activeProfiles = '{}', propertySourceLocations = '{}', propertySourceProperties = '{}', contextCustomizers = set[[empty]], contextLoader = 'org.springframework.test.context.support.DelegatingSmartContextLoader', parent = [null]], attributes = map[[empty]]].
]]></system-out>
  <system-err><![CDATA[Foo[id=1,name=one,value=1]
Foo[id=2,name=two,value=2]
]]></system-err>
</testsuite>
