<?xml version="1.0" encoding="UTF-8"?>
<testsuite name="org.springframework.batch.core.configuration.support.ReferenceJobFactoryTests" tests="1" skipped="0" failures="0" errors="0" timestamp="2017-03-23T15:01:53" hostname="Michaels-MacBook-Pro-3.local" time="0.0">
  <properties/>
  <testcase name="testGroupName" classname="org.springframework.batch.core.configuration.support.ReferenceJobFactoryTests" time="0.0"/>
  <system-out><![CDATA[]]></system-out>
  <system-err><![CDATA[]]></system-err>
</testsuite>
