<?xml version="1.0" encoding="UTF-8"?>
<testsuite name="org.springframework.batch.core.jsr.configuration.xml.ExceptionHandlingParsingTests" tests="1" skipped="0" failures="0" errors="0" timestamp="2017-03-23T15:02:13" hostname="Michaels-MacBook-Pro-3.local" time="0.449">
  <properties/>
  <testcase name="testSkippable" classname="org.springframework.batch.core.jsr.configuration.xml.ExceptionHandlingParsingTests" time="0.449"/>
  <system-out><![CDATA[10:02:13,270  INFO Test worker xml.XmlBeanDefinitionReader:317 - Loading XML bean definitions from class path resource [jsrBaseContext.xml]
10:02:13,284  INFO Test worker support.GenericXmlApplicationContext:581 - Refreshing org.springframework.context.support.GenericXmlApplicationContext@6db3cbe: startup date [Thu Mar 23 10:02:13 CDT 2017]; root of context hierarchy
10:02:13,297  INFO Test worker support.JobRepositoryFactoryBean:184 - No database type set, using meta data indicating: HSQL
10:02:13,298  INFO Test worker support.SimpleJobLauncher:201 - No TaskExecutor has been set, defaulting to synchronous executor.
10:02:13,314  INFO Test worker init.ScriptUtils:442 - Executing SQL script from URL [file:/Users/mminella/Documents/IntelliJWorkspace/spring-batch/spring-batch-core/build/resources/main/org/springframework/batch/core/schema-drop-hsqldb.sql]
10:02:13,317  INFO Test worker init.ScriptUtils:508 - Executed SQL script from URL [file:/Users/mminella/Documents/IntelliJWorkspace/spring-batch/spring-batch-core/build/resources/main/org/springframework/batch/core/schema-drop-hsqldb.sql] in 3 ms.
10:02:13,317  INFO Test worker init.ScriptUtils:442 - Executing SQL script from URL [file:/Users/mminella/Documents/IntelliJWorkspace/spring-batch/spring-batch-core/build/resources/main/org/springframework/batch/core/schema-hsqldb.sql]
10:02:13,320  INFO Test worker init.ScriptUtils:508 - Executed SQL script from URL [file:/Users/mminella/Documents/IntelliJWorkspace/spring-batch/spring-batch-core/build/resources/main/org/springframework/batch/core/schema-hsqldb.sql] in 3 ms.
Operator = org.springframework.batch.core.jsr.launch.JsrJobOperator@564b2f2c
10:02:13,325  INFO Test worker xml.XmlBeanDefinitionReader:317 - Loading XML bean definitions from class path resource [META-INF/batch.xml]
10:02:13,326  INFO Test worker xml.XmlBeanDefinitionReader:317 - Loading XML bean definitions from class path resource [META-INF/batch-jobs/ExceptionHandlingParsingTests-context.xml]
10:02:13,328  INFO Test worker support.DefaultListableBeanFactory:818 - Overriding bean definition for bean 'job1' with a different definition: replacing [Generic bean: class [org.springframework.batch.core.jsr.configuration.xml.JsrFlowFactoryBean]; scope=; abstract=false; lazyInit=false; autowireMode=0; dependencyCheck=0; autowireCandidate=true; primary=false; factoryBeanName=null; factoryMethodName=null; initMethodName=null; destroyMethodName=null] with [Generic bean: class [org.springframework.batch.core.jsr.configuration.xml.JobFactoryBean]; scope=; abstract=false; lazyInit=true; autowireMode=0; dependencyCheck=0; autowireCandidate=true; primary=false; factoryBeanName=null; factoryMethodName=null; initMethodName=null; destroyMethodName=null]
10:02:13,329  INFO Test worker xml.JsrXmlApplicationContext:581 - Refreshing org.springframework.batch.core.jsr.configuration.xml.JsrXmlApplicationContext@686f07f5: startup date [Thu Mar 23 10:02:13 CDT 2017]; parent: org.springframework.context.support.GenericXmlApplicationContext@6db3cbe
10:02:13,332  INFO Test worker support.DefaultListableBeanFactory:818 - Overriding bean definition for bean 'testBatchlet' with a different definition: replacing [Generic bean: class [org.springframework.batch.core.jsr.step.batchlet.BatchletSupport]; scope=step; abstract=false; lazyInit=false; autowireMode=0; dependencyCheck=0; autowireCandidate=false; primary=false; factoryBeanName=null; factoryMethodName=null; initMethodName=null; destroyMethodName=null] with [Root bean: class [org.springframework.aop.scope.ScopedProxyFactoryBean]; scope=; abstract=false; lazyInit=false; autowireMode=0; dependencyCheck=0; autowireCandidate=true; primary=false; factoryBeanName=null; factoryMethodName=null; initMethodName=null; destroyMethodName=null; defined in BeanDefinition defined in null]
10:02:13,333  INFO Test worker support.DefaultListableBeanFactory:818 - Overriding bean definition for bean 'restartBatchlet' with a different definition: replacing [Generic bean: class [org.springframework.batch.core.jsr.step.batchlet.RestartBatchlet]; scope=step; abstract=false; lazyInit=false; autowireMode=0; dependencyCheck=0; autowireCandidate=false; primary=false; factoryBeanName=null; factoryMethodName=null; initMethodName=null; destroyMethodName=null] with [Root bean: class [org.springframework.aop.scope.ScopedProxyFactoryBean]; scope=; abstract=false; lazyInit=false; autowireMode=0; dependencyCheck=0; autowireCandidate=true; primary=false; factoryBeanName=null; factoryMethodName=null; initMethodName=null; destroyMethodName=null; defined in BeanDefinition defined in null]
10:02:13,333  INFO Test worker support.DefaultListableBeanFactory:818 - Overriding bean definition for bean 'failingBatchlet' with a different definition: replacing [Generic bean: class [org.springframework.batch.core.jsr.step.batchlet.FailingBatchlet]; scope=step; abstract=false; lazyInit=false; autowireMode=0; dependencyCheck=0; autowireCandidate=false; primary=false; factoryBeanName=null; factoryMethodName=null; initMethodName=null; destroyMethodName=null] with [Root bean: class [org.springframework.aop.scope.ScopedProxyFactoryBean]; scope=; abstract=false; lazyInit=false; autowireMode=0; dependencyCheck=0; autowireCandidate=true; primary=false; factoryBeanName=null; factoryMethodName=null; initMethodName=null; destroyMethodName=null; defined in BeanDefinition defined in null]
10:02:13,333  INFO Test worker support.DefaultListableBeanFactory:818 - Overriding bean definition for bean 'exitStatusSettingStepListener' with a different definition: replacing [Generic bean: class [org.springframework.batch.core.jsr.step.listener.ExitStatusSettingStepListener]; scope=step; abstract=false; lazyInit=false; autowireMode=0; dependencyCheck=0; autowireCandidate=false; primary=false; factoryBeanName=null; factoryMethodName=null; initMethodName=null; destroyMethodName=null] with [Root bean: class [org.springframework.aop.scope.ScopedProxyFactoryBean]; scope=; abstract=false; lazyInit=false; autowireMode=0; dependencyCheck=0; autowireCandidate=true; primary=false; factoryBeanName=null; factoryMethodName=null; initMethodName=null; destroyMethodName=null; defined in BeanDefinition defined in null]
10:02:13,333  INFO Test worker support.DefaultListableBeanFactory:818 - Overriding bean definition for bean 'stepContextFactory' with a different definition: replacing [Generic bean: class [org.springframework.batch.core.jsr.JsrStepContextFactoryBean]; scope=step; abstract=false; lazyInit=false; autowireMode=0; dependencyCheck=0; autowireCandidate=false; primary=false; factoryBeanName=null; factoryMethodName=null; initMethodName=null; destroyMethodName=null] with [Root bean: class [org.springframework.aop.scope.ScopedProxyFactoryBean]; scope=; abstract=false; lazyInit=false; autowireMode=0; dependencyCheck=0; autowireCandidate=true; primary=false; factoryBeanName=null; factoryMethodName=null; initMethodName=null; destroyMethodName=null; defined in BeanDefinition defined in null]
10:02:13,334  INFO Test worker support.DefaultListableBeanFactory:818 - Overriding bean definition for bean 'problemProcessor' with a different definition: replacing [Generic bean: class [org.springframework.batch.core.jsr.configuration.xml.ExceptionHandlingParsingTests$ProblemProcessor]; scope=step; abstract=false; lazyInit=false; autowireMode=0; dependencyCheck=0; autowireCandidate=false; primary=false; factoryBeanName=null; factoryMethodName=null; initMethodName=null; destroyMethodName=null; defined in class path resource [META-INF/batch-jobs/ExceptionHandlingParsingTests-context.xml]] with [Root bean: class [org.springframework.aop.scope.ScopedProxyFactoryBean]; scope=; abstract=false; lazyInit=false; autowireMode=0; dependencyCheck=0; autowireCandidate=true; primary=false; factoryBeanName=null; factoryMethodName=null; initMethodName=null; destroyMethodName=null; defined in BeanDefinition defined in class path resource [META-INF/batch-jobs/ExceptionHandlingParsingTests-context.xml]]
10:02:13,337  INFO Test worker support.JsrAutowiredAnnotationBeanPostProcessor:111 - JSR-330 'javax.inject.Inject' annotation found and supported for autowiring
10:02:13,390  INFO SimpleAsyncTaskExecutor-1 job.SimpleStepHandler:146 - Executing step: [step1]
10:02:13,408 ERROR SimpleAsyncTaskExecutor-1 step.AbstractStep:229 - Encountered an error executing step step1 in job job1
org.springframework.retry.RetryException: Non-skippable exception in recoverer while processing; nested exception is java.lang.RuntimeException: But don't skip me
	at org.springframework.batch.core.jsr.step.item.JsrFaultTolerantChunkProcessor$4.recover(JsrFaultTolerantChunkProcessor.java:270)
	at org.springframework.retry.support.RetryTemplate.handleRetryExhausted(RetryTemplate.java:512)
	at org.springframework.retry.support.RetryTemplate.doExecute(RetryTemplate.java:350)
	at org.springframework.retry.support.RetryTemplate.execute(RetryTemplate.java:179)
	at org.springframework.batch.core.step.item.BatchRetryTemplate.execute(BatchRetryTemplate.java:222)
	at org.springframework.batch.core.jsr.step.item.JsrFaultTolerantChunkProcessor.transform(JsrFaultTolerantChunkProcessor.java:278)
	at org.springframework.batch.core.jsr.step.item.JsrChunkProcessor$1.doInIteration(JsrChunkProcessor.java:100)
	at org.springframework.batch.repeat.support.RepeatTemplate.getNextResult(RepeatTemplate.java:374)
	at org.springframework.batch.repeat.support.RepeatTemplate.executeInternal(RepeatTemplate.java:215)
	at org.springframework.batch.repeat.support.RepeatTemplate.iterate(RepeatTemplate.java:144)
	at org.springframework.batch.core.jsr.step.item.JsrChunkProcessor.process(JsrChunkProcessor.java:88)
	at org.springframework.batch.core.step.item.ChunkOrientedTasklet.execute(ChunkOrientedTasklet.java:75)
	at org.springframework.batch.core.step.tasklet.TaskletStep$ChunkTransactionCallback.doInTransaction(TaskletStep.java:406)
	at org.springframework.batch.core.step.tasklet.TaskletStep$ChunkTransactionCallback.doInTransaction(TaskletStep.java:330)
	at org.springframework.transaction.support.TransactionTemplate.execute(TransactionTemplate.java:133)
	at org.springframework.batch.core.step.tasklet.TaskletStep$2.doInChunkContext(TaskletStep.java:272)
	at org.springframework.batch.core.scope.context.StepContextRepeatCallback.doInIteration(StepContextRepeatCallback.java:81)
	at org.springframework.batch.repeat.support.RepeatTemplate.getNextResult(RepeatTemplate.java:374)
	at org.springframework.batch.repeat.support.RepeatTemplate.executeInternal(RepeatTemplate.java:215)
	at org.springframework.batch.repeat.support.RepeatTemplate.iterate(RepeatTemplate.java:144)
	at org.springframework.batch.core.step.tasklet.TaskletStep.doExecute(TaskletStep.java:257)
	at org.springframework.batch.core.step.AbstractStep.execute(AbstractStep.java:200)
	at org.springframework.batch.core.job.SimpleStepHandler.handleStep(SimpleStepHandler.java:148)
	at org.springframework.batch.core.job.flow.JobFlowExecutor.executeStep(JobFlowExecutor.java:64)
	at org.springframework.batch.core.job.flow.support.state.StepState.handle(StepState.java:67)
	at org.springframework.batch.core.jsr.job.flow.support.state.JsrStepState.handle(JsrStepState.java:53)
	at org.springframework.batch.core.job.flow.support.SimpleFlow.resume(SimpleFlow.java:169)
	at org.springframework.batch.core.job.flow.support.SimpleFlow.start(SimpleFlow.java:144)
	at org.springframework.batch.core.jsr.job.flow.JsrFlowJob.doExecute(JsrFlowJob.java:82)
	at org.springframework.batch.core.job.AbstractJob.execute(AbstractJob.java:306)
	at org.springframework.batch.core.jsr.launch.JsrJobOperator$2.run(JsrJobOperator.java:672)
	at java.lang.Thread.run(Thread.java:745)
Caused by: java.lang.RuntimeException: But don't skip me
	at org.springframework.batch.core.jsr.configuration.xml.ExceptionHandlingParsingTests$ProblemProcessor.throwException(ExceptionHandlingParsingTests.java:89)
	at org.springframework.batch.core.jsr.configuration.xml.ExceptionHandlingParsingTests$ProblemProcessor.processItem(ExceptionHandlingParsingTests.java:107)
	at sun.reflect.NativeMethodAccessorImpl.invoke0(Native Method)
	at sun.reflect.NativeMethodAccessorImpl.invoke(NativeMethodAccessorImpl.java:62)
	at sun.reflect.DelegatingMethodAccessorImpl.invoke(DelegatingMethodAccessorImpl.java:43)
	at java.lang.reflect.Method.invoke(Method.java:483)
	at org.springframework.aop.support.AopUtils.invokeJoinpointUsingReflection(AopUtils.java:333)
	at org.springframework.aop.framework.ReflectiveMethodInvocation.invokeJoinpoint(ReflectiveMethodInvocation.java:190)
	at org.springframework.aop.framework.ReflectiveMethodInvocation.proceed(ReflectiveMethodInvocation.java:157)
	at org.springframework.aop.support.DelegatingIntroductionInterceptor.doProceed(DelegatingIntroductionInterceptor.java:133)
	at org.springframework.aop.support.DelegatingIntroductionInterceptor.invoke(DelegatingIntroductionInterceptor.java:121)
	at org.springframework.aop.framework.ReflectiveMethodInvocation.proceed(ReflectiveMethodInvocation.java:179)
	at org.springframework.aop.framework.JdkDynamicAopProxy.invoke(JdkDynamicAopProxy.java:213)
	at com.sun.proxy.$Proxy86.processItem(Unknown Source)
	at org.springframework.batch.jsr.item.ItemProcessorAdapter.process(ItemProcessorAdapter.java:34)
	at org.springframework.batch.core.jsr.step.item.JsrChunkProcessor.doTransform(JsrChunkProcessor.java:210)
	at org.springframework.batch.core.jsr.step.item.JsrFaultTolerantChunkProcessor$3.doWithRetry(JsrFaultTolerantChunkProcessor.java:228)
	at org.springframework.retry.support.RetryTemplate.doExecute(RetryTemplate.java:286)
	... 29 more
10:02:13,413  INFO SimpleAsyncTaskExecutor-1 xml.JsrXmlApplicationContext:985 - Closing org.springframework.batch.core.jsr.configuration.xml.JsrXmlApplicationContext@686f07f5: startup date [Thu Mar 23 10:02:13 CDT 2017]; parent: org.springframework.context.support.GenericXmlApplicationContext@6db3cbe
10:02:13,433  INFO Test worker xml.XmlBeanDefinitionReader:317 - Loading XML bean definitions from class path resource [META-INF/batch.xml]
10:02:13,436  INFO Test worker xml.XmlBeanDefinitionReader:317 - Loading XML bean definitions from class path resource [META-INF/batch-jobs/ExceptionHandlingParsingTests-context.xml]
10:02:13,437  INFO Test worker support.DefaultListableBeanFactory:818 - Overriding bean definition for bean 'job1' with a different definition: replacing [Generic bean: class [org.springframework.batch.core.jsr.configuration.xml.JsrFlowFactoryBean]; scope=; abstract=false; lazyInit=false; autowireMode=0; dependencyCheck=0; autowireCandidate=true; primary=false; factoryBeanName=null; factoryMethodName=null; initMethodName=null; destroyMethodName=null] with [Generic bean: class [org.springframework.batch.core.jsr.configuration.xml.JobFactoryBean]; scope=; abstract=false; lazyInit=true; autowireMode=0; dependencyCheck=0; autowireCandidate=true; primary=false; factoryBeanName=null; factoryMethodName=null; initMethodName=null; destroyMethodName=null]
10:02:13,438  INFO Test worker xml.JsrXmlApplicationContext:581 - Refreshing org.springframework.batch.core.jsr.configuration.xml.JsrXmlApplicationContext@5e1b617f: startup date [Thu Mar 23 10:02:13 CDT 2017]; parent: org.springframework.context.support.GenericXmlApplicationContext@6db3cbe
10:02:13,440  INFO Test worker support.DefaultListableBeanFactory:818 - Overriding bean definition for bean 'testBatchlet' with a different definition: replacing [Generic bean: class [org.springframework.batch.core.jsr.step.batchlet.BatchletSupport]; scope=step; abstract=false; lazyInit=false; autowireMode=0; dependencyCheck=0; autowireCandidate=false; primary=false; factoryBeanName=null; factoryMethodName=null; initMethodName=null; destroyMethodName=null] with [Root bean: class [org.springframework.aop.scope.ScopedProxyFactoryBean]; scope=; abstract=false; lazyInit=false; autowireMode=0; dependencyCheck=0; autowireCandidate=true; primary=false; factoryBeanName=null; factoryMethodName=null; initMethodName=null; destroyMethodName=null; defined in BeanDefinition defined in null]
10:02:13,440  INFO Test worker support.DefaultListableBeanFactory:818 - Overriding bean definition for bean 'restartBatchlet' with a different definition: replacing [Generic bean: class [org.springframework.batch.core.jsr.step.batchlet.RestartBatchlet]; scope=step; abstract=false; lazyInit=false; autowireMode=0; dependencyCheck=0; autowireCandidate=false; primary=false; factoryBeanName=null; factoryMethodName=null; initMethodName=null; destroyMethodName=null] with [Root bean: class [org.springframework.aop.scope.ScopedProxyFactoryBean]; scope=; abstract=false; lazyInit=false; autowireMode=0; dependencyCheck=0; autowireCandidate=true; primary=false; factoryBeanName=null; factoryMethodName=null; initMethodName=null; destroyMethodName=null; defined in BeanDefinition defined in null]
10:02:13,440  INFO Test worker support.DefaultListableBeanFactory:818 - Overriding bean definition for bean 'failingBatchlet' with a different definition: replacing [Generic bean: class [org.springframework.batch.core.jsr.step.batchlet.FailingBatchlet]; scope=step; abstract=false; lazyInit=false; autowireMode=0; dependencyCheck=0; autowireCandidate=false; primary=false; factoryBeanName=null; factoryMethodName=null; initMethodName=null; destroyMethodName=null] with [Root bean: class [org.springframework.aop.scope.ScopedProxyFactoryBean]; scope=; abstract=false; lazyInit=false; autowireMode=0; dependencyCheck=0; autowireCandidate=true; primary=false; factoryBeanName=null; factoryMethodName=null; initMethodName=null; destroyMethodName=null; defined in BeanDefinition defined in null]
10:02:13,441  INFO Test worker support.DefaultListableBeanFactory:818 - Overriding bean definition for bean 'exitStatusSettingStepListener' with a different definition: replacing [Generic bean: class [org.springframework.batch.core.jsr.step.listener.ExitStatusSettingStepListener]; scope=step; abstract=false; lazyInit=false; autowireMode=0; dependencyCheck=0; autowireCandidate=false; primary=false; factoryBeanName=null; factoryMethodName=null; initMethodName=null; destroyMethodName=null] with [Root bean: class [org.springframework.aop.scope.ScopedProxyFactoryBean]; scope=; abstract=false; lazyInit=false; autowireMode=0; dependencyCheck=0; autowireCandidate=true; primary=false; factoryBeanName=null; factoryMethodName=null; initMethodName=null; destroyMethodName=null; defined in BeanDefinition defined in null]
10:02:13,441  INFO Test worker support.DefaultListableBeanFactory:818 - Overriding bean definition for bean 'stepContextFactory' with a different definition: replacing [Generic bean: class [org.springframework.batch.core.jsr.JsrStepContextFactoryBean]; scope=step; abstract=false; lazyInit=false; autowireMode=0; dependencyCheck=0; autowireCandidate=false; primary=false; factoryBeanName=null; factoryMethodName=null; initMethodName=null; destroyMethodName=null] with [Root bean: class [org.springframework.aop.scope.ScopedProxyFactoryBean]; scope=; abstract=false; lazyInit=false; autowireMode=0; dependencyCheck=0; autowireCandidate=true; primary=false; factoryBeanName=null; factoryMethodName=null; initMethodName=null; destroyMethodName=null; defined in BeanDefinition defined in null]
10:02:13,441  INFO Test worker support.DefaultListableBeanFactory:818 - Overriding bean definition for bean 'problemProcessor' with a different definition: replacing [Generic bean: class [org.springframework.batch.core.jsr.configuration.xml.ExceptionHandlingParsingTests$ProblemProcessor]; scope=step; abstract=false; lazyInit=false; autowireMode=0; dependencyCheck=0; autowireCandidate=false; primary=false; factoryBeanName=null; factoryMethodName=null; initMethodName=null; destroyMethodName=null; defined in class path resource [META-INF/batch-jobs/ExceptionHandlingParsingTests-context.xml]] with [Root bean: class [org.springframework.aop.scope.ScopedProxyFactoryBean]; scope=; abstract=false; lazyInit=false; autowireMode=0; dependencyCheck=0; autowireCandidate=true; primary=false; factoryBeanName=null; factoryMethodName=null; initMethodName=null; destroyMethodName=null; defined in BeanDefinition defined in class path resource [META-INF/batch-jobs/ExceptionHandlingParsingTests-context.xml]]
10:02:13,444  INFO Test worker support.JsrAutowiredAnnotationBeanPostProcessor:111 - JSR-330 'javax.inject.Inject' annotation found and supported for autowiring
10:02:13,495  INFO SimpleAsyncTaskExecutor-2 job.SimpleStepHandler:146 - Executing step: [step1]
One
Two
10:02:13,516  INFO SimpleAsyncTaskExecutor-2 job.SimpleStepHandler:146 - Executing step: [step2]
10:02:13,521 ERROR SimpleAsyncTaskExecutor-2 step.AbstractStep:229 - Encountered an error executing step step2 in job job1
org.springframework.retry.RetryException: Non-skippable exception in recoverer while processing; nested exception is java.lang.RuntimeException: But don't retry me
	at org.springframework.batch.core.jsr.step.item.JsrFaultTolerantChunkProcessor$4.recover(JsrFaultTolerantChunkProcessor.java:270)
	at org.springframework.retry.support.RetryTemplate.handleRetryExhausted(RetryTemplate.java:512)
	at org.springframework.retry.support.RetryTemplate.doExecute(RetryTemplate.java:350)
	at org.springframework.retry.support.RetryTemplate.execute(RetryTemplate.java:179)
	at org.springframework.batch.core.step.item.BatchRetryTemplate.execute(BatchRetryTemplate.java:222)
	at org.springframework.batch.core.jsr.step.item.JsrFaultTolerantChunkProcessor.transform(JsrFaultTolerantChunkProcessor.java:278)
	at org.springframework.batch.core.jsr.step.item.JsrChunkProcessor$1.doInIteration(JsrChunkProcessor.java:100)
	at org.springframework.batch.repeat.support.RepeatTemplate.getNextResult(RepeatTemplate.java:374)
	at org.springframework.batch.repeat.support.RepeatTemplate.executeInternal(RepeatTemplate.java:215)
	at org.springframework.batch.repeat.support.RepeatTemplate.iterate(RepeatTemplate.java:144)
	at org.springframework.batch.core.jsr.step.item.JsrChunkProcessor.process(JsrChunkProcessor.java:88)
	at org.springframework.batch.core.step.item.ChunkOrientedTasklet.execute(ChunkOrientedTasklet.java:75)
	at org.springframework.batch.core.step.tasklet.TaskletStep$ChunkTransactionCallback.doInTransaction(TaskletStep.java:406)
	at org.springframework.batch.core.step.tasklet.TaskletStep$ChunkTransactionCallback.doInTransaction(TaskletStep.java:330)
	at org.springframework.transaction.support.TransactionTemplate.execute(TransactionTemplate.java:133)
	at org.springframework.batch.core.step.tasklet.TaskletStep$2.doInChunkContext(TaskletStep.java:272)
	at org.springframework.batch.core.scope.context.StepContextRepeatCallback.doInIteration(StepContextRepeatCallback.java:81)
	at org.springframework.batch.repeat.support.RepeatTemplate.getNextResult(RepeatTemplate.java:374)
	at org.springframework.batch.repeat.support.RepeatTemplate.executeInternal(RepeatTemplate.java:215)
	at org.springframework.batch.repeat.support.RepeatTemplate.iterate(RepeatTemplate.java:144)
	at org.springframework.batch.core.step.tasklet.TaskletStep.doExecute(TaskletStep.java:257)
	at org.springframework.batch.core.step.AbstractStep.execute(AbstractStep.java:200)
	at org.springframework.batch.core.job.SimpleStepHandler.handleStep(SimpleStepHandler.java:148)
	at org.springframework.batch.core.job.flow.JobFlowExecutor.executeStep(JobFlowExecutor.java:64)
	at org.springframework.batch.core.job.flow.support.state.StepState.handle(StepState.java:67)
	at org.springframework.batch.core.jsr.job.flow.support.state.JsrStepState.handle(JsrStepState.java:53)
	at org.springframework.batch.core.job.flow.support.SimpleFlow.resume(SimpleFlow.java:169)
	at org.springframework.batch.core.job.flow.support.SimpleFlow.start(SimpleFlow.java:144)
	at org.springframework.batch.core.jsr.job.flow.JsrFlowJob.doExecute(JsrFlowJob.java:82)
	at org.springframework.batch.core.job.AbstractJob.execute(AbstractJob.java:306)
	at org.springframework.batch.core.jsr.launch.JsrJobOperator$1.run(JsrJobOperator.java:524)
	at java.lang.Thread.run(Thread.java:745)
Caused by: java.lang.RuntimeException: But don't retry me
	at org.springframework.batch.core.jsr.configuration.xml.ExceptionHandlingParsingTests$ProblemProcessor.throwException(ExceptionHandlingParsingTests.java:96)
	at org.springframework.batch.core.jsr.configuration.xml.ExceptionHandlingParsingTests$ProblemProcessor.processItem(ExceptionHandlingParsingTests.java:107)
	at sun.reflect.NativeMethodAccessorImpl.invoke0(Native Method)
	at sun.reflect.NativeMethodAccessorImpl.invoke(NativeMethodAccessorImpl.java:62)
	at sun.reflect.DelegatingMethodAccessorImpl.invoke(DelegatingMethodAccessorImpl.java:43)
	at java.lang.reflect.Method.invoke(Method.java:483)
	at org.springframework.aop.support.AopUtils.invokeJoinpointUsingReflection(AopUtils.java:333)
	at org.springframework.aop.framework.ReflectiveMethodInvocation.invokeJoinpoint(ReflectiveMethodInvocation.java:190)
	at org.springframework.aop.framework.ReflectiveMethodInvocation.proceed(ReflectiveMethodInvocation.java:157)
	at org.springframework.aop.support.DelegatingIntroductionInterceptor.doProceed(DelegatingIntroductionInterceptor.java:133)
	at org.springframework.aop.support.DelegatingIntroductionInterceptor.invoke(DelegatingIntroductionInterceptor.java:121)
	at org.springframework.aop.framework.ReflectiveMethodInvocation.proceed(ReflectiveMethodInvocation.java:179)
	at org.springframework.aop.framework.JdkDynamicAopProxy.invoke(JdkDynamicAopProxy.java:213)
	at com.sun.proxy.$Proxy86.processItem(Unknown Source)
	at org.springframework.batch.jsr.item.ItemProcessorAdapter.process(ItemProcessorAdapter.java:34)
	at org.springframework.batch.core.jsr.step.item.JsrChunkProcessor.doTransform(JsrChunkProcessor.java:210)
	at org.springframework.batch.core.jsr.step.item.JsrFaultTolerantChunkProcessor$3.doWithRetry(JsrFaultTolerantChunkProcessor.java:228)
	at org.springframework.retry.support.RetryTemplate.doExecute(RetryTemplate.java:286)
	... 29 more
10:02:13,530  INFO SimpleAsyncTaskExecutor-2 xml.JsrXmlApplicationContext:985 - Closing org.springframework.batch.core.jsr.configuration.xml.JsrXmlApplicationContext@5e1b617f: startup date [Thu Mar 23 10:02:13 CDT 2017]; parent: org.springframework.context.support.GenericXmlApplicationContext@6db3cbe
10:02:13,562  INFO Test worker xml.XmlBeanDefinitionReader:317 - Loading XML bean definitions from class path resource [META-INF/batch.xml]
10:02:13,565  INFO Test worker xml.XmlBeanDefinitionReader:317 - Loading XML bean definitions from class path resource [META-INF/batch-jobs/ExceptionHandlingParsingTests-context.xml]
10:02:13,566  INFO Test worker support.DefaultListableBeanFactory:818 - Overriding bean definition for bean 'job1' with a different definition: replacing [Generic bean: class [org.springframework.batch.core.jsr.configuration.xml.JsrFlowFactoryBean]; scope=; abstract=false; lazyInit=false; autowireMode=0; dependencyCheck=0; autowireCandidate=true; primary=false; factoryBeanName=null; factoryMethodName=null; initMethodName=null; destroyMethodName=null] with [Generic bean: class [org.springframework.batch.core.jsr.configuration.xml.JobFactoryBean]; scope=; abstract=false; lazyInit=true; autowireMode=0; dependencyCheck=0; autowireCandidate=true; primary=false; factoryBeanName=null; factoryMethodName=null; initMethodName=null; destroyMethodName=null]
10:02:13,567  INFO Test worker xml.JsrXmlApplicationContext:581 - Refreshing org.springframework.batch.core.jsr.configuration.xml.JsrXmlApplicationContext@4a16ff57: startup date [Thu Mar 23 10:02:13 CDT 2017]; parent: org.springframework.context.support.GenericXmlApplicationContext@6db3cbe
10:02:13,568  INFO Test worker support.DefaultListableBeanFactory:818 - Overriding bean definition for bean 'testBatchlet' with a different definition: replacing [Generic bean: class [org.springframework.batch.core.jsr.step.batchlet.BatchletSupport]; scope=step; abstract=false; lazyInit=false; autowireMode=0; dependencyCheck=0; autowireCandidate=false; primary=false; factoryBeanName=null; factoryMethodName=null; initMethodName=null; destroyMethodName=null] with [Root bean: class [org.springframework.aop.scope.ScopedProxyFactoryBean]; scope=; abstract=false; lazyInit=false; autowireMode=0; dependencyCheck=0; autowireCandidate=true; primary=false; factoryBeanName=null; factoryMethodName=null; initMethodName=null; destroyMethodName=null; defined in BeanDefinition defined in null]
10:02:13,569  INFO Test worker support.DefaultListableBeanFactory:818 - Overriding bean definition for bean 'restartBatchlet' with a different definition: replacing [Generic bean: class [org.springframework.batch.core.jsr.step.batchlet.RestartBatchlet]; scope=step; abstract=false; lazyInit=false; autowireMode=0; dependencyCheck=0; autowireCandidate=false; primary=false; factoryBeanName=null; factoryMethodName=null; initMethodName=null; destroyMethodName=null] with [Root bean: class [org.springframework.aop.scope.ScopedProxyFactoryBean]; scope=; abstract=false; lazyInit=false; autowireMode=0; dependencyCheck=0; autowireCandidate=true; primary=false; factoryBeanName=null; factoryMethodName=null; initMethodName=null; destroyMethodName=null; defined in BeanDefinition defined in null]
10:02:13,569  INFO Test worker support.DefaultListableBeanFactory:818 - Overriding bean definition for bean 'failingBatchlet' with a different definition: replacing [Generic bean: class [org.springframework.batch.core.jsr.step.batchlet.FailingBatchlet]; scope=step; abstract=false; lazyInit=false; autowireMode=0; dependencyCheck=0; autowireCandidate=false; primary=false; factoryBeanName=null; factoryMethodName=null; initMethodName=null; destroyMethodName=null] with [Root bean: class [org.springframework.aop.scope.ScopedProxyFactoryBean]; scope=; abstract=false; lazyInit=false; autowireMode=0; dependencyCheck=0; autowireCandidate=true; primary=false; factoryBeanName=null; factoryMethodName=null; initMethodName=null; destroyMethodName=null; defined in BeanDefinition defined in null]
10:02:13,569  INFO Test worker support.DefaultListableBeanFactory:818 - Overriding bean definition for bean 'exitStatusSettingStepListener' with a different definition: replacing [Generic bean: class [org.springframework.batch.core.jsr.step.listener.ExitStatusSettingStepListener]; scope=step; abstract=false; lazyInit=false; autowireMode=0; dependencyCheck=0; autowireCandidate=false; primary=false; factoryBeanName=null; factoryMethodName=null; initMethodName=null; destroyMethodName=null] with [Root bean: class [org.springframework.aop.scope.ScopedProxyFactoryBean]; scope=; abstract=false; lazyInit=false; autowireMode=0; dependencyCheck=0; autowireCandidate=true; primary=false; factoryBeanName=null; factoryMethodName=null; initMethodName=null; destroyMethodName=null; defined in BeanDefinition defined in null]
10:02:13,569  INFO Test worker support.DefaultListableBeanFactory:818 - Overriding bean definition for bean 'stepContextFactory' with a different definition: replacing [Generic bean: class [org.springframework.batch.core.jsr.JsrStepContextFactoryBean]; scope=step; abstract=false; lazyInit=false; autowireMode=0; dependencyCheck=0; autowireCandidate=false; primary=false; factoryBeanName=null; factoryMethodName=null; initMethodName=null; destroyMethodName=null] with [Root bean: class [org.springframework.aop.scope.ScopedProxyFactoryBean]; scope=; abstract=false; lazyInit=false; autowireMode=0; dependencyCheck=0; autowireCandidate=true; primary=false; factoryBeanName=null; factoryMethodName=null; initMethodName=null; destroyMethodName=null; defined in BeanDefinition defined in null]
10:02:13,570  INFO Test worker support.DefaultListableBeanFactory:818 - Overriding bean definition for bean 'problemProcessor' with a different definition: replacing [Generic bean: class [org.springframework.batch.core.jsr.configuration.xml.ExceptionHandlingParsingTests$ProblemProcessor]; scope=step; abstract=false; lazyInit=false; autowireMode=0; dependencyCheck=0; autowireCandidate=false; primary=false; factoryBeanName=null; factoryMethodName=null; initMethodName=null; destroyMethodName=null; defined in class path resource [META-INF/batch-jobs/ExceptionHandlingParsingTests-context.xml]] with [Root bean: class [org.springframework.aop.scope.ScopedProxyFactoryBean]; scope=; abstract=false; lazyInit=false; autowireMode=0; dependencyCheck=0; autowireCandidate=true; primary=false; factoryBeanName=null; factoryMethodName=null; initMethodName=null; destroyMethodName=null; defined in BeanDefinition defined in class path resource [META-INF/batch-jobs/ExceptionHandlingParsingTests-context.xml]]
10:02:13,572  INFO Test worker support.JsrAutowiredAnnotationBeanPostProcessor:111 - JSR-330 'javax.inject.Inject' annotation found and supported for autowiring
10:02:13,615  INFO SimpleAsyncTaskExecutor-3 job.JsrStepHandler:115 - Step already complete or not restartable, so no action to execute: StepExecution: id=1, version=3, name=step1, status=COMPLETED, exitStatus=COMPLETED, readCount=2, filterCount=0, writeCount=2 readSkipCount=0, writeSkipCount=0, processSkipCount=0, commitCount=1, rollbackCount=0, exitDescription=
10:02:13,631  INFO SimpleAsyncTaskExecutor-3 job.SimpleStepHandler:146 - Executing step: [step2]
Three
Four
10:02:13,653  INFO SimpleAsyncTaskExecutor-3 job.SimpleStepHandler:146 - Executing step: [step3]
Six
10:02:13,664  INFO SimpleAsyncTaskExecutor-3 xml.JsrXmlApplicationContext:985 - Closing org.springframework.batch.core.jsr.configuration.xml.JsrXmlApplicationContext@4a16ff57: startup date [Thu Mar 23 10:02:13 CDT 2017]; parent: org.springframework.context.support.GenericXmlApplicationContext@6db3cbe
Operator = org.springframework.batch.core.jsr.launch.JsrJobOperator@564b2f2c
10:02:13,675  INFO Test worker xml.XmlBeanDefinitionReader:317 - Loading XML bean definitions from class path resource [META-INF/batch.xml]
10:02:13,678  INFO Test worker xml.XmlBeanDefinitionReader:317 - Loading XML bean definitions from class path resource [META-INF/batch-jobs/ExceptionHandlingParsingTests-context.xml]
10:02:13,679  INFO Test worker support.DefaultListableBeanFactory:818 - Overriding bean definition for bean 'job1' with a different definition: replacing [Generic bean: class [org.springframework.batch.core.jsr.configuration.xml.JsrFlowFactoryBean]; scope=; abstract=false; lazyInit=false; autowireMode=0; dependencyCheck=0; autowireCandidate=true; primary=false; factoryBeanName=null; factoryMethodName=null; initMethodName=null; destroyMethodName=null] with [Generic bean: class [org.springframework.batch.core.jsr.configuration.xml.JobFactoryBean]; scope=; abstract=false; lazyInit=true; autowireMode=0; dependencyCheck=0; autowireCandidate=true; primary=false; factoryBeanName=null; factoryMethodName=null; initMethodName=null; destroyMethodName=null]
10:02:13,680  INFO Test worker xml.JsrXmlApplicationContext:581 - Refreshing org.springframework.batch.core.jsr.configuration.xml.JsrXmlApplicationContext@22461d37: startup date [Thu Mar 23 10:02:13 CDT 2017]; parent: org.springframework.context.support.GenericXmlApplicationContext@6db3cbe
10:02:13,682  INFO Test worker support.DefaultListableBeanFactory:818 - Overriding bean definition for bean 'testBatchlet' with a different definition: replacing [Generic bean: class [org.springframework.batch.core.jsr.step.batchlet.BatchletSupport]; scope=step; abstract=false; lazyInit=false; autowireMode=0; dependencyCheck=0; autowireCandidate=false; primary=false; factoryBeanName=null; factoryMethodName=null; initMethodName=null; destroyMethodName=null] with [Root bean: class [org.springframework.aop.scope.ScopedProxyFactoryBean]; scope=; abstract=false; lazyInit=false; autowireMode=0; dependencyCheck=0; autowireCandidate=true; primary=false; factoryBeanName=null; factoryMethodName=null; initMethodName=null; destroyMethodName=null; defined in BeanDefinition defined in null]
10:02:13,683  INFO Test worker support.DefaultListableBeanFactory:818 - Overriding bean definition for bean 'restartBatchlet' with a different definition: replacing [Generic bean: class [org.springframework.batch.core.jsr.step.batchlet.RestartBatchlet]; scope=step; abstract=false; lazyInit=false; autowireMode=0; dependencyCheck=0; autowireCandidate=false; primary=false; factoryBeanName=null; factoryMethodName=null; initMethodName=null; destroyMethodName=null] with [Root bean: class [org.springframework.aop.scope.ScopedProxyFactoryBean]; scope=; abstract=false; lazyInit=false; autowireMode=0; dependencyCheck=0; autowireCandidate=true; primary=false; factoryBeanName=null; factoryMethodName=null; initMethodName=null; destroyMethodName=null; defined in BeanDefinition defined in null]
10:02:13,683  INFO Test worker support.DefaultListableBeanFactory:818 - Overriding bean definition for bean 'failingBatchlet' with a different definition: replacing [Generic bean: class [org.springframework.batch.core.jsr.step.batchlet.FailingBatchlet]; scope=step; abstract=false; lazyInit=false; autowireMode=0; dependencyCheck=0; autowireCandidate=false; primary=false; factoryBeanName=null; factoryMethodName=null; initMethodName=null; destroyMethodName=null] with [Root bean: class [org.springframework.aop.scope.ScopedProxyFactoryBean]; scope=; abstract=false; lazyInit=false; autowireMode=0; dependencyCheck=0; autowireCandidate=true; primary=false; factoryBeanName=null; factoryMethodName=null; initMethodName=null; destroyMethodName=null; defined in BeanDefinition defined in null]
10:02:13,683  INFO Test worker support.DefaultListableBeanFactory:818 - Overriding bean definition for bean 'exitStatusSettingStepListener' with a different definition: replacing [Generic bean: class [org.springframework.batch.core.jsr.step.listener.ExitStatusSettingStepListener]; scope=step; abstract=false; lazyInit=false; autowireMode=0; dependencyCheck=0; autowireCandidate=false; primary=false; factoryBeanName=null; factoryMethodName=null; initMethodName=null; destroyMethodName=null] with [Root bean: class [org.springframework.aop.scope.ScopedProxyFactoryBean]; scope=; abstract=false; lazyInit=false; autowireMode=0; dependencyCheck=0; autowireCandidate=true; primary=false; factoryBeanName=null; factoryMethodName=null; initMethodName=null; destroyMethodName=null; defined in BeanDefinition defined in null]
10:02:13,683  INFO Test worker support.DefaultListableBeanFactory:818 - Overriding bean definition for bean 'stepContextFactory' with a different definition: replacing [Generic bean: class [org.springframework.batch.core.jsr.JsrStepContextFactoryBean]; scope=step; abstract=false; lazyInit=false; autowireMode=0; dependencyCheck=0; autowireCandidate=false; primary=false; factoryBeanName=null; factoryMethodName=null; initMethodName=null; destroyMethodName=null] with [Root bean: class [org.springframework.aop.scope.ScopedProxyFactoryBean]; scope=; abstract=false; lazyInit=false; autowireMode=0; dependencyCheck=0; autowireCandidate=true; primary=false; factoryBeanName=null; factoryMethodName=null; initMethodName=null; destroyMethodName=null; defined in BeanDefinition defined in null]
10:02:13,684  INFO Test worker support.DefaultListableBeanFactory:818 - Overriding bean definition for bean 'problemProcessor' with a different definition: replacing [Generic bean: class [org.springframework.batch.core.jsr.configuration.xml.ExceptionHandlingParsingTests$ProblemProcessor]; scope=step; abstract=false; lazyInit=false; autowireMode=0; dependencyCheck=0; autowireCandidate=false; primary=false; factoryBeanName=null; factoryMethodName=null; initMethodName=null; destroyMethodName=null; defined in class path resource [META-INF/batch-jobs/ExceptionHandlingParsingTests-context.xml]] with [Root bean: class [org.springframework.aop.scope.ScopedProxyFactoryBean]; scope=; abstract=false; lazyInit=false; autowireMode=0; dependencyCheck=0; autowireCandidate=true; primary=false; factoryBeanName=null; factoryMethodName=null; initMethodName=null; destroyMethodName=null; defined in BeanDefinition defined in class path resource [META-INF/batch-jobs/ExceptionHandlingParsingTests-context.xml]]
10:02:13,686  INFO Test worker support.JsrAutowiredAnnotationBeanPostProcessor:111 - JSR-330 'javax.inject.Inject' annotation found and supported for autowiring
10:02:13,727  INFO SimpleAsyncTaskExecutor-4 job.SimpleStepHandler:146 - Executing step: [step1]
One
Two
10:02:13,740  INFO SimpleAsyncTaskExecutor-4 job.SimpleStepHandler:146 - Executing step: [step2]
Three
Four
10:02:13,751  INFO SimpleAsyncTaskExecutor-4 job.SimpleStepHandler:146 - Executing step: [step3]
Five
Six
10:02:13,760  INFO SimpleAsyncTaskExecutor-4 xml.JsrXmlApplicationContext:985 - Closing org.springframework.batch.core.jsr.configuration.xml.JsrXmlApplicationContext@22461d37: startup date [Thu Mar 23 10:02:13 CDT 2017]; parent: org.springframework.context.support.GenericXmlApplicationContext@6db3cbe
]]></system-out>
  <system-err><![CDATA[]]></system-err>
</testsuite>
