<?xml version="1.0" encoding="UTF-8"?>
<testsuite name="org.springframework.batch.core.configuration.support.MapStepRegistryTests" tests="13" skipped="0" failures="0" errors="0" timestamp="2017-03-23T15:01:53" hostname="Michaels-MacBook-Pro-3.local" time="0.009">
  <properties/>
  <testcase name="getStepNullJobName" classname="org.springframework.batch.core.configuration.support.MapStepRegistryTests" time="0.001"/>
  <testcase name="getStepNullStepName" classname="org.springframework.batch.core.configuration.support.MapStepRegistryTests" time="0.001"/>
  <testcase name="getStepNotRegistered" classname="org.springframework.batch.core.configuration.support.MapStepRegistryTests" time="0.0"/>
  <testcase name="registerStepGetStep" classname="org.springframework.batch.core.configuration.support.MapStepRegistryTests" time="0.0"/>
  <testcase name="registerTwice" classname="org.springframework.batch.core.configuration.support.MapStepRegistryTests" time="0.0"/>
  <testcase name="unregisterJobNameNull" classname="org.springframework.batch.core.configuration.support.MapStepRegistryTests" time="0.0"/>
  <testcase name="getJobNotRegistered" classname="org.springframework.batch.core.configuration.support.MapStepRegistryTests" time="0.001"/>
  <testcase name="registerStepNullSteps" classname="org.springframework.batch.core.configuration.support.MapStepRegistryTests" time="0.0"/>
  <testcase name="registerStepEmptyCollection" classname="org.springframework.batch.core.configuration.support.MapStepRegistryTests" time="0.0"/>
  <testcase name="registerStepUnregisterJob" classname="org.springframework.batch.core.configuration.support.MapStepRegistryTests" time="0.0"/>
  <testcase name="unregisterNoRegistration" classname="org.springframework.batch.core.configuration.support.MapStepRegistryTests" time="0.0"/>
  <testcase name="registerStepNullJobName" classname="org.springframework.batch.core.configuration.support.MapStepRegistryTests" time="0.001"/>
  <testcase name="getJobNotRegisteredNoRegistration" classname="org.springframework.batch.core.configuration.support.MapStepRegistryTests" time="0.0"/>
  <system-out><![CDATA[]]></system-out>
  <system-err><![CDATA[]]></system-err>
</testsuite>
