<?xml version="1.0" encoding="UTF-8"?>
<testsuite name="org.springframework.batch.core.step.RestartLoopTests" tests="1" skipped="0" failures="0" errors="0" timestamp="2017-03-23T15:02:46" hostname="Michaels-MacBook-Pro-3.local" time="0.053">
  <properties/>
  <testcase name="test" classname="org.springframework.batch.core.step.RestartLoopTests" time="0.053"/>
  <system-out><![CDATA[10:02:46,242  INFO Test worker support.AbstractContextLoader:252 - Detected default resource location "classpath:org/springframework/batch/core/step/RestartLoopTests-context.xml" for test class [org.springframework.batch.core.step.RestartLoopTests]
10:02:46,243  INFO Test worker support.AbstractDelegatingSmartContextLoader:176 - GenericXmlContextLoader detected default locations for context configuration [ContextConfigurationAttributes@625f2ecb declaringClass = 'org.springframework.batch.core.step.RestartLoopTests', classes = '{}', locations = '{classpath:org/springframework/batch/core/step/RestartLoopTests-context.xml}', inheritLocations = true, initializers = '{}', inheritInitializers = true, name = [null], contextLoaderClass = 'org.springframework.test.context.ContextLoader'].
10:02:46,244  INFO Test worker support.AnnotationConfigContextLoaderUtils:81 - Could not detect default configuration classes for test class [org.springframework.batch.core.step.RestartLoopTests]: RestartLoopTests does not declare any static, non-private, non-final, nested classes annotated with @Configuration.
10:02:46,245  INFO Test worker support.DefaultTestContextBootstrapper:260 - Loaded default TestExecutionListener class names from location [META-INF/spring.factories]: [org.springframework.test.context.web.ServletTestExecutionListener, org.springframework.test.context.support.DirtiesContextBeforeModesTestExecutionListener, org.springframework.test.context.support.DependencyInjectionTestExecutionListener, org.springframework.test.context.support.DirtiesContextTestExecutionListener, org.springframework.test.context.transaction.TransactionalTestExecutionListener, org.springframework.test.context.jdbc.SqlScriptsTestExecutionListener]
10:02:46,245  INFO Test worker support.DefaultTestContextBootstrapper:209 - Could not instantiate TestExecutionListener [org.springframework.test.context.web.ServletTestExecutionListener]. Specify custom listener classes or make the default listener classes (and their required dependencies) available. Offending class: [javax/servlet/ServletContext]
10:02:46,245  INFO Test worker support.DefaultTestContextBootstrapper:187 - Using TestExecutionListeners: [org.springframework.test.context.support.DirtiesContextBeforeModesTestExecutionListener@1577ee1b, org.springframework.test.context.support.DependencyInjectionTestExecutionListener@15f86948, org.springframework.test.context.support.DirtiesContextTestExecutionListener@5b94acd7, org.springframework.test.context.transaction.TransactionalTestExecutionListener@eea54a9, org.springframework.test.context.jdbc.SqlScriptsTestExecutionListener@24c77459]
10:02:46,246  INFO Test worker xml.XmlBeanDefinitionReader:317 - Loading XML bean definitions from class path resource [org/springframework/batch/core/step/RestartLoopTests-context.xml]
10:02:46,256  INFO Test worker support.GenericApplicationContext:581 - Refreshing org.springframework.context.support.GenericApplicationContext@7223fba0: startup date [Thu Mar 23 10:02:46 CDT 2017]; root of context hierarchy
10:02:46,266  INFO Test worker annotation.AutowiredAnnotationBeanPostProcessor:151 - JSR-330 'javax.inject.Inject' annotation found and supported for autowiring
10:02:46,300  INFO Test worker support.SimpleJobLauncher:201 - No TaskExecutor has been set, defaulting to synchronous executor.
10:02:46,306  INFO Test worker support.GenericApplicationContext:985 - Closing org.springframework.context.support.GenericApplicationContext@59180933: startup date [Thu Mar 23 10:02:12 CDT 2017]; root of context hierarchy
10:02:46,309  INFO Test worker support.SimpleJobLauncher:139 - Job: [FlowJob: [name=pattern.replay]] launched with the following parameters: [{}]
10:02:46,311  INFO Test worker job.SimpleStepHandler:146 - Executing step: [pattern.replay.1]
10:02:46,315  INFO Test worker job.SimpleStepHandler:146 - Executing step: [pattern.replay.2]
10:02:46,320  INFO Test worker job.SimpleStepHandler:146 - Executing step: [pattern.replay.3]
10:02:46,323  INFO Test worker support.SimpleJobLauncher:142 - Job: [FlowJob: [name=pattern.replay]] completed with the following parameters: [{}] and the following status: [STOPPED]
10:02:46,326  INFO Test worker support.SimpleJobLauncher:139 - Job: [FlowJob: [name=pattern.replay]] launched with the following parameters: [{}]
10:02:46,334  INFO Test worker job.SimpleStepHandler:146 - Executing step: [pattern.replay.1]
10:02:46,344  INFO Test worker job.SimpleStepHandler:146 - Executing step: [pattern.replay.2]
10:02:46,357  INFO Test worker job.SimpleStepHandler:146 - Executing step: [pattern.replay.3]
10:02:46,360  INFO Test worker support.SimpleJobLauncher:142 - Job: [FlowJob: [name=pattern.replay]] completed with the following parameters: [{}] and the following status: [STOPPED]
]]></system-out>
  <system-err><![CDATA[]]></system-err>
</testsuite>
