<?xml version="1.0" encoding="UTF-8"?>
<testsuite name="org.springframework.batch.core.configuration.xml.DefaultUnknownJobParserTests" tests="1" skipped="0" failures="0" errors="0" timestamp="2017-03-23T15:01:56" hostname="Michaels-MacBook-Pro-3.local" time="0.026">
  <properties/>
  <testcase name="testDefaultUnknown" classname="org.springframework.batch.core.configuration.xml.DefaultUnknownJobParserTests" time="0.026"/>
  <system-out><![CDATA[10:01:56,590  INFO Test worker support.AbstractContextLoader:252 - Detected default resource location "classpath:org/springframework/batch/core/configuration/xml/DefaultUnknownJobParserTests-context.xml" for test class [org.springframework.batch.core.configuration.xml.DefaultUnknownJobParserTests]
10:01:56,591  INFO Test worker support.AbstractDelegatingSmartContextLoader:176 - GenericXmlContextLoader detected default locations for context configuration [ContextConfigurationAttributes@45e6bb48 declaringClass = 'org.springframework.batch.core.configuration.xml.DefaultUnknownJobParserTests', classes = '{}', locations = '{classpath:org/springframework/batch/core/configuration/xml/DefaultUnknownJobParserTests-context.xml}', inheritLocations = true, initializers = '{}', inheritInitializers = true, name = [null], contextLoaderClass = 'org.springframework.test.context.ContextLoader'].
10:01:56,592  INFO Test worker support.AnnotationConfigContextLoaderUtils:81 - Could not detect default configuration classes for test class [org.springframework.batch.core.configuration.xml.DefaultUnknownJobParserTests]: DefaultUnknownJobParserTests does not declare any static, non-private, non-final, nested classes annotated with @Configuration.
10:01:56,594  INFO Test worker support.DefaultTestContextBootstrapper:260 - Loaded default TestExecutionListener class names from location [META-INF/spring.factories]: [org.springframework.test.context.web.ServletTestExecutionListener, org.springframework.test.context.support.DirtiesContextBeforeModesTestExecutionListener, org.springframework.test.context.support.DependencyInjectionTestExecutionListener, org.springframework.test.context.support.DirtiesContextTestExecutionListener, org.springframework.test.context.transaction.TransactionalTestExecutionListener, org.springframework.test.context.jdbc.SqlScriptsTestExecutionListener]
10:01:56,595  INFO Test worker support.DefaultTestContextBootstrapper:209 - Could not instantiate TestExecutionListener [org.springframework.test.context.web.ServletTestExecutionListener]. Specify custom listener classes or make the default listener classes (and their required dependencies) available. Offending class: [javax/servlet/ServletContext]
10:01:56,595  INFO Test worker support.DefaultTestContextBootstrapper:187 - Using TestExecutionListeners: [org.springframework.test.context.support.DirtiesContextBeforeModesTestExecutionListener@21d2a64, org.springframework.test.context.support.DependencyInjectionTestExecutionListener@f792956, org.springframework.test.context.support.DirtiesContextTestExecutionListener@a45678d, org.springframework.test.context.transaction.TransactionalTestExecutionListener@5b1828aa, org.springframework.test.context.jdbc.SqlScriptsTestExecutionListener@303d77a7]
10:01:56,596  INFO Test worker xml.XmlBeanDefinitionReader:317 - Loading XML bean definitions from class path resource [org/springframework/batch/core/configuration/xml/DefaultUnknownJobParserTests-context.xml]
10:01:56,608  INFO Test worker xml.XmlBeanDefinitionReader:317 - Loading XML bean definitions from class path resource [org/springframework/batch/core/configuration/xml/common-context.xml]
10:01:56,617  INFO Test worker support.GenericApplicationContext:581 - Refreshing org.springframework.context.support.GenericApplicationContext@7648cb6f: startup date [Thu Mar 23 10:01:56 CDT 2017]; root of context hierarchy
10:01:56,633  INFO Test worker annotation.AutowiredAnnotationBeanPostProcessor:151 - JSR-330 'javax.inject.Inject' annotation found and supported for autowiring
10:01:56,721  INFO Test worker job.SimpleStepHandler:146 - Executing step: [s1]
10:01:56,733  INFO Test worker job.SimpleStepHandler:146 - Executing step: [unknown]
]]></system-out>
  <system-err><![CDATA[]]></system-err>
</testsuite>
