<?xml version="1.0" encoding="UTF-8"?>
<testsuite name="org.springframework.batch.core.configuration.xml.StopRestartOnCompletedStepJobParserTests" tests="1" skipped="0" failures="0" errors="0" timestamp="2017-03-23T15:02:09" hostname="Michaels-MacBook-Pro-3.local" time="0.018">
  <properties/>
  <testcase name="testStopRestartOnCompletedStep" classname="org.springframework.batch.core.configuration.xml.StopRestartOnCompletedStepJobParserTests" time="0.018"/>
  <system-out><![CDATA[10:02:09,019  INFO Test worker support.AbstractContextLoader:252 - Detected default resource location "classpath:org/springframework/batch/core/configuration/xml/StopRestartOnCompletedStepJobParserTests-context.xml" for test class [org.springframework.batch.core.configuration.xml.StopRestartOnCompletedStepJobParserTests]
10:02:09,019  INFO Test worker support.AbstractDelegatingSmartContextLoader:176 - GenericXmlContextLoader detected default locations for context configuration [ContextConfigurationAttributes@3987ecb8 declaringClass = 'org.springframework.batch.core.configuration.xml.StopRestartOnCompletedStepJobParserTests', classes = '{}', locations = '{classpath:org/springframework/batch/core/configuration/xml/StopRestartOnCompletedStepJobParserTests-context.xml}', inheritLocations = true, initializers = '{}', inheritInitializers = true, name = [null], contextLoaderClass = 'org.springframework.test.context.ContextLoader'].
10:02:09,019  INFO Test worker support.AnnotationConfigContextLoaderUtils:81 - Could not detect default configuration classes for test class [org.springframework.batch.core.configuration.xml.StopRestartOnCompletedStepJobParserTests]: StopRestartOnCompletedStepJobParserTests does not declare any static, non-private, non-final, nested classes annotated with @Configuration.
10:02:09,021  INFO Test worker support.DefaultTestContextBootstrapper:260 - Loaded default TestExecutionListener class names from location [META-INF/spring.factories]: [org.springframework.test.context.web.ServletTestExecutionListener, org.springframework.test.context.support.DirtiesContextBeforeModesTestExecutionListener, org.springframework.test.context.support.DependencyInjectionTestExecutionListener, org.springframework.test.context.support.DirtiesContextTestExecutionListener, org.springframework.test.context.transaction.TransactionalTestExecutionListener, org.springframework.test.context.jdbc.SqlScriptsTestExecutionListener]
10:02:09,022  INFO Test worker support.DefaultTestContextBootstrapper:209 - Could not instantiate TestExecutionListener [org.springframework.test.context.web.ServletTestExecutionListener]. Specify custom listener classes or make the default listener classes (and their required dependencies) available. Offending class: [javax/servlet/ServletContext]
10:02:09,022  INFO Test worker support.DefaultTestContextBootstrapper:187 - Using TestExecutionListeners: [org.springframework.test.context.support.DirtiesContextBeforeModesTestExecutionListener@aaf4437, org.springframework.test.context.support.DependencyInjectionTestExecutionListener@cdb1337, org.springframework.test.context.support.DirtiesContextTestExecutionListener@7fd981f, org.springframework.test.context.transaction.TransactionalTestExecutionListener@8c04c0e, org.springframework.test.context.jdbc.SqlScriptsTestExecutionListener@783e2fdd]
10:02:09,023  INFO Test worker xml.XmlBeanDefinitionReader:317 - Loading XML bean definitions from class path resource [org/springframework/batch/core/configuration/xml/StopRestartOnCompletedStepJobParserTests-context.xml]
10:02:09,036  INFO Test worker xml.XmlBeanDefinitionReader:317 - Loading XML bean definitions from class path resource [org/springframework/batch/core/configuration/xml/common-context.xml]
10:02:09,041  INFO Test worker support.GenericApplicationContext:581 - Refreshing org.springframework.context.support.GenericApplicationContext@2ca8d946: startup date [Thu Mar 23 10:02:09 CDT 2017]; root of context hierarchy
10:02:09,051  INFO Test worker annotation.AutowiredAnnotationBeanPostProcessor:151 - JSR-330 'javax.inject.Inject' annotation found and supported for autowiring
10:02:09,093  INFO Test worker support.GenericApplicationContext:985 - Closing org.springframework.context.support.GenericApplicationContext@15e2432: startup date [Thu Mar 23 10:01:59 CDT 2017]; root of context hierarchy
10:02:09,100  INFO Test worker job.SimpleStepHandler:146 - Executing step: [s1]
10:02:09,110  INFO Test worker job.SimpleStepHandler:146 - Executing step: [s1]
]]></system-out>
  <system-err><![CDATA[]]></system-err>
</testsuite>
