<?xml version="1.0" encoding="UTF-8"?>
<testsuite name="org.springframework.batch.core.configuration.xml.JobExecutionListenerMethodAttributeParserTests" tests="1" skipped="0" failures="0" errors="0" timestamp="2017-03-23T15:01:58" hostname="Michaels-MacBook-Pro-3.local" time="0.022">
  <properties/>
  <testcase name="testListeners" classname="org.springframework.batch.core.configuration.xml.JobExecutionListenerMethodAttributeParserTests" time="0.022"/>
  <system-out><![CDATA[10:01:58,583  INFO Test worker support.AbstractContextLoader:252 - Detected default resource location "classpath:org/springframework/batch/core/configuration/xml/JobExecutionListenerMethodAttributeParserTests-context.xml" for test class [org.springframework.batch.core.configuration.xml.JobExecutionListenerMethodAttributeParserTests]
10:01:58,583  INFO Test worker support.AbstractDelegatingSmartContextLoader:176 - GenericXmlContextLoader detected default locations for context configuration [ContextConfigurationAttributes@ff7fdb6 declaringClass = 'org.springframework.batch.core.configuration.xml.JobExecutionListenerMethodAttributeParserTests', classes = '{}', locations = '{classpath:org/springframework/batch/core/configuration/xml/JobExecutionListenerMethodAttributeParserTests-context.xml}', inheritLocations = true, initializers = '{}', inheritInitializers = true, name = [null], contextLoaderClass = 'org.springframework.test.context.ContextLoader'].
10:01:58,584  INFO Test worker support.AnnotationConfigContextLoaderUtils:81 - Could not detect default configuration classes for test class [org.springframework.batch.core.configuration.xml.JobExecutionListenerMethodAttributeParserTests]: JobExecutionListenerMethodAttributeParserTests does not declare any static, non-private, non-final, nested classes annotated with @Configuration.
10:01:58,586  INFO Test worker support.DefaultTestContextBootstrapper:260 - Loaded default TestExecutionListener class names from location [META-INF/spring.factories]: [org.springframework.test.context.web.ServletTestExecutionListener, org.springframework.test.context.support.DirtiesContextBeforeModesTestExecutionListener, org.springframework.test.context.support.DependencyInjectionTestExecutionListener, org.springframework.test.context.support.DirtiesContextTestExecutionListener, org.springframework.test.context.transaction.TransactionalTestExecutionListener, org.springframework.test.context.jdbc.SqlScriptsTestExecutionListener]
10:01:58,587  INFO Test worker support.DefaultTestContextBootstrapper:209 - Could not instantiate TestExecutionListener [org.springframework.test.context.web.ServletTestExecutionListener]. Specify custom listener classes or make the default listener classes (and their required dependencies) available. Offending class: [javax/servlet/ServletContext]
10:01:58,587  INFO Test worker support.DefaultTestContextBootstrapper:187 - Using TestExecutionListeners: [org.springframework.test.context.support.DirtiesContextBeforeModesTestExecutionListener@6b216bea, org.springframework.test.context.support.DependencyInjectionTestExecutionListener@51b2e271, org.springframework.test.context.support.DirtiesContextTestExecutionListener@65768cac, org.springframework.test.context.transaction.TransactionalTestExecutionListener@6c6f55b8, org.springframework.test.context.jdbc.SqlScriptsTestExecutionListener@cf10de4]
10:01:58,588  INFO Test worker xml.XmlBeanDefinitionReader:317 - Loading XML bean definitions from class path resource [org/springframework/batch/core/configuration/xml/JobExecutionListenerMethodAttributeParserTests-context.xml]
10:01:58,602  INFO Test worker xml.XmlBeanDefinitionReader:317 - Loading XML bean definitions from class path resource [org/springframework/batch/core/configuration/xml/common-context.xml]
10:01:58,616  INFO Test worker support.GenericApplicationContext:581 - Refreshing org.springframework.context.support.GenericApplicationContext@4a96c761: startup date [Thu Mar 23 10:01:58 CDT 2017]; root of context hierarchy
10:01:58,638  INFO Test worker annotation.AutowiredAnnotationBeanPostProcessor:151 - JSR-330 'javax.inject.Inject' annotation found and supported for autowiring
10:01:58,745  INFO Test worker job.SimpleStepHandler:146 - Executing step: [s1]
]]></system-out>
  <system-err><![CDATA[]]></system-err>
</testsuite>
