<?xml version="1.0" encoding="UTF-8"?>
<testsuite name="org.springframework.batch.core.StepExecutionTests" tests="29" skipped="0" failures="0" errors="0" timestamp="2017-03-23T15:02:49" hostname="Michaels-MacBook-Pro-3.local" time="0.004">
  <properties/>
  <testcase name="testAddException" classname="org.springframework.batch.core.StepExecutionTests" time="0.001"/>
  <testcase name="testNullNameIsIllegal" classname="org.springframework.batch.core.StepExecutionTests" time="0.0"/>
  <testcase name="testGetJobId" classname="org.springframework.batch.core.StepExecutionTests" time="0.0"/>
  <testcase name="testSerialization" classname="org.springframework.batch.core.StepExecutionTests" time="0.0"/>
  <testcase name="testEqualsWithNullJob" classname="org.springframework.batch.core.StepExecutionTests" time="0.0"/>
  <testcase name="testGetEndTime" classname="org.springframework.batch.core.StepExecutionTests" time="0.001"/>
  <testcase name="testStepExecutionWithNullId" classname="org.springframework.batch.core.StepExecutionTests" time="0.0"/>
  <testcase name="testGetStartTime" classname="org.springframework.batch.core.StepExecutionTests" time="0.0"/>
  <testcase name="testToString" classname="org.springframework.batch.core.StepExecutionTests" time="0.0"/>
  <testcase name="testEqualsWithSameIdentifier" classname="org.springframework.batch.core.StepExecutionTests" time="0.0"/>
  <testcase name="testGetJobExecution" classname="org.springframework.batch.core.StepExecutionTests" time="0.0"/>
  <testcase name="testGetExitCode" classname="org.springframework.batch.core.StepExecutionTests" time="0.0"/>
  <testcase name="testStepExecution" classname="org.springframework.batch.core.StepExecutionTests" time="0.0"/>
  <testcase name="testGetCommitCount" classname="org.springframework.batch.core.StepExecutionTests" time="0.0"/>
  <testcase name="testEqualsWithDifferent" classname="org.springframework.batch.core.StepExecutionTests" time="0.0"/>
  <testcase name="testHashCodeViaHashSet" classname="org.springframework.batch.core.StepExecutionTests" time="0.0"/>
  <testcase name="testExecutionContext" classname="org.springframework.batch.core.StepExecutionTests" time="0.0"/>
  <testcase name="testDowngradeStatus" classname="org.springframework.batch.core.StepExecutionTests" time="0.0"/>
  <testcase name="testTerminateOnly" classname="org.springframework.batch.core.StepExecutionTests" time="0.0"/>
  <testcase name="testHashCode" classname="org.springframework.batch.core.StepExecutionTests" time="0.0"/>
  <testcase name="testEqualsWithNullStepId" classname="org.springframework.batch.core.StepExecutionTests" time="0.001"/>
  <testcase name="testHashCodeWithNullIds" classname="org.springframework.batch.core.StepExecutionTests" time="0.0"/>
  <testcase name="testEqualsWithNullIdentifiers" classname="org.springframework.batch.core.StepExecutionTests" time="0.0"/>
  <testcase name="testGetStatus" classname="org.springframework.batch.core.StepExecutionTests" time="0.0"/>
  <testcase name="testGetFilterCount" classname="org.springframework.batch.core.StepExecutionTests" time="0.0"/>
  <testcase name="testEqualsWithSameName" classname="org.springframework.batch.core.StepExecutionTests" time="0.0"/>
  <testcase name="testApplyContribution" classname="org.springframework.batch.core.StepExecutionTests" time="0.0"/>
  <testcase name="testEqualsWithNull" classname="org.springframework.batch.core.StepExecutionTests" time="0.0"/>
  <testcase name="testEqualsWithSelf" classname="org.springframework.batch.core.StepExecutionTests" time="0.0"/>
  <system-out><![CDATA[]]></system-out>
  <system-err><![CDATA[]]></system-err>
</testsuite>
