<?xml version="1.0" encoding="UTF-8"?>
<testsuite name="org.springframework.batch.core.configuration.xml.NamespacePrefixedJobParserTests" tests="1" skipped="0" failures="0" errors="0" timestamp="2017-03-23T15:02:00" hostname="Michaels-MacBook-Pro-3.local" time="0.013">
  <properties/>
  <testcase name="testNoopJob" classname="org.springframework.batch.core.configuration.xml.NamespacePrefixedJobParserTests" time="0.013"/>
  <system-out><![CDATA[10:02:00,090  INFO Test worker support.AbstractContextLoader:252 - Detected default resource location "classpath:org/springframework/batch/core/configuration/xml/NamespacePrefixedJobParserTests-context.xml" for test class [org.springframework.batch.core.configuration.xml.NamespacePrefixedJobParserTests]
10:02:00,090  INFO Test worker support.AbstractDelegatingSmartContextLoader:176 - GenericXmlContextLoader detected default locations for context configuration [ContextConfigurationAttributes@c894c23 declaringClass = 'org.springframework.batch.core.configuration.xml.NamespacePrefixedJobParserTests', classes = '{}', locations = '{classpath:org/springframework/batch/core/configuration/xml/NamespacePrefixedJobParserTests-context.xml}', inheritLocations = true, initializers = '{}', inheritInitializers = true, name = [null], contextLoaderClass = 'org.springframework.test.context.ContextLoader'].
10:02:00,090  INFO Test worker support.AnnotationConfigContextLoaderUtils:81 - Could not detect default configuration classes for test class [org.springframework.batch.core.configuration.xml.NamespacePrefixedJobParserTests]: NamespacePrefixedJobParserTests does not declare any static, non-private, non-final, nested classes annotated with @Configuration.
10:02:00,092  INFO Test worker support.DefaultTestContextBootstrapper:260 - Loaded default TestExecutionListener class names from location [META-INF/spring.factories]: [org.springframework.test.context.web.ServletTestExecutionListener, org.springframework.test.context.support.DirtiesContextBeforeModesTestExecutionListener, org.springframework.test.context.support.DependencyInjectionTestExecutionListener, org.springframework.test.context.support.DirtiesContextTestExecutionListener, org.springframework.test.context.transaction.TransactionalTestExecutionListener, org.springframework.test.context.jdbc.SqlScriptsTestExecutionListener]
10:02:00,093  INFO Test worker support.DefaultTestContextBootstrapper:209 - Could not instantiate TestExecutionListener [org.springframework.test.context.web.ServletTestExecutionListener]. Specify custom listener classes or make the default listener classes (and their required dependencies) available. Offending class: [javax/servlet/ServletContext]
10:02:00,093  INFO Test worker support.DefaultTestContextBootstrapper:187 - Using TestExecutionListeners: [org.springframework.test.context.support.DirtiesContextBeforeModesTestExecutionListener@7476382c, org.springframework.test.context.support.DependencyInjectionTestExecutionListener@6f28bc4d, org.springframework.test.context.support.DirtiesContextTestExecutionListener@4c813fce, org.springframework.test.context.transaction.TransactionalTestExecutionListener@48c11c42, org.springframework.test.context.jdbc.SqlScriptsTestExecutionListener@db3ea2e]
10:02:00,094  INFO Test worker xml.XmlBeanDefinitionReader:317 - Loading XML bean definitions from class path resource [org/springframework/batch/core/configuration/xml/NamespacePrefixedJobParserTests-context.xml]
10:02:00,109  INFO Test worker xml.XmlBeanDefinitionReader:317 - Loading XML bean definitions from class path resource [org/springframework/batch/core/configuration/xml/common-context.xml]
10:02:00,118  INFO Test worker support.DefaultListableBeanFactory:818 - Overriding bean definition for bean 'step4' with a different definition: replacing [Generic bean with parent 'step1': class [null]; scope=; abstract=false; lazyInit=false; autowireMode=0; dependencyCheck=0; autowireCandidate=true; primary=false; factoryBeanName=null; factoryMethodName=null; initMethodName=null; destroyMethodName=null; defined in class path resource [org/springframework/batch/core/configuration/xml/common-context.xml]] with [Generic bean with parent 'step45': class [null]; scope=; abstract=false; lazyInit=false; autowireMode=0; dependencyCheck=0; autowireCandidate=true; primary=false; factoryBeanName=null; factoryMethodName=null; initMethodName=null; destroyMethodName=null]
10:02:00,119  INFO Test worker support.GenericApplicationContext:581 - Refreshing org.springframework.context.support.GenericApplicationContext@2753f501: startup date [Thu Mar 23 10:02:00 CDT 2017]; root of context hierarchy
10:02:00,142  INFO Test worker annotation.AutowiredAnnotationBeanPostProcessor:151 - JSR-330 'javax.inject.Inject' annotation found and supported for autowiring
10:02:00,229  INFO Test worker job.SimpleStepHandler:146 - Executing step: [noopStep]
]]></system-out>
  <system-err><![CDATA[]]></system-err>
</testsuite>
