<?xml version="1.0" encoding="UTF-8"?>
<testsuite name="org.springframework.batch.core.configuration.xml.TwoStepJobParserTests" tests="1" skipped="0" failures="0" errors="0" timestamp="2017-03-23T15:02:09" hostname="Michaels-MacBook-Pro-3.local" time="0.014">
  <properties/>
  <testcase name="testTwoStep" classname="org.springframework.batch.core.configuration.xml.TwoStepJobParserTests" time="0.014"/>
  <system-out><![CDATA[10:02:09,453  INFO Test worker support.AbstractContextLoader:252 - Detected default resource location "classpath:org/springframework/batch/core/configuration/xml/TwoStepJobParserTests-context.xml" for test class [org.springframework.batch.core.configuration.xml.TwoStepJobParserTests]
10:02:09,454  INFO Test worker support.AbstractDelegatingSmartContextLoader:176 - GenericXmlContextLoader detected default locations for context configuration [ContextConfigurationAttributes@e1eaf15 declaringClass = 'org.springframework.batch.core.configuration.xml.TwoStepJobParserTests', classes = '{}', locations = '{classpath:org/springframework/batch/core/configuration/xml/TwoStepJobParserTests-context.xml}', inheritLocations = true, initializers = '{}', inheritInitializers = true, name = [null], contextLoaderClass = 'org.springframework.test.context.ContextLoader'].
10:02:09,454  INFO Test worker support.AnnotationConfigContextLoaderUtils:81 - Could not detect default configuration classes for test class [org.springframework.batch.core.configuration.xml.TwoStepJobParserTests]: TwoStepJobParserTests does not declare any static, non-private, non-final, nested classes annotated with @Configuration.
10:02:09,456  INFO Test worker support.DefaultTestContextBootstrapper:260 - Loaded default TestExecutionListener class names from location [META-INF/spring.factories]: [org.springframework.test.context.web.ServletTestExecutionListener, org.springframework.test.context.support.DirtiesContextBeforeModesTestExecutionListener, org.springframework.test.context.support.DependencyInjectionTestExecutionListener, org.springframework.test.context.support.DirtiesContextTestExecutionListener, org.springframework.test.context.transaction.TransactionalTestExecutionListener, org.springframework.test.context.jdbc.SqlScriptsTestExecutionListener]
10:02:09,457  INFO Test worker support.DefaultTestContextBootstrapper:209 - Could not instantiate TestExecutionListener [org.springframework.test.context.web.ServletTestExecutionListener]. Specify custom listener classes or make the default listener classes (and their required dependencies) available. Offending class: [javax/servlet/ServletContext]
10:02:09,457  INFO Test worker support.DefaultTestContextBootstrapper:187 - Using TestExecutionListeners: [org.springframework.test.context.support.DirtiesContextBeforeModesTestExecutionListener@6af8ddbc, org.springframework.test.context.support.DependencyInjectionTestExecutionListener@3cfd1707, org.springframework.test.context.support.DirtiesContextTestExecutionListener@19ec92ff, org.springframework.test.context.transaction.TransactionalTestExecutionListener@5e79ab03, org.springframework.test.context.jdbc.SqlScriptsTestExecutionListener@72c0884d]
10:02:09,458  INFO Test worker xml.XmlBeanDefinitionReader:317 - Loading XML bean definitions from class path resource [org/springframework/batch/core/configuration/xml/TwoStepJobParserTests-context.xml]
10:02:09,466  INFO Test worker xml.XmlBeanDefinitionReader:317 - Loading XML bean definitions from class path resource [org/springframework/batch/core/configuration/xml/common-context.xml]
10:02:09,472  INFO Test worker support.GenericApplicationContext:581 - Refreshing org.springframework.context.support.GenericApplicationContext@26d1fc3d: startup date [Thu Mar 23 10:02:09 CDT 2017]; root of context hierarchy
10:02:09,486  INFO Test worker annotation.AutowiredAnnotationBeanPostProcessor:151 - JSR-330 'javax.inject.Inject' annotation found and supported for autowiring
10:02:09,525  INFO Test worker support.GenericApplicationContext:985 - Closing org.springframework.context.support.GenericApplicationContext@2e8a621d: startup date [Thu Mar 23 10:01:59 CDT 2017]; root of context hierarchy
10:02:09,531  INFO Test worker job.SimpleStepHandler:146 - Executing step: [s1]
10:02:09,537  INFO Test worker job.SimpleStepHandler:146 - Executing step: [s2]
]]></system-out>
  <system-err><![CDATA[]]></system-err>
</testsuite>
