<?xml version="1.0" encoding="UTF-8"?>
<testsuite name="org.springframework.batch.core.scope.AsyncStepScopeIntegrationTests" tests="3" skipped="0" failures="0" errors="0" timestamp="2017-03-23T15:02:41" hostname="Michaels-MacBook-Pro-3.local" time="0.012">
  <properties/>
  <testcase name="testSimpleProperty" classname="org.springframework.batch.core.scope.AsyncStepScopeIntegrationTests" time="0.002"/>
  <testcase name="testGetMultipleInMultipleThreads" classname="org.springframework.batch.core.scope.AsyncStepScopeIntegrationTests" time="0.005"/>
  <testcase name="testGetSameInMultipleThreads" classname="org.springframework.batch.core.scope.AsyncStepScopeIntegrationTests" time="0.004"/>
  <system-out><![CDATA[10:02:41,372  INFO Test worker support.AbstractContextLoader:252 - Detected default resource location "classpath:org/springframework/batch/core/scope/AsyncStepScopeIntegrationTests-context.xml" for test class [org.springframework.batch.core.scope.AsyncStepScopeIntegrationTests]
10:02:41,372  INFO Test worker support.AbstractDelegatingSmartContextLoader:176 - GenericXmlContextLoader detected default locations for context configuration [ContextConfigurationAttributes@6de87723 declaringClass = 'org.springframework.batch.core.scope.AsyncStepScopeIntegrationTests', classes = '{}', locations = '{classpath:org/springframework/batch/core/scope/AsyncStepScopeIntegrationTests-context.xml}', inheritLocations = true, initializers = '{}', inheritInitializers = true, name = [null], contextLoaderClass = 'org.springframework.test.context.ContextLoader'].
10:02:41,372  INFO Test worker support.AnnotationConfigContextLoaderUtils:81 - Could not detect default configuration classes for test class [org.springframework.batch.core.scope.AsyncStepScopeIntegrationTests]: AsyncStepScopeIntegrationTests does not declare any static, non-private, non-final, nested classes annotated with @Configuration.
10:02:41,373  INFO Test worker support.DefaultTestContextBootstrapper:260 - Loaded default TestExecutionListener class names from location [META-INF/spring.factories]: [org.springframework.test.context.web.ServletTestExecutionListener, org.springframework.test.context.support.DirtiesContextBeforeModesTestExecutionListener, org.springframework.test.context.support.DependencyInjectionTestExecutionListener, org.springframework.test.context.support.DirtiesContextTestExecutionListener, org.springframework.test.context.transaction.TransactionalTestExecutionListener, org.springframework.test.context.jdbc.SqlScriptsTestExecutionListener]
10:02:41,374  INFO Test worker support.DefaultTestContextBootstrapper:209 - Could not instantiate TestExecutionListener [org.springframework.test.context.web.ServletTestExecutionListener]. Specify custom listener classes or make the default listener classes (and their required dependencies) available. Offending class: [javax/servlet/ServletContext]
10:02:41,375  INFO Test worker support.DefaultTestContextBootstrapper:187 - Using TestExecutionListeners: [org.springframework.test.context.support.DirtiesContextBeforeModesTestExecutionListener@51bc19a8, org.springframework.test.context.support.DependencyInjectionTestExecutionListener@6d3acb8c, org.springframework.test.context.support.DirtiesContextTestExecutionListener@75a2174f, org.springframework.test.context.transaction.TransactionalTestExecutionListener@a7d383, org.springframework.test.context.jdbc.SqlScriptsTestExecutionListener@31e7eb66]
10:02:41,375  INFO Test worker xml.XmlBeanDefinitionReader:317 - Loading XML bean definitions from class path resource [org/springframework/batch/core/scope/AsyncStepScopeIntegrationTests-context.xml]
10:02:41,383  INFO Test worker support.GenericApplicationContext:581 - Refreshing org.springframework.context.support.GenericApplicationContext@a3a307d: startup date [Thu Mar 23 10:02:41 CDT 2017]; root of context hierarchy
10:02:41,386  INFO Test worker support.DefaultListableBeanFactory:818 - Overriding bean definition for bean 'simple' with a different definition: replacing [Generic bean: class [org.springframework.batch.core.scope.TestCollaborator]; scope=step; abstract=false; lazyInit=false; autowireMode=0; dependencyCheck=0; autowireCandidate=false; primary=false; factoryBeanName=null; factoryMethodName=null; initMethodName=null; destroyMethodName=null; defined in class path resource [org/springframework/batch/core/scope/AsyncStepScopeIntegrationTests-context.xml]] with [Root bean: class [org.springframework.aop.scope.ScopedProxyFactoryBean]; scope=; abstract=false; lazyInit=false; autowireMode=0; dependencyCheck=0; autowireCandidate=true; primary=false; factoryBeanName=null; factoryMethodName=null; initMethodName=null; destroyMethodName=null; defined in BeanDefinition defined in class path resource [org/springframework/batch/core/scope/AsyncStepScopeIntegrationTests-context.xml]]
10:02:41,387  INFO Test worker annotation.AutowiredAnnotationBeanPostProcessor:151 - JSR-330 'javax.inject.Inject' annotation found and supported for autowiring
10:02:41,403  INFO Test worker support.GenericApplicationContext:985 - Closing org.springframework.context.support.GenericApplicationContext@134b91d2: startup date [Thu Mar 23 10:02:03 CDT 2017]; root of context hierarchy
]]></system-out>
  <system-err><![CDATA[]]></system-err>
</testsuite>
