<?xml version="1.0" encoding="UTF-8"?>
<testsuite name="org.springframework.batch.core.configuration.xml.StepListenerInStepParserTests" tests="4" skipped="0" failures="0" errors="0" timestamp="2017-03-23T15:02:03" hostname="Michaels-MacBook-Pro-3.local" time="0.004">
  <properties/>
  <testcase name="testListenersAtChunkAndStepLevels" classname="org.springframework.batch.core.configuration.xml.StepListenerInStepParserTests" time="0.001"/>
  <testcase name="testListenersAtStepLevelWrongType" classname="org.springframework.batch.core.configuration.xml.StepListenerInStepParserTests" time="0.0"/>
  <testcase name="testListenersAtTaskletAndStepLevels" classname="org.springframework.batch.core.configuration.xml.StepListenerInStepParserTests" time="0.0"/>
  <testcase name="testListenersAtStepLevel" classname="org.springframework.batch.core.configuration.xml.StepListenerInStepParserTests" time="0.0"/>
  <system-out><![CDATA[10:02:03,366  INFO Test worker support.AbstractContextLoader:252 - Detected default resource location "classpath:org/springframework/batch/core/configuration/xml/StepListenerInStepParserTests-context.xml" for test class [org.springframework.batch.core.configuration.xml.StepListenerInStepParserTests]
10:02:03,367  INFO Test worker support.AbstractDelegatingSmartContextLoader:176 - GenericXmlContextLoader detected default locations for context configuration [ContextConfigurationAttributes@2c6a5a8a declaringClass = 'org.springframework.batch.core.configuration.xml.StepListenerInStepParserTests', classes = '{}', locations = '{classpath:org/springframework/batch/core/configuration/xml/StepListenerInStepParserTests-context.xml}', inheritLocations = true, initializers = '{}', inheritInitializers = true, name = [null], contextLoaderClass = 'org.springframework.test.context.ContextLoader'].
10:02:03,367  INFO Test worker support.AnnotationConfigContextLoaderUtils:81 - Could not detect default configuration classes for test class [org.springframework.batch.core.configuration.xml.StepListenerInStepParserTests]: StepListenerInStepParserTests does not declare any static, non-private, non-final, nested classes annotated with @Configuration.
10:02:03,368  INFO Test worker support.DefaultTestContextBootstrapper:260 - Loaded default TestExecutionListener class names from location [META-INF/spring.factories]: [org.springframework.test.context.web.ServletTestExecutionListener, org.springframework.test.context.support.DirtiesContextBeforeModesTestExecutionListener, org.springframework.test.context.support.DependencyInjectionTestExecutionListener, org.springframework.test.context.support.DirtiesContextTestExecutionListener, org.springframework.test.context.transaction.TransactionalTestExecutionListener, org.springframework.test.context.jdbc.SqlScriptsTestExecutionListener]
10:02:03,370  INFO Test worker support.DefaultTestContextBootstrapper:209 - Could not instantiate TestExecutionListener [org.springframework.test.context.web.ServletTestExecutionListener]. Specify custom listener classes or make the default listener classes (and their required dependencies) available. Offending class: [javax/servlet/ServletContext]
10:02:03,370  INFO Test worker support.DefaultTestContextBootstrapper:187 - Using TestExecutionListeners: [org.springframework.test.context.support.DirtiesContextBeforeModesTestExecutionListener@7c15531b, org.springframework.test.context.support.DependencyInjectionTestExecutionListener@3f2f0396, org.springframework.test.context.support.DirtiesContextTestExecutionListener@44589567, org.springframework.test.context.transaction.TransactionalTestExecutionListener@437f5c30, org.springframework.test.context.jdbc.SqlScriptsTestExecutionListener@152452cf]
10:02:03,371  INFO Test worker xml.XmlBeanDefinitionReader:317 - Loading XML bean definitions from class path resource [org/springframework/batch/core/configuration/xml/StepListenerInStepParserTests-context.xml]
10:02:03,381  INFO Test worker xml.XmlBeanDefinitionReader:317 - Loading XML bean definitions from class path resource [org/springframework/batch/core/configuration/xml/common-context.xml]
10:02:03,389  INFO Test worker support.GenericApplicationContext:581 - Refreshing org.springframework.context.support.GenericApplicationContext@52d0c04e: startup date [Thu Mar 23 10:02:03 CDT 2017]; root of context hierarchy
10:02:03,402  INFO Test worker annotation.AutowiredAnnotationBeanPostProcessor:151 - JSR-330 'javax.inject.Inject' annotation found and supported for autowiring
10:02:03,478  INFO Test worker support.GenericApplicationContext:985 - Closing org.springframework.context.support.GenericApplicationContext@2bd5f6cb: startup date [Thu Mar 23 10:01:56 CDT 2017]; root of context hierarchy
]]></system-out>
  <system-err><![CDATA[]]></system-err>
</testsuite>
