<?xml version="1.0" encoding="UTF-8"?>
<testsuite name="org.springframework.batch.core.jsr.ItemWriteListenerAdapterTests" tests="7" skipped="0" failures="0" errors="0" timestamp="2017-03-23T15:02:17" hostname="Michaels-MacBook-Pro-3.local" time="0.03">
  <properties/>
  <testcase name="testAfterTestWriteException" classname="org.springframework.batch.core.jsr.ItemWriteListenerAdapterTests" time="0.023"/>
  <testcase name="testBeforeWrite" classname="org.springframework.batch.core.jsr.ItemWriteListenerAdapterTests" time="0.001"/>
  <testcase name="testCreateWithNull" classname="org.springframework.batch.core.jsr.ItemWriteListenerAdapterTests" time="0.0"/>
  <testcase name="testOnWriteError" classname="org.springframework.batch.core.jsr.ItemWriteListenerAdapterTests" time="0.001"/>
  <testcase name="testOnWriteErrorException" classname="org.springframework.batch.core.jsr.ItemWriteListenerAdapterTests" time="0.001"/>
  <testcase name="testAfterWrite" classname="org.springframework.batch.core.jsr.ItemWriteListenerAdapterTests" time="0.002"/>
  <testcase name="testBeforeTestWriteException" classname="org.springframework.batch.core.jsr.ItemWriteListenerAdapterTests" time="0.001"/>
  <system-out><![CDATA[]]></system-out>
  <system-err><![CDATA[]]></system-err>
</testsuite>
