<?xml version="1.0" encoding="UTF-8"?>
<testsuite name="org.springframework.batch.core.configuration.xml.DefaultSuccessJobParserTests" tests="1" skipped="0" failures="0" errors="0" timestamp="2017-03-23T15:01:56" hostname="Michaels-MacBook-Pro-3.local" time="0.038">
  <properties/>
  <testcase name="testDefaultSuccess" classname="org.springframework.batch.core.configuration.xml.DefaultSuccessJobParserTests" time="0.038"/>
  <system-out><![CDATA[10:01:56,442  INFO Test worker support.AbstractContextLoader:252 - Detected default resource location "classpath:org/springframework/batch/core/configuration/xml/DefaultSuccessJobParserTests-context.xml" for test class [org.springframework.batch.core.configuration.xml.DefaultSuccessJobParserTests]
10:01:56,443  INFO Test worker support.AbstractDelegatingSmartContextLoader:176 - GenericXmlContextLoader detected default locations for context configuration [ContextConfigurationAttributes@478ecebf declaringClass = 'org.springframework.batch.core.configuration.xml.DefaultSuccessJobParserTests', classes = '{}', locations = '{classpath:org/springframework/batch/core/configuration/xml/DefaultSuccessJobParserTests-context.xml}', inheritLocations = true, initializers = '{}', inheritInitializers = true, name = [null], contextLoaderClass = 'org.springframework.test.context.ContextLoader'].
10:01:56,443  INFO Test worker support.AnnotationConfigContextLoaderUtils:81 - Could not detect default configuration classes for test class [org.springframework.batch.core.configuration.xml.DefaultSuccessJobParserTests]: DefaultSuccessJobParserTests does not declare any static, non-private, non-final, nested classes annotated with @Configuration.
10:01:56,448  INFO Test worker support.DefaultTestContextBootstrapper:260 - Loaded default TestExecutionListener class names from location [META-INF/spring.factories]: [org.springframework.test.context.web.ServletTestExecutionListener, org.springframework.test.context.support.DirtiesContextBeforeModesTestExecutionListener, org.springframework.test.context.support.DependencyInjectionTestExecutionListener, org.springframework.test.context.support.DirtiesContextTestExecutionListener, org.springframework.test.context.transaction.TransactionalTestExecutionListener, org.springframework.test.context.jdbc.SqlScriptsTestExecutionListener]
10:01:56,449  INFO Test worker support.DefaultTestContextBootstrapper:209 - Could not instantiate TestExecutionListener [org.springframework.test.context.web.ServletTestExecutionListener]. Specify custom listener classes or make the default listener classes (and their required dependencies) available. Offending class: [javax/servlet/ServletContext]
10:01:56,449  INFO Test worker support.DefaultTestContextBootstrapper:187 - Using TestExecutionListeners: [org.springframework.test.context.support.DirtiesContextBeforeModesTestExecutionListener@7a732a0b, org.springframework.test.context.support.DependencyInjectionTestExecutionListener@523c296b, org.springframework.test.context.support.DirtiesContextTestExecutionListener@3227e49a, org.springframework.test.context.transaction.TransactionalTestExecutionListener@2f58973, org.springframework.test.context.jdbc.SqlScriptsTestExecutionListener@6135c854]
10:01:56,450  INFO Test worker xml.XmlBeanDefinitionReader:317 - Loading XML bean definitions from class path resource [org/springframework/batch/core/configuration/xml/DefaultSuccessJobParserTests-context.xml]
10:01:56,462  INFO Test worker xml.XmlBeanDefinitionReader:317 - Loading XML bean definitions from class path resource [org/springframework/batch/core/configuration/xml/common-context.xml]
10:01:56,471  INFO Test worker support.GenericApplicationContext:581 - Refreshing org.springframework.context.support.GenericApplicationContext@5271c268: startup date [Thu Mar 23 10:01:56 CDT 2017]; root of context hierarchy
10:01:56,483  INFO Test worker annotation.AutowiredAnnotationBeanPostProcessor:151 - JSR-330 'javax.inject.Inject' annotation found and supported for autowiring
10:01:56,563  INFO Test worker job.SimpleStepHandler:146 - Executing step: [s1]
10:01:56,578  INFO Test worker job.SimpleStepHandler:146 - Executing step: [s2]
]]></system-out>
  <system-err><![CDATA[]]></system-err>
</testsuite>
