<?xml version="1.0" encoding="UTF-8"?>
<testsuite name="org.springframework.batch.core.launch.support.JobRegistryBackgroundJobRunnerTests" tests="3" skipped="0" failures="0" errors="0" timestamp="2017-03-23T15:02:33" hostname="Michaels-MacBook-Pro-3.local" time="0.35">
  <properties/>
  <testcase name="testMain" classname="org.springframework.batch.core.launch.support.JobRegistryBackgroundJobRunnerTests" time="0.119"/>
  <testcase name="testMainWithJobLoader" classname="org.springframework.batch.core.launch.support.JobRegistryBackgroundJobRunnerTests" time="0.115"/>
  <testcase name="testMainWithAutoRegister" classname="org.springframework.batch.core.launch.support.JobRegistryBackgroundJobRunnerTests" time="0.116"/>
  <system-out><![CDATA[10:02:33,011  INFO Test worker support.JobRegistryBackgroundJobRunner:202 - Starting job registry in parent context from XML at: [org/springframework/batch/core/launch/support/test-environment-with-registry.xml]
10:02:33,012  INFO Test worker support.JobRegistryBackgroundJobRunner:217 - Waiting for parent context to start.
10:02:33,013  INFO Thread-70 support.ClassPathXmlApplicationContext:581 - Refreshing org.springframework.context.support.ClassPathXmlApplicationContext@33763950: startup date [Thu Mar 23 10:02:33 CDT 2017]; root of context hierarchy
10:02:33,013  INFO Thread-70 xml.XmlBeanDefinitionReader:317 - Loading XML bean definitions from class path resource [org/springframework/batch/core/launch/support/test-environment-with-registry.xml]
10:02:33,020  INFO Thread-70 xml.XmlBeanDefinitionReader:317 - Loading XML bean definitions from class path resource [org/springframework/batch/core/launch/support/test-environment.xml]
10:02:33,117  INFO Test worker support.JobRegistryBackgroundJobRunner:234 - Parent context started.  Registering jobs from paths: [org/springframework/batch/core/launch/support/job.xml]
10:02:33,117  INFO Test worker support.JobRegistryBackgroundJobRunner:134 - Registering Job definitions from [class path resource [org/springframework/batch/core/launch/support/job.xml]]
10:02:33,118  INFO Test worker xml.XmlBeanDefinitionReader:317 - Loading XML bean definitions from class path resource [org/springframework/batch/core/launch/support/job.xml]
10:02:33,123  INFO Test worker support.GenericApplicationContextFactory$ResourceXmlApplicationContext:581 - Refreshing ResourceXmlApplicationContext:file:/Users/mminella/Documents/IntelliJWorkspace/spring-batch/spring-batch-core/build/resources/test/org/springframework/batch/core/launch/support/job.xml
10:02:33,127  INFO Test worker builder.SimpleStepBuilder:369 - Setting commit interval to default value (1)
10:02:33,128  INFO Test worker support.GenericApplicationContextFactory$ResourceXmlApplicationContext:985 - Closing ResourceXmlApplicationContext:file:/Users/mminella/Documents/IntelliJWorkspace/spring-batch/spring-batch-core/build/resources/test/org/springframework/batch/core/launch/support/job.xml
10:02:33,128  INFO Test worker support.JobRegistryBackgroundJobRunner:202 - Starting job registry in parent context from XML at: [org/springframework/batch/core/launch/support/test-environment-with-loader.xml]
10:02:33,128  INFO Test worker support.JobRegistryBackgroundJobRunner:217 - Waiting for parent context to start.
10:02:33,129  INFO Thread-71 support.ClassPathXmlApplicationContext:581 - Refreshing org.springframework.context.support.ClassPathXmlApplicationContext@3da16874: startup date [Thu Mar 23 10:02:33 CDT 2017]; root of context hierarchy
10:02:33,129  INFO Thread-71 xml.XmlBeanDefinitionReader:317 - Loading XML bean definitions from class path resource [org/springframework/batch/core/launch/support/test-environment-with-loader.xml]
10:02:33,135  INFO Thread-71 xml.XmlBeanDefinitionReader:317 - Loading XML bean definitions from class path resource [org/springframework/batch/core/launch/support/test-environment.xml]
10:02:33,232  INFO Test worker support.JobRegistryBackgroundJobRunner:234 - Parent context started.  Registering jobs from paths: [org/springframework/batch/core/launch/support/job.xml]
10:02:33,232  INFO Test worker support.JobRegistryBackgroundJobRunner:134 - Registering Job definitions from [class path resource [org/springframework/batch/core/launch/support/job.xml]]
10:02:33,233  INFO Test worker xml.XmlBeanDefinitionReader:317 - Loading XML bean definitions from class path resource [org/springframework/batch/core/launch/support/job.xml]
10:02:33,237  INFO Test worker support.GenericApplicationContextFactory$ResourceXmlApplicationContext:581 - Refreshing ResourceXmlApplicationContext:file:/Users/mminella/Documents/IntelliJWorkspace/spring-batch/spring-batch-core/build/resources/test/org/springframework/batch/core/launch/support/job.xml
10:02:33,242  INFO Test worker builder.SimpleStepBuilder:369 - Setting commit interval to default value (1)
10:02:33,242  INFO Test worker support.GenericApplicationContextFactory$ResourceXmlApplicationContext:985 - Closing ResourceXmlApplicationContext:file:/Users/mminella/Documents/IntelliJWorkspace/spring-batch/spring-batch-core/build/resources/test/org/springframework/batch/core/launch/support/job.xml
10:02:33,243  INFO Test worker support.JobRegistryBackgroundJobRunner:202 - Starting job registry in parent context from XML at: [org/springframework/batch/core/launch/support/test-environment-with-registry-and-auto-register.xml]
10:02:33,243  INFO Test worker support.JobRegistryBackgroundJobRunner:217 - Waiting for parent context to start.
10:02:33,243  INFO Thread-72 support.ClassPathXmlApplicationContext:581 - Refreshing org.springframework.context.support.ClassPathXmlApplicationContext@2a0397e3: startup date [Thu Mar 23 10:02:33 CDT 2017]; root of context hierarchy
10:02:33,244  INFO Thread-72 xml.XmlBeanDefinitionReader:317 - Loading XML bean definitions from class path resource [org/springframework/batch/core/launch/support/test-environment-with-registry-and-auto-register.xml]
10:02:33,250  INFO Thread-72 xml.XmlBeanDefinitionReader:317 - Loading XML bean definitions from class path resource [org/springframework/batch/core/launch/support/test-environment-with-registry.xml]
10:02:33,254  INFO Thread-72 xml.XmlBeanDefinitionReader:317 - Loading XML bean definitions from class path resource [org/springframework/batch/core/launch/support/test-environment.xml]
10:02:33,258  INFO Thread-72 support.PostProcessorRegistrationDelegate$BeanPostProcessorChecker:325 - Bean 'jobRegistry' of type [class org.springframework.batch.core.configuration.support.MapJobRegistry] is not eligible for getting processed by all BeanPostProcessors (for example: not eligible for auto-proxying)
10:02:33,347  INFO Test worker support.JobRegistryBackgroundJobRunner:234 - Parent context started.  Registering jobs from paths: [org/springframework/batch/core/launch/support/job.xml]
10:02:33,348  INFO Test worker support.JobRegistryBackgroundJobRunner:134 - Registering Job definitions from [class path resource [org/springframework/batch/core/launch/support/job.xml]]
10:02:33,348  INFO Test worker xml.XmlBeanDefinitionReader:317 - Loading XML bean definitions from class path resource [org/springframework/batch/core/launch/support/job.xml]
10:02:33,353  INFO Test worker support.GenericApplicationContextFactory$ResourceXmlApplicationContext:581 - Refreshing ResourceXmlApplicationContext:file:/Users/mminella/Documents/IntelliJWorkspace/spring-batch/spring-batch-core/build/resources/test/org/springframework/batch/core/launch/support/job.xml
10:02:33,358  INFO Test worker builder.SimpleStepBuilder:369 - Setting commit interval to default value (1)
10:02:33,359  INFO Test worker support.GenericApplicationContextFactory$ResourceXmlApplicationContext:985 - Closing ResourceXmlApplicationContext:file:/Users/mminella/Documents/IntelliJWorkspace/spring-batch/spring-batch-core/build/resources/test/org/springframework/batch/core/launch/support/job.xml
]]></system-out>
  <system-err><![CDATA[]]></system-err>
</testsuite>
