<?xml version="1.0" encoding="UTF-8"?>
<testsuite name="org.springframework.batch.core.repository.dao.OptimisticLockingFailureTests" tests="1" skipped="0" failures="0" errors="0" timestamp="2017-03-23T15:02:35" hostname="Michaels-MacBook-Pro-3.local" time="4.099">
  <properties/>
  <testcase name="testAsyncStopOfStartingJob" classname="org.springframework.batch.core.repository.dao.OptimisticLockingFailureTests" time="4.099"/>
  <system-out><![CDATA[10:02:35,650  INFO Test worker support.ClassPathXmlApplicationContext:581 - Refreshing org.springframework.context.support.ClassPathXmlApplicationContext@17bc0017: startup date [Thu Mar 23 10:02:35 CDT 2017]; root of context hierarchy
10:02:35,650  INFO Test worker xml.XmlBeanDefinitionReader:317 - Loading XML bean definitions from class path resource [org/springframework/batch/core/repository/dao/OptimisticLockingFailureTests-context.xml]
10:02:35,694  INFO Test worker support.JobRepositoryFactoryBean:184 - No database type set, using meta data indicating: HSQL
10:02:35,720  INFO SimpleAsyncTaskExecutor-1 support.SimpleJobLauncher:139 - Job: [FlowJob: [name=locking]] launched with the following parameters: [{test=1}]
10:02:35,724  INFO SimpleAsyncTaskExecutor-1 job.SimpleStepHandler:146 - Executing step: [step1]
10:02:36,728  WARN Test worker support.SimpleJobOperator:428 - Cannot find Job object
org.springframework.batch.core.launch.NoSuchJobException: No job configuration with the name [locking] was registered
	at org.springframework.batch.core.configuration.support.MapJobRegistry.getJob(MapJobRegistry.java:66)
	at org.springframework.batch.core.launch.support.SimpleJobOperator.stop(SimpleJobOperator.java:403)
	at org.springframework.batch.core.repository.dao.OptimisticLockingFailureTests.testAsyncStopOfStartingJob(OptimisticLockingFailureTests.java:55)
	at sun.reflect.NativeMethodAccessorImpl.invoke0(Native Method)
	at sun.reflect.NativeMethodAccessorImpl.invoke(NativeMethodAccessorImpl.java:62)
	at sun.reflect.DelegatingMethodAccessorImpl.invoke(DelegatingMethodAccessorImpl.java:43)
	at java.lang.reflect.Method.invoke(Method.java:483)
	at org.junit.runners.model.FrameworkMethod$1.runReflectiveCall(FrameworkMethod.java:50)
	at org.junit.internal.runners.model.ReflectiveCallable.run(ReflectiveCallable.java:12)
	at org.junit.runners.model.FrameworkMethod.invokeExplosively(FrameworkMethod.java:47)
	at org.junit.internal.runners.statements.InvokeMethod.evaluate(InvokeMethod.java:17)
	at org.junit.runners.ParentRunner.runLeaf(ParentRunner.java:325)
	at org.junit.runners.BlockJUnit4ClassRunner.runChild(BlockJUnit4ClassRunner.java:78)
	at org.junit.runners.BlockJUnit4ClassRunner.runChild(BlockJUnit4ClassRunner.java:57)
	at org.junit.runners.ParentRunner$3.run(ParentRunner.java:290)
	at org.junit.runners.ParentRunner$1.schedule(ParentRunner.java:71)
	at org.junit.runners.ParentRunner.runChildren(ParentRunner.java:288)
	at org.junit.runners.ParentRunner.access$000(ParentRunner.java:58)
	at org.junit.runners.ParentRunner$2.evaluate(ParentRunner.java:268)
	at org.junit.runners.ParentRunner.run(ParentRunner.java:363)
	at org.gradle.api.internal.tasks.testing.junit.JUnitTestClassExecuter.runTestClass(JUnitTestClassExecuter.java:114)
	at org.gradle.api.internal.tasks.testing.junit.JUnitTestClassExecuter.execute(JUnitTestClassExecuter.java:57)
	at org.gradle.api.internal.tasks.testing.junit.JUnitTestClassProcessor.processTestClass(JUnitTestClassProcessor.java:66)
	at org.gradle.api.internal.tasks.testing.SuiteTestClassProcessor.processTestClass(SuiteTestClassProcessor.java:51)
	at sun.reflect.GeneratedMethodAccessor64.invoke(Unknown Source)
	at sun.reflect.DelegatingMethodAccessorImpl.invoke(DelegatingMethodAccessorImpl.java:43)
	at java.lang.reflect.Method.invoke(Method.java:483)
	at org.gradle.internal.dispatch.ReflectionDispatch.dispatch(ReflectionDispatch.java:35)
	at org.gradle.internal.dispatch.ReflectionDispatch.dispatch(ReflectionDispatch.java:24)
	at org.gradle.internal.dispatch.ContextClassLoaderDispatch.dispatch(ContextClassLoaderDispatch.java:32)
	at org.gradle.internal.dispatch.ProxyDispatchAdapter$DispatchingInvocationHandler.invoke(ProxyDispatchAdapter.java:93)
	at com.sun.proxy.$Proxy3.processTestClass(Unknown Source)
	at org.gradle.api.internal.tasks.testing.worker.TestWorker.processTestClass(TestWorker.java:109)
	at sun.reflect.GeneratedMethodAccessor63.invoke(Unknown Source)
	at sun.reflect.DelegatingMethodAccessorImpl.invoke(DelegatingMethodAccessorImpl.java:43)
	at java.lang.reflect.Method.invoke(Method.java:483)
	at org.gradle.internal.dispatch.ReflectionDispatch.dispatch(ReflectionDispatch.java:35)
	at org.gradle.internal.dispatch.ReflectionDispatch.dispatch(ReflectionDispatch.java:24)
	at org.gradle.internal.remote.internal.hub.MessageHubBackedObjectConnection$DispatchWrapper.dispatch(MessageHubBackedObjectConnection.java:147)
	at org.gradle.internal.remote.internal.hub.MessageHubBackedObjectConnection$DispatchWrapper.dispatch(MessageHubBackedObjectConnection.java:129)
	at org.gradle.internal.remote.internal.hub.MessageHub$Handler.run(MessageHub.java:404)
	at org.gradle.internal.concurrent.ExecutorPolicy$CatchAndRecordFailures.onExecute(ExecutorPolicy.java:63)
	at org.gradle.internal.concurrent.StoppableExecutorImpl$1.run(StoppableExecutorImpl.java:46)
	at java.util.concurrent.ThreadPoolExecutor.runWorker(ThreadPoolExecutor.java:1142)
	at java.util.concurrent.ThreadPoolExecutor$Worker.run(ThreadPoolExecutor.java:617)
	at java.lang.Thread.run(Thread.java:745)
10:02:37,731  INFO SimpleAsyncTaskExecutor-1 support.SimpleJobRepository:281 - Parent JobExecution is stopped, so passing message on to StepExecution
10:02:37,731  INFO SimpleAsyncTaskExecutor-1 step.ThreadStepInterruptionPolicy:60 - Step interrupted through StepExecution
10:02:37,731  INFO SimpleAsyncTaskExecutor-1 step.AbstractStep:223 - Encountered interruption executing step step1 in job locking : Job interrupted status detected.
10:02:37,732  INFO SimpleAsyncTaskExecutor-1 support.SimpleJobRepository:281 - Parent JobExecution is stopped, so passing message on to StepExecution
10:02:37,732  INFO SimpleAsyncTaskExecutor-1 job.AbstractJob:326 - Encountered interruption executing job: Job interrupted by step execution
10:02:37,733  INFO SimpleAsyncTaskExecutor-1 support.SimpleJobLauncher:142 - Job: [FlowJob: [name=locking]] completed with the following parameters: [{test=1}] and the following status: [STOPPED]
10:02:37,738  INFO SimpleAsyncTaskExecutor-2 support.SimpleJobLauncher:139 - Job: [FlowJob: [name=locking]] launched with the following parameters: [{test=1}]
10:02:37,741  INFO SimpleAsyncTaskExecutor-2 job.SimpleStepHandler:146 - Executing step: [step1]
10:02:39,746  INFO SimpleAsyncTaskExecutor-2 job.SimpleStepHandler:146 - Executing step: [step2]
1
2
3
4
5
]]></system-out>
  <system-err><![CDATA[]]></system-err>
</testsuite>
