<?xml version="1.0" encoding="UTF-8"?>
<testsuite name="org.springframework.batch.core.scope.StepScopeIntegrationTests" tests="6" skipped="0" failures="0" errors="0" timestamp="2017-03-23T15:02:44" hostname="Michaels-MacBook-Pro-3.local" time="0.005">
  <properties/>
  <testcase name="testScopeCreation" classname="org.springframework.batch.core.scope.StepScopeIntegrationTests" time="0.0"/>
  <testcase name="testExecutionContext" classname="org.springframework.batch.core.scope.StepScopeIntegrationTests" time="0.002"/>
  <testcase name="testNestedScopedProxy" classname="org.springframework.batch.core.scope.StepScopeIntegrationTests" time="0.0"/>
  <testcase name="testScopedProxyForReference" classname="org.springframework.batch.core.scope.StepScopeIntegrationTests" time="0.001"/>
  <testcase name="testScopedProxyForSecondReference" classname="org.springframework.batch.core.scope.StepScopeIntegrationTests" time="0.0"/>
  <testcase name="testScopedProxy" classname="org.springframework.batch.core.scope.StepScopeIntegrationTests" time="0.0"/>
  <system-out><![CDATA[10:02:44,084  INFO Test worker support.AbstractContextLoader:252 - Detected default resource location "classpath:org/springframework/batch/core/scope/StepScopeIntegrationTests-context.xml" for test class [org.springframework.batch.core.scope.StepScopeIntegrationTests]
10:02:44,084  INFO Test worker support.AbstractDelegatingSmartContextLoader:176 - GenericXmlContextLoader detected default locations for context configuration [ContextConfigurationAttributes@7cc3bddd declaringClass = 'org.springframework.batch.core.scope.StepScopeIntegrationTests', classes = '{}', locations = '{classpath:org/springframework/batch/core/scope/StepScopeIntegrationTests-context.xml}', inheritLocations = true, initializers = '{}', inheritInitializers = true, name = [null], contextLoaderClass = 'org.springframework.test.context.ContextLoader'].
10:02:44,084  INFO Test worker support.AnnotationConfigContextLoaderUtils:81 - Could not detect default configuration classes for test class [org.springframework.batch.core.scope.StepScopeIntegrationTests]: StepScopeIntegrationTests does not declare any static, non-private, non-final, nested classes annotated with @Configuration.
10:02:44,085  INFO Test worker support.DefaultTestContextBootstrapper:260 - Loaded default TestExecutionListener class names from location [META-INF/spring.factories]: [org.springframework.test.context.web.ServletTestExecutionListener, org.springframework.test.context.support.DirtiesContextBeforeModesTestExecutionListener, org.springframework.test.context.support.DependencyInjectionTestExecutionListener, org.springframework.test.context.support.DirtiesContextTestExecutionListener, org.springframework.test.context.transaction.TransactionalTestExecutionListener, org.springframework.test.context.jdbc.SqlScriptsTestExecutionListener]
10:02:44,086  INFO Test worker support.DefaultTestContextBootstrapper:209 - Could not instantiate TestExecutionListener [org.springframework.test.context.web.ServletTestExecutionListener]. Specify custom listener classes or make the default listener classes (and their required dependencies) available. Offending class: [javax/servlet/ServletContext]
10:02:44,086  INFO Test worker support.DefaultTestContextBootstrapper:187 - Using TestExecutionListeners: [org.springframework.test.context.support.DirtiesContextBeforeModesTestExecutionListener@160c9b5e, org.springframework.test.context.support.DependencyInjectionTestExecutionListener@45af51de, org.springframework.test.context.support.DirtiesContextTestExecutionListener@53dc97f4, org.springframework.test.context.transaction.TransactionalTestExecutionListener@3110e4be, org.springframework.test.context.jdbc.SqlScriptsTestExecutionListener@43b44fa9]
10:02:44,087  INFO Test worker xml.XmlBeanDefinitionReader:317 - Loading XML bean definitions from class path resource [org/springframework/batch/core/scope/StepScopeIntegrationTests-context.xml]
10:02:44,095  INFO Test worker support.GenericApplicationContext:581 - Refreshing org.springframework.context.support.GenericApplicationContext@7c2ad7a0: startup date [Thu Mar 23 10:02:44 CDT 2017]; root of context hierarchy
10:02:44,099  INFO Test worker support.DefaultListableBeanFactory:818 - Overriding bean definition for bean 'collaborator' with a different definition: replacing [Generic bean: class [org.springframework.batch.core.scope.TestCollaborator]; scope=step; abstract=false; lazyInit=false; autowireMode=0; dependencyCheck=0; autowireCandidate=false; primary=false; factoryBeanName=null; factoryMethodName=null; initMethodName=null; destroyMethodName=null; defined in class path resource [org/springframework/batch/core/scope/StepScopeIntegrationTests-context.xml]] with [Root bean: class [org.springframework.aop.scope.ScopedProxyFactoryBean]; scope=; abstract=false; lazyInit=false; autowireMode=0; dependencyCheck=0; autowireCandidate=true; primary=false; factoryBeanName=null; factoryMethodName=null; initMethodName=null; destroyMethodName=null; defined in BeanDefinition defined in class path resource [org/springframework/batch/core/scope/StepScopeIntegrationTests-context.xml]]
10:02:44,099  INFO Test worker annotation.AutowiredAnnotationBeanPostProcessor:151 - JSR-330 'javax.inject.Inject' annotation found and supported for autowiring
10:02:44,128  INFO Test worker support.GenericApplicationContext:985 - Closing org.springframework.context.support.GenericApplicationContext@767d2ffd: startup date [Thu Mar 23 10:02:08 CDT 2017]; root of context hierarchy
]]></system-out>
  <system-err><![CDATA[]]></system-err>
</testsuite>
