<?xml version="1.0" encoding="UTF-8"?>
<testsuite name="org.springframework.batch.core.configuration.xml.JobRepositoryDefaultParserTests" tests="1" skipped="0" failures="0" errors="0" timestamp="2017-03-23T15:01:59" hostname="Michaels-MacBook-Pro-3.local" time="0.001">
  <properties/>
  <testcase name="testOneStep" classname="org.springframework.batch.core.configuration.xml.JobRepositoryDefaultParserTests" time="0.001"/>
  <system-out><![CDATA[10:01:59,461  INFO Test worker support.AbstractContextLoader:252 - Detected default resource location "classpath:org/springframework/batch/core/configuration/xml/JobRepositoryDefaultParserTests-context.xml" for test class [org.springframework.batch.core.configuration.xml.JobRepositoryDefaultParserTests]
10:01:59,461  INFO Test worker support.AbstractDelegatingSmartContextLoader:176 - GenericXmlContextLoader detected default locations for context configuration [ContextConfigurationAttributes@51d0fc09 declaringClass = 'org.springframework.batch.core.configuration.xml.JobRepositoryDefaultParserTests', classes = '{}', locations = '{classpath:org/springframework/batch/core/configuration/xml/JobRepositoryDefaultParserTests-context.xml}', inheritLocations = true, initializers = '{}', inheritInitializers = true, name = [null], contextLoaderClass = 'org.springframework.test.context.ContextLoader'].
10:01:59,461  INFO Test worker support.AnnotationConfigContextLoaderUtils:81 - Could not detect default configuration classes for test class [org.springframework.batch.core.configuration.xml.JobRepositoryDefaultParserTests]: JobRepositoryDefaultParserTests does not declare any static, non-private, non-final, nested classes annotated with @Configuration.
10:01:59,463  INFO Test worker support.DefaultTestContextBootstrapper:260 - Loaded default TestExecutionListener class names from location [META-INF/spring.factories]: [org.springframework.test.context.web.ServletTestExecutionListener, org.springframework.test.context.support.DirtiesContextBeforeModesTestExecutionListener, org.springframework.test.context.support.DependencyInjectionTestExecutionListener, org.springframework.test.context.support.DirtiesContextTestExecutionListener, org.springframework.test.context.transaction.TransactionalTestExecutionListener, org.springframework.test.context.jdbc.SqlScriptsTestExecutionListener]
10:01:59,464  INFO Test worker support.DefaultTestContextBootstrapper:209 - Could not instantiate TestExecutionListener [org.springframework.test.context.web.ServletTestExecutionListener]. Specify custom listener classes or make the default listener classes (and their required dependencies) available. Offending class: [javax/servlet/ServletContext]
10:01:59,465  INFO Test worker support.DefaultTestContextBootstrapper:187 - Using TestExecutionListeners: [org.springframework.test.context.support.DirtiesContextBeforeModesTestExecutionListener@5e6b93a3, org.springframework.test.context.support.DependencyInjectionTestExecutionListener@370e547c, org.springframework.test.context.support.DirtiesContextTestExecutionListener@31a649c, org.springframework.test.context.transaction.TransactionalTestExecutionListener@2ae898d6, org.springframework.test.context.jdbc.SqlScriptsTestExecutionListener@281cf0a3]
10:01:59,466  INFO Test worker xml.XmlBeanDefinitionReader:317 - Loading XML bean definitions from class path resource [org/springframework/batch/core/configuration/xml/JobRepositoryDefaultParserTests-context.xml]
10:01:59,480  INFO Test worker support.GenericApplicationContext:581 - Refreshing org.springframework.context.support.GenericApplicationContext@6d74fc68: startup date [Thu Mar 23 10:01:59 CDT 2017]; root of context hierarchy
10:01:59,495  INFO Test worker annotation.AutowiredAnnotationBeanPostProcessor:151 - JSR-330 'javax.inject.Inject' annotation found and supported for autowiring
10:01:59,531  INFO Test worker datasource.DriverManagerDataSource:133 - Loaded JDBC driver: org.hsqldb.jdbcDriver
10:01:59,569  INFO Test worker support.JobRepositoryFactoryBean:184 - No database type set, using meta data indicating: HSQL
]]></system-out>
  <system-err><![CDATA[]]></system-err>
</testsuite>
