<?xml version="1.0" encoding="UTF-8"?>
<testsuite name="org.springframework.batch.core.configuration.xml.AutoRegisteringJobScopeTests" tests="2" skipped="0" failures="0" errors="0" timestamp="2017-03-23T15:01:53" hostname="Michaels-MacBook-Pro-3.local" time="0.182">
  <properties/>
  <testcase name="testJobElement" classname="org.springframework.batch.core.configuration.xml.AutoRegisteringJobScopeTests" time="0.13"/>
  <testcase name="testStepElement" classname="org.springframework.batch.core.configuration.xml.AutoRegisteringJobScopeTests" time="0.051"/>
  <system-out><![CDATA[10:01:53,855  INFO Test worker support.ClassPathXmlApplicationContext:581 - Refreshing org.springframework.context.support.ClassPathXmlApplicationContext@6100eb07: startup date [Thu Mar 23 10:01:53 CDT 2017]; root of context hierarchy
10:01:53,856  INFO Test worker xml.XmlBeanDefinitionReader:317 - Loading XML bean definitions from class path resource [org/springframework/batch/core/configuration/xml/AutoRegisteringJobScopeForJobElementTests-context.xml]
10:01:53,879  INFO Test worker xml.XmlBeanDefinitionReader:317 - Loading XML bean definitions from class path resource [org/springframework/batch/core/configuration/xml/common-context.xml]
10:01:53,986  INFO Test worker support.ClassPathXmlApplicationContext:581 - Refreshing org.springframework.context.support.ClassPathXmlApplicationContext@774ef989: startup date [Thu Mar 23 10:01:53 CDT 2017]; root of context hierarchy
10:01:53,987  INFO Test worker xml.XmlBeanDefinitionReader:317 - Loading XML bean definitions from class path resource [org/springframework/batch/core/configuration/xml/AutoRegisteringJobScopeForStepElementTests-context.xml]
10:01:54,002  INFO Test worker xml.XmlBeanDefinitionReader:317 - Loading XML bean definitions from class path resource [org/springframework/batch/core/configuration/xml/common-context.xml]
]]></system-out>
  <system-err><![CDATA[]]></system-err>
</testsuite>
