<?xml version="1.0" encoding="UTF-8"?>
<testsuite name="org.springframework.batch.core.configuration.annotation.JobBuilderConfigurationTests" tests="6" skipped="0" failures="0" errors="0" timestamp="2017-03-23T15:01:41" hostname="Michaels-MacBook-Pro-3.local" time="4.929">
  <properties/>
  <testcase name="testTwoConfigurationsAndBeansConfigurer" classname="org.springframework.batch.core.configuration.annotation.JobBuilderConfigurationTests" time="3.348"/>
  <testcase name="testTwoConfigurations" classname="org.springframework.batch.core.configuration.annotation.JobBuilderConfigurationTests" time="0.323"/>
  <testcase name="testConfigurerAsConfiguration" classname="org.springframework.batch.core.configuration.annotation.JobBuilderConfigurationTests" time="0.251"/>
  <testcase name="testConfigurerAsBean" classname="org.springframework.batch.core.configuration.annotation.JobBuilderConfigurationTests" time="0.199"/>
  <testcase name="testVanillaBatchConfiguration" classname="org.springframework.batch.core.configuration.annotation.JobBuilderConfigurationTests" time="0.422"/>
  <testcase name="testTwoConfigurationsAndConfigurer" classname="org.springframework.batch.core.configuration.annotation.JobBuilderConfigurationTests" time="0.384"/>
  <system-out><![CDATA[10:01:41,753  INFO Test worker annotation.AnnotationConfigApplicationContext:581 - Refreshing org.springframework.context.annotation.AnnotationConfigApplicationContext@72fcf752: startup date [Thu Mar 23 10:01:41 CDT 2017]; root of context hierarchy
10:01:42,035  INFO Test worker support.DefaultListableBeanFactory:818 - Overriding bean definition for bean 'step1' with a different definition: replacing [Root bean: class [null]; scope=; abstract=false; lazyInit=false; autowireMode=3; dependencyCheck=0; autowireCandidate=true; primary=false; factoryBeanName=jobBuilderConfigurationTests.TestConfiguration; factoryMethodName=step1; initMethodName=null; destroyMethodName=(inferred); defined in org.springframework.batch.core.configuration.annotation.JobBuilderConfigurationTests$TestConfiguration] with [Root bean: class [null]; scope=; abstract=false; lazyInit=false; autowireMode=3; dependencyCheck=0; autowireCandidate=true; primary=false; factoryBeanName=jobBuilderConfigurationTests.BeansConfigurer; factoryMethodName=step1; initMethodName=null; destroyMethodName=(inferred); defined in org.springframework.batch.core.configuration.annotation.JobBuilderConfigurationTests$BeansConfigurer]
10:01:42,340  WARN Test worker annotation.ConfigurationClassEnhancer:350 - @Bean method ScopeConfiguration.stepScope is non-static and returns an object assignable to Spring's BeanFactoryPostProcessor interface. This will result in a failure to process annotations such as @Autowired, @Resource and @PostConstruct within the method's declaring @Configuration class. Add the 'static' modifier to this method to avoid these container lifecycle issues; see @Bean javadoc for complete details.
10:01:42,379  WARN Test worker annotation.ConfigurationClassEnhancer:350 - @Bean method ScopeConfiguration.jobScope is non-static and returns an object assignable to Spring's BeanFactoryPostProcessor interface. This will result in a failure to process annotations such as @Autowired, @Resource and @PostConstruct within the method's declaring @Configuration class. Add the 'static' modifier to this method to avoid these container lifecycle issues; see @Bean javadoc for complete details.
10:01:42,391  INFO Test worker annotation.AutowiredAnnotationBeanPostProcessor:151 - JSR-330 'javax.inject.Inject' annotation found and supported for autowiring
10:01:42,506  INFO Test worker embedded.EmbeddedDatabaseFactory:185 - Starting embedded database: url='jdbc:hsqldb:mem:testdb', username='sa'
10:01:43,306  INFO Test worker init.ScriptUtils:442 - Executing SQL script from class path resource [org/springframework/batch/core/schema-hsqldb.sql]
10:01:43,325  INFO Test worker init.ScriptUtils:508 - Executed SQL script from class path resource [org/springframework/batch/core/schema-hsqldb.sql] in 18 ms.
10:01:43,652  INFO Test worker support.JobRepositoryFactoryBean:184 - No database type set, using meta data indicating: HSQL
10:01:44,154  INFO Test worker support.SimpleJobLauncher:201 - No TaskExecutor has been set, defaulting to synchronous executor.
10:01:44,324  INFO Test worker support.SimpleJobLauncher:139 - Job: [SimpleJob: [name=test]] launched with the following parameters: [{run.id=8652648505224771584}]
10:01:44,359  INFO Test worker job.SimpleStepHandler:146 - Executing step: [step1]
10:01:44,402  INFO Test worker job.SimpleStepHandler:146 - Executing step: [step2]
10:01:44,416  INFO Test worker support.SimpleJobLauncher:142 - Job: [SimpleJob: [name=test]] completed with the following parameters: [{run.id=8652648505224771584}] and the following status: [COMPLETED]
10:01:44,416  INFO Test worker annotation.AnnotationConfigApplicationContext:985 - Closing org.springframework.context.annotation.AnnotationConfigApplicationContext@72fcf752: startup date [Thu Mar 23 10:01:41 CDT 2017]; root of context hierarchy
10:01:44,418  INFO Test worker embedded.EmbeddedDatabaseFactory:217 - Shutting down embedded database: url='jdbc:hsqldb:mem:testdb'
10:01:44,508  INFO Test worker annotation.AnnotationConfigApplicationContext:581 - Refreshing org.springframework.context.annotation.AnnotationConfigApplicationContext@6835e15b: startup date [Thu Mar 23 10:01:44 CDT 2017]; root of context hierarchy
10:01:44,541  WARN Test worker annotation.ConfigurationClassEnhancer:350 - @Bean method ScopeConfiguration.stepScope is non-static and returns an object assignable to Spring's BeanFactoryPostProcessor interface. This will result in a failure to process annotations such as @Autowired, @Resource and @PostConstruct within the method's declaring @Configuration class. Add the 'static' modifier to this method to avoid these container lifecycle issues; see @Bean javadoc for complete details.
10:01:44,546  WARN Test worker annotation.ConfigurationClassEnhancer:350 - @Bean method ScopeConfiguration.jobScope is non-static and returns an object assignable to Spring's BeanFactoryPostProcessor interface. This will result in a failure to process annotations such as @Autowired, @Resource and @PostConstruct within the method's declaring @Configuration class. Add the 'static' modifier to this method to avoid these container lifecycle issues; see @Bean javadoc for complete details.
10:01:44,551  INFO Test worker annotation.AutowiredAnnotationBeanPostProcessor:151 - JSR-330 'javax.inject.Inject' annotation found and supported for autowiring
10:01:44,578  INFO Test worker embedded.EmbeddedDatabaseFactory:185 - Starting embedded database: url='jdbc:hsqldb:mem:testdb', username='sa'
10:01:44,630  INFO Test worker init.ScriptUtils:442 - Executing SQL script from class path resource [org/springframework/batch/core/schema-hsqldb.sql]
10:01:44,642  INFO Test worker init.ScriptUtils:508 - Executed SQL script from class path resource [org/springframework/batch/core/schema-hsqldb.sql] in 12 ms.
10:01:44,755  INFO Test worker support.JobRepositoryFactoryBean:184 - No database type set, using meta data indicating: HSQL
10:01:44,757  INFO Test worker support.SimpleJobLauncher:201 - No TaskExecutor has been set, defaulting to synchronous executor.
10:01:44,771  INFO Test worker support.SimpleJobLauncher:139 - Job: [SimpleJob: [name=test]] launched with the following parameters: [{run.id=882525270110455808}]
10:01:44,783  INFO Test worker job.SimpleStepHandler:146 - Executing step: [step1]
10:01:44,809  INFO Test worker job.SimpleStepHandler:146 - Executing step: [step2]
10:01:44,824  INFO Test worker support.SimpleJobLauncher:142 - Job: [SimpleJob: [name=test]] completed with the following parameters: [{run.id=882525270110455808}] and the following status: [COMPLETED]
10:01:44,825  INFO Test worker annotation.AnnotationConfigApplicationContext:985 - Closing org.springframework.context.annotation.AnnotationConfigApplicationContext@6835e15b: startup date [Thu Mar 23 10:01:44 CDT 2017]; root of context hierarchy
10:01:44,826  INFO Test worker embedded.EmbeddedDatabaseFactory:217 - Shutting down embedded database: url='jdbc:hsqldb:mem:testdb'
10:01:44,832  INFO Test worker annotation.AnnotationConfigApplicationContext:581 - Refreshing org.springframework.context.annotation.AnnotationConfigApplicationContext@750ce95c: startup date [Thu Mar 23 10:01:44 CDT 2017]; root of context hierarchy
10:01:44,863  WARN Test worker annotation.ConfigurationClassEnhancer:350 - @Bean method ScopeConfiguration.stepScope is non-static and returns an object assignable to Spring's BeanFactoryPostProcessor interface. This will result in a failure to process annotations such as @Autowired, @Resource and @PostConstruct within the method's declaring @Configuration class. Add the 'static' modifier to this method to avoid these container lifecycle issues; see @Bean javadoc for complete details.
10:01:44,867  WARN Test worker annotation.ConfigurationClassEnhancer:350 - @Bean method ScopeConfiguration.jobScope is non-static and returns an object assignable to Spring's BeanFactoryPostProcessor interface. This will result in a failure to process annotations such as @Autowired, @Resource and @PostConstruct within the method's declaring @Configuration class. Add the 'static' modifier to this method to avoid these container lifecycle issues; see @Bean javadoc for complete details.
10:01:44,871  INFO Test worker annotation.AutowiredAnnotationBeanPostProcessor:151 - JSR-330 'javax.inject.Inject' annotation found and supported for autowiring
10:01:44,897  INFO Test worker embedded.EmbeddedDatabaseFactory:185 - Starting embedded database: url='jdbc:hsqldb:mem:testdb', username='sa'
10:01:44,942  INFO Test worker init.ScriptUtils:442 - Executing SQL script from class path resource [org/springframework/batch/core/schema-hsqldb.sql]
10:01:44,952  INFO Test worker init.ScriptUtils:508 - Executed SQL script from class path resource [org/springframework/batch/core/schema-hsqldb.sql] in 9 ms.
10:01:44,968  INFO Test worker support.JobRepositoryFactoryBean:184 - No database type set, using meta data indicating: HSQL
10:01:44,969  INFO Test worker support.SimpleJobLauncher:201 - No TaskExecutor has been set, defaulting to synchronous executor.
10:01:45,056  INFO Test worker support.SimpleJobLauncher:139 - Job: [SimpleJob: [name=configurer]] launched with the following parameters: [{run.id=6992199974872976384}]
10:01:45,065  INFO Test worker job.SimpleStepHandler:146 - Executing step: [step1]
10:01:45,076  INFO Test worker support.SimpleJobLauncher:142 - Job: [SimpleJob: [name=configurer]] completed with the following parameters: [{run.id=6992199974872976384}] and the following status: [COMPLETED]
10:01:45,076  INFO Test worker annotation.AnnotationConfigApplicationContext:985 - Closing org.springframework.context.annotation.AnnotationConfigApplicationContext@750ce95c: startup date [Thu Mar 23 10:01:44 CDT 2017]; root of context hierarchy
10:01:45,077  INFO Test worker embedded.EmbeddedDatabaseFactory:217 - Shutting down embedded database: url='jdbc:hsqldb:mem:testdb'
10:01:45,081  INFO Test worker annotation.AnnotationConfigApplicationContext:581 - Refreshing org.springframework.context.annotation.AnnotationConfigApplicationContext@3c90883c: startup date [Thu Mar 23 10:01:45 CDT 2017]; root of context hierarchy
10:01:45,101  WARN Test worker annotation.ConfigurationClassEnhancer:350 - @Bean method ScopeConfiguration.stepScope is non-static and returns an object assignable to Spring's BeanFactoryPostProcessor interface. This will result in a failure to process annotations such as @Autowired, @Resource and @PostConstruct within the method's declaring @Configuration class. Add the 'static' modifier to this method to avoid these container lifecycle issues; see @Bean javadoc for complete details.
10:01:45,106  WARN Test worker annotation.ConfigurationClassEnhancer:350 - @Bean method ScopeConfiguration.jobScope is non-static and returns an object assignable to Spring's BeanFactoryPostProcessor interface. This will result in a failure to process annotations such as @Autowired, @Resource and @PostConstruct within the method's declaring @Configuration class. Add the 'static' modifier to this method to avoid these container lifecycle issues; see @Bean javadoc for complete details.
10:01:45,110  INFO Test worker annotation.AutowiredAnnotationBeanPostProcessor:151 - JSR-330 'javax.inject.Inject' annotation found and supported for autowiring
10:01:45,134  INFO Test worker embedded.EmbeddedDatabaseFactory:185 - Starting embedded database: url='jdbc:hsqldb:mem:testdb', username='sa'
10:01:45,164  INFO Test worker init.ScriptUtils:442 - Executing SQL script from class path resource [org/springframework/batch/core/schema-hsqldb.sql]
10:01:45,174  INFO Test worker init.ScriptUtils:508 - Executed SQL script from class path resource [org/springframework/batch/core/schema-hsqldb.sql] in 9 ms.
10:01:45,224  INFO Test worker support.JobRepositoryFactoryBean:184 - No database type set, using meta data indicating: HSQL
10:01:45,225  INFO Test worker support.SimpleJobLauncher:201 - No TaskExecutor has been set, defaulting to synchronous executor.
10:01:45,247  INFO Test worker support.SimpleJobLauncher:139 - Job: [SimpleJob: [name=beans]] launched with the following parameters: [{run.id=8794763435628578816}]
10:01:45,260  INFO Test worker job.SimpleStepHandler:146 - Executing step: [step1]
10:01:45,274  INFO Test worker support.SimpleJobLauncher:142 - Job: [SimpleJob: [name=beans]] completed with the following parameters: [{run.id=8794763435628578816}] and the following status: [COMPLETED]
10:01:45,275  INFO Test worker annotation.AnnotationConfigApplicationContext:985 - Closing org.springframework.context.annotation.AnnotationConfigApplicationContext@3c90883c: startup date [Thu Mar 23 10:01:45 CDT 2017]; root of context hierarchy
10:01:45,276  INFO Test worker embedded.EmbeddedDatabaseFactory:217 - Shutting down embedded database: url='jdbc:hsqldb:mem:testdb'
10:01:45,280  INFO Test worker annotation.AnnotationConfigApplicationContext:581 - Refreshing org.springframework.context.annotation.AnnotationConfigApplicationContext@7fe047ad: startup date [Thu Mar 23 10:01:45 CDT 2017]; root of context hierarchy
10:01:45,302  WARN Test worker annotation.ConfigurationClassEnhancer:350 - @Bean method ScopeConfiguration.stepScope is non-static and returns an object assignable to Spring's BeanFactoryPostProcessor interface. This will result in a failure to process annotations such as @Autowired, @Resource and @PostConstruct within the method's declaring @Configuration class. Add the 'static' modifier to this method to avoid these container lifecycle issues; see @Bean javadoc for complete details.
10:01:45,307  WARN Test worker annotation.ConfigurationClassEnhancer:350 - @Bean method ScopeConfiguration.jobScope is non-static and returns an object assignable to Spring's BeanFactoryPostProcessor interface. This will result in a failure to process annotations such as @Autowired, @Resource and @PostConstruct within the method's declaring @Configuration class. Add the 'static' modifier to this method to avoid these container lifecycle issues; see @Bean javadoc for complete details.
10:01:45,312  INFO Test worker annotation.AutowiredAnnotationBeanPostProcessor:151 - JSR-330 'javax.inject.Inject' annotation found and supported for autowiring
10:01:45,338  INFO Test worker embedded.EmbeddedDatabaseFactory:185 - Starting embedded database: url='jdbc:hsqldb:mem:testdb', username='sa'
10:01:45,376  INFO Test worker init.ScriptUtils:442 - Executing SQL script from class path resource [org/springframework/batch/core/schema-hsqldb.sql]
10:01:45,405  INFO Test worker init.ScriptUtils:508 - Executed SQL script from class path resource [org/springframework/batch/core/schema-hsqldb.sql] in 21 ms.
10:01:45,508  INFO Test worker support.JobRepositoryFactoryBean:184 - No database type set, using meta data indicating: HSQL
10:01:45,518  INFO Test worker support.SimpleJobLauncher:201 - No TaskExecutor has been set, defaulting to synchronous executor.
10:01:45,599  INFO Test worker support.SimpleJobLauncher:139 - Job: [SimpleJob: [name=test]] launched with the following parameters: [{run.id=1098384631692953600}]
10:01:45,623  INFO Test worker job.SimpleStepHandler:146 - Executing step: [step1]
10:01:45,651  INFO Test worker job.SimpleStepHandler:146 - Executing step: [step2]
10:01:45,697  INFO Test worker support.SimpleJobLauncher:142 - Job: [SimpleJob: [name=test]] completed with the following parameters: [{run.id=1098384631692953600}] and the following status: [COMPLETED]
10:01:45,698  INFO Test worker annotation.AnnotationConfigApplicationContext:985 - Closing org.springframework.context.annotation.AnnotationConfigApplicationContext@7fe047ad: startup date [Thu Mar 23 10:01:45 CDT 2017]; root of context hierarchy
10:01:45,698  INFO Test worker embedded.EmbeddedDatabaseFactory:217 - Shutting down embedded database: url='jdbc:hsqldb:mem:testdb'
10:01:45,705  INFO Test worker annotation.AnnotationConfigApplicationContext:581 - Refreshing org.springframework.context.annotation.AnnotationConfigApplicationContext@3b2d4018: startup date [Thu Mar 23 10:01:45 CDT 2017]; root of context hierarchy
10:01:45,749  INFO Test worker support.DefaultListableBeanFactory:818 - Overriding bean definition for bean 'step1' with a different definition: replacing [Root bean: class [null]; scope=; abstract=false; lazyInit=false; autowireMode=3; dependencyCheck=0; autowireCandidate=true; primary=false; factoryBeanName=jobBuilderConfigurationTests.TestConfiguration; factoryMethodName=step1; initMethodName=null; destroyMethodName=(inferred); defined in org.springframework.batch.core.configuration.annotation.JobBuilderConfigurationTests$TestConfiguration] with [Root bean: class [null]; scope=; abstract=false; lazyInit=false; autowireMode=3; dependencyCheck=0; autowireCandidate=true; primary=false; factoryBeanName=jobBuilderConfigurationTests.TestConfigurer; factoryMethodName=step1; initMethodName=null; destroyMethodName=(inferred); defined in org.springframework.batch.core.configuration.annotation.JobBuilderConfigurationTests$TestConfigurer]
10:01:45,764  WARN Test worker annotation.ConfigurationClassEnhancer:350 - @Bean method ScopeConfiguration.stepScope is non-static and returns an object assignable to Spring's BeanFactoryPostProcessor interface. This will result in a failure to process annotations such as @Autowired, @Resource and @PostConstruct within the method's declaring @Configuration class. Add the 'static' modifier to this method to avoid these container lifecycle issues; see @Bean javadoc for complete details.
10:01:45,768  WARN Test worker annotation.ConfigurationClassEnhancer:350 - @Bean method ScopeConfiguration.jobScope is non-static and returns an object assignable to Spring's BeanFactoryPostProcessor interface. This will result in a failure to process annotations such as @Autowired, @Resource and @PostConstruct within the method's declaring @Configuration class. Add the 'static' modifier to this method to avoid these container lifecycle issues; see @Bean javadoc for complete details.
10:01:45,774  INFO Test worker annotation.AutowiredAnnotationBeanPostProcessor:151 - JSR-330 'javax.inject.Inject' annotation found and supported for autowiring
10:01:45,831  INFO Test worker embedded.EmbeddedDatabaseFactory:185 - Starting embedded database: url='jdbc:hsqldb:mem:testdb', username='sa'
10:01:45,877  INFO Test worker init.ScriptUtils:442 - Executing SQL script from class path resource [org/springframework/batch/core/schema-hsqldb.sql]
10:01:45,888  INFO Test worker init.ScriptUtils:508 - Executed SQL script from class path resource [org/springframework/batch/core/schema-hsqldb.sql] in 10 ms.
10:01:45,928  INFO Test worker support.JobRepositoryFactoryBean:184 - No database type set, using meta data indicating: HSQL
10:01:45,929  INFO Test worker support.SimpleJobLauncher:201 - No TaskExecutor has been set, defaulting to synchronous executor.
10:01:45,992  INFO Test worker support.SimpleJobLauncher:139 - Job: [SimpleJob: [name=test]] launched with the following parameters: [{run.id=6137898761956415488}]
10:01:46,023  INFO Test worker job.SimpleStepHandler:146 - Executing step: [step1]
10:01:46,060  INFO Test worker job.SimpleStepHandler:146 - Executing step: [step2]
10:01:46,081  INFO Test worker support.SimpleJobLauncher:142 - Job: [SimpleJob: [name=test]] completed with the following parameters: [{run.id=6137898761956415488}] and the following status: [COMPLETED]
10:01:46,081  INFO Test worker annotation.AnnotationConfigApplicationContext:985 - Closing org.springframework.context.annotation.AnnotationConfigApplicationContext@3b2d4018: startup date [Thu Mar 23 10:01:45 CDT 2017]; root of context hierarchy
10:01:46,083  INFO Test worker embedded.EmbeddedDatabaseFactory:217 - Shutting down embedded database: url='jdbc:hsqldb:mem:testdb'
]]></system-out>
  <system-err><![CDATA[]]></system-err>
</testsuite>
