<?xml version="1.0" encoding="UTF-8"?>
<testsuite name="org.springframework.batch.core.configuration.support.JobRegistryIntegrationTests" tests="1" skipped="0" failures="0" errors="0" timestamp="2017-03-23T15:01:53" hostname="Michaels-MacBook-Pro-3.local" time="0.001">
  <properties/>
  <testcase name="testRegistry" classname="org.springframework.batch.core.configuration.support.JobRegistryIntegrationTests" time="0.001"/>
  <system-out><![CDATA[10:01:53,623  INFO Test worker support.AbstractContextLoader:252 - Detected default resource location "classpath:org/springframework/batch/core/configuration/support/JobRegistryIntegrationTests-context.xml" for test class [org.springframework.batch.core.configuration.support.JobRegistryIntegrationTests]
10:01:53,623  INFO Test worker support.AbstractDelegatingSmartContextLoader:176 - GenericXmlContextLoader detected default locations for context configuration [ContextConfigurationAttributes@257c3e23 declaringClass = 'org.springframework.batch.core.configuration.support.JobRegistryIntegrationTests', classes = '{}', locations = '{classpath:org/springframework/batch/core/configuration/support/JobRegistryIntegrationTests-context.xml}', inheritLocations = true, initializers = '{}', inheritInitializers = true, name = [null], contextLoaderClass = 'org.springframework.test.context.ContextLoader'].
10:01:53,624  INFO Test worker support.AnnotationConfigContextLoaderUtils:81 - Could not detect default configuration classes for test class [org.springframework.batch.core.configuration.support.JobRegistryIntegrationTests]: JobRegistryIntegrationTests does not declare any static, non-private, non-final, nested classes annotated with @Configuration.
10:01:53,625  INFO Test worker support.DefaultTestContextBootstrapper:260 - Loaded default TestExecutionListener class names from location [META-INF/spring.factories]: [org.springframework.test.context.web.ServletTestExecutionListener, org.springframework.test.context.support.DirtiesContextBeforeModesTestExecutionListener, org.springframework.test.context.support.DependencyInjectionTestExecutionListener, org.springframework.test.context.support.DirtiesContextTestExecutionListener, org.springframework.test.context.transaction.TransactionalTestExecutionListener, org.springframework.test.context.jdbc.SqlScriptsTestExecutionListener]
10:01:53,626  INFO Test worker support.DefaultTestContextBootstrapper:209 - Could not instantiate TestExecutionListener [org.springframework.test.context.web.ServletTestExecutionListener]. Specify custom listener classes or make the default listener classes (and their required dependencies) available. Offending class: [javax/servlet/ServletContext]
10:01:53,627  INFO Test worker support.DefaultTestContextBootstrapper:187 - Using TestExecutionListeners: [org.springframework.test.context.support.DirtiesContextBeforeModesTestExecutionListener@2233c484, org.springframework.test.context.support.DependencyInjectionTestExecutionListener@24cba565, org.springframework.test.context.support.DirtiesContextTestExecutionListener@404a9968, org.springframework.test.context.transaction.TransactionalTestExecutionListener@479a8a59, org.springframework.test.context.jdbc.SqlScriptsTestExecutionListener@7bb171ca]
10:01:53,628  INFO Test worker xml.XmlBeanDefinitionReader:317 - Loading XML bean definitions from class path resource [org/springframework/batch/core/configuration/support/JobRegistryIntegrationTests-context.xml]
10:01:53,648  INFO Test worker support.GenericApplicationContext:581 - Refreshing org.springframework.context.support.GenericApplicationContext@2a81354: startup date [Thu Mar 23 10:01:53 CDT 2017]; root of context hierarchy
10:01:53,671  INFO Test worker annotation.AutowiredAnnotationBeanPostProcessor:151 - JSR-330 'javax.inject.Inject' annotation found and supported for autowiring
10:01:53,690  INFO Test worker support.PostProcessorRegistrationDelegate$BeanPostProcessorChecker:325 - Bean 'jobRegistry' of type [class org.springframework.batch.core.configuration.support.MapJobRegistry] is not eligible for getting processed by all BeanPostProcessors (for example: not eligible for auto-proxying)
10:01:53,737  INFO Test worker support.SimpleJobLauncher:201 - No TaskExecutor has been set, defaulting to synchronous executor.
]]></system-out>
  <system-err><![CDATA[]]></system-err>
</testsuite>
