<?xml version="1.0" encoding="UTF-8"?>
<testsuite name="org.springframework.batch.core.configuration.support.AutomaticJobRegistrarContextTests" tests="1" skipped="0" failures="0" errors="0" timestamp="2017-03-23T15:01:52" hostname="Michaels-MacBook-Pro-3.local" time="0.007">
  <properties/>
  <testcase name="testLocateJob" classname="org.springframework.batch.core.configuration.support.AutomaticJobRegistrarContextTests" time="0.007"/>
  <system-out><![CDATA[10:01:51,758  INFO Test worker support.AbstractContextLoader:252 - Detected default resource location "classpath:org/springframework/batch/core/configuration/support/AutomaticJobRegistrarContextTests-context.xml" for test class [org.springframework.batch.core.configuration.support.AutomaticJobRegistrarContextTests]
10:01:51,767  INFO Test worker support.AbstractDelegatingSmartContextLoader:176 - GenericXmlContextLoader detected default locations for context configuration [ContextConfigurationAttributes@38257c3a declaringClass = 'org.springframework.batch.core.configuration.support.AutomaticJobRegistrarContextTests', classes = '{}', locations = '{classpath:org/springframework/batch/core/configuration/support/AutomaticJobRegistrarContextTests-context.xml}', inheritLocations = true, initializers = '{}', inheritInitializers = true, name = [null], contextLoaderClass = 'org.springframework.test.context.ContextLoader'].
10:01:51,769  INFO Test worker support.AnnotationConfigContextLoaderUtils:81 - Could not detect default configuration classes for test class [org.springframework.batch.core.configuration.support.AutomaticJobRegistrarContextTests]: AutomaticJobRegistrarContextTests does not declare any static, non-private, non-final, nested classes annotated with @Configuration.
10:01:51,956  INFO Test worker support.DefaultTestContextBootstrapper:260 - Loaded default TestExecutionListener class names from location [META-INF/spring.factories]: [org.springframework.test.context.web.ServletTestExecutionListener, org.springframework.test.context.support.DirtiesContextBeforeModesTestExecutionListener, org.springframework.test.context.support.DependencyInjectionTestExecutionListener, org.springframework.test.context.support.DirtiesContextTestExecutionListener, org.springframework.test.context.transaction.TransactionalTestExecutionListener, org.springframework.test.context.jdbc.SqlScriptsTestExecutionListener]
10:01:51,977  INFO Test worker support.DefaultTestContextBootstrapper:209 - Could not instantiate TestExecutionListener [org.springframework.test.context.web.ServletTestExecutionListener]. Specify custom listener classes or make the default listener classes (and their required dependencies) available. Offending class: [javax/servlet/ServletContext]
10:01:51,979  INFO Test worker support.DefaultTestContextBootstrapper:187 - Using TestExecutionListeners: [org.springframework.test.context.support.DirtiesContextBeforeModesTestExecutionListener@6e27ff91, org.springframework.test.context.support.DependencyInjectionTestExecutionListener@508fd540, org.springframework.test.context.support.DirtiesContextTestExecutionListener@5a21fcd2, org.springframework.test.context.transaction.TransactionalTestExecutionListener@4ba9a99f, org.springframework.test.context.jdbc.SqlScriptsTestExecutionListener@1aa31c0c]
10:01:51,989  INFO Test worker xml.XmlBeanDefinitionReader:317 - Loading XML bean definitions from class path resource [org/springframework/batch/core/configuration/support/AutomaticJobRegistrarContextTests-context.xml]
10:01:52,010  INFO Test worker support.GenericApplicationContext:581 - Refreshing org.springframework.context.support.GenericApplicationContext@4d863009: startup date [Thu Mar 23 10:01:52 CDT 2017]; root of context hierarchy
10:01:52,014  INFO Test worker annotation.AutowiredAnnotationBeanPostProcessor:151 - JSR-330 'javax.inject.Inject' annotation found and supported for autowiring
10:01:52,075  INFO Test worker xml.XmlBeanDefinitionReader:317 - Loading XML bean definitions from file [/Users/mminella/Documents/IntelliJWorkspace/spring-batch/spring-batch-core/build/resources/test/org/springframework/batch/core/launch/support/job.xml]
10:01:52,098  INFO Test worker support.GenericApplicationContextFactory$ResourceXmlApplicationContext:581 - Refreshing ResourceXmlApplicationContext:file:/Users/mminella/Documents/IntelliJWorkspace/spring-batch/spring-batch-core/build/resources/test/org/springframework/batch/core/launch/support/job.xml
10:01:52,158  INFO Test worker builder.SimpleStepBuilder:369 - Setting commit interval to default value (1)
10:01:52,194  INFO Test worker xml.XmlBeanDefinitionReader:317 - Loading XML bean definitions from file [/Users/mminella/Documents/IntelliJWorkspace/spring-batch/spring-batch-core/build/resources/test/org/springframework/batch/core/launch/support/job2.xml]
10:01:52,214  INFO Test worker support.GenericApplicationContextFactory$ResourceXmlApplicationContext:581 - Refreshing ResourceXmlApplicationContext:file:/Users/mminella/Documents/IntelliJWorkspace/spring-batch/spring-batch-core/build/resources/test/org/springframework/batch/core/launch/support/job2.xml
10:01:52,230  INFO Test worker builder.SimpleStepBuilder:369 - Setting commit interval to default value (1)
]]></system-out>
  <system-err><![CDATA[]]></system-err>
</testsuite>
