<?xml version="1.0" encoding="UTF-8"?>
<testsuite name="org.springframework.batch.core.jsr.ItemReadListenerAdapterTests" tests="7" skipped="0" failures="0" errors="0" timestamp="2017-03-23T15:02:17" hostname="Michaels-MacBook-Pro-3.local" time="0.031">
  <properties/>
  <testcase name="testAfterReadException" classname="org.springframework.batch.core.jsr.ItemReadListenerAdapterTests" time="0.024"/>
  <testcase name="testOnReadError" classname="org.springframework.batch.core.jsr.ItemReadListenerAdapterTests" time="0.002"/>
  <testcase name="testBeforeRead" classname="org.springframework.batch.core.jsr.ItemReadListenerAdapterTests" time="0.001"/>
  <testcase name="testBeforeReadException" classname="org.springframework.batch.core.jsr.ItemReadListenerAdapterTests" time="0.001"/>
  <testcase name="testAfterRead" classname="org.springframework.batch.core.jsr.ItemReadListenerAdapterTests" time="0.001"/>
  <testcase name="testNullDelegate" classname="org.springframework.batch.core.jsr.ItemReadListenerAdapterTests" time="0.0"/>
  <testcase name="testOnReadErrorException" classname="org.springframework.batch.core.jsr.ItemReadListenerAdapterTests" time="0.001"/>
  <system-out><![CDATA[]]></system-out>
  <system-err><![CDATA[]]></system-err>
</testsuite>
