<?xml version="1.0" encoding="UTF-8"?>
<testsuite name="org.springframework.batch.core.step.RestartInPriorStepTests" tests="1" skipped="0" failures="0" errors="0" timestamp="2017-03-23T15:02:46" hostname="Michaels-MacBook-Pro-3.local" time="0.102">
  <properties/>
  <testcase name="test" classname="org.springframework.batch.core.step.RestartInPriorStepTests" time="0.102"/>
  <system-out><![CDATA[10:02:46,049  INFO Test worker support.AbstractContextLoader:252 - Detected default resource location "classpath:org/springframework/batch/core/step/RestartInPriorStepTests-context.xml" for test class [org.springframework.batch.core.step.RestartInPriorStepTests]
10:02:46,049  INFO Test worker support.AbstractDelegatingSmartContextLoader:176 - GenericXmlContextLoader detected default locations for context configuration [ContextConfigurationAttributes@32fa3a1e declaringClass = 'org.springframework.batch.core.step.RestartInPriorStepTests', classes = '{}', locations = '{classpath:org/springframework/batch/core/step/RestartInPriorStepTests-context.xml}', inheritLocations = true, initializers = '{}', inheritInitializers = true, name = [null], contextLoaderClass = 'org.springframework.test.context.ContextLoader'].
10:02:46,052  INFO Test worker support.AnnotationConfigContextLoaderUtils:81 - Could not detect default configuration classes for test class [org.springframework.batch.core.step.RestartInPriorStepTests]: RestartInPriorStepTests does not declare any static, non-private, non-final, nested classes annotated with @Configuration.
10:02:46,053  INFO Test worker support.DefaultTestContextBootstrapper:260 - Loaded default TestExecutionListener class names from location [META-INF/spring.factories]: [org.springframework.test.context.web.ServletTestExecutionListener, org.springframework.test.context.support.DirtiesContextBeforeModesTestExecutionListener, org.springframework.test.context.support.DependencyInjectionTestExecutionListener, org.springframework.test.context.support.DirtiesContextTestExecutionListener, org.springframework.test.context.transaction.TransactionalTestExecutionListener, org.springframework.test.context.jdbc.SqlScriptsTestExecutionListener]
10:02:46,054  INFO Test worker support.DefaultTestContextBootstrapper:209 - Could not instantiate TestExecutionListener [org.springframework.test.context.web.ServletTestExecutionListener]. Specify custom listener classes or make the default listener classes (and their required dependencies) available. Offending class: [javax/servlet/ServletContext]
10:02:46,054  INFO Test worker support.DefaultTestContextBootstrapper:187 - Using TestExecutionListeners: [org.springframework.test.context.support.DirtiesContextBeforeModesTestExecutionListener@61485a7a, org.springframework.test.context.support.DependencyInjectionTestExecutionListener@3bd1be7f, org.springframework.test.context.support.DirtiesContextTestExecutionListener@553c0a33, org.springframework.test.context.transaction.TransactionalTestExecutionListener@64476598, org.springframework.test.context.jdbc.SqlScriptsTestExecutionListener@47ff68e0]
10:02:46,055  INFO Test worker xml.XmlBeanDefinitionReader:317 - Loading XML bean definitions from class path resource [org/springframework/batch/core/step/RestartInPriorStepTests-context.xml]
10:02:46,066  INFO Test worker support.GenericApplicationContext:581 - Refreshing org.springframework.context.support.GenericApplicationContext@71eb1426: startup date [Thu Mar 23 10:02:46 CDT 2017]; root of context hierarchy
10:02:46,077  INFO Test worker annotation.AutowiredAnnotationBeanPostProcessor:151 - JSR-330 'javax.inject.Inject' annotation found and supported for autowiring
10:02:46,125  INFO Test worker support.SimpleJobLauncher:201 - No TaskExecutor has been set, defaulting to synchronous executor.
10:02:46,136  INFO Test worker support.GenericApplicationContext:985 - Closing org.springframework.context.support.GenericApplicationContext@348a95d3: startup date [Thu Mar 23 10:02:12 CDT 2017]; root of context hierarchy
10:02:46,140  INFO Test worker support.SimpleJobLauncher:139 - Job: [FlowJob: [name=restartJob]] launched with the following parameters: [{}]
10:02:46,143  INFO Test worker job.SimpleStepHandler:146 - Executing step: [step1]
10:02:46,150  INFO Test worker job.SimpleStepHandler:146 - Executing step: [step2]
10:02:46,154  INFO Test worker support.SimpleJobLauncher:142 - Job: [FlowJob: [name=restartJob]] completed with the following parameters: [{}] and the following status: [STOPPED]
10:02:46,158  INFO Test worker support.SimpleJobLauncher:139 - Job: [FlowJob: [name=restartJob]] launched with the following parameters: [{}]
10:02:46,166  INFO Test worker job.SimpleStepHandler:146 - Executing step: [step1]
10:02:46,174  INFO Test worker job.SimpleStepHandler:217 - Step already complete or not restartable, so no action to execute: StepExecution: id=2, version=3, name=step2, status=COMPLETED, exitStatus=ES4, readCount=0, filterCount=0, writeCount=0 readSkipCount=0, writeSkipCount=0, processSkipCount=0, commitCount=1, rollbackCount=0, exitDescription=
10:02:46,182  INFO Test worker job.SimpleStepHandler:146 - Executing step: [step4]
10:02:46,193  INFO Test worker job.SimpleStepHandler:146 - Executing step: [step3]
10:02:46,204  INFO Test worker job.SimpleStepHandler:119 - Duplicate step [step4] detected in execution of job=[restartJob]. If either step fails, both will be executed again on restart.
10:02:46,207  INFO Test worker job.SimpleStepHandler:146 - Executing step: [step4]
10:02:46,217  INFO Test worker job.SimpleStepHandler:119 - Duplicate step [step3] detected in execution of job=[restartJob]. If either step fails, both will be executed again on restart.
10:02:46,221  INFO Test worker job.SimpleStepHandler:146 - Executing step: [step3]
10:02:46,232  INFO Test worker job.SimpleStepHandler:119 - Duplicate step [step4] detected in execution of job=[restartJob]. If either step fails, both will be executed again on restart.
10:02:46,237  INFO Test worker job.SimpleStepHandler:146 - Executing step: [step4]
10:02:46,240  INFO Test worker support.SimpleJobLauncher:142 - Job: [FlowJob: [name=restartJob]] completed with the following parameters: [{}] and the following status: [COMPLETED]
]]></system-out>
  <system-err><![CDATA[]]></system-err>
</testsuite>
