<?xml version="1.0" encoding="UTF-8"?>
<testsuite name="org.springframework.batch.core.step.item.FaultTolerantChunkProcessorTests" tests="16" skipped="0" failures="0" errors="0" timestamp="2017-03-23T15:02:44" hostname="Michaels-MacBook-Pro-3.local" time="0.026">
  <properties/>
  <testcase name="testWriteSkipOnException" classname="org.springframework.batch.core.step.item.FaultTolerantChunkProcessorTests" time="0.003"/>
  <testcase name="testWriteRetryOnNonSkippableException" classname="org.springframework.batch.core.step.item.FaultTolerantChunkProcessorTests" time="0.001"/>
  <testcase name="testOnErrorInWrite" classname="org.springframework.batch.core.step.item.FaultTolerantChunkProcessorTests" time="0.002"/>
  <testcase name="testOnErrorInWriteAllItemsFail" classname="org.springframework.batch.core.step.item.FaultTolerantChunkProcessorTests" time="0.001"/>
  <testcase name="testFilterCountOnSkip" classname="org.springframework.batch.core.step.item.FaultTolerantChunkProcessorTests" time="0.001"/>
  <testcase name="testWrite" classname="org.springframework.batch.core.step.item.FaultTolerantChunkProcessorTests" time="0.0"/>
  <testcase name="testWriteRetryOnException" classname="org.springframework.batch.core.step.item.FaultTolerantChunkProcessorTests" time="0.001"/>
  <testcase name="testProcessFilterAndSkippableException" classname="org.springframework.batch.core.step.item.FaultTolerantChunkProcessorTests" time="0.002"/>
  <testcase name="testWriteSkipOnError" classname="org.springframework.batch.core.step.item.FaultTolerantChunkProcessorTests" time="0.002"/>
  <testcase name="testWriteRetryOnTwoExceptions" classname="org.springframework.batch.core.step.item.FaultTolerantChunkProcessorTests" time="0.002"/>
  <testcase name="testWriteSkipOnExceptionWithTrivialChunk" classname="org.springframework.batch.core.step.item.FaultTolerantChunkProcessorTests" time="0.002"/>
  <testcase name="testAfterWriteAllPassedInRecovery" classname="org.springframework.batch.core.step.item.FaultTolerantChunkProcessorTests" time="0.002"/>
  <testcase name="testAfterWrite" classname="org.springframework.batch.core.step.item.FaultTolerantChunkProcessorTests" time="0.001"/>
  <testcase name="testTransformWithExceptionAndNoRollback" classname="org.springframework.batch.core.step.item.FaultTolerantChunkProcessorTests" time="0.001"/>
  <testcase name="testTransform" classname="org.springframework.batch.core.step.item.FaultTolerantChunkProcessorTests" time="0.001"/>
  <testcase name="testProcessFilterAndSkippableExceptionNoRollback" classname="org.springframework.batch.core.step.item.FaultTolerantChunkProcessorTests" time="0.002"/>
  <system-out><![CDATA[]]></system-out>
  <system-err><![CDATA[]]></system-err>
</testsuite>
