<?xml version="1.0" encoding="UTF-8"?>
<testsuite name="org.springframework.batch.support.DefaultPropertEditorRegistrarTests" tests="4" skipped="0" failures="0" errors="0" timestamp="2017-03-23T15:04:26" hostname="Michaels-MacBook-Pro-3.local" time="0.005">
  <properties/>
  <testcase name="testSetCustomEditorsWithInvalidTypeName" classname="org.springframework.batch.support.DefaultPropertEditorRegistrarTests" time="0.001"/>
  <testcase name="testSetCustomEditorsWithInvalidType" classname="org.springframework.batch.support.DefaultPropertEditorRegistrarTests" time="0.0"/>
  <testcase name="testSetCustomEditorsWithStringTypeName" classname="org.springframework.batch.support.DefaultPropertEditorRegistrarTests" time="0.003"/>
  <testcase name="testIntArray" classname="org.springframework.batch.support.DefaultPropertEditorRegistrarTests" time="0.001"/>
  <system-out><![CDATA[]]></system-out>
  <system-err><![CDATA[]]></system-err>
</testsuite>
