<?xml version="1.0" encoding="UTF-8"?>
<testsuite name="org.springframework.batch.item.file.transform.DelimitedLineAggregatorTests" tests="3" skipped="0" failures="0" errors="0" timestamp="2017-03-23T15:04:14" hostname="Michaels-MacBook-Pro-3.local" time="0.001">
  <properties/>
  <testcase name="testSetDelimiter" classname="org.springframework.batch.item.file.transform.DelimitedLineAggregatorTests" time="0.001"/>
  <testcase name="testAggregateWithNull" classname="org.springframework.batch.item.file.transform.DelimitedLineAggregatorTests" time="0.0"/>
  <testcase name="testAggregate" classname="org.springframework.batch.item.file.transform.DelimitedLineAggregatorTests" time="0.0"/>
  <system-out><![CDATA[]]></system-out>
  <system-err><![CDATA[]]></system-err>
</testsuite>
