<?xml version="1.0" encoding="UTF-8"?>
<testsuite name="org.springframework.batch.item.database.JdbcPagingItemReaderConfigTests" tests="1" skipped="0" failures="0" errors="0" timestamp="2017-03-23T15:03:57" hostname="Michaels-MacBook-Pro-3.local" time="0.0">
  <properties/>
  <testcase name="testConfig" classname="org.springframework.batch.item.database.JdbcPagingItemReaderConfigTests" time="0.0"/>
  <system-out><![CDATA[2017-03-23 10:03:57,811 INFO Test worker [org.springframework.test.context.support.AbstractContextLoader] - <Detected default resource location "classpath:org/springframework/batch/item/database/JdbcPagingItemReaderConfigTests-context.xml" for test class [org.springframework.batch.item.database.JdbcPagingItemReaderConfigTests]>
2017-03-23 10:03:57,811 INFO Test worker [org.springframework.test.context.support.AbstractDelegatingSmartContextLoader] - <GenericGroovyXmlContextLoader detected default locations for context configuration [ContextConfigurationAttributes@2f68c4ce declaringClass = 'org.springframework.batch.item.database.JdbcPagingItemReaderConfigTests', classes = '{}', locations = '{classpath:org/springframework/batch/item/database/JdbcPagingItemReaderConfigTests-context.xml}', inheritLocations = true, initializers = '{}', inheritInitializers = true, name = [null], contextLoaderClass = 'org.springframework.test.context.ContextLoader'].>
2017-03-23 10:03:57,811 INFO Test worker [org.springframework.test.context.support.AnnotationConfigContextLoaderUtils] - <Could not detect default configuration classes for test class [org.springframework.batch.item.database.JdbcPagingItemReaderConfigTests]: JdbcPagingItemReaderConfigTests does not declare any static, non-private, non-final, nested classes annotated with @Configuration.>
2017-03-23 10:03:57,812 INFO Test worker [org.springframework.test.context.support.DefaultTestContextBootstrapper] - <Loaded default TestExecutionListener class names from location [META-INF/spring.factories]: [org.springframework.test.context.web.ServletTestExecutionListener, org.springframework.test.context.support.DirtiesContextBeforeModesTestExecutionListener, org.springframework.test.context.support.DependencyInjectionTestExecutionListener, org.springframework.test.context.support.DirtiesContextTestExecutionListener, org.springframework.test.context.transaction.TransactionalTestExecutionListener, org.springframework.test.context.jdbc.SqlScriptsTestExecutionListener]>
2017-03-23 10:03:57,813 INFO Test worker [org.springframework.test.context.support.DefaultTestContextBootstrapper] - <Could not instantiate TestExecutionListener [org.springframework.test.context.web.ServletTestExecutionListener]. Specify custom listener classes or make the default listener classes (and their required dependencies) available. Offending class: [javax/servlet/ServletContext]>
2017-03-23 10:03:57,813 INFO Test worker [org.springframework.test.context.support.DefaultTestContextBootstrapper] - <Using TestExecutionListeners: [org.springframework.test.context.support.DirtiesContextBeforeModesTestExecutionListener@e33b5aa, org.springframework.test.context.support.DependencyInjectionTestExecutionListener@11691b85, org.springframework.test.context.support.DirtiesContextTestExecutionListener@74f82b33, org.springframework.test.context.transaction.TransactionalTestExecutionListener@1528119a, org.springframework.test.context.jdbc.SqlScriptsTestExecutionListener@6256870]>
2017-03-23 10:03:57,813 INFO Test worker [org.springframework.beans.factory.xml.XmlBeanDefinitionReader] - <Loading XML bean definitions from class path resource [org/springframework/batch/item/database/JdbcPagingItemReaderConfigTests-context.xml]>
2017-03-23 10:03:57,820 INFO Test worker [org.springframework.context.support.GenericApplicationContext] - <Refreshing org.springframework.context.support.GenericApplicationContext@5f49fe02: startup date [Thu Mar 23 10:03:57 CDT 2017]; root of context hierarchy>
2017-03-23 10:03:57,822 INFO Test worker [org.springframework.beans.factory.annotation.AutowiredAnnotationBeanPostProcessor] - <JSR-330 'javax.inject.Inject' annotation found and supported for autowiring>
2017-03-23 10:03:57,832 INFO Test worker [org.springframework.jdbc.datasource.DriverManagerDataSource] - <Loaded JDBC driver: org.hsqldb.jdbcDriver>
]]></system-out>
  <system-err><![CDATA[]]></system-err>
</testsuite>
