<?xml version="1.0" encoding="UTF-8"?>
<testsuite name="org.springframework.batch.item.support.TransactionAwareListItemReaderTests" tests="4" skipped="0" failures="0" errors="0" timestamp="2017-03-23T15:04:22" hostname="Michaels-MacBook-Pro-3.local" time="0.036">
  <properties/>
  <testcase name="testNext" classname="org.springframework.batch.item.support.TransactionAwareListItemReaderTests" time="0.027"/>
  <testcase name="testRollback" classname="org.springframework.batch.item.support.TransactionAwareListItemReaderTests" time="0.004"/>
  <testcase name="testTransactionalExhausted" classname="org.springframework.batch.item.support.TransactionAwareListItemReaderTests" time="0.002"/>
  <testcase name="testCommit" classname="org.springframework.batch.item.support.TransactionAwareListItemReaderTests" time="0.003"/>
  <system-out><![CDATA[]]></system-out>
  <system-err><![CDATA[[a, b, c]
]]></system-err>
</testsuite>
