<?xml version="1.0" encoding="UTF-8"?>
<testsuite name="org.springframework.batch.item.database.support.ColumnMapExecutionContextRowMapperTests" tests="2" skipped="0" failures="0" errors="0" timestamp="2017-03-23T15:04:10" hostname="Michaels-MacBook-Pro-3.local" time="0.001">
  <properties/>
  <testcase name="testCreateSetter" classname="org.springframework.batch.item.database.support.ColumnMapExecutionContextRowMapperTests" time="0.001"/>
  <testcase name="testCreateExecutionContextFromEmptyKeys" classname="org.springframework.batch.item.database.support.ColumnMapExecutionContextRowMapperTests" time="0.0"/>
  <system-out><![CDATA[]]></system-out>
  <system-err><![CDATA[]]></system-err>
</testsuite>
