<?xml version="1.0" encoding="UTF-8"?>
<testsuite name="org.springframework.batch.item.file.transform.FormatterLineAggregatorTests" tests="9" skipped="0" failures="0" errors="0" timestamp="2017-03-23T15:04:14" hostname="Michaels-MacBook-Pro-3.local" time="0.004">
  <properties/>
  <testcase name="testAggregateInvalidInputLength" classname="org.springframework.batch.item.file.transform.FormatterLineAggregatorTests" time="0.001"/>
  <testcase name="testAggregateWithLastRangeUnbound" classname="org.springframework.batch.item.file.transform.FormatterLineAggregatorTests" time="0.0"/>
  <testcase name="testAggregateFormattedCenter" classname="org.springframework.batch.item.file.transform.FormatterLineAggregatorTests" time="0.001"/>
  <testcase name="testAggregateFormattedLeft" classname="org.springframework.batch.item.file.transform.FormatterLineAggregatorTests" time="0.0"/>
  <testcase name="testAggregateNullArgument" classname="org.springframework.batch.item.file.transform.FormatterLineAggregatorTests" time="0.0"/>
  <testcase name="testAggregateWithCustomPadding" classname="org.springframework.batch.item.file.transform.FormatterLineAggregatorTests" time="0.002"/>
  <testcase name="testAggregateNullRecordDescriptor" classname="org.springframework.batch.item.file.transform.FormatterLineAggregatorTests" time="0.0"/>
  <testcase name="testAggregate" classname="org.springframework.batch.item.file.transform.FormatterLineAggregatorTests" time="0.0"/>
  <testcase name="testAggregateFormattedRight" classname="org.springframework.batch.item.file.transform.FormatterLineAggregatorTests" time="0.0"/>
  <system-out><![CDATA[]]></system-out>
  <system-err><![CDATA[]]></system-err>
</testsuite>
