<?xml version="1.0" encoding="UTF-8"?>
<testsuite name="org.springframework.batch.repeat.exception.LogOrRethrowExceptionHandlerTests" tests="5" skipped="0" failures="0" errors="0" timestamp="2017-03-23T15:04:24" hostname="Michaels-MacBook-Pro-3.local" time="0.005">
  <properties/>
  <testcase name="testNotRethrownWarnLevel" classname="org.springframework.batch.repeat.exception.LogOrRethrowExceptionHandlerTests" time="0.002"/>
  <testcase name="testError" classname="org.springframework.batch.repeat.exception.LogOrRethrowExceptionHandlerTests" time="0.001"/>
  <testcase name="testNotRethrownErrorLevel" classname="org.springframework.batch.repeat.exception.LogOrRethrowExceptionHandlerTests" time="0.001"/>
  <testcase name="testRuntimeException" classname="org.springframework.batch.repeat.exception.LogOrRethrowExceptionHandlerTests" time="0.0"/>
  <testcase name="testNotRethrownDebugLevel" classname="org.springframework.batch.repeat.exception.LogOrRethrowExceptionHandlerTests" time="0.001"/>
  <system-out><![CDATA[]]></system-out>
  <system-err><![CDATA[]]></system-err>
</testsuite>
