<?xml version="1.0" encoding="UTF-8"?>
<testsuite name="org.springframework.batch.item.file.DefaultBufferedReaderFactoryTests" tests="1" skipped="0" failures="0" errors="0" timestamp="2017-03-23T15:04:12" hostname="Michaels-MacBook-Pro-3.local" time="0.0">
  <properties/>
  <testcase name="testCreate" classname="org.springframework.batch.item.file.DefaultBufferedReaderFactoryTests" time="0.0"/>
  <system-out><![CDATA[]]></system-out>
  <system-err><![CDATA[]]></system-err>
</testsuite>
