<?xml version="1.0" encoding="UTF-8"?>
<testsuite name="org.springframework.batch.item.database.JdbcPagingItemReaderAsyncTests" tests="1" skipped="0" failures="0" errors="0" timestamp="2017-03-23T15:03:57" hostname="Michaels-MacBook-Pro-3.local" time="0.601">
  <properties/>
  <testcase name="testAsyncReader" classname="org.springframework.batch.item.database.JdbcPagingItemReaderAsyncTests" time="0.601"/>
  <system-out><![CDATA[2017-03-23 10:03:57,106 INFO Test worker [org.springframework.test.context.support.DefaultTestContextBootstrapper] - <Loaded default TestExecutionListener class names from location [META-INF/spring.factories]: [org.springframework.test.context.web.ServletTestExecutionListener, org.springframework.test.context.support.DirtiesContextBeforeModesTestExecutionListener, org.springframework.test.context.support.DependencyInjectionTestExecutionListener, org.springframework.test.context.support.DirtiesContextTestExecutionListener, org.springframework.test.context.transaction.TransactionalTestExecutionListener, org.springframework.test.context.jdbc.SqlScriptsTestExecutionListener]>
2017-03-23 10:03:57,107 INFO Test worker [org.springframework.test.context.support.DefaultTestContextBootstrapper] - <Could not instantiate TestExecutionListener [org.springframework.test.context.web.ServletTestExecutionListener]. Specify custom listener classes or make the default listener classes (and their required dependencies) available. Offending class: [javax/servlet/ServletContext]>
2017-03-23 10:03:57,107 INFO Test worker [org.springframework.test.context.support.DefaultTestContextBootstrapper] - <Using TestExecutionListeners: [org.springframework.test.context.support.DirtiesContextBeforeModesTestExecutionListener@3a61e1d0, org.springframework.test.context.support.DependencyInjectionTestExecutionListener@6600c3b1, org.springframework.test.context.support.DirtiesContextTestExecutionListener@31ca8438, org.springframework.test.context.transaction.TransactionalTestExecutionListener@498d96df, org.springframework.test.context.jdbc.SqlScriptsTestExecutionListener@7c57915f]>
]]></system-out>
  <system-err><![CDATA[]]></system-err>
</testsuite>
