<?xml version="1.0" encoding="UTF-8"?>
<testsuite name="org.springframework.batch.item.data.MongoItemReaderTests" tests="7" skipped="0" failures="0" errors="0" timestamp="2017-03-23T15:03:04" hostname="Michaels-MacBook-Pro-3.local" time="0.472">
  <properties/>
  <testcase name="testQueryWithCollection" classname="org.springframework.batch.item.data.MongoItemReaderTests" time="0.462"/>
  <testcase name="testQueryWithFields" classname="org.springframework.batch.item.data.MongoItemReaderTests" time="0.001"/>
  <testcase name="testQueryWithHint" classname="org.springframework.batch.item.data.MongoItemReaderTests" time="0.001"/>
  <testcase name="testBasicQuerySecondPage" classname="org.springframework.batch.item.data.MongoItemReaderTests" time="0.001"/>
  <testcase name="testBasicQueryFirstPage" classname="org.springframework.batch.item.data.MongoItemReaderTests" time="0.001"/>
  <testcase name="testQueryWithParameters" classname="org.springframework.batch.item.data.MongoItemReaderTests" time="0.003"/>
  <testcase name="testAfterPropertiesSet" classname="org.springframework.batch.item.data.MongoItemReaderTests" time="0.001"/>
  <system-out><![CDATA[]]></system-out>
  <system-err><![CDATA[]]></system-err>
</testsuite>
