<?xml version="1.0" encoding="UTF-8"?>
<testsuite name="org.springframework.batch.item.xml.builder.StaxEventItemReaderBuilderTests" tests="4" skipped="0" failures="0" errors="0" timestamp="2017-03-23T15:04:22" hostname="Michaels-MacBook-Pro-3.local" time="0.068">
  <properties/>
  <testcase name="testValidation" classname="org.springframework.batch.item.xml.builder.StaxEventItemReaderBuilderTests" time="0.033"/>
  <testcase name="testConfiguration" classname="org.springframework.batch.item.xml.builder.StaxEventItemReaderBuilderTests" time="0.024"/>
  <testcase name="testSaveState" classname="org.springframework.batch.item.xml.builder.StaxEventItemReaderBuilderTests" time="0.009"/>
  <testcase name="testStrict" classname="org.springframework.batch.item.xml.builder.StaxEventItemReaderBuilderTests" time="0.001"/>
  <system-out><![CDATA[2017-03-23 10:04:22,569 INFO Test worker [org.springframework.oxm.jaxb.Jaxb2Marshaller] - <Creating JAXBContext with classes to be bound [class org.springframework.batch.item.xml.builder.StaxEventItemReaderBuilderTests$Foo]>
2017-03-23 10:04:22,580 INFO Test worker [org.springframework.oxm.jaxb.Jaxb2Marshaller] - <Creating JAXBContext with classes to be bound [class org.springframework.batch.item.xml.builder.StaxEventItemReaderBuilderTests$Foo]>
]]></system-out>
  <system-err><![CDATA[]]></system-err>
</testsuite>
