<?xml version="1.0" encoding="UTF-8"?>
<testsuite name="org.springframework.batch.item.database.ExtendedConnectionDataSourceProxyTests" tests="7" skipped="0" failures="0" errors="0" timestamp="2017-03-23T15:03:09" hostname="Michaels-MacBook-Pro-3.local" time="0.475">
  <properties/>
  <testcase name="testOperationWithDataSourceUtils" classname="org.springframework.batch.item.database.ExtendedConnectionDataSourceProxyTests" time="0.122"/>
  <testcase name="testSupressOfCloseWithJdbcTemplate" classname="org.springframework.batch.item.database.ExtendedConnectionDataSourceProxyTests" time="0.347"/>
  <testcase name="delegateIsRequired" classname="org.springframework.batch.item.database.ExtendedConnectionDataSourceProxyTests" time="0.0"/>
  <testcase name="unwrapForSupportedInterface" classname="org.springframework.batch.item.database.ExtendedConnectionDataSourceProxyTests" time="0.002"/>
  <testcase name="unwrapForUnsupportedInterface" classname="org.springframework.batch.item.database.ExtendedConnectionDataSourceProxyTests" time="0.002"/>
  <testcase name="testOperationWithDirectCloseCall" classname="org.springframework.batch.item.database.ExtendedConnectionDataSourceProxyTests" time="0.001"/>
  <testcase name="unwrapForSmartDataSource" classname="org.springframework.batch.item.database.ExtendedConnectionDataSourceProxyTests" time="0.0"/>
  <system-out><![CDATA[]]></system-out>
  <system-err><![CDATA[]]></system-err>
</testsuite>
