<?xml version="1.0" encoding="UTF-8"?>
<testsuite name="org.springframework.batch.item.file.MultiResourceItemWriterFlatFileTests" tests="7" skipped="0" failures="0" errors="0" timestamp="2017-03-23T15:04:13" hostname="Michaels-MacBook-Pro-3.local" time="0.065">
  <properties/>
  <testcase name="testUpdateAfterDelegateClose" classname="org.springframework.batch.item.file.MultiResourceItemWriterFlatFileTests" time="0.002"/>
  <testcase name="testMultiResourceWriteScenarioWithFooter" classname="org.springframework.batch.item.file.MultiResourceItemWriterFlatFileTests" time="0.008"/>
  <testcase name="testBasicMultiResourceWriteScenario" classname="org.springframework.batch.item.file.MultiResourceItemWriterFlatFileTests" time="0.012"/>
  <testcase name="testRestart" classname="org.springframework.batch.item.file.MultiResourceItemWriterFlatFileTests" time="0.01"/>
  <testcase name="testTransactionalRestartWithFooter" classname="org.springframework.batch.item.file.MultiResourceItemWriterFlatFileTests" time="0.008"/>
  <testcase name="testRestartWithFooter" classname="org.springframework.batch.item.file.MultiResourceItemWriterFlatFileTests" time="0.011"/>
  <testcase name="testTransactionalMultiResourceWriteScenarioWithFooter" classname="org.springframework.batch.item.file.MultiResourceItemWriterFlatFileTests" time="0.011"/>
  <system-out><![CDATA[]]></system-out>
  <system-err><![CDATA[]]></system-err>
</testsuite>
