<?xml version="1.0" encoding="UTF-8"?>
<testsuite name="org.springframework.batch.item.database.support.HibernateNativeQueryProviderTests" tests="2" skipped="0" failures="0" errors="0" timestamp="2017-03-23T15:04:11" hostname="Michaels-MacBook-Pro-3.local" time="0.532">
  <properties/>
  <testcase name="testCreateQueryWithStatelessSession" classname="org.springframework.batch.item.database.support.HibernateNativeQueryProviderTests" time="0.531"/>
  <testcase name="shouldCreateQueryWithStatefulSession" classname="org.springframework.batch.item.database.support.HibernateNativeQueryProviderTests" time="0.001"/>
  <system-out><![CDATA[]]></system-out>
  <system-err><![CDATA[]]></system-err>
</testsuite>
