<?xml version="1.0" encoding="UTF-8"?>
<testsuite name="org.springframework.batch.item.xml.builder.StaxEventItemWriterBuilderTests" tests="6" skipped="0" failures="0" errors="0" timestamp="2017-03-23T15:04:22" hostname="Michaels-MacBook-Pro-3.local" time="0.073">
  <properties/>
  <testcase name="testTransactional" classname="org.springframework.batch.item.xml.builder.StaxEventItemWriterBuilderTests" time="0.007"/>
  <testcase name="testDeleteIfEmpty" classname="org.springframework.batch.item.xml.builder.StaxEventItemWriterBuilderTests" time="0.003"/>
  <testcase name="testOverwriteOutput" classname="org.springframework.batch.item.xml.builder.StaxEventItemWriterBuilderTests" time="0.0"/>
  <testcase name="testConfiguration" classname="org.springframework.batch.item.xml.builder.StaxEventItemWriterBuilderTests" time="0.062"/>
  <testcase name="testMissingNameValidation" classname="org.springframework.batch.item.xml.builder.StaxEventItemWriterBuilderTests" time="0.001"/>
  <testcase name="testMissingMarshallerValidation" classname="org.springframework.batch.item.xml.builder.StaxEventItemWriterBuilderTests" time="0.0"/>
  <system-out><![CDATA[2017-03-23 10:04:22,612 INFO Test worker [org.springframework.oxm.jaxb.Jaxb2Marshaller] - <Creating JAXBContext with classes to be bound [class org.springframework.batch.item.xml.builder.StaxEventItemWriterBuilderTests$Foo]>
]]></system-out>
  <system-err><![CDATA[]]></system-err>
</testsuite>
