<?xml version="1.0" encoding="UTF-8"?>
<testsuite name="org.springframework.batch.item.database.IbatisPagingItemReaderCommonTests" tests="6" skipped="0" failures="0" errors="0" timestamp="2017-03-23T15:03:55" hostname="Michaels-MacBook-Pro-3.local" time="0.263">
  <properties/>
  <testcase name="testReadToExhaustion" classname="org.springframework.batch.item.database.IbatisPagingItemReaderCommonTests" time="0.049"/>
  <testcase name="testResetAndRestart" classname="org.springframework.batch.item.database.IbatisPagingItemReaderCommonTests" time="0.05"/>
  <testcase name="testRestart" classname="org.springframework.batch.item.database.IbatisPagingItemReaderCommonTests" time="0.048"/>
  <testcase name="testReopen" classname="org.springframework.batch.item.database.IbatisPagingItemReaderCommonTests" time="0.036"/>
  <testcase name="testEmptyInput" classname="org.springframework.batch.item.database.IbatisPagingItemReaderCommonTests" time="0.036"/>
  <testcase name="testRead" classname="org.springframework.batch.item.database.IbatisPagingItemReaderCommonTests" time="0.042"/>
  <system-out><![CDATA[2017-03-23 10:03:55,865 INFO Test worker [org.springframework.context.support.ClassPathXmlApplicationContext] - <Refreshing org.springframework.context.support.ClassPathXmlApplicationContext@6b60ea7a: startup date [Thu Mar 23 10:03:55 CDT 2017]; root of context hierarchy>
2017-03-23 10:03:55,865 INFO Test worker [org.springframework.beans.factory.xml.XmlBeanDefinitionReader] - <Loading XML bean definitions from class path resource [org/springframework/batch/item/database/data-source-context.xml]>
2017-03-23 10:03:55,888 INFO Test worker [org.springframework.jdbc.datasource.DriverManagerDataSource] - <Loaded JDBC driver: org.hsqldb.jdbcDriver>
2017-03-23 10:03:55,914 INFO Test worker [org.springframework.context.support.ClassPathXmlApplicationContext] - <Closing org.springframework.context.support.ClassPathXmlApplicationContext@6b60ea7a: startup date [Thu Mar 23 10:03:55 CDT 2017]; root of context hierarchy>
2017-03-23 10:03:55,914 INFO Test worker [test.jdbc.datasource.DataSourceInitializer] - <destroy called for org.springframework.jdbc.datasource.DriverManagerDataSource@1657b41b>
2017-03-23 10:03:55,915 INFO Test worker [org.springframework.context.support.ClassPathXmlApplicationContext] - <Refreshing org.springframework.context.support.ClassPathXmlApplicationContext@488967f5: startup date [Thu Mar 23 10:03:55 CDT 2017]; root of context hierarchy>
2017-03-23 10:03:55,915 INFO Test worker [org.springframework.beans.factory.xml.XmlBeanDefinitionReader] - <Loading XML bean definitions from class path resource [org/springframework/batch/item/database/data-source-context.xml]>
2017-03-23 10:03:55,942 INFO Test worker [org.springframework.jdbc.datasource.DriverManagerDataSource] - <Loaded JDBC driver: org.hsqldb.jdbcDriver>
2017-03-23 10:03:55,965 INFO Test worker [org.springframework.context.support.ClassPathXmlApplicationContext] - <Closing org.springframework.context.support.ClassPathXmlApplicationContext@488967f5: startup date [Thu Mar 23 10:03:55 CDT 2017]; root of context hierarchy>
2017-03-23 10:03:55,965 INFO Test worker [test.jdbc.datasource.DataSourceInitializer] - <destroy called for org.springframework.jdbc.datasource.DriverManagerDataSource@569a116f>
2017-03-23 10:03:55,966 INFO Test worker [org.springframework.context.support.ClassPathXmlApplicationContext] - <Refreshing org.springframework.context.support.ClassPathXmlApplicationContext@4e191712: startup date [Thu Mar 23 10:03:55 CDT 2017]; root of context hierarchy>
2017-03-23 10:03:55,966 INFO Test worker [org.springframework.beans.factory.xml.XmlBeanDefinitionReader] - <Loading XML bean definitions from class path resource [org/springframework/batch/item/database/data-source-context.xml]>
2017-03-23 10:03:55,989 INFO Test worker [org.springframework.jdbc.datasource.DriverManagerDataSource] - <Loaded JDBC driver: org.hsqldb.jdbcDriver>
2017-03-23 10:03:56,012 INFO Test worker [org.springframework.context.support.ClassPathXmlApplicationContext] - <Closing org.springframework.context.support.ClassPathXmlApplicationContext@4e191712: startup date [Thu Mar 23 10:03:55 CDT 2017]; root of context hierarchy>
2017-03-23 10:03:56,012 INFO Test worker [test.jdbc.datasource.DataSourceInitializer] - <destroy called for org.springframework.jdbc.datasource.DriverManagerDataSource@5c63818b>
2017-03-23 10:03:56,013 INFO Test worker [org.springframework.context.support.ClassPathXmlApplicationContext] - <Refreshing org.springframework.context.support.ClassPathXmlApplicationContext@611ef62d: startup date [Thu Mar 23 10:03:56 CDT 2017]; root of context hierarchy>
2017-03-23 10:03:56,013 INFO Test worker [org.springframework.beans.factory.xml.XmlBeanDefinitionReader] - <Loading XML bean definitions from class path resource [org/springframework/batch/item/database/data-source-context.xml]>
2017-03-23 10:03:56,036 INFO Test worker [org.springframework.jdbc.datasource.DriverManagerDataSource] - <Loaded JDBC driver: org.hsqldb.jdbcDriver>
2017-03-23 10:03:56,049 INFO Test worker [org.springframework.context.support.ClassPathXmlApplicationContext] - <Closing org.springframework.context.support.ClassPathXmlApplicationContext@611ef62d: startup date [Thu Mar 23 10:03:56 CDT 2017]; root of context hierarchy>
2017-03-23 10:03:56,049 INFO Test worker [test.jdbc.datasource.DataSourceInitializer] - <destroy called for org.springframework.jdbc.datasource.DriverManagerDataSource@5d527e92>
2017-03-23 10:03:56,050 INFO Test worker [org.springframework.context.support.ClassPathXmlApplicationContext] - <Refreshing org.springframework.context.support.ClassPathXmlApplicationContext@79677e51: startup date [Thu Mar 23 10:03:56 CDT 2017]; root of context hierarchy>
2017-03-23 10:03:56,050 INFO Test worker [org.springframework.beans.factory.xml.XmlBeanDefinitionReader] - <Loading XML bean definitions from class path resource [org/springframework/batch/item/database/data-source-context.xml]>
2017-03-23 10:03:56,073 INFO Test worker [org.springframework.jdbc.datasource.DriverManagerDataSource] - <Loaded JDBC driver: org.hsqldb.jdbcDriver>
2017-03-23 10:03:56,086 INFO Test worker [org.springframework.context.support.ClassPathXmlApplicationContext] - <Closing org.springframework.context.support.ClassPathXmlApplicationContext@79677e51: startup date [Thu Mar 23 10:03:56 CDT 2017]; root of context hierarchy>
2017-03-23 10:03:56,086 INFO Test worker [test.jdbc.datasource.DataSourceInitializer] - <destroy called for org.springframework.jdbc.datasource.DriverManagerDataSource@1a1add99>
2017-03-23 10:03:56,087 INFO Test worker [org.springframework.context.support.ClassPathXmlApplicationContext] - <Refreshing org.springframework.context.support.ClassPathXmlApplicationContext@69967947: startup date [Thu Mar 23 10:03:56 CDT 2017]; root of context hierarchy>
2017-03-23 10:03:56,087 INFO Test worker [org.springframework.beans.factory.xml.XmlBeanDefinitionReader] - <Loading XML bean definitions from class path resource [org/springframework/batch/item/database/data-source-context.xml]>
2017-03-23 10:03:56,111 INFO Test worker [org.springframework.jdbc.datasource.DriverManagerDataSource] - <Loaded JDBC driver: org.hsqldb.jdbcDriver>
2017-03-23 10:03:56,128 INFO Test worker [org.springframework.context.support.ClassPathXmlApplicationContext] - <Closing org.springframework.context.support.ClassPathXmlApplicationContext@69967947: startup date [Thu Mar 23 10:03:56 CDT 2017]; root of context hierarchy>
2017-03-23 10:03:56,128 INFO Test worker [test.jdbc.datasource.DataSourceInitializer] - <destroy called for org.springframework.jdbc.datasource.DriverManagerDataSource@2d6cf61a>
]]></system-out>
  <system-err><![CDATA[]]></system-err>
</testsuite>
