<?xml version="1.0" encoding="UTF-8"?>
<testsuite name="org.springframework.batch.support.SystemPropertyInitializerTests" tests="3" skipped="0" failures="0" errors="0" timestamp="2017-03-23T15:04:27" hostname="Michaels-MacBook-Pro-3.local" time="0.0">
  <properties/>
  <testcase name="testNoDefaultValue" classname="org.springframework.batch.support.SystemPropertyInitializerTests" time="0.0"/>
  <testcase name="testSetKeyName" classname="org.springframework.batch.support.SystemPropertyInitializerTests" time="0.0"/>
  <testcase name="testSetDefaultValue" classname="org.springframework.batch.support.SystemPropertyInitializerTests" time="0.0"/>
  <system-out><![CDATA[]]></system-out>
  <system-err><![CDATA[]]></system-err>
</testsuite>
