<?xml version="1.0" encoding="UTF-8"?>
<testsuite name="org.springframework.batch.item.file.ResourcesItemReaderTests" tests="4" skipped="0" failures="0" errors="0" timestamp="2017-03-23T15:04:13" hostname="Michaels-MacBook-Pro-3.local" time="0.001">
  <properties/>
  <testcase name="testExhaustRead" classname="org.springframework.batch.item.file.ResourcesItemReaderTests" time="0.0"/>
  <testcase name="testRead" classname="org.springframework.batch.item.file.ResourcesItemReaderTests" time="0.0"/>
  <testcase name="testReadAndUpdate" classname="org.springframework.batch.item.file.ResourcesItemReaderTests" time="0.0"/>
  <testcase name="testReadAfterOpen" classname="org.springframework.batch.item.file.ResourcesItemReaderTests" time="0.0"/>
  <system-out><![CDATA[]]></system-out>
  <system-err><![CDATA[]]></system-err>
</testsuite>
