<?xml version="1.0" encoding="UTF-8"?>
<testsuite name="org.springframework.batch.repeat.callback.NestedRepeatCallbackTests" tests="1" skipped="0" failures="0" errors="0" timestamp="2017-03-23T15:04:24" hostname="Michaels-MacBook-Pro-3.local" time="0.018">
  <properties/>
  <testcase name="testExecute" classname="org.springframework.batch.repeat.callback.NestedRepeatCallbackTests" time="0.018"/>
  <system-out><![CDATA[]]></system-out>
  <system-err><![CDATA[]]></system-err>
</testsuite>
