<?xml version="1.0" encoding="UTF-8"?>
<testsuite name="org.springframework.batch.item.file.separator.DefaultRecordSeparatorPolicyTests" tests="11" skipped="0" failures="0" errors="0" timestamp="2017-03-23T15:04:13" hostname="Michaels-MacBook-Pro-3.local" time="0.002">
  <properties/>
  <testcase name="testPreProcessWithoutQuote" classname="org.springframework.batch.item.file.separator.DefaultRecordSeparatorPolicyTests" time="0.0"/>
  <testcase name="testNormalLine" classname="org.springframework.batch.item.file.separator.DefaultRecordSeparatorPolicyTests" time="0.0"/>
  <testcase name="testNullLine" classname="org.springframework.batch.item.file.separator.DefaultRecordSeparatorPolicyTests" time="0.0"/>
  <testcase name="testContinuationMarkerRemoved" classname="org.springframework.batch.item.file.separator.DefaultRecordSeparatorPolicyTests" time="0.0"/>
  <testcase name="testEmptyLine" classname="org.springframework.batch.item.file.separator.DefaultRecordSeparatorPolicyTests" time="0.0"/>
  <testcase name="testPostProcess" classname="org.springframework.batch.item.file.separator.DefaultRecordSeparatorPolicyTests" time="0.0"/>
  <testcase name="testContinuationMarkerNotEnd" classname="org.springframework.batch.item.file.separator.DefaultRecordSeparatorPolicyTests" time="0.0"/>
  <testcase name="testPreProcessWithQuote" classname="org.springframework.batch.item.file.separator.DefaultRecordSeparatorPolicyTests" time="0.0"/>
  <testcase name="testQuoteUnterminatedLine" classname="org.springframework.batch.item.file.separator.DefaultRecordSeparatorPolicyTests" time="0.0"/>
  <testcase name="testPreProcessWithNotDefaultQuote" classname="org.springframework.batch.item.file.separator.DefaultRecordSeparatorPolicyTests" time="0.0"/>
  <testcase name="testNotDefaultContinuationMarkerNotEnd" classname="org.springframework.batch.item.file.separator.DefaultRecordSeparatorPolicyTests" time="0.0"/>
  <system-out><![CDATA[]]></system-out>
  <system-err><![CDATA[]]></system-err>
</testsuite>
