<?xml version="1.0" encoding="UTF-8"?>
<testsuite name="org.springframework.batch.item.adapter.HippyMethodInvokerTests" tests="7" skipped="0" failures="0" errors="0" timestamp="2017-03-23T15:02:59" hostname="Michaels-MacBook-Pro-3.local" time="0.089">
  <properties/>
  <testcase name="testVanillaMethodInvoker" classname="org.springframework.batch.item.adapter.HippyMethodInvokerTests" time="0.081"/>
  <testcase name="testMissingArgument" classname="org.springframework.batch.item.adapter.HippyMethodInvokerTests" time="0.001"/>
  <testcase name="testEmptyParametersEmptyArgs" classname="org.springframework.batch.item.adapter.HippyMethodInvokerTests" time="0.001"/>
  <testcase name="testWrongOrder" classname="org.springframework.batch.item.adapter.HippyMethodInvokerTests" time="0.0"/>
  <testcase name="testTwoArgsOfSameTypeWithInexactMatch" classname="org.springframework.batch.item.adapter.HippyMethodInvokerTests" time="0.0"/>
  <testcase name="testEmptyParameters" classname="org.springframework.batch.item.adapter.HippyMethodInvokerTests" time="0.0"/>
  <testcase name="testOverloadedMethodUsingInputWithoutExactMatch" classname="org.springframework.batch.item.adapter.HippyMethodInvokerTests" time="0.002"/>
  <system-out><![CDATA[]]></system-out>
  <system-err><![CDATA[]]></system-err>
</testsuite>
