<?xml version="1.0" encoding="UTF-8"?>
<testsuite name="org.springframework.batch.jsr.item.ItemWriterAdapterTests" tests="9" skipped="0" failures="0" errors="0" timestamp="2017-03-23T15:04:23" hostname="Michaels-MacBook-Pro-3.local" time="0.031">
  <properties/>
  <testcase name="testUpdateException" classname="org.springframework.batch.jsr.item.ItemWriterAdapterTests" time="0.015"/>
  <testcase name="testCreateWithNull" classname="org.springframework.batch.jsr.item.ItemWriterAdapterTests" time="0.001"/>
  <testcase name="testClose" classname="org.springframework.batch.jsr.item.ItemWriterAdapterTests" time="0.002"/>
  <testcase name="testWrite" classname="org.springframework.batch.jsr.item.ItemWriterAdapterTests" time="0.0"/>
  <testcase name="testOpen" classname="org.springframework.batch.jsr.item.ItemWriterAdapterTests" time="0.001"/>
  <testcase name="testOpenException" classname="org.springframework.batch.jsr.item.ItemWriterAdapterTests" time="0.001"/>
  <testcase name="testCheckpointChange" classname="org.springframework.batch.jsr.item.ItemWriterAdapterTests" time="0.005"/>
  <testcase name="testCloseException" classname="org.springframework.batch.jsr.item.ItemWriterAdapterTests" time="0.001"/>
  <testcase name="testUpdate" classname="org.springframework.batch.jsr.item.ItemWriterAdapterTests" time="0.004"/>
  <system-out><![CDATA[]]></system-out>
  <system-err><![CDATA[]]></system-err>
</testsuite>
