<?xml version="1.0" encoding="UTF-8"?>
<testsuite name="org.springframework.batch.item.jms.JmsNewMethodArgumentsIdentifierTests" tests="2" skipped="0" failures="0" errors="0" timestamp="2017-03-23T15:04:14" hostname="Michaels-MacBook-Pro-3.local" time="0.0">
  <properties/>
  <testcase name="testIsNewForMessage" classname="org.springframework.batch.item.jms.JmsNewMethodArgumentsIdentifierTests" time="0.0"/>
  <testcase name="testIsNewForNonMessage" classname="org.springframework.batch.item.jms.JmsNewMethodArgumentsIdentifierTests" time="0.0"/>
  <system-out><![CDATA[]]></system-out>
  <system-err><![CDATA[]]></system-err>
</testsuite>
