<?xml version="1.0" encoding="UTF-8"?>
<testsuite name="org.springframework.batch.item.file.transform.DefaultFieldSetTests" tests="62" skipped="0" failures="0" errors="0" timestamp="2017-03-23T15:04:14" hostname="Michaels-MacBook-Pro-3.local" time="0.029">
  <properties/>
  <testcase name="testReadBigBigDecimal" classname="org.springframework.batch.item.file.transform.DefaultFieldSetTests" time="0.0"/>
  <testcase name="testReadRawString" classname="org.springframework.batch.item.file.transform.DefaultFieldSetTests" time="0.001"/>
  <testcase name="testReadBigDecimalByNameInvalid" classname="org.springframework.batch.item.file.transform.DefaultFieldSetTests" time="0.0"/>
  <testcase name="testReadDateInvalid" classname="org.springframework.batch.item.file.transform.DefaultFieldSetTests" time="0.001"/>
  <testcase name="testNamesNotKnown" classname="org.springframework.batch.item.file.transform.DefaultFieldSetTests" time="0.0"/>
  <testcase name="testReadLongWithNullValue" classname="org.springframework.batch.item.file.transform.DefaultFieldSetTests" time="0.001"/>
  <testcase name="testToStringWithNames" classname="org.springframework.batch.item.file.transform.DefaultFieldSetTests" time="0.0"/>
  <testcase name="testReadDouble" classname="org.springframework.batch.item.file.transform.DefaultFieldSetTests" time="0.0"/>
  <testcase name="testProperties" classname="org.springframework.batch.item.file.transform.DefaultFieldSetTests" time="0.0"/>
  <testcase name="testReadBigDecimalWithDefaultvalue" classname="org.springframework.batch.item.file.transform.DefaultFieldSetTests" time="0.001"/>
  <testcase name="testReadIntWithSeparatorAndFormat" classname="org.springframework.batch.item.file.transform.DefaultFieldSetTests" time="0.0"/>
  <testcase name="testReadBlankInt" classname="org.springframework.batch.item.file.transform.DefaultFieldSetTests" time="0.0"/>
  <testcase name="testPropertiesWithWhiteSpace" classname="org.springframework.batch.item.file.transform.DefaultFieldSetTests" time="0.0"/>
  <testcase name="testAccessByNameWhenNamesMissing" classname="org.springframework.batch.item.file.transform.DefaultFieldSetTests" time="0.0"/>
  <testcase name="testReadString" classname="org.springframework.batch.item.file.transform.DefaultFieldSetTests" time="0.0"/>
  <testcase name="testNames" classname="org.springframework.batch.item.file.transform.DefaultFieldSetTests" time="0.0"/>
  <testcase name="testStrictReadDateWithPatternAndStrangeDate" classname="org.springframework.batch.item.file.transform.DefaultFieldSetTests" time="0.0"/>
  <testcase name="testReadBigDecimal" classname="org.springframework.batch.item.file.transform.DefaultFieldSetTests" time="0.0"/>
  <testcase name="testReadDateInvalidWithPattern" classname="org.springframework.batch.item.file.transform.DefaultFieldSetTests" time="0.001"/>
  <testcase name="testReadIntWithDefaultAndNotNull" classname="org.springframework.batch.item.file.transform.DefaultFieldSetTests" time="0.0"/>
  <testcase name="testPaddedLong" classname="org.springframework.batch.item.file.transform.DefaultFieldSetTests" time="0.0"/>
  <testcase name="testReadIntWithNullValue" classname="org.springframework.batch.item.file.transform.DefaultFieldSetTests" time="0.0"/>
  <testcase name="testReadFloat" classname="org.springframework.batch.item.file.transform.DefaultFieldSetTests" time="0.001"/>
  <testcase name="testReadShort" classname="org.springframework.batch.item.file.transform.DefaultFieldSetTests" time="0.0"/>
  <testcase name="testReadDateWithDefault" classname="org.springframework.batch.item.file.transform.DefaultFieldSetTests" time="0.0"/>
  <testcase name="testReadIntegerAsFloat" classname="org.springframework.batch.item.file.transform.DefaultFieldSetTests" time="0.0"/>
  <testcase name="testEqualsNull" classname="org.springframework.batch.item.file.transform.DefaultFieldSetTests" time="0.001"/>
  <testcase name="testReadByte" classname="org.springframework.batch.item.file.transform.DefaultFieldSetTests" time="0.0"/>
  <testcase name="testReadChar" classname="org.springframework.batch.item.file.transform.DefaultFieldSetTests" time="0.0"/>
  <testcase name="testReadDate" classname="org.springframework.batch.item.file.transform.DefaultFieldSetTests" time="0.001"/>
  <testcase name="testReadLong" classname="org.springframework.batch.item.file.transform.DefaultFieldSetTests" time="0.0"/>
  <testcase name="testReadLongWithPadding" classname="org.springframework.batch.item.file.transform.DefaultFieldSetTests" time="0.0"/>
  <testcase name="testReadIntWithSeparator" classname="org.springframework.batch.item.file.transform.DefaultFieldSetTests" time="0.001"/>
  <testcase name="testToStringWithoutNames" classname="org.springframework.batch.item.file.transform.DefaultFieldSetTests" time="0.0"/>
  <testcase name="testReadDateWithFormat" classname="org.springframework.batch.item.file.transform.DefaultFieldSetTests" time="0.001"/>
  <testcase name="testToStringNullTokens" classname="org.springframework.batch.item.file.transform.DefaultFieldSetTests" time="0.0"/>
  <testcase name="testReadNonExistentField" classname="org.springframework.batch.item.file.transform.DefaultFieldSetTests" time="0.001"/>
  <testcase name="testReadBigDecimalWithEuroFormat" classname="org.springframework.batch.item.file.transform.DefaultFieldSetTests" time="0.005"/>
  <testcase name="testReadDateWithPatternAndDefault" classname="org.springframework.batch.item.file.transform.DefaultFieldSetTests" time="0.0"/>
  <testcase name="testEqualsNullTokens" classname="org.springframework.batch.item.file.transform.DefaultFieldSetTests" time="0.0"/>
  <testcase name="testPropertiesWithNullValues" classname="org.springframework.batch.item.file.transform.DefaultFieldSetTests" time="0.0"/>
  <testcase name="testEqualsNotEqual" classname="org.springframework.batch.item.file.transform.DefaultFieldSetTests" time="0.0"/>
  <testcase name="testPropertiesWithNoNames" classname="org.springframework.batch.item.file.transform.DefaultFieldSetTests" time="0.001"/>
  <testcase name="testReadIntegerAsDouble" classname="org.springframework.batch.item.file.transform.DefaultFieldSetTests" time="0.0"/>
  <testcase name="testReadInt" classname="org.springframework.batch.item.file.transform.DefaultFieldSetTests" time="0.0"/>
  <testcase name="testReadBooleanFalse" classname="org.springframework.batch.item.file.transform.DefaultFieldSetTests" time="0.001"/>
  <testcase name="testHashCode" classname="org.springframework.batch.item.file.transform.DefaultFieldSetTests" time="0.0"/>
  <testcase name="testReadBigDecimalInvalid" classname="org.springframework.batch.item.file.transform.DefaultFieldSetTests" time="0.001"/>
  <testcase name="testReadCharException" classname="org.springframework.batch.item.file.transform.DefaultFieldSetTests" time="0.0"/>
  <testcase name="testReadDateInvalidByName" classname="org.springframework.batch.item.file.transform.DefaultFieldSetTests" time="0.0"/>
  <testcase name="testReadBooleanWithTrueValue" classname="org.springframework.batch.item.file.transform.DefaultFieldSetTests" time="0.0"/>
  <testcase name="testEquals" classname="org.springframework.batch.item.file.transform.DefaultFieldSetTests" time="0.0"/>
  <testcase name="testReadIndexOutOfRange" classname="org.springframework.batch.item.file.transform.DefaultFieldSetTests" time="0.001"/>
  <testcase name="testReadDateInvalidWithDefault" classname="org.springframework.batch.item.file.transform.DefaultFieldSetTests" time="0.0"/>
  <testcase name="testGetValues" classname="org.springframework.batch.item.file.transform.DefaultFieldSetTests" time="0.0"/>
  <testcase name="testNullField" classname="org.springframework.batch.item.file.transform.DefaultFieldSetTests" time="0.001"/>
  <testcase name="testReadBooleanTrue" classname="org.springframework.batch.item.file.transform.DefaultFieldSetTests" time="0.0"/>
  <testcase name="testStrictReadDateWithPattern" classname="org.springframework.batch.item.file.transform.DefaultFieldSetTests" time="0.0"/>
  <testcase name="testReadDateByNameInvalidWithPattern" classname="org.springframework.batch.item.file.transform.DefaultFieldSetTests" time="0.001"/>
  <testcase name="testConstructor" classname="org.springframework.batch.item.file.transform.DefaultFieldSetTests" time="0.0"/>
  <testcase name="testReadBigDecimalWithFormat" classname="org.springframework.batch.item.file.transform.DefaultFieldSetTests" time="0.0"/>
  <testcase name="testHashCodeWithNullTokens" classname="org.springframework.batch.item.file.transform.DefaultFieldSetTests" time="0.0"/>
  <system-out><![CDATA[]]></system-out>
  <system-err><![CDATA[]]></system-err>
</testsuite>
