<?xml version="1.0" encoding="UTF-8"?>
<testsuite name="org.springframework.batch.support.LastModifiedResourceComparatorTests" tests="5" skipped="0" failures="0" errors="0" timestamp="2017-03-23T15:04:26" hostname="Michaels-MacBook-Pro-3.local" time="1.013">
  <properties/>
  <testcase name="testCompareSame" classname="org.springframework.batch.support.LastModifiedResourceComparatorTests" time="0.0"/>
  <testcase name="testCompareNewWithOld" classname="org.springframework.batch.support.LastModifiedResourceComparatorTests" time="0.0"/>
  <testcase name="testCompareNewWithOldAfterCopy" classname="org.springframework.batch.support.LastModifiedResourceComparatorTests" time="1.01"/>
  <testcase name="testCompareOneNonExistent" classname="org.springframework.batch.support.LastModifiedResourceComparatorTests" time="0.001"/>
  <testcase name="testCompareTwoNonExistent" classname="org.springframework.batch.support.LastModifiedResourceComparatorTests" time="0.0"/>
  <system-out><![CDATA[]]></system-out>
  <system-err><![CDATA[]]></system-err>
</testsuite>
