<?xml version="1.0" encoding="UTF-8"?>
<testsuite name="org.springframework.batch.item.jms.JmsItemReaderTests" tests="7" skipped="0" failures="0" errors="0" timestamp="2017-03-23T15:04:14" hostname="Michaels-MacBook-Pro-3.local" time="0.093">
  <properties/>
  <testcase name="testTemplateWithNoDefaultDestination" classname="org.springframework.batch.item.jms.JmsItemReaderTests" time="0.015"/>
  <testcase name="testNoItemTypeSunnyDay" classname="org.springframework.batch.item.jms.JmsItemReaderTests" time="0.041"/>
  <testcase name="testSetItemTypeSunnyDay" classname="org.springframework.batch.item.jms.JmsItemReaderTests" time="0.0"/>
  <testcase name="testSetItemSubclassTypeSunnyDay" classname="org.springframework.batch.item.jms.JmsItemReaderTests" time="0.001"/>
  <testcase name="testSetItemTypeMismatch" classname="org.springframework.batch.item.jms.JmsItemReaderTests" time="0.0"/>
  <testcase name="testNextMessageSunnyDay" classname="org.springframework.batch.item.jms.JmsItemReaderTests" time="0.036"/>
  <testcase name="testTemplateWithNoTimeout" classname="org.springframework.batch.item.jms.JmsItemReaderTests" time="0.0"/>
  <system-out><![CDATA[]]></system-out>
  <system-err><![CDATA[]]></system-err>
</testsuite>
