<?xml version="1.0" encoding="UTF-8"?>
<testsuite name="org.springframework.batch.item.file.mapping.PassThroughLineMapperTests" tests="1" skipped="0" failures="0" errors="0" timestamp="2017-03-23T15:04:13" hostname="Michaels-MacBook-Pro-3.local" time="0.001">
  <properties/>
  <testcase name="testMapLine" classname="org.springframework.batch.item.file.mapping.PassThroughLineMapperTests" time="0.001"/>
  <system-out><![CDATA[]]></system-out>
  <system-err><![CDATA[]]></system-err>
</testsuite>
