<?xml version="1.0" encoding="UTF-8"?>
<testsuite name="org.springframework.batch.item.amqp.AmqpItemWriterTests" tests="2" skipped="0" failures="0" errors="0" timestamp="2017-03-23T15:03:04" hostname="Michaels-MacBook-Pro-3.local" time="0.004">
  <properties/>
  <testcase name="voidTestWrite" classname="org.springframework.batch.item.amqp.AmqpItemWriterTests" time="0.004"/>
  <testcase name="testNullAmqpTemplate" classname="org.springframework.batch.item.amqp.AmqpItemWriterTests" time="0.0"/>
  <system-out><![CDATA[]]></system-out>
  <system-err><![CDATA[]]></system-err>
</testsuite>
