<?xml version="1.0" encoding="UTF-8"?>
<testsuite name="org.springframework.batch.item.file.mapping.BeanWrapperFieldSetMapperConcurrentTests" tests="1" skipped="0" failures="0" errors="0" timestamp="2017-03-23T15:04:12" hostname="Michaels-MacBook-Pro-3.local" time="0.02">
  <properties/>
  <testcase name="testConcurrentUsage" classname="org.springframework.batch.item.file.mapping.BeanWrapperFieldSetMapperConcurrentTests" time="0.02"/>
  <system-out><![CDATA[]]></system-out>
  <system-err><![CDATA[]]></system-err>
</testsuite>
