<?xml version="1.0" encoding="UTF-8"?>
<testsuite name="org.springframework.batch.item.util.ExecutionContextUserSupportTests" tests="2" skipped="0" failures="0" errors="0" timestamp="2017-03-23T15:04:22" hostname="Michaels-MacBook-Pro-3.local" time="0.001">
  <properties/>
  <testcase name="testGetKeyWithNoNameSet" classname="org.springframework.batch.item.util.ExecutionContextUserSupportTests" time="0.001"/>
  <testcase name="testGetKey" classname="org.springframework.batch.item.util.ExecutionContextUserSupportTests" time="0.0"/>
  <system-out><![CDATA[]]></system-out>
  <system-err><![CDATA[]]></system-err>
</testsuite>
