<?xml version="1.0" encoding="UTF-8"?>
<testsuite name="org.springframework.batch.repeat.policy.CompositeCompletionPolicyTests" tests="4" skipped="0" failures="0" errors="0" timestamp="2017-03-23T15:04:24" hostname="Michaels-MacBook-Pro-3.local" time="0.004">
  <properties/>
  <testcase name="testNonTrivialPolicies" classname="org.springframework.batch.repeat.policy.CompositeCompletionPolicyTests" time="0.003"/>
  <testcase name="testEmptyPolicies" classname="org.springframework.batch.repeat.policy.CompositeCompletionPolicyTests" time="0.0"/>
  <testcase name="testTrivialPolicies" classname="org.springframework.batch.repeat.policy.CompositeCompletionPolicyTests" time="0.001"/>
  <testcase name="testNonTrivialPoliciesWithResult" classname="org.springframework.batch.repeat.policy.CompositeCompletionPolicyTests" time="0.0"/>
  <system-out><![CDATA[]]></system-out>
  <system-err><![CDATA[]]></system-err>
</testsuite>
