<?xml version="1.0" encoding="UTF-8"?>
<testsuite name="org.springframework.batch.repeat.context.RepeatContextSupportTests" tests="3" skipped="0" failures="0" errors="0" timestamp="2017-03-23T15:04:24" hostname="Michaels-MacBook-Pro-3.local" time="0.003">
  <properties/>
  <testcase name="testDestructionCallbackWithException" classname="org.springframework.batch.repeat.context.RepeatContextSupportTests" time="0.002"/>
  <testcase name="testDestructionCallbackSunnyDay" classname="org.springframework.batch.repeat.context.RepeatContextSupportTests" time="0.001"/>
  <testcase name="testDestructionCallbackMissingAttribute" classname="org.springframework.batch.repeat.context.RepeatContextSupportTests" time="0.0"/>
  <system-out><![CDATA[]]></system-out>
  <system-err><![CDATA[]]></system-err>
</testsuite>
