<?xml version="1.0" encoding="UTF-8"?>
<testsuite name="org.springframework.batch.repeat.listener.CompositeRepeatListenerTests" tests="4" skipped="0" failures="0" errors="0" timestamp="2017-03-23T15:04:24" hostname="Michaels-MacBook-Pro-3.local" time="0.004">
  <properties/>
  <testcase name="testOnError" classname="org.springframework.batch.repeat.listener.CompositeRepeatListenerTests" time="0.001"/>
  <testcase name="testSetListener" classname="org.springframework.batch.repeat.listener.CompositeRepeatListenerTests" time="0.001"/>
  <testcase name="testClose" classname="org.springframework.batch.repeat.listener.CompositeRepeatListenerTests" time="0.001"/>
  <testcase name="testSetListeners" classname="org.springframework.batch.repeat.listener.CompositeRepeatListenerTests" time="0.001"/>
  <system-out><![CDATA[]]></system-out>
  <system-err><![CDATA[]]></system-err>
</testsuite>
