<?xml version="1.0" encoding="UTF-8"?>
<testsuite name="org.springframework.batch.item.data.RepositoryItemReaderTests" tests="11" skipped="0" failures="0" errors="0" timestamp="2017-03-23T15:03:06" hostname="Michaels-MacBook-Pro-3.local" time="0.133">
  <properties/>
  <testcase name="testDoReadFirstReadResults" classname="org.springframework.batch.item.data.RepositoryItemReaderTests" time="0.053"/>
  <testcase name="testResetOfPage" classname="org.springframework.batch.item.data.RepositoryItemReaderTests" time="0.012"/>
  <testcase name="testJumpToItem" classname="org.springframework.batch.item.data.RepositoryItemReaderTests" time="0.003"/>
  <testcase name="testDoReadFirstReadSecondPage" classname="org.springframework.batch.item.data.RepositoryItemReaderTests" time="0.002"/>
  <testcase name="testSettingCurrentItemCountExplicitly" classname="org.springframework.batch.item.data.RepositoryItemReaderTests" time="0.003"/>
  <testcase name="testInvalidMethodName" classname="org.springframework.batch.item.data.RepositoryItemReaderTests" time="0.001"/>
  <testcase name="testSettingCurrentItemCountRestart" classname="org.springframework.batch.item.data.RepositoryItemReaderTests" time="0.003"/>
  <testcase name="testDoReadFirstReadExhausted" classname="org.springframework.batch.item.data.RepositoryItemReaderTests" time="0.006"/>
  <testcase name="testDoReadFirstReadNoResults" classname="org.springframework.batch.item.data.RepositoryItemReaderTests" time="0.002"/>
  <testcase name="testDifferentTypes" classname="org.springframework.batch.item.data.RepositoryItemReaderTests" time="0.046"/>
  <testcase name="testAfterPropertiesSet" classname="org.springframework.batch.item.data.RepositoryItemReaderTests" time="0.001"/>
  <system-out><![CDATA[]]></system-out>
  <system-err><![CDATA[]]></system-err>
</testsuite>
