<?xml version="1.0" encoding="UTF-8"?>
<testsuite name="org.springframework.batch.item.util.FileUtilsTests" tests="6" skipped="0" failures="0" errors="0" timestamp="2017-03-23T15:04:22" hostname="Michaels-MacBook-Pro-3.local" time="0.005">
  <properties/>
  <testcase name="testNoRestart" classname="org.springframework.batch.item.util.FileUtilsTests" time="0.001"/>
  <testcase name="testCouldntCreateFile" classname="org.springframework.batch.item.util.FileUtilsTests" time="0.001"/>
  <testcase name="testCreateDirectoryStructure" classname="org.springframework.batch.item.util.FileUtilsTests" time="0.001"/>
  <testcase name="testBadFile" classname="org.springframework.batch.item.util.FileUtilsTests" time="0.0"/>
  <testcase name="testCreateDirectoryStructureAppendMode" classname="org.springframework.batch.item.util.FileUtilsTests" time="0.0"/>
  <testcase name="testRestart" classname="org.springframework.batch.item.util.FileUtilsTests" time="0.0"/>
  <system-out><![CDATA[]]></system-out>
  <system-err><![CDATA[]]></system-err>
</testsuite>
