<?xml version="1.0" encoding="UTF-8"?>
<testsuite name="org.springframework.batch.item.file.transform.DelimitedLineTokenizerTests" tests="40" skipped="0" failures="0" errors="0" timestamp="2017-03-23T15:04:14" hostname="Michaels-MacBook-Pro-3.local" time="0.011">
  <properties/>
  <testcase name="testTokenizeWithIncludedFieldsAndTooFewNames" classname="org.springframework.batch.item.file.transform.DelimitedLineTokenizerTests" time="0.001"/>
  <testcase name="testTooFewNamesNotStrict" classname="org.springframework.batch.item.file.transform.DelimitedLineTokenizerTests" time="0.0"/>
  <testcase name="testDelimitedLineTokenizerWrappedToken" classname="org.springframework.batch.item.file.transform.DelimitedLineTokenizerTests" time="0.001"/>
  <testcase name="testTooFewNames" classname="org.springframework.batch.item.file.transform.DelimitedLineTokenizerTests" time="0.0"/>
  <testcase name="testTokenizeWithQuotes" classname="org.springframework.batch.item.file.transform.DelimitedLineTokenizerTests" time="0.0"/>
  <testcase name="testMultiLineFieldWithQuotes" classname="org.springframework.batch.item.file.transform.DelimitedLineTokenizerTests" time="0.0"/>
  <testcase name="testTokenizeWithIncludedFieldsAndEmptyEnd" classname="org.springframework.batch.item.file.transform.DelimitedLineTokenizerTests" time="0.0"/>
  <testcase name="testEmptyLineWithNames" classname="org.springframework.batch.item.file.transform.DelimitedLineTokenizerTests" time="0.001"/>
  <testcase name="testTooManyNames" classname="org.springframework.batch.item.file.transform.DelimitedLineTokenizerTests" time="0.0"/>
  <testcase name="testNames" classname="org.springframework.batch.item.file.transform.DelimitedLineTokenizerTests" time="0.0"/>
  <testcase name="testNullLine" classname="org.springframework.batch.item.file.transform.DelimitedLineTokenizerTests" time="0.0"/>
  <testcase name="testTokenizeWithIncludedFields" classname="org.springframework.batch.item.file.transform.DelimitedLineTokenizerTests" time="0.0"/>
  <testcase name="testDelimitedLineTokenizerStringsOverlapWithoutSeparation" classname="org.springframework.batch.item.file.transform.DelimitedLineTokenizerTests" time="0.0"/>
  <testcase name="testEmptyLine" classname="org.springframework.batch.item.file.transform.DelimitedLineTokenizerTests" time="0.0"/>
  <testcase name="testMultiLineField" classname="org.springframework.batch.item.file.transform.DelimitedLineTokenizerTests" time="0.0"/>
  <testcase name="testTokenizeWithNotDefaultQuotes" classname="org.springframework.batch.item.file.transform.DelimitedLineTokenizerTests" time="0.0"/>
  <testcase name="testTokenizeOverMultipleLines" classname="org.springframework.batch.item.file.transform.DelimitedLineTokenizerTests" time="0.001"/>
  <testcase name="testTokenizeWithSpaceAtEnd" classname="org.springframework.batch.item.file.transform.DelimitedLineTokenizerTests" time="0.0"/>
  <testcase name="testTokenizeWithSpaceInField" classname="org.springframework.batch.item.file.transform.DelimitedLineTokenizerTests" time="0.0"/>
  <testcase name="testDelimitedLineTokenizerStringBeginningOfLine" classname="org.springframework.batch.item.file.transform.DelimitedLineTokenizerTests" time="0.0"/>
  <testcase name="testTokenizeWithIncludedFieldsAndTooManyNames" classname="org.springframework.batch.item.file.transform.DelimitedLineTokenizerTests" time="0.001"/>
  <testcase name="testTokenizeWithQuotesEmptyValue" classname="org.springframework.batch.item.file.transform.DelimitedLineTokenizerTests" time="0.0"/>
  <testcase name="testTokenizeWithIncludedFieldsAndNames" classname="org.springframework.batch.item.file.transform.DelimitedLineTokenizerTests" time="0.0"/>
  <testcase name="testDelimitedLineTokenizer" classname="org.springframework.batch.item.file.transform.DelimitedLineTokenizerTests" time="0.0"/>
  <testcase name="testDelimitedLineTokenizerNullDelimiter" classname="org.springframework.batch.item.file.transform.DelimitedLineTokenizerTests" time="0.0"/>
  <testcase name="testDelimitedLineTokenizerChar" classname="org.springframework.batch.item.file.transform.DelimitedLineTokenizerTests" time="0.0"/>
  <testcase name="testDelimitedLineTokenizerStringEndOfLine" classname="org.springframework.batch.item.file.transform.DelimitedLineTokenizerTests" time="0.0"/>
  <testcase name="testTokenizeRegularUse" classname="org.springframework.batch.item.file.transform.DelimitedLineTokenizerTests" time="0.001"/>
  <testcase name="testDelimitedLineTokenizerString" classname="org.springframework.batch.item.file.transform.DelimitedLineTokenizerTests" time="0.0"/>
  <testcase name="testInvalidConstructorArgument" classname="org.springframework.batch.item.file.transform.DelimitedLineTokenizerTests" time="0.0"/>
  <testcase name="testTooManyNamesNotStrict" classname="org.springframework.batch.item.file.transform.DelimitedLineTokenizerTests" time="0.0"/>
  <testcase name="testTokenizeWithDelimiterAtEnd" classname="org.springframework.batch.item.file.transform.DelimitedLineTokenizerTests" time="0.0"/>
  <testcase name="testWhitespaceLine" classname="org.springframework.batch.item.file.transform.DelimitedLineTokenizerTests" time="0.0"/>
  <testcase name="testTokenizeWithUnclosedQuotes" classname="org.springframework.batch.item.file.transform.DelimitedLineTokenizerTests" time="0.0"/>
  <testcase name="testTokenizeWithEscapedQuotes" classname="org.springframework.batch.item.file.transform.DelimitedLineTokenizerTests" time="0.0"/>
  <testcase name="testTokenizeWithQuoteAndSpaceBeforeDelimiter" classname="org.springframework.batch.item.file.transform.DelimitedLineTokenizerTests" time="0.0"/>
  <testcase name="testDelimitedLineTokenizerEmptyString" classname="org.springframework.batch.item.file.transform.DelimitedLineTokenizerTests" time="0.0"/>
  <testcase name="testDelimitedLineTokenizerNewlineToken" classname="org.springframework.batch.item.file.transform.DelimitedLineTokenizerTests" time="0.0"/>
  <testcase name="testTokenizeWithQuoteAndSpaceAtEnd" classname="org.springframework.batch.item.file.transform.DelimitedLineTokenizerTests" time="0.001"/>
  <testcase name="testDelimitedLineTokenizerStringsOverlap" classname="org.springframework.batch.item.file.transform.DelimitedLineTokenizerTests" time="0.0"/>
  <system-out><![CDATA[]]></system-out>
  <system-err><![CDATA[]]></system-err>
</testsuite>
