<?xml version="1.0" encoding="UTF-8"?>
<testsuite name="org.springframework.batch.item.data.Neo4jItemWriterTests" tests="9" skipped="0" failures="0" errors="0" timestamp="2017-03-23T15:03:06" hostname="Michaels-MacBook-Pro-3.local" time="0.013">
  <properties/>
  <testcase name="testWriteNullWithSession" classname="org.springframework.batch.item.data.Neo4jItemWriterTests" time="0.002"/>
  <testcase name="testDeleteItems" classname="org.springframework.batch.item.data.Neo4jItemWriterTests" time="0.001"/>
  <testcase name="testWriteItems" classname="org.springframework.batch.item.data.Neo4jItemWriterTests" time="0.001"/>
  <testcase name="testWriteNoItemsWithSession" classname="org.springframework.batch.item.data.Neo4jItemWriterTests" time="0.001"/>
  <testcase name="testWriteNull" classname="org.springframework.batch.item.data.Neo4jItemWriterTests" time="0.001"/>
  <testcase name="testAfterPropertiesSet" classname="org.springframework.batch.item.data.Neo4jItemWriterTests" time="0.001"/>
  <testcase name="testWriteNoItems" classname="org.springframework.batch.item.data.Neo4jItemWriterTests" time="0.001"/>
  <testcase name="testDeleteItemsWithSession" classname="org.springframework.batch.item.data.Neo4jItemWriterTests" time="0.002"/>
  <testcase name="testWriteItemsWithSession" classname="org.springframework.batch.item.data.Neo4jItemWriterTests" time="0.002"/>
  <system-out><![CDATA[]]></system-out>
  <system-err><![CDATA[]]></system-err>
</testsuite>
