<?xml version="1.0" encoding="UTF-8"?>
<testsuite name="org.springframework.batch.repeat.policy.TimeoutCompletionPolicyTests" tests="4" skipped="0" failures="0" errors="0" timestamp="2017-03-23T15:04:24" hostname="Michaels-MacBook-Pro-3.local" time="0.11">
  <properties/>
  <testcase name="testSimpleTimeout" classname="org.springframework.batch.repeat.policy.TimeoutCompletionPolicyTests" time="0.055"/>
  <testcase name="testSuccessfulResult" classname="org.springframework.batch.repeat.policy.TimeoutCompletionPolicyTests" time="0.0"/>
  <testcase name="testUpdate" classname="org.springframework.batch.repeat.policy.TimeoutCompletionPolicyTests" time="0.055"/>
  <testcase name="testNonContinuableResult" classname="org.springframework.batch.repeat.policy.TimeoutCompletionPolicyTests" time="0.0"/>
  <system-out><![CDATA[]]></system-out>
  <system-err><![CDATA[]]></system-err>
</testsuite>
