<?xml version="1.0" encoding="UTF-8"?>
<testsuite name="org.springframework.batch.item.file.mapping.PatternMatchingCompositeLineMapperTests" tests="3" skipped="0" failures="0" errors="0" timestamp="2017-03-23T15:04:13" hostname="Michaels-MacBook-Pro-3.local" time="0.024">
  <properties/>
  <testcase name="testKeyFound" classname="org.springframework.batch.item.file.mapping.PatternMatchingCompositeLineMapperTests" time="0.021"/>
  <testcase name="testMapperKeyNotFound" classname="org.springframework.batch.item.file.mapping.PatternMatchingCompositeLineMapperTests" time="0.003"/>
  <testcase name="testNoMappers" classname="org.springframework.batch.item.file.mapping.PatternMatchingCompositeLineMapperTests" time="0.0"/>
  <system-out><![CDATA[]]></system-out>
  <system-err><![CDATA[]]></system-err>
</testsuite>
