<?xml version="1.0" encoding="UTF-8"?>
<testsuite name="org.springframework.batch.item.database.JdbcCursorItemReaderCommonTests" tests="8" skipped="0" failures="0" errors="0" timestamp="2017-03-23T15:03:56" hostname="Michaels-MacBook-Pro-3.local" time="0.252">
  <properties/>
  <testcase name="testRestartWithDriverSupportsAbsolute" classname="org.springframework.batch.item.database.JdbcCursorItemReaderCommonTests" time="0.031"/>
  <testcase name="testReadBeforeOpen" classname="org.springframework.batch.item.database.JdbcCursorItemReaderCommonTests" time="0.026"/>
  <testcase name="testReadToExhaustion" classname="org.springframework.batch.item.database.JdbcCursorItemReaderCommonTests" time="0.031"/>
  <testcase name="testResetAndRestart" classname="org.springframework.batch.item.database.JdbcCursorItemReaderCommonTests" time="0.035"/>
  <testcase name="testRestart" classname="org.springframework.batch.item.database.JdbcCursorItemReaderCommonTests" time="0.031"/>
  <testcase name="testReopen" classname="org.springframework.batch.item.database.JdbcCursorItemReaderCommonTests" time="0.034"/>
  <testcase name="testEmptyInput" classname="org.springframework.batch.item.database.JdbcCursorItemReaderCommonTests" time="0.032"/>
  <testcase name="testRead" classname="org.springframework.batch.item.database.JdbcCursorItemReaderCommonTests" time="0.031"/>
  <system-out><![CDATA[2017-03-23 10:03:56,388 INFO Test worker [org.springframework.context.support.ClassPathXmlApplicationContext] - <Refreshing org.springframework.context.support.ClassPathXmlApplicationContext@309103ce: startup date [Thu Mar 23 10:03:56 CDT 2017]; root of context hierarchy>
2017-03-23 10:03:56,389 INFO Test worker [org.springframework.beans.factory.xml.XmlBeanDefinitionReader] - <Loading XML bean definitions from class path resource [org/springframework/batch/item/database/data-source-context.xml]>
2017-03-23 10:03:56,410 INFO Test worker [org.springframework.jdbc.datasource.DriverManagerDataSource] - <Loaded JDBC driver: org.hsqldb.jdbcDriver>
2017-03-23 10:03:56,419 INFO Test worker [org.springframework.context.support.ClassPathXmlApplicationContext] - <Closing org.springframework.context.support.ClassPathXmlApplicationContext@309103ce: startup date [Thu Mar 23 10:03:56 CDT 2017]; root of context hierarchy>
2017-03-23 10:03:56,419 INFO Test worker [test.jdbc.datasource.DataSourceInitializer] - <destroy called for org.springframework.jdbc.datasource.DriverManagerDataSource@b3d873d>
2017-03-23 10:03:56,420 INFO Test worker [org.springframework.context.support.ClassPathXmlApplicationContext] - <Refreshing org.springframework.context.support.ClassPathXmlApplicationContext@43a5e5e: startup date [Thu Mar 23 10:03:56 CDT 2017]; root of context hierarchy>
2017-03-23 10:03:56,420 INFO Test worker [org.springframework.beans.factory.xml.XmlBeanDefinitionReader] - <Loading XML bean definitions from class path resource [org/springframework/batch/item/database/data-source-context.xml]>
2017-03-23 10:03:56,440 INFO Test worker [org.springframework.jdbc.datasource.DriverManagerDataSource] - <Loaded JDBC driver: org.hsqldb.jdbcDriver>
2017-03-23 10:03:56,445 INFO Test worker [org.springframework.context.support.ClassPathXmlApplicationContext] - <Closing org.springframework.context.support.ClassPathXmlApplicationContext@43a5e5e: startup date [Thu Mar 23 10:03:56 CDT 2017]; root of context hierarchy>
2017-03-23 10:03:56,446 INFO Test worker [test.jdbc.datasource.DataSourceInitializer] - <destroy called for org.springframework.jdbc.datasource.DriverManagerDataSource@69d07c38>
2017-03-23 10:03:56,446 INFO Test worker [org.springframework.context.support.ClassPathXmlApplicationContext] - <Refreshing org.springframework.context.support.ClassPathXmlApplicationContext@142adb23: startup date [Thu Mar 23 10:03:56 CDT 2017]; root of context hierarchy>
2017-03-23 10:03:56,446 INFO Test worker [org.springframework.beans.factory.xml.XmlBeanDefinitionReader] - <Loading XML bean definitions from class path resource [org/springframework/batch/item/database/data-source-context.xml]>
2017-03-23 10:03:56,470 INFO Test worker [org.springframework.jdbc.datasource.DriverManagerDataSource] - <Loaded JDBC driver: org.hsqldb.jdbcDriver>
2017-03-23 10:03:56,476 INFO Test worker [org.springframework.context.support.ClassPathXmlApplicationContext] - <Closing org.springframework.context.support.ClassPathXmlApplicationContext@142adb23: startup date [Thu Mar 23 10:03:56 CDT 2017]; root of context hierarchy>
2017-03-23 10:03:56,477 INFO Test worker [test.jdbc.datasource.DataSourceInitializer] - <destroy called for org.springframework.jdbc.datasource.DriverManagerDataSource@423da15f>
2017-03-23 10:03:56,477 INFO Test worker [org.springframework.context.support.ClassPathXmlApplicationContext] - <Refreshing org.springframework.context.support.ClassPathXmlApplicationContext@583e998f: startup date [Thu Mar 23 10:03:56 CDT 2017]; root of context hierarchy>
2017-03-23 10:03:56,478 INFO Test worker [org.springframework.beans.factory.xml.XmlBeanDefinitionReader] - <Loading XML bean definitions from class path resource [org/springframework/batch/item/database/data-source-context.xml]>
2017-03-23 10:03:56,504 INFO Test worker [org.springframework.jdbc.datasource.DriverManagerDataSource] - <Loaded JDBC driver: org.hsqldb.jdbcDriver>
2017-03-23 10:03:56,512 INFO Test worker [org.springframework.context.support.ClassPathXmlApplicationContext] - <Closing org.springframework.context.support.ClassPathXmlApplicationContext@583e998f: startup date [Thu Mar 23 10:03:56 CDT 2017]; root of context hierarchy>
2017-03-23 10:03:56,512 INFO Test worker [test.jdbc.datasource.DataSourceInitializer] - <destroy called for org.springframework.jdbc.datasource.DriverManagerDataSource@2ab16ff>
2017-03-23 10:03:56,513 INFO Test worker [org.springframework.context.support.ClassPathXmlApplicationContext] - <Refreshing org.springframework.context.support.ClassPathXmlApplicationContext@3297772d: startup date [Thu Mar 23 10:03:56 CDT 2017]; root of context hierarchy>
2017-03-23 10:03:56,513 INFO Test worker [org.springframework.beans.factory.xml.XmlBeanDefinitionReader] - <Loading XML bean definitions from class path resource [org/springframework/batch/item/database/data-source-context.xml]>
2017-03-23 10:03:56,536 INFO Test worker [org.springframework.jdbc.datasource.DriverManagerDataSource] - <Loaded JDBC driver: org.hsqldb.jdbcDriver>
2017-03-23 10:03:56,543 INFO Test worker [org.springframework.context.support.ClassPathXmlApplicationContext] - <Closing org.springframework.context.support.ClassPathXmlApplicationContext@3297772d: startup date [Thu Mar 23 10:03:56 CDT 2017]; root of context hierarchy>
2017-03-23 10:03:56,543 INFO Test worker [test.jdbc.datasource.DataSourceInitializer] - <destroy called for org.springframework.jdbc.datasource.DriverManagerDataSource@588eba3>
2017-03-23 10:03:56,544 INFO Test worker [org.springframework.context.support.ClassPathXmlApplicationContext] - <Refreshing org.springframework.context.support.ClassPathXmlApplicationContext@63bdb549: startup date [Thu Mar 23 10:03:56 CDT 2017]; root of context hierarchy>
2017-03-23 10:03:56,544 INFO Test worker [org.springframework.beans.factory.xml.XmlBeanDefinitionReader] - <Loading XML bean definitions from class path resource [org/springframework/batch/item/database/data-source-context.xml]>
2017-03-23 10:03:56,570 INFO Test worker [org.springframework.jdbc.datasource.DriverManagerDataSource] - <Loaded JDBC driver: org.hsqldb.jdbcDriver>
2017-03-23 10:03:56,577 INFO Test worker [org.springframework.context.support.ClassPathXmlApplicationContext] - <Closing org.springframework.context.support.ClassPathXmlApplicationContext@63bdb549: startup date [Thu Mar 23 10:03:56 CDT 2017]; root of context hierarchy>
2017-03-23 10:03:56,577 INFO Test worker [test.jdbc.datasource.DataSourceInitializer] - <destroy called for org.springframework.jdbc.datasource.DriverManagerDataSource@3b4988b9>
2017-03-23 10:03:56,577 INFO Test worker [org.springframework.context.support.ClassPathXmlApplicationContext] - <Refreshing org.springframework.context.support.ClassPathXmlApplicationContext@e58efc9: startup date [Thu Mar 23 10:03:56 CDT 2017]; root of context hierarchy>
2017-03-23 10:03:56,578 INFO Test worker [org.springframework.beans.factory.xml.XmlBeanDefinitionReader] - <Loading XML bean definitions from class path resource [org/springframework/batch/item/database/data-source-context.xml]>
2017-03-23 10:03:56,601 INFO Test worker [org.springframework.jdbc.datasource.DriverManagerDataSource] - <Loaded JDBC driver: org.hsqldb.jdbcDriver>
2017-03-23 10:03:56,608 INFO Test worker [org.springframework.context.support.ClassPathXmlApplicationContext] - <Closing org.springframework.context.support.ClassPathXmlApplicationContext@e58efc9: startup date [Thu Mar 23 10:03:56 CDT 2017]; root of context hierarchy>
2017-03-23 10:03:56,609 INFO Test worker [test.jdbc.datasource.DataSourceInitializer] - <destroy called for org.springframework.jdbc.datasource.DriverManagerDataSource@2911d5cc>
2017-03-23 10:03:56,609 INFO Test worker [org.springframework.context.support.ClassPathXmlApplicationContext] - <Refreshing org.springframework.context.support.ClassPathXmlApplicationContext@42d9c719: startup date [Thu Mar 23 10:03:56 CDT 2017]; root of context hierarchy>
2017-03-23 10:03:56,609 INFO Test worker [org.springframework.beans.factory.xml.XmlBeanDefinitionReader] - <Loading XML bean definitions from class path resource [org/springframework/batch/item/database/data-source-context.xml]>
2017-03-23 10:03:56,633 INFO Test worker [org.springframework.jdbc.datasource.DriverManagerDataSource] - <Loaded JDBC driver: org.hsqldb.jdbcDriver>
2017-03-23 10:03:56,640 INFO Test worker [org.springframework.context.support.ClassPathXmlApplicationContext] - <Closing org.springframework.context.support.ClassPathXmlApplicationContext@42d9c719: startup date [Thu Mar 23 10:03:56 CDT 2017]; root of context hierarchy>
2017-03-23 10:03:56,640 INFO Test worker [test.jdbc.datasource.DataSourceInitializer] - <destroy called for org.springframework.jdbc.datasource.DriverManagerDataSource@6b4e2dfc>
]]></system-out>
  <system-err><![CDATA[]]></system-err>
</testsuite>
