<?xml version="1.0" encoding="UTF-8"?>
<testsuite name="org.springframework.batch.repeat.context.SynchronizedAttributeAccessorTests" tests="13" skipped="0" failures="0" errors="0" timestamp="2017-03-23T15:04:24" hostname="Michaels-MacBook-Pro-3.local" time="0.001">
  <properties/>
  <testcase name="testToStringWithAttributes" classname="org.springframework.batch.repeat.context.SynchronizedAttributeAccessorTests" time="0.0"/>
  <testcase name="testEqualsSupport" classname="org.springframework.batch.repeat.context.SynchronizedAttributeAccessorTests" time="0.0"/>
  <testcase name="testSetAttributeIfAbsentWhenAlreadyPresent" classname="org.springframework.batch.repeat.context.SynchronizedAttributeAccessorTests" time="0.0"/>
  <testcase name="testEqualsSelf" classname="org.springframework.batch.repeat.context.SynchronizedAttributeAccessorTests" time="0.0"/>
  <testcase name="testEqualsWrongType" classname="org.springframework.batch.repeat.context.SynchronizedAttributeAccessorTests" time="0.0"/>
  <testcase name="testHasAttribute" classname="org.springframework.batch.repeat.context.SynchronizedAttributeAccessorTests" time="0.0"/>
  <testcase name="testEqualsSameType" classname="org.springframework.batch.repeat.context.SynchronizedAttributeAccessorTests" time="0.0"/>
  <testcase name="testHashCode" classname="org.springframework.batch.repeat.context.SynchronizedAttributeAccessorTests" time="0.001"/>
  <testcase name="testGetAttribute" classname="org.springframework.batch.repeat.context.SynchronizedAttributeAccessorTests" time="0.0"/>
  <testcase name="testAttributeNames" classname="org.springframework.batch.repeat.context.SynchronizedAttributeAccessorTests" time="0.0"/>
  <testcase name="testToStringWithNoAttributes" classname="org.springframework.batch.repeat.context.SynchronizedAttributeAccessorTests" time="0.0"/>
  <testcase name="testSetAttributeIfAbsentWhenNotAlreadyPresent" classname="org.springframework.batch.repeat.context.SynchronizedAttributeAccessorTests" time="0.0"/>
  <testcase name="testRemoveAttribute" classname="org.springframework.batch.repeat.context.SynchronizedAttributeAccessorTests" time="0.0"/>
  <system-out><![CDATA[]]></system-out>
  <system-err><![CDATA[]]></system-err>
</testsuite>
