<?xml version="1.0" encoding="UTF-8"?>
<testsuite name="org.springframework.batch.repeat.listener.RepeatListenerTests" tests="9" skipped="0" failures="0" errors="0" timestamp="2017-03-23T15:04:24" hostname="Michaels-MacBook-Pro-3.local" time="0.031">
  <properties/>
  <testcase name="testOnErrorInterceptorsPrecedence" classname="org.springframework.batch.repeat.listener.RepeatListenerTests" time="0.003"/>
  <testcase name="testAfterInterceptors" classname="org.springframework.batch.repeat.listener.RepeatListenerTests" time="0.003"/>
  <testcase name="testSingleOpenInterceptor" classname="org.springframework.batch.repeat.listener.RepeatListenerTests" time="0.001"/>
  <testcase name="testBeforeInterceptors" classname="org.springframework.batch.repeat.listener.RepeatListenerTests" time="0.002"/>
  <testcase name="testCloseInterceptors" classname="org.springframework.batch.repeat.listener.RepeatListenerTests" time="0.003"/>
  <testcase name="testBeforeInterceptorCanVeto" classname="org.springframework.batch.repeat.listener.RepeatListenerTests" time="0.001"/>
  <testcase name="testAsynchronousOnErrorInterceptorsPrecedence" classname="org.springframework.batch.repeat.listener.RepeatListenerTests" time="0.014"/>
  <testcase name="testOpenInterceptors" classname="org.springframework.batch.repeat.listener.RepeatListenerTests" time="0.003"/>
  <testcase name="testOnErrorInterceptors" classname="org.springframework.batch.repeat.listener.RepeatListenerTests" time="0.001"/>
  <system-out><![CDATA[]]></system-out>
  <system-err><![CDATA[[2, 2, 2]
]]></system-err>
</testsuite>
