<?xml version="1.0" encoding="UTF-8"?>
<testsuite name="org.springframework.batch.item.validator.ValidatingItemProcessorTests" tests="3" skipped="0" failures="0" errors="0" timestamp="2017-03-23T15:04:22" hostname="Michaels-MacBook-Pro-3.local" time="0.002">
  <properties/>
  <testcase name="testSuccessfulValidation" classname="org.springframework.batch.item.validator.ValidatingItemProcessorTests" time="0.001"/>
  <testcase name="testFailedValidation" classname="org.springframework.batch.item.validator.ValidatingItemProcessorTests" time="0.0"/>
  <testcase name="testFailedValidation_Filter" classname="org.springframework.batch.item.validator.ValidatingItemProcessorTests" time="0.0"/>
  <system-out><![CDATA[]]></system-out>
  <system-err><![CDATA[]]></system-err>
</testsuite>
