<?xml version="1.0" encoding="UTF-8"?>
<testsuite name="org.springframework.batch.item.support.SingleItemPeekableItemReaderTests" tests="5" skipped="0" failures="0" errors="0" timestamp="2017-03-23T15:04:22" hostname="Michaels-MacBook-Pro-3.local" time="0.004">
  <properties/>
  <testcase name="testCloseAndOpenWithPeekAndRead" classname="org.springframework.batch.item.support.SingleItemPeekableItemReaderTests" time="0.003"/>
  <testcase name="testPeek" classname="org.springframework.batch.item.support.SingleItemPeekableItemReaderTests" time="0.0"/>
  <testcase name="testRead" classname="org.springframework.batch.item.support.SingleItemPeekableItemReaderTests" time="0.0"/>
  <testcase name="testCloseAndOpenWithPeek" classname="org.springframework.batch.item.support.SingleItemPeekableItemReaderTests" time="0.0"/>
  <testcase name="testCloseAndOpenNoPeek" classname="org.springframework.batch.item.support.SingleItemPeekableItemReaderTests" time="0.0"/>
  <system-out><![CDATA[]]></system-out>
  <system-err><![CDATA[]]></system-err>
</testsuite>
