<?xml version="1.0" encoding="UTF-8"?>
<testsuite name="org.springframework.batch.item.file.SimpleBinaryBufferedReaderFactoryTests" tests="6" skipped="0" failures="0" errors="0" timestamp="2017-03-23T15:04:13" hostname="Michaels-MacBook-Pro-3.local" time="0.004">
  <properties/>
  <testcase name="testCreateWithLineEndingAtEnd" classname="org.springframework.batch.item.file.SimpleBinaryBufferedReaderFactoryTests" time="0.003"/>
  <testcase name="testCreateWithIncompleteLineEnding" classname="org.springframework.batch.item.file.SimpleBinaryBufferedReaderFactoryTests" time="0.0"/>
  <testcase name="testMarkResetWithLineEnding" classname="org.springframework.batch.item.file.SimpleBinaryBufferedReaderFactoryTests" time="0.0"/>
  <testcase name="testCreate" classname="org.springframework.batch.item.file.SimpleBinaryBufferedReaderFactoryTests" time="0.0"/>
  <testcase name="testCreateWithLineEnding" classname="org.springframework.batch.item.file.SimpleBinaryBufferedReaderFactoryTests" time="0.0"/>
  <testcase name="testCreateWithFalseLineEnding" classname="org.springframework.batch.item.file.SimpleBinaryBufferedReaderFactoryTests" time="0.0"/>
  <system-out><![CDATA[]]></system-out>
  <system-err><![CDATA[]]></system-err>
</testsuite>
