<?xml version="1.0" encoding="UTF-8"?>
<testsuite name="org.springframework.batch.item.file.transform.RecursiveCollectionItemTransformerTests" tests="2" skipped="0" failures="0" errors="0" timestamp="2017-03-23T15:04:14" hostname="Michaels-MacBook-Pro-3.local" time="0.002">
  <properties/>
  <testcase name="testTransformList" classname="org.springframework.batch.item.file.transform.RecursiveCollectionItemTransformerTests" time="0.001"/>
  <testcase name="testSetDelegateAndPassInString" classname="org.springframework.batch.item.file.transform.RecursiveCollectionItemTransformerTests" time="0.001"/>
  <system-out><![CDATA[]]></system-out>
  <system-err><![CDATA[]]></system-err>
</testsuite>
