<?xml version="1.0" encoding="UTF-8"?>
<testsuite name="org.springframework.batch.item.support.ClassifierCompositeItemWriterTests" tests="1" skipped="0" failures="0" errors="0" timestamp="2017-03-23T15:04:14" hostname="Michaels-MacBook-Pro-3.local" time="0.002">
  <properties/>
  <testcase name="testWrite" classname="org.springframework.batch.item.support.ClassifierCompositeItemWriterTests" time="0.002"/>
  <system-out><![CDATA[]]></system-out>
  <system-err><![CDATA[]]></system-err>
</testsuite>
