<?xml version="1.0" encoding="UTF-8"?>
<testsuite name="org.springframework.batch.item.data.RepositoryItemWriterTests" tests="3" skipped="0" failures="0" errors="0" timestamp="2017-03-23T15:03:06" hostname="Michaels-MacBook-Pro-3.local" time="0.029">
  <properties/>
  <testcase name="testWriteItems" classname="org.springframework.batch.item.data.RepositoryItemWriterTests" time="0.028"/>
  <testcase name="testAfterPropertiesSet" classname="org.springframework.batch.item.data.RepositoryItemWriterTests" time="0.001"/>
  <testcase name="testWriteNoItems" classname="org.springframework.batch.item.data.RepositoryItemWriterTests" time="0.0"/>
  <system-out><![CDATA[]]></system-out>
  <system-err><![CDATA[]]></system-err>
</testsuite>
