<?xml version="1.0" encoding="UTF-8"?>
<testsuite name="org.springframework.batch.support.transaction.TransactionAwareProxyFactoryTests" tests="6" skipped="0" failures="0" errors="0" timestamp="2017-03-23T15:04:28" hostname="Michaels-MacBook-Pro-3.local" time="0.002">
  <properties/>
  <testcase name="testCreateMapWithValues" classname="org.springframework.batch.support.transaction.TransactionAwareProxyFactoryTests" time="0.0"/>
  <testcase name="testCreateSetWithValues" classname="org.springframework.batch.support.transaction.TransactionAwareProxyFactoryTests" time="0.0"/>
  <testcase name="testCreateList" classname="org.springframework.batch.support.transaction.TransactionAwareProxyFactoryTests" time="0.0"/>
  <testcase name="testCreateMap" classname="org.springframework.batch.support.transaction.TransactionAwareProxyFactoryTests" time="0.0"/>
  <testcase name="testCreateSet" classname="org.springframework.batch.support.transaction.TransactionAwareProxyFactoryTests" time="0.001"/>
  <testcase name="testCreateListWithValues" classname="org.springframework.batch.support.transaction.TransactionAwareProxyFactoryTests" time="0.0"/>
  <system-out><![CDATA[]]></system-out>
  <system-err><![CDATA[]]></system-err>
</testsuite>
