<?xml version="1.0" encoding="UTF-8"?>
<testsuite name="org.springframework.batch.item.file.transform.DefaultFieldSetFactoryTests" tests="4" skipped="0" failures="0" errors="0" timestamp="2017-03-23T15:04:14" hostname="Michaels-MacBook-Pro-3.local" time="0.001">
  <properties/>
  <testcase name="testFieldSetWithDateFormat" classname="org.springframework.batch.item.file.transform.DefaultFieldSetFactoryTests" time="0.0"/>
  <testcase name="testVanillaFieldSetWithNames" classname="org.springframework.batch.item.file.transform.DefaultFieldSetFactoryTests" time="0.0"/>
  <testcase name="testFieldSetWithNumberFormat" classname="org.springframework.batch.item.file.transform.DefaultFieldSetFactoryTests" time="0.0"/>
  <testcase name="testVanillaFieldSet" classname="org.springframework.batch.item.file.transform.DefaultFieldSetFactoryTests" time="0.0"/>
  <system-out><![CDATA[]]></system-out>
  <system-err><![CDATA[]]></system-err>
</testsuite>
