<?xml version="1.0" encoding="UTF-8"?>
<testsuite name="org.springframework.batch.item.file.mapping.DefaultLineMapperTests" tests="3" skipped="0" failures="0" errors="0" timestamp="2017-03-23T15:04:12" hostname="Michaels-MacBook-Pro-3.local" time="0.024">
  <properties/>
  <testcase name="testMapping" classname="org.springframework.batch.item.file.mapping.DefaultLineMapperTests" time="0.023"/>
  <testcase name="testMandatoryTokenizer" classname="org.springframework.batch.item.file.mapping.DefaultLineMapperTests" time="0.0"/>
  <testcase name="testMandatoryMapper" classname="org.springframework.batch.item.file.mapping.DefaultLineMapperTests" time="0.001"/>
  <system-out><![CDATA[]]></system-out>
  <system-err><![CDATA[]]></system-err>
</testsuite>
