<?xml version="1.0" encoding="UTF-8"?>
<testsuite name="org.springframework.batch.item.adapter.ItemWriterAdapterTests" tests="1" skipped="0" failures="0" errors="0" timestamp="2017-03-23T15:03:02" hostname="Michaels-MacBook-Pro-3.local" time="0.002">
  <properties/>
  <testcase name="testProcess" classname="org.springframework.batch.item.adapter.ItemWriterAdapterTests" time="0.002"/>
  <system-out><![CDATA[2017-03-23 10:03:02,440 INFO Test worker [org.springframework.test.context.support.DefaultTestContextBootstrapper] - <Loaded default TestExecutionListener class names from location [META-INF/spring.factories]: [org.springframework.test.context.web.ServletTestExecutionListener, org.springframework.test.context.support.DirtiesContextBeforeModesTestExecutionListener, org.springframework.test.context.support.DependencyInjectionTestExecutionListener, org.springframework.test.context.support.DirtiesContextTestExecutionListener, org.springframework.test.context.transaction.TransactionalTestExecutionListener, org.springframework.test.context.jdbc.SqlScriptsTestExecutionListener]>
2017-03-23 10:03:02,442 INFO Test worker [org.springframework.test.context.support.DefaultTestContextBootstrapper] - <Could not instantiate TestExecutionListener [org.springframework.test.context.web.ServletTestExecutionListener]. Specify custom listener classes or make the default listener classes (and their required dependencies) available. Offending class: [javax/servlet/ServletContext]>
2017-03-23 10:03:02,442 INFO Test worker [org.springframework.test.context.support.DefaultTestContextBootstrapper] - <Using TestExecutionListeners: [org.springframework.test.context.support.DirtiesContextBeforeModesTestExecutionListener@15f2c2e4, org.springframework.test.context.support.DependencyInjectionTestExecutionListener@3fcc7785, org.springframework.test.context.support.DirtiesContextTestExecutionListener@1a94f5f6, org.springframework.test.context.transaction.TransactionalTestExecutionListener@4447574a, org.springframework.test.context.jdbc.SqlScriptsTestExecutionListener@47a148c4]>
2017-03-23 10:03:02,445 INFO Test worker [org.springframework.beans.factory.xml.XmlBeanDefinitionReader] - <Loading XML bean definitions from class path resource [org/springframework/batch/item/adapter/delegating-item-writer.xml]>
2017-03-23 10:03:02,492 INFO Test worker [org.springframework.context.support.GenericApplicationContext] - <Refreshing org.springframework.context.support.GenericApplicationContext@1b0d7fea: startup date [Thu Mar 23 10:03:02 CDT 2017]; root of context hierarchy>
2017-03-23 10:03:02,498 INFO Test worker [org.springframework.beans.factory.annotation.AutowiredAnnotationBeanPostProcessor] - <JSR-330 'javax.inject.Inject' annotation found and supported for autowiring>
]]></system-out>
  <system-err><![CDATA[]]></system-err>
</testsuite>
