<?xml version="1.0" encoding="UTF-8"?>
<testsuite name="org.springframework.batch.item.xml.StaxEventItemWriterTests" tests="29" skipped="0" failures="0" errors="0" timestamp="2017-03-23T15:04:22" hostname="Michaels-MacBook-Pro-3.local" time="0.158">
  <properties/>
  <testcase name="testRootTagWithNamespaceRestart" classname="org.springframework.batch.item.xml.StaxEventItemWriterTests" time="0.009"/>
  <testcase name="testNonExistantResource" classname="org.springframework.batch.item.xml.StaxEventItemWriterTests" time="0.002"/>
  <testcase name="testDeleteIfEmptyNoRecordsWrittenHeaderAndFooterRestartAfterDelete" classname="org.springframework.batch.item.xml.StaxEventItemWriterTests" time="0.008"/>
  <testcase name="testWriteRootTagWithNamespace" classname="org.springframework.batch.item.xml.StaxEventItemWriterTests" time="0.002"/>
  <testcase name="testOpenAndClose" classname="org.springframework.batch.item.xml.StaxEventItemWriterTests" time="0.005"/>
  <testcase name="testTransactionalRestartWithMultiByteCharacterUTF8" classname="org.springframework.batch.item.xml.StaxEventItemWriterTests" time="0.019"/>
  <testcase name="testRootTagWithNamespaceAndPrefixRestart" classname="org.springframework.batch.item.xml.StaxEventItemWriterTests" time="0.008"/>
  <testcase name="testWriteRootTagWithNamespaceAndPrefix" classname="org.springframework.batch.item.xml.StaxEventItemWriterTests" time="0.002"/>
  <testcase name="testTransactionalRestartWithMultiByteCharacterUTF16BE" classname="org.springframework.batch.item.xml.StaxEventItemWriterTests" time="0.005"/>
  <testcase name="testTransactionalRestartFailOnFirstWrite" classname="org.springframework.batch.item.xml.StaxEventItemWriterTests" time="0.008"/>
  <testcase name="testWriteAndForceFlush" classname="org.springframework.batch.item.xml.StaxEventItemWriterTests" time="0.016"/>
  <testcase name="testStreamContext" classname="org.springframework.batch.item.xml.StaxEventItemWriterTests" time="0.005"/>
  <testcase name="testWriteAndFlush" classname="org.springframework.batch.item.xml.StaxEventItemWriterTests" time="0.002"/>
  <testcase name="testWriteRootTagWithAdditionalNamespace" classname="org.springframework.batch.item.xml.StaxEventItemWriterTests" time="0.004"/>
  <testcase name="testOpenAndCloseTagsInCallbacks" classname="org.springframework.batch.item.xml.StaxEventItemWriterTests" time="0.009"/>
  <testcase name="testDeleteIfEmptyNoRecordsWrittenHeaderAndFooter" classname="org.springframework.batch.item.xml.StaxEventItemWriterTests" time="0.006"/>
  <testcase name="testRootTagWithAdditionalNamespaceRestart" classname="org.springframework.batch.item.xml.StaxEventItemWriterTests" time="0.006"/>
  <testcase name="testAssertWriterIsInitialized" classname="org.springframework.batch.item.xml.StaxEventItemWriterTests" time="0.001"/>
  <testcase name="testRestart" classname="org.springframework.batch.item.xml.StaxEventItemWriterTests" time="0.003"/>
  <testcase name="testOpenAndCloseTagsInCallbacksRestart" classname="org.springframework.batch.item.xml.StaxEventItemWriterTests" time="0.002"/>
  <testcase name="testOpenAndCloseTagsInComplexCallbacksRestart" classname="org.springframework.batch.item.xml.StaxEventItemWriterTests" time="0.008"/>
  <testcase name="testWriteWithHeader" classname="org.springframework.batch.item.xml.StaxEventItemWriterTests" time="0.004"/>
  <testcase name="testDeleteIfEmptyRecordsWrittenRestart" classname="org.springframework.batch.item.xml.StaxEventItemWriterTests" time="0.003"/>
  <testcase name="testDeleteIfEmptyRecordsWritten" classname="org.springframework.batch.item.xml.StaxEventItemWriterTests" time="0.003"/>
  <testcase name="testSetName" classname="org.springframework.batch.item.xml.StaxEventItemWriterTests" time="0.001"/>
  <testcase name="testDeleteIfEmptyNoRecordsWritten" classname="org.springframework.batch.item.xml.StaxEventItemWriterTests" time="0.002"/>
  <testcase name="testDeleteIfEmptyRestartAfterDelete" classname="org.springframework.batch.item.xml.StaxEventItemWriterTests" time="0.005"/>
  <testcase name="testTransactionalRestart" classname="org.springframework.batch.item.xml.StaxEventItemWriterTests" time="0.005"/>
  <testcase name="testMarshallingClosingEventWriter" classname="org.springframework.batch.item.xml.StaxEventItemWriterTests" time="0.003"/>
  <system-out><![CDATA[2017-03-23 10:04:22,836 INFO Test worker [org.springframework.oxm.jaxb.Jaxb2Marshaller] - <Creating JAXBContext with classes to be bound [class org.springframework.batch.item.xml.StaxEventItemWriterTests$JAXBItem]>
2017-03-23 10:04:22,880 INFO Test worker [org.springframework.oxm.jaxb.Jaxb2Marshaller] - <Creating JAXBContext with classes to be bound [class org.springframework.batch.item.xml.StaxEventItemWriterTests$JAXBItem]>
2017-03-23 10:04:22,946 INFO Test worker [org.springframework.oxm.jaxb.Jaxb2Marshaller] - <Creating JAXBContext with classes to be bound [class org.springframework.batch.item.xml.StaxEventItemWriterTests$JAXBItem]>
]]></system-out>
  <system-err><![CDATA[]]></system-err>
</testsuite>
