<?xml version="1.0" encoding="UTF-8"?>
<testsuite name="org.springframework.batch.item.amqp.AmqpItemReaderTests" tests="6" skipped="0" failures="0" errors="0" timestamp="2017-03-23T15:03:02" hostname="Michaels-MacBook-Pro-3.local" time="1.523">
  <properties/>
  <testcase name="testNonMessageItemType" classname="org.springframework.batch.item.amqp.AmqpItemReaderTests" time="1.405"/>
  <testcase name="testTypeMismatch" classname="org.springframework.batch.item.amqp.AmqpItemReaderTests" time="0.0"/>
  <testcase name="testNoItemType" classname="org.springframework.batch.item.amqp.AmqpItemReaderTests" time="0.0"/>
  <testcase name="testNullAmqpTemplate" classname="org.springframework.batch.item.amqp.AmqpItemReaderTests" time="0.0"/>
  <testcase name="testMessageItemType" classname="org.springframework.batch.item.amqp.AmqpItemReaderTests" time="0.114"/>
  <testcase name="testNullItemType" classname="org.springframework.batch.item.amqp.AmqpItemReaderTests" time="0.001"/>
  <system-out><![CDATA[]]></system-out>
  <system-err><![CDATA[]]></system-err>
</testsuite>
