<?xml version="1.0" encoding="UTF-8"?>
<testsuite name="org.springframework.batch.item.xml.stax.UnopenedElementClosingEventWriterTests" tests="5" skipped="0" failures="0" errors="0" timestamp="2017-03-23T15:04:22" hostname="Michaels-MacBook-Pro-3.local" time="0.047">
  <properties/>
  <testcase name="testOtherEndElement" classname="org.springframework.batch.item.xml.stax.UnopenedElementClosingEventWriterTests" time="0.044"/>
  <testcase name="testEndUnopenedElementRemovesFromList" classname="org.springframework.batch.item.xml.stax.UnopenedElementClosingEventWriterTests" time="0.001"/>
  <testcase name="testOtherEvent" classname="org.springframework.batch.item.xml.stax.UnopenedElementClosingEventWriterTests" time="0.0"/>
  <testcase name="testEndUnopenedElements" classname="org.springframework.batch.item.xml.stax.UnopenedElementClosingEventWriterTests" time="0.001"/>
  <testcase name="testIOException" classname="org.springframework.batch.item.xml.stax.UnopenedElementClosingEventWriterTests" time="0.0"/>
  <system-out><![CDATA[]]></system-out>
  <system-err><![CDATA[]]></system-err>
</testsuite>
