<?xml version="1.0" encoding="UTF-8"?>
<testsuite name="org.springframework.batch.item.database.JdbcBatchItemWriterNamedParameterTests" tests="6" skipped="0" failures="0" errors="0" timestamp="2017-03-23T15:03:56" hostname="Michaels-MacBook-Pro-3.local" time="0.056">
  <properties/>
  <testcase name="testWriteAndFlushMap" classname="org.springframework.batch.item.database.JdbcBatchItemWriterNamedParameterTests" time="0.045"/>
  <testcase name="testWriteAndFlush" classname="org.springframework.batch.item.database.JdbcBatchItemWriterNamedParameterTests" time="0.005"/>
  <testcase name="testWriteAndFlushWithEmptyUpdate" classname="org.springframework.batch.item.database.JdbcBatchItemWriterNamedParameterTests" time="0.001"/>
  <testcase name="testWriteAndFlushMapWithItemSqlParameterSourceProvider" classname="org.springframework.batch.item.database.JdbcBatchItemWriterNamedParameterTests" time="0.003"/>
  <testcase name="testWriteAndFlushWithFailure" classname="org.springframework.batch.item.database.JdbcBatchItemWriterNamedParameterTests" time="0.001"/>
  <testcase name="testAfterPropertiesSet" classname="org.springframework.batch.item.database.JdbcBatchItemWriterNamedParameterTests" time="0.001"/>
  <system-out><![CDATA[]]></system-out>
  <system-err><![CDATA[]]></system-err>
</testsuite>
