<?xml version="1.0" encoding="UTF-8"?>
<testsuite name="org.springframework.batch.item.adapter.ItemReaderAdapterTests" tests="1" skipped="0" failures="0" errors="0" timestamp="2017-03-23T15:03:02" hostname="Michaels-MacBook-Pro-3.local" time="0.003">
  <properties/>
  <testcase name="testNext" classname="org.springframework.batch.item.adapter.ItemReaderAdapterTests" time="0.003"/>
  <system-out><![CDATA[2017-03-23 10:03:02,289 INFO Test worker [org.springframework.test.context.support.DefaultTestContextBootstrapper] - <Loaded default TestExecutionListener class names from location [META-INF/spring.factories]: [org.springframework.test.context.web.ServletTestExecutionListener, org.springframework.test.context.support.DirtiesContextBeforeModesTestExecutionListener, org.springframework.test.context.support.DependencyInjectionTestExecutionListener, org.springframework.test.context.support.DirtiesContextTestExecutionListener, org.springframework.test.context.transaction.TransactionalTestExecutionListener, org.springframework.test.context.jdbc.SqlScriptsTestExecutionListener]>
2017-03-23 10:03:02,291 INFO Test worker [org.springframework.test.context.support.DefaultTestContextBootstrapper] - <Could not instantiate TestExecutionListener [org.springframework.test.context.web.ServletTestExecutionListener]. Specify custom listener classes or make the default listener classes (and their required dependencies) available. Offending class: [javax/servlet/ServletContext]>
2017-03-23 10:03:02,292 INFO Test worker [org.springframework.test.context.support.DefaultTestContextBootstrapper] - <Using TestExecutionListeners: [org.springframework.test.context.support.DirtiesContextBeforeModesTestExecutionListener@323ac6d5, org.springframework.test.context.support.DependencyInjectionTestExecutionListener@6bb7272c, org.springframework.test.context.support.DirtiesContextTestExecutionListener@7765aa40, org.springframework.test.context.transaction.TransactionalTestExecutionListener@67f03725, org.springframework.test.context.jdbc.SqlScriptsTestExecutionListener@3984960]>
2017-03-23 10:03:02,295 INFO Test worker [org.springframework.beans.factory.xml.XmlBeanDefinitionReader] - <Loading XML bean definitions from class path resource [org/springframework/batch/item/adapter/delegating-item-provider.xml]>
2017-03-23 10:03:02,350 INFO Test worker [org.springframework.context.support.GenericApplicationContext] - <Refreshing org.springframework.context.support.GenericApplicationContext@51c49078: startup date [Thu Mar 23 10:03:02 CDT 2017]; root of context hierarchy>
2017-03-23 10:03:02,355 INFO Test worker [org.springframework.beans.factory.annotation.AutowiredAnnotationBeanPostProcessor] - <JSR-330 'javax.inject.Inject' annotation found and supported for autowiring>
]]></system-out>
  <system-err><![CDATA[]]></system-err>
</testsuite>
