<?xml version="1.0" encoding="UTF-8"?>
<testsuite name="org.springframework.batch.repeat.exception.RethrowOnThresholdExceptionHandlerTests" tests="6" skipped="0" failures="0" errors="0" timestamp="2017-03-23T15:04:24" hostname="Michaels-MacBook-Pro-3.local" time="0.001">
  <properties/>
  <testcase name="testError" classname="org.springframework.batch.repeat.exception.RethrowOnThresholdExceptionHandlerTests" time="0.0"/>
  <testcase name="testUseParent" classname="org.springframework.batch.repeat.exception.RethrowOnThresholdExceptionHandlerTests" time="0.0"/>
  <testcase name="testNotUseParent" classname="org.springframework.batch.repeat.exception.RethrowOnThresholdExceptionHandlerTests" time="0.0"/>
  <testcase name="testRuntimeException" classname="org.springframework.batch.repeat.exception.RethrowOnThresholdExceptionHandlerTests" time="0.0"/>
  <testcase name="testRethrowOnThreshold" classname="org.springframework.batch.repeat.exception.RethrowOnThresholdExceptionHandlerTests" time="0.0"/>
  <testcase name="testNotRethrownWithThreshold" classname="org.springframework.batch.repeat.exception.RethrowOnThresholdExceptionHandlerTests" time="0.0"/>
  <system-out><![CDATA[]]></system-out>
  <system-err><![CDATA[]]></system-err>
</testsuite>
