<?xml version="1.0" encoding="UTF-8"?>
<testsuite name="org.springframework.batch.item.database.HibernateItemReaderHelperTests" tests="2" skipped="0" failures="0" errors="0" timestamp="2017-03-23T15:03:51" hostname="Michaels-MacBook-Pro-3.local" time="0.036">
  <properties/>
  <testcase name="testOneSessionForAllPages" classname="org.springframework.batch.item.database.HibernateItemReaderHelperTests" time="0.036"/>
  <testcase name="testSessionReset" classname="org.springframework.batch.item.database.HibernateItemReaderHelperTests" time="0.0"/>
  <system-out><![CDATA[]]></system-out>
  <system-err><![CDATA[]]></system-err>
</testsuite>
