<?xml version="1.0" encoding="UTF-8"?>
<testsuite name="org.springframework.batch.repeat.support.RepeatSynchronizationManagerTests" tests="4" skipped="0" failures="0" errors="0" timestamp="2017-03-23T15:04:25" hostname="Michaels-MacBook-Pro-3.local" time="0.001">
  <properties/>
  <testcase name="testClear" classname="org.springframework.batch.repeat.support.RepeatSynchronizationManagerTests" time="0.0"/>
  <testcase name="testSetSessionCompleteOnlyWithParent" classname="org.springframework.batch.repeat.support.RepeatSynchronizationManagerTests" time="0.0"/>
  <testcase name="testGetContext" classname="org.springframework.batch.repeat.support.RepeatSynchronizationManagerTests" time="0.0"/>
  <testcase name="testSetSessionCompleteOnly" classname="org.springframework.batch.repeat.support.RepeatSynchronizationManagerTests" time="0.0"/>
  <system-out><![CDATA[]]></system-out>
  <system-err><![CDATA[]]></system-err>
</testsuite>
