<?xml version="1.0" encoding="UTF-8"?>
<testsuite name="org.springframework.batch.item.database.JdbcCursorItemReaderConfigTests" tests="2" skipped="0" failures="0" errors="0" timestamp="2017-03-23T15:03:56" hostname="Michaels-MacBook-Pro-3.local" time="0.007">
  <properties/>
  <testcase name="testUsesItsOwnTransaction" classname="org.springframework.batch.item.database.JdbcCursorItemReaderConfigTests" time="0.002"/>
  <testcase name="testUsesCurrentTransaction" classname="org.springframework.batch.item.database.JdbcCursorItemReaderConfigTests" time="0.004"/>
  <system-out><![CDATA[]]></system-out>
  <system-err><![CDATA[]]></system-err>
</testsuite>
