<?xml version="1.0" encoding="UTF-8"?>
<testsuite name="org.springframework.batch.item.database.JdbcPagingItemReaderClassicParameterTests" tests="4" skipped="0" failures="0" errors="0" timestamp="2017-03-23T15:03:57" hostname="Michaels-MacBook-Pro-3.local" time="0.01">
  <properties/>
  <testcase name="testReadAfterJumpSecondPageWithJumpToItemQuery" classname="org.springframework.batch.item.database.JdbcPagingItemReaderClassicParameterTests" time="0.006"/>
  <testcase name="testReadAfterJumpSecondPage" classname="org.springframework.batch.item.database.JdbcPagingItemReaderClassicParameterTests" time="0.0"/>
  <testcase name="testReadAfterJumpFirstPage" classname="org.springframework.batch.item.database.JdbcPagingItemReaderClassicParameterTests" time="0.0"/>
  <testcase name="testRead" classname="org.springframework.batch.item.database.JdbcPagingItemReaderClassicParameterTests" time="0.001"/>
  <system-out><![CDATA[2017-03-23 10:03:57,715 INFO Test worker [org.springframework.test.context.support.DefaultTestContextBootstrapper] - <Loaded default TestExecutionListener class names from location [META-INF/spring.factories]: [org.springframework.test.context.web.ServletTestExecutionListener, org.springframework.test.context.support.DirtiesContextBeforeModesTestExecutionListener, org.springframework.test.context.support.DependencyInjectionTestExecutionListener, org.springframework.test.context.support.DirtiesContextTestExecutionListener, org.springframework.test.context.transaction.TransactionalTestExecutionListener, org.springframework.test.context.jdbc.SqlScriptsTestExecutionListener]>
2017-03-23 10:03:57,715 INFO Test worker [org.springframework.test.context.support.DefaultTestContextBootstrapper] - <Could not instantiate TestExecutionListener [org.springframework.test.context.web.ServletTestExecutionListener]. Specify custom listener classes or make the default listener classes (and their required dependencies) available. Offending class: [javax/servlet/ServletContext]>
2017-03-23 10:03:57,715 INFO Test worker [org.springframework.test.context.support.DefaultTestContextBootstrapper] - <Using TestExecutionListeners: [org.springframework.test.context.support.DirtiesContextBeforeModesTestExecutionListener@54a2b93b, org.springframework.test.context.support.DependencyInjectionTestExecutionListener@5ad14af0, org.springframework.test.context.support.DirtiesContextTestExecutionListener@7d352d04, org.springframework.test.context.transaction.TransactionalTestExecutionListener@5d3163be, org.springframework.test.context.jdbc.SqlScriptsTestExecutionListener@1c1b6242]>
2017-03-23 10:03:57,716 INFO Test worker [org.springframework.beans.factory.xml.XmlBeanDefinitionReader] - <Loading XML bean definitions from class path resource [org/springframework/batch/item/database/JdbcPagingItemReaderParameterTests-context.xml]>
2017-03-23 10:03:57,722 INFO Test worker [org.springframework.context.support.GenericApplicationContext] - <Refreshing org.springframework.context.support.GenericApplicationContext@4c4d2dfb: startup date [Thu Mar 23 10:03:57 CDT 2017]; root of context hierarchy>
2017-03-23 10:03:57,724 INFO Test worker [org.springframework.beans.factory.annotation.AutowiredAnnotationBeanPostProcessor] - <JSR-330 'javax.inject.Inject' annotation found and supported for autowiring>
2017-03-23 10:03:57,735 INFO Test worker [org.springframework.jdbc.datasource.DriverManagerDataSource] - <Loaded JDBC driver: org.hsqldb.jdbcDriver>
]]></system-out>
  <system-err><![CDATA[]]></system-err>
</testsuite>
