<?xml version="1.0" encoding="UTF-8"?>
<testsuite name="org.springframework.batch.repeat.policy.SimpleCompletionPolicyTests" tests="4" skipped="0" failures="0" errors="0" timestamp="2017-03-23T15:04:24" hostname="Michaels-MacBook-Pro-3.local" time="0.0">
  <properties/>
  <testcase name="testTerminationAfterNullResult" classname="org.springframework.batch.repeat.policy.SimpleCompletionPolicyTests" time="0.0"/>
  <testcase name="testTerminationAfterDefaultSize" classname="org.springframework.batch.repeat.policy.SimpleCompletionPolicyTests" time="0.0"/>
  <testcase name="testReset" classname="org.springframework.batch.repeat.policy.SimpleCompletionPolicyTests" time="0.0"/>
  <testcase name="testTerminationAfterExplicitChunkSize" classname="org.springframework.batch.repeat.policy.SimpleCompletionPolicyTests" time="0.0"/>
  <system-out><![CDATA[]]></system-out>
  <system-err><![CDATA[]]></system-err>
</testsuite>
