<?xml version="1.0" encoding="UTF-8"?>
<testsuite name="org.springframework.batch.support.transaction.ResourcelessTransactionManagerTests" tests="7" skipped="0" failures="0" errors="0" timestamp="2017-03-23T15:04:28" hostname="Michaels-MacBook-Pro-3.local" time="0.014">
  <properties/>
  <testcase name="testRollbackNestedInner" classname="org.springframework.batch.support.transaction.ResourcelessTransactionManagerTests" time="0.002"/>
  <testcase name="testRollbackNestedOuter" classname="org.springframework.batch.support.transaction.ResourcelessTransactionManagerTests" time="0.002"/>
  <testcase name="testCommitNested" classname="org.springframework.batch.support.transaction.ResourcelessTransactionManagerTests" time="0.003"/>
  <testcase name="testRollback" classname="org.springframework.batch.support.transaction.ResourcelessTransactionManagerTests" time="0.001"/>
  <testcase name="testCommitNestedTwice" classname="org.springframework.batch.support.transaction.ResourcelessTransactionManagerTests" time="0.003"/>
  <testcase name="testCommitTwice" classname="org.springframework.batch.support.transaction.ResourcelessTransactionManagerTests" time="0.002"/>
  <testcase name="testCommit" classname="org.springframework.batch.support.transaction.ResourcelessTransactionManagerTests" time="0.001"/>
  <system-out><![CDATA[]]></system-out>
  <system-err><![CDATA[]]></system-err>
</testsuite>
