<?xml version="1.0" encoding="UTF-8"?>
<testsuite name="org.springframework.batch.repeat.exception.CompositeExceptionHandlerTests" tests="2" skipped="0" failures="0" errors="0" timestamp="2017-03-23T15:04:24" hostname="Michaels-MacBook-Pro-3.local" time="0.002">
  <properties/>
  <testcase name="testNewHandler" classname="org.springframework.batch.repeat.exception.CompositeExceptionHandlerTests" time="0.0"/>
  <testcase name="testDelegation" classname="org.springframework.batch.repeat.exception.CompositeExceptionHandlerTests" time="0.001"/>
  <system-out><![CDATA[]]></system-out>
  <system-err><![CDATA[]]></system-err>
</testsuite>
