<?xml version="1.0" encoding="UTF-8"?>
<testsuite name="org.springframework.batch.item.file.mapping.PropertyMatchesTests" tests="6" skipped="0" failures="0" errors="0" timestamp="2017-03-23T15:04:13" hostname="Michaels-MacBook-Pro-3.local" time="0.008">
  <properties/>
  <testcase name="testBuildErrorMessageMultiplePossibleMatches" classname="org.springframework.batch.item.file.mapping.PropertyMatchesTests" time="0.007"/>
  <testcase name="testPropertyMatchesWithDefault" classname="org.springframework.batch.item.file.mapping.PropertyMatchesTests" time="0.0"/>
  <testcase name="testBuildErrorMessagePossibleMatch" classname="org.springframework.batch.item.file.mapping.PropertyMatchesTests" time="0.0"/>
  <testcase name="testPropertyMatchesWithMaxDistance" classname="org.springframework.batch.item.file.mapping.PropertyMatchesTests" time="0.001"/>
  <testcase name="testBuildErrorMessageNoMatches" classname="org.springframework.batch.item.file.mapping.PropertyMatchesTests" time="0.0"/>
  <testcase name="testEmptyString" classname="org.springframework.batch.item.file.mapping.PropertyMatchesTests" time="0.0"/>
  <system-out><![CDATA[]]></system-out>
  <system-err><![CDATA[]]></system-err>
</testsuite>
