<?xml version="1.0" encoding="UTF-8"?>
<testsuite name="org.springframework.batch.item.support.CompositeItemWriterTests" tests="3" skipped="0" failures="0" errors="0" timestamp="2017-03-23T15:04:14" hostname="Michaels-MacBook-Pro-3.local" time="0.023">
  <properties/>
  <testcase name="testItemStreamNotCalled" classname="org.springframework.batch.item.support.CompositeItemWriterTests" time="0.013"/>
  <testcase name="testProcess" classname="org.springframework.batch.item.support.CompositeItemWriterTests" time="0.01"/>
  <testcase name="testItemStreamCalled" classname="org.springframework.batch.item.support.CompositeItemWriterTests" time="0.0"/>
  <system-out><![CDATA[]]></system-out>
  <system-err><![CDATA[]]></system-err>
</testsuite>
