<?xml version="1.0" encoding="UTF-8"?>
<testsuite name="org.springframework.batch.item.file.transform.FixedLengthTokenizerTests" tests="16" skipped="0" failures="0" errors="0" timestamp="2017-03-23T15:04:14" hostname="Michaels-MacBook-Pro-3.local" time="0.005">
  <properties/>
  <testcase name="testTokenizeSmallerStringThanRangesNotStrict" classname="org.springframework.batch.item.file.transform.FixedLengthTokenizerTests" time="0.001"/>
  <testcase name="testTokenizeNullString" classname="org.springframework.batch.item.file.transform.FixedLengthTokenizerTests" time="0.0"/>
  <testcase name="testEmptyStringWithNoRanges" classname="org.springframework.batch.item.file.transform.FixedLengthTokenizerTests" time="0.0"/>
  <testcase name="testLongerLines" classname="org.springframework.batch.item.file.transform.FixedLengthTokenizerTests" time="0.0"/>
  <testcase name="testTokenizeSmallerStringThanRangesWithWhitespaceOpenEnded" classname="org.springframework.batch.item.file.transform.FixedLengthTokenizerTests" time="0.0"/>
  <testcase name="testTokenizeSmallerStringThanRanges" classname="org.springframework.batch.item.file.transform.FixedLengthTokenizerTests" time="0.0"/>
  <testcase name="testTokenizeSmallerStringThanRangesWithWhitespace" classname="org.springframework.batch.item.file.transform.FixedLengthTokenizerTests" time="0.0"/>
  <testcase name="testLongerLinesNotStrict" classname="org.springframework.batch.item.file.transform.FixedLengthTokenizerTests" time="0.0"/>
  <testcase name="testLongerLinesOpenRange" classname="org.springframework.batch.item.file.transform.FixedLengthTokenizerTests" time="0.001"/>
  <testcase name="testAnotherTypeOfRecord" classname="org.springframework.batch.item.file.transform.FixedLengthTokenizerTests" time="0.0"/>
  <testcase name="testNonAdjacentRangesUnsorted" classname="org.springframework.batch.item.file.transform.FixedLengthTokenizerTests" time="0.0"/>
  <testcase name="testTokenizeRegularUse" classname="org.springframework.batch.item.file.transform.FixedLengthTokenizerTests" time="0.0"/>
  <testcase name="testTokenizerInvalidSetup" classname="org.springframework.batch.item.file.transform.FixedLengthTokenizerTests" time="0.001"/>
  <testcase name="testNormalLength" classname="org.springframework.batch.item.file.transform.FixedLengthTokenizerTests" time="0.0"/>
  <testcase name="testTokenizeEmptyString" classname="org.springframework.batch.item.file.transform.FixedLengthTokenizerTests" time="0.0"/>
  <testcase name="testFillerAtEnd" classname="org.springframework.batch.item.file.transform.FixedLengthTokenizerTests" time="0.0"/>
  <system-out><![CDATA[]]></system-out>
  <system-err><![CDATA[]]></system-err>
</testsuite>
