<?xml version="1.0" encoding="UTF-8"?>
<testsuite name="org.springframework.batch.integration.file.ResourceSplitterIntegrationTests" tests="1" skipped="1" failures="0" errors="0" timestamp="2017-03-23T15:04:58" hostname="Michaels-MacBook-Pro-3.local" time="0.0">
  <properties/>
  <testcase name="testVanillaConversion" classname="org.springframework.batch.integration.file.ResourceSplitterIntegrationTests" time="0.0">
    <skipped/>
  </testcase>
  <system-out><![CDATA[2017-03-23 10:04:58,472 DEBUG task-scheduler-9 [org.springframework.integration.endpoint.PollingConsumer] - <Received no Message during the poll, returning 'false'>
]]></system-out>
  <system-err><![CDATA[]]></system-err>
</testsuite>
