<?xml version="1.0" encoding="UTF-8"?>
<testsuite name="org.springframework.batch.integration.chunk.ChunkMessageItemWriterIntegrationTests" tests="8" skipped="0" failures="0" errors="0" timestamp="2017-03-23T15:04:41" hostname="Michaels-MacBook-Pro-3.local" time="1.21">
  <properties/>
  <testcase name="testEarlyCompletionSignalledInHandler" classname="org.springframework.batch.integration.chunk.ChunkMessageItemWriterIntegrationTests" time="0.32"/>
  <testcase name="testUpdateAndOpenWithState" classname="org.springframework.batch.integration.chunk.ChunkMessageItemWriterIntegrationTests" time="0.023"/>
  <testcase name="testSimulatedRestartWithBadMessagesFromAnotherJob" classname="org.springframework.batch.integration.chunk.ChunkMessageItemWriterIntegrationTests" time="0.183"/>
  <testcase name="testSimulatedRestart" classname="org.springframework.batch.integration.chunk.ChunkMessageItemWriterIntegrationTests" time="0.081"/>
  <testcase name="testSimulatedRestartWithNoBacklog" classname="org.springframework.batch.integration.chunk.ChunkMessageItemWriterIntegrationTests" time="0.253"/>
  <testcase name="testOpenWithNoState" classname="org.springframework.batch.integration.chunk.ChunkMessageItemWriterIntegrationTests" time="0.023"/>
  <testcase name="testVanillaIteration" classname="org.springframework.batch.integration.chunk.ChunkMessageItemWriterIntegrationTests" time="0.052"/>
  <testcase name="testFailureInStepListener" classname="org.springframework.batch.integration.chunk.ChunkMessageItemWriterIntegrationTests" time="0.26"/>
  <system-out><![CDATA[2017-03-23 10:04:40,262  INFO Test worker [org.springframework.beans.factory.xml.XmlBeanDefinitionReader] - <Loading XML bean definitions from class path resource [org/springframework/batch/integration/chunk/ChunkMessageItemWriterIntegrationTests-context.xml]>
2017-03-23 10:04:40,366  INFO Test worker [org.springframework.integration.config.IntegrationRegistrar] - <No bean named 'integrationHeaderChannelRegistry' has been explicitly defined. Therefore, a default DefaultHeaderChannelRegistry will be created.>
2017-03-23 10:04:40,367 DEBUG Test worker [org.springframework.integration.config.IntegrationRegistrar] - <The '#jsonPath' SpEL function cannot be registered: there is no jayway json-path.jar on the classpath.>
2017-03-23 10:04:40,368 DEBUG Test worker [org.springframework.integration.config.IntegrationRegistrar] - <SpEL function '#xpath' isn't registered: there is no spring-integration-xml.jar on the classpath.>
2017-03-23 10:04:40,397  INFO Test worker [org.springframework.context.support.GenericApplicationContext] - <Refreshing org.springframework.context.support.GenericApplicationContext@5a7963e1: startup date [Thu Mar 23 10:04:40 CDT 2017]; root of context hierarchy>
2017-03-23 10:04:40,439  INFO Test worker [org.springframework.integration.config.DefaultConfiguringBeanFactoryPostProcessor] - <No bean named 'errorChannel' has been explicitly defined. Therefore, a default PublishSubscribeChannel will be created.>
2017-03-23 10:04:40,439  INFO Test worker [org.springframework.integration.config.DefaultConfiguringBeanFactoryPostProcessor] - <No bean named 'taskScheduler' has been explicitly defined. Therefore, a default ThreadPoolTaskScheduler will be created.>
2017-03-23 10:04:40,443  INFO Test worker [org.springframework.beans.factory.annotation.AutowiredAnnotationBeanPostProcessor] - <JSR-330 'javax.inject.Inject' annotation found and supported for autowiring>
2017-03-23 10:04:40,538  INFO Test worker [org.springframework.beans.factory.annotation.AutowiredAnnotationBeanPostProcessor] - <JSR-330 'javax.inject.Inject' annotation found and supported for autowiring>
2017-03-23 10:04:41,008  INFO Test worker [org.springframework.beans.factory.annotation.AutowiredAnnotationBeanPostProcessor] - <JSR-330 'javax.inject.Inject' annotation found and supported for autowiring>
2017-03-23 10:04:41,133 DEBUG Test worker [org.springframework.integration.config.GlobalChannelInterceptorProcessor] - <No global channel interceptors.>
2017-03-23 10:04:41,210 DEBUG task-scheduler-2 [org.springframework.integration.endpoint.PollingConsumer] - <Received no Message during the poll, returning 'false'>
2017-03-23 10:04:41,210 DEBUG task-scheduler-1 [org.springframework.integration.endpoint.PollingConsumer] - <Received no Message during the poll, returning 'false'>
2017-03-23 10:04:41,230  INFO Test worker [org.springframework.context.support.DefaultLifecycleProcessor] - <Starting beans in phase 0>
2017-03-23 10:04:41,230  INFO Test worker [org.springframework.integration.endpoint.EventDrivenConsumer] - <Adding {service-activator} as a subscriber to the 'requests' channel>
2017-03-23 10:04:41,234  INFO Test worker [org.springframework.integration.channel.DirectChannel] - <Channel 'org.springframework.context.support.GenericApplicationContext@5a7963e1.requests' has 1 subscriber(s).>
2017-03-23 10:04:41,234  INFO Test worker [org.springframework.integration.endpoint.EventDrivenConsumer] - <started org.springframework.integration.config.ConsumerEndpointFactoryBean#0>
2017-03-23 10:04:41,235  INFO Test worker [org.springframework.integration.endpoint.EventDrivenConsumer] - <Adding {logging-channel-adapter:_org.springframework.integration.errorLogger} as a subscriber to the 'errorChannel' channel>
2017-03-23 10:04:41,235  INFO Test worker [org.springframework.integration.channel.PublishSubscribeChannel] - <Channel 'org.springframework.context.support.GenericApplicationContext@5a7963e1.errorChannel' has 1 subscriber(s).>
2017-03-23 10:04:41,235  INFO Test worker [org.springframework.integration.endpoint.EventDrivenConsumer] - <started _org.springframework.integration.errorLogger>
2017-03-23 10:04:41,439 DEBUG Test worker [org.springframework.batch.core.step.AbstractStep] - <Executing: id=1>
2017-03-23 10:04:41,457 DEBUG Test worker [org.springframework.batch.core.scope.context.StepContextRepeatCallback] - <Preparing chunk execution for StepContext: org.springframework.batch.core.scope.context.StepContext@74d8c201>
2017-03-23 10:04:41,458 DEBUG Test worker [org.springframework.batch.core.scope.context.StepContextRepeatCallback] - <Chunk execution starting: queue size=0>
2017-03-23 10:04:41,475 DEBUG Test worker [org.springframework.batch.integration.chunk.ChunkMessageChannelItemWriter] - <Dispatching chunk: ChunkRequest: jobId=0, sequence=0, contribution=[StepContribution: read=0, written=0, filtered=0, readSkips=0, writeSkips=0, processSkips=0, exitStatus=EXECUTING], item count=2>
2017-03-23 10:04:41,476 DEBUG Test worker [org.springframework.integration.channel.DirectChannel] - <preSend on channel 'requests', message: GenericMessage [payload=ChunkRequest: jobId=0, sequence=0, contribution=[StepContribution: read=0, written=0, filtered=0, readSkips=0, writeSkips=0, processSkips=0, exitStatus=EXECUTING], item count=2, headers={id=cd141478-8296-0892-d04c-535dab23cb46, timestamp=1490281481476}]>
2017-03-23 10:04:41,476 DEBUG Test worker [org.springframework.integration.handler.ServiceActivatingHandler] - <ServiceActivator for [org.springframework.integration.handler.MethodInvokingMessageProcessor@7b8bc1de] (org.springframework.integration.config.ServiceActivatorFactoryBean#0) received message: GenericMessage [payload=ChunkRequest: jobId=0, sequence=0, contribution=[StepContribution: read=0, written=0, filtered=0, readSkips=0, writeSkips=0, processSkips=0, exitStatus=EXECUTING], item count=2, headers={id=cd141478-8296-0892-d04c-535dab23cb46, timestamp=1490281481476}]>
2017-03-23 10:04:41,478 DEBUG Test worker [org.springframework.batch.integration.chunk.ChunkProcessorChunkHandler] - <Handling chunk: ChunkRequest: jobId=0, sequence=0, contribution=[StepContribution: read=0, written=0, filtered=0, readSkips=0, writeSkips=0, processSkips=0, exitStatus=EXECUTING], item count=2>
2017-03-23 10:04:41,479 DEBUG Test worker [org.springframework.batch.integration.chunk.TestItemWriter] - <Writing: 1>
2017-03-23 10:04:41,479 DEBUG Test worker [org.springframework.batch.integration.chunk.TestItemWriter] - <Writing: fail>
2017-03-23 10:04:41,483 DEBUG Test worker [org.springframework.batch.integration.chunk.ChunkProcessorChunkHandler] - <Failed chunk>
java.lang.IllegalStateException: Planned failure on: fail
	at org.springframework.batch.integration.chunk.TestItemWriter.write(TestItemWriter.java:59)
	at org.springframework.batch.core.step.item.SimpleChunkProcessor.writeItems(SimpleChunkProcessor.java:175)
	at org.springframework.batch.core.step.item.SimpleChunkProcessor.doWrite(SimpleChunkProcessor.java:151)
	at org.springframework.batch.core.step.item.SimpleChunkProcessor.write(SimpleChunkProcessor.java:274)
	at org.springframework.batch.core.step.item.SimpleChunkProcessor.process(SimpleChunkProcessor.java:199)
	at org.springframework.batch.integration.chunk.ChunkProcessorChunkHandler.process(ChunkProcessorChunkHandler.java:107)
	at org.springframework.batch.integration.chunk.ChunkProcessorChunkHandler.handleChunk(ChunkProcessorChunkHandler.java:83)
	at sun.reflect.NativeMethodAccessorImpl.invoke0(Native Method)
	at sun.reflect.NativeMethodAccessorImpl.invoke(NativeMethodAccessorImpl.java:62)
	at sun.reflect.DelegatingMethodAccessorImpl.invoke(DelegatingMethodAccessorImpl.java:43)
	at java.lang.reflect.Method.invoke(Method.java:483)
	at org.springframework.expression.spel.support.ReflectiveMethodExecutor.execute(ReflectiveMethodExecutor.java:113)
	at org.springframework.expression.spel.ast.MethodReference.getValueInternal(MethodReference.java:129)
	at org.springframework.expression.spel.ast.MethodReference.access$000(MethodReference.java:49)
	at org.springframework.expression.spel.ast.MethodReference$MethodValueRef.getValue(MethodReference.java:347)
	at org.springframework.expression.spel.ast.CompoundExpression.getValueInternal(CompoundExpression.java:88)
	at org.springframework.expression.spel.ast.SpelNodeImpl.getTypedValue(SpelNodeImpl.java:131)
	at org.springframework.expression.spel.standard.SpelExpression.getValue(SpelExpression.java:330)
	at org.springframework.integration.util.AbstractExpressionEvaluator.evaluateExpression(AbstractExpressionEvaluator.java:169)
	at org.springframework.integration.util.MessagingMethodInvokerHelper.processInternal(MessagingMethodInvokerHelper.java:336)
	at org.springframework.integration.util.MessagingMethodInvokerHelper.process(MessagingMethodInvokerHelper.java:155)
	at org.springframework.integration.handler.MethodInvokingMessageProcessor.processMessage(MethodInvokingMessageProcessor.java:93)
	at org.springframework.integration.handler.ServiceActivatingHandler.handleRequestMessage(ServiceActivatingHandler.java:89)
	at org.springframework.integration.handler.AbstractReplyProducingMessageHandler.handleMessageInternal(AbstractReplyProducingMessageHandler.java:109)
	at org.springframework.integration.handler.AbstractMessageHandler.handleMessage(AbstractMessageHandler.java:133)
	at org.springframework.integration.dispatcher.AbstractDispatcher.tryOptimizedDispatch(AbstractDispatcher.java:116)
	at org.springframework.integration.dispatcher.UnicastingDispatcher.doDispatch(UnicastingDispatcher.java:132)
	at org.springframework.integration.dispatcher.UnicastingDispatcher.dispatch(UnicastingDispatcher.java:105)
	at org.springframework.integration.channel.AbstractSubscribableChannel.doSend(AbstractSubscribableChannel.java:73)
	at org.springframework.integration.channel.AbstractMessageChannel.send(AbstractMessageChannel.java:423)
	at org.springframework.integration.channel.AbstractMessageChannel.send(AbstractMessageChannel.java:373)
	at org.springframework.messaging.core.GenericMessagingTemplate.doSend(GenericMessagingTemplate.java:115)
	at org.springframework.messaging.core.GenericMessagingTemplate.doSend(GenericMessagingTemplate.java:45)
	at org.springframework.messaging.core.AbstractMessageSendingTemplate.send(AbstractMessageSendingTemplate.java:105)
	at org.springframework.messaging.core.AbstractMessageSendingTemplate.send(AbstractMessageSendingTemplate.java:95)
	at org.springframework.batch.integration.chunk.ChunkMessageChannelItemWriter.write(ChunkMessageChannelItemWriter.java:107)
	at org.springframework.batch.core.step.item.SimpleChunkProcessor.writeItems(SimpleChunkProcessor.java:175)
	at org.springframework.batch.core.step.item.SimpleChunkProcessor.doWrite(SimpleChunkProcessor.java:151)
	at org.springframework.batch.core.step.item.SimpleChunkProcessor.write(SimpleChunkProcessor.java:274)
	at org.springframework.batch.core.step.item.SimpleChunkProcessor.process(SimpleChunkProcessor.java:199)
	at org.springframework.batch.core.step.item.ChunkOrientedTasklet.execute(ChunkOrientedTasklet.java:75)
	at org.springframework.batch.core.step.tasklet.TaskletStep$ChunkTransactionCallback.doInTransaction(TaskletStep.java:406)
	at org.springframework.batch.core.step.tasklet.TaskletStep$ChunkTransactionCallback.doInTransaction(TaskletStep.java:330)
	at org.springframework.transaction.support.TransactionTemplate.execute(TransactionTemplate.java:133)
	at org.springframework.batch.core.step.tasklet.TaskletStep$2.doInChunkContext(TaskletStep.java:272)
	at org.springframework.batch.core.scope.context.StepContextRepeatCallback.doInIteration(StepContextRepeatCallback.java:81)
	at org.springframework.batch.repeat.support.RepeatTemplate.getNextResult(RepeatTemplate.java:374)
	at org.springframework.batch.repeat.support.RepeatTemplate.executeInternal(RepeatTemplate.java:215)
	at org.springframework.batch.repeat.support.RepeatTemplate.iterate(RepeatTemplate.java:144)
	at org.springframework.batch.core.step.tasklet.TaskletStep.doExecute(TaskletStep.java:257)
	at org.springframework.batch.core.step.AbstractStep.execute(AbstractStep.java:200)
	at org.springframework.batch.integration.chunk.ChunkMessageItemWriterIntegrationTests.testEarlyCompletionSignalledInHandler(ChunkMessageItemWriterIntegrationTests.java:213)
	at sun.reflect.NativeMethodAccessorImpl.invoke0(Native Method)
	at sun.reflect.NativeMethodAccessorImpl.invoke(NativeMethodAccessorImpl.java:62)
	at sun.reflect.DelegatingMethodAccessorImpl.invoke(DelegatingMethodAccessorImpl.java:43)
	at java.lang.reflect.Method.invoke(Method.java:483)
	at org.junit.runners.model.FrameworkMethod$1.runReflectiveCall(FrameworkMethod.java:50)
	at org.junit.internal.runners.model.ReflectiveCallable.run(ReflectiveCallable.java:12)
	at org.junit.runners.model.FrameworkMethod.invokeExplosively(FrameworkMethod.java:47)
	at org.junit.internal.runners.statements.InvokeMethod.evaluate(InvokeMethod.java:17)
	at org.springframework.test.context.junit4.statements.RunBeforeTestExecutionCallbacks.evaluate(RunBeforeTestExecutionCallbacks.java:73)
	at org.springframework.test.context.junit4.statements.RunAfterTestExecutionCallbacks.evaluate(RunAfterTestExecutionCallbacks.java:83)
	at org.junit.internal.runners.statements.RunBefores.evaluate(RunBefores.java:26)
	at org.springframework.test.context.junit4.statements.RunBeforeTestMethodCallbacks.evaluate(RunBeforeTestMethodCallbacks.java:75)
	at org.junit.internal.runners.statements.RunAfters.evaluate(RunAfters.java:27)
	at org.springframework.test.context.junit4.statements.RunAfterTestMethodCallbacks.evaluate(RunAfterTestMethodCallbacks.java:86)
	at org.springframework.test.context.junit4.statements.SpringRepeat.evaluate(SpringRepeat.java:84)
	at org.junit.runners.ParentRunner.runLeaf(ParentRunner.java:325)
	at org.springframework.test.context.junit4.SpringJUnit4ClassRunner.runChild(SpringJUnit4ClassRunner.java:250)
	at org.springframework.test.context.junit4.SpringJUnit4ClassRunner.runChild(SpringJUnit4ClassRunner.java:97)
	at org.junit.runners.ParentRunner$3.run(ParentRunner.java:290)
	at org.junit.runners.ParentRunner$1.schedule(ParentRunner.java:71)
	at org.junit.runners.ParentRunner.runChildren(ParentRunner.java:288)
	at org.junit.runners.ParentRunner.access$000(ParentRunner.java:58)
	at org.junit.runners.ParentRunner$2.evaluate(ParentRunner.java:268)
	at org.springframework.test.context.junit4.statements.RunBeforeTestClassCallbacks.evaluate(RunBeforeTestClassCallbacks.java:61)
	at org.springframework.test.context.junit4.statements.RunAfterTestClassCallbacks.evaluate(RunAfterTestClassCallbacks.java:70)
	at org.junit.runners.ParentRunner.run(ParentRunner.java:363)
	at org.springframework.test.context.junit4.SpringJUnit4ClassRunner.run(SpringJUnit4ClassRunner.java:189)
	at org.gradle.api.internal.tasks.testing.junit.JUnitTestClassExecuter.runTestClass(JUnitTestClassExecuter.java:114)
	at org.gradle.api.internal.tasks.testing.junit.JUnitTestClassExecuter.execute(JUnitTestClassExecuter.java:57)
	at org.gradle.api.internal.tasks.testing.junit.JUnitTestClassProcessor.processTestClass(JUnitTestClassProcessor.java:66)
	at org.gradle.api.internal.tasks.testing.SuiteTestClassProcessor.processTestClass(SuiteTestClassProcessor.java:51)
	at sun.reflect.NativeMethodAccessorImpl.invoke0(Native Method)
	at sun.reflect.NativeMethodAccessorImpl.invoke(NativeMethodAccessorImpl.java:62)
	at sun.reflect.DelegatingMethodAccessorImpl.invoke(DelegatingMethodAccessorImpl.java:43)
	at java.lang.reflect.Method.invoke(Method.java:483)
	at org.gradle.internal.dispatch.ReflectionDispatch.dispatch(ReflectionDispatch.java:35)
	at org.gradle.internal.dispatch.ReflectionDispatch.dispatch(ReflectionDispatch.java:24)
	at org.gradle.internal.dispatch.ContextClassLoaderDispatch.dispatch(ContextClassLoaderDispatch.java:32)
	at org.gradle.internal.dispatch.ProxyDispatchAdapter$DispatchingInvocationHandler.invoke(ProxyDispatchAdapter.java:93)
	at com.sun.proxy.$Proxy3.processTestClass(Unknown Source)
	at org.gradle.api.internal.tasks.testing.worker.TestWorker.processTestClass(TestWorker.java:109)
	at sun.reflect.NativeMethodAccessorImpl.invoke0(Native Method)
	at sun.reflect.NativeMethodAccessorImpl.invoke(NativeMethodAccessorImpl.java:62)
	at sun.reflect.DelegatingMethodAccessorImpl.invoke(DelegatingMethodAccessorImpl.java:43)
	at java.lang.reflect.Method.invoke(Method.java:483)
	at org.gradle.internal.dispatch.ReflectionDispatch.dispatch(ReflectionDispatch.java:35)
	at org.gradle.internal.dispatch.ReflectionDispatch.dispatch(ReflectionDispatch.java:24)
	at org.gradle.internal.remote.internal.hub.MessageHubBackedObjectConnection$DispatchWrapper.dispatch(MessageHubBackedObjectConnection.java:147)
	at org.gradle.internal.remote.internal.hub.MessageHubBackedObjectConnection$DispatchWrapper.dispatch(MessageHubBackedObjectConnection.java:129)
	at org.gradle.internal.remote.internal.hub.MessageHub$Handler.run(MessageHub.java:404)
	at org.gradle.internal.concurrent.ExecutorPolicy$CatchAndRecordFailures.onExecute(ExecutorPolicy.java:63)
	at org.gradle.internal.concurrent.StoppableExecutorImpl$1.run(StoppableExecutorImpl.java:46)
	at java.util.concurrent.ThreadPoolExecutor.runWorker(ThreadPoolExecutor.java:1142)
	at java.util.concurrent.ThreadPoolExecutor$Worker.run(ThreadPoolExecutor.java:617)
	at java.lang.Thread.run(Thread.java:745)
2017-03-23 10:04:41,490 DEBUG Test worker [org.springframework.integration.channel.QueueChannel] - <preSend on channel 'replies', message: GenericMessage [payload=ChunkResponse: jobId=0, sequence=0, stepContribution=[StepContribution: read=0, written=0, filtered=0, readSkips=0, writeSkips=0, processSkips=0, exitStatus=EXECUTING], successful=false, headers={id=adc96ef1-409e-9c10-c80a-69adb3375883, timestamp=1490281481490}]>
2017-03-23 10:04:41,490 DEBUG Test worker [org.springframework.integration.channel.QueueChannel] - <postSend (sent=true) on channel 'replies', message: GenericMessage [payload=ChunkResponse: jobId=0, sequence=0, stepContribution=[StepContribution: read=0, written=0, filtered=0, readSkips=0, writeSkips=0, processSkips=0, exitStatus=EXECUTING], successful=false, headers={id=adc96ef1-409e-9c10-c80a-69adb3375883, timestamp=1490281481490}]>
2017-03-23 10:04:41,491 DEBUG Test worker [org.springframework.integration.channel.DirectChannel] - <postSend (sent=true) on channel 'requests', message: GenericMessage [payload=ChunkRequest: jobId=0, sequence=0, contribution=[StepContribution: read=0, written=0, filtered=0, readSkips=0, writeSkips=0, processSkips=0, exitStatus=EXECUTING], item count=2, headers={id=cd141478-8296-0892-d04c-535dab23cb46, timestamp=1490281481476}]>
2017-03-23 10:04:41,491 DEBUG Test worker [org.springframework.batch.core.step.item.ChunkOrientedTasklet] - <Inputs not busy, ended: false>
2017-03-23 10:04:41,491 DEBUG Test worker [org.springframework.batch.core.step.tasklet.TaskletStep] - <Applying contribution: [StepContribution: read=2, written=2, filtered=0, readSkips=0, writeSkips=0, processSkips=0, exitStatus=EXECUTING]>
2017-03-23 10:04:41,497 DEBUG Test worker [org.springframework.batch.core.step.tasklet.TaskletStep] - <Saving step execution before commit: StepExecution: id=1, version=1, name=step, status=STARTED, exitStatus=EXECUTING, readCount=2, filterCount=0, writeCount=2 readSkipCount=0, writeSkipCount=0, processSkipCount=0, commitCount=1, rollbackCount=0, exitDescription=>
2017-03-23 10:04:41,508 DEBUG Test worker [org.springframework.batch.core.scope.context.StepContextRepeatCallback] - <Preparing chunk execution for StepContext: org.springframework.batch.core.scope.context.StepContext@74d8c201>
2017-03-23 10:04:41,508 DEBUG Test worker [org.springframework.batch.core.scope.context.StepContextRepeatCallback] - <Chunk execution starting: queue size=0>
2017-03-23 10:04:41,510 DEBUG Test worker [org.springframework.batch.integration.chunk.ChunkMessageChannelItemWriter] - <Dispatching chunk: ChunkRequest: jobId=0, sequence=1, contribution=[StepContribution: read=0, written=0, filtered=0, readSkips=0, writeSkips=0, processSkips=0, exitStatus=EXECUTING], item count=2>
2017-03-23 10:04:41,510 DEBUG Test worker [org.springframework.integration.channel.DirectChannel] - <preSend on channel 'requests', message: GenericMessage [payload=ChunkRequest: jobId=0, sequence=1, contribution=[StepContribution: read=0, written=0, filtered=0, readSkips=0, writeSkips=0, processSkips=0, exitStatus=EXECUTING], item count=2, headers={id=2cb2705f-2270-39f7-078b-6619fb1d3e6d, timestamp=1490281481510}]>
2017-03-23 10:04:41,510 DEBUG Test worker [org.springframework.integration.handler.ServiceActivatingHandler] - <ServiceActivator for [org.springframework.integration.handler.MethodInvokingMessageProcessor@7b8bc1de] (org.springframework.integration.config.ServiceActivatorFactoryBean#0) received message: GenericMessage [payload=ChunkRequest: jobId=0, sequence=1, contribution=[StepContribution: read=0, written=0, filtered=0, readSkips=0, writeSkips=0, processSkips=0, exitStatus=EXECUTING], item count=2, headers={id=2cb2705f-2270-39f7-078b-6619fb1d3e6d, timestamp=1490281481510}]>
2017-03-23 10:04:41,511 DEBUG Test worker [org.springframework.batch.integration.chunk.ChunkProcessorChunkHandler] - <Handling chunk: ChunkRequest: jobId=0, sequence=1, contribution=[StepContribution: read=0, written=0, filtered=0, readSkips=0, writeSkips=0, processSkips=0, exitStatus=EXECUTING], item count=2>
2017-03-23 10:04:41,511 DEBUG Test worker [org.springframework.batch.integration.chunk.TestItemWriter] - <Writing: 3>
2017-03-23 10:04:41,511 DEBUG Test worker [org.springframework.batch.integration.chunk.TestItemWriter] - <Writing: 4>
2017-03-23 10:04:41,511 DEBUG Test worker [org.springframework.batch.integration.chunk.ChunkProcessorChunkHandler] - <Completed chunk handling with [StepContribution: read=0, written=2, filtered=0, readSkips=0, writeSkips=0, processSkips=0, exitStatus=EXECUTING]>
2017-03-23 10:04:41,511 DEBUG Test worker [org.springframework.integration.channel.QueueChannel] - <preSend on channel 'replies', message: GenericMessage [payload=ChunkResponse: jobId=0, sequence=1, stepContribution=[StepContribution: read=0, written=2, filtered=0, readSkips=0, writeSkips=0, processSkips=0, exitStatus=EXECUTING], successful=true, headers={id=da2513ba-0738-f48d-42c4-995a93f9f1fa, timestamp=1490281481511}]>
2017-03-23 10:04:41,512 DEBUG Test worker [org.springframework.integration.channel.QueueChannel] - <postSend (sent=true) on channel 'replies', message: GenericMessage [payload=ChunkResponse: jobId=0, sequence=1, stepContribution=[StepContribution: read=0, written=2, filtered=0, readSkips=0, writeSkips=0, processSkips=0, exitStatus=EXECUTING], successful=true, headers={id=da2513ba-0738-f48d-42c4-995a93f9f1fa, timestamp=1490281481511}]>
2017-03-23 10:04:41,512 DEBUG Test worker [org.springframework.integration.channel.DirectChannel] - <postSend (sent=true) on channel 'requests', message: GenericMessage [payload=ChunkRequest: jobId=0, sequence=1, contribution=[StepContribution: read=0, written=2, filtered=0, readSkips=0, writeSkips=0, processSkips=0, exitStatus=EXECUTING], item count=2, headers={id=2cb2705f-2270-39f7-078b-6619fb1d3e6d, timestamp=1490281481510}]>
2017-03-23 10:04:41,512 DEBUG Test worker [org.springframework.batch.core.step.item.ChunkOrientedTasklet] - <Inputs not busy, ended: false>
2017-03-23 10:04:41,512 DEBUG Test worker [org.springframework.batch.core.step.tasklet.TaskletStep] - <Applying contribution: [StepContribution: read=2, written=2, filtered=0, readSkips=0, writeSkips=0, processSkips=0, exitStatus=EXECUTING]>
2017-03-23 10:04:41,515 DEBUG Test worker [org.springframework.batch.core.step.tasklet.TaskletStep] - <Saving step execution before commit: StepExecution: id=1, version=2, name=step, status=STARTED, exitStatus=EXECUTING, readCount=4, filterCount=0, writeCount=4 readSkipCount=0, writeSkipCount=0, processSkipCount=0, commitCount=2, rollbackCount=0, exitDescription=>
2017-03-23 10:04:41,519 DEBUG Test worker [org.springframework.batch.core.scope.context.StepContextRepeatCallback] - <Preparing chunk execution for StepContext: org.springframework.batch.core.scope.context.StepContext@74d8c201>
2017-03-23 10:04:41,520 DEBUG Test worker [org.springframework.batch.core.scope.context.StepContextRepeatCallback] - <Chunk execution starting: queue size=0>
2017-03-23 10:04:41,520 DEBUG Test worker [org.springframework.batch.integration.chunk.ChunkMessageChannelItemWriter] - <Dispatching chunk: ChunkRequest: jobId=0, sequence=2, contribution=[StepContribution: read=0, written=0, filtered=0, readSkips=0, writeSkips=0, processSkips=0, exitStatus=EXECUTING], item count=2>
2017-03-23 10:04:41,520 DEBUG Test worker [org.springframework.integration.channel.DirectChannel] - <preSend on channel 'requests', message: GenericMessage [payload=ChunkRequest: jobId=0, sequence=2, contribution=[StepContribution: read=0, written=0, filtered=0, readSkips=0, writeSkips=0, processSkips=0, exitStatus=EXECUTING], item count=2, headers={id=82e48c2b-cc71-9201-36dd-ea078dcad1b3, timestamp=1490281481520}]>
2017-03-23 10:04:41,520 DEBUG Test worker [org.springframework.integration.handler.ServiceActivatingHandler] - <ServiceActivator for [org.springframework.integration.handler.MethodInvokingMessageProcessor@7b8bc1de] (org.springframework.integration.config.ServiceActivatorFactoryBean#0) received message: GenericMessage [payload=ChunkRequest: jobId=0, sequence=2, contribution=[StepContribution: read=0, written=0, filtered=0, readSkips=0, writeSkips=0, processSkips=0, exitStatus=EXECUTING], item count=2, headers={id=82e48c2b-cc71-9201-36dd-ea078dcad1b3, timestamp=1490281481520}]>
2017-03-23 10:04:41,521 DEBUG Test worker [org.springframework.batch.integration.chunk.ChunkProcessorChunkHandler] - <Handling chunk: ChunkRequest: jobId=0, sequence=2, contribution=[StepContribution: read=0, written=0, filtered=0, readSkips=0, writeSkips=0, processSkips=0, exitStatus=EXECUTING], item count=2>
2017-03-23 10:04:41,521 DEBUG Test worker [org.springframework.batch.integration.chunk.TestItemWriter] - <Writing: 5>
2017-03-23 10:04:41,521 DEBUG Test worker [org.springframework.batch.integration.chunk.TestItemWriter] - <Writing: 6>
2017-03-23 10:04:41,521 DEBUG Test worker [org.springframework.batch.integration.chunk.ChunkProcessorChunkHandler] - <Completed chunk handling with [StepContribution: read=0, written=2, filtered=0, readSkips=0, writeSkips=0, processSkips=0, exitStatus=EXECUTING]>
2017-03-23 10:04:41,521 DEBUG Test worker [org.springframework.integration.channel.QueueChannel] - <preSend on channel 'replies', message: GenericMessage [payload=ChunkResponse: jobId=0, sequence=2, stepContribution=[StepContribution: read=0, written=2, filtered=0, readSkips=0, writeSkips=0, processSkips=0, exitStatus=EXECUTING], successful=true, headers={id=d3b34a98-2760-3631-eb3c-7d7ef3720568, timestamp=1490281481521}]>
2017-03-23 10:04:41,522 DEBUG Test worker [org.springframework.integration.channel.QueueChannel] - <postSend (sent=true) on channel 'replies', message: GenericMessage [payload=ChunkResponse: jobId=0, sequence=2, stepContribution=[StepContribution: read=0, written=2, filtered=0, readSkips=0, writeSkips=0, processSkips=0, exitStatus=EXECUTING], successful=true, headers={id=d3b34a98-2760-3631-eb3c-7d7ef3720568, timestamp=1490281481521}]>
2017-03-23 10:04:41,522 DEBUG Test worker [org.springframework.integration.channel.DirectChannel] - <postSend (sent=true) on channel 'requests', message: GenericMessage [payload=ChunkRequest: jobId=0, sequence=2, contribution=[StepContribution: read=0, written=2, filtered=0, readSkips=0, writeSkips=0, processSkips=0, exitStatus=EXECUTING], item count=2, headers={id=82e48c2b-cc71-9201-36dd-ea078dcad1b3, timestamp=1490281481520}]>
2017-03-23 10:04:41,522 DEBUG Test worker [org.springframework.batch.core.step.item.ChunkOrientedTasklet] - <Inputs not busy, ended: false>
2017-03-23 10:04:41,522 DEBUG Test worker [org.springframework.batch.core.step.tasklet.TaskletStep] - <Applying contribution: [StepContribution: read=2, written=2, filtered=0, readSkips=0, writeSkips=0, processSkips=0, exitStatus=EXECUTING]>
2017-03-23 10:04:41,525 DEBUG Test worker [org.springframework.batch.core.step.tasklet.TaskletStep] - <Saving step execution before commit: StepExecution: id=1, version=3, name=step, status=STARTED, exitStatus=EXECUTING, readCount=6, filterCount=0, writeCount=6 readSkipCount=0, writeSkipCount=0, processSkipCount=0, commitCount=3, rollbackCount=0, exitDescription=>
2017-03-23 10:04:41,530 DEBUG Test worker [org.springframework.batch.core.scope.context.StepContextRepeatCallback] - <Preparing chunk execution for StepContext: org.springframework.batch.core.scope.context.StepContext@74d8c201>
2017-03-23 10:04:41,530 DEBUG Test worker [org.springframework.batch.core.scope.context.StepContextRepeatCallback] - <Chunk execution starting: queue size=0>
2017-03-23 10:04:41,530 DEBUG Test worker [org.springframework.batch.core.step.item.ChunkOrientedTasklet] - <Inputs not busy, ended: true>
2017-03-23 10:04:41,530 DEBUG Test worker [org.springframework.batch.core.step.tasklet.TaskletStep] - <Applying contribution: [StepContribution: read=0, written=0, filtered=0, readSkips=0, writeSkips=0, processSkips=0, exitStatus=EXECUTING]>
2017-03-23 10:04:41,533 DEBUG Test worker [org.springframework.batch.core.step.tasklet.TaskletStep] - <Saving step execution before commit: StepExecution: id=1, version=4, name=step, status=STARTED, exitStatus=EXECUTING, readCount=6, filterCount=0, writeCount=6 readSkipCount=0, writeSkipCount=0, processSkipCount=0, commitCount=4, rollbackCount=0, exitDescription=>
2017-03-23 10:04:41,538 DEBUG Test worker [org.springframework.batch.core.step.AbstractStep] - <Step execution success: id=1>
2017-03-23 10:04:41,538 DEBUG Test worker [org.springframework.batch.integration.chunk.ChunkMessageChannelItemWriter] - <Waiting for results in step listener...>
2017-03-23 10:04:41,538  INFO Test worker [org.springframework.batch.integration.chunk.ChunkMessageChannelItemWriter] - <Waiting for 3 results>
2017-03-23 10:04:41,539 DEBUG Test worker [org.springframework.integration.channel.QueueChannel] - <postReceive on channel 'replies', message: GenericMessage [payload=ChunkResponse: jobId=0, sequence=0, stepContribution=[StepContribution: read=0, written=0, filtered=0, readSkips=0, writeSkips=0, processSkips=0, exitStatus=EXECUTING], successful=false, headers={id=adc96ef1-409e-9c10-c80a-69adb3375883, timestamp=1490281481490}]>
2017-03-23 10:04:41,539 DEBUG Test worker [org.springframework.batch.integration.chunk.ChunkMessageChannelItemWriter] - <Found result: ChunkResponse: jobId=0, sequence=0, stepContribution=[StepContribution: read=0, written=0, filtered=0, readSkips=0, writeSkips=0, processSkips=0, exitStatus=EXECUTING], successful=false>
2017-03-23 10:04:41,539 ERROR Test worker [org.springframework.batch.integration.chunk.ChunkMessageChannelItemWriter] - <Detected error in remote result. Trying to recover 2 outstanding results before completing.>
org.springframework.batch.integration.chunk.AsynchronousFailureException: Failure or interrupt detected in handler: java.lang.IllegalStateException: Planned failure on: fail
	at org.springframework.batch.integration.chunk.ChunkMessageChannelItemWriter.getNextResult(ChunkMessageChannelItemWriter.java:243)
	at org.springframework.batch.integration.chunk.ChunkMessageChannelItemWriter.waitForResults(ChunkMessageChannelItemWriter.java:197)
	at org.springframework.batch.integration.chunk.ChunkMessageChannelItemWriter.afterStep(ChunkMessageChannelItemWriter.java:128)
	at org.springframework.batch.core.listener.CompositeStepExecutionListener.afterStep(CompositeStepExecutionListener.java:62)
	at org.springframework.batch.core.step.AbstractStep.execute(AbstractStep.java:239)
	at org.springframework.batch.integration.chunk.ChunkMessageItemWriterIntegrationTests.testEarlyCompletionSignalledInHandler(ChunkMessageItemWriterIntegrationTests.java:213)
	at sun.reflect.NativeMethodAccessorImpl.invoke0(Native Method)
	at sun.reflect.NativeMethodAccessorImpl.invoke(NativeMethodAccessorImpl.java:62)
	at sun.reflect.DelegatingMethodAccessorImpl.invoke(DelegatingMethodAccessorImpl.java:43)
	at java.lang.reflect.Method.invoke(Method.java:483)
	at org.junit.runners.model.FrameworkMethod$1.runReflectiveCall(FrameworkMethod.java:50)
	at org.junit.internal.runners.model.ReflectiveCallable.run(ReflectiveCallable.java:12)
	at org.junit.runners.model.FrameworkMethod.invokeExplosively(FrameworkMethod.java:47)
	at org.junit.internal.runners.statements.InvokeMethod.evaluate(InvokeMethod.java:17)
	at org.springframework.test.context.junit4.statements.RunBeforeTestExecutionCallbacks.evaluate(RunBeforeTestExecutionCallbacks.java:73)
	at org.springframework.test.context.junit4.statements.RunAfterTestExecutionCallbacks.evaluate(RunAfterTestExecutionCallbacks.java:83)
	at org.junit.internal.runners.statements.RunBefores.evaluate(RunBefores.java:26)
	at org.springframework.test.context.junit4.statements.RunBeforeTestMethodCallbacks.evaluate(RunBeforeTestMethodCallbacks.java:75)
	at org.junit.internal.runners.statements.RunAfters.evaluate(RunAfters.java:27)
	at org.springframework.test.context.junit4.statements.RunAfterTestMethodCallbacks.evaluate(RunAfterTestMethodCallbacks.java:86)
	at org.springframework.test.context.junit4.statements.SpringRepeat.evaluate(SpringRepeat.java:84)
	at org.junit.runners.ParentRunner.runLeaf(ParentRunner.java:325)
	at org.springframework.test.context.junit4.SpringJUnit4ClassRunner.runChild(SpringJUnit4ClassRunner.java:250)
	at org.springframework.test.context.junit4.SpringJUnit4ClassRunner.runChild(SpringJUnit4ClassRunner.java:97)
	at org.junit.runners.ParentRunner$3.run(ParentRunner.java:290)
	at org.junit.runners.ParentRunner$1.schedule(ParentRunner.java:71)
	at org.junit.runners.ParentRunner.runChildren(ParentRunner.java:288)
	at org.junit.runners.ParentRunner.access$000(ParentRunner.java:58)
	at org.junit.runners.ParentRunner$2.evaluate(ParentRunner.java:268)
	at org.springframework.test.context.junit4.statements.RunBeforeTestClassCallbacks.evaluate(RunBeforeTestClassCallbacks.java:61)
	at org.springframework.test.context.junit4.statements.RunAfterTestClassCallbacks.evaluate(RunAfterTestClassCallbacks.java:70)
	at org.junit.runners.ParentRunner.run(ParentRunner.java:363)
	at org.springframework.test.context.junit4.SpringJUnit4ClassRunner.run(SpringJUnit4ClassRunner.java:189)
	at org.gradle.api.internal.tasks.testing.junit.JUnitTestClassExecuter.runTestClass(JUnitTestClassExecuter.java:114)
	at org.gradle.api.internal.tasks.testing.junit.JUnitTestClassExecuter.execute(JUnitTestClassExecuter.java:57)
	at org.gradle.api.internal.tasks.testing.junit.JUnitTestClassProcessor.processTestClass(JUnitTestClassProcessor.java:66)
	at org.gradle.api.internal.tasks.testing.SuiteTestClassProcessor.processTestClass(SuiteTestClassProcessor.java:51)
	at sun.reflect.NativeMethodAccessorImpl.invoke0(Native Method)
	at sun.reflect.NativeMethodAccessorImpl.invoke(NativeMethodAccessorImpl.java:62)
	at sun.reflect.DelegatingMethodAccessorImpl.invoke(DelegatingMethodAccessorImpl.java:43)
	at java.lang.reflect.Method.invoke(Method.java:483)
	at org.gradle.internal.dispatch.ReflectionDispatch.dispatch(ReflectionDispatch.java:35)
	at org.gradle.internal.dispatch.ReflectionDispatch.dispatch(ReflectionDispatch.java:24)
	at org.gradle.internal.dispatch.ContextClassLoaderDispatch.dispatch(ContextClassLoaderDispatch.java:32)
	at org.gradle.internal.dispatch.ProxyDispatchAdapter$DispatchingInvocationHandler.invoke(ProxyDispatchAdapter.java:93)
	at com.sun.proxy.$Proxy3.processTestClass(Unknown Source)
	at org.gradle.api.internal.tasks.testing.worker.TestWorker.processTestClass(TestWorker.java:109)
	at sun.reflect.NativeMethodAccessorImpl.invoke0(Native Method)
	at sun.reflect.NativeMethodAccessorImpl.invoke(NativeMethodAccessorImpl.java:62)
	at sun.reflect.DelegatingMethodAccessorImpl.invoke(DelegatingMethodAccessorImpl.java:43)
	at java.lang.reflect.Method.invoke(Method.java:483)
	at org.gradle.internal.dispatch.ReflectionDispatch.dispatch(ReflectionDispatch.java:35)
	at org.gradle.internal.dispatch.ReflectionDispatch.dispatch(ReflectionDispatch.java:24)
	at org.gradle.internal.remote.internal.hub.MessageHubBackedObjectConnection$DispatchWrapper.dispatch(MessageHubBackedObjectConnection.java:147)
	at org.gradle.internal.remote.internal.hub.MessageHubBackedObjectConnection$DispatchWrapper.dispatch(MessageHubBackedObjectConnection.java:129)
	at org.gradle.internal.remote.internal.hub.MessageHub$Handler.run(MessageHub.java:404)
	at org.gradle.internal.concurrent.ExecutorPolicy$CatchAndRecordFailures.onExecute(ExecutorPolicy.java:63)
	at org.gradle.internal.concurrent.StoppableExecutorImpl$1.run(StoppableExecutorImpl.java:46)
	at java.util.concurrent.ThreadPoolExecutor.runWorker(ThreadPoolExecutor.java:1142)
	at java.util.concurrent.ThreadPoolExecutor$Worker.run(ThreadPoolExecutor.java:617)
	at java.lang.Thread.run(Thread.java:745)
2017-03-23 10:04:41,544 DEBUG Test worker [org.springframework.integration.channel.QueueChannel] - <postReceive on channel 'replies', message: GenericMessage [payload=ChunkResponse: jobId=0, sequence=1, stepContribution=[StepContribution: read=0, written=2, filtered=0, readSkips=0, writeSkips=0, processSkips=0, exitStatus=EXECUTING], successful=true, headers={id=da2513ba-0738-f48d-42c4-995a93f9f1fa, timestamp=1490281481511}]>
2017-03-23 10:04:41,544 DEBUG Test worker [org.springframework.batch.integration.chunk.ChunkMessageChannelItemWriter] - <Found result: ChunkResponse: jobId=0, sequence=1, stepContribution=[StepContribution: read=0, written=2, filtered=0, readSkips=0, writeSkips=0, processSkips=0, exitStatus=EXECUTING], successful=true>
2017-03-23 10:04:41,544 DEBUG Test worker [org.springframework.integration.channel.QueueChannel] - <postReceive on channel 'replies', message: GenericMessage [payload=ChunkResponse: jobId=0, sequence=2, stepContribution=[StepContribution: read=0, written=2, filtered=0, readSkips=0, writeSkips=0, processSkips=0, exitStatus=EXECUTING], successful=true, headers={id=d3b34a98-2760-3631-eb3c-7d7ef3720568, timestamp=1490281481521}]>
2017-03-23 10:04:41,544 DEBUG Test worker [org.springframework.batch.integration.chunk.ChunkMessageChannelItemWriter] - <Found result: ChunkResponse: jobId=0, sequence=2, stepContribution=[StepContribution: read=0, written=2, filtered=0, readSkips=0, writeSkips=0, processSkips=0, exitStatus=EXECUTING], successful=true>
2017-03-23 10:04:41,545 DEBUG Test worker [org.springframework.batch.integration.chunk.ChunkMessageChannelItemWriter] - <Detected failure waiting for results in step listener.>
org.springframework.batch.integration.chunk.AsynchronousFailureException: Failure or interrupt detected in handler: java.lang.IllegalStateException: Planned failure on: fail
	at org.springframework.batch.integration.chunk.ChunkMessageChannelItemWriter.getNextResult(ChunkMessageChannelItemWriter.java:243)
	at org.springframework.batch.integration.chunk.ChunkMessageChannelItemWriter.waitForResults(ChunkMessageChannelItemWriter.java:197)
	at org.springframework.batch.integration.chunk.ChunkMessageChannelItemWriter.afterStep(ChunkMessageChannelItemWriter.java:128)
	at org.springframework.batch.core.listener.CompositeStepExecutionListener.afterStep(CompositeStepExecutionListener.java:62)
	at org.springframework.batch.core.step.AbstractStep.execute(AbstractStep.java:239)
	at org.springframework.batch.integration.chunk.ChunkMessageItemWriterIntegrationTests.testEarlyCompletionSignalledInHandler(ChunkMessageItemWriterIntegrationTests.java:213)
	at sun.reflect.NativeMethodAccessorImpl.invoke0(Native Method)
	at sun.reflect.NativeMethodAccessorImpl.invoke(NativeMethodAccessorImpl.java:62)
	at sun.reflect.DelegatingMethodAccessorImpl.invoke(DelegatingMethodAccessorImpl.java:43)
	at java.lang.reflect.Method.invoke(Method.java:483)
	at org.junit.runners.model.FrameworkMethod$1.runReflectiveCall(FrameworkMethod.java:50)
	at org.junit.internal.runners.model.ReflectiveCallable.run(ReflectiveCallable.java:12)
	at org.junit.runners.model.FrameworkMethod.invokeExplosively(FrameworkMethod.java:47)
	at org.junit.internal.runners.statements.InvokeMethod.evaluate(InvokeMethod.java:17)
	at org.springframework.test.context.junit4.statements.RunBeforeTestExecutionCallbacks.evaluate(RunBeforeTestExecutionCallbacks.java:73)
	at org.springframework.test.context.junit4.statements.RunAfterTestExecutionCallbacks.evaluate(RunAfterTestExecutionCallbacks.java:83)
	at org.junit.internal.runners.statements.RunBefores.evaluate(RunBefores.java:26)
	at org.springframework.test.context.junit4.statements.RunBeforeTestMethodCallbacks.evaluate(RunBeforeTestMethodCallbacks.java:75)
	at org.junit.internal.runners.statements.RunAfters.evaluate(RunAfters.java:27)
	at org.springframework.test.context.junit4.statements.RunAfterTestMethodCallbacks.evaluate(RunAfterTestMethodCallbacks.java:86)
	at org.springframework.test.context.junit4.statements.SpringRepeat.evaluate(SpringRepeat.java:84)
	at org.junit.runners.ParentRunner.runLeaf(ParentRunner.java:325)
	at org.springframework.test.context.junit4.SpringJUnit4ClassRunner.runChild(SpringJUnit4ClassRunner.java:250)
	at org.springframework.test.context.junit4.SpringJUnit4ClassRunner.runChild(SpringJUnit4ClassRunner.java:97)
	at org.junit.runners.ParentRunner$3.run(ParentRunner.java:290)
	at org.junit.runners.ParentRunner$1.schedule(ParentRunner.java:71)
	at org.junit.runners.ParentRunner.runChildren(ParentRunner.java:288)
	at org.junit.runners.ParentRunner.access$000(ParentRunner.java:58)
	at org.junit.runners.ParentRunner$2.evaluate(ParentRunner.java:268)
	at org.springframework.test.context.junit4.statements.RunBeforeTestClassCallbacks.evaluate(RunBeforeTestClassCallbacks.java:61)
	at org.springframework.test.context.junit4.statements.RunAfterTestClassCallbacks.evaluate(RunAfterTestClassCallbacks.java:70)
	at org.junit.runners.ParentRunner.run(ParentRunner.java:363)
	at org.springframework.test.context.junit4.SpringJUnit4ClassRunner.run(SpringJUnit4ClassRunner.java:189)
	at org.gradle.api.internal.tasks.testing.junit.JUnitTestClassExecuter.runTestClass(JUnitTestClassExecuter.java:114)
	at org.gradle.api.internal.tasks.testing.junit.JUnitTestClassExecuter.execute(JUnitTestClassExecuter.java:57)
	at org.gradle.api.internal.tasks.testing.junit.JUnitTestClassProcessor.processTestClass(JUnitTestClassProcessor.java:66)
	at org.gradle.api.internal.tasks.testing.SuiteTestClassProcessor.processTestClass(SuiteTestClassProcessor.java:51)
	at sun.reflect.NativeMethodAccessorImpl.invoke0(Native Method)
	at sun.reflect.NativeMethodAccessorImpl.invoke(NativeMethodAccessorImpl.java:62)
	at sun.reflect.DelegatingMethodAccessorImpl.invoke(DelegatingMethodAccessorImpl.java:43)
	at java.lang.reflect.Method.invoke(Method.java:483)
	at org.gradle.internal.dispatch.ReflectionDispatch.dispatch(ReflectionDispatch.java:35)
	at org.gradle.internal.dispatch.ReflectionDispatch.dispatch(ReflectionDispatch.java:24)
	at org.gradle.internal.dispatch.ContextClassLoaderDispatch.dispatch(ContextClassLoaderDispatch.java:32)
	at org.gradle.internal.dispatch.ProxyDispatchAdapter$DispatchingInvocationHandler.invoke(ProxyDispatchAdapter.java:93)
	at com.sun.proxy.$Proxy3.processTestClass(Unknown Source)
	at org.gradle.api.internal.tasks.testing.worker.TestWorker.processTestClass(TestWorker.java:109)
	at sun.reflect.NativeMethodAccessorImpl.invoke0(Native Method)
	at sun.reflect.NativeMethodAccessorImpl.invoke(NativeMethodAccessorImpl.java:62)
	at sun.reflect.DelegatingMethodAccessorImpl.invoke(DelegatingMethodAccessorImpl.java:43)
	at java.lang.reflect.Method.invoke(Method.java:483)
	at org.gradle.internal.dispatch.ReflectionDispatch.dispatch(ReflectionDispatch.java:35)
	at org.gradle.internal.dispatch.ReflectionDispatch.dispatch(ReflectionDispatch.java:24)
	at org.gradle.internal.remote.internal.hub.MessageHubBackedObjectConnection$DispatchWrapper.dispatch(MessageHubBackedObjectConnection.java:147)
	at org.gradle.internal.remote.internal.hub.MessageHubBackedObjectConnection$DispatchWrapper.dispatch(MessageHubBackedObjectConnection.java:129)
	at org.gradle.internal.remote.internal.hub.MessageHub$Handler.run(MessageHub.java:404)
	at org.gradle.internal.concurrent.ExecutorPolicy$CatchAndRecordFailures.onExecute(ExecutorPolicy.java:63)
	at org.gradle.internal.concurrent.StoppableExecutorImpl$1.run(StoppableExecutorImpl.java:46)
	at java.util.concurrent.ThreadPoolExecutor.runWorker(ThreadPoolExecutor.java:1142)
	at java.util.concurrent.ThreadPoolExecutor$Worker.run(ThreadPoolExecutor.java:617)
	at java.lang.Thread.run(Thread.java:745)
2017-03-23 10:04:41,549 DEBUG Test worker [org.springframework.batch.integration.chunk.ChunkMessageChannelItemWriter] - <Finished waiting for results in step listener.  Still expecting: 0>
2017-03-23 10:04:41,549 DEBUG Test worker [org.springframework.batch.integration.chunk.ChunkMessageChannelItemWriter] - <Applying: ChunkResponse: jobId=0, sequence=0, stepContribution=[StepContribution: read=0, written=0, filtered=0, readSkips=0, writeSkips=0, processSkips=0, exitStatus=EXECUTING], successful=false>
2017-03-23 10:04:41,549 DEBUG Test worker [org.springframework.batch.integration.chunk.ChunkMessageChannelItemWriter] - <Applying: ChunkResponse: jobId=0, sequence=1, stepContribution=[StepContribution: read=0, written=2, filtered=0, readSkips=0, writeSkips=0, processSkips=0, exitStatus=EXECUTING], successful=true>
2017-03-23 10:04:41,549 DEBUG Test worker [org.springframework.batch.integration.chunk.ChunkMessageChannelItemWriter] - <Applying: ChunkResponse: jobId=0, sequence=2, stepContribution=[StepContribution: read=0, written=2, filtered=0, readSkips=0, writeSkips=0, processSkips=0, exitStatus=EXECUTING], successful=true>
2017-03-23 10:04:41,557 DEBUG Test worker [org.springframework.batch.core.step.AbstractStep] - <Step execution complete: StepExecution: id=1, version=6, name=step, status=FAILED, exitStatus=FAILED, readCount=6, filterCount=0, writeCount=10 readSkipCount=0, writeSkipCount=0, processSkipCount=0, commitCount=4, rollbackCount=0>
2017-03-23 10:04:41,582  INFO Test worker [org.springframework.batch.integration.chunk.ChunkMessageChannelItemWriter] - <Waiting for 0 results>
2017-03-23 10:04:41,624 DEBUG Test worker [org.springframework.integration.channel.DirectChannel] - <preSend on channel 'requests', message: GenericMessage [payload=ChunkRequest: jobId=4321, sequence=0, contribution=[StepContribution: read=0, written=0, filtered=0, readSkips=0, writeSkips=0, processSkips=0, exitStatus=EXECUTING], item count=1, headers={id=42b3213d-b29c-5b4f-3bdb-1a81fb96362d, timestamp=1490281481624}]>
2017-03-23 10:04:41,625 DEBUG Test worker [org.springframework.integration.handler.ServiceActivatingHandler] - <ServiceActivator for [org.springframework.integration.handler.MethodInvokingMessageProcessor@7b8bc1de] (org.springframework.integration.config.ServiceActivatorFactoryBean#0) received message: GenericMessage [payload=ChunkRequest: jobId=4321, sequence=0, contribution=[StepContribution: read=0, written=0, filtered=0, readSkips=0, writeSkips=0, processSkips=0, exitStatus=EXECUTING], item count=1, headers={id=42b3213d-b29c-5b4f-3bdb-1a81fb96362d, timestamp=1490281481624}]>
2017-03-23 10:04:41,625 DEBUG Test worker [org.springframework.batch.integration.chunk.ChunkProcessorChunkHandler] - <Handling chunk: ChunkRequest: jobId=4321, sequence=0, contribution=[StepContribution: read=0, written=0, filtered=0, readSkips=0, writeSkips=0, processSkips=0, exitStatus=EXECUTING], item count=1>
2017-03-23 10:04:41,625 DEBUG Test worker [org.springframework.batch.integration.chunk.TestItemWriter] - <Writing: foo>
2017-03-23 10:04:41,625 DEBUG Test worker [org.springframework.batch.integration.chunk.ChunkProcessorChunkHandler] - <Completed chunk handling with [StepContribution: read=0, written=1, filtered=0, readSkips=0, writeSkips=0, processSkips=0, exitStatus=EXECUTING]>
2017-03-23 10:04:41,626 DEBUG Test worker [org.springframework.integration.channel.QueueChannel] - <preSend on channel 'replies', message: GenericMessage [payload=ChunkResponse: jobId=4321, sequence=0, stepContribution=[StepContribution: read=0, written=1, filtered=0, readSkips=0, writeSkips=0, processSkips=0, exitStatus=EXECUTING], successful=true, headers={id=2e8af844-4a15-845b-9595-e5d379cce917, timestamp=1490281481626}]>
2017-03-23 10:04:41,626 DEBUG Test worker [org.springframework.integration.channel.QueueChannel] - <postSend (sent=true) on channel 'replies', message: GenericMessage [payload=ChunkResponse: jobId=4321, sequence=0, stepContribution=[StepContribution: read=0, written=1, filtered=0, readSkips=0, writeSkips=0, processSkips=0, exitStatus=EXECUTING], successful=true, headers={id=2e8af844-4a15-845b-9595-e5d379cce917, timestamp=1490281481626}]>
2017-03-23 10:04:41,626 DEBUG Test worker [org.springframework.integration.channel.DirectChannel] - <postSend (sent=true) on channel 'requests', message: GenericMessage [payload=ChunkRequest: jobId=4321, sequence=0, contribution=[StepContribution: read=0, written=1, filtered=0, readSkips=0, writeSkips=0, processSkips=0, exitStatus=EXECUTING], item count=1, headers={id=42b3213d-b29c-5b4f-3bdb-1a81fb96362d, timestamp=1490281481624}]>
2017-03-23 10:04:41,626 DEBUG Test worker [org.springframework.batch.core.step.AbstractStep] - <Executing: id=1>
2017-03-23 10:04:41,631  INFO Test worker [org.springframework.batch.integration.chunk.ChunkMessageChannelItemWriter] - <Waiting for 1 results>
2017-03-23 10:04:41,632 DEBUG Test worker [org.springframework.integration.channel.QueueChannel] - <postReceive on channel 'replies', message: GenericMessage [payload=ChunkResponse: jobId=4321, sequence=0, stepContribution=[StepContribution: read=0, written=1, filtered=0, readSkips=0, writeSkips=0, processSkips=0, exitStatus=EXECUTING], successful=true, headers={id=2e8af844-4a15-845b-9595-e5d379cce917, timestamp=1490281481626}]>
2017-03-23 10:04:41,632 DEBUG Test worker [org.springframework.batch.integration.chunk.ChunkMessageChannelItemWriter] - <Found result: ChunkResponse: jobId=4321, sequence=0, stepContribution=[StepContribution: read=0, written=1, filtered=0, readSkips=0, writeSkips=0, processSkips=0, exitStatus=EXECUTING], successful=true>
2017-03-23 10:04:41,632 ERROR Test worker [org.springframework.batch.integration.chunk.ChunkMessageChannelItemWriter] - <Detected error in remote result. Trying to recover 1 outstanding results before completing.>
java.lang.IllegalStateException: Message contained wrong job instance id [4321] should have been [0].
	at org.springframework.util.Assert.state(Assert.java:71)
	at org.springframework.batch.integration.chunk.ChunkMessageChannelItemWriter.getNextResult(ChunkMessageChannelItemWriter.java:228)
	at org.springframework.batch.integration.chunk.ChunkMessageChannelItemWriter.waitForResults(ChunkMessageChannelItemWriter.java:197)
	at org.springframework.batch.integration.chunk.ChunkMessageChannelItemWriter.open(ChunkMessageChannelItemWriter.java:162)
	at org.springframework.batch.item.support.CompositeItemStream.open(CompositeItemStream.java:96)
	at org.springframework.batch.core.step.tasklet.TaskletStep.open(TaskletStep.java:310)
	at org.springframework.batch.core.step.AbstractStep.execute(AbstractStep.java:197)
	at org.springframework.batch.integration.chunk.ChunkMessageItemWriterIntegrationTests.testSimulatedRestartWithBadMessagesFromAnotherJob(ChunkMessageItemWriterIntegrationTests.java:176)
	at sun.reflect.NativeMethodAccessorImpl.invoke0(Native Method)
	at sun.reflect.NativeMethodAccessorImpl.invoke(NativeMethodAccessorImpl.java:62)
	at sun.reflect.DelegatingMethodAccessorImpl.invoke(DelegatingMethodAccessorImpl.java:43)
	at java.lang.reflect.Method.invoke(Method.java:483)
	at org.junit.runners.model.FrameworkMethod$1.runReflectiveCall(FrameworkMethod.java:50)
	at org.junit.internal.runners.model.ReflectiveCallable.run(ReflectiveCallable.java:12)
	at org.junit.runners.model.FrameworkMethod.invokeExplosively(FrameworkMethod.java:47)
	at org.junit.internal.runners.statements.InvokeMethod.evaluate(InvokeMethod.java:17)
	at org.springframework.test.context.junit4.statements.RunBeforeTestExecutionCallbacks.evaluate(RunBeforeTestExecutionCallbacks.java:73)
	at org.springframework.test.context.junit4.statements.RunAfterTestExecutionCallbacks.evaluate(RunAfterTestExecutionCallbacks.java:83)
	at org.junit.internal.runners.statements.RunBefores.evaluate(RunBefores.java:26)
	at org.springframework.test.context.junit4.statements.RunBeforeTestMethodCallbacks.evaluate(RunBeforeTestMethodCallbacks.java:75)
	at org.junit.internal.runners.statements.RunAfters.evaluate(RunAfters.java:27)
	at org.springframework.test.context.junit4.statements.RunAfterTestMethodCallbacks.evaluate(RunAfterTestMethodCallbacks.java:86)
	at org.springframework.test.context.junit4.statements.SpringRepeat.evaluate(SpringRepeat.java:84)
	at org.junit.runners.ParentRunner.runLeaf(ParentRunner.java:325)
	at org.springframework.test.context.junit4.SpringJUnit4ClassRunner.runChild(SpringJUnit4ClassRunner.java:250)
	at org.springframework.test.context.junit4.SpringJUnit4ClassRunner.runChild(SpringJUnit4ClassRunner.java:97)
	at org.junit.runners.ParentRunner$3.run(ParentRunner.java:290)
	at org.junit.runners.ParentRunner$1.schedule(ParentRunner.java:71)
	at org.junit.runners.ParentRunner.runChildren(ParentRunner.java:288)
	at org.junit.runners.ParentRunner.access$000(ParentRunner.java:58)
	at org.junit.runners.ParentRunner$2.evaluate(ParentRunner.java:268)
	at org.springframework.test.context.junit4.statements.RunBeforeTestClassCallbacks.evaluate(RunBeforeTestClassCallbacks.java:61)
	at org.springframework.test.context.junit4.statements.RunAfterTestClassCallbacks.evaluate(RunAfterTestClassCallbacks.java:70)
	at org.junit.runners.ParentRunner.run(ParentRunner.java:363)
	at org.springframework.test.context.junit4.SpringJUnit4ClassRunner.run(SpringJUnit4ClassRunner.java:189)
	at org.gradle.api.internal.tasks.testing.junit.JUnitTestClassExecuter.runTestClass(JUnitTestClassExecuter.java:114)
	at org.gradle.api.internal.tasks.testing.junit.JUnitTestClassExecuter.execute(JUnitTestClassExecuter.java:57)
	at org.gradle.api.internal.tasks.testing.junit.JUnitTestClassProcessor.processTestClass(JUnitTestClassProcessor.java:66)
	at org.gradle.api.internal.tasks.testing.SuiteTestClassProcessor.processTestClass(SuiteTestClassProcessor.java:51)
	at sun.reflect.NativeMethodAccessorImpl.invoke0(Native Method)
	at sun.reflect.NativeMethodAccessorImpl.invoke(NativeMethodAccessorImpl.java:62)
	at sun.reflect.DelegatingMethodAccessorImpl.invoke(DelegatingMethodAccessorImpl.java:43)
	at java.lang.reflect.Method.invoke(Method.java:483)
	at org.gradle.internal.dispatch.ReflectionDispatch.dispatch(ReflectionDispatch.java:35)
	at org.gradle.internal.dispatch.ReflectionDispatch.dispatch(ReflectionDispatch.java:24)
	at org.gradle.internal.dispatch.ContextClassLoaderDispatch.dispatch(ContextClassLoaderDispatch.java:32)
	at org.gradle.internal.dispatch.ProxyDispatchAdapter$DispatchingInvocationHandler.invoke(ProxyDispatchAdapter.java:93)
	at com.sun.proxy.$Proxy3.processTestClass(Unknown Source)
	at org.gradle.api.internal.tasks.testing.worker.TestWorker.processTestClass(TestWorker.java:109)
	at sun.reflect.NativeMethodAccessorImpl.invoke0(Native Method)
	at sun.reflect.NativeMethodAccessorImpl.invoke(NativeMethodAccessorImpl.java:62)
	at sun.reflect.DelegatingMethodAccessorImpl.invoke(DelegatingMethodAccessorImpl.java:43)
	at java.lang.reflect.Method.invoke(Method.java:483)
	at org.gradle.internal.dispatch.ReflectionDispatch.dispatch(ReflectionDispatch.java:35)
	at org.gradle.internal.dispatch.ReflectionDispatch.dispatch(ReflectionDispatch.java:24)
	at org.gradle.internal.remote.internal.hub.MessageHubBackedObjectConnection$DispatchWrapper.dispatch(MessageHubBackedObjectConnection.java:147)
	at org.gradle.internal.remote.internal.hub.MessageHubBackedObjectConnection$DispatchWrapper.dispatch(MessageHubBackedObjectConnection.java:129)
	at org.gradle.internal.remote.internal.hub.MessageHub$Handler.run(MessageHub.java:404)
	at org.gradle.internal.concurrent.ExecutorPolicy$CatchAndRecordFailures.onExecute(ExecutorPolicy.java:63)
	at org.gradle.internal.concurrent.StoppableExecutorImpl$1.run(StoppableExecutorImpl.java:46)
	at java.util.concurrent.ThreadPoolExecutor.runWorker(ThreadPoolExecutor.java:1142)
	at java.util.concurrent.ThreadPoolExecutor$Worker.run(ThreadPoolExecutor.java:617)
	at java.lang.Thread.run(Thread.java:745)
2017-03-23 10:04:41,741 ERROR Test worker [org.springframework.batch.core.step.AbstractStep] - <Encountered an error executing step step in job job>
org.springframework.batch.integration.chunk.AsynchronousFailureException: Exception in remote process
	at org.springframework.batch.integration.chunk.ChunkMessageChannelItemWriter.wrapIfNecessary(ChunkMessageChannelItemWriter.java:260)
	at org.springframework.batch.integration.chunk.ChunkMessageChannelItemWriter.waitForResults(ChunkMessageChannelItemWriter.java:206)
	at org.springframework.batch.integration.chunk.ChunkMessageChannelItemWriter.open(ChunkMessageChannelItemWriter.java:162)
	at org.springframework.batch.item.support.CompositeItemStream.open(CompositeItemStream.java:96)
	at org.springframework.batch.core.step.tasklet.TaskletStep.open(TaskletStep.java:310)
	at org.springframework.batch.core.step.AbstractStep.execute(AbstractStep.java:197)
	at org.springframework.batch.integration.chunk.ChunkMessageItemWriterIntegrationTests.testSimulatedRestartWithBadMessagesFromAnotherJob(ChunkMessageItemWriterIntegrationTests.java:176)
	at sun.reflect.NativeMethodAccessorImpl.invoke0(Native Method)
	at sun.reflect.NativeMethodAccessorImpl.invoke(NativeMethodAccessorImpl.java:62)
	at sun.reflect.DelegatingMethodAccessorImpl.invoke(DelegatingMethodAccessorImpl.java:43)
	at java.lang.reflect.Method.invoke(Method.java:483)
	at org.junit.runners.model.FrameworkMethod$1.runReflectiveCall(FrameworkMethod.java:50)
	at org.junit.internal.runners.model.ReflectiveCallable.run(ReflectiveCallable.java:12)
	at org.junit.runners.model.FrameworkMethod.invokeExplosively(FrameworkMethod.java:47)
	at org.junit.internal.runners.statements.InvokeMethod.evaluate(InvokeMethod.java:17)
	at org.springframework.test.context.junit4.statements.RunBeforeTestExecutionCallbacks.evaluate(RunBeforeTestExecutionCallbacks.java:73)
	at org.springframework.test.context.junit4.statements.RunAfterTestExecutionCallbacks.evaluate(RunAfterTestExecutionCallbacks.java:83)
	at org.junit.internal.runners.statements.RunBefores.evaluate(RunBefores.java:26)
	at org.springframework.test.context.junit4.statements.RunBeforeTestMethodCallbacks.evaluate(RunBeforeTestMethodCallbacks.java:75)
	at org.junit.internal.runners.statements.RunAfters.evaluate(RunAfters.java:27)
	at org.springframework.test.context.junit4.statements.RunAfterTestMethodCallbacks.evaluate(RunAfterTestMethodCallbacks.java:86)
	at org.springframework.test.context.junit4.statements.SpringRepeat.evaluate(SpringRepeat.java:84)
	at org.junit.runners.ParentRunner.runLeaf(ParentRunner.java:325)
	at org.springframework.test.context.junit4.SpringJUnit4ClassRunner.runChild(SpringJUnit4ClassRunner.java:250)
	at org.springframework.test.context.junit4.SpringJUnit4ClassRunner.runChild(SpringJUnit4ClassRunner.java:97)
	at org.junit.runners.ParentRunner$3.run(ParentRunner.java:290)
	at org.junit.runners.ParentRunner$1.schedule(ParentRunner.java:71)
	at org.junit.runners.ParentRunner.runChildren(ParentRunner.java:288)
	at org.junit.runners.ParentRunner.access$000(ParentRunner.java:58)
	at org.junit.runners.ParentRunner$2.evaluate(ParentRunner.java:268)
	at org.springframework.test.context.junit4.statements.RunBeforeTestClassCallbacks.evaluate(RunBeforeTestClassCallbacks.java:61)
	at org.springframework.test.context.junit4.statements.RunAfterTestClassCallbacks.evaluate(RunAfterTestClassCallbacks.java:70)
	at org.junit.runners.ParentRunner.run(ParentRunner.java:363)
	at org.springframework.test.context.junit4.SpringJUnit4ClassRunner.run(SpringJUnit4ClassRunner.java:189)
	at org.gradle.api.internal.tasks.testing.junit.JUnitTestClassExecuter.runTestClass(JUnitTestClassExecuter.java:114)
	at org.gradle.api.internal.tasks.testing.junit.JUnitTestClassExecuter.execute(JUnitTestClassExecuter.java:57)
	at org.gradle.api.internal.tasks.testing.junit.JUnitTestClassProcessor.processTestClass(JUnitTestClassProcessor.java:66)
	at org.gradle.api.internal.tasks.testing.SuiteTestClassProcessor.processTestClass(SuiteTestClassProcessor.java:51)
	at sun.reflect.NativeMethodAccessorImpl.invoke0(Native Method)
	at sun.reflect.NativeMethodAccessorImpl.invoke(NativeMethodAccessorImpl.java:62)
	at sun.reflect.DelegatingMethodAccessorImpl.invoke(DelegatingMethodAccessorImpl.java:43)
	at java.lang.reflect.Method.invoke(Method.java:483)
	at org.gradle.internal.dispatch.ReflectionDispatch.dispatch(ReflectionDispatch.java:35)
	at org.gradle.internal.dispatch.ReflectionDispatch.dispatch(ReflectionDispatch.java:24)
	at org.gradle.internal.dispatch.ContextClassLoaderDispatch.dispatch(ContextClassLoaderDispatch.java:32)
	at org.gradle.internal.dispatch.ProxyDispatchAdapter$DispatchingInvocationHandler.invoke(ProxyDispatchAdapter.java:93)
	at com.sun.proxy.$Proxy3.processTestClass(Unknown Source)
	at org.gradle.api.internal.tasks.testing.worker.TestWorker.processTestClass(TestWorker.java:109)
	at sun.reflect.NativeMethodAccessorImpl.invoke0(Native Method)
	at sun.reflect.NativeMethodAccessorImpl.invoke(NativeMethodAccessorImpl.java:62)
	at sun.reflect.DelegatingMethodAccessorImpl.invoke(DelegatingMethodAccessorImpl.java:43)
	at java.lang.reflect.Method.invoke(Method.java:483)
	at org.gradle.internal.dispatch.ReflectionDispatch.dispatch(ReflectionDispatch.java:35)
	at org.gradle.internal.dispatch.ReflectionDispatch.dispatch(ReflectionDispatch.java:24)
	at org.gradle.internal.remote.internal.hub.MessageHubBackedObjectConnection$DispatchWrapper.dispatch(MessageHubBackedObjectConnection.java:147)
	at org.gradle.internal.remote.internal.hub.MessageHubBackedObjectConnection$DispatchWrapper.dispatch(MessageHubBackedObjectConnection.java:129)
	at org.gradle.internal.remote.internal.hub.MessageHub$Handler.run(MessageHub.java:404)
	at org.gradle.internal.concurrent.ExecutorPolicy$CatchAndRecordFailures.onExecute(ExecutorPolicy.java:63)
	at org.gradle.internal.concurrent.StoppableExecutorImpl$1.run(StoppableExecutorImpl.java:46)
	at java.util.concurrent.ThreadPoolExecutor.runWorker(ThreadPoolExecutor.java:1142)
	at java.util.concurrent.ThreadPoolExecutor$Worker.run(ThreadPoolExecutor.java:617)
	at java.lang.Thread.run(Thread.java:745)
Caused by: java.lang.IllegalStateException: Message contained wrong job instance id [4321] should have been [0].
	at org.springframework.util.Assert.state(Assert.java:71)
	at org.springframework.batch.integration.chunk.ChunkMessageChannelItemWriter.getNextResult(ChunkMessageChannelItemWriter.java:228)
	at org.springframework.batch.integration.chunk.ChunkMessageChannelItemWriter.waitForResults(ChunkMessageChannelItemWriter.java:197)
	... 60 more
2017-03-23 10:04:41,765 DEBUG Test worker [org.springframework.batch.core.step.AbstractStep] - <Step execution complete: StepExecution: id=1, version=2, name=step, status=FAILED, exitStatus=FAILED, readCount=0, filterCount=0, writeCount=0 readSkipCount=0, writeSkipCount=0, processSkipCount=0, commitCount=0, rollbackCount=0>
2017-03-23 10:04:41,807 DEBUG Test worker [org.springframework.integration.channel.DirectChannel] - <preSend on channel 'requests', message: GenericMessage [payload=ChunkRequest: jobId=0, sequence=0, contribution=[StepContribution: read=0, written=0, filtered=0, readSkips=0, writeSkips=0, processSkips=0, exitStatus=EXECUTING], item count=1, headers={id=44d4522b-9a0a-27ff-fe8b-420f94cdf6b6, timestamp=1490281481807}]>
2017-03-23 10:04:41,807 DEBUG Test worker [org.springframework.integration.handler.ServiceActivatingHandler] - <ServiceActivator for [org.springframework.integration.handler.MethodInvokingMessageProcessor@7b8bc1de] (org.springframework.integration.config.ServiceActivatorFactoryBean#0) received message: GenericMessage [payload=ChunkRequest: jobId=0, sequence=0, contribution=[StepContribution: read=0, written=0, filtered=0, readSkips=0, writeSkips=0, processSkips=0, exitStatus=EXECUTING], item count=1, headers={id=44d4522b-9a0a-27ff-fe8b-420f94cdf6b6, timestamp=1490281481807}]>
2017-03-23 10:04:41,808 DEBUG Test worker [org.springframework.batch.integration.chunk.ChunkProcessorChunkHandler] - <Handling chunk: ChunkRequest: jobId=0, sequence=0, contribution=[StepContribution: read=0, written=0, filtered=0, readSkips=0, writeSkips=0, processSkips=0, exitStatus=EXECUTING], item count=1>
2017-03-23 10:04:41,808 DEBUG Test worker [org.springframework.batch.integration.chunk.TestItemWriter] - <Writing: foo>
2017-03-23 10:04:41,808 DEBUG Test worker [org.springframework.batch.integration.chunk.ChunkProcessorChunkHandler] - <Completed chunk handling with [StepContribution: read=0, written=1, filtered=0, readSkips=0, writeSkips=0, processSkips=0, exitStatus=EXECUTING]>
2017-03-23 10:04:41,809 DEBUG Test worker [org.springframework.integration.channel.QueueChannel] - <preSend on channel 'replies', message: GenericMessage [payload=ChunkResponse: jobId=0, sequence=0, stepContribution=[StepContribution: read=0, written=1, filtered=0, readSkips=0, writeSkips=0, processSkips=0, exitStatus=EXECUTING], successful=true, headers={id=2470fc21-f2e3-7877-59ca-afd1bca24444, timestamp=1490281481809}]>
2017-03-23 10:04:41,809 DEBUG Test worker [org.springframework.integration.channel.QueueChannel] - <postSend (sent=true) on channel 'replies', message: GenericMessage [payload=ChunkResponse: jobId=0, sequence=0, stepContribution=[StepContribution: read=0, written=1, filtered=0, readSkips=0, writeSkips=0, processSkips=0, exitStatus=EXECUTING], successful=true, headers={id=2470fc21-f2e3-7877-59ca-afd1bca24444, timestamp=1490281481809}]>
2017-03-23 10:04:41,810 DEBUG Test worker [org.springframework.integration.channel.DirectChannel] - <postSend (sent=true) on channel 'requests', message: GenericMessage [payload=ChunkRequest: jobId=0, sequence=0, contribution=[StepContribution: read=0, written=1, filtered=0, readSkips=0, writeSkips=0, processSkips=0, exitStatus=EXECUTING], item count=1, headers={id=44d4522b-9a0a-27ff-fe8b-420f94cdf6b6, timestamp=1490281481807}]>
2017-03-23 10:04:41,810 DEBUG Test worker [org.springframework.integration.channel.DirectChannel] - <preSend on channel 'requests', message: GenericMessage [payload=ChunkRequest: jobId=0, sequence=0, contribution=[StepContribution: read=0, written=0, filtered=0, readSkips=0, writeSkips=0, processSkips=0, exitStatus=EXECUTING], item count=1, headers={id=4494c823-5dec-bb37-e7c1-740cdbf7c956, timestamp=1490281481810}]>
2017-03-23 10:04:41,810 DEBUG Test worker [org.springframework.integration.handler.ServiceActivatingHandler] - <ServiceActivator for [org.springframework.integration.handler.MethodInvokingMessageProcessor@7b8bc1de] (org.springframework.integration.config.ServiceActivatorFactoryBean#0) received message: GenericMessage [payload=ChunkRequest: jobId=0, sequence=0, contribution=[StepContribution: read=0, written=0, filtered=0, readSkips=0, writeSkips=0, processSkips=0, exitStatus=EXECUTING], item count=1, headers={id=4494c823-5dec-bb37-e7c1-740cdbf7c956, timestamp=1490281481810}]>
2017-03-23 10:04:41,811 DEBUG Test worker [org.springframework.batch.integration.chunk.ChunkProcessorChunkHandler] - <Handling chunk: ChunkRequest: jobId=0, sequence=0, contribution=[StepContribution: read=0, written=0, filtered=0, readSkips=0, writeSkips=0, processSkips=0, exitStatus=EXECUTING], item count=1>
2017-03-23 10:04:41,811 DEBUG Test worker [org.springframework.batch.integration.chunk.TestItemWriter] - <Writing: bar>
2017-03-23 10:04:41,811 DEBUG Test worker [org.springframework.batch.integration.chunk.ChunkProcessorChunkHandler] - <Completed chunk handling with [StepContribution: read=0, written=1, filtered=0, readSkips=0, writeSkips=0, processSkips=0, exitStatus=EXECUTING]>
2017-03-23 10:04:41,812 DEBUG Test worker [org.springframework.integration.channel.QueueChannel] - <preSend on channel 'replies', message: GenericMessage [payload=ChunkResponse: jobId=0, sequence=0, stepContribution=[StepContribution: read=0, written=1, filtered=0, readSkips=0, writeSkips=0, processSkips=0, exitStatus=EXECUTING], successful=true, headers={id=15ce32af-f14c-3772-1057-22d7ca1021a5, timestamp=1490281481812}]>
2017-03-23 10:04:41,812 DEBUG Test worker [org.springframework.integration.channel.QueueChannel] - <postSend (sent=true) on channel 'replies', message: GenericMessage [payload=ChunkResponse: jobId=0, sequence=0, stepContribution=[StepContribution: read=0, written=1, filtered=0, readSkips=0, writeSkips=0, processSkips=0, exitStatus=EXECUTING], successful=true, headers={id=15ce32af-f14c-3772-1057-22d7ca1021a5, timestamp=1490281481812}]>
2017-03-23 10:04:41,813 DEBUG Test worker [org.springframework.integration.channel.DirectChannel] - <postSend (sent=true) on channel 'requests', message: GenericMessage [payload=ChunkRequest: jobId=0, sequence=0, contribution=[StepContribution: read=0, written=1, filtered=0, readSkips=0, writeSkips=0, processSkips=0, exitStatus=EXECUTING], item count=1, headers={id=4494c823-5dec-bb37-e7c1-740cdbf7c956, timestamp=1490281481810}]>
2017-03-23 10:04:41,813 DEBUG Test worker [org.springframework.batch.core.step.AbstractStep] - <Executing: id=1>
2017-03-23 10:04:41,817  INFO Test worker [org.springframework.batch.integration.chunk.ChunkMessageChannelItemWriter] - <Waiting for 2 results>
2017-03-23 10:04:41,818 DEBUG Test worker [org.springframework.integration.channel.QueueChannel] - <postReceive on channel 'replies', message: GenericMessage [payload=ChunkResponse: jobId=0, sequence=0, stepContribution=[StepContribution: read=0, written=1, filtered=0, readSkips=0, writeSkips=0, processSkips=0, exitStatus=EXECUTING], successful=true, headers={id=2470fc21-f2e3-7877-59ca-afd1bca24444, timestamp=1490281481809}]>
2017-03-23 10:04:41,818 DEBUG Test worker [org.springframework.batch.integration.chunk.ChunkMessageChannelItemWriter] - <Found result: ChunkResponse: jobId=0, sequence=0, stepContribution=[StepContribution: read=0, written=1, filtered=0, readSkips=0, writeSkips=0, processSkips=0, exitStatus=EXECUTING], successful=true>
2017-03-23 10:04:41,819 DEBUG Test worker [org.springframework.integration.channel.QueueChannel] - <postReceive on channel 'replies', message: GenericMessage [payload=ChunkResponse: jobId=0, sequence=0, stepContribution=[StepContribution: read=0, written=1, filtered=0, readSkips=0, writeSkips=0, processSkips=0, exitStatus=EXECUTING], successful=true, headers={id=15ce32af-f14c-3772-1057-22d7ca1021a5, timestamp=1490281481812}]>
2017-03-23 10:04:41,819 DEBUG Test worker [org.springframework.batch.integration.chunk.ChunkMessageChannelItemWriter] - <Found result: ChunkResponse: jobId=0, sequence=0, stepContribution=[StepContribution: read=0, written=1, filtered=0, readSkips=0, writeSkips=0, processSkips=0, exitStatus=EXECUTING], successful=true>
2017-03-23 10:04:41,820 DEBUG Test worker [org.springframework.batch.core.scope.context.StepContextRepeatCallback] - <Preparing chunk execution for StepContext: org.springframework.batch.core.scope.context.StepContext@539475a2>
2017-03-23 10:04:41,820 DEBUG Test worker [org.springframework.batch.core.scope.context.StepContextRepeatCallback] - <Chunk execution starting: queue size=0>
2017-03-23 10:04:41,821 DEBUG Test worker [org.springframework.batch.integration.chunk.ChunkMessageChannelItemWriter] - <Dispatching chunk: ChunkRequest: jobId=0, sequence=0, contribution=[StepContribution: read=0, written=0, filtered=0, readSkips=0, writeSkips=0, processSkips=0, exitStatus=EXECUTING], item count=4>
2017-03-23 10:04:41,821 DEBUG Test worker [org.springframework.integration.channel.DirectChannel] - <preSend on channel 'requests', message: GenericMessage [payload=ChunkRequest: jobId=0, sequence=0, contribution=[StepContribution: read=0, written=0, filtered=0, readSkips=0, writeSkips=0, processSkips=0, exitStatus=EXECUTING], item count=4, headers={id=634fee7f-68d8-f2e9-6387-df79061102c9, timestamp=1490281481821}]>
2017-03-23 10:04:41,821 DEBUG Test worker [org.springframework.integration.handler.ServiceActivatingHandler] - <ServiceActivator for [org.springframework.integration.handler.MethodInvokingMessageProcessor@7b8bc1de] (org.springframework.integration.config.ServiceActivatorFactoryBean#0) received message: GenericMessage [payload=ChunkRequest: jobId=0, sequence=0, contribution=[StepContribution: read=0, written=0, filtered=0, readSkips=0, writeSkips=0, processSkips=0, exitStatus=EXECUTING], item count=4, headers={id=634fee7f-68d8-f2e9-6387-df79061102c9, timestamp=1490281481821}]>
2017-03-23 10:04:41,822 DEBUG Test worker [org.springframework.batch.integration.chunk.ChunkProcessorChunkHandler] - <Handling chunk: ChunkRequest: jobId=0, sequence=0, contribution=[StepContribution: read=0, written=0, filtered=0, readSkips=0, writeSkips=0, processSkips=0, exitStatus=EXECUTING], item count=4>
2017-03-23 10:04:41,822 DEBUG Test worker [org.springframework.batch.integration.chunk.TestItemWriter] - <Writing: 1>
2017-03-23 10:04:41,822 DEBUG Test worker [org.springframework.batch.integration.chunk.TestItemWriter] - <Writing: 2>
2017-03-23 10:04:41,822 DEBUG Test worker [org.springframework.batch.integration.chunk.TestItemWriter] - <Writing: 3>
2017-03-23 10:04:41,822 DEBUG Test worker [org.springframework.batch.integration.chunk.TestItemWriter] - <Writing: 4>
2017-03-23 10:04:41,822 DEBUG Test worker [org.springframework.batch.integration.chunk.ChunkProcessorChunkHandler] - <Completed chunk handling with [StepContribution: read=0, written=4, filtered=0, readSkips=0, writeSkips=0, processSkips=0, exitStatus=EXECUTING]>
2017-03-23 10:04:41,823 DEBUG Test worker [org.springframework.integration.channel.QueueChannel] - <preSend on channel 'replies', message: GenericMessage [payload=ChunkResponse: jobId=0, sequence=0, stepContribution=[StepContribution: read=0, written=4, filtered=0, readSkips=0, writeSkips=0, processSkips=0, exitStatus=EXECUTING], successful=true, headers={id=012e52d8-ef7b-2b5a-daeb-cbf2a38aed99, timestamp=1490281481823}]>
2017-03-23 10:04:41,823 DEBUG Test worker [org.springframework.integration.channel.QueueChannel] - <postSend (sent=true) on channel 'replies', message: GenericMessage [payload=ChunkResponse: jobId=0, sequence=0, stepContribution=[StepContribution: read=0, written=4, filtered=0, readSkips=0, writeSkips=0, processSkips=0, exitStatus=EXECUTING], successful=true, headers={id=012e52d8-ef7b-2b5a-daeb-cbf2a38aed99, timestamp=1490281481823}]>
2017-03-23 10:04:41,823 DEBUG Test worker [org.springframework.integration.channel.DirectChannel] - <postSend (sent=true) on channel 'requests', message: GenericMessage [payload=ChunkRequest: jobId=0, sequence=0, contribution=[StepContribution: read=0, written=4, filtered=0, readSkips=0, writeSkips=0, processSkips=0, exitStatus=EXECUTING], item count=4, headers={id=634fee7f-68d8-f2e9-6387-df79061102c9, timestamp=1490281481821}]>
2017-03-23 10:04:41,823 DEBUG Test worker [org.springframework.batch.core.step.item.ChunkOrientedTasklet] - <Inputs not busy, ended: false>
2017-03-23 10:04:41,823 DEBUG Test worker [org.springframework.batch.core.step.tasklet.TaskletStep] - <Applying contribution: [StepContribution: read=4, written=4, filtered=0, readSkips=0, writeSkips=0, processSkips=0, exitStatus=EXECUTING]>
2017-03-23 10:04:41,825 DEBUG Test worker [org.springframework.batch.core.step.tasklet.TaskletStep] - <Saving step execution before commit: StepExecution: id=1, version=1, name=step, status=STARTED, exitStatus=EXECUTING, readCount=4, filterCount=0, writeCount=4 readSkipCount=0, writeSkipCount=0, processSkipCount=0, commitCount=1, rollbackCount=0, exitDescription=>
2017-03-23 10:04:41,832 DEBUG Test worker [org.springframework.batch.core.scope.context.StepContextRepeatCallback] - <Preparing chunk execution for StepContext: org.springframework.batch.core.scope.context.StepContext@539475a2>
2017-03-23 10:04:41,832 DEBUG Test worker [org.springframework.batch.core.scope.context.StepContextRepeatCallback] - <Chunk execution starting: queue size=0>
2017-03-23 10:04:41,832 DEBUG Test worker [org.springframework.batch.integration.chunk.ChunkMessageChannelItemWriter] - <Dispatching chunk: ChunkRequest: jobId=0, sequence=1, contribution=[StepContribution: read=0, written=0, filtered=0, readSkips=0, writeSkips=0, processSkips=0, exitStatus=EXECUTING], item count=2>
2017-03-23 10:04:41,833 DEBUG Test worker [org.springframework.integration.channel.DirectChannel] - <preSend on channel 'requests', message: GenericMessage [payload=ChunkRequest: jobId=0, sequence=1, contribution=[StepContribution: read=0, written=0, filtered=0, readSkips=0, writeSkips=0, processSkips=0, exitStatus=EXECUTING], item count=2, headers={id=a47957b9-3e69-5d7b-629b-915f80887c7b, timestamp=1490281481832}]>
2017-03-23 10:04:41,833 DEBUG Test worker [org.springframework.integration.handler.ServiceActivatingHandler] - <ServiceActivator for [org.springframework.integration.handler.MethodInvokingMessageProcessor@7b8bc1de] (org.springframework.integration.config.ServiceActivatorFactoryBean#0) received message: GenericMessage [payload=ChunkRequest: jobId=0, sequence=1, contribution=[StepContribution: read=0, written=0, filtered=0, readSkips=0, writeSkips=0, processSkips=0, exitStatus=EXECUTING], item count=2, headers={id=a47957b9-3e69-5d7b-629b-915f80887c7b, timestamp=1490281481832}]>
2017-03-23 10:04:41,833 DEBUG Test worker [org.springframework.batch.integration.chunk.ChunkProcessorChunkHandler] - <Handling chunk: ChunkRequest: jobId=0, sequence=1, contribution=[StepContribution: read=0, written=0, filtered=0, readSkips=0, writeSkips=0, processSkips=0, exitStatus=EXECUTING], item count=2>
2017-03-23 10:04:41,833 DEBUG Test worker [org.springframework.batch.integration.chunk.TestItemWriter] - <Writing: 5>
2017-03-23 10:04:41,833 DEBUG Test worker [org.springframework.batch.integration.chunk.TestItemWriter] - <Writing: 6>
2017-03-23 10:04:41,833 DEBUG Test worker [org.springframework.batch.integration.chunk.ChunkProcessorChunkHandler] - <Completed chunk handling with [StepContribution: read=0, written=2, filtered=0, readSkips=0, writeSkips=0, processSkips=0, exitStatus=EXECUTING]>
2017-03-23 10:04:41,834 DEBUG Test worker [org.springframework.integration.channel.QueueChannel] - <preSend on channel 'replies', message: GenericMessage [payload=ChunkResponse: jobId=0, sequence=1, stepContribution=[StepContribution: read=0, written=2, filtered=0, readSkips=0, writeSkips=0, processSkips=0, exitStatus=EXECUTING], successful=true, headers={id=0f4cc8a3-e84d-fea5-9b31-d46dbb876a31, timestamp=1490281481834}]>
2017-03-23 10:04:41,834 DEBUG Test worker [org.springframework.integration.channel.QueueChannel] - <postSend (sent=true) on channel 'replies', message: GenericMessage [payload=ChunkResponse: jobId=0, sequence=1, stepContribution=[StepContribution: read=0, written=2, filtered=0, readSkips=0, writeSkips=0, processSkips=0, exitStatus=EXECUTING], successful=true, headers={id=0f4cc8a3-e84d-fea5-9b31-d46dbb876a31, timestamp=1490281481834}]>
2017-03-23 10:04:41,834 DEBUG Test worker [org.springframework.integration.channel.DirectChannel] - <postSend (sent=true) on channel 'requests', message: GenericMessage [payload=ChunkRequest: jobId=0, sequence=1, contribution=[StepContribution: read=0, written=2, filtered=0, readSkips=0, writeSkips=0, processSkips=0, exitStatus=EXECUTING], item count=2, headers={id=a47957b9-3e69-5d7b-629b-915f80887c7b, timestamp=1490281481832}]>
2017-03-23 10:04:41,834 DEBUG Test worker [org.springframework.batch.core.step.item.ChunkOrientedTasklet] - <Inputs not busy, ended: true>
2017-03-23 10:04:41,834 DEBUG Test worker [org.springframework.batch.core.step.tasklet.TaskletStep] - <Applying contribution: [StepContribution: read=2, written=2, filtered=0, readSkips=0, writeSkips=0, processSkips=0, exitStatus=EXECUTING]>
2017-03-23 10:04:41,836 DEBUG Test worker [org.springframework.batch.core.step.tasklet.TaskletStep] - <Saving step execution before commit: StepExecution: id=1, version=2, name=step, status=STARTED, exitStatus=EXECUTING, readCount=6, filterCount=0, writeCount=6 readSkipCount=0, writeSkipCount=0, processSkipCount=0, commitCount=2, rollbackCount=0, exitDescription=>
2017-03-23 10:04:41,839 DEBUG Test worker [org.springframework.batch.core.step.AbstractStep] - <Step execution success: id=1>
2017-03-23 10:04:41,839 DEBUG Test worker [org.springframework.batch.integration.chunk.ChunkMessageChannelItemWriter] - <Waiting for results in step listener...>
2017-03-23 10:04:41,839  INFO Test worker [org.springframework.batch.integration.chunk.ChunkMessageChannelItemWriter] - <Waiting for 2 results>
2017-03-23 10:04:41,840 DEBUG Test worker [org.springframework.integration.channel.QueueChannel] - <postReceive on channel 'replies', message: GenericMessage [payload=ChunkResponse: jobId=0, sequence=0, stepContribution=[StepContribution: read=0, written=4, filtered=0, readSkips=0, writeSkips=0, processSkips=0, exitStatus=EXECUTING], successful=true, headers={id=012e52d8-ef7b-2b5a-daeb-cbf2a38aed99, timestamp=1490281481823}]>
2017-03-23 10:04:41,840 DEBUG Test worker [org.springframework.batch.integration.chunk.ChunkMessageChannelItemWriter] - <Found result: ChunkResponse: jobId=0, sequence=0, stepContribution=[StepContribution: read=0, written=4, filtered=0, readSkips=0, writeSkips=0, processSkips=0, exitStatus=EXECUTING], successful=true>
2017-03-23 10:04:41,840 DEBUG Test worker [org.springframework.integration.channel.QueueChannel] - <postReceive on channel 'replies', message: GenericMessage [payload=ChunkResponse: jobId=0, sequence=1, stepContribution=[StepContribution: read=0, written=2, filtered=0, readSkips=0, writeSkips=0, processSkips=0, exitStatus=EXECUTING], successful=true, headers={id=0f4cc8a3-e84d-fea5-9b31-d46dbb876a31, timestamp=1490281481834}]>
2017-03-23 10:04:41,840 DEBUG Test worker [org.springframework.batch.integration.chunk.ChunkMessageChannelItemWriter] - <Found result: ChunkResponse: jobId=0, sequence=1, stepContribution=[StepContribution: read=0, written=2, filtered=0, readSkips=0, writeSkips=0, processSkips=0, exitStatus=EXECUTING], successful=true>
2017-03-23 10:04:41,840 DEBUG Test worker [org.springframework.batch.integration.chunk.ChunkMessageChannelItemWriter] - <Finished waiting for results in step listener.>
2017-03-23 10:04:41,840 DEBUG Test worker [org.springframework.batch.integration.chunk.ChunkMessageChannelItemWriter] - <Finished waiting for results in step listener.  Still expecting: 0>
2017-03-23 10:04:41,840 DEBUG Test worker [org.springframework.batch.integration.chunk.ChunkMessageChannelItemWriter] - <Applying: ChunkResponse: jobId=0, sequence=0, stepContribution=[StepContribution: read=0, written=1, filtered=0, readSkips=0, writeSkips=0, processSkips=0, exitStatus=EXECUTING], successful=true>
2017-03-23 10:04:41,841 DEBUG Test worker [org.springframework.batch.integration.chunk.ChunkMessageChannelItemWriter] - <Applying: ChunkResponse: jobId=0, sequence=0, stepContribution=[StepContribution: read=0, written=1, filtered=0, readSkips=0, writeSkips=0, processSkips=0, exitStatus=EXECUTING], successful=true>
2017-03-23 10:04:41,841 DEBUG Test worker [org.springframework.batch.integration.chunk.ChunkMessageChannelItemWriter] - <Applying: ChunkResponse: jobId=0, sequence=0, stepContribution=[StepContribution: read=0, written=4, filtered=0, readSkips=0, writeSkips=0, processSkips=0, exitStatus=EXECUTING], successful=true>
2017-03-23 10:04:41,841 DEBUG Test worker [org.springframework.batch.integration.chunk.ChunkMessageChannelItemWriter] - <Applying: ChunkResponse: jobId=0, sequence=1, stepContribution=[StepContribution: read=0, written=2, filtered=0, readSkips=0, writeSkips=0, processSkips=0, exitStatus=EXECUTING], successful=true>
2017-03-23 10:04:41,848 DEBUG Test worker [org.springframework.batch.core.step.AbstractStep] - <Step execution complete: StepExecution: id=1, version=4, name=step, status=COMPLETED, exitStatus=COMPLETED, readCount=6, filterCount=0, writeCount=14 readSkipCount=0, writeSkipCount=0, processSkipCount=0, commitCount=2, rollbackCount=0>
2017-03-23 10:04:41,890 DEBUG Test worker [org.springframework.batch.core.step.AbstractStep] - <Executing: id=1>
2017-03-23 10:04:41,891  INFO Test worker [org.springframework.batch.integration.chunk.ChunkMessageChannelItemWriter] - <Waiting for 3 results>
2017-03-23 10:04:42,100 ERROR Test worker [org.springframework.batch.core.step.AbstractStep] - <Encountered an error executing step step in job job>
org.springframework.batch.item.ItemStreamException: Timed out waiting for back log on open
	at org.springframework.batch.integration.chunk.ChunkMessageChannelItemWriter.open(ChunkMessageChannelItemWriter.java:163)
	at org.springframework.batch.item.support.CompositeItemStream.open(CompositeItemStream.java:96)
	at org.springframework.batch.core.step.tasklet.TaskletStep.open(TaskletStep.java:310)
	at org.springframework.batch.core.step.AbstractStep.execute(AbstractStep.java:197)
	at org.springframework.batch.integration.chunk.ChunkMessageItemWriterIntegrationTests.testSimulatedRestartWithNoBacklog(ChunkMessageItemWriterIntegrationTests.java:251)
	at sun.reflect.NativeMethodAccessorImpl.invoke0(Native Method)
	at sun.reflect.NativeMethodAccessorImpl.invoke(NativeMethodAccessorImpl.java:62)
	at sun.reflect.DelegatingMethodAccessorImpl.invoke(DelegatingMethodAccessorImpl.java:43)
	at java.lang.reflect.Method.invoke(Method.java:483)
	at org.junit.runners.model.FrameworkMethod$1.runReflectiveCall(FrameworkMethod.java:50)
	at org.junit.internal.runners.model.ReflectiveCallable.run(ReflectiveCallable.java:12)
	at org.junit.runners.model.FrameworkMethod.invokeExplosively(FrameworkMethod.java:47)
	at org.junit.internal.runners.statements.InvokeMethod.evaluate(InvokeMethod.java:17)
	at org.springframework.test.context.junit4.statements.RunBeforeTestExecutionCallbacks.evaluate(RunBeforeTestExecutionCallbacks.java:73)
	at org.springframework.test.context.junit4.statements.RunAfterTestExecutionCallbacks.evaluate(RunAfterTestExecutionCallbacks.java:83)
	at org.junit.internal.runners.statements.RunBefores.evaluate(RunBefores.java:26)
	at org.springframework.test.context.junit4.statements.RunBeforeTestMethodCallbacks.evaluate(RunBeforeTestMethodCallbacks.java:75)
	at org.junit.internal.runners.statements.RunAfters.evaluate(RunAfters.java:27)
	at org.springframework.test.context.junit4.statements.RunAfterTestMethodCallbacks.evaluate(RunAfterTestMethodCallbacks.java:86)
	at org.springframework.test.context.junit4.statements.SpringRepeat.evaluate(SpringRepeat.java:84)
	at org.junit.runners.ParentRunner.runLeaf(ParentRunner.java:325)
	at org.springframework.test.context.junit4.SpringJUnit4ClassRunner.runChild(SpringJUnit4ClassRunner.java:250)
	at org.springframework.test.context.junit4.SpringJUnit4ClassRunner.runChild(SpringJUnit4ClassRunner.java:97)
	at org.junit.runners.ParentRunner$3.run(ParentRunner.java:290)
	at org.junit.runners.ParentRunner$1.schedule(ParentRunner.java:71)
	at org.junit.runners.ParentRunner.runChildren(ParentRunner.java:288)
	at org.junit.runners.ParentRunner.access$000(ParentRunner.java:58)
	at org.junit.runners.ParentRunner$2.evaluate(ParentRunner.java:268)
	at org.springframework.test.context.junit4.statements.RunBeforeTestClassCallbacks.evaluate(RunBeforeTestClassCallbacks.java:61)
	at org.springframework.test.context.junit4.statements.RunAfterTestClassCallbacks.evaluate(RunAfterTestClassCallbacks.java:70)
	at org.junit.runners.ParentRunner.run(ParentRunner.java:363)
	at org.springframework.test.context.junit4.SpringJUnit4ClassRunner.run(SpringJUnit4ClassRunner.java:189)
	at org.gradle.api.internal.tasks.testing.junit.JUnitTestClassExecuter.runTestClass(JUnitTestClassExecuter.java:114)
	at org.gradle.api.internal.tasks.testing.junit.JUnitTestClassExecuter.execute(JUnitTestClassExecuter.java:57)
	at org.gradle.api.internal.tasks.testing.junit.JUnitTestClassProcessor.processTestClass(JUnitTestClassProcessor.java:66)
	at org.gradle.api.internal.tasks.testing.SuiteTestClassProcessor.processTestClass(SuiteTestClassProcessor.java:51)
	at sun.reflect.NativeMethodAccessorImpl.invoke0(Native Method)
	at sun.reflect.NativeMethodAccessorImpl.invoke(NativeMethodAccessorImpl.java:62)
	at sun.reflect.DelegatingMethodAccessorImpl.invoke(DelegatingMethodAccessorImpl.java:43)
	at java.lang.reflect.Method.invoke(Method.java:483)
	at org.gradle.internal.dispatch.ReflectionDispatch.dispatch(ReflectionDispatch.java:35)
	at org.gradle.internal.dispatch.ReflectionDispatch.dispatch(ReflectionDispatch.java:24)
	at org.gradle.internal.dispatch.ContextClassLoaderDispatch.dispatch(ContextClassLoaderDispatch.java:32)
	at org.gradle.internal.dispatch.ProxyDispatchAdapter$DispatchingInvocationHandler.invoke(ProxyDispatchAdapter.java:93)
	at com.sun.proxy.$Proxy3.processTestClass(Unknown Source)
	at org.gradle.api.internal.tasks.testing.worker.TestWorker.processTestClass(TestWorker.java:109)
	at sun.reflect.NativeMethodAccessorImpl.invoke0(Native Method)
	at sun.reflect.NativeMethodAccessorImpl.invoke(NativeMethodAccessorImpl.java:62)
	at sun.reflect.DelegatingMethodAccessorImpl.invoke(DelegatingMethodAccessorImpl.java:43)
	at java.lang.reflect.Method.invoke(Method.java:483)
	at org.gradle.internal.dispatch.ReflectionDispatch.dispatch(ReflectionDispatch.java:35)
	at org.gradle.internal.dispatch.ReflectionDispatch.dispatch(ReflectionDispatch.java:24)
	at org.gradle.internal.remote.internal.hub.MessageHubBackedObjectConnection$DispatchWrapper.dispatch(MessageHubBackedObjectConnection.java:147)
	at org.gradle.internal.remote.internal.hub.MessageHubBackedObjectConnection$DispatchWrapper.dispatch(MessageHubBackedObjectConnection.java:129)
	at org.gradle.internal.remote.internal.hub.MessageHub$Handler.run(MessageHub.java:404)
	at org.gradle.internal.concurrent.ExecutorPolicy$CatchAndRecordFailures.onExecute(ExecutorPolicy.java:63)
	at org.gradle.internal.concurrent.StoppableExecutorImpl$1.run(StoppableExecutorImpl.java:46)
	at java.util.concurrent.ThreadPoolExecutor.runWorker(ThreadPoolExecutor.java:1142)
	at java.util.concurrent.ThreadPoolExecutor$Worker.run(ThreadPoolExecutor.java:617)
	at java.lang.Thread.run(Thread.java:745)
2017-03-23 10:04:42,105 DEBUG Test worker [org.springframework.batch.core.step.AbstractStep] - <Step execution complete: StepExecution: id=1, version=2, name=step, status=FAILED, exitStatus=FAILED, readCount=0, filterCount=0, writeCount=0 readSkipCount=0, writeSkipCount=0, processSkipCount=0, commitCount=0, rollbackCount=0>
2017-03-23 10:04:42,167 DEBUG Test worker [org.springframework.batch.core.step.AbstractStep] - <Executing: id=1>
2017-03-23 10:04:42,170 DEBUG Test worker [org.springframework.batch.core.scope.context.StepContextRepeatCallback] - <Preparing chunk execution for StepContext: org.springframework.batch.core.scope.context.StepContext@2cc76509>
2017-03-23 10:04:42,170 DEBUG Test worker [org.springframework.batch.core.scope.context.StepContextRepeatCallback] - <Chunk execution starting: queue size=0>
2017-03-23 10:04:42,170 DEBUG Test worker [org.springframework.batch.integration.chunk.ChunkMessageChannelItemWriter] - <Dispatching chunk: ChunkRequest: jobId=0, sequence=0, contribution=[StepContribution: read=0, written=0, filtered=0, readSkips=0, writeSkips=0, processSkips=0, exitStatus=EXECUTING], item count=4>
2017-03-23 10:04:42,170 DEBUG Test worker [org.springframework.integration.channel.DirectChannel] - <preSend on channel 'requests', message: GenericMessage [payload=ChunkRequest: jobId=0, sequence=0, contribution=[StepContribution: read=0, written=0, filtered=0, readSkips=0, writeSkips=0, processSkips=0, exitStatus=EXECUTING], item count=4, headers={id=70378d65-f32b-d349-dcfd-c24b6714c173, timestamp=1490281482170}]>
2017-03-23 10:04:42,170 DEBUG Test worker [org.springframework.integration.handler.ServiceActivatingHandler] - <ServiceActivator for [org.springframework.integration.handler.MethodInvokingMessageProcessor@7b8bc1de] (org.springframework.integration.config.ServiceActivatorFactoryBean#0) received message: GenericMessage [payload=ChunkRequest: jobId=0, sequence=0, contribution=[StepContribution: read=0, written=0, filtered=0, readSkips=0, writeSkips=0, processSkips=0, exitStatus=EXECUTING], item count=4, headers={id=70378d65-f32b-d349-dcfd-c24b6714c173, timestamp=1490281482170}]>
2017-03-23 10:04:42,171 DEBUG Test worker [org.springframework.batch.integration.chunk.ChunkProcessorChunkHandler] - <Handling chunk: ChunkRequest: jobId=0, sequence=0, contribution=[StepContribution: read=0, written=0, filtered=0, readSkips=0, writeSkips=0, processSkips=0, exitStatus=EXECUTING], item count=4>
2017-03-23 10:04:42,171 DEBUG Test worker [org.springframework.batch.integration.chunk.TestItemWriter] - <Writing: 1>
2017-03-23 10:04:42,171 DEBUG Test worker [org.springframework.batch.integration.chunk.TestItemWriter] - <Writing: 2>
2017-03-23 10:04:42,171 DEBUG Test worker [org.springframework.batch.integration.chunk.TestItemWriter] - <Writing: 3>
2017-03-23 10:04:42,171 DEBUG Test worker [org.springframework.batch.integration.chunk.TestItemWriter] - <Writing: 4>
2017-03-23 10:04:42,171 DEBUG Test worker [org.springframework.batch.integration.chunk.ChunkProcessorChunkHandler] - <Completed chunk handling with [StepContribution: read=0, written=4, filtered=0, readSkips=0, writeSkips=0, processSkips=0, exitStatus=EXECUTING]>
2017-03-23 10:04:42,172 DEBUG Test worker [org.springframework.integration.channel.QueueChannel] - <preSend on channel 'replies', message: GenericMessage [payload=ChunkResponse: jobId=0, sequence=0, stepContribution=[StepContribution: read=0, written=4, filtered=0, readSkips=0, writeSkips=0, processSkips=0, exitStatus=EXECUTING], successful=true, headers={id=09b7f8ec-aba7-72bb-799e-f0d17cfdd38f, timestamp=1490281482172}]>
2017-03-23 10:04:42,172 DEBUG Test worker [org.springframework.integration.channel.QueueChannel] - <postSend (sent=true) on channel 'replies', message: GenericMessage [payload=ChunkResponse: jobId=0, sequence=0, stepContribution=[StepContribution: read=0, written=4, filtered=0, readSkips=0, writeSkips=0, processSkips=0, exitStatus=EXECUTING], successful=true, headers={id=09b7f8ec-aba7-72bb-799e-f0d17cfdd38f, timestamp=1490281482172}]>
2017-03-23 10:04:42,172 DEBUG Test worker [org.springframework.integration.channel.DirectChannel] - <postSend (sent=true) on channel 'requests', message: GenericMessage [payload=ChunkRequest: jobId=0, sequence=0, contribution=[StepContribution: read=0, written=4, filtered=0, readSkips=0, writeSkips=0, processSkips=0, exitStatus=EXECUTING], item count=4, headers={id=70378d65-f32b-d349-dcfd-c24b6714c173, timestamp=1490281482170}]>
2017-03-23 10:04:42,172 DEBUG Test worker [org.springframework.batch.core.step.item.ChunkOrientedTasklet] - <Inputs not busy, ended: false>
2017-03-23 10:04:42,172 DEBUG Test worker [org.springframework.batch.core.step.tasklet.TaskletStep] - <Applying contribution: [StepContribution: read=4, written=4, filtered=0, readSkips=0, writeSkips=0, processSkips=0, exitStatus=EXECUTING]>
2017-03-23 10:04:42,173 DEBUG Test worker [org.springframework.batch.core.step.tasklet.TaskletStep] - <Saving step execution before commit: StepExecution: id=1, version=1, name=step, status=STARTED, exitStatus=EXECUTING, readCount=4, filterCount=0, writeCount=4 readSkipCount=0, writeSkipCount=0, processSkipCount=0, commitCount=1, rollbackCount=0, exitDescription=>
2017-03-23 10:04:42,175 DEBUG Test worker [org.springframework.batch.core.scope.context.StepContextRepeatCallback] - <Preparing chunk execution for StepContext: org.springframework.batch.core.scope.context.StepContext@2cc76509>
2017-03-23 10:04:42,175 DEBUG Test worker [org.springframework.batch.core.scope.context.StepContextRepeatCallback] - <Chunk execution starting: queue size=0>
2017-03-23 10:04:42,176 DEBUG Test worker [org.springframework.batch.integration.chunk.ChunkMessageChannelItemWriter] - <Dispatching chunk: ChunkRequest: jobId=0, sequence=1, contribution=[StepContribution: read=0, written=0, filtered=0, readSkips=0, writeSkips=0, processSkips=0, exitStatus=EXECUTING], item count=2>
2017-03-23 10:04:42,176 DEBUG Test worker [org.springframework.integration.channel.DirectChannel] - <preSend on channel 'requests', message: GenericMessage [payload=ChunkRequest: jobId=0, sequence=1, contribution=[StepContribution: read=0, written=0, filtered=0, readSkips=0, writeSkips=0, processSkips=0, exitStatus=EXECUTING], item count=2, headers={id=1386c6e7-b3de-3d21-478c-f2980e54380a, timestamp=1490281482176}]>
2017-03-23 10:04:42,176 DEBUG Test worker [org.springframework.integration.handler.ServiceActivatingHandler] - <ServiceActivator for [org.springframework.integration.handler.MethodInvokingMessageProcessor@7b8bc1de] (org.springframework.integration.config.ServiceActivatorFactoryBean#0) received message: GenericMessage [payload=ChunkRequest: jobId=0, sequence=1, contribution=[StepContribution: read=0, written=0, filtered=0, readSkips=0, writeSkips=0, processSkips=0, exitStatus=EXECUTING], item count=2, headers={id=1386c6e7-b3de-3d21-478c-f2980e54380a, timestamp=1490281482176}]>
2017-03-23 10:04:42,177 DEBUG Test worker [org.springframework.batch.integration.chunk.ChunkProcessorChunkHandler] - <Handling chunk: ChunkRequest: jobId=0, sequence=1, contribution=[StepContribution: read=0, written=0, filtered=0, readSkips=0, writeSkips=0, processSkips=0, exitStatus=EXECUTING], item count=2>
2017-03-23 10:04:42,177 DEBUG Test worker [org.springframework.batch.integration.chunk.TestItemWriter] - <Writing: 5>
2017-03-23 10:04:42,177 DEBUG Test worker [org.springframework.batch.integration.chunk.TestItemWriter] - <Writing: 6>
2017-03-23 10:04:42,177 DEBUG Test worker [org.springframework.batch.integration.chunk.ChunkProcessorChunkHandler] - <Completed chunk handling with [StepContribution: read=0, written=2, filtered=0, readSkips=0, writeSkips=0, processSkips=0, exitStatus=EXECUTING]>
2017-03-23 10:04:42,177 DEBUG Test worker [org.springframework.integration.channel.QueueChannel] - <preSend on channel 'replies', message: GenericMessage [payload=ChunkResponse: jobId=0, sequence=1, stepContribution=[StepContribution: read=0, written=2, filtered=0, readSkips=0, writeSkips=0, processSkips=0, exitStatus=EXECUTING], successful=true, headers={id=de007ffe-5c1c-27cb-605a-6ff4c2a9cf11, timestamp=1490281482177}]>
2017-03-23 10:04:42,177 DEBUG Test worker [org.springframework.integration.channel.QueueChannel] - <postSend (sent=true) on channel 'replies', message: GenericMessage [payload=ChunkResponse: jobId=0, sequence=1, stepContribution=[StepContribution: read=0, written=2, filtered=0, readSkips=0, writeSkips=0, processSkips=0, exitStatus=EXECUTING], successful=true, headers={id=de007ffe-5c1c-27cb-605a-6ff4c2a9cf11, timestamp=1490281482177}]>
2017-03-23 10:04:42,178 DEBUG Test worker [org.springframework.integration.channel.DirectChannel] - <postSend (sent=true) on channel 'requests', message: GenericMessage [payload=ChunkRequest: jobId=0, sequence=1, contribution=[StepContribution: read=0, written=2, filtered=0, readSkips=0, writeSkips=0, processSkips=0, exitStatus=EXECUTING], item count=2, headers={id=1386c6e7-b3de-3d21-478c-f2980e54380a, timestamp=1490281482176}]>
2017-03-23 10:04:42,178 DEBUG Test worker [org.springframework.batch.core.step.item.ChunkOrientedTasklet] - <Inputs not busy, ended: true>
2017-03-23 10:04:42,178 DEBUG Test worker [org.springframework.batch.core.step.tasklet.TaskletStep] - <Applying contribution: [StepContribution: read=2, written=2, filtered=0, readSkips=0, writeSkips=0, processSkips=0, exitStatus=EXECUTING]>
2017-03-23 10:04:42,179 DEBUG Test worker [org.springframework.batch.core.step.tasklet.TaskletStep] - <Saving step execution before commit: StepExecution: id=1, version=2, name=step, status=STARTED, exitStatus=EXECUTING, readCount=6, filterCount=0, writeCount=6 readSkipCount=0, writeSkipCount=0, processSkipCount=0, commitCount=2, rollbackCount=0, exitDescription=>
2017-03-23 10:04:42,181 DEBUG Test worker [org.springframework.batch.core.step.AbstractStep] - <Step execution success: id=1>
2017-03-23 10:04:42,181 DEBUG Test worker [org.springframework.batch.integration.chunk.ChunkMessageChannelItemWriter] - <Waiting for results in step listener...>
2017-03-23 10:04:42,181  INFO Test worker [org.springframework.batch.integration.chunk.ChunkMessageChannelItemWriter] - <Waiting for 2 results>
2017-03-23 10:04:42,182 DEBUG Test worker [org.springframework.integration.channel.QueueChannel] - <postReceive on channel 'replies', message: GenericMessage [payload=ChunkResponse: jobId=0, sequence=0, stepContribution=[StepContribution: read=0, written=4, filtered=0, readSkips=0, writeSkips=0, processSkips=0, exitStatus=EXECUTING], successful=true, headers={id=09b7f8ec-aba7-72bb-799e-f0d17cfdd38f, timestamp=1490281482172}]>
2017-03-23 10:04:42,182 DEBUG Test worker [org.springframework.batch.integration.chunk.ChunkMessageChannelItemWriter] - <Found result: ChunkResponse: jobId=0, sequence=0, stepContribution=[StepContribution: read=0, written=4, filtered=0, readSkips=0, writeSkips=0, processSkips=0, exitStatus=EXECUTING], successful=true>
2017-03-23 10:04:42,182 DEBUG Test worker [org.springframework.integration.channel.QueueChannel] - <postReceive on channel 'replies', message: GenericMessage [payload=ChunkResponse: jobId=0, sequence=1, stepContribution=[StepContribution: read=0, written=2, filtered=0, readSkips=0, writeSkips=0, processSkips=0, exitStatus=EXECUTING], successful=true, headers={id=de007ffe-5c1c-27cb-605a-6ff4c2a9cf11, timestamp=1490281482177}]>
2017-03-23 10:04:42,182 DEBUG Test worker [org.springframework.batch.integration.chunk.ChunkMessageChannelItemWriter] - <Found result: ChunkResponse: jobId=0, sequence=1, stepContribution=[StepContribution: read=0, written=2, filtered=0, readSkips=0, writeSkips=0, processSkips=0, exitStatus=EXECUTING], successful=true>
2017-03-23 10:04:42,182 DEBUG Test worker [org.springframework.batch.integration.chunk.ChunkMessageChannelItemWriter] - <Finished waiting for results in step listener.>
2017-03-23 10:04:42,182 DEBUG Test worker [org.springframework.batch.integration.chunk.ChunkMessageChannelItemWriter] - <Finished waiting for results in step listener.  Still expecting: 0>
2017-03-23 10:04:42,182 DEBUG Test worker [org.springframework.batch.integration.chunk.ChunkMessageChannelItemWriter] - <Applying: ChunkResponse: jobId=0, sequence=0, stepContribution=[StepContribution: read=0, written=4, filtered=0, readSkips=0, writeSkips=0, processSkips=0, exitStatus=EXECUTING], successful=true>
2017-03-23 10:04:42,182 DEBUG Test worker [org.springframework.batch.integration.chunk.ChunkMessageChannelItemWriter] - <Applying: ChunkResponse: jobId=0, sequence=1, stepContribution=[StepContribution: read=0, written=2, filtered=0, readSkips=0, writeSkips=0, processSkips=0, exitStatus=EXECUTING], successful=true>
2017-03-23 10:04:42,185 DEBUG Test worker [org.springframework.batch.core.step.AbstractStep] - <Step execution complete: StepExecution: id=1, version=4, name=step, status=COMPLETED, exitStatus=COMPLETED, readCount=6, filterCount=0, writeCount=12 readSkipCount=0, writeSkipCount=0, processSkipCount=0, commitCount=2, rollbackCount=0>
2017-03-23 10:04:42,214 DEBUG task-scheduler-2 [org.springframework.integration.endpoint.PollingConsumer] - <Received no Message during the poll, returning 'false'>
2017-03-23 10:04:42,222 DEBUG Test worker [org.springframework.batch.core.step.AbstractStep] - <Executing: id=1>
2017-03-23 10:04:42,224 DEBUG task-scheduler-1 [org.springframework.integration.endpoint.PollingConsumer] - <Received no Message during the poll, returning 'false'>
2017-03-23 10:04:42,225 DEBUG Test worker [org.springframework.batch.core.scope.context.StepContextRepeatCallback] - <Preparing chunk execution for StepContext: org.springframework.batch.core.scope.context.StepContext@7affd6b8>
2017-03-23 10:04:42,225 DEBUG Test worker [org.springframework.batch.core.scope.context.StepContextRepeatCallback] - <Chunk execution starting: queue size=0>
2017-03-23 10:04:42,225 DEBUG Test worker [org.springframework.batch.integration.chunk.ChunkMessageChannelItemWriter] - <Dispatching chunk: ChunkRequest: jobId=0, sequence=0, contribution=[StepContribution: read=0, written=0, filtered=0, readSkips=0, writeSkips=0, processSkips=0, exitStatus=EXECUTING], item count=4>
2017-03-23 10:04:42,226 DEBUG Test worker [org.springframework.integration.channel.DirectChannel] - <preSend on channel 'requests', message: GenericMessage [payload=ChunkRequest: jobId=0, sequence=0, contribution=[StepContribution: read=0, written=0, filtered=0, readSkips=0, writeSkips=0, processSkips=0, exitStatus=EXECUTING], item count=4, headers={id=3cf44c15-39ff-3ece-23ae-6afa7c42a4f7, timestamp=1490281482226}]>
2017-03-23 10:04:42,226 DEBUG Test worker [org.springframework.integration.handler.ServiceActivatingHandler] - <ServiceActivator for [org.springframework.integration.handler.MethodInvokingMessageProcessor@7b8bc1de] (org.springframework.integration.config.ServiceActivatorFactoryBean#0) received message: GenericMessage [payload=ChunkRequest: jobId=0, sequence=0, contribution=[StepContribution: read=0, written=0, filtered=0, readSkips=0, writeSkips=0, processSkips=0, exitStatus=EXECUTING], item count=4, headers={id=3cf44c15-39ff-3ece-23ae-6afa7c42a4f7, timestamp=1490281482226}]>
2017-03-23 10:04:42,227 DEBUG Test worker [org.springframework.batch.integration.chunk.ChunkProcessorChunkHandler] - <Handling chunk: ChunkRequest: jobId=0, sequence=0, contribution=[StepContribution: read=0, written=0, filtered=0, readSkips=0, writeSkips=0, processSkips=0, exitStatus=EXECUTING], item count=4>
2017-03-23 10:04:42,227 DEBUG Test worker [org.springframework.batch.integration.chunk.TestItemWriter] - <Writing: wait>
2017-03-23 10:04:42,429 DEBUG Test worker [org.springframework.batch.integration.chunk.TestItemWriter] - <Writing: fail>
2017-03-23 10:04:42,429 DEBUG Test worker [org.springframework.batch.integration.chunk.ChunkProcessorChunkHandler] - <Failed chunk>
java.lang.IllegalStateException: Planned failure on: fail
	at org.springframework.batch.integration.chunk.TestItemWriter.write(TestItemWriter.java:59)
	at org.springframework.batch.core.step.item.SimpleChunkProcessor.writeItems(SimpleChunkProcessor.java:175)
	at org.springframework.batch.core.step.item.SimpleChunkProcessor.doWrite(SimpleChunkProcessor.java:151)
	at org.springframework.batch.core.step.item.SimpleChunkProcessor.write(SimpleChunkProcessor.java:274)
	at org.springframework.batch.core.step.item.SimpleChunkProcessor.process(SimpleChunkProcessor.java:199)
	at org.springframework.batch.integration.chunk.ChunkProcessorChunkHandler.process(ChunkProcessorChunkHandler.java:107)
	at org.springframework.batch.integration.chunk.ChunkProcessorChunkHandler.handleChunk(ChunkProcessorChunkHandler.java:83)
	at sun.reflect.NativeMethodAccessorImpl.invoke0(Native Method)
	at sun.reflect.NativeMethodAccessorImpl.invoke(NativeMethodAccessorImpl.java:62)
	at sun.reflect.DelegatingMethodAccessorImpl.invoke(DelegatingMethodAccessorImpl.java:43)
	at java.lang.reflect.Method.invoke(Method.java:483)
	at org.springframework.expression.spel.support.ReflectiveMethodExecutor.execute(ReflectiveMethodExecutor.java:113)
	at org.springframework.expression.spel.ast.MethodReference.getValueInternal(MethodReference.java:102)
	at org.springframework.expression.spel.ast.MethodReference.access$000(MethodReference.java:49)
	at org.springframework.expression.spel.ast.MethodReference$MethodValueRef.getValue(MethodReference.java:347)
	at org.springframework.expression.spel.ast.CompoundExpression.getValueInternal(CompoundExpression.java:88)
	at org.springframework.expression.spel.ast.SpelNodeImpl.getTypedValue(SpelNodeImpl.java:131)
	at org.springframework.expression.spel.standard.SpelExpression.getValue(SpelExpression.java:330)
	at org.springframework.integration.util.AbstractExpressionEvaluator.evaluateExpression(AbstractExpressionEvaluator.java:169)
	at org.springframework.integration.util.MessagingMethodInvokerHelper.processInternal(MessagingMethodInvokerHelper.java:336)
	at org.springframework.integration.util.MessagingMethodInvokerHelper.process(MessagingMethodInvokerHelper.java:155)
	at org.springframework.integration.handler.MethodInvokingMessageProcessor.processMessage(MethodInvokingMessageProcessor.java:93)
	at org.springframework.integration.handler.ServiceActivatingHandler.handleRequestMessage(ServiceActivatingHandler.java:89)
	at org.springframework.integration.handler.AbstractReplyProducingMessageHandler.handleMessageInternal(AbstractReplyProducingMessageHandler.java:109)
	at org.springframework.integration.handler.AbstractMessageHandler.handleMessage(AbstractMessageHandler.java:133)
	at org.springframework.integration.dispatcher.AbstractDispatcher.tryOptimizedDispatch(AbstractDispatcher.java:116)
	at org.springframework.integration.dispatcher.UnicastingDispatcher.doDispatch(UnicastingDispatcher.java:132)
	at org.springframework.integration.dispatcher.UnicastingDispatcher.dispatch(UnicastingDispatcher.java:105)
	at org.springframework.integration.channel.AbstractSubscribableChannel.doSend(AbstractSubscribableChannel.java:73)
	at org.springframework.integration.channel.AbstractMessageChannel.send(AbstractMessageChannel.java:423)
	at org.springframework.integration.channel.AbstractMessageChannel.send(AbstractMessageChannel.java:373)
	at org.springframework.messaging.core.GenericMessagingTemplate.doSend(GenericMessagingTemplate.java:115)
	at org.springframework.messaging.core.GenericMessagingTemplate.doSend(GenericMessagingTemplate.java:45)
	at org.springframework.messaging.core.AbstractMessageSendingTemplate.send(AbstractMessageSendingTemplate.java:105)
	at org.springframework.messaging.core.AbstractMessageSendingTemplate.send(AbstractMessageSendingTemplate.java:95)
	at org.springframework.batch.integration.chunk.ChunkMessageChannelItemWriter.write(ChunkMessageChannelItemWriter.java:107)
	at org.springframework.batch.core.step.item.SimpleChunkProcessor.writeItems(SimpleChunkProcessor.java:175)
	at org.springframework.batch.core.step.item.SimpleChunkProcessor.doWrite(SimpleChunkProcessor.java:151)
	at org.springframework.batch.core.step.item.SimpleChunkProcessor.write(SimpleChunkProcessor.java:274)
	at org.springframework.batch.core.step.item.SimpleChunkProcessor.process(SimpleChunkProcessor.java:199)
	at org.springframework.batch.core.step.item.ChunkOrientedTasklet.execute(ChunkOrientedTasklet.java:75)
	at org.springframework.batch.core.step.tasklet.TaskletStep$ChunkTransactionCallback.doInTransaction(TaskletStep.java:406)
	at org.springframework.batch.core.step.tasklet.TaskletStep$ChunkTransactionCallback.doInTransaction(TaskletStep.java:330)
	at org.springframework.transaction.support.TransactionTemplate.execute(TransactionTemplate.java:133)
	at org.springframework.batch.core.step.tasklet.TaskletStep$2.doInChunkContext(TaskletStep.java:272)
	at org.springframework.batch.core.scope.context.StepContextRepeatCallback.doInIteration(StepContextRepeatCallback.java:81)
	at org.springframework.batch.repeat.support.RepeatTemplate.getNextResult(RepeatTemplate.java:374)
	at org.springframework.batch.repeat.support.RepeatTemplate.executeInternal(RepeatTemplate.java:215)
	at org.springframework.batch.repeat.support.RepeatTemplate.iterate(RepeatTemplate.java:144)
	at org.springframework.batch.core.step.tasklet.TaskletStep.doExecute(TaskletStep.java:257)
	at org.springframework.batch.core.step.AbstractStep.execute(AbstractStep.java:200)
	at org.springframework.batch.integration.chunk.ChunkMessageItemWriterIntegrationTests.testFailureInStepListener(ChunkMessageItemWriterIntegrationTests.java:277)
	at sun.reflect.NativeMethodAccessorImpl.invoke0(Native Method)
	at sun.reflect.NativeMethodAccessorImpl.invoke(NativeMethodAccessorImpl.java:62)
	at sun.reflect.DelegatingMethodAccessorImpl.invoke(DelegatingMethodAccessorImpl.java:43)
	at java.lang.reflect.Method.invoke(Method.java:483)
	at org.junit.runners.model.FrameworkMethod$1.runReflectiveCall(FrameworkMethod.java:50)
	at org.junit.internal.runners.model.ReflectiveCallable.run(ReflectiveCallable.java:12)
	at org.junit.runners.model.FrameworkMethod.invokeExplosively(FrameworkMethod.java:47)
	at org.junit.internal.runners.statements.InvokeMethod.evaluate(InvokeMethod.java:17)
	at org.springframework.test.context.junit4.statements.RunBeforeTestExecutionCallbacks.evaluate(RunBeforeTestExecutionCallbacks.java:73)
	at org.springframework.test.context.junit4.statements.RunAfterTestExecutionCallbacks.evaluate(RunAfterTestExecutionCallbacks.java:83)
	at org.junit.internal.runners.statements.RunBefores.evaluate(RunBefores.java:26)
	at org.springframework.test.context.junit4.statements.RunBeforeTestMethodCallbacks.evaluate(RunBeforeTestMethodCallbacks.java:75)
	at org.junit.internal.runners.statements.RunAfters.evaluate(RunAfters.java:27)
	at org.springframework.test.context.junit4.statements.RunAfterTestMethodCallbacks.evaluate(RunAfterTestMethodCallbacks.java:86)
	at org.springframework.test.context.junit4.statements.SpringRepeat.evaluate(SpringRepeat.java:84)
	at org.junit.runners.ParentRunner.runLeaf(ParentRunner.java:325)
	at org.springframework.test.context.junit4.SpringJUnit4ClassRunner.runChild(SpringJUnit4ClassRunner.java:250)
	at org.springframework.test.context.junit4.SpringJUnit4ClassRunner.runChild(SpringJUnit4ClassRunner.java:97)
	at org.junit.runners.ParentRunner$3.run(ParentRunner.java:290)
	at org.junit.runners.ParentRunner$1.schedule(ParentRunner.java:71)
	at org.junit.runners.ParentRunner.runChildren(ParentRunner.java:288)
	at org.junit.runners.ParentRunner.access$000(ParentRunner.java:58)
	at org.junit.runners.ParentRunner$2.evaluate(ParentRunner.java:268)
	at org.springframework.test.context.junit4.statements.RunBeforeTestClassCallbacks.evaluate(RunBeforeTestClassCallbacks.java:61)
	at org.springframework.test.context.junit4.statements.RunAfterTestClassCallbacks.evaluate(RunAfterTestClassCallbacks.java:70)
	at org.junit.runners.ParentRunner.run(ParentRunner.java:363)
	at org.springframework.test.context.junit4.SpringJUnit4ClassRunner.run(SpringJUnit4ClassRunner.java:189)
	at org.gradle.api.internal.tasks.testing.junit.JUnitTestClassExecuter.runTestClass(JUnitTestClassExecuter.java:114)
	at org.gradle.api.internal.tasks.testing.junit.JUnitTestClassExecuter.execute(JUnitTestClassExecuter.java:57)
	at org.gradle.api.internal.tasks.testing.junit.JUnitTestClassProcessor.processTestClass(JUnitTestClassProcessor.java:66)
	at org.gradle.api.internal.tasks.testing.SuiteTestClassProcessor.processTestClass(SuiteTestClassProcessor.java:51)
	at sun.reflect.NativeMethodAccessorImpl.invoke0(Native Method)
	at sun.reflect.NativeMethodAccessorImpl.invoke(NativeMethodAccessorImpl.java:62)
	at sun.reflect.DelegatingMethodAccessorImpl.invoke(DelegatingMethodAccessorImpl.java:43)
	at java.lang.reflect.Method.invoke(Method.java:483)
	at org.gradle.internal.dispatch.ReflectionDispatch.dispatch(ReflectionDispatch.java:35)
	at org.gradle.internal.dispatch.ReflectionDispatch.dispatch(ReflectionDispatch.java:24)
	at org.gradle.internal.dispatch.ContextClassLoaderDispatch.dispatch(ContextClassLoaderDispatch.java:32)
	at org.gradle.internal.dispatch.ProxyDispatchAdapter$DispatchingInvocationHandler.invoke(ProxyDispatchAdapter.java:93)
	at com.sun.proxy.$Proxy3.processTestClass(Unknown Source)
	at org.gradle.api.internal.tasks.testing.worker.TestWorker.processTestClass(TestWorker.java:109)
	at sun.reflect.NativeMethodAccessorImpl.invoke0(Native Method)
	at sun.reflect.NativeMethodAccessorImpl.invoke(NativeMethodAccessorImpl.java:62)
	at sun.reflect.DelegatingMethodAccessorImpl.invoke(DelegatingMethodAccessorImpl.java:43)
	at java.lang.reflect.Method.invoke(Method.java:483)
	at org.gradle.internal.dispatch.ReflectionDispatch.dispatch(ReflectionDispatch.java:35)
	at org.gradle.internal.dispatch.ReflectionDispatch.dispatch(ReflectionDispatch.java:24)
	at org.gradle.internal.remote.internal.hub.MessageHubBackedObjectConnection$DispatchWrapper.dispatch(MessageHubBackedObjectConnection.java:147)
	at org.gradle.internal.remote.internal.hub.MessageHubBackedObjectConnection$DispatchWrapper.dispatch(MessageHubBackedObjectConnection.java:129)
	at org.gradle.internal.remote.internal.hub.MessageHub$Handler.run(MessageHub.java:404)
	at org.gradle.internal.concurrent.ExecutorPolicy$CatchAndRecordFailures.onExecute(ExecutorPolicy.java:63)
	at org.gradle.internal.concurrent.StoppableExecutorImpl$1.run(StoppableExecutorImpl.java:46)
	at java.util.concurrent.ThreadPoolExecutor.runWorker(ThreadPoolExecutor.java:1142)
	at java.util.concurrent.ThreadPoolExecutor$Worker.run(ThreadPoolExecutor.java:617)
	at java.lang.Thread.run(Thread.java:745)
2017-03-23 10:04:42,432 DEBUG Test worker [org.springframework.integration.channel.QueueChannel] - <preSend on channel 'replies', message: GenericMessage [payload=ChunkResponse: jobId=0, sequence=0, stepContribution=[StepContribution: read=0, written=0, filtered=0, readSkips=0, writeSkips=0, processSkips=0, exitStatus=EXECUTING], successful=false, headers={id=207f5613-f2e3-75fb-7e33-0aad5d2dea11, timestamp=1490281482432}]>
2017-03-23 10:04:42,432 DEBUG Test worker [org.springframework.integration.channel.QueueChannel] - <postSend (sent=true) on channel 'replies', message: GenericMessage [payload=ChunkResponse: jobId=0, sequence=0, stepContribution=[StepContribution: read=0, written=0, filtered=0, readSkips=0, writeSkips=0, processSkips=0, exitStatus=EXECUTING], successful=false, headers={id=207f5613-f2e3-75fb-7e33-0aad5d2dea11, timestamp=1490281482432}]>
2017-03-23 10:04:42,432 DEBUG Test worker [org.springframework.integration.channel.DirectChannel] - <postSend (sent=true) on channel 'requests', message: GenericMessage [payload=ChunkRequest: jobId=0, sequence=0, contribution=[StepContribution: read=0, written=0, filtered=0, readSkips=0, writeSkips=0, processSkips=0, exitStatus=EXECUTING], item count=4, headers={id=3cf44c15-39ff-3ece-23ae-6afa7c42a4f7, timestamp=1490281482226}]>
2017-03-23 10:04:42,432 DEBUG Test worker [org.springframework.batch.core.step.item.ChunkOrientedTasklet] - <Inputs not busy, ended: false>
2017-03-23 10:04:42,432 DEBUG Test worker [org.springframework.batch.core.step.tasklet.TaskletStep] - <Applying contribution: [StepContribution: read=4, written=4, filtered=0, readSkips=0, writeSkips=0, processSkips=0, exitStatus=EXECUTING]>
2017-03-23 10:04:42,434 DEBUG Test worker [org.springframework.batch.core.step.tasklet.TaskletStep] - <Saving step execution before commit: StepExecution: id=1, version=1, name=step, status=STARTED, exitStatus=EXECUTING, readCount=4, filterCount=0, writeCount=4 readSkipCount=0, writeSkipCount=0, processSkipCount=0, commitCount=1, rollbackCount=0, exitDescription=>
2017-03-23 10:04:42,436 DEBUG Test worker [org.springframework.batch.core.scope.context.StepContextRepeatCallback] - <Preparing chunk execution for StepContext: org.springframework.batch.core.scope.context.StepContext@7affd6b8>
2017-03-23 10:04:42,436 DEBUG Test worker [org.springframework.batch.core.scope.context.StepContextRepeatCallback] - <Chunk execution starting: queue size=0>
2017-03-23 10:04:42,436 DEBUG Test worker [org.springframework.batch.integration.chunk.ChunkMessageChannelItemWriter] - <Dispatching chunk: ChunkRequest: jobId=0, sequence=1, contribution=[StepContribution: read=0, written=0, filtered=0, readSkips=0, writeSkips=0, processSkips=0, exitStatus=EXECUTING], item count=2>
2017-03-23 10:04:42,436 DEBUG Test worker [org.springframework.integration.channel.DirectChannel] - <preSend on channel 'requests', message: GenericMessage [payload=ChunkRequest: jobId=0, sequence=1, contribution=[StepContribution: read=0, written=0, filtered=0, readSkips=0, writeSkips=0, processSkips=0, exitStatus=EXECUTING], item count=2, headers={id=81ea8f1f-58a9-88f1-6f11-ff6eec7844ed, timestamp=1490281482436}]>
2017-03-23 10:04:42,437 DEBUG Test worker [org.springframework.integration.handler.ServiceActivatingHandler] - <ServiceActivator for [org.springframework.integration.handler.MethodInvokingMessageProcessor@7b8bc1de] (org.springframework.integration.config.ServiceActivatorFactoryBean#0) received message: GenericMessage [payload=ChunkRequest: jobId=0, sequence=1, contribution=[StepContribution: read=0, written=0, filtered=0, readSkips=0, writeSkips=0, processSkips=0, exitStatus=EXECUTING], item count=2, headers={id=81ea8f1f-58a9-88f1-6f11-ff6eec7844ed, timestamp=1490281482436}]>
2017-03-23 10:04:42,437 DEBUG Test worker [org.springframework.batch.integration.chunk.ChunkProcessorChunkHandler] - <Handling chunk: ChunkRequest: jobId=0, sequence=1, contribution=[StepContribution: read=0, written=0, filtered=0, readSkips=0, writeSkips=0, processSkips=0, exitStatus=EXECUTING], item count=2>
2017-03-23 10:04:42,437 DEBUG Test worker [org.springframework.batch.integration.chunk.TestItemWriter] - <Writing: 5>
2017-03-23 10:04:42,437 DEBUG Test worker [org.springframework.batch.integration.chunk.TestItemWriter] - <Writing: 6>
2017-03-23 10:04:42,437 DEBUG Test worker [org.springframework.batch.integration.chunk.ChunkProcessorChunkHandler] - <Completed chunk handling with [StepContribution: read=0, written=2, filtered=0, readSkips=0, writeSkips=0, processSkips=0, exitStatus=EXECUTING]>
2017-03-23 10:04:42,438 DEBUG Test worker [org.springframework.integration.channel.QueueChannel] - <preSend on channel 'replies', message: GenericMessage [payload=ChunkResponse: jobId=0, sequence=1, stepContribution=[StepContribution: read=0, written=2, filtered=0, readSkips=0, writeSkips=0, processSkips=0, exitStatus=EXECUTING], successful=true, headers={id=849b0900-ba21-ed29-c7a2-734392f6ac65, timestamp=1490281482437}]>
2017-03-23 10:04:42,438 DEBUG Test worker [org.springframework.integration.channel.QueueChannel] - <postSend (sent=true) on channel 'replies', message: GenericMessage [payload=ChunkResponse: jobId=0, sequence=1, stepContribution=[StepContribution: read=0, written=2, filtered=0, readSkips=0, writeSkips=0, processSkips=0, exitStatus=EXECUTING], successful=true, headers={id=849b0900-ba21-ed29-c7a2-734392f6ac65, timestamp=1490281482437}]>
2017-03-23 10:04:42,438 DEBUG Test worker [org.springframework.integration.channel.DirectChannel] - <postSend (sent=true) on channel 'requests', message: GenericMessage [payload=ChunkRequest: jobId=0, sequence=1, contribution=[StepContribution: read=0, written=2, filtered=0, readSkips=0, writeSkips=0, processSkips=0, exitStatus=EXECUTING], item count=2, headers={id=81ea8f1f-58a9-88f1-6f11-ff6eec7844ed, timestamp=1490281482436}]>
2017-03-23 10:04:42,438 DEBUG Test worker [org.springframework.batch.core.step.item.ChunkOrientedTasklet] - <Inputs not busy, ended: true>
2017-03-23 10:04:42,438 DEBUG Test worker [org.springframework.batch.core.step.tasklet.TaskletStep] - <Applying contribution: [StepContribution: read=2, written=2, filtered=0, readSkips=0, writeSkips=0, processSkips=0, exitStatus=EXECUTING]>
2017-03-23 10:04:42,439 DEBUG Test worker [org.springframework.batch.core.step.tasklet.TaskletStep] - <Saving step execution before commit: StepExecution: id=1, version=2, name=step, status=STARTED, exitStatus=EXECUTING, readCount=6, filterCount=0, writeCount=6 readSkipCount=0, writeSkipCount=0, processSkipCount=0, commitCount=2, rollbackCount=0, exitDescription=>
2017-03-23 10:04:42,441 DEBUG Test worker [org.springframework.batch.core.step.AbstractStep] - <Step execution success: id=1>
2017-03-23 10:04:42,441 DEBUG Test worker [org.springframework.batch.integration.chunk.ChunkMessageChannelItemWriter] - <Waiting for results in step listener...>
2017-03-23 10:04:42,441  INFO Test worker [org.springframework.batch.integration.chunk.ChunkMessageChannelItemWriter] - <Waiting for 2 results>
2017-03-23 10:04:42,441 DEBUG Test worker [org.springframework.integration.channel.QueueChannel] - <postReceive on channel 'replies', message: GenericMessage [payload=ChunkResponse: jobId=0, sequence=0, stepContribution=[StepContribution: read=0, written=0, filtered=0, readSkips=0, writeSkips=0, processSkips=0, exitStatus=EXECUTING], successful=false, headers={id=207f5613-f2e3-75fb-7e33-0aad5d2dea11, timestamp=1490281482432}]>
2017-03-23 10:04:42,441 DEBUG Test worker [org.springframework.batch.integration.chunk.ChunkMessageChannelItemWriter] - <Found result: ChunkResponse: jobId=0, sequence=0, stepContribution=[StepContribution: read=0, written=0, filtered=0, readSkips=0, writeSkips=0, processSkips=0, exitStatus=EXECUTING], successful=false>
2017-03-23 10:04:42,441 ERROR Test worker [org.springframework.batch.integration.chunk.ChunkMessageChannelItemWriter] - <Detected error in remote result. Trying to recover 1 outstanding results before completing.>
org.springframework.batch.integration.chunk.AsynchronousFailureException: Failure or interrupt detected in handler: java.lang.IllegalStateException: Planned failure on: fail
	at org.springframework.batch.integration.chunk.ChunkMessageChannelItemWriter.getNextResult(ChunkMessageChannelItemWriter.java:243)
	at org.springframework.batch.integration.chunk.ChunkMessageChannelItemWriter.waitForResults(ChunkMessageChannelItemWriter.java:197)
	at org.springframework.batch.integration.chunk.ChunkMessageChannelItemWriter.afterStep(ChunkMessageChannelItemWriter.java:128)
	at org.springframework.batch.core.listener.CompositeStepExecutionListener.afterStep(CompositeStepExecutionListener.java:62)
	at org.springframework.batch.core.step.AbstractStep.execute(AbstractStep.java:239)
	at org.springframework.batch.integration.chunk.ChunkMessageItemWriterIntegrationTests.testFailureInStepListener(ChunkMessageItemWriterIntegrationTests.java:277)
	at sun.reflect.NativeMethodAccessorImpl.invoke0(Native Method)
	at sun.reflect.NativeMethodAccessorImpl.invoke(NativeMethodAccessorImpl.java:62)
	at sun.reflect.DelegatingMethodAccessorImpl.invoke(DelegatingMethodAccessorImpl.java:43)
	at java.lang.reflect.Method.invoke(Method.java:483)
	at org.junit.runners.model.FrameworkMethod$1.runReflectiveCall(FrameworkMethod.java:50)
	at org.junit.internal.runners.model.ReflectiveCallable.run(ReflectiveCallable.java:12)
	at org.junit.runners.model.FrameworkMethod.invokeExplosively(FrameworkMethod.java:47)
	at org.junit.internal.runners.statements.InvokeMethod.evaluate(InvokeMethod.java:17)
	at org.springframework.test.context.junit4.statements.RunBeforeTestExecutionCallbacks.evaluate(RunBeforeTestExecutionCallbacks.java:73)
	at org.springframework.test.context.junit4.statements.RunAfterTestExecutionCallbacks.evaluate(RunAfterTestExecutionCallbacks.java:83)
	at org.junit.internal.runners.statements.RunBefores.evaluate(RunBefores.java:26)
	at org.springframework.test.context.junit4.statements.RunBeforeTestMethodCallbacks.evaluate(RunBeforeTestMethodCallbacks.java:75)
	at org.junit.internal.runners.statements.RunAfters.evaluate(RunAfters.java:27)
	at org.springframework.test.context.junit4.statements.RunAfterTestMethodCallbacks.evaluate(RunAfterTestMethodCallbacks.java:86)
	at org.springframework.test.context.junit4.statements.SpringRepeat.evaluate(SpringRepeat.java:84)
	at org.junit.runners.ParentRunner.runLeaf(ParentRunner.java:325)
	at org.springframework.test.context.junit4.SpringJUnit4ClassRunner.runChild(SpringJUnit4ClassRunner.java:250)
	at org.springframework.test.context.junit4.SpringJUnit4ClassRunner.runChild(SpringJUnit4ClassRunner.java:97)
	at org.junit.runners.ParentRunner$3.run(ParentRunner.java:290)
	at org.junit.runners.ParentRunner$1.schedule(ParentRunner.java:71)
	at org.junit.runners.ParentRunner.runChildren(ParentRunner.java:288)
	at org.junit.runners.ParentRunner.access$000(ParentRunner.java:58)
	at org.junit.runners.ParentRunner$2.evaluate(ParentRunner.java:268)
	at org.springframework.test.context.junit4.statements.RunBeforeTestClassCallbacks.evaluate(RunBeforeTestClassCallbacks.java:61)
	at org.springframework.test.context.junit4.statements.RunAfterTestClassCallbacks.evaluate(RunAfterTestClassCallbacks.java:70)
	at org.junit.runners.ParentRunner.run(ParentRunner.java:363)
	at org.springframework.test.context.junit4.SpringJUnit4ClassRunner.run(SpringJUnit4ClassRunner.java:189)
	at org.gradle.api.internal.tasks.testing.junit.JUnitTestClassExecuter.runTestClass(JUnitTestClassExecuter.java:114)
	at org.gradle.api.internal.tasks.testing.junit.JUnitTestClassExecuter.execute(JUnitTestClassExecuter.java:57)
	at org.gradle.api.internal.tasks.testing.junit.JUnitTestClassProcessor.processTestClass(JUnitTestClassProcessor.java:66)
	at org.gradle.api.internal.tasks.testing.SuiteTestClassProcessor.processTestClass(SuiteTestClassProcessor.java:51)
	at sun.reflect.NativeMethodAccessorImpl.invoke0(Native Method)
	at sun.reflect.NativeMethodAccessorImpl.invoke(NativeMethodAccessorImpl.java:62)
	at sun.reflect.DelegatingMethodAccessorImpl.invoke(DelegatingMethodAccessorImpl.java:43)
	at java.lang.reflect.Method.invoke(Method.java:483)
	at org.gradle.internal.dispatch.ReflectionDispatch.dispatch(ReflectionDispatch.java:35)
	at org.gradle.internal.dispatch.ReflectionDispatch.dispatch(ReflectionDispatch.java:24)
	at org.gradle.internal.dispatch.ContextClassLoaderDispatch.dispatch(ContextClassLoaderDispatch.java:32)
	at org.gradle.internal.dispatch.ProxyDispatchAdapter$DispatchingInvocationHandler.invoke(ProxyDispatchAdapter.java:93)
	at com.sun.proxy.$Proxy3.processTestClass(Unknown Source)
	at org.gradle.api.internal.tasks.testing.worker.TestWorker.processTestClass(TestWorker.java:109)
	at sun.reflect.NativeMethodAccessorImpl.invoke0(Native Method)
	at sun.reflect.NativeMethodAccessorImpl.invoke(NativeMethodAccessorImpl.java:62)
	at sun.reflect.DelegatingMethodAccessorImpl.invoke(DelegatingMethodAccessorImpl.java:43)
	at java.lang.reflect.Method.invoke(Method.java:483)
	at org.gradle.internal.dispatch.ReflectionDispatch.dispatch(ReflectionDispatch.java:35)
	at org.gradle.internal.dispatch.ReflectionDispatch.dispatch(ReflectionDispatch.java:24)
	at org.gradle.internal.remote.internal.hub.MessageHubBackedObjectConnection$DispatchWrapper.dispatch(MessageHubBackedObjectConnection.java:147)
	at org.gradle.internal.remote.internal.hub.MessageHubBackedObjectConnection$DispatchWrapper.dispatch(MessageHubBackedObjectConnection.java:129)
	at org.gradle.internal.remote.internal.hub.MessageHub$Handler.run(MessageHub.java:404)
	at org.gradle.internal.concurrent.ExecutorPolicy$CatchAndRecordFailures.onExecute(ExecutorPolicy.java:63)
	at org.gradle.internal.concurrent.StoppableExecutorImpl$1.run(StoppableExecutorImpl.java:46)
	at java.util.concurrent.ThreadPoolExecutor.runWorker(ThreadPoolExecutor.java:1142)
	at java.util.concurrent.ThreadPoolExecutor$Worker.run(ThreadPoolExecutor.java:617)
	at java.lang.Thread.run(Thread.java:745)
2017-03-23 10:04:42,443 DEBUG Test worker [org.springframework.integration.channel.QueueChannel] - <postReceive on channel 'replies', message: GenericMessage [payload=ChunkResponse: jobId=0, sequence=1, stepContribution=[StepContribution: read=0, written=2, filtered=0, readSkips=0, writeSkips=0, processSkips=0, exitStatus=EXECUTING], successful=true, headers={id=849b0900-ba21-ed29-c7a2-734392f6ac65, timestamp=1490281482437}]>
2017-03-23 10:04:42,443 DEBUG Test worker [org.springframework.batch.integration.chunk.ChunkMessageChannelItemWriter] - <Found result: ChunkResponse: jobId=0, sequence=1, stepContribution=[StepContribution: read=0, written=2, filtered=0, readSkips=0, writeSkips=0, processSkips=0, exitStatus=EXECUTING], successful=true>
2017-03-23 10:04:42,443 DEBUG Test worker [org.springframework.batch.integration.chunk.ChunkMessageChannelItemWriter] - <Detected failure waiting for results in step listener.>
org.springframework.batch.integration.chunk.AsynchronousFailureException: Failure or interrupt detected in handler: java.lang.IllegalStateException: Planned failure on: fail
	at org.springframework.batch.integration.chunk.ChunkMessageChannelItemWriter.getNextResult(ChunkMessageChannelItemWriter.java:243)
	at org.springframework.batch.integration.chunk.ChunkMessageChannelItemWriter.waitForResults(ChunkMessageChannelItemWriter.java:197)
	at org.springframework.batch.integration.chunk.ChunkMessageChannelItemWriter.afterStep(ChunkMessageChannelItemWriter.java:128)
	at org.springframework.batch.core.listener.CompositeStepExecutionListener.afterStep(CompositeStepExecutionListener.java:62)
	at org.springframework.batch.core.step.AbstractStep.execute(AbstractStep.java:239)
	at org.springframework.batch.integration.chunk.ChunkMessageItemWriterIntegrationTests.testFailureInStepListener(ChunkMessageItemWriterIntegrationTests.java:277)
	at sun.reflect.NativeMethodAccessorImpl.invoke0(Native Method)
	at sun.reflect.NativeMethodAccessorImpl.invoke(NativeMethodAccessorImpl.java:62)
	at sun.reflect.DelegatingMethodAccessorImpl.invoke(DelegatingMethodAccessorImpl.java:43)
	at java.lang.reflect.Method.invoke(Method.java:483)
	at org.junit.runners.model.FrameworkMethod$1.runReflectiveCall(FrameworkMethod.java:50)
	at org.junit.internal.runners.model.ReflectiveCallable.run(ReflectiveCallable.java:12)
	at org.junit.runners.model.FrameworkMethod.invokeExplosively(FrameworkMethod.java:47)
	at org.junit.internal.runners.statements.InvokeMethod.evaluate(InvokeMethod.java:17)
	at org.springframework.test.context.junit4.statements.RunBeforeTestExecutionCallbacks.evaluate(RunBeforeTestExecutionCallbacks.java:73)
	at org.springframework.test.context.junit4.statements.RunAfterTestExecutionCallbacks.evaluate(RunAfterTestExecutionCallbacks.java:83)
	at org.junit.internal.runners.statements.RunBefores.evaluate(RunBefores.java:26)
	at org.springframework.test.context.junit4.statements.RunBeforeTestMethodCallbacks.evaluate(RunBeforeTestMethodCallbacks.java:75)
	at org.junit.internal.runners.statements.RunAfters.evaluate(RunAfters.java:27)
	at org.springframework.test.context.junit4.statements.RunAfterTestMethodCallbacks.evaluate(RunAfterTestMethodCallbacks.java:86)
	at org.springframework.test.context.junit4.statements.SpringRepeat.evaluate(SpringRepeat.java:84)
	at org.junit.runners.ParentRunner.runLeaf(ParentRunner.java:325)
	at org.springframework.test.context.junit4.SpringJUnit4ClassRunner.runChild(SpringJUnit4ClassRunner.java:250)
	at org.springframework.test.context.junit4.SpringJUnit4ClassRunner.runChild(SpringJUnit4ClassRunner.java:97)
	at org.junit.runners.ParentRunner$3.run(ParentRunner.java:290)
	at org.junit.runners.ParentRunner$1.schedule(ParentRunner.java:71)
	at org.junit.runners.ParentRunner.runChildren(ParentRunner.java:288)
	at org.junit.runners.ParentRunner.access$000(ParentRunner.java:58)
	at org.junit.runners.ParentRunner$2.evaluate(ParentRunner.java:268)
	at org.springframework.test.context.junit4.statements.RunBeforeTestClassCallbacks.evaluate(RunBeforeTestClassCallbacks.java:61)
	at org.springframework.test.context.junit4.statements.RunAfterTestClassCallbacks.evaluate(RunAfterTestClassCallbacks.java:70)
	at org.junit.runners.ParentRunner.run(ParentRunner.java:363)
	at org.springframework.test.context.junit4.SpringJUnit4ClassRunner.run(SpringJUnit4ClassRunner.java:189)
	at org.gradle.api.internal.tasks.testing.junit.JUnitTestClassExecuter.runTestClass(JUnitTestClassExecuter.java:114)
	at org.gradle.api.internal.tasks.testing.junit.JUnitTestClassExecuter.execute(JUnitTestClassExecuter.java:57)
	at org.gradle.api.internal.tasks.testing.junit.JUnitTestClassProcessor.processTestClass(JUnitTestClassProcessor.java:66)
	at org.gradle.api.internal.tasks.testing.SuiteTestClassProcessor.processTestClass(SuiteTestClassProcessor.java:51)
	at sun.reflect.NativeMethodAccessorImpl.invoke0(Native Method)
	at sun.reflect.NativeMethodAccessorImpl.invoke(NativeMethodAccessorImpl.java:62)
	at sun.reflect.DelegatingMethodAccessorImpl.invoke(DelegatingMethodAccessorImpl.java:43)
	at java.lang.reflect.Method.invoke(Method.java:483)
	at org.gradle.internal.dispatch.ReflectionDispatch.dispatch(ReflectionDispatch.java:35)
	at org.gradle.internal.dispatch.ReflectionDispatch.dispatch(ReflectionDispatch.java:24)
	at org.gradle.internal.dispatch.ContextClassLoaderDispatch.dispatch(ContextClassLoaderDispatch.java:32)
	at org.gradle.internal.dispatch.ProxyDispatchAdapter$DispatchingInvocationHandler.invoke(ProxyDispatchAdapter.java:93)
	at com.sun.proxy.$Proxy3.processTestClass(Unknown Source)
	at org.gradle.api.internal.tasks.testing.worker.TestWorker.processTestClass(TestWorker.java:109)
	at sun.reflect.NativeMethodAccessorImpl.invoke0(Native Method)
	at sun.reflect.NativeMethodAccessorImpl.invoke(NativeMethodAccessorImpl.java:62)
	at sun.reflect.DelegatingMethodAccessorImpl.invoke(DelegatingMethodAccessorImpl.java:43)
	at java.lang.reflect.Method.invoke(Method.java:483)
	at org.gradle.internal.dispatch.ReflectionDispatch.dispatch(ReflectionDispatch.java:35)
	at org.gradle.internal.dispatch.ReflectionDispatch.dispatch(ReflectionDispatch.java:24)
	at org.gradle.internal.remote.internal.hub.MessageHubBackedObjectConnection$DispatchWrapper.dispatch(MessageHubBackedObjectConnection.java:147)
	at org.gradle.internal.remote.internal.hub.MessageHubBackedObjectConnection$DispatchWrapper.dispatch(MessageHubBackedObjectConnection.java:129)
	at org.gradle.internal.remote.internal.hub.MessageHub$Handler.run(MessageHub.java:404)
	at org.gradle.internal.concurrent.ExecutorPolicy$CatchAndRecordFailures.onExecute(ExecutorPolicy.java:63)
	at org.gradle.internal.concurrent.StoppableExecutorImpl$1.run(StoppableExecutorImpl.java:46)
	at java.util.concurrent.ThreadPoolExecutor.runWorker(ThreadPoolExecutor.java:1142)
	at java.util.concurrent.ThreadPoolExecutor$Worker.run(ThreadPoolExecutor.java:617)
	at java.lang.Thread.run(Thread.java:745)
2017-03-23 10:04:42,444 DEBUG Test worker [org.springframework.batch.integration.chunk.ChunkMessageChannelItemWriter] - <Finished waiting for results in step listener.  Still expecting: 0>
2017-03-23 10:04:42,444 DEBUG Test worker [org.springframework.batch.integration.chunk.ChunkMessageChannelItemWriter] - <Applying: ChunkResponse: jobId=0, sequence=0, stepContribution=[StepContribution: read=0, written=0, filtered=0, readSkips=0, writeSkips=0, processSkips=0, exitStatus=EXECUTING], successful=false>
2017-03-23 10:04:42,444 DEBUG Test worker [org.springframework.batch.integration.chunk.ChunkMessageChannelItemWriter] - <Applying: ChunkResponse: jobId=0, sequence=1, stepContribution=[StepContribution: read=0, written=2, filtered=0, readSkips=0, writeSkips=0, processSkips=0, exitStatus=EXECUTING], successful=true>
2017-03-23 10:04:42,446 DEBUG Test worker [org.springframework.batch.core.step.AbstractStep] - <Step execution complete: StepExecution: id=1, version=4, name=step, status=FAILED, exitStatus=FAILED, readCount=6, filterCount=0, writeCount=8 readSkipCount=0, writeSkipCount=0, processSkipCount=0, commitCount=2, rollbackCount=0>
]]></system-out>
  <system-err><![CDATA[]]></system-err>
</testsuite>
