<?xml version="1.0" encoding="UTF-8"?>
<testsuite name="org.springframework.batch.integration.chunk.RemoteChunkStepIntegrationTests" tests="2" skipped="0" failures="0" errors="0" timestamp="2017-03-23T15:04:56" hostname="Michaels-MacBook-Pro-3.local" time="0.098">
  <properties/>
  <testcase name="testSunnyDaySimpleStep" classname="org.springframework.batch.integration.chunk.RemoteChunkStepIntegrationTests" time="0.05"/>
  <testcase name="testFailedStep" classname="org.springframework.batch.integration.chunk.RemoteChunkStepIntegrationTests" time="0.046"/>
  <system-out><![CDATA[2017-03-23 10:04:55,720  INFO Test worker [org.springframework.beans.factory.xml.XmlBeanDefinitionReader] - <Loading XML bean definitions from class path resource [org/springframework/batch/integration/chunk/RemoteChunkStepIntegrationTests-context.xml]>
2017-03-23 10:04:55,783  INFO Test worker [org.springframework.integration.config.IntegrationRegistrar] - <No bean named 'integrationHeaderChannelRegistry' has been explicitly defined. Therefore, a default DefaultHeaderChannelRegistry will be created.>
2017-03-23 10:04:55,783 DEBUG Test worker [org.springframework.integration.config.IntegrationRegistrar] - <The '#jsonPath' SpEL function cannot be registered: there is no jayway json-path.jar on the classpath.>
2017-03-23 10:04:55,784 DEBUG Test worker [org.springframework.integration.config.IntegrationRegistrar] - <SpEL function '#xpath' isn't registered: there is no spring-integration-xml.jar on the classpath.>
2017-03-23 10:04:55,785  INFO Test worker [org.springframework.context.support.GenericApplicationContext] - <Refreshing org.springframework.context.support.GenericApplicationContext@62c3f043: startup date [Thu Mar 23 10:04:55 CDT 2017]; root of context hierarchy>
2017-03-23 10:04:55,812  INFO Test worker [org.springframework.beans.factory.support.DefaultListableBeanFactory] - <Overriding bean definition for bean 'reader' with a different definition: replacing [Generic bean: class [org.springframework.batch.integration.chunk.TestItemReader]; scope=step; abstract=false; lazyInit=false; autowireMode=0; dependencyCheck=0; autowireCandidate=false; primary=false; factoryBeanName=null; factoryMethodName=null; initMethodName=null; destroyMethodName=null; defined in class path resource [org/springframework/batch/integration/chunk/RemoteChunkStepIntegrationTests-context.xml]] with [Root bean: class [org.springframework.aop.scope.ScopedProxyFactoryBean]; scope=; abstract=false; lazyInit=false; autowireMode=0; dependencyCheck=0; autowireCandidate=true; primary=false; factoryBeanName=null; factoryMethodName=null; initMethodName=null; destroyMethodName=null; defined in BeanDefinition defined in class path resource [org/springframework/batch/integration/chunk/RemoteChunkStepIntegrationTests-context.xml]]]]><![CDATA[>
2017-03-23 10:04:55,812  INFO Test worker [org.springframework.beans.factory.support.DefaultListableBeanFactory] - <Overriding bean definition for bean 'chunkWriter' with a different definition: replacing [Generic bean: class [org.springframework.batch.integration.chunk.ChunkMessageChannelItemWriter]; scope=step; abstract=false; lazyInit=false; autowireMode=0; dependencyCheck=0; autowireCandidate=false; primary=false; factoryBeanName=null; factoryMethodName=null; initMethodName=null; destroyMethodName=null; defined in class path resource [org/springframework/batch/integration/chunk/RemoteChunkStepIntegrationTests-context.xml]] with [Root bean: class [org.springframework.aop.scope.ScopedProxyFactoryBean]; scope=; abstract=false; lazyInit=false; autowireMode=0; dependencyCheck=0; autowireCandidate=true; primary=false; factoryBeanName=null; factoryMethodName=null; initMethodName=null; destroyMethodName=null; defined in BeanDefinition defined in class path resource [org/springframework/batch/integration/chunk/RemoteChunkStepIntegrationTests-context.xml]]]]><![CDATA[>
2017-03-23 10:04:55,816  INFO Test worker [org.springframework.integration.config.DefaultConfiguringBeanFactoryPostProcessor] - <No bean named 'errorChannel' has been explicitly defined. Therefore, a default PublishSubscribeChannel will be created.>
2017-03-23 10:04:55,816  INFO Test worker [org.springframework.integration.config.DefaultConfiguringBeanFactoryPostProcessor] - <No bean named 'taskScheduler' has been explicitly defined. Therefore, a default ThreadPoolTaskScheduler will be created.>
2017-03-23 10:04:55,817  INFO Test worker [org.springframework.beans.factory.annotation.AutowiredAnnotationBeanPostProcessor] - <JSR-330 'javax.inject.Inject' annotation found and supported for autowiring>
2017-03-23 10:04:55,837  INFO Test worker [org.springframework.beans.factory.annotation.AutowiredAnnotationBeanPostProcessor] - <JSR-330 'javax.inject.Inject' annotation found and supported for autowiring>
2017-03-23 10:04:55,973 DEBUG Test worker [org.springframework.batch.integration.chunk.RemoteChunkHandlerFactoryBean] - <Converting TaskletStep with name=step>
2017-03-23 10:04:55,973 DEBUG Test worker [org.springframework.batch.integration.chunk.RemoteChunkHandlerFactoryBean] - <Getting field [tasklet] from target [TaskletStep: [name=step]]]]><![CDATA[>
2017-03-23 10:04:55,973 DEBUG Test worker [org.springframework.batch.integration.chunk.RemoteChunkHandlerFactoryBean] - <Getting field [chunkProcessor] from target [org.springframework.batch.core.step.item.ChunkOrientedTasklet@5f540ede]>
2017-03-23 10:04:55,974 DEBUG Test worker [org.springframework.batch.integration.chunk.RemoteChunkHandlerFactoryBean] - <Getting field [itemWriter] from target [org.springframework.batch.core.step.item.SimpleChunkProcessor@5e25ddf]>
2017-03-23 10:04:55,974 DEBUG Test worker [org.springframework.batch.integration.chunk.RemoteChunkHandlerFactoryBean] - <Getting field [chunkProcessor] from target [org.springframework.batch.core.step.item.ChunkOrientedTasklet@5f540ede]>
2017-03-23 10:04:55,983  INFO Test worker [org.springframework.batch.core.launch.support.SimpleJobLauncher] - <No TaskExecutor has been set, defaulting to synchronous executor.>
2017-03-23 10:04:55,988  INFO Test worker [org.springframework.beans.factory.annotation.AutowiredAnnotationBeanPostProcessor] - <JSR-330 'javax.inject.Inject' annotation found and supported for autowiring>
2017-03-23 10:04:56,008 DEBUG Test worker [org.springframework.integration.config.GlobalChannelInterceptorProcessor] - <No global channel interceptors.>
2017-03-23 10:04:56,065  INFO Test worker [org.springframework.context.support.DefaultLifecycleProcessor] - <Starting beans in phase 0>
2017-03-23 10:04:56,065  INFO Test worker [org.springframework.integration.endpoint.EventDrivenConsumer] - <Adding {service-activator} as a subscriber to the 'requests' channel>
2017-03-23 10:04:56,065  INFO Test worker [org.springframework.integration.channel.PublishSubscribeChannel] - <Channel 'org.springframework.context.support.GenericApplicationContext@62c3f043.requests' has 1 subscriber(s).>
2017-03-23 10:04:56,065  INFO Test worker [org.springframework.integration.endpoint.EventDrivenConsumer] - <started org.springframework.integration.config.ConsumerEndpointFactoryBean#0>
2017-03-23 10:04:56,065  INFO Test worker [org.springframework.integration.endpoint.EventDrivenConsumer] - <Adding {logging-channel-adapter:_org.springframework.integration.errorLogger} as a subscriber to the 'errorChannel' channel>
2017-03-23 10:04:56,065  INFO Test worker [org.springframework.integration.channel.PublishSubscribeChannel] - <Channel 'org.springframework.context.support.GenericApplicationContext@62c3f043.errorChannel' has 1 subscriber(s).>
2017-03-23 10:04:56,066  INFO Test worker [org.springframework.integration.endpoint.EventDrivenConsumer] - <started _org.springframework.integration.errorLogger>
2017-03-23 10:04:56,072  INFO Test worker [org.springframework.batch.core.launch.support.SimpleJobLauncher] - <Job: [FlowJob: [name=job]] launched with the following parameters: [{item.three=3}]>
2017-03-23 10:04:56,073 DEBUG Test worker [org.springframework.batch.core.job.AbstractJob] - <Job execution starting: JobExecution: id=0, version=0, startTime=null, endTime=null, lastUpdated=Thu Mar 23 10:04:56 CDT 2017, status=STARTING, exitStatus=exitCode=UNKNOWN;exitDescription=, job=[JobInstance: id=0, version=0, Job=[job]], jobParameters=[{item.three=3}]>
2017-03-23 10:04:56,074 DEBUG Test worker [org.springframework.batch.core.job.flow.support.SimpleFlow] - <Resuming state=job.step with status=UNKNOWN>
2017-03-23 10:04:56,074 DEBUG Test worker [org.springframework.batch.core.job.flow.support.SimpleFlow] - <Handling state=job.step>
2017-03-23 10:04:56,079  INFO Test worker [org.springframework.batch.core.job.SimpleStepHandler] - <Executing step: [step]>
2017-03-23 10:04:56,079 DEBUG Test worker [org.springframework.batch.core.step.AbstractStep] - <Executing: id=1>
2017-03-23 10:04:56,081 DEBUG Test worker [org.springframework.batch.core.scope.StepScope] - <Creating object in scope=step, name=scopedTarget.chunkWriter>
2017-03-23 10:04:56,086 DEBUG Test worker [org.springframework.batch.core.scope.context.StepContextRepeatCallback] - <Preparing chunk execution for StepContext: org.springframework.batch.core.scope.context.StepContext@5de36ec9>
2017-03-23 10:04:56,086 DEBUG Test worker [org.springframework.batch.core.scope.context.StepContextRepeatCallback] - <Chunk execution starting: queue size=0>
2017-03-23 10:04:56,086 DEBUG Test worker [org.springframework.batch.core.scope.StepScope] - <Creating object in scope=step, name=scopedTarget.reader>
2017-03-23 10:04:56,089 DEBUG Test worker [org.springframework.batch.integration.chunk.TestItemReader] - <Reading 1>
2017-03-23 10:04:56,090 DEBUG Test worker [org.springframework.batch.integration.chunk.TestItemReader] - <Reading 2>
2017-03-23 10:04:56,090 DEBUG Test worker [org.springframework.batch.integration.chunk.ChunkMessageChannelItemWriter] - <Dispatching chunk: ChunkRequest: jobId=0, sequence=0, contribution=[StepContribution: read=0, written=0, filtered=0, readSkips=0, writeSkips=0, processSkips=0, exitStatus=EXECUTING], item count=2>
2017-03-23 10:04:56,090 DEBUG Test worker [org.springframework.integration.channel.PublishSubscribeChannel] - <preSend on channel 'requests', message: GenericMessage [payload=ChunkRequest: jobId=0, sequence=0, contribution=[StepContribution: read=0, written=0, filtered=0, readSkips=0, writeSkips=0, processSkips=0, exitStatus=EXECUTING], item count=2, headers={id=4934be72-5e79-077c-4a0a-3a7e63111a70, timestamp=1490281496090}]>
2017-03-23 10:04:56,092 DEBUG Test worker [org.springframework.integration.channel.PublishSubscribeChannel] - <postSend (sent=true) on channel 'requests', message: GenericMessage [payload=ChunkRequest: jobId=0, sequence=0, contribution=[StepContribution: read=0, written=0, filtered=0, readSkips=0, writeSkips=0, processSkips=0, exitStatus=EXECUTING], item count=2, headers={id=4934be72-5e79-077c-4a0a-3a7e63111a70, timestamp=1490281496090}]>
2017-03-23 10:04:56,093 DEBUG Test worker [org.springframework.batch.core.step.item.ChunkOrientedTasklet] - <Inputs not busy, ended: false>
2017-03-23 10:04:56,093 DEBUG Test worker [org.springframework.batch.core.step.tasklet.TaskletStep] - <Applying contribution: [StepContribution: read=2, written=0, filtered=0, readSkips=0, writeSkips=0, processSkips=0, exitStatus=EXECUTING]>
2017-03-23 10:04:56,094 DEBUG Test worker [org.springframework.batch.core.step.tasklet.TaskletStep] - <Saving step execution before commit: StepExecution: id=1, version=1, name=step, status=STARTED, exitStatus=EXECUTING, readCount=2, filterCount=0, writeCount=0 readSkipCount=0, writeSkipCount=0, processSkipCount=0, commitCount=1, rollbackCount=0, exitDescription=>
2017-03-23 10:04:56,094 DEBUG poolExecutor-1 [org.springframework.integration.handler.ServiceActivatingHandler] - <ServiceActivator for [org.springframework.integration.handler.MethodInvokingMessageProcessor@105697ee] (org.springframework.integration.config.ServiceActivatorFactoryBean#0) received message: GenericMessage [payload=ChunkRequest: jobId=0, sequence=0, contribution=[StepContribution: read=0, written=0, filtered=0, readSkips=0, writeSkips=0, processSkips=0, exitStatus=EXECUTING], item count=2, headers={id=4934be72-5e79-077c-4a0a-3a7e63111a70, timestamp=1490281496090}]>
2017-03-23 10:04:56,094 DEBUG poolExecutor-1 [org.springframework.batch.integration.chunk.ChunkProcessorChunkHandler] - <Handling chunk: ChunkRequest: jobId=0, sequence=0, contribution=[StepContribution: read=0, written=0, filtered=0, readSkips=0, writeSkips=0, processSkips=0, exitStatus=EXECUTING], item count=2>
2017-03-23 10:04:56,095 DEBUG poolExecutor-1 [org.springframework.batch.integration.chunk.TestItemWriter] - <Writing: 1>
2017-03-23 10:04:56,095 DEBUG poolExecutor-1 [org.springframework.batch.integration.chunk.TestItemWriter] - <Writing: 2>
2017-03-23 10:04:56,095 DEBUG poolExecutor-1 [org.springframework.batch.integration.chunk.ChunkProcessorChunkHandler] - <Completed chunk handling with [StepContribution: read=0, written=2, filtered=0, readSkips=0, writeSkips=0, processSkips=0, exitStatus=EXECUTING]>
2017-03-23 10:04:56,095 DEBUG Test worker [org.springframework.batch.core.scope.context.StepContextRepeatCallback] - <Preparing chunk execution for StepContext: org.springframework.batch.core.scope.context.StepContext@5de36ec9>
2017-03-23 10:04:56,095 DEBUG Test worker [org.springframework.batch.core.scope.context.StepContextRepeatCallback] - <Chunk execution starting: queue size=0>
2017-03-23 10:04:56,095 DEBUG poolExecutor-1 [org.springframework.integration.channel.QueueChannel] - <preSend on channel 'replies', message: GenericMessage [payload=ChunkResponse: jobId=0, sequence=0, stepContribution=[StepContribution: read=0, written=2, filtered=0, readSkips=0, writeSkips=0, processSkips=0, exitStatus=EXECUTING], successful=true, headers={id=eda43c66-6179-1bc9-dd3b-215436767ff2, timestamp=1490281496095}]>
2017-03-23 10:04:56,095 DEBUG poolExecutor-1 [org.springframework.integration.channel.QueueChannel] - <postSend (sent=true) on channel 'replies', message: GenericMessage [payload=ChunkResponse: jobId=0, sequence=0, stepContribution=[StepContribution: read=0, written=2, filtered=0, readSkips=0, writeSkips=0, processSkips=0, exitStatus=EXECUTING], successful=true, headers={id=eda43c66-6179-1bc9-dd3b-215436767ff2, timestamp=1490281496095}]>
2017-03-23 10:04:56,095 DEBUG Test worker [org.springframework.batch.integration.chunk.TestItemReader] - <Reading 3>
2017-03-23 10:04:56,095 DEBUG Test worker [org.springframework.batch.integration.chunk.TestItemReader] - <Reading 4>
2017-03-23 10:04:56,096 DEBUG Test worker [org.springframework.batch.integration.chunk.ChunkMessageChannelItemWriter] - <Dispatching chunk: ChunkRequest: jobId=0, sequence=1, contribution=[StepContribution: read=0, written=0, filtered=0, readSkips=0, writeSkips=0, processSkips=0, exitStatus=EXECUTING], item count=2>
2017-03-23 10:04:56,096 DEBUG Test worker [org.springframework.integration.channel.PublishSubscribeChannel] - <preSend on channel 'requests', message: GenericMessage [payload=ChunkRequest: jobId=0, sequence=1, contribution=[StepContribution: read=0, written=0, filtered=0, readSkips=0, writeSkips=0, processSkips=0, exitStatus=EXECUTING], item count=2, headers={id=75c40461-a81a-50f0-4b58-e154e41538b6, timestamp=1490281496096}]>
2017-03-23 10:04:56,097 DEBUG Test worker [org.springframework.integration.channel.PublishSubscribeChannel] - <postSend (sent=true) on channel 'requests', message: GenericMessage [payload=ChunkRequest: jobId=0, sequence=1, contribution=[StepContribution: read=0, written=0, filtered=0, readSkips=0, writeSkips=0, processSkips=0, exitStatus=EXECUTING], item count=2, headers={id=75c40461-a81a-50f0-4b58-e154e41538b6, timestamp=1490281496096}]>
2017-03-23 10:04:56,097 DEBUG Test worker [org.springframework.batch.core.step.item.ChunkOrientedTasklet] - <Inputs not busy, ended: false>
2017-03-23 10:04:56,097 DEBUG Test worker [org.springframework.batch.core.step.tasklet.TaskletStep] - <Applying contribution: [StepContribution: read=2, written=0, filtered=0, readSkips=0, writeSkips=0, processSkips=0, exitStatus=EXECUTING]>
2017-03-23 10:04:56,097 DEBUG poolExecutor-2 [org.springframework.integration.handler.ServiceActivatingHandler] - <ServiceActivator for [org.springframework.integration.handler.MethodInvokingMessageProcessor@105697ee] (org.springframework.integration.config.ServiceActivatorFactoryBean#0) received message: GenericMessage [payload=ChunkRequest: jobId=0, sequence=1, contribution=[StepContribution: read=0, written=0, filtered=0, readSkips=0, writeSkips=0, processSkips=0, exitStatus=EXECUTING], item count=2, headers={id=75c40461-a81a-50f0-4b58-e154e41538b6, timestamp=1490281496096}]>
2017-03-23 10:04:56,097 DEBUG poolExecutor-2 [org.springframework.batch.integration.chunk.ChunkProcessorChunkHandler] - <Handling chunk: ChunkRequest: jobId=0, sequence=1, contribution=[StepContribution: read=0, written=0, filtered=0, readSkips=0, writeSkips=0, processSkips=0, exitStatus=EXECUTING], item count=2>
2017-03-23 10:04:56,097 DEBUG poolExecutor-2 [org.springframework.batch.integration.chunk.TestItemWriter] - <Writing: 3>
2017-03-23 10:04:56,097 DEBUG poolExecutor-2 [org.springframework.batch.integration.chunk.TestItemWriter] - <Writing: 4>
2017-03-23 10:04:56,098 DEBUG poolExecutor-2 [org.springframework.batch.integration.chunk.ChunkProcessorChunkHandler] - <Completed chunk handling with [StepContribution: read=0, written=2, filtered=0, readSkips=0, writeSkips=0, processSkips=0, exitStatus=EXECUTING]>
2017-03-23 10:04:56,098 DEBUG poolExecutor-2 [org.springframework.integration.channel.QueueChannel] - <preSend on channel 'replies', message: GenericMessage [payload=ChunkResponse: jobId=0, sequence=1, stepContribution=[StepContribution: read=0, written=2, filtered=0, readSkips=0, writeSkips=0, processSkips=0, exitStatus=EXECUTING], successful=true, headers={id=f6d7c8d8-d1a8-198e-e227-a91f0faeba54, timestamp=1490281496098}]>
2017-03-23 10:04:56,098 DEBUG poolExecutor-2 [org.springframework.integration.channel.QueueChannel] - <postSend (sent=true) on channel 'replies', message: GenericMessage [payload=ChunkResponse: jobId=0, sequence=1, stepContribution=[StepContribution: read=0, written=2, filtered=0, readSkips=0, writeSkips=0, processSkips=0, exitStatus=EXECUTING], successful=true, headers={id=f6d7c8d8-d1a8-198e-e227-a91f0faeba54, timestamp=1490281496098}]>
2017-03-23 10:04:56,098 DEBUG Test worker [org.springframework.batch.core.step.tasklet.TaskletStep] - <Saving step execution before commit: StepExecution: id=1, version=2, name=step, status=STARTED, exitStatus=EXECUTING, readCount=4, filterCount=0, writeCount=0 readSkipCount=0, writeSkipCount=0, processSkipCount=0, commitCount=2, rollbackCount=0, exitDescription=>
2017-03-23 10:04:56,099 DEBUG Test worker [org.springframework.batch.core.scope.context.StepContextRepeatCallback] - <Preparing chunk execution for StepContext: org.springframework.batch.core.scope.context.StepContext@5de36ec9>
2017-03-23 10:04:56,099 DEBUG Test worker [org.springframework.batch.core.scope.context.StepContextRepeatCallback] - <Chunk execution starting: queue size=0>
2017-03-23 10:04:56,100 DEBUG Test worker [org.springframework.batch.integration.chunk.TestItemReader] - <Reading 5>
2017-03-23 10:04:56,100 DEBUG Test worker [org.springframework.batch.integration.chunk.TestItemReader] - <Reading 6>
2017-03-23 10:04:56,100 DEBUG Test worker [org.springframework.batch.integration.chunk.ChunkMessageChannelItemWriter] - <Dispatching chunk: ChunkRequest: jobId=0, sequence=2, contribution=[StepContribution: read=0, written=0, filtered=0, readSkips=0, writeSkips=0, processSkips=0, exitStatus=EXECUTING], item count=2>
2017-03-23 10:04:56,100 DEBUG Test worker [org.springframework.integration.channel.PublishSubscribeChannel] - <preSend on channel 'requests', message: GenericMessage [payload=ChunkRequest: jobId=0, sequence=2, contribution=[StepContribution: read=0, written=0, filtered=0, readSkips=0, writeSkips=0, processSkips=0, exitStatus=EXECUTING], item count=2, headers={id=699be5ea-9db9-af59-99e2-8e997bb0f42f, timestamp=1490281496100}]>
2017-03-23 10:04:56,101 DEBUG Test worker [org.springframework.integration.channel.PublishSubscribeChannel] - <postSend (sent=true) on channel 'requests', message: GenericMessage [payload=ChunkRequest: jobId=0, sequence=2, contribution=[StepContribution: read=0, written=0, filtered=0, readSkips=0, writeSkips=0, processSkips=0, exitStatus=EXECUTING], item count=2, headers={id=699be5ea-9db9-af59-99e2-8e997bb0f42f, timestamp=1490281496100}]>
2017-03-23 10:04:56,101 DEBUG Test worker [org.springframework.batch.core.step.item.ChunkOrientedTasklet] - <Inputs not busy, ended: false>
2017-03-23 10:04:56,101 DEBUG poolExecutor-3 [org.springframework.integration.handler.ServiceActivatingHandler] - <ServiceActivator for [org.springframework.integration.handler.MethodInvokingMessageProcessor@105697ee] (org.springframework.integration.config.ServiceActivatorFactoryBean#0) received message: GenericMessage [payload=ChunkRequest: jobId=0, sequence=2, contribution=[StepContribution: read=0, written=0, filtered=0, readSkips=0, writeSkips=0, processSkips=0, exitStatus=EXECUTING], item count=2, headers={id=699be5ea-9db9-af59-99e2-8e997bb0f42f, timestamp=1490281496100}]>
2017-03-23 10:04:56,101 DEBUG Test worker [org.springframework.batch.core.step.tasklet.TaskletStep] - <Applying contribution: [StepContribution: read=2, written=0, filtered=0, readSkips=0, writeSkips=0, processSkips=0, exitStatus=EXECUTING]>
2017-03-23 10:04:56,101 DEBUG poolExecutor-3 [org.springframework.batch.integration.chunk.ChunkProcessorChunkHandler] - <Handling chunk: ChunkRequest: jobId=0, sequence=2, contribution=[StepContribution: read=0, written=0, filtered=0, readSkips=0, writeSkips=0, processSkips=0, exitStatus=EXECUTING], item count=2>
2017-03-23 10:04:56,101 DEBUG poolExecutor-3 [org.springframework.batch.integration.chunk.TestItemWriter] - <Writing: 5>
2017-03-23 10:04:56,101 DEBUG poolExecutor-3 [org.springframework.batch.integration.chunk.TestItemWriter] - <Writing: 6>
2017-03-23 10:04:56,101 DEBUG poolExecutor-3 [org.springframework.batch.integration.chunk.ChunkProcessorChunkHandler] - <Completed chunk handling with [StepContribution: read=0, written=2, filtered=0, readSkips=0, writeSkips=0, processSkips=0, exitStatus=EXECUTING]>
2017-03-23 10:04:56,102 DEBUG poolExecutor-3 [org.springframework.integration.channel.QueueChannel] - <preSend on channel 'replies', message: GenericMessage [payload=ChunkResponse: jobId=0, sequence=2, stepContribution=[StepContribution: read=0, written=2, filtered=0, readSkips=0, writeSkips=0, processSkips=0, exitStatus=EXECUTING], successful=true, headers={id=45291997-c225-3b3c-549a-2155049a5d1f, timestamp=1490281496102}]>
2017-03-23 10:04:56,102 DEBUG poolExecutor-3 [org.springframework.integration.channel.QueueChannel] - <postSend (sent=true) on channel 'replies', message: GenericMessage [payload=ChunkResponse: jobId=0, sequence=2, stepContribution=[StepContribution: read=0, written=2, filtered=0, readSkips=0, writeSkips=0, processSkips=0, exitStatus=EXECUTING], successful=true, headers={id=45291997-c225-3b3c-549a-2155049a5d1f, timestamp=1490281496102}]>
2017-03-23 10:04:56,102 DEBUG Test worker [org.springframework.batch.core.step.tasklet.TaskletStep] - <Saving step execution before commit: StepExecution: id=1, version=3, name=step, status=STARTED, exitStatus=EXECUTING, readCount=6, filterCount=0, writeCount=0 readSkipCount=0, writeSkipCount=0, processSkipCount=0, commitCount=3, rollbackCount=0, exitDescription=>
2017-03-23 10:04:56,104 DEBUG Test worker [org.springframework.batch.core.scope.context.StepContextRepeatCallback] - <Preparing chunk execution for StepContext: org.springframework.batch.core.scope.context.StepContext@5de36ec9>
2017-03-23 10:04:56,104 DEBUG Test worker [org.springframework.batch.core.scope.context.StepContextRepeatCallback] - <Chunk execution starting: queue size=0>
2017-03-23 10:04:56,104 DEBUG Test worker [org.springframework.batch.integration.chunk.TestItemReader] - <Reading 7>
2017-03-23 10:04:56,104 DEBUG Test worker [org.springframework.batch.integration.chunk.TestItemReader] - <Reading 8>
2017-03-23 10:04:56,105 DEBUG Test worker [org.springframework.batch.integration.chunk.ChunkMessageChannelItemWriter] - <Dispatching chunk: ChunkRequest: jobId=0, sequence=3, contribution=[StepContribution: read=0, written=0, filtered=0, readSkips=0, writeSkips=0, processSkips=0, exitStatus=EXECUTING], item count=2>
2017-03-23 10:04:56,105 DEBUG Test worker [org.springframework.integration.channel.PublishSubscribeChannel] - <preSend on channel 'requests', message: GenericMessage [payload=ChunkRequest: jobId=0, sequence=3, contribution=[StepContribution: read=0, written=0, filtered=0, readSkips=0, writeSkips=0, processSkips=0, exitStatus=EXECUTING], item count=2, headers={id=6a38ce91-fe3a-aa3a-6585-3049d3447479, timestamp=1490281496105}]>
2017-03-23 10:04:56,105 DEBUG Test worker [org.springframework.integration.channel.PublishSubscribeChannel] - <postSend (sent=true) on channel 'requests', message: GenericMessage [payload=ChunkRequest: jobId=0, sequence=3, contribution=[StepContribution: read=0, written=0, filtered=0, readSkips=0, writeSkips=0, processSkips=0, exitStatus=EXECUTING], item count=2, headers={id=6a38ce91-fe3a-aa3a-6585-3049d3447479, timestamp=1490281496105}]>
2017-03-23 10:04:56,105 DEBUG poolExecutor-4 [org.springframework.integration.handler.ServiceActivatingHandler] - <ServiceActivator for [org.springframework.integration.handler.MethodInvokingMessageProcessor@105697ee] (org.springframework.integration.config.ServiceActivatorFactoryBean#0) received message: GenericMessage [payload=ChunkRequest: jobId=0, sequence=3, contribution=[StepContribution: read=0, written=0, filtered=0, readSkips=0, writeSkips=0, processSkips=0, exitStatus=EXECUTING], item count=2, headers={id=6a38ce91-fe3a-aa3a-6585-3049d3447479, timestamp=1490281496105}]>
2017-03-23 10:04:56,105 DEBUG Test worker [org.springframework.batch.core.step.item.ChunkOrientedTasklet] - <Inputs not busy, ended: false>
2017-03-23 10:04:56,105 DEBUG poolExecutor-4 [org.springframework.batch.integration.chunk.ChunkProcessorChunkHandler] - <Handling chunk: ChunkRequest: jobId=0, sequence=3, contribution=[StepContribution: read=0, written=0, filtered=0, readSkips=0, writeSkips=0, processSkips=0, exitStatus=EXECUTING], item count=2>
2017-03-23 10:04:56,106 DEBUG poolExecutor-4 [org.springframework.batch.integration.chunk.TestItemWriter] - <Writing: 7>
2017-03-23 10:04:56,106 DEBUG poolExecutor-4 [org.springframework.batch.integration.chunk.TestItemWriter] - <Writing: 8>
2017-03-23 10:04:56,106 DEBUG poolExecutor-4 [org.springframework.batch.integration.chunk.ChunkProcessorChunkHandler] - <Completed chunk handling with [StepContribution: read=0, written=2, filtered=0, readSkips=0, writeSkips=0, processSkips=0, exitStatus=EXECUTING]>
2017-03-23 10:04:56,106 DEBUG Test worker [org.springframework.batch.core.step.tasklet.TaskletStep] - <Applying contribution: [StepContribution: read=2, written=0, filtered=0, readSkips=0, writeSkips=0, processSkips=0, exitStatus=EXECUTING]>
2017-03-23 10:04:56,106 DEBUG poolExecutor-4 [org.springframework.integration.channel.QueueChannel] - <preSend on channel 'replies', message: GenericMessage [payload=ChunkResponse: jobId=0, sequence=3, stepContribution=[StepContribution: read=0, written=2, filtered=0, readSkips=0, writeSkips=0, processSkips=0, exitStatus=EXECUTING], successful=true, headers={id=41d442c6-6f7b-cda2-56ed-5d13cca98283, timestamp=1490281496106}]>
2017-03-23 10:04:56,106 DEBUG poolExecutor-4 [org.springframework.integration.channel.QueueChannel] - <postSend (sent=true) on channel 'replies', message: GenericMessage [payload=ChunkResponse: jobId=0, sequence=3, stepContribution=[StepContribution: read=0, written=2, filtered=0, readSkips=0, writeSkips=0, processSkips=0, exitStatus=EXECUTING], successful=true, headers={id=41d442c6-6f7b-cda2-56ed-5d13cca98283, timestamp=1490281496106}]>
2017-03-23 10:04:56,107 DEBUG Test worker [org.springframework.batch.core.step.tasklet.TaskletStep] - <Saving step execution before commit: StepExecution: id=1, version=4, name=step, status=STARTED, exitStatus=EXECUTING, readCount=8, filterCount=0, writeCount=0 readSkipCount=0, writeSkipCount=0, processSkipCount=0, commitCount=4, rollbackCount=0, exitDescription=>
2017-03-23 10:04:56,108 DEBUG Test worker [org.springframework.batch.core.scope.context.StepContextRepeatCallback] - <Preparing chunk execution for StepContext: org.springframework.batch.core.scope.context.StepContext@5de36ec9>
2017-03-23 10:04:56,108 DEBUG Test worker [org.springframework.batch.core.scope.context.StepContextRepeatCallback] - <Chunk execution starting: queue size=0>
2017-03-23 10:04:56,108 DEBUG Test worker [org.springframework.batch.integration.chunk.TestItemReader] - <Reading 9>
2017-03-23 10:04:56,108 DEBUG Test worker [org.springframework.batch.integration.chunk.ChunkMessageChannelItemWriter] - <Dispatching chunk: ChunkRequest: jobId=0, sequence=4, contribution=[StepContribution: read=0, written=0, filtered=0, readSkips=0, writeSkips=0, processSkips=0, exitStatus=EXECUTING], item count=1>
2017-03-23 10:04:56,108 DEBUG Test worker [org.springframework.integration.channel.PublishSubscribeChannel] - <preSend on channel 'requests', message: GenericMessage [payload=ChunkRequest: jobId=0, sequence=4, contribution=[StepContribution: read=0, written=0, filtered=0, readSkips=0, writeSkips=0, processSkips=0, exitStatus=EXECUTING], item count=1, headers={id=20f39fbb-217e-b0a3-e5c5-2b104ac557ae, timestamp=1490281496108}]>
2017-03-23 10:04:56,109 DEBUG Test worker [org.springframework.integration.channel.PublishSubscribeChannel] - <postSend (sent=true) on channel 'requests', message: GenericMessage [payload=ChunkRequest: jobId=0, sequence=4, contribution=[StepContribution: read=0, written=0, filtered=0, readSkips=0, writeSkips=0, processSkips=0, exitStatus=EXECUTING], item count=1, headers={id=20f39fbb-217e-b0a3-e5c5-2b104ac557ae, timestamp=1490281496108}]>
2017-03-23 10:04:56,109 DEBUG Test worker [org.springframework.batch.core.step.item.ChunkOrientedTasklet] - <Inputs not busy, ended: true>
2017-03-23 10:04:56,109 DEBUG poolExecutor-5 [org.springframework.integration.handler.ServiceActivatingHandler] - <ServiceActivator for [org.springframework.integration.handler.MethodInvokingMessageProcessor@105697ee] (org.springframework.integration.config.ServiceActivatorFactoryBean#0) received message: GenericMessage [payload=ChunkRequest: jobId=0, sequence=4, contribution=[StepContribution: read=0, written=0, filtered=0, readSkips=0, writeSkips=0, processSkips=0, exitStatus=EXECUTING], item count=1, headers={id=20f39fbb-217e-b0a3-e5c5-2b104ac557ae, timestamp=1490281496108}]>
2017-03-23 10:04:56,109 DEBUG Test worker [org.springframework.batch.core.step.tasklet.TaskletStep] - <Applying contribution: [StepContribution: read=1, written=0, filtered=0, readSkips=0, writeSkips=0, processSkips=0, exitStatus=EXECUTING]>
2017-03-23 10:04:56,109 DEBUG poolExecutor-5 [org.springframework.batch.integration.chunk.ChunkProcessorChunkHandler] - <Handling chunk: ChunkRequest: jobId=0, sequence=4, contribution=[StepContribution: read=0, written=0, filtered=0, readSkips=0, writeSkips=0, processSkips=0, exitStatus=EXECUTING], item count=1>
2017-03-23 10:04:56,109 DEBUG poolExecutor-5 [org.springframework.batch.integration.chunk.TestItemWriter] - <Writing: 9>
2017-03-23 10:04:56,109 DEBUG poolExecutor-5 [org.springframework.batch.integration.chunk.ChunkProcessorChunkHandler] - <Completed chunk handling with [StepContribution: read=0, written=1, filtered=0, readSkips=0, writeSkips=0, processSkips=0, exitStatus=EXECUTING]>
2017-03-23 10:04:56,109 DEBUG poolExecutor-5 [org.springframework.integration.channel.QueueChannel] - <preSend on channel 'replies', message: GenericMessage [payload=ChunkResponse: jobId=0, sequence=4, stepContribution=[StepContribution: read=0, written=1, filtered=0, readSkips=0, writeSkips=0, processSkips=0, exitStatus=EXECUTING], successful=true, headers={id=f28e8961-e8c4-47cc-4f30-8c700e936e95, timestamp=1490281496109}]>
2017-03-23 10:04:56,109 DEBUG poolExecutor-5 [org.springframework.integration.channel.QueueChannel] - <postSend (sent=true) on channel 'replies', message: GenericMessage [payload=ChunkResponse: jobId=0, sequence=4, stepContribution=[StepContribution: read=0, written=1, filtered=0, readSkips=0, writeSkips=0, processSkips=0, exitStatus=EXECUTING], successful=true, headers={id=f28e8961-e8c4-47cc-4f30-8c700e936e95, timestamp=1490281496109}]>
2017-03-23 10:04:56,110 DEBUG Test worker [org.springframework.batch.core.step.tasklet.TaskletStep] - <Saving step execution before commit: StepExecution: id=1, version=5, name=step, status=STARTED, exitStatus=EXECUTING, readCount=9, filterCount=0, writeCount=0 readSkipCount=0, writeSkipCount=0, processSkipCount=0, commitCount=5, rollbackCount=0, exitDescription=>
2017-03-23 10:04:56,111 DEBUG Test worker [org.springframework.batch.core.step.AbstractStep] - <Step execution success: id=1>
2017-03-23 10:04:56,112 DEBUG Test worker [org.springframework.batch.integration.chunk.ChunkMessageChannelItemWriter] - <Waiting for results in step listener...>
2017-03-23 10:04:56,112  INFO Test worker [org.springframework.batch.integration.chunk.ChunkMessageChannelItemWriter] - <Waiting for 5 results>
2017-03-23 10:04:56,112 DEBUG Test worker [org.springframework.integration.channel.QueueChannel] - <postReceive on channel 'replies', message: GenericMessage [payload=ChunkResponse: jobId=0, sequence=0, stepContribution=[StepContribution: read=0, written=2, filtered=0, readSkips=0, writeSkips=0, processSkips=0, exitStatus=EXECUTING], successful=true, headers={id=eda43c66-6179-1bc9-dd3b-215436767ff2, timestamp=1490281496095}]>
2017-03-23 10:04:56,112 DEBUG Test worker [org.springframework.batch.integration.chunk.ChunkMessageChannelItemWriter] - <Found result: ChunkResponse: jobId=0, sequence=0, stepContribution=[StepContribution: read=0, written=2, filtered=0, readSkips=0, writeSkips=0, processSkips=0, exitStatus=EXECUTING], successful=true>
2017-03-23 10:04:56,112 DEBUG Test worker [org.springframework.integration.channel.QueueChannel] - <postReceive on channel 'replies', message: GenericMessage [payload=ChunkResponse: jobId=0, sequence=1, stepContribution=[StepContribution: read=0, written=2, filtered=0, readSkips=0, writeSkips=0, processSkips=0, exitStatus=EXECUTING], successful=true, headers={id=f6d7c8d8-d1a8-198e-e227-a91f0faeba54, timestamp=1490281496098}]>
2017-03-23 10:04:56,112 DEBUG Test worker [org.springframework.batch.integration.chunk.ChunkMessageChannelItemWriter] - <Found result: ChunkResponse: jobId=0, sequence=1, stepContribution=[StepContribution: read=0, written=2, filtered=0, readSkips=0, writeSkips=0, processSkips=0, exitStatus=EXECUTING], successful=true>
2017-03-23 10:04:56,112 DEBUG Test worker [org.springframework.integration.channel.QueueChannel] - <postReceive on channel 'replies', message: GenericMessage [payload=ChunkResponse: jobId=0, sequence=2, stepContribution=[StepContribution: read=0, written=2, filtered=0, readSkips=0, writeSkips=0, processSkips=0, exitStatus=EXECUTING], successful=true, headers={id=45291997-c225-3b3c-549a-2155049a5d1f, timestamp=1490281496102}]>
2017-03-23 10:04:56,112 DEBUG Test worker [org.springframework.batch.integration.chunk.ChunkMessageChannelItemWriter] - <Found result: ChunkResponse: jobId=0, sequence=2, stepContribution=[StepContribution: read=0, written=2, filtered=0, readSkips=0, writeSkips=0, processSkips=0, exitStatus=EXECUTING], successful=true>
2017-03-23 10:04:56,112 DEBUG Test worker [org.springframework.integration.channel.QueueChannel] - <postReceive on channel 'replies', message: GenericMessage [payload=ChunkResponse: jobId=0, sequence=3, stepContribution=[StepContribution: read=0, written=2, filtered=0, readSkips=0, writeSkips=0, processSkips=0, exitStatus=EXECUTING], successful=true, headers={id=41d442c6-6f7b-cda2-56ed-5d13cca98283, timestamp=1490281496106}]>
2017-03-23 10:04:56,112 DEBUG Test worker [org.springframework.batch.integration.chunk.ChunkMessageChannelItemWriter] - <Found result: ChunkResponse: jobId=0, sequence=3, stepContribution=[StepContribution: read=0, written=2, filtered=0, readSkips=0, writeSkips=0, processSkips=0, exitStatus=EXECUTING], successful=true>
2017-03-23 10:04:56,113 DEBUG Test worker [org.springframework.integration.channel.QueueChannel] - <postReceive on channel 'replies', message: GenericMessage [payload=ChunkResponse: jobId=0, sequence=4, stepContribution=[StepContribution: read=0, written=1, filtered=0, readSkips=0, writeSkips=0, processSkips=0, exitStatus=EXECUTING], successful=true, headers={id=f28e8961-e8c4-47cc-4f30-8c700e936e95, timestamp=1490281496109}]>
2017-03-23 10:04:56,113 DEBUG Test worker [org.springframework.batch.integration.chunk.ChunkMessageChannelItemWriter] - <Found result: ChunkResponse: jobId=0, sequence=4, stepContribution=[StepContribution: read=0, written=1, filtered=0, readSkips=0, writeSkips=0, processSkips=0, exitStatus=EXECUTING], successful=true>
2017-03-23 10:04:56,113 DEBUG Test worker [org.springframework.batch.integration.chunk.ChunkMessageChannelItemWriter] - <Finished waiting for results in step listener.>
2017-03-23 10:04:56,113 DEBUG Test worker [org.springframework.batch.integration.chunk.ChunkMessageChannelItemWriter] - <Finished waiting for results in step listener.  Still expecting: 0>
2017-03-23 10:04:56,113 DEBUG Test worker [org.springframework.batch.integration.chunk.ChunkMessageChannelItemWriter] - <Applying: ChunkResponse: jobId=0, sequence=0, stepContribution=[StepContribution: read=0, written=2, filtered=0, readSkips=0, writeSkips=0, processSkips=0, exitStatus=EXECUTING], successful=true>
2017-03-23 10:04:56,113 DEBUG Test worker [org.springframework.batch.integration.chunk.ChunkMessageChannelItemWriter] - <Applying: ChunkResponse: jobId=0, sequence=1, stepContribution=[StepContribution: read=0, written=2, filtered=0, readSkips=0, writeSkips=0, processSkips=0, exitStatus=EXECUTING], successful=true>
2017-03-23 10:04:56,113 DEBUG Test worker [org.springframework.batch.integration.chunk.ChunkMessageChannelItemWriter] - <Applying: ChunkResponse: jobId=0, sequence=2, stepContribution=[StepContribution: read=0, written=2, filtered=0, readSkips=0, writeSkips=0, processSkips=0, exitStatus=EXECUTING], successful=true>
2017-03-23 10:04:56,113 DEBUG Test worker [org.springframework.batch.integration.chunk.ChunkMessageChannelItemWriter] - <Applying: ChunkResponse: jobId=0, sequence=3, stepContribution=[StepContribution: read=0, written=2, filtered=0, readSkips=0, writeSkips=0, processSkips=0, exitStatus=EXECUTING], successful=true>
2017-03-23 10:04:56,113 DEBUG Test worker [org.springframework.batch.integration.chunk.ChunkMessageChannelItemWriter] - <Applying: ChunkResponse: jobId=0, sequence=4, stepContribution=[StepContribution: read=0, written=1, filtered=0, readSkips=0, writeSkips=0, processSkips=0, exitStatus=EXECUTING], successful=true>
2017-03-23 10:04:56,116 DEBUG Test worker [org.springframework.batch.core.step.AbstractStep] - <Step execution complete: StepExecution: id=1, version=7, name=step, status=COMPLETED, exitStatus=COMPLETED, readCount=9, filterCount=0, writeCount=9 readSkipCount=0, writeSkipCount=0, processSkipCount=0, commitCount=5, rollbackCount=0>
2017-03-23 10:04:56,116 DEBUG Test worker [org.springframework.batch.core.job.flow.support.SimpleFlow] - <Completed state=job.step with status=COMPLETED>
2017-03-23 10:04:56,116 DEBUG Test worker [org.springframework.batch.core.job.flow.support.SimpleFlow] - <Handling state=job.end13>
2017-03-23 10:04:56,117 DEBUG Test worker [org.springframework.batch.core.job.flow.support.SimpleFlow] - <Completed state=job.end13 with status=COMPLETED>
2017-03-23 10:04:56,117 DEBUG Test worker [org.springframework.batch.core.job.AbstractJob] - <Job execution complete: JobExecution: id=0, version=1, startTime=Thu Mar 23 10:04:56 CDT 2017, endTime=null, lastUpdated=Thu Mar 23 10:04:56 CDT 2017, status=COMPLETED, exitStatus=exitCode=COMPLETED;exitDescription=, job=[JobInstance: id=0, version=0, Job=[job]], jobParameters=[{item.three=3}]>
2017-03-23 10:04:56,119  INFO Test worker [org.springframework.batch.core.launch.support.SimpleJobLauncher] - <Job: [FlowJob: [name=job]] completed with the following parameters: [{item.three=3}] and the following status: [COMPLETED]>
2017-03-23 10:04:56,124  INFO Test worker [org.springframework.batch.core.launch.support.SimpleJobLauncher] - <Job: [FlowJob: [name=job]] launched with the following parameters: [{item.three=fail}]>
2017-03-23 10:04:56,124 DEBUG Test worker [org.springframework.batch.core.job.AbstractJob] - <Job execution starting: JobExecution: id=1, version=0, startTime=null, endTime=null, lastUpdated=Thu Mar 23 10:04:56 CDT 2017, status=STARTING, exitStatus=exitCode=UNKNOWN;exitDescription=, job=[JobInstance: id=1, version=0, Job=[job]], jobParameters=[{item.three=fail}]>
2017-03-23 10:04:56,126 DEBUG Test worker [org.springframework.batch.core.job.flow.support.SimpleFlow] - <Resuming state=job.step with status=UNKNOWN>
2017-03-23 10:04:56,126 DEBUG Test worker [org.springframework.batch.core.job.flow.support.SimpleFlow] - <Handling state=job.step>
2017-03-23 10:04:56,132  INFO Test worker [org.springframework.batch.core.job.SimpleStepHandler] - <Executing step: [step]>
2017-03-23 10:04:56,132 DEBUG Test worker [org.springframework.batch.core.step.AbstractStep] - <Executing: id=2>
2017-03-23 10:04:56,135 DEBUG Test worker [org.springframework.batch.core.scope.StepScope] - <Creating object in scope=step, name=scopedTarget.chunkWriter>
2017-03-23 10:04:56,135 DEBUG Test worker [org.springframework.batch.core.scope.context.StepContextRepeatCallback] - <Preparing chunk execution for StepContext: org.springframework.batch.core.scope.context.StepContext@463212eb>
2017-03-23 10:04:56,135 DEBUG Test worker [org.springframework.batch.core.scope.context.StepContextRepeatCallback] - <Chunk execution starting: queue size=0>
2017-03-23 10:04:56,136 DEBUG Test worker [org.springframework.batch.core.scope.StepScope] - <Creating object in scope=step, name=scopedTarget.reader>
2017-03-23 10:04:56,136 DEBUG Test worker [org.springframework.batch.integration.chunk.TestItemReader] - <Reading 1>
2017-03-23 10:04:56,136 DEBUG Test worker [org.springframework.batch.integration.chunk.TestItemReader] - <Reading 2>
2017-03-23 10:04:56,136 DEBUG Test worker [org.springframework.batch.integration.chunk.ChunkMessageChannelItemWriter] - <Dispatching chunk: ChunkRequest: jobId=1, sequence=0, contribution=[StepContribution: read=0, written=0, filtered=0, readSkips=0, writeSkips=0, processSkips=0, exitStatus=EXECUTING], item count=2>
2017-03-23 10:04:56,136 DEBUG Test worker [org.springframework.integration.channel.PublishSubscribeChannel] - <preSend on channel 'requests', message: GenericMessage [payload=ChunkRequest: jobId=1, sequence=0, contribution=[StepContribution: read=0, written=0, filtered=0, readSkips=0, writeSkips=0, processSkips=0, exitStatus=EXECUTING], item count=2, headers={id=16240597-709b-c543-d16e-e0747455f421, timestamp=1490281496136}]>
2017-03-23 10:04:56,137 DEBUG poolExecutor-5 [org.springframework.integration.handler.ServiceActivatingHandler] - <ServiceActivator for [org.springframework.integration.handler.MethodInvokingMessageProcessor@105697ee] (org.springframework.integration.config.ServiceActivatorFactoryBean#0) received message: GenericMessage [payload=ChunkRequest: jobId=1, sequence=0, contribution=[StepContribution: read=0, written=0, filtered=0, readSkips=0, writeSkips=0, processSkips=0, exitStatus=EXECUTING], item count=2, headers={id=16240597-709b-c543-d16e-e0747455f421, timestamp=1490281496136}]>
2017-03-23 10:04:56,137 DEBUG Test worker [org.springframework.integration.channel.PublishSubscribeChannel] - <postSend (sent=true) on channel 'requests', message: GenericMessage [payload=ChunkRequest: jobId=1, sequence=0, contribution=[StepContribution: read=0, written=0, filtered=0, readSkips=0, writeSkips=0, processSkips=0, exitStatus=EXECUTING], item count=2, headers={id=16240597-709b-c543-d16e-e0747455f421, timestamp=1490281496136}]>
2017-03-23 10:04:56,137 DEBUG Test worker [org.springframework.batch.core.step.item.ChunkOrientedTasklet] - <Inputs not busy, ended: false>
2017-03-23 10:04:56,137 DEBUG Test worker [org.springframework.batch.core.step.tasklet.TaskletStep] - <Applying contribution: [StepContribution: read=2, written=0, filtered=0, readSkips=0, writeSkips=0, processSkips=0, exitStatus=EXECUTING]>
2017-03-23 10:04:56,137 DEBUG poolExecutor-5 [org.springframework.batch.integration.chunk.ChunkProcessorChunkHandler] - <Handling chunk: ChunkRequest: jobId=1, sequence=0, contribution=[StepContribution: read=0, written=0, filtered=0, readSkips=0, writeSkips=0, processSkips=0, exitStatus=EXECUTING], item count=2>
2017-03-23 10:04:56,137 DEBUG poolExecutor-5 [org.springframework.batch.integration.chunk.TestItemWriter] - <Writing: 1>
2017-03-23 10:04:56,137 DEBUG poolExecutor-5 [org.springframework.batch.integration.chunk.TestItemWriter] - <Writing: 2>
2017-03-23 10:04:56,137 DEBUG poolExecutor-5 [org.springframework.batch.integration.chunk.ChunkProcessorChunkHandler] - <Completed chunk handling with [StepContribution: read=0, written=2, filtered=0, readSkips=0, writeSkips=0, processSkips=0, exitStatus=EXECUTING]>
2017-03-23 10:04:56,137 DEBUG poolExecutor-5 [org.springframework.integration.channel.QueueChannel] - <preSend on channel 'replies', message: GenericMessage [payload=ChunkResponse: jobId=1, sequence=0, stepContribution=[StepContribution: read=0, written=2, filtered=0, readSkips=0, writeSkips=0, processSkips=0, exitStatus=EXECUTING], successful=true, headers={id=88ba0e74-9253-75a9-6b0c-f52ae79b8f9b, timestamp=1490281496137}]>
2017-03-23 10:04:56,137 DEBUG poolExecutor-5 [org.springframework.integration.channel.QueueChannel] - <postSend (sent=true) on channel 'replies', message: GenericMessage [payload=ChunkResponse: jobId=1, sequence=0, stepContribution=[StepContribution: read=0, written=2, filtered=0, readSkips=0, writeSkips=0, processSkips=0, exitStatus=EXECUTING], successful=true, headers={id=88ba0e74-9253-75a9-6b0c-f52ae79b8f9b, timestamp=1490281496137}]>
2017-03-23 10:04:56,137 DEBUG Test worker [org.springframework.batch.core.step.tasklet.TaskletStep] - <Saving step execution before commit: StepExecution: id=2, version=1, name=step, status=STARTED, exitStatus=EXECUTING, readCount=2, filterCount=0, writeCount=0 readSkipCount=0, writeSkipCount=0, processSkipCount=0, commitCount=1, rollbackCount=0, exitDescription=>
2017-03-23 10:04:56,138 DEBUG Test worker [org.springframework.batch.core.scope.context.StepContextRepeatCallback] - <Preparing chunk execution for StepContext: org.springframework.batch.core.scope.context.StepContext@463212eb>
2017-03-23 10:04:56,138 DEBUG Test worker [org.springframework.batch.core.scope.context.StepContextRepeatCallback] - <Chunk execution starting: queue size=0>
2017-03-23 10:04:56,139 DEBUG Test worker [org.springframework.batch.integration.chunk.TestItemReader] - <Reading fail>
2017-03-23 10:04:56,139 DEBUG Test worker [org.springframework.batch.integration.chunk.TestItemReader] - <Reading 4>
2017-03-23 10:04:56,139 DEBUG Test worker [org.springframework.batch.integration.chunk.ChunkMessageChannelItemWriter] - <Dispatching chunk: ChunkRequest: jobId=1, sequence=1, contribution=[StepContribution: read=0, written=0, filtered=0, readSkips=0, writeSkips=0, processSkips=0, exitStatus=EXECUTING], item count=2>
2017-03-23 10:04:56,139 DEBUG Test worker [org.springframework.integration.channel.PublishSubscribeChannel] - <preSend on channel 'requests', message: GenericMessage [payload=ChunkRequest: jobId=1, sequence=1, contribution=[StepContribution: read=0, written=0, filtered=0, readSkips=0, writeSkips=0, processSkips=0, exitStatus=EXECUTING], item count=2, headers={id=3edd12c9-e872-1db8-e63c-329096bceca8, timestamp=1490281496139}]>
2017-03-23 10:04:56,139 DEBUG Test worker [org.springframework.integration.channel.PublishSubscribeChannel] - <postSend (sent=true) on channel 'requests', message: GenericMessage [payload=ChunkRequest: jobId=1, sequence=1, contribution=[StepContribution: read=0, written=0, filtered=0, readSkips=0, writeSkips=0, processSkips=0, exitStatus=EXECUTING], item count=2, headers={id=3edd12c9-e872-1db8-e63c-329096bceca8, timestamp=1490281496139}]>
2017-03-23 10:04:56,139 DEBUG poolExecutor-5 [org.springframework.integration.handler.ServiceActivatingHandler] - <ServiceActivator for [org.springframework.integration.handler.MethodInvokingMessageProcessor@105697ee] (org.springframework.integration.config.ServiceActivatorFactoryBean#0) received message: GenericMessage [payload=ChunkRequest: jobId=1, sequence=1, contribution=[StepContribution: read=0, written=0, filtered=0, readSkips=0, writeSkips=0, processSkips=0, exitStatus=EXECUTING], item count=2, headers={id=3edd12c9-e872-1db8-e63c-329096bceca8, timestamp=1490281496139}]>
2017-03-23 10:04:56,139 DEBUG Test worker [org.springframework.batch.core.step.item.ChunkOrientedTasklet] - <Inputs not busy, ended: false>
2017-03-23 10:04:56,139 DEBUG Test worker [org.springframework.batch.core.step.tasklet.TaskletStep] - <Applying contribution: [StepContribution: read=2, written=0, filtered=0, readSkips=0, writeSkips=0, processSkips=0, exitStatus=EXECUTING]>
2017-03-23 10:04:56,140 DEBUG poolExecutor-5 [org.springframework.batch.integration.chunk.ChunkProcessorChunkHandler] - <Handling chunk: ChunkRequest: jobId=1, sequence=1, contribution=[StepContribution: read=0, written=0, filtered=0, readSkips=0, writeSkips=0, processSkips=0, exitStatus=EXECUTING], item count=2>
2017-03-23 10:04:56,140 DEBUG poolExecutor-5 [org.springframework.batch.integration.chunk.TestItemWriter] - <Writing: fail>
2017-03-23 10:04:56,140 DEBUG poolExecutor-5 [org.springframework.batch.integration.chunk.ChunkProcessorChunkHandler] - <Failed chunk>
java.lang.IllegalStateException: Planned failure on: fail
	at org.springframework.batch.integration.chunk.TestItemWriter.write(TestItemWriter.java:59)
	at org.springframework.batch.core.step.item.SimpleChunkProcessor.writeItems(SimpleChunkProcessor.java:175)
	at org.springframework.batch.core.step.item.SimpleChunkProcessor.doWrite(SimpleChunkProcessor.java:151)
	at org.springframework.batch.core.step.item.SimpleChunkProcessor.write(SimpleChunkProcessor.java:274)
	at org.springframework.batch.core.step.item.SimpleChunkProcessor.process(SimpleChunkProcessor.java:199)
	at org.springframework.batch.integration.chunk.ChunkProcessorChunkHandler.process(ChunkProcessorChunkHandler.java:107)
	at org.springframework.batch.integration.chunk.ChunkProcessorChunkHandler.handleChunk(ChunkProcessorChunkHandler.java:83)
	at sun.reflect.GeneratedMethodAccessor21.invoke(Unknown Source)
	at sun.reflect.DelegatingMethodAccessorImpl.invoke(DelegatingMethodAccessorImpl.java:43)
	at java.lang.reflect.Method.invoke(Method.java:483)
	at org.springframework.expression.spel.support.ReflectiveMethodExecutor.execute(ReflectiveMethodExecutor.java:113)
	at org.springframework.expression.spel.ast.MethodReference.getValueInternal(MethodReference.java:102)
	at org.springframework.expression.spel.ast.MethodReference.access$000(MethodReference.java:49)
	at org.springframework.expression.spel.ast.MethodReference$MethodValueRef.getValue(MethodReference.java:347)
	at org.springframework.expression.spel.ast.CompoundExpression.getValueInternal(CompoundExpression.java:88)
	at org.springframework.expression.spel.ast.SpelNodeImpl.getTypedValue(SpelNodeImpl.java:131)
	at org.springframework.expression.spel.standard.SpelExpression.getValue(SpelExpression.java:330)
	at org.springframework.integration.util.AbstractExpressionEvaluator.evaluateExpression(AbstractExpressionEvaluator.java:169)
	at org.springframework.integration.util.MessagingMethodInvokerHelper.processInternal(MessagingMethodInvokerHelper.java:336)
	at org.springframework.integration.util.MessagingMethodInvokerHelper.process(MessagingMethodInvokerHelper.java:155)
	at org.springframework.integration.handler.MethodInvokingMessageProcessor.processMessage(MethodInvokingMessageProcessor.java:93)
	at org.springframework.integration.handler.ServiceActivatingHandler.handleRequestMessage(ServiceActivatingHandler.java:89)
	at org.springframework.integration.handler.AbstractReplyProducingMessageHandler.handleMessageInternal(AbstractReplyProducingMessageHandler.java:109)
	at org.springframework.integration.handler.AbstractMessageHandler.handleMessage(AbstractMessageHandler.java:133)
	at org.springframework.integration.dispatcher.BroadcastingDispatcher.invokeHandler(BroadcastingDispatcher.java:221)
	at org.springframework.integration.dispatcher.BroadcastingDispatcher.access$000(BroadcastingDispatcher.java:53)
	at org.springframework.integration.dispatcher.BroadcastingDispatcher$1.run(BroadcastingDispatcher.java:201)
	at org.springframework.integration.util.ErrorHandlingTaskExecutor.lambda$execute$0(ErrorHandlingTaskExecutor.java:53)
	at org.springframework.integration.util.ErrorHandlingTaskExecutor$$Lambda$25/1527022783.run(Unknown Source)
	at java.util.concurrent.ThreadPoolExecutor.runWorker(ThreadPoolExecutor.java:1142)
	at java.util.concurrent.ThreadPoolExecutor$Worker.run(ThreadPoolExecutor.java:617)
	at java.lang.Thread.run(Thread.java:745)
2017-03-23 10:04:56,140 DEBUG Test worker [org.springframework.batch.core.step.tasklet.TaskletStep] - <Saving step execution before commit: StepExecution: id=2, version=2, name=step, status=STARTED, exitStatus=EXECUTING, readCount=4, filterCount=0, writeCount=0 readSkipCount=0, writeSkipCount=0, processSkipCount=0, commitCount=2, rollbackCount=0, exitDescription=>
2017-03-23 10:04:56,140 DEBUG poolExecutor-5 [org.springframework.integration.channel.QueueChannel] - <preSend on channel 'replies', message: GenericMessage [payload=ChunkResponse: jobId=1, sequence=1, stepContribution=[StepContribution: read=0, written=0, filtered=0, readSkips=0, writeSkips=0, processSkips=0, exitStatus=EXECUTING], successful=false, headers={id=d42306da-a3a5-de2f-18b9-232767b52b11, timestamp=1490281496140}]>
2017-03-23 10:04:56,141 DEBUG poolExecutor-5 [org.springframework.integration.channel.QueueChannel] - <postSend (sent=true) on channel 'replies', message: GenericMessage [payload=ChunkResponse: jobId=1, sequence=1, stepContribution=[StepContribution: read=0, written=0, filtered=0, readSkips=0, writeSkips=0, processSkips=0, exitStatus=EXECUTING], successful=false, headers={id=d42306da-a3a5-de2f-18b9-232767b52b11, timestamp=1490281496140}]>
2017-03-23 10:04:56,142 DEBUG Test worker [org.springframework.batch.core.scope.context.StepContextRepeatCallback] - <Preparing chunk execution for StepContext: org.springframework.batch.core.scope.context.StepContext@463212eb>
2017-03-23 10:04:56,142 DEBUG Test worker [org.springframework.batch.core.scope.context.StepContextRepeatCallback] - <Chunk execution starting: queue size=0>
2017-03-23 10:04:56,142 DEBUG Test worker [org.springframework.batch.integration.chunk.TestItemReader] - <Reading 5>
2017-03-23 10:04:56,142 DEBUG Test worker [org.springframework.batch.integration.chunk.TestItemReader] - <Reading 6>
2017-03-23 10:04:56,142 DEBUG Test worker [org.springframework.batch.integration.chunk.ChunkMessageChannelItemWriter] - <Dispatching chunk: ChunkRequest: jobId=1, sequence=2, contribution=[StepContribution: read=0, written=0, filtered=0, readSkips=0, writeSkips=0, processSkips=0, exitStatus=EXECUTING], item count=2>
2017-03-23 10:04:56,142 DEBUG Test worker [org.springframework.integration.channel.PublishSubscribeChannel] - <preSend on channel 'requests', message: GenericMessage [payload=ChunkRequest: jobId=1, sequence=2, contribution=[StepContribution: read=0, written=0, filtered=0, readSkips=0, writeSkips=0, processSkips=0, exitStatus=EXECUTING], item count=2, headers={id=6a32396b-9b8a-8e62-679b-ebc72ba89670, timestamp=1490281496142}]>
2017-03-23 10:04:56,142 DEBUG Test worker [org.springframework.integration.channel.PublishSubscribeChannel] - <postSend (sent=true) on channel 'requests', message: GenericMessage [payload=ChunkRequest: jobId=1, sequence=2, contribution=[StepContribution: read=0, written=0, filtered=0, readSkips=0, writeSkips=0, processSkips=0, exitStatus=EXECUTING], item count=2, headers={id=6a32396b-9b8a-8e62-679b-ebc72ba89670, timestamp=1490281496142}]>
2017-03-23 10:04:56,142 DEBUG poolExecutor-5 [org.springframework.integration.handler.ServiceActivatingHandler] - <ServiceActivator for [org.springframework.integration.handler.MethodInvokingMessageProcessor@105697ee] (org.springframework.integration.config.ServiceActivatorFactoryBean#0) received message: GenericMessage [payload=ChunkRequest: jobId=1, sequence=2, contribution=[StepContribution: read=0, written=0, filtered=0, readSkips=0, writeSkips=0, processSkips=0, exitStatus=EXECUTING], item count=2, headers={id=6a32396b-9b8a-8e62-679b-ebc72ba89670, timestamp=1490281496142}]>
2017-03-23 10:04:56,143 DEBUG Test worker [org.springframework.batch.core.step.item.ChunkOrientedTasklet] - <Inputs not busy, ended: false>
2017-03-23 10:04:56,143 DEBUG poolExecutor-5 [org.springframework.batch.integration.chunk.ChunkProcessorChunkHandler] - <Handling chunk: ChunkRequest: jobId=1, sequence=2, contribution=[StepContribution: read=0, written=0, filtered=0, readSkips=0, writeSkips=0, processSkips=0, exitStatus=EXECUTING], item count=2>
2017-03-23 10:04:56,143 DEBUG Test worker [org.springframework.batch.core.step.tasklet.TaskletStep] - <Applying contribution: [StepContribution: read=2, written=0, filtered=0, readSkips=0, writeSkips=0, processSkips=0, exitStatus=EXECUTING]>
2017-03-23 10:04:56,143 DEBUG poolExecutor-5 [org.springframework.batch.integration.chunk.TestItemWriter] - <Writing: 5>
2017-03-23 10:04:56,143 DEBUG poolExecutor-5 [org.springframework.batch.integration.chunk.TestItemWriter] - <Writing: 6>
2017-03-23 10:04:56,143 DEBUG poolExecutor-5 [org.springframework.batch.integration.chunk.ChunkProcessorChunkHandler] - <Completed chunk handling with [StepContribution: read=0, written=2, filtered=0, readSkips=0, writeSkips=0, processSkips=0, exitStatus=EXECUTING]>
2017-03-23 10:04:56,143 DEBUG poolExecutor-5 [org.springframework.integration.channel.QueueChannel] - <preSend on channel 'replies', message: GenericMessage [payload=ChunkResponse: jobId=1, sequence=2, stepContribution=[StepContribution: read=0, written=2, filtered=0, readSkips=0, writeSkips=0, processSkips=0, exitStatus=EXECUTING], successful=true, headers={id=cc53923e-a7ac-ea96-8b00-685a1366c775, timestamp=1490281496143}]>
2017-03-23 10:04:56,143 DEBUG poolExecutor-5 [org.springframework.integration.channel.QueueChannel] - <postSend (sent=true) on channel 'replies', message: GenericMessage [payload=ChunkResponse: jobId=1, sequence=2, stepContribution=[StepContribution: read=0, written=2, filtered=0, readSkips=0, writeSkips=0, processSkips=0, exitStatus=EXECUTING], successful=true, headers={id=cc53923e-a7ac-ea96-8b00-685a1366c775, timestamp=1490281496143}]>
2017-03-23 10:04:56,144 DEBUG Test worker [org.springframework.batch.core.step.tasklet.TaskletStep] - <Saving step execution before commit: StepExecution: id=2, version=3, name=step, status=STARTED, exitStatus=EXECUTING, readCount=6, filterCount=0, writeCount=0 readSkipCount=0, writeSkipCount=0, processSkipCount=0, commitCount=3, rollbackCount=0, exitDescription=>
2017-03-23 10:04:56,146 DEBUG Test worker [org.springframework.batch.core.scope.context.StepContextRepeatCallback] - <Preparing chunk execution for StepContext: org.springframework.batch.core.scope.context.StepContext@463212eb>
2017-03-23 10:04:56,146 DEBUG Test worker [org.springframework.batch.core.scope.context.StepContextRepeatCallback] - <Chunk execution starting: queue size=0>
2017-03-23 10:04:56,147 DEBUG Test worker [org.springframework.batch.integration.chunk.TestItemReader] - <Reading 7>
2017-03-23 10:04:56,148 DEBUG Test worker [org.springframework.batch.integration.chunk.TestItemReader] - <Reading 8>
2017-03-23 10:04:56,148 DEBUG Test worker [org.springframework.batch.integration.chunk.ChunkMessageChannelItemWriter] - <Dispatching chunk: ChunkRequest: jobId=1, sequence=3, contribution=[StepContribution: read=0, written=0, filtered=0, readSkips=0, writeSkips=0, processSkips=0, exitStatus=EXECUTING], item count=2>
2017-03-23 10:04:56,148 DEBUG Test worker [org.springframework.integration.channel.PublishSubscribeChannel] - <preSend on channel 'requests', message: GenericMessage [payload=ChunkRequest: jobId=1, sequence=3, contribution=[StepContribution: read=0, written=0, filtered=0, readSkips=0, writeSkips=0, processSkips=0, exitStatus=EXECUTING], item count=2, headers={id=d411c4fe-2e3d-f16f-9770-0be763bed5c3, timestamp=1490281496148}]>
2017-03-23 10:04:56,148 DEBUG poolExecutor-5 [org.springframework.integration.handler.ServiceActivatingHandler] - <ServiceActivator for [org.springframework.integration.handler.MethodInvokingMessageProcessor@105697ee] (org.springframework.integration.config.ServiceActivatorFactoryBean#0) received message: GenericMessage [payload=ChunkRequest: jobId=1, sequence=3, contribution=[StepContribution: read=0, written=0, filtered=0, readSkips=0, writeSkips=0, processSkips=0, exitStatus=EXECUTING], item count=2, headers={id=d411c4fe-2e3d-f16f-9770-0be763bed5c3, timestamp=1490281496148}]>
2017-03-23 10:04:56,149 DEBUG poolExecutor-5 [org.springframework.batch.integration.chunk.ChunkProcessorChunkHandler] - <Handling chunk: ChunkRequest: jobId=1, sequence=3, contribution=[StepContribution: read=0, written=0, filtered=0, readSkips=0, writeSkips=0, processSkips=0, exitStatus=EXECUTING], item count=2>
2017-03-23 10:04:56,149 DEBUG poolExecutor-5 [org.springframework.batch.integration.chunk.TestItemWriter] - <Writing: 7>
2017-03-23 10:04:56,149 DEBUG poolExecutor-5 [org.springframework.batch.integration.chunk.TestItemWriter] - <Writing: 8>
2017-03-23 10:04:56,149 DEBUG poolExecutor-5 [org.springframework.batch.integration.chunk.ChunkProcessorChunkHandler] - <Completed chunk handling with [StepContribution: read=0, written=2, filtered=0, readSkips=0, writeSkips=0, processSkips=0, exitStatus=EXECUTING]>
2017-03-23 10:04:56,148 DEBUG Test worker [org.springframework.integration.channel.PublishSubscribeChannel] - <postSend (sent=true) on channel 'requests', message: GenericMessage [payload=ChunkRequest: jobId=1, sequence=3, contribution=[StepContribution: read=0, written=0, filtered=0, readSkips=0, writeSkips=0, processSkips=0, exitStatus=EXECUTING], item count=2, headers={id=d411c4fe-2e3d-f16f-9770-0be763bed5c3, timestamp=1490281496148}]>
2017-03-23 10:04:56,149 DEBUG poolExecutor-5 [org.springframework.integration.channel.QueueChannel] - <preSend on channel 'replies', message: GenericMessage [payload=ChunkResponse: jobId=1, sequence=3, stepContribution=[StepContribution: read=0, written=2, filtered=0, readSkips=0, writeSkips=0, processSkips=0, exitStatus=EXECUTING], successful=true, headers={id=0c70aacd-fe63-7294-3954-e4ec65848f59, timestamp=1490281496149}]>
2017-03-23 10:04:56,149 DEBUG poolExecutor-5 [org.springframework.integration.channel.QueueChannel] - <postSend (sent=true) on channel 'replies', message: GenericMessage [payload=ChunkResponse: jobId=1, sequence=3, stepContribution=[StepContribution: read=0, written=2, filtered=0, readSkips=0, writeSkips=0, processSkips=0, exitStatus=EXECUTING], successful=true, headers={id=0c70aacd-fe63-7294-3954-e4ec65848f59, timestamp=1490281496149}]>
2017-03-23 10:04:56,149 DEBUG Test worker [org.springframework.batch.core.step.item.ChunkOrientedTasklet] - <Inputs not busy, ended: false>
2017-03-23 10:04:56,149 DEBUG Test worker [org.springframework.batch.core.step.tasklet.TaskletStep] - <Applying contribution: [StepContribution: read=2, written=0, filtered=0, readSkips=0, writeSkips=0, processSkips=0, exitStatus=EXECUTING]>
2017-03-23 10:04:56,150 DEBUG Test worker [org.springframework.batch.core.step.tasklet.TaskletStep] - <Saving step execution before commit: StepExecution: id=2, version=4, name=step, status=STARTED, exitStatus=EXECUTING, readCount=8, filterCount=0, writeCount=0 readSkipCount=0, writeSkipCount=0, processSkipCount=0, commitCount=4, rollbackCount=0, exitDescription=>
2017-03-23 10:04:56,152 DEBUG Test worker [org.springframework.batch.core.scope.context.StepContextRepeatCallback] - <Preparing chunk execution for StepContext: org.springframework.batch.core.scope.context.StepContext@463212eb>
2017-03-23 10:04:56,152 DEBUG Test worker [org.springframework.batch.core.scope.context.StepContextRepeatCallback] - <Chunk execution starting: queue size=0>
2017-03-23 10:04:56,153 DEBUG Test worker [org.springframework.batch.integration.chunk.TestItemReader] - <Reading 9>
2017-03-23 10:04:56,153 DEBUG Test worker [org.springframework.batch.integration.chunk.ChunkMessageChannelItemWriter] - <Dispatching chunk: ChunkRequest: jobId=1, sequence=4, contribution=[StepContribution: read=0, written=0, filtered=0, readSkips=0, writeSkips=0, processSkips=0, exitStatus=EXECUTING], item count=1>
2017-03-23 10:04:56,153 DEBUG Test worker [org.springframework.integration.channel.PublishSubscribeChannel] - <preSend on channel 'requests', message: GenericMessage [payload=ChunkRequest: jobId=1, sequence=4, contribution=[StepContribution: read=0, written=0, filtered=0, readSkips=0, writeSkips=0, processSkips=0, exitStatus=EXECUTING], item count=1, headers={id=97ac6ea1-5c38-c600-40fa-4fa09f8056a8, timestamp=1490281496153}]>
2017-03-23 10:04:56,153 DEBUG Test worker [org.springframework.integration.channel.PublishSubscribeChannel] - <postSend (sent=true) on channel 'requests', message: GenericMessage [payload=ChunkRequest: jobId=1, sequence=4, contribution=[StepContribution: read=0, written=0, filtered=0, readSkips=0, writeSkips=0, processSkips=0, exitStatus=EXECUTING], item count=1, headers={id=97ac6ea1-5c38-c600-40fa-4fa09f8056a8, timestamp=1490281496153}]>
2017-03-23 10:04:56,153 DEBUG poolExecutor-5 [org.springframework.integration.handler.ServiceActivatingHandler] - <ServiceActivator for [org.springframework.integration.handler.MethodInvokingMessageProcessor@105697ee] (org.springframework.integration.config.ServiceActivatorFactoryBean#0) received message: GenericMessage [payload=ChunkRequest: jobId=1, sequence=4, contribution=[StepContribution: read=0, written=0, filtered=0, readSkips=0, writeSkips=0, processSkips=0, exitStatus=EXECUTING], item count=1, headers={id=97ac6ea1-5c38-c600-40fa-4fa09f8056a8, timestamp=1490281496153}]>
2017-03-23 10:04:56,154 DEBUG poolExecutor-5 [org.springframework.batch.integration.chunk.ChunkProcessorChunkHandler] - <Handling chunk: ChunkRequest: jobId=1, sequence=4, contribution=[StepContribution: read=0, written=0, filtered=0, readSkips=0, writeSkips=0, processSkips=0, exitStatus=EXECUTING], item count=1>
2017-03-23 10:04:56,154 DEBUG poolExecutor-5 [org.springframework.batch.integration.chunk.TestItemWriter] - <Writing: 9>
2017-03-23 10:04:56,154 DEBUG poolExecutor-5 [org.springframework.batch.integration.chunk.ChunkProcessorChunkHandler] - <Completed chunk handling with [StepContribution: read=0, written=1, filtered=0, readSkips=0, writeSkips=0, processSkips=0, exitStatus=EXECUTING]>
2017-03-23 10:04:56,154 DEBUG Test worker [org.springframework.batch.core.step.item.ChunkOrientedTasklet] - <Inputs not busy, ended: true>
2017-03-23 10:04:56,154 DEBUG Test worker [org.springframework.batch.core.step.tasklet.TaskletStep] - <Applying contribution: [StepContribution: read=1, written=0, filtered=0, readSkips=0, writeSkips=0, processSkips=0, exitStatus=EXECUTING]>
2017-03-23 10:04:56,154 DEBUG poolExecutor-5 [org.springframework.integration.channel.QueueChannel] - <preSend on channel 'replies', message: GenericMessage [payload=ChunkResponse: jobId=1, sequence=4, stepContribution=[StepContribution: read=0, written=1, filtered=0, readSkips=0, writeSkips=0, processSkips=0, exitStatus=EXECUTING], successful=true, headers={id=50ababdb-5bb7-c016-5ef1-99d247c14f16, timestamp=1490281496154}]>
2017-03-23 10:04:56,154 DEBUG poolExecutor-5 [org.springframework.integration.channel.QueueChannel] - <postSend (sent=true) on channel 'replies', message: GenericMessage [payload=ChunkResponse: jobId=1, sequence=4, stepContribution=[StepContribution: read=0, written=1, filtered=0, readSkips=0, writeSkips=0, processSkips=0, exitStatus=EXECUTING], successful=true, headers={id=50ababdb-5bb7-c016-5ef1-99d247c14f16, timestamp=1490281496154}]>
2017-03-23 10:04:56,155 DEBUG Test worker [org.springframework.batch.core.step.tasklet.TaskletStep] - <Saving step execution before commit: StepExecution: id=2, version=5, name=step, status=STARTED, exitStatus=EXECUTING, readCount=9, filterCount=0, writeCount=0 readSkipCount=0, writeSkipCount=0, processSkipCount=0, commitCount=5, rollbackCount=0, exitDescription=>
2017-03-23 10:04:56,156 DEBUG Test worker [org.springframework.batch.core.step.AbstractStep] - <Step execution success: id=2>
2017-03-23 10:04:56,156 DEBUG Test worker [org.springframework.batch.integration.chunk.ChunkMessageChannelItemWriter] - <Waiting for results in step listener...>
2017-03-23 10:04:56,156  INFO Test worker [org.springframework.batch.integration.chunk.ChunkMessageChannelItemWriter] - <Waiting for 5 results>
2017-03-23 10:04:56,156 DEBUG Test worker [org.springframework.integration.channel.QueueChannel] - <postReceive on channel 'replies', message: GenericMessage [payload=ChunkResponse: jobId=1, sequence=0, stepContribution=[StepContribution: read=0, written=2, filtered=0, readSkips=0, writeSkips=0, processSkips=0, exitStatus=EXECUTING], successful=true, headers={id=88ba0e74-9253-75a9-6b0c-f52ae79b8f9b, timestamp=1490281496137}]>
2017-03-23 10:04:56,156 DEBUG Test worker [org.springframework.batch.integration.chunk.ChunkMessageChannelItemWriter] - <Found result: ChunkResponse: jobId=1, sequence=0, stepContribution=[StepContribution: read=0, written=2, filtered=0, readSkips=0, writeSkips=0, processSkips=0, exitStatus=EXECUTING], successful=true>
2017-03-23 10:04:56,156 DEBUG Test worker [org.springframework.integration.channel.QueueChannel] - <postReceive on channel 'replies', message: GenericMessage [payload=ChunkResponse: jobId=1, sequence=1, stepContribution=[StepContribution: read=0, written=0, filtered=0, readSkips=0, writeSkips=0, processSkips=0, exitStatus=EXECUTING], successful=false, headers={id=d42306da-a3a5-de2f-18b9-232767b52b11, timestamp=1490281496140}]>
2017-03-23 10:04:56,156 DEBUG Test worker [org.springframework.batch.integration.chunk.ChunkMessageChannelItemWriter] - <Found result: ChunkResponse: jobId=1, sequence=1, stepContribution=[StepContribution: read=0, written=0, filtered=0, readSkips=0, writeSkips=0, processSkips=0, exitStatus=EXECUTING], successful=false>
2017-03-23 10:04:56,156 ERROR Test worker [org.springframework.batch.integration.chunk.ChunkMessageChannelItemWriter] - <Detected error in remote result. Trying to recover 3 outstanding results before completing.>
org.springframework.batch.integration.chunk.AsynchronousFailureException: Failure or interrupt detected in handler: java.lang.IllegalStateException: Planned failure on: fail
	at org.springframework.batch.integration.chunk.ChunkMessageChannelItemWriter.getNextResult(ChunkMessageChannelItemWriter.java:243)
	at org.springframework.batch.integration.chunk.ChunkMessageChannelItemWriter.waitForResults(ChunkMessageChannelItemWriter.java:197)
	at org.springframework.batch.integration.chunk.ChunkMessageChannelItemWriter.afterStep(ChunkMessageChannelItemWriter.java:128)
	at sun.reflect.NativeMethodAccessorImpl.invoke0(Native Method)
	at sun.reflect.NativeMethodAccessorImpl.invoke(NativeMethodAccessorImpl.java:62)
	at sun.reflect.DelegatingMethodAccessorImpl.invoke(DelegatingMethodAccessorImpl.java:43)
	at java.lang.reflect.Method.invoke(Method.java:483)
	at org.springframework.aop.support.AopUtils.invokeJoinpointUsingReflection(AopUtils.java:333)
	at org.springframework.aop.framework.ReflectiveMethodInvocation.invokeJoinpoint(ReflectiveMethodInvocation.java:190)
	at org.springframework.aop.framework.ReflectiveMethodInvocation.proceed(ReflectiveMethodInvocation.java:157)
	at org.springframework.aop.support.DelegatingIntroductionInterceptor.doProceed(DelegatingIntroductionInterceptor.java:133)
	at org.springframework.aop.support.DelegatingIntroductionInterceptor.invoke(DelegatingIntroductionInterceptor.java:121)
	at org.springframework.aop.framework.ReflectiveMethodInvocation.proceed(ReflectiveMethodInvocation.java:179)
	at org.springframework.aop.framework.JdkDynamicAopProxy.invoke(JdkDynamicAopProxy.java:213)
	at com.sun.proxy.$Proxy41.afterStep(Unknown Source)
	at org.springframework.batch.core.listener.CompositeStepExecutionListener.afterStep(CompositeStepExecutionListener.java:62)
	at org.springframework.batch.core.step.AbstractStep.execute(AbstractStep.java:239)
	at org.springframework.batch.core.job.SimpleStepHandler.handleStep(SimpleStepHandler.java:148)
	at org.springframework.batch.core.job.flow.JobFlowExecutor.executeStep(JobFlowExecutor.java:64)
	at org.springframework.batch.core.job.flow.support.state.StepState.handle(StepState.java:67)
	at org.springframework.batch.core.job.flow.support.SimpleFlow.resume(SimpleFlow.java:169)
	at org.springframework.batch.core.job.flow.support.SimpleFlow.start(SimpleFlow.java:144)
	at org.springframework.batch.core.job.flow.FlowJob.doExecute(FlowJob.java:134)
	at org.springframework.batch.core.job.AbstractJob.execute(AbstractJob.java:306)
	at org.springframework.batch.core.launch.support.SimpleJobLauncher$1.run(SimpleJobLauncher.java:141)
	at org.springframework.core.task.SyncTaskExecutor.execute(SyncTaskExecutor.java:50)
	at org.springframework.batch.core.launch.support.SimpleJobLauncher.run(SimpleJobLauncher.java:134)
	at org.springframework.batch.integration.chunk.RemoteChunkStepIntegrationTests.testFailedStep(RemoteChunkStepIntegrationTests.java:42)
	at sun.reflect.NativeMethodAccessorImpl.invoke0(Native Method)
	at sun.reflect.NativeMethodAccessorImpl.invoke(NativeMethodAccessorImpl.java:62)
	at sun.reflect.DelegatingMethodAccessorImpl.invoke(DelegatingMethodAccessorImpl.java:43)
	at java.lang.reflect.Method.invoke(Method.java:483)
	at org.junit.runners.model.FrameworkMethod$1.runReflectiveCall(FrameworkMethod.java:50)
	at org.junit.internal.runners.model.ReflectiveCallable.run(ReflectiveCallable.java:12)
	at org.junit.runners.model.FrameworkMethod.invokeExplosively(FrameworkMethod.java:47)
	at org.junit.internal.runners.statements.InvokeMethod.evaluate(InvokeMethod.java:17)
	at org.springframework.test.context.junit4.statements.RunBeforeTestExecutionCallbacks.evaluate(RunBeforeTestExecutionCallbacks.java:73)
	at org.springframework.test.context.junit4.statements.RunAfterTestExecutionCallbacks.evaluate(RunAfterTestExecutionCallbacks.java:83)
	at org.springframework.test.context.junit4.statements.RunBeforeTestMethodCallbacks.evaluate(RunBeforeTestMethodCallbacks.java:75)
	at org.springframework.test.context.junit4.statements.RunAfterTestMethodCallbacks.evaluate(RunAfterTestMethodCallbacks.java:86)
	at org.springframework.test.context.junit4.statements.SpringRepeat.evaluate(SpringRepeat.java:84)
	at org.junit.runners.ParentRunner.runLeaf(ParentRunner.java:325)
	at org.springframework.test.context.junit4.SpringJUnit4ClassRunner.runChild(SpringJUnit4ClassRunner.java:250)
	at org.springframework.test.context.junit4.SpringJUnit4ClassRunner.runChild(SpringJUnit4ClassRunner.java:97)
	at org.junit.runners.ParentRunner$3.run(ParentRunner.java:290)
	at org.junit.runners.ParentRunner$1.schedule(ParentRunner.java:71)
	at org.junit.runners.ParentRunner.runChildren(ParentRunner.java:288)
	at org.junit.runners.ParentRunner.access$000(ParentRunner.java:58)
	at org.junit.runners.ParentRunner$2.evaluate(ParentRunner.java:268)
	at org.springframework.test.context.junit4.statements.RunBeforeTestClassCallbacks.evaluate(RunBeforeTestClassCallbacks.java:61)
	at org.springframework.test.context.junit4.statements.RunAfterTestClassCallbacks.evaluate(RunAfterTestClassCallbacks.java:70)
	at org.junit.runners.ParentRunner.run(ParentRunner.java:363)
	at org.springframework.test.context.junit4.SpringJUnit4ClassRunner.run(SpringJUnit4ClassRunner.java:189)
	at org.gradle.api.internal.tasks.testing.junit.JUnitTestClassExecuter.runTestClass(JUnitTestClassExecuter.java:114)
	at org.gradle.api.internal.tasks.testing.junit.JUnitTestClassExecuter.execute(JUnitTestClassExecuter.java:57)
	at org.gradle.api.internal.tasks.testing.junit.JUnitTestClassProcessor.processTestClass(JUnitTestClassProcessor.java:66)
	at org.gradle.api.internal.tasks.testing.SuiteTestClassProcessor.processTestClass(SuiteTestClassProcessor.java:51)
	at sun.reflect.NativeMethodAccessorImpl.invoke0(Native Method)
	at sun.reflect.NativeMethodAccessorImpl.invoke(NativeMethodAccessorImpl.java:62)
	at sun.reflect.DelegatingMethodAccessorImpl.invoke(DelegatingMethodAccessorImpl.java:43)
	at java.lang.reflect.Method.invoke(Method.java:483)
	at org.gradle.internal.dispatch.ReflectionDispatch.dispatch(ReflectionDispatch.java:35)
	at org.gradle.internal.dispatch.ReflectionDispatch.dispatch(ReflectionDispatch.java:24)
	at org.gradle.internal.dispatch.ContextClassLoaderDispatch.dispatch(ContextClassLoaderDispatch.java:32)
	at org.gradle.internal.dispatch.ProxyDispatchAdapter$DispatchingInvocationHandler.invoke(ProxyDispatchAdapter.java:93)
	at com.sun.proxy.$Proxy3.processTestClass(Unknown Source)
	at org.gradle.api.internal.tasks.testing.worker.TestWorker.processTestClass(TestWorker.java:109)
	at sun.reflect.NativeMethodAccessorImpl.invoke0(Native Method)
	at sun.reflect.NativeMethodAccessorImpl.invoke(NativeMethodAccessorImpl.java:62)
	at sun.reflect.DelegatingMethodAccessorImpl.invoke(DelegatingMethodAccessorImpl.java:43)
	at java.lang.reflect.Method.invoke(Method.java:483)
	at org.gradle.internal.dispatch.ReflectionDispatch.dispatch(ReflectionDispatch.java:35)
	at org.gradle.internal.dispatch.ReflectionDispatch.dispatch(ReflectionDispatch.java:24)
	at org.gradle.internal.remote.internal.hub.MessageHubBackedObjectConnection$DispatchWrapper.dispatch(MessageHubBackedObjectConnection.java:147)
	at org.gradle.internal.remote.internal.hub.MessageHubBackedObjectConnection$DispatchWrapper.dispatch(MessageHubBackedObjectConnection.java:129)
	at org.gradle.internal.remote.internal.hub.MessageHub$Handler.run(MessageHub.java:404)
	at org.gradle.internal.concurrent.ExecutorPolicy$CatchAndRecordFailures.onExecute(ExecutorPolicy.java:63)
	at org.gradle.internal.concurrent.StoppableExecutorImpl$1.run(StoppableExecutorImpl.java:46)
	at java.util.concurrent.ThreadPoolExecutor.runWorker(ThreadPoolExecutor.java:1142)
	at java.util.concurrent.ThreadPoolExecutor$Worker.run(ThreadPoolExecutor.java:617)
	at java.lang.Thread.run(Thread.java:745)
2017-03-23 10:04:56,159 DEBUG Test worker [org.springframework.integration.channel.QueueChannel] - <postReceive on channel 'replies', message: GenericMessage [payload=ChunkResponse: jobId=1, sequence=2, stepContribution=[StepContribution: read=0, written=2, filtered=0, readSkips=0, writeSkips=0, processSkips=0, exitStatus=EXECUTING], successful=true, headers={id=cc53923e-a7ac-ea96-8b00-685a1366c775, timestamp=1490281496143}]>
2017-03-23 10:04:56,159 DEBUG Test worker [org.springframework.batch.integration.chunk.ChunkMessageChannelItemWriter] - <Found result: ChunkResponse: jobId=1, sequence=2, stepContribution=[StepContribution: read=0, written=2, filtered=0, readSkips=0, writeSkips=0, processSkips=0, exitStatus=EXECUTING], successful=true>
2017-03-23 10:04:56,159 DEBUG Test worker [org.springframework.integration.channel.QueueChannel] - <postReceive on channel 'replies', message: GenericMessage [payload=ChunkResponse: jobId=1, sequence=3, stepContribution=[StepContribution: read=0, written=2, filtered=0, readSkips=0, writeSkips=0, processSkips=0, exitStatus=EXECUTING], successful=true, headers={id=0c70aacd-fe63-7294-3954-e4ec65848f59, timestamp=1490281496149}]>
2017-03-23 10:04:56,159 DEBUG Test worker [org.springframework.batch.integration.chunk.ChunkMessageChannelItemWriter] - <Found result: ChunkResponse: jobId=1, sequence=3, stepContribution=[StepContribution: read=0, written=2, filtered=0, readSkips=0, writeSkips=0, processSkips=0, exitStatus=EXECUTING], successful=true>
2017-03-23 10:04:56,159 DEBUG Test worker [org.springframework.integration.channel.QueueChannel] - <postReceive on channel 'replies', message: GenericMessage [payload=ChunkResponse: jobId=1, sequence=4, stepContribution=[StepContribution: read=0, written=1, filtered=0, readSkips=0, writeSkips=0, processSkips=0, exitStatus=EXECUTING], successful=true, headers={id=50ababdb-5bb7-c016-5ef1-99d247c14f16, timestamp=1490281496154}]>
2017-03-23 10:04:56,159 DEBUG Test worker [org.springframework.batch.integration.chunk.ChunkMessageChannelItemWriter] - <Found result: ChunkResponse: jobId=1, sequence=4, stepContribution=[StepContribution: read=0, written=1, filtered=0, readSkips=0, writeSkips=0, processSkips=0, exitStatus=EXECUTING], successful=true>
2017-03-23 10:04:56,159 DEBUG Test worker [org.springframework.batch.integration.chunk.ChunkMessageChannelItemWriter] - <Detected failure waiting for results in step listener.>
org.springframework.batch.integration.chunk.AsynchronousFailureException: Failure or interrupt detected in handler: java.lang.IllegalStateException: Planned failure on: fail
	at org.springframework.batch.integration.chunk.ChunkMessageChannelItemWriter.getNextResult(ChunkMessageChannelItemWriter.java:243)
	at org.springframework.batch.integration.chunk.ChunkMessageChannelItemWriter.waitForResults(ChunkMessageChannelItemWriter.java:197)
	at org.springframework.batch.integration.chunk.ChunkMessageChannelItemWriter.afterStep(ChunkMessageChannelItemWriter.java:128)
	at sun.reflect.NativeMethodAccessorImpl.invoke0(Native Method)
	at sun.reflect.NativeMethodAccessorImpl.invoke(NativeMethodAccessorImpl.java:62)
	at sun.reflect.DelegatingMethodAccessorImpl.invoke(DelegatingMethodAccessorImpl.java:43)
	at java.lang.reflect.Method.invoke(Method.java:483)
	at org.springframework.aop.support.AopUtils.invokeJoinpointUsingReflection(AopUtils.java:333)
	at org.springframework.aop.framework.ReflectiveMethodInvocation.invokeJoinpoint(ReflectiveMethodInvocation.java:190)
	at org.springframework.aop.framework.ReflectiveMethodInvocation.proceed(ReflectiveMethodInvocation.java:157)
	at org.springframework.aop.support.DelegatingIntroductionInterceptor.doProceed(DelegatingIntroductionInterceptor.java:133)
	at org.springframework.aop.support.DelegatingIntroductionInterceptor.invoke(DelegatingIntroductionInterceptor.java:121)
	at org.springframework.aop.framework.ReflectiveMethodInvocation.proceed(ReflectiveMethodInvocation.java:179)
	at org.springframework.aop.framework.JdkDynamicAopProxy.invoke(JdkDynamicAopProxy.java:213)
	at com.sun.proxy.$Proxy41.afterStep(Unknown Source)
	at org.springframework.batch.core.listener.CompositeStepExecutionListener.afterStep(CompositeStepExecutionListener.java:62)
	at org.springframework.batch.core.step.AbstractStep.execute(AbstractStep.java:239)
	at org.springframework.batch.core.job.SimpleStepHandler.handleStep(SimpleStepHandler.java:148)
	at org.springframework.batch.core.job.flow.JobFlowExecutor.executeStep(JobFlowExecutor.java:64)
	at org.springframework.batch.core.job.flow.support.state.StepState.handle(StepState.java:67)
	at org.springframework.batch.core.job.flow.support.SimpleFlow.resume(SimpleFlow.java:169)
	at org.springframework.batch.core.job.flow.support.SimpleFlow.start(SimpleFlow.java:144)
	at org.springframework.batch.core.job.flow.FlowJob.doExecute(FlowJob.java:134)
	at org.springframework.batch.core.job.AbstractJob.execute(AbstractJob.java:306)
	at org.springframework.batch.core.launch.support.SimpleJobLauncher$1.run(SimpleJobLauncher.java:141)
	at org.springframework.core.task.SyncTaskExecutor.execute(SyncTaskExecutor.java:50)
	at org.springframework.batch.core.launch.support.SimpleJobLauncher.run(SimpleJobLauncher.java:134)
	at org.springframework.batch.integration.chunk.RemoteChunkStepIntegrationTests.testFailedStep(RemoteChunkStepIntegrationTests.java:42)
	at sun.reflect.NativeMethodAccessorImpl.invoke0(Native Method)
	at sun.reflect.NativeMethodAccessorImpl.invoke(NativeMethodAccessorImpl.java:62)
	at sun.reflect.DelegatingMethodAccessorImpl.invoke(DelegatingMethodAccessorImpl.java:43)
	at java.lang.reflect.Method.invoke(Method.java:483)
	at org.junit.runners.model.FrameworkMethod$1.runReflectiveCall(FrameworkMethod.java:50)
	at org.junit.internal.runners.model.ReflectiveCallable.run(ReflectiveCallable.java:12)
	at org.junit.runners.model.FrameworkMethod.invokeExplosively(FrameworkMethod.java:47)
	at org.junit.internal.runners.statements.InvokeMethod.evaluate(InvokeMethod.java:17)
	at org.springframework.test.context.junit4.statements.RunBeforeTestExecutionCallbacks.evaluate(RunBeforeTestExecutionCallbacks.java:73)
	at org.springframework.test.context.junit4.statements.RunAfterTestExecutionCallbacks.evaluate(RunAfterTestExecutionCallbacks.java:83)
	at org.springframework.test.context.junit4.statements.RunBeforeTestMethodCallbacks.evaluate(RunBeforeTestMethodCallbacks.java:75)
	at org.springframework.test.context.junit4.statements.RunAfterTestMethodCallbacks.evaluate(RunAfterTestMethodCallbacks.java:86)
	at org.springframework.test.context.junit4.statements.SpringRepeat.evaluate(SpringRepeat.java:84)
	at org.junit.runners.ParentRunner.runLeaf(ParentRunner.java:325)
	at org.springframework.test.context.junit4.SpringJUnit4ClassRunner.runChild(SpringJUnit4ClassRunner.java:250)
	at org.springframework.test.context.junit4.SpringJUnit4ClassRunner.runChild(SpringJUnit4ClassRunner.java:97)
	at org.junit.runners.ParentRunner$3.run(ParentRunner.java:290)
	at org.junit.runners.ParentRunner$1.schedule(ParentRunner.java:71)
	at org.junit.runners.ParentRunner.runChildren(ParentRunner.java:288)
	at org.junit.runners.ParentRunner.access$000(ParentRunner.java:58)
	at org.junit.runners.ParentRunner$2.evaluate(ParentRunner.java:268)
	at org.springframework.test.context.junit4.statements.RunBeforeTestClassCallbacks.evaluate(RunBeforeTestClassCallbacks.java:61)
	at org.springframework.test.context.junit4.statements.RunAfterTestClassCallbacks.evaluate(RunAfterTestClassCallbacks.java:70)
	at org.junit.runners.ParentRunner.run(ParentRunner.java:363)
	at org.springframework.test.context.junit4.SpringJUnit4ClassRunner.run(SpringJUnit4ClassRunner.java:189)
	at org.gradle.api.internal.tasks.testing.junit.JUnitTestClassExecuter.runTestClass(JUnitTestClassExecuter.java:114)
	at org.gradle.api.internal.tasks.testing.junit.JUnitTestClassExecuter.execute(JUnitTestClassExecuter.java:57)
	at org.gradle.api.internal.tasks.testing.junit.JUnitTestClassProcessor.processTestClass(JUnitTestClassProcessor.java:66)
	at org.gradle.api.internal.tasks.testing.SuiteTestClassProcessor.processTestClass(SuiteTestClassProcessor.java:51)
	at sun.reflect.NativeMethodAccessorImpl.invoke0(Native Method)
	at sun.reflect.NativeMethodAccessorImpl.invoke(NativeMethodAccessorImpl.java:62)
	at sun.reflect.DelegatingMethodAccessorImpl.invoke(DelegatingMethodAccessorImpl.java:43)
	at java.lang.reflect.Method.invoke(Method.java:483)
	at org.gradle.internal.dispatch.ReflectionDispatch.dispatch(ReflectionDispatch.java:35)
	at org.gradle.internal.dispatch.ReflectionDispatch.dispatch(ReflectionDispatch.java:24)
	at org.gradle.internal.dispatch.ContextClassLoaderDispatch.dispatch(ContextClassLoaderDispatch.java:32)
	at org.gradle.internal.dispatch.ProxyDispatchAdapter$DispatchingInvocationHandler.invoke(ProxyDispatchAdapter.java:93)
	at com.sun.proxy.$Proxy3.processTestClass(Unknown Source)
	at org.gradle.api.internal.tasks.testing.worker.TestWorker.processTestClass(TestWorker.java:109)
	at sun.reflect.NativeMethodAccessorImpl.invoke0(Native Method)
	at sun.reflect.NativeMethodAccessorImpl.invoke(NativeMethodAccessorImpl.java:62)
	at sun.reflect.DelegatingMethodAccessorImpl.invoke(DelegatingMethodAccessorImpl.java:43)
	at java.lang.reflect.Method.invoke(Method.java:483)
	at org.gradle.internal.dispatch.ReflectionDispatch.dispatch(ReflectionDispatch.java:35)
	at org.gradle.internal.dispatch.ReflectionDispatch.dispatch(ReflectionDispatch.java:24)
	at org.gradle.internal.remote.internal.hub.MessageHubBackedObjectConnection$DispatchWrapper.dispatch(MessageHubBackedObjectConnection.java:147)
	at org.gradle.internal.remote.internal.hub.MessageHubBackedObjectConnection$DispatchWrapper.dispatch(MessageHubBackedObjectConnection.java:129)
	at org.gradle.internal.remote.internal.hub.MessageHub$Handler.run(MessageHub.java:404)
	at org.gradle.internal.concurrent.ExecutorPolicy$CatchAndRecordFailures.onExecute(ExecutorPolicy.java:63)
	at org.gradle.internal.concurrent.StoppableExecutorImpl$1.run(StoppableExecutorImpl.java:46)
	at java.util.concurrent.ThreadPoolExecutor.runWorker(ThreadPoolExecutor.java:1142)
	at java.util.concurrent.ThreadPoolExecutor$Worker.run(ThreadPoolExecutor.java:617)
	at java.lang.Thread.run(Thread.java:745)
2017-03-23 10:04:56,161 DEBUG Test worker [org.springframework.batch.integration.chunk.ChunkMessageChannelItemWriter] - <Finished waiting for results in step listener.  Still expecting: 0>
2017-03-23 10:04:56,161 DEBUG Test worker [org.springframework.batch.integration.chunk.ChunkMessageChannelItemWriter] - <Applying: ChunkResponse: jobId=1, sequence=0, stepContribution=[StepContribution: read=0, written=2, filtered=0, readSkips=0, writeSkips=0, processSkips=0, exitStatus=EXECUTING], successful=true>
2017-03-23 10:04:56,161 DEBUG Test worker [org.springframework.batch.integration.chunk.ChunkMessageChannelItemWriter] - <Applying: ChunkResponse: jobId=1, sequence=1, stepContribution=[StepContribution: read=0, written=0, filtered=0, readSkips=0, writeSkips=0, processSkips=0, exitStatus=EXECUTING], successful=false>
2017-03-23 10:04:56,161 DEBUG Test worker [org.springframework.batch.integration.chunk.ChunkMessageChannelItemWriter] - <Applying: ChunkResponse: jobId=1, sequence=2, stepContribution=[StepContribution: read=0, written=2, filtered=0, readSkips=0, writeSkips=0, processSkips=0, exitStatus=EXECUTING], successful=true>
2017-03-23 10:04:56,161 DEBUG Test worker [org.springframework.batch.integration.chunk.ChunkMessageChannelItemWriter] - <Applying: ChunkResponse: jobId=1, sequence=3, stepContribution=[StepContribution: read=0, written=2, filtered=0, readSkips=0, writeSkips=0, processSkips=0, exitStatus=EXECUTING], successful=true>
2017-03-23 10:04:56,161 DEBUG Test worker [org.springframework.batch.integration.chunk.ChunkMessageChannelItemWriter] - <Applying: ChunkResponse: jobId=1, sequence=4, stepContribution=[StepContribution: read=0, written=1, filtered=0, readSkips=0, writeSkips=0, processSkips=0, exitStatus=EXECUTING], successful=true>
2017-03-23 10:04:56,163 DEBUG Test worker [org.springframework.batch.core.step.AbstractStep] - <Step execution complete: StepExecution: id=2, version=7, name=step, status=FAILED, exitStatus=FAILED, readCount=9, filterCount=0, writeCount=7 readSkipCount=0, writeSkipCount=0, processSkipCount=0, commitCount=5, rollbackCount=0>
2017-03-23 10:04:56,164 DEBUG Test worker [org.springframework.batch.core.job.flow.support.SimpleFlow] - <Completed state=job.step with status=FAILED>
2017-03-23 10:04:56,164 DEBUG Test worker [org.springframework.batch.core.job.flow.support.SimpleFlow] - <Handling state=job.fail12>
2017-03-23 10:04:56,164 DEBUG Test worker [org.springframework.batch.core.job.flow.support.SimpleFlow] - <Completed state=job.fail12 with status=FAILED>
2017-03-23 10:04:56,164 DEBUG Test worker [org.springframework.batch.core.job.AbstractJob] - <Job execution complete: JobExecution: id=1, version=1, startTime=Thu Mar 23 10:04:56 CDT 2017, endTime=null, lastUpdated=Thu Mar 23 10:04:56 CDT 2017, status=FAILED, exitStatus=exitCode=FAILED;exitDescription=, job=[JobInstance: id=1, version=0, Job=[job]], jobParameters=[{item.three=fail}]>
2017-03-23 10:04:56,167  INFO Test worker [org.springframework.batch.core.launch.support.SimpleJobLauncher] - <Job: [FlowJob: [name=job]] completed with the following parameters: [{item.three=fail}] and the following status: [FAILED]>
]]></system-out>
  <system-err><![CDATA[]]></system-err>
</testsuite>
