<?xml version="1.0" encoding="UTF-8"?>
<testsuite name="org.springframework.batch.integration.async.AsyncItemProcessorMessagingGatewayTests" tests="1" skipped="1" failures="0" errors="0" timestamp="2017-03-23T15:04:36" hostname="Michaels-MacBook-Pro-3.local" time="0.0">
  <properties/>
  <testcase name="testMultiExecution" classname="org.springframework.batch.integration.async.AsyncItemProcessorMessagingGatewayTests" time="0.0">
    <skipped/>
  </testcase>
  <system-out><![CDATA[]]></system-out>
  <system-err><![CDATA[]]></system-err>
</testsuite>
