<?xml version="1.0" encoding="UTF-8"?>
<testsuite name="org.springframework.batch.integration.async.AsyncItemProcessorTests" tests="4" skipped="0" failures="0" errors="0" timestamp="2017-03-23T15:04:36" hostname="Michaels-MacBook-Pro-3.local" time="0.051">
  <properties/>
  <testcase name="testExecutionInStepScope" classname="org.springframework.batch.integration.async.AsyncItemProcessorTests" time="0.039"/>
  <testcase name="testExecution" classname="org.springframework.batch.integration.async.AsyncItemProcessorTests" time="0.0"/>
  <testcase name="testMultiExecution" classname="org.springframework.batch.integration.async.AsyncItemProcessorTests" time="0.01"/>
  <testcase name="testNoDelegate" classname="org.springframework.batch.integration.async.AsyncItemProcessorTests" time="0.0"/>
  <system-out><![CDATA[]]></system-out>
  <system-err><![CDATA[]]></system-err>
</testsuite>
