<?xml version="1.0" encoding="UTF-8"?>
<testsuite name="org.springframework.batch.integration.partition.BeanFactoryStepLocatorTests" tests="2" skipped="0" failures="0" errors="0" timestamp="2017-03-23T15:05:04" hostname="Michaels-MacBook-Pro-3.local" time="0.002">
  <properties/>
  <testcase name="testGetStepNames" classname="org.springframework.batch.integration.partition.BeanFactoryStepLocatorTests" time="0.001"/>
  <testcase name="testGetStep" classname="org.springframework.batch.integration.partition.BeanFactoryStepLocatorTests" time="0.0"/>
  <system-out><![CDATA[]]></system-out>
  <system-err><![CDATA[]]></system-err>
</testsuite>
