<?xml version="1.0" encoding="UTF-8"?>
<testsuite name="org.springframework.batch.integration.chunk.ChunkRequestTests" tests="5" skipped="0" failures="0" errors="0" timestamp="2017-03-23T15:04:42" hostname="Michaels-MacBook-Pro-3.local" time="0.008">
  <properties/>
  <testcase name="testGetItems" classname="org.springframework.batch.integration.chunk.ChunkRequestTests" time="0.0"/>
  <testcase name="testGetJobId" classname="org.springframework.batch.integration.chunk.ChunkRequestTests" time="0.0"/>
  <testcase name="testToString" classname="org.springframework.batch.integration.chunk.ChunkRequestTests" time="0.0"/>
  <testcase name="testGetStepContribution" classname="org.springframework.batch.integration.chunk.ChunkRequestTests" time="0.001"/>
  <testcase name="testSerializable" classname="org.springframework.batch.integration.chunk.ChunkRequestTests" time="0.006"/>
  <system-out><![CDATA[]]></system-out>
  <system-err><![CDATA[ChunkRequest: jobId=111, sequence=0, contribution=[StepContribution: read=0, written=0, filtered=0, readSkips=0, writeSkips=0, processSkips=0, exitStatus=EXECUTING], item count=2
]]></system-err>
</testsuite>
