<?xml version="1.0" encoding="UTF-8"?>
<testsuite name="org.springframework.batch.integration.partition.MessageChannelPartitionHandlerTests" tests="6" skipped="0" failures="0" errors="0" timestamp="2017-03-23T15:05:07" hostname="Michaels-MacBook-Pro-3.local" time="3.509">
  <properties/>
  <testcase name="testNoPartitions" classname="org.springframework.batch.integration.partition.MessageChannelPartitionHandlerTests" time="0.388"/>
  <testcase name="messageReceiveTimeout" classname="org.springframework.batch.integration.partition.MessageChannelPartitionHandlerTests" time="0.512"/>
  <testcase name="testHandleNoReply" classname="org.springframework.batch.integration.partition.MessageChannelPartitionHandlerTests" time="0.004"/>
  <testcase name="testHandleWithReplyChannel" classname="org.springframework.batch.integration.partition.MessageChannelPartitionHandlerTests" time="0.033"/>
  <testcase name="testHandleWithJobRepositoryPolling" classname="org.springframework.batch.integration.partition.MessageChannelPartitionHandlerTests" time="2.568"/>
  <testcase name="testHandleWithJobRepositoryPollingTimeout" classname="org.springframework.batch.integration.partition.MessageChannelPartitionHandlerTests" time="0.003"/>
  <system-out><![CDATA[2017-03-23 10:05:07,320 DEBUG task-scheduler-5 [org.springframework.integration.endpoint.PollingConsumer] - <Received no Message during the poll, returning 'false'>
2017-03-23 10:05:07,616 DEBUG task-scheduler-10 [org.springframework.integration.endpoint.PollingConsumer] - <Received no Message during the poll, returning 'false'>
2017-03-23 10:05:08,167 DEBUG Test worker [org.springframework.batch.integration.partition.MessageChannelPartitionHandler] - <Sending request: GenericMessage [payload=StepExecutionRequest: [jobExecutionId=5, stepExecutionId=null, stepName=null], headers={sequenceNumber=0, correlationId=5:null, id=95ca4a80-fef9-e265-2cf0-b7d5273c215a, sequenceSize=1, timestamp=1490281508167}]>
2017-03-23 10:05:08,172 DEBUG Test worker [org.springframework.batch.integration.partition.MessageChannelPartitionHandler] - <Sending request: GenericMessage [payload=StepExecutionRequest: [jobExecutionId=5, stepExecutionId=null, stepName=null], headers={sequenceNumber=0, correlationId=5:null, id=7dda2037-6b1e-9302-a6de-873069da55a1, sequenceSize=1, timestamp=1490281508172}]>
2017-03-23 10:05:08,172 DEBUG Test worker [org.springframework.batch.integration.partition.MessageChannelPartitionHandler] - <Received replies: Mock for Message, hashCode: 1308181085>
2017-03-23 10:05:08,206 DEBUG Test worker [org.springframework.batch.integration.partition.MessageChannelPartitionHandler] - <Sending request: GenericMessage [payload=StepExecutionRequest: [jobExecutionId=5, stepExecutionId=null, stepName=null], headers={sequenceNumber=0, replyChannel=Mock for PollableChannel, hashCode: 1134310406, correlationId=5:null, id=da8338ba-130b-bd34-5a22-3e56f8d54e59, sequenceSize=1, timestamp=1490281508205}]>
2017-03-23 10:05:08,206 DEBUG Test worker [org.springframework.batch.integration.partition.MessageChannelPartitionHandler] - <Received replies: Mock for Message, hashCode: 881090302>
2017-03-23 10:05:08,241 DEBUG Test worker [org.springframework.batch.integration.partition.MessageChannelPartitionHandler] - <MessageChannelPartitionHandler is configured to poll the job repository for slave results>
2017-03-23 10:05:08,241 DEBUG Test worker [org.springframework.batch.integration.partition.MessageChannelPartitionHandler] - <Sending request: GenericMessage [payload=StepExecutionRequest: [jobExecutionId=5, stepExecutionId=2, stepName=step1], headers={sequenceNumber=0, correlationId=5:step1, id=58f77c07-69fe-59a8-19f3-5deda3dfae05, sequenceSize=3, timestamp=1490281508241}]>
2017-03-23 10:05:08,241 DEBUG Test worker [org.springframework.batch.integration.partition.MessageChannelPartitionHandler] - <Sending request: GenericMessage [payload=StepExecutionRequest: [jobExecutionId=5, stepExecutionId=3, stepName=step1], headers={sequenceNumber=1, correlationId=5:step1, id=0fc94f4a-a200-90cb-c875-b3de55cb5046, sequenceSize=3, timestamp=1490281508241}]>
2017-03-23 10:05:08,242 DEBUG Test worker [org.springframework.batch.integration.partition.MessageChannelPartitionHandler] - <Sending request: GenericMessage [payload=StepExecutionRequest: [jobExecutionId=5, stepExecutionId=4, stepName=step1], headers={sequenceNumber=2, correlationId=5:step1, id=e394d6db-3fba-a2f5-6611-1873ce5af1bf, sequenceSize=3, timestamp=1490281508242}]>
2017-03-23 10:05:08,246 DEBUG Test worker [org.springframework.batch.integration.partition.MessageChannelPartitionHandler] - <Currently waiting on 3 partitions to finish>
2017-03-23 10:05:08,325 DEBUG task-scheduler-5 [org.springframework.integration.endpoint.PollingConsumer] - <Received no Message during the poll, returning 'false'>
2017-03-23 10:05:08,632 DEBUG task-scheduler-10 [org.springframework.integration.endpoint.PollingConsumer] - <Received no Message during the poll, returning 'false'>
2017-03-23 10:05:08,748 DEBUG Test worker [org.springframework.batch.integration.partition.MessageChannelPartitionHandler] - <Currently waiting on 3 partitions to finish>
2017-03-23 10:05:09,252 DEBUG Test worker [org.springframework.batch.integration.partition.MessageChannelPartitionHandler] - <Currently waiting on 3 partitions to finish>
2017-03-23 10:05:09,330 DEBUG task-scheduler-2 [org.springframework.integration.endpoint.PollingConsumer] - <Received no Message during the poll, returning 'false'>
2017-03-23 10:05:09,649 DEBUG task-scheduler-10 [org.springframework.integration.endpoint.PollingConsumer] - <Received no Message during the poll, returning 'false'>
2017-03-23 10:05:09,757 DEBUG Test worker [org.springframework.batch.integration.partition.MessageChannelPartitionHandler] - <Currently waiting on 3 partitions to finish>
2017-03-23 10:05:10,262 DEBUG Test worker [org.springframework.batch.integration.partition.MessageChannelPartitionHandler] - <Currently waiting on 3 partitions to finish>
2017-03-23 10:05:10,335 DEBUG task-scheduler-2 [org.springframework.integration.endpoint.PollingConsumer] - <Received no Message during the poll, returning 'false'>
2017-03-23 10:05:10,665 DEBUG task-scheduler-10 [org.springframework.integration.endpoint.PollingConsumer] - <Received no Message during the poll, returning 'false'>
2017-03-23 10:05:10,767 DEBUG Test worker [org.springframework.batch.integration.partition.MessageChannelPartitionHandler] - <Currently waiting on 3 partitions to finish>
2017-03-23 10:05:10,777 DEBUG Test worker [org.springframework.batch.integration.partition.MessageChannelPartitionHandler] - <MessageChannelPartitionHandler is configured to poll the job repository for slave results>
2017-03-23 10:05:10,777 DEBUG Test worker [org.springframework.batch.integration.partition.MessageChannelPartitionHandler] - <Sending request: GenericMessage [payload=StepExecutionRequest: [jobExecutionId=5, stepExecutionId=2, stepName=step1], headers={sequenceNumber=0, correlationId=5:step1, id=2d0554d5-ea9f-020a-4d90-b8a1957f9e14, sequenceSize=3, timestamp=1490281510777}]>
2017-03-23 10:05:10,777 DEBUG Test worker [org.springframework.batch.integration.partition.MessageChannelPartitionHandler] - <Sending request: GenericMessage [payload=StepExecutionRequest: [jobExecutionId=5, stepExecutionId=3, stepName=step1], headers={sequenceNumber=1, correlationId=5:step1, id=9a1fb831-8687-0202-b791-c59c2c48846e, sequenceSize=3, timestamp=1490281510777}]>
2017-03-23 10:05:10,778 DEBUG Test worker [org.springframework.batch.integration.partition.MessageChannelPartitionHandler] - <Sending request: GenericMessage [payload=StepExecutionRequest: [jobExecutionId=5, stepExecutionId=4, stepName=step1], headers={sequenceNumber=2, correlationId=5:step1, id=53fcedc7-81fa-a85f-840f-fb8185ec7eb4, sequenceSize=3, timestamp=1490281510778}]>
2017-03-23 10:05:10,778 DEBUG Test worker [org.springframework.batch.integration.partition.MessageChannelPartitionHandler] - <Currently waiting on 3 partitions to finish>
]]></system-out>
  <system-err><![CDATA[]]></system-err>
</testsuite>
