<?xml version="1.0" encoding="UTF-8"?>
<testsuite name="org.springframework.batch.integration.item.MessagingGatewayIntegrationTests" tests="2" skipped="0" failures="0" errors="0" timestamp="2017-03-23T15:04:58" hostname="Michaels-MacBook-Pro-3.local" time="0.034">
  <properties/>
  <testcase name="testProcessor" classname="org.springframework.batch.integration.item.MessagingGatewayIntegrationTests" time="0.018"/>
  <testcase name="testWriter" classname="org.springframework.batch.integration.item.MessagingGatewayIntegrationTests" time="0.015"/>
  <system-out><![CDATA[2017-03-23 10:04:58,484  INFO Test worker [org.springframework.beans.factory.xml.XmlBeanDefinitionReader] - <Loading XML bean definitions from class path resource [org/springframework/batch/integration/item/MessagingGatewayIntegrationTests-context.xml]>
2017-03-23 10:04:58,523  INFO Test worker [org.springframework.integration.config.IntegrationRegistrar] - <No bean named 'integrationHeaderChannelRegistry' has been explicitly defined. Therefore, a default DefaultHeaderChannelRegistry will be created.>
2017-03-23 10:04:58,524 DEBUG Test worker [org.springframework.integration.config.IntegrationRegistrar] - <The '#jsonPath' SpEL function cannot be registered: there is no jayway json-path.jar on the classpath.>
2017-03-23 10:04:58,524 DEBUG Test worker [org.springframework.integration.config.IntegrationRegistrar] - <SpEL function '#xpath' isn't registered: there is no spring-integration-xml.jar on the classpath.>
2017-03-23 10:04:58,530  INFO Test worker [org.springframework.context.support.GenericApplicationContext] - <Refreshing org.springframework.context.support.GenericApplicationContext@450b9b08: startup date [Thu Mar 23 10:04:58 CDT 2017]; root of context hierarchy>
2017-03-23 10:04:58,543  INFO Test worker [org.springframework.integration.config.DefaultConfiguringBeanFactoryPostProcessor] - <No bean named 'errorChannel' has been explicitly defined. Therefore, a default PublishSubscribeChannel will be created.>
2017-03-23 10:04:58,543  INFO Test worker [org.springframework.integration.config.DefaultConfiguringBeanFactoryPostProcessor] - <No bean named 'taskScheduler' has been explicitly defined. Therefore, a default ThreadPoolTaskScheduler will be created.>
2017-03-23 10:04:58,544  INFO Test worker [org.springframework.beans.factory.annotation.AutowiredAnnotationBeanPostProcessor] - <JSR-330 'javax.inject.Inject' annotation found and supported for autowiring>
2017-03-23 10:04:58,574  INFO Test worker [org.springframework.beans.factory.annotation.AutowiredAnnotationBeanPostProcessor] - <JSR-330 'javax.inject.Inject' annotation found and supported for autowiring>
2017-03-23 10:04:58,772  INFO Test worker [org.springframework.beans.factory.annotation.AutowiredAnnotationBeanPostProcessor] - <JSR-330 'javax.inject.Inject' annotation found and supported for autowiring>
2017-03-23 10:04:58,827 DEBUG Test worker [org.springframework.integration.config.GlobalChannelInterceptorProcessor] - <No global channel interceptors.>
2017-03-23 10:04:58,882  INFO Test worker [org.springframework.context.support.DefaultLifecycleProcessor] - <Starting beans in phase 0>
2017-03-23 10:04:58,882  INFO Test worker [org.springframework.integration.gateway.GatewayProxyFactoryBean$MethodInvocationGateway] - <started processor>
2017-03-23 10:04:58,882  INFO Test worker [org.springframework.integration.gateway.GatewayCompletableFutureProxyFactoryBean] - <started processor>
2017-03-23 10:04:58,882  INFO Test worker [org.springframework.integration.endpoint.EventDrivenConsumer] - <Adding {service-activator} as a subscriber to the 'requests' channel>
2017-03-23 10:04:58,882  INFO Test worker [org.springframework.integration.channel.DirectChannel] - <Channel 'org.springframework.context.support.GenericApplicationContext@450b9b08.requests' has 1 subscriber(s).>
2017-03-23 10:04:58,882  INFO Test worker [org.springframework.integration.endpoint.EventDrivenConsumer] - <started org.springframework.integration.config.ConsumerEndpointFactoryBean#0>
2017-03-23 10:04:58,882  INFO Test worker [org.springframework.integration.endpoint.EventDrivenConsumer] - <Adding {service-activator} as a subscriber to the 'transforms' channel>
2017-03-23 10:04:58,882  INFO Test worker [org.springframework.integration.channel.DirectChannel] - <Channel 'org.springframework.context.support.GenericApplicationContext@450b9b08.transforms' has 1 subscriber(s).>
2017-03-23 10:04:58,883  INFO Test worker [org.springframework.integration.endpoint.EventDrivenConsumer] - <started org.springframework.integration.config.ConsumerEndpointFactoryBean#1>
2017-03-23 10:04:58,883  INFO Test worker [org.springframework.integration.gateway.GatewayProxyFactoryBean$MethodInvocationGateway] - <started writer>
2017-03-23 10:04:58,883  INFO Test worker [org.springframework.integration.gateway.GatewayCompletableFutureProxyFactoryBean] - <started writer>
2017-03-23 10:04:58,883  INFO Test worker [org.springframework.integration.endpoint.EventDrivenConsumer] - <Adding {splitter} as a subscriber to the 'inputs' channel>
2017-03-23 10:04:58,883  INFO Test worker [org.springframework.integration.channel.DirectChannel] - <Channel 'org.springframework.context.support.GenericApplicationContext@450b9b08.inputs' has 1 subscriber(s).>
2017-03-23 10:04:58,883  INFO Test worker [org.springframework.integration.endpoint.EventDrivenConsumer] - <started org.springframework.integration.config.ConsumerEndpointFactoryBean#2>
2017-03-23 10:04:58,883  INFO Test worker [org.springframework.integration.endpoint.EventDrivenConsumer] - <Adding {service-activator} as a subscriber to the 'outputs' channel>
2017-03-23 10:04:58,883  INFO Test worker [org.springframework.integration.channel.DirectChannel] - <Channel 'org.springframework.context.support.GenericApplicationContext@450b9b08.outputs' has 1 subscriber(s).>
2017-03-23 10:04:58,883  INFO Test worker [org.springframework.integration.endpoint.EventDrivenConsumer] - <started org.springframework.integration.config.ConsumerEndpointFactoryBean#3>
2017-03-23 10:04:58,883  INFO Test worker [org.springframework.integration.endpoint.EventDrivenConsumer] - <Adding {logging-channel-adapter:_org.springframework.integration.errorLogger} as a subscriber to the 'errorChannel' channel>
2017-03-23 10:04:58,883  INFO Test worker [org.springframework.integration.channel.PublishSubscribeChannel] - <Channel 'org.springframework.context.support.GenericApplicationContext@450b9b08.errorChannel' has 1 subscriber(s).>
2017-03-23 10:04:58,883  INFO Test worker [org.springframework.integration.endpoint.EventDrivenConsumer] - <started _org.springframework.integration.errorLogger>
2017-03-23 10:04:58,893  INFO Test worker [org.springframework.integration.endpoint.EventDrivenConsumer] - <Adding {bridge:null} as a subscriber to the 'replies' channel>
2017-03-23 10:04:58,893  INFO Test worker [org.springframework.integration.channel.DirectChannel] - <Channel 'org.springframework.context.support.GenericApplicationContext@450b9b08.replies' has 1 subscriber(s).>
2017-03-23 10:04:58,894  INFO Test worker [org.springframework.integration.endpoint.EventDrivenConsumer] - <started org.springframework.integration.endpoint.EventDrivenConsumer@22aae0e0>
2017-03-23 10:04:58,894 DEBUG Test worker [org.springframework.integration.channel.DirectChannel] - <preSend on channel 'requests', message: GenericMessage [payload=foo, headers={replyChannel=org.springframework.messaging.core.GenericMessagingTemplate$TemporaryReplyChannel@4a5647c6, errorChannel=org.springframework.messaging.core.GenericMessagingTemplate$TemporaryReplyChannel@4a5647c6, id=941e46ae-9b29-1cce-ce42-1b1cb88d3285, timestamp=1490281498894}]>
2017-03-23 10:04:58,894 DEBUG Test worker [org.springframework.integration.handler.ServiceActivatingHandler] - <ServiceActivator for [org.springframework.integration.handler.MethodInvokingMessageProcessor@44d6408] (org.springframework.integration.config.ServiceActivatorFactoryBean#0) received message: GenericMessage [payload=foo, headers={replyChannel=org.springframework.messaging.core.GenericMessagingTemplate$TemporaryReplyChannel@4a5647c6, errorChannel=org.springframework.messaging.core.GenericMessagingTemplate$TemporaryReplyChannel@4a5647c6, id=941e46ae-9b29-1cce-ce42-1b1cb88d3285, timestamp=1490281498894}]>
2017-03-23 10:04:58,895 DEBUG Test worker [org.springframework.integration.channel.DirectChannel] - <preSend on channel 'transforms', message: GenericMessage [payload=foo: 0, headers={replyChannel=org.springframework.messaging.core.GenericMessagingTemplate$TemporaryReplyChannel@4a5647c6, errorChannel=org.springframework.messaging.core.GenericMessagingTemplate$TemporaryReplyChannel@4a5647c6, id=ec09a9b5-6ca5-3336-2833-78fbd5095c93, timestamp=1490281498895}]>
2017-03-23 10:04:58,896 DEBUG Test worker [org.springframework.integration.handler.ServiceActivatingHandler] - <ServiceActivator for [org.springframework.integration.handler.MethodInvokingMessageProcessor@2e58f7d8] (org.springframework.integration.config.ServiceActivatorFactoryBean#1) received message: GenericMessage [payload=foo: 0, headers={replyChannel=org.springframework.messaging.core.GenericMessagingTemplate$TemporaryReplyChannel@4a5647c6, errorChannel=org.springframework.messaging.core.GenericMessagingTemplate$TemporaryReplyChannel@4a5647c6, id=ec09a9b5-6ca5-3336-2833-78fbd5095c93, timestamp=1490281498895}]>
2017-03-23 10:04:58,897 DEBUG Test worker [org.springframework.integration.channel.DirectChannel] - <preSend on channel 'replies', message: GenericMessage [payload=foo: 0: 1, headers={replyChannel=org.springframework.messaging.core.GenericMessagingTemplate$TemporaryReplyChannel@4a5647c6, errorChannel=org.springframework.messaging.core.GenericMessagingTemplate$TemporaryReplyChannel@4a5647c6, id=43d27ec6-094c-2c05-e394-3d56e201ed65, timestamp=1490281498897}]>
2017-03-23 10:04:58,897 DEBUG Test worker [org.springframework.integration.handler.BridgeHandler] - <org.springframework.integration.handler.BridgeHandler@5b80af13 received message: GenericMessage [payload=foo: 0: 1, headers={replyChannel=org.springframework.messaging.core.GenericMessagingTemplate$TemporaryReplyChannel@4a5647c6, errorChannel=org.springframework.messaging.core.GenericMessagingTemplate$TemporaryReplyChannel@4a5647c6, id=43d27ec6-094c-2c05-e394-3d56e201ed65, timestamp=1490281498897}]>
2017-03-23 10:04:58,897 DEBUG Test worker [org.springframework.integration.channel.DirectChannel] - <postSend (sent=true) on channel 'replies', message: GenericMessage [payload=foo: 0: 1, headers={replyChannel=org.springframework.messaging.core.GenericMessagingTemplate$TemporaryReplyChannel@4a5647c6, errorChannel=org.springframework.messaging.core.GenericMessagingTemplate$TemporaryReplyChannel@4a5647c6, id=43d27ec6-094c-2c05-e394-3d56e201ed65, timestamp=1490281498897}]>
2017-03-23 10:04:58,897 DEBUG Test worker [org.springframework.integration.channel.DirectChannel] - <postSend (sent=true) on channel 'transforms', message: GenericMessage [payload=foo: 0, headers={replyChannel=org.springframework.messaging.core.GenericMessagingTemplate$TemporaryReplyChannel@4a5647c6, errorChannel=org.springframework.messaging.core.GenericMessagingTemplate$TemporaryReplyChannel@4a5647c6, id=ec09a9b5-6ca5-3336-2833-78fbd5095c93, timestamp=1490281498895}]>
2017-03-23 10:04:58,897 DEBUG Test worker [org.springframework.integration.channel.DirectChannel] - <postSend (sent=true) on channel 'requests', message: GenericMessage [payload=foo, headers={replyChannel=org.springframework.messaging.core.GenericMessagingTemplate$TemporaryReplyChannel@4a5647c6, errorChannel=org.springframework.messaging.core.GenericMessagingTemplate$TemporaryReplyChannel@4a5647c6, id=941e46ae-9b29-1cce-ce42-1b1cb88d3285, timestamp=1490281498894}]>
2017-03-23 10:04:58,898 DEBUG Test worker [org.springframework.integration.channel.DirectChannel] - <preSend on channel 'requests', message: GenericMessage [payload=filter, headers={replyChannel=org.springframework.messaging.core.GenericMessagingTemplate$TemporaryReplyChannel@2390abd2, errorChannel=org.springframework.messaging.core.GenericMessagingTemplate$TemporaryReplyChannel@2390abd2, id=d13cbf6d-1fbc-75bd-3a45-05c1c51b2d27, timestamp=1490281498898}]>
2017-03-23 10:04:58,898 DEBUG Test worker [org.springframework.integration.handler.ServiceActivatingHandler] - <ServiceActivator for [org.springframework.integration.handler.MethodInvokingMessageProcessor@44d6408] (org.springframework.integration.config.ServiceActivatorFactoryBean#0) received message: GenericMessage [payload=filter, headers={replyChannel=org.springframework.messaging.core.GenericMessagingTemplate$TemporaryReplyChannel@2390abd2, errorChannel=org.springframework.messaging.core.GenericMessagingTemplate$TemporaryReplyChannel@2390abd2, id=d13cbf6d-1fbc-75bd-3a45-05c1c51b2d27, timestamp=1490281498898}]>
2017-03-23 10:04:58,899 DEBUG Test worker [org.springframework.integration.handler.ServiceActivatingHandler] - <handler 'ServiceActivator for [org.springframework.integration.handler.MethodInvokingMessageProcessor@44d6408] (org.springframework.integration.config.ServiceActivatorFactoryBean#0)' produced no reply for request Message: GenericMessage [payload=filter, headers={replyChannel=org.springframework.messaging.core.GenericMessagingTemplate$TemporaryReplyChannel@2390abd2, errorChannel=org.springframework.messaging.core.GenericMessagingTemplate$TemporaryReplyChannel@2390abd2, id=d13cbf6d-1fbc-75bd-3a45-05c1c51b2d27, timestamp=1490281498898}]>
2017-03-23 10:04:58,899 DEBUG Test worker [org.springframework.integration.channel.DirectChannel] - <postSend (sent=true) on channel 'requests', message: GenericMessage [payload=filter, headers={replyChannel=org.springframework.messaging.core.GenericMessagingTemplate$TemporaryReplyChannel@2390abd2, errorChannel=org.springframework.messaging.core.GenericMessagingTemplate$TemporaryReplyChannel@2390abd2, id=d13cbf6d-1fbc-75bd-3a45-05c1c51b2d27, timestamp=1490281498898}]>
2017-03-23 10:04:58,912 DEBUG Test worker [org.springframework.integration.channel.DirectChannel] - <preSend on channel 'inputs', message: GenericMessage [payload=[foo, bar, spam], headers={id=c5abe52a-1480-22c7-be7e-afe34c736206, timestamp=1490281498912}]>
2017-03-23 10:04:58,912 DEBUG Test worker [org.springframework.integration.splitter.MethodInvokingSplitter] - <org.springframework.integration.config.SplitterFactoryBean#0 received message: GenericMessage [payload=[foo, bar, spam], headers={id=c5abe52a-1480-22c7-be7e-afe34c736206, timestamp=1490281498912}]>
2017-03-23 10:04:58,923 DEBUG Test worker [org.springframework.integration.channel.DirectChannel] - <preSend on channel 'outputs', message: GenericMessage [payload=foo, headers={sequenceNumber=1, correlationId=c5abe52a-1480-22c7-be7e-afe34c736206, id=da134955-82da-e96e-1887-0c4194b1e6ff, sequenceSize=3, timestamp=1490281498923}]>
2017-03-23 10:04:58,923 DEBUG Test worker [org.springframework.integration.handler.ServiceActivatingHandler] - <ServiceActivator for [org.springframework.integration.handler.MethodInvokingMessageProcessor@5e7b3d88] (org.springframework.integration.config.ServiceActivatorFactoryBean#2) received message: GenericMessage [payload=foo, headers={sequenceNumber=1, correlationId=c5abe52a-1480-22c7-be7e-afe34c736206, id=da134955-82da-e96e-1887-0c4194b1e6ff, sequenceSize=3, timestamp=1490281498923}]>
2017-03-23 10:04:58,924 DEBUG Test worker [org.springframework.integration.handler.ServiceActivatingHandler] - <handler 'ServiceActivator for [org.springframework.integration.handler.MethodInvokingMessageProcessor@5e7b3d88] (org.springframework.integration.config.ServiceActivatorFactoryBean#2)' produced no reply for request Message: GenericMessage [payload=foo, headers={sequenceNumber=1, correlationId=c5abe52a-1480-22c7-be7e-afe34c736206, id=da134955-82da-e96e-1887-0c4194b1e6ff, sequenceSize=3, timestamp=1490281498923}]>
2017-03-23 10:04:58,924 DEBUG Test worker [org.springframework.integration.channel.DirectChannel] - <postSend (sent=true) on channel 'outputs', message: GenericMessage [payload=foo, headers={sequenceNumber=1, correlationId=c5abe52a-1480-22c7-be7e-afe34c736206, id=da134955-82da-e96e-1887-0c4194b1e6ff, sequenceSize=3, timestamp=1490281498923}]>
2017-03-23 10:04:58,924 DEBUG Test worker [org.springframework.integration.channel.DirectChannel] - <preSend on channel 'outputs', message: GenericMessage [payload=bar, headers={sequenceNumber=2, correlationId=c5abe52a-1480-22c7-be7e-afe34c736206, id=9fc928a3-b496-e8fc-6724-61ed619f69c6, sequenceSize=3, timestamp=1490281498924}]>
2017-03-23 10:04:58,924 DEBUG Test worker [org.springframework.integration.handler.ServiceActivatingHandler] - <ServiceActivator for [org.springframework.integration.handler.MethodInvokingMessageProcessor@5e7b3d88] (org.springframework.integration.config.ServiceActivatorFactoryBean#2) received message: GenericMessage [payload=bar, headers={sequenceNumber=2, correlationId=c5abe52a-1480-22c7-be7e-afe34c736206, id=9fc928a3-b496-e8fc-6724-61ed619f69c6, sequenceSize=3, timestamp=1490281498924}]>
2017-03-23 10:04:58,925 DEBUG Test worker [org.springframework.integration.handler.ServiceActivatingHandler] - <handler 'ServiceActivator for [org.springframework.integration.handler.MethodInvokingMessageProcessor@5e7b3d88] (org.springframework.integration.config.ServiceActivatorFactoryBean#2)' produced no reply for request Message: GenericMessage [payload=bar, headers={sequenceNumber=2, correlationId=c5abe52a-1480-22c7-be7e-afe34c736206, id=9fc928a3-b496-e8fc-6724-61ed619f69c6, sequenceSize=3, timestamp=1490281498924}]>
2017-03-23 10:04:58,925 DEBUG Test worker [org.springframework.integration.channel.DirectChannel] - <postSend (sent=true) on channel 'outputs', message: GenericMessage [payload=bar, headers={sequenceNumber=2, correlationId=c5abe52a-1480-22c7-be7e-afe34c736206, id=9fc928a3-b496-e8fc-6724-61ed619f69c6, sequenceSize=3, timestamp=1490281498924}]>
2017-03-23 10:04:58,925 DEBUG Test worker [org.springframework.integration.channel.DirectChannel] - <preSend on channel 'outputs', message: GenericMessage [payload=spam, headers={sequenceNumber=3, correlationId=c5abe52a-1480-22c7-be7e-afe34c736206, id=f1b870cd-c439-4b84-603a-fd95ca68c8c2, sequenceSize=3, timestamp=1490281498925}]>
2017-03-23 10:04:58,925 DEBUG Test worker [org.springframework.integration.handler.ServiceActivatingHandler] - <ServiceActivator for [org.springframework.integration.handler.MethodInvokingMessageProcessor@5e7b3d88] (org.springframework.integration.config.ServiceActivatorFactoryBean#2) received message: GenericMessage [payload=spam, headers={sequenceNumber=3, correlationId=c5abe52a-1480-22c7-be7e-afe34c736206, id=f1b870cd-c439-4b84-603a-fd95ca68c8c2, sequenceSize=3, timestamp=1490281498925}]>
2017-03-23 10:04:58,925 DEBUG Test worker [org.springframework.integration.handler.ServiceActivatingHandler] - <handler 'ServiceActivator for [org.springframework.integration.handler.MethodInvokingMessageProcessor@5e7b3d88] (org.springframework.integration.config.ServiceActivatorFactoryBean#2)' produced no reply for request Message: GenericMessage [payload=spam, headers={sequenceNumber=3, correlationId=c5abe52a-1480-22c7-be7e-afe34c736206, id=f1b870cd-c439-4b84-603a-fd95ca68c8c2, sequenceSize=3, timestamp=1490281498925}]>
2017-03-23 10:04:58,926 DEBUG Test worker [org.springframework.integration.channel.DirectChannel] - <postSend (sent=true) on channel 'outputs', message: GenericMessage [payload=spam, headers={sequenceNumber=3, correlationId=c5abe52a-1480-22c7-be7e-afe34c736206, id=f1b870cd-c439-4b84-603a-fd95ca68c8c2, sequenceSize=3, timestamp=1490281498925}]>
2017-03-23 10:04:58,926 DEBUG Test worker [org.springframework.integration.channel.DirectChannel] - <postSend (sent=true) on channel 'inputs', message: GenericMessage [payload=[foo, bar, spam], headers={id=c5abe52a-1480-22c7-be7e-afe34c736206, timestamp=1490281498912}]>
]]></system-out>
  <system-err><![CDATA[]]></system-err>
</testsuite>
