<?xml version="1.0" encoding="UTF-8"?>
<testsuite name="org.springframework.batch.sample.domain.multiline.AggregateItemTests" tests="4" skipped="0" failures="0" errors="0" timestamp="2017-03-23T15:05:55" hostname="Michaels-MacBook-Pro-3.local" time="0.001">
  <properties/>
  <testcase name="testBeginRecordHasNoItem" classname="org.springframework.batch.sample.domain.multiline.AggregateItemTests" time="0.0"/>
  <testcase name="testGetFooter" classname="org.springframework.batch.sample.domain.multiline.AggregateItemTests" time="0.0"/>
  <testcase name="testGetHeader" classname="org.springframework.batch.sample.domain.multiline.AggregateItemTests" time="0.001"/>
  <testcase name="testEndRecordHasNoItem" classname="org.springframework.batch.sample.domain.multiline.AggregateItemTests" time="0.0"/>
  <system-out><![CDATA[]]></system-out>
  <system-err><![CDATA[]]></system-err>
</testsuite>
