<?xml version="1.0" encoding="UTF-8"?>
<testsuite name="org.springframework.batch.sample.iosample.FixedLengthFunctionalTests" tests="1" skipped="0" failures="0" errors="0" timestamp="2017-03-23T15:06:10" hostname="Michaels-MacBook-Pro-3.local" time="0.107">
  <properties/>
  <testcase name="testUpdateCredit" classname="org.springframework.batch.sample.iosample.FixedLengthFunctionalTests" time="0.107"/>
  <system-out><![CDATA[10:06:10,216  INFO Test worker DefaultTestContextBootstrapper:187 - Using TestExecutionListeners: [org.springframework.test.context.support.DependencyInjectionTestExecutionListener@6c29618b, org.springframework.batch.test.StepScopeTestExecutionListener@579d5fa6]
10:06:10,217  INFO Test worker XmlBeanDefinitionReader:317 - Loading XML bean definitions from class path resource [simple-job-launcher-context.xml]
10:06:10,243  INFO Test worker XmlBeanDefinitionReader:317 - Loading XML bean definitions from class path resource [data-source-context.xml]
10:06:10,269  INFO Test worker XmlBeanDefinitionReader:317 - Loading XML bean definitions from class path resource [org/springframework/batch/sample/config/common-context.xml]
10:06:10,282  INFO Test worker XmlBeanDefinitionReader:317 - Loading XML bean definitions from class path resource [job-runner-context.xml]
10:06:10,295  INFO Test worker XmlBeanDefinitionReader:317 - Loading XML bean definitions from class path resource [jobs/ioSampleJob.xml]
10:06:10,315  INFO Test worker XmlBeanDefinitionReader:317 - Loading XML bean definitions from class path resource [jobs/iosample/fixedLength.xml]
10:06:10,323  INFO Test worker GenericApplicationContext:581 - Refreshing org.springframework.context.support.GenericApplicationContext@36708b74: startup date [Thu Mar 23 10:06:10 CDT 2017]; root of context hierarchy
10:06:10,378  INFO Test worker DefaultListableBeanFactory:818 - Overriding bean definition for bean 'itemReader' with a different definition: replacing [Generic bean: class [org.springframework.batch.item.file.FlatFileItemReader]; scope=step; abstract=false; lazyInit=false; autowireMode=0; dependencyCheck=0; autowireCandidate=false; primary=false; factoryBeanName=null; factoryMethodName=null; initMethodName=null; destroyMethodName=null; defined in class path resource [jobs/iosample/fixedLength.xml]] with [Root bean: class [org.springframework.aop.scope.ScopedProxyFactoryBean]; scope=; abstract=false; lazyInit=false; autowireMode=0; dependencyCheck=0; autowireCandidate=true; primary=false; factoryBeanName=null; factoryMethodName=null; initMethodName=null; destroyMethodName=null; defined in BeanDefinition defined in class path resource [jobs/iosample/fixedLength.xml]]
10:06:10,379  INFO Test worker DefaultListableBeanFactory:818 - Overriding bean definition for bean 'itemWriter' with a different definition: replacing [Generic bean: class [org.springframework.batch.item.file.FlatFileItemWriter]; scope=step; abstract=false; lazyInit=false; autowireMode=0; dependencyCheck=0; autowireCandidate=false; primary=false; factoryBeanName=null; factoryMethodName=null; initMethodName=null; destroyMethodName=null; defined in class path resource [jobs/iosample/fixedLength.xml]] with [Root bean: class [org.springframework.aop.scope.ScopedProxyFactoryBean]; scope=; abstract=false; lazyInit=false; autowireMode=0; dependencyCheck=0; autowireCandidate=true; primary=false; factoryBeanName=null; factoryMethodName=null; initMethodName=null; destroyMethodName=null; defined in BeanDefinition defined in class path resource [jobs/iosample/fixedLength.xml]]
10:06:10,384  INFO Test worker AutowiredAnnotationBeanPostProcessor:151 - JSR-330 'javax.inject.Inject' annotation found and supported for autowiring
10:06:10,414  INFO Test worker PostProcessorRegistrationDelegate$BeanPostProcessorChecker:325 - Bean 'jobRegistry' of type [class org.springframework.batch.core.configuration.support.MapJobRegistry] is not eligible for getting processed by all BeanPostProcessors (for example: not eligible for auto-proxying)
10:06:10,435  INFO Test worker ScriptUtils:442 - Executing SQL script from class path resource [org/springframework/batch/core/schema-drop-hsqldb.sql]
10:06:10,445  INFO Test worker ScriptUtils:508 - Executed SQL script from class path resource [org/springframework/batch/core/schema-drop-hsqldb.sql] in 9 ms.
10:06:10,445  INFO Test worker ScriptUtils:442 - Executing SQL script from class path resource [org/springframework/batch/core/schema-hsqldb.sql]
10:06:10,451  INFO Test worker ScriptUtils:508 - Executed SQL script from class path resource [org/springframework/batch/core/schema-hsqldb.sql] in 6 ms.
10:06:10,451  INFO Test worker ScriptUtils:442 - Executing SQL script from class path resource [business-schema-hsqldb.sql]
10:06:10,467  INFO Test worker ScriptUtils:508 - Executed SQL script from class path resource [business-schema-hsqldb.sql] in 15 ms.
10:06:10,495  INFO Test worker JobRepositoryFactoryBean:184 - No database type set, using meta data indicating: HSQL
10:06:10,497  INFO Test worker SimpleJobLauncher:201 - No TaskExecutor has been set, defaulting to synchronous executor.
10:06:10,687  INFO Test worker SimpleJobLauncher:139 - Job: [FlowJob: [name=ioSampleJob]] launched with the following parameters: [{random=675002, inputFile=data/iosample/input/fixedLength.txt, outputFile=file:./build/test-outputs/fixedLengthOutput.txt}]
10:06:10,701  INFO Test worker SimpleStepHandler:146 - Executing step: [step1]
10:06:10,752  INFO Test worker SimpleJobLauncher:142 - Job: [FlowJob: [name=ioSampleJob]] completed with the following parameters: [{random=675002, inputFile=data/iosample/input/fixedLength.txt, outputFile=file:./build/test-outputs/fixedLengthOutput.txt}] and the following status: [COMPLETED]
]]></system-out>
  <system-err><![CDATA[]]></system-err>
</testsuite>
