<?xml version="1.0" encoding="UTF-8"?>
<testsuite name="org.springframework.batch.sample.CustomerFilterJobFunctionalTests" tests="1" skipped="0" failures="0" errors="0" timestamp="2017-03-23T15:05:52" hostname="Michaels-MacBook-Pro-3.local" time="0.147">
  <properties/>
  <testcase name="testFilterJob" classname="org.springframework.batch.sample.CustomerFilterJobFunctionalTests" time="0.147"/>
  <system-out><![CDATA[10:05:51,494  INFO Test worker DefaultTestContextBootstrapper:260 - Loaded default TestExecutionListener class names from location [META-INF/spring.factories]: [org.springframework.test.context.web.ServletTestExecutionListener, org.springframework.test.context.support.DirtiesContextBeforeModesTestExecutionListener, org.springframework.test.context.support.DependencyInjectionTestExecutionListener, org.springframework.test.context.support.DirtiesContextTestExecutionListener, org.springframework.test.context.transaction.TransactionalTestExecutionListener, org.springframework.test.context.jdbc.SqlScriptsTestExecutionListener]
10:05:51,495  INFO Test worker DefaultTestContextBootstrapper:187 - Using TestExecutionListeners: [org.springframework.test.context.web.ServletTestExecutionListener@4d0c6c69, org.springframework.test.context.support.DirtiesContextBeforeModesTestExecutionListener@1e5b35d2, org.springframework.test.context.support.DependencyInjectionTestExecutionListener@78b44e16, org.springframework.test.context.support.DirtiesContextTestExecutionListener@277960b0, org.springframework.test.context.transaction.TransactionalTestExecutionListener@9b82f12, org.springframework.test.context.jdbc.SqlScriptsTestExecutionListener@4e0a6e52]
10:05:51,499  INFO Test worker XmlBeanDefinitionReader:317 - Loading XML bean definitions from class path resource [simple-job-launcher-context.xml]
10:05:51,519  INFO Test worker XmlBeanDefinitionReader:317 - Loading XML bean definitions from class path resource [data-source-context.xml]
10:05:51,542  INFO Test worker XmlBeanDefinitionReader:317 - Loading XML bean definitions from class path resource [org/springframework/batch/sample/config/common-context.xml]
10:05:51,557  INFO Test worker XmlBeanDefinitionReader:317 - Loading XML bean definitions from class path resource [jobs/customerFilterJob.xml]
10:05:51,582  INFO Test worker XmlBeanDefinitionReader:317 - Loading XML bean definitions from class path resource [job-runner-context.xml]
10:05:51,599  INFO Test worker GenericApplicationContext:581 - Refreshing org.springframework.context.support.GenericApplicationContext@14944d7b: startup date [Thu Mar 23 10:05:51 CDT 2017]; root of context hierarchy
10:05:51,675  INFO Test worker AutowiredAnnotationBeanPostProcessor:151 - JSR-330 'javax.inject.Inject' annotation found and supported for autowiring
10:05:51,702  INFO Test worker PostProcessorRegistrationDelegate$BeanPostProcessorChecker:325 - Bean 'jobRegistry' of type [class org.springframework.batch.core.configuration.support.MapJobRegistry] is not eligible for getting processed by all BeanPostProcessors (for example: not eligible for auto-proxying)
10:05:51,730  INFO Test worker ScriptUtils:442 - Executing SQL script from class path resource [org/springframework/batch/core/schema-drop-hsqldb.sql]
10:05:51,736  INFO Test worker ScriptUtils:508 - Executed SQL script from class path resource [org/springframework/batch/core/schema-drop-hsqldb.sql] in 5 ms.
10:05:51,736  INFO Test worker ScriptUtils:442 - Executing SQL script from class path resource [org/springframework/batch/core/schema-hsqldb.sql]
10:05:51,746  INFO Test worker ScriptUtils:508 - Executed SQL script from class path resource [org/springframework/batch/core/schema-hsqldb.sql] in 9 ms.
10:05:51,746  INFO Test worker ScriptUtils:442 - Executing SQL script from class path resource [business-schema-hsqldb.sql]
10:05:51,761  INFO Test worker ScriptUtils:508 - Executed SQL script from class path resource [business-schema-hsqldb.sql] in 15 ms.
10:05:51,778  INFO Test worker JobRepositoryFactoryBean:184 - No database type set, using meta data indicating: HSQL
10:05:51,780  INFO Test worker SimpleJobLauncher:201 - No TaskExecutor has been set, defaulting to synchronous executor.
10:05:52,089  INFO Test worker SimpleJobLauncher:139 - Job: [FlowJob: [name=customerFilterJob]] launched with the following parameters: [{random=83647}]
10:05:52,118  INFO Test worker SimpleStepHandler:146 - Executing step: [uploadCustomer]
10:05:52,176 ERROR Test worker CommandLineJobRunner:37 - invalid customer encountered: [ Customer Update, name: [customer1], operation: [DELETE], credit: [0]]
10:05:52,203  INFO Test worker SimpleJobLauncher:142 - Job: [FlowJob: [name=customerFilterJob]] completed with the following parameters: [{random=83647}] and the following status: [COMPLETED]
]]></system-out>
  <system-err><![CDATA[]]></system-err>
</testsuite>
