<?xml version="1.0" encoding="UTF-8"?>
<testsuite name="org.springframework.batch.sample.common.ExceptionThrowingItemReaderProxyTests" tests="1" skipped="0" failures="0" errors="0" timestamp="2017-03-23T15:05:49" hostname="Michaels-MacBook-Pro-3.local" time="0.003">
  <properties/>
  <testcase name="testProcess" classname="org.springframework.batch.sample.common.ExceptionThrowingItemReaderProxyTests" time="0.003"/>
  <system-out><![CDATA[]]></system-out>
  <system-err><![CDATA[]]></system-err>
</testsuite>
