<?xml version="1.0" encoding="UTF-8"?>
<testsuite name="org.springframework.batch.sample.JobOperatorFunctionalTests" tests="2" skipped="0" failures="0" errors="0" timestamp="2017-03-23T15:06:20" hostname="Michaels-MacBook-Pro-3.local" time="2.786">
  <properties/>
  <testcase name="testStartStopResumeJob" classname="org.springframework.batch.sample.JobOperatorFunctionalTests" time="2.739"/>
  <testcase name="testMultipleSimultaneousInstances" classname="org.springframework.batch.sample.JobOperatorFunctionalTests" time="0.047"/>
  <system-out><![CDATA[10:06:20,133  INFO Test worker DefaultTestContextBootstrapper:260 - Loaded default TestExecutionListener class names from location [META-INF/spring.factories]: [org.springframework.test.context.web.ServletTestExecutionListener, org.springframework.test.context.support.DirtiesContextBeforeModesTestExecutionListener, org.springframework.test.context.support.DependencyInjectionTestExecutionListener, org.springframework.test.context.support.DirtiesContextTestExecutionListener, org.springframework.test.context.transaction.TransactionalTestExecutionListener, org.springframework.test.context.jdbc.SqlScriptsTestExecutionListener]
10:06:20,134  INFO Test worker DefaultTestContextBootstrapper:187 - Using TestExecutionListeners: [org.springframework.test.context.web.ServletTestExecutionListener@521ebea0, org.springframework.test.context.support.DirtiesContextBeforeModesTestExecutionListener@3d5cb002, org.springframework.test.context.support.DependencyInjectionTestExecutionListener@78b99da6, org.springframework.test.context.support.DirtiesContextTestExecutionListener@91a8fad, org.springframework.test.context.transaction.TransactionalTestExecutionListener@2e56db90, org.springframework.test.context.jdbc.SqlScriptsTestExecutionListener@7652b2f8]
10:06:20,135  INFO Test worker XmlBeanDefinitionReader:317 - Loading XML bean definitions from class path resource [simple-job-launcher-context.xml]
10:06:20,150  INFO Test worker XmlBeanDefinitionReader:317 - Loading XML bean definitions from class path resource [data-source-context.xml]
10:06:20,167  INFO Test worker XmlBeanDefinitionReader:317 - Loading XML bean definitions from class path resource [org/springframework/batch/sample/config/common-context.xml]
10:06:20,178  INFO Test worker XmlBeanDefinitionReader:317 - Loading XML bean definitions from class path resource [jobs/infiniteLoopJob.xml]
10:06:20,187  INFO Test worker DefaultListableBeanFactory:818 - Overriding bean definition for bean 'jobLauncher' with a different definition: replacing [Generic bean: class [org.springframework.batch.core.launch.support.SimpleJobLauncher]; scope=; abstract=false; lazyInit=false; autowireMode=0; dependencyCheck=0; autowireCandidate=true; primary=false; factoryBeanName=null; factoryMethodName=null; initMethodName=null; destroyMethodName=null; defined in class path resource [simple-job-launcher-context.xml]] with [Generic bean: class [org.springframework.batch.core.launch.support.SimpleJobLauncher]; scope=; abstract=false; lazyInit=false; autowireMode=0; dependencyCheck=0; autowireCandidate=true; primary=false; factoryBeanName=null; factoryMethodName=null; initMethodName=null; destroyMethodName=null; defined in class path resource [jobs/infiniteLoopJob.xml]]
10:06:20,189  INFO Test worker GenericApplicationContext:581 - Refreshing org.springframework.context.support.GenericApplicationContext@42324539: startup date [Thu Mar 23 10:06:20 CDT 2017]; root of context hierarchy
10:06:20,250  INFO Test worker AutowiredAnnotationBeanPostProcessor:151 - JSR-330 'javax.inject.Inject' annotation found and supported for autowiring
10:06:20,288  INFO Test worker PostProcessorRegistrationDelegate$BeanPostProcessorChecker:325 - Bean 'jobRegistry' of type [class org.springframework.batch.core.configuration.support.MapJobRegistry] is not eligible for getting processed by all BeanPostProcessors (for example: not eligible for auto-proxying)
10:06:20,314  INFO Test worker ScriptUtils:442 - Executing SQL script from class path resource [org/springframework/batch/core/schema-drop-hsqldb.sql]
10:06:20,318  INFO Test worker ScriptUtils:508 - Executed SQL script from class path resource [org/springframework/batch/core/schema-drop-hsqldb.sql] in 3 ms.
10:06:20,319  INFO Test worker ScriptUtils:442 - Executing SQL script from class path resource [org/springframework/batch/core/schema-hsqldb.sql]
10:06:20,324  INFO Test worker ScriptUtils:508 - Executed SQL script from class path resource [org/springframework/batch/core/schema-hsqldb.sql] in 5 ms.
10:06:20,325  INFO Test worker ScriptUtils:442 - Executing SQL script from class path resource [business-schema-hsqldb.sql]
10:06:20,332  INFO Test worker ScriptUtils:508 - Executed SQL script from class path resource [business-schema-hsqldb.sql] in 7 ms.
10:06:20,348  INFO Test worker JobRepositoryFactoryBean:184 - No database type set, using meta data indicating: HSQL
10:06:20,384  INFO Test worker FaultTolerantStepBuilder:369 - Setting commit interval to default value (1)
10:06:20,416  INFO Test worker SimpleJobOperator:299 - Checking status of job with name=infiniteLoopJob
10:06:20,418  INFO Test worker SimpleJobOperator:312 - Attempting to launch job with name=infiniteLoopJob and parameters={jobOperatorTestParam=7}
10:06:20,423  INFO SimpleAsyncTaskExecutor-1 SimpleJobLauncher:139 - Job: [SimpleJob: [name=infiniteLoopJob]] launched with the following parameters: [{{jobOperatorTestParam=7}}]
10:06:20,434  INFO SimpleAsyncTaskExecutor-1 SimpleStepHandler:146 - Executing step: [infiniteStep]
10:06:21,454  INFO Test worker JobOperatorFunctionalTests:102 - Checking for running JobExecution: count=0
10:06:21,559  INFO Test worker JobOperatorFunctionalTests:102 - Checking for running JobExecution: count=1
10:06:21,671  INFO Test worker JobOperatorFunctionalTests:102 - Checking for running JobExecution: count=2
10:06:21,778  INFO Test worker JobOperatorFunctionalTests:102 - Checking for running JobExecution: count=3
10:06:21,889  INFO Test worker JobOperatorFunctionalTests:102 - Checking for running JobExecution: count=4
10:06:21,956  INFO SimpleAsyncTaskExecutor-1 SimpleJobRepository:281 - Parent JobExecution is stopped, so passing message on to StepExecution
10:06:21,956  INFO SimpleAsyncTaskExecutor-1 ThreadStepInterruptionPolicy:60 - Step interrupted through StepExecution
10:06:21,957  INFO SimpleAsyncTaskExecutor-1 AbstractStep:223 - Encountered interruption executing step infiniteStep in job infiniteLoopJob : Job interrupted status detected.
10:06:21,959  INFO SimpleAsyncTaskExecutor-1 SimpleJobRepository:281 - Parent JobExecution is stopped, so passing message on to StepExecution
10:06:21,960  INFO SimpleAsyncTaskExecutor-1 AbstractJob:326 - Encountered interruption executing job: Job interrupted by step execution
10:06:21,961  INFO SimpleAsyncTaskExecutor-1 SimpleJobLauncher:142 - Job: [SimpleJob: [name=infiniteLoopJob]] completed with the following parameters: [{{jobOperatorTestParam=7}}] and the following status: [STOPPED]
10:06:22,004  INFO Test worker JobOperatorFunctionalTests:115 - {0=StepExecution: id=0, version=5, name=infiniteStep, status=STOPPED, exitStatus=STOPPED, readCount=3, filterCount=0, writeCount=3 readSkipCount=0, writeSkipCount=0, processSkipCount=0, commitCount=3, rollbackCount=0, exitDescription=org.springframework.batch.core.JobInterruptedException}
10:06:22,004  INFO Test worker SimpleJobOperator:270 - Checking status of job execution with id=0
10:06:22,007  INFO Test worker SimpleJobOperator:278 - Attempting to resume job with name=infiniteLoopJob and parameters={{jobOperatorTestParam=7}}
10:06:22,018  INFO SimpleAsyncTaskExecutor-2 SimpleJobLauncher:139 - Job: [SimpleJob: [name=infiniteLoopJob]] launched with the following parameters: [{{jobOperatorTestParam=7}}]
10:06:22,028  INFO SimpleAsyncTaskExecutor-2 SimpleStepHandler:146 - Executing step: [infiniteStep]
10:06:23,037  INFO Test worker JobOperatorFunctionalTests:102 - Checking for running JobExecution: count=0
10:06:23,043  INFO SimpleAsyncTaskExecutor-2 SimpleJobRepository:281 - Parent JobExecution is stopped, so passing message on to StepExecution
10:06:23,043  INFO SimpleAsyncTaskExecutor-2 ThreadStepInterruptionPolicy:60 - Step interrupted through StepExecution
10:06:23,043  INFO SimpleAsyncTaskExecutor-2 AbstractStep:223 - Encountered interruption executing step infiniteStep in job infiniteLoopJob : Job interrupted status detected.
10:06:23,045  INFO SimpleAsyncTaskExecutor-2 SimpleJobRepository:281 - Parent JobExecution is stopped, so passing message on to StepExecution
10:06:23,094  INFO SimpleAsyncTaskExecutor-2 AbstractJob:326 - Encountered interruption executing job: Job interrupted by step execution
10:06:23,095  INFO SimpleAsyncTaskExecutor-2 SimpleJobLauncher:142 - Job: [SimpleJob: [name=infiniteLoopJob]] completed with the following parameters: [{{jobOperatorTestParam=7}}] and the following status: [STOPPED]
10:06:23,149  INFO Test worker JobOperatorFunctionalTests:115 - {1=StepExecution: id=1, version=4, name=infiniteStep, status=STOPPED, exitStatus=STOPPED, readCount=2, filterCount=0, writeCount=2 readSkipCount=0, writeSkipCount=0, processSkipCount=0, commitCount=2, rollbackCount=0, exitDescription=org.springframework.batch.core.JobInterruptedException}
10:06:23,155  INFO Test worker SimpleJobOperator:340 - Locating parameters for next instance of job with name=infiniteLoopJob
10:06:23,160  INFO Test worker SimpleJobOperator:362 - Attempting to launch job with name=infiniteLoopJob and parameters={{jobOperatorTestParam=7}, run.id=1}
10:06:23,166  INFO Test worker SimpleJobOperator:340 - Locating parameters for next instance of job with name=infiniteLoopJob
10:06:23,166  INFO SimpleAsyncTaskExecutor-3 SimpleJobLauncher:139 - Job: [SimpleJob: [name=infiniteLoopJob]] launched with the following parameters: [{{jobOperatorTestParam=7}, run.id=1}]
10:06:23,169  INFO Test worker SimpleJobOperator:362 - Attempting to launch job with name=infiniteLoopJob and parameters={run.id=2, {jobOperatorTestParam=7}}
10:06:23,172  INFO SimpleAsyncTaskExecutor-3 SimpleStepHandler:146 - Executing step: [infiniteStep]
10:06:23,177  INFO SimpleAsyncTaskExecutor-4 SimpleJobLauncher:139 - Job: [SimpleJob: [name=infiniteLoopJob]] launched with the following parameters: [{run.id=2, {jobOperatorTestParam=7}}]
10:06:23,183  INFO SimpleAsyncTaskExecutor-4 SimpleStepHandler:146 - Executing step: [infiniteStep]
]]></system-out>
  <system-err><![CDATA[]]></system-err>
</testsuite>
