<?xml version="1.0" encoding="UTF-8"?>
<testsuite name="org.springframework.batch.sample.iosample.IbatisFunctionalTests" tests="1" skipped="0" failures="0" errors="0" timestamp="2017-03-23T15:06:12" hostname="Michaels-MacBook-Pro-3.local" time="0.066">
  <properties/>
  <testcase name="testUpdateCredit" classname="org.springframework.batch.sample.iosample.IbatisFunctionalTests" time="0.066"/>
  <system-out><![CDATA[10:06:12,028  INFO Test worker DefaultTestContextBootstrapper:187 - Using TestExecutionListeners: [org.springframework.test.context.support.DependencyInjectionTestExecutionListener@1b6a54b9, org.springframework.batch.test.StepScopeTestExecutionListener@c5c136d]
10:06:12,032  INFO Test worker XmlBeanDefinitionReader:317 - Loading XML bean definitions from class path resource [simple-job-launcher-context.xml]
10:06:12,049  INFO Test worker XmlBeanDefinitionReader:317 - Loading XML bean definitions from class path resource [data-source-context.xml]
10:06:12,064  INFO Test worker XmlBeanDefinitionReader:317 - Loading XML bean definitions from class path resource [org/springframework/batch/sample/config/common-context.xml]
10:06:12,071  INFO Test worker XmlBeanDefinitionReader:317 - Loading XML bean definitions from class path resource [job-runner-context.xml]
10:06:12,083  INFO Test worker XmlBeanDefinitionReader:317 - Loading XML bean definitions from class path resource [jobs/ioSampleJob.xml]
10:06:12,098  INFO Test worker XmlBeanDefinitionReader:317 - Loading XML bean definitions from class path resource [jobs/iosample/ibatis.xml]
10:06:12,107  INFO Test worker GenericApplicationContext:581 - Refreshing org.springframework.context.support.GenericApplicationContext@62ea18d5: startup date [Thu Mar 23 10:06:12 CDT 2017]; root of context hierarchy
10:06:12,176  INFO Test worker AutowiredAnnotationBeanPostProcessor:151 - JSR-330 'javax.inject.Inject' annotation found and supported for autowiring
10:06:12,200  INFO Test worker PostProcessorRegistrationDelegate$BeanPostProcessorChecker:325 - Bean 'jobRegistry' of type [class org.springframework.batch.core.configuration.support.MapJobRegistry] is not eligible for getting processed by all BeanPostProcessors (for example: not eligible for auto-proxying)
10:06:12,220  INFO Test worker ScriptUtils:442 - Executing SQL script from class path resource [org/springframework/batch/core/schema-drop-hsqldb.sql]
10:06:12,224  INFO Test worker ScriptUtils:508 - Executed SQL script from class path resource [org/springframework/batch/core/schema-drop-hsqldb.sql] in 4 ms.
10:06:12,225  INFO Test worker ScriptUtils:442 - Executing SQL script from class path resource [org/springframework/batch/core/schema-hsqldb.sql]
10:06:12,232  INFO Test worker ScriptUtils:508 - Executed SQL script from class path resource [org/springframework/batch/core/schema-hsqldb.sql] in 6 ms.
10:06:12,233  INFO Test worker ScriptUtils:442 - Executing SQL script from class path resource [business-schema-hsqldb.sql]
10:06:12,239  INFO Test worker ScriptUtils:508 - Executed SQL script from class path resource [business-schema-hsqldb.sql] in 6 ms.
10:06:12,255  INFO Test worker JobRepositoryFactoryBean:184 - No database type set, using meta data indicating: HSQL
10:06:12,256  INFO Test worker SimpleJobLauncher:201 - No TaskExecutor has been set, defaulting to synchronous executor.
10:06:12,709  INFO Test worker SimpleJobLauncher:139 - Job: [FlowJob: [name=ioSampleJob]] launched with the following parameters: [{random=321949}]
10:06:12,718  INFO Test worker SimpleStepHandler:146 - Executing step: [step1]
10:06:12,754  INFO Test worker SimpleJobLauncher:142 - Job: [FlowJob: [name=ioSampleJob]] completed with the following parameters: [{random=321949}] and the following status: [COMPLETED]
]]></system-out>
  <system-err><![CDATA[]]></system-err>
</testsuite>
