<?xml version="1.0" encoding="UTF-8"?>
<testsuite name="org.springframework.batch.sample.support.ItemTrackingItemWriterTests" tests="2" skipped="0" failures="0" errors="0" timestamp="2017-03-23T15:06:39" hostname="Michaels-MacBook-Pro-3.local" time="0.001">
  <properties/>
  <testcase name="testWriteFailure" classname="org.springframework.batch.sample.support.ItemTrackingItemWriterTests" time="0.001"/>
  <testcase name="testWrite" classname="org.springframework.batch.sample.support.ItemTrackingItemWriterTests" time="0.0"/>
  <system-out><![CDATA[]]></system-out>
  <system-err><![CDATA[]]></system-err>
</testsuite>
