<?xml version="1.0" encoding="UTF-8"?>
<testsuite name="org.springframework.batch.sample.iosample.MultiLineFunctionalTests" tests="1" skipped="0" failures="0" errors="0" timestamp="2017-03-23T15:06:15" hostname="Michaels-MacBook-Pro-3.local" time="0.051">
  <properties/>
  <testcase name="testJob" classname="org.springframework.batch.sample.iosample.MultiLineFunctionalTests" time="0.051"/>
  <system-out><![CDATA[10:06:15,461  INFO Test worker DefaultTestContextBootstrapper:260 - Loaded default TestExecutionListener class names from location [META-INF/spring.factories]: [org.springframework.test.context.web.ServletTestExecutionListener, org.springframework.test.context.support.DirtiesContextBeforeModesTestExecutionListener, org.springframework.test.context.support.DependencyInjectionTestExecutionListener, org.springframework.test.context.support.DirtiesContextTestExecutionListener, org.springframework.test.context.transaction.TransactionalTestExecutionListener, org.springframework.test.context.jdbc.SqlScriptsTestExecutionListener]
10:06:15,463  INFO Test worker DefaultTestContextBootstrapper:187 - Using TestExecutionListeners: [org.springframework.test.context.web.ServletTestExecutionListener@183fb614, org.springframework.test.context.support.DirtiesContextBeforeModesTestExecutionListener@2258f198, org.springframework.test.context.support.DependencyInjectionTestExecutionListener@4149f7af, org.springframework.test.context.support.DirtiesContextTestExecutionListener@29728557, org.springframework.test.context.transaction.TransactionalTestExecutionListener@4c18097b, org.springframework.test.context.jdbc.SqlScriptsTestExecutionListener@29a9e551]
10:06:15,464  INFO Test worker XmlBeanDefinitionReader:317 - Loading XML bean definitions from class path resource [simple-job-launcher-context.xml]
10:06:15,479  INFO Test worker XmlBeanDefinitionReader:317 - Loading XML bean definitions from class path resource [data-source-context.xml]
10:06:15,505  INFO Test worker XmlBeanDefinitionReader:317 - Loading XML bean definitions from class path resource [org/springframework/batch/sample/config/common-context.xml]
10:06:15,516  INFO Test worker XmlBeanDefinitionReader:317 - Loading XML bean definitions from class path resource [jobs/iosample/multiLine.xml]
10:06:15,532  INFO Test worker XmlBeanDefinitionReader:317 - Loading XML bean definitions from class path resource [job-runner-context.xml]
10:06:15,542  INFO Test worker GenericApplicationContext:581 - Refreshing org.springframework.context.support.GenericApplicationContext@27539b44: startup date [Thu Mar 23 10:06:15 CDT 2017]; root of context hierarchy
10:06:15,601  INFO Test worker AutowiredAnnotationBeanPostProcessor:151 - JSR-330 'javax.inject.Inject' annotation found and supported for autowiring
10:06:15,635  INFO Test worker PostProcessorRegistrationDelegate$BeanPostProcessorChecker:325 - Bean 'jobRegistry' of type [class org.springframework.batch.core.configuration.support.MapJobRegistry] is not eligible for getting processed by all BeanPostProcessors (for example: not eligible for auto-proxying)
10:06:15,657  INFO Test worker ScriptUtils:442 - Executing SQL script from class path resource [org/springframework/batch/core/schema-drop-hsqldb.sql]
10:06:15,662  INFO Test worker ScriptUtils:508 - Executed SQL script from class path resource [org/springframework/batch/core/schema-drop-hsqldb.sql] in 4 ms.
10:06:15,662  INFO Test worker ScriptUtils:442 - Executing SQL script from class path resource [org/springframework/batch/core/schema-hsqldb.sql]
10:06:15,668  INFO Test worker ScriptUtils:508 - Executed SQL script from class path resource [org/springframework/batch/core/schema-hsqldb.sql] in 5 ms.
10:06:15,669  INFO Test worker ScriptUtils:442 - Executing SQL script from class path resource [business-schema-hsqldb.sql]
10:06:15,678  INFO Test worker ScriptUtils:508 - Executed SQL script from class path resource [business-schema-hsqldb.sql] in 7 ms.
10:06:15,694  INFO Test worker JobRepositoryFactoryBean:184 - No database type set, using meta data indicating: HSQL
10:06:15,696  INFO Test worker SimpleJobLauncher:201 - No TaskExecutor has been set, defaulting to synchronous executor.
10:06:15,791  INFO Test worker SimpleJobLauncher:139 - Job: [FlowJob: [name=ioSampleJob]] launched with the following parameters: [{random=199987}]
10:06:15,802  INFO Test worker SimpleStepHandler:146 - Executing step: [step1]
10:06:15,831  INFO Test worker SimpleJobLauncher:142 - Job: [FlowJob: [name=ioSampleJob]] completed with the following parameters: [{random=199987}] and the following status: [COMPLETED]
]]></system-out>
  <system-err><![CDATA[]]></system-err>
</testsuite>
