<?xml version="1.0" encoding="UTF-8"?>
<testsuite name="org.springframework.batch.sample.domain.football.internal.JdbcGameDaoIntegrationTests" tests="1" skipped="0" failures="0" errors="0" timestamp="2017-03-23T15:05:55" hostname="Michaels-MacBook-Pro-3.local" time="0.106">
  <properties/>
  <testcase name="testWrite" classname="org.springframework.batch.sample.domain.football.internal.JdbcGameDaoIntegrationTests" time="0.106"/>
  <system-out><![CDATA[10:05:54,854  INFO Test worker DefaultTestContextBootstrapper:260 - Loaded default TestExecutionListener class names from location [META-INF/spring.factories]: [org.springframework.test.context.web.ServletTestExecutionListener, org.springframework.test.context.support.DirtiesContextBeforeModesTestExecutionListener, org.springframework.test.context.support.DependencyInjectionTestExecutionListener, org.springframework.test.context.support.DirtiesContextTestExecutionListener, org.springframework.test.context.transaction.TransactionalTestExecutionListener, org.springframework.test.context.jdbc.SqlScriptsTestExecutionListener]
10:05:54,855  INFO Test worker DefaultTestContextBootstrapper:187 - Using TestExecutionListeners: [org.springframework.test.context.web.ServletTestExecutionListener@263d479, org.springframework.test.context.support.DirtiesContextBeforeModesTestExecutionListener@27888923, org.springframework.test.context.support.DependencyInjectionTestExecutionListener@35cfe34e, org.springframework.test.context.support.DirtiesContextTestExecutionListener@42f5cc57, org.springframework.test.context.transaction.TransactionalTestExecutionListener@5ea9186c, org.springframework.test.context.jdbc.SqlScriptsTestExecutionListener@3d0b530b]
10:05:54,856  INFO Test worker XmlBeanDefinitionReader:317 - Loading XML bean definitions from class path resource [data-source-context.xml]
10:05:54,876  INFO Test worker GenericApplicationContext:581 - Refreshing org.springframework.context.support.GenericApplicationContext@77140277: startup date [Thu Mar 23 10:05:54 CDT 2017]; root of context hierarchy
10:05:54,907  INFO Test worker AutowiredAnnotationBeanPostProcessor:151 - JSR-330 'javax.inject.Inject' annotation found and supported for autowiring
10:05:54,947  INFO Test worker ScriptUtils:442 - Executing SQL script from class path resource [org/springframework/batch/core/schema-drop-hsqldb.sql]
10:05:54,953  INFO Test worker ScriptUtils:508 - Executed SQL script from class path resource [org/springframework/batch/core/schema-drop-hsqldb.sql] in 5 ms.
10:05:54,953  INFO Test worker ScriptUtils:442 - Executing SQL script from class path resource [org/springframework/batch/core/schema-hsqldb.sql]
10:05:54,961  INFO Test worker ScriptUtils:508 - Executed SQL script from class path resource [org/springframework/batch/core/schema-hsqldb.sql] in 7 ms.
10:05:54,962  INFO Test worker ScriptUtils:442 - Executing SQL script from class path resource [business-schema-hsqldb.sql]
10:05:54,974  INFO Test worker ScriptUtils:508 - Executed SQL script from class path resource [business-schema-hsqldb.sql] in 12 ms.
10:05:55,011  INFO Test worker TransactionContext:98 - Began transaction (1) for test context [DefaultTestContext@2d37a42f testClass = JdbcGameDaoIntegrationTests, testInstance = org.springframework.batch.sample.domain.football.internal.JdbcGameDaoIntegrationTests@69186c5d, testMethod = testWrite@JdbcGameDaoIntegrationTests, testException = [null], mergedContextConfiguration = [MergedContextConfiguration@c32c3e2 testClass = JdbcGameDaoIntegrationTests, locations = '{classpath:/data-source-context.xml}', classes = '{}', contextInitializerClasses = '[]', activeProfiles = '{}', propertySourceLocations = '{}', propertySourceProperties = '{}', contextCustomizers = set[[empty]], contextLoader = 'org.springframework.test.context.support.DelegatingSmartContextLoader', parent = [null]], attributes = map[[empty]]]; transaction manager [org.springframework.jdbc.datasource.DataSourceTransactionManager@169b402a]; rollback [true]
10:05:55,112  INFO Test worker TransactionContext:131 - Rolled back transaction for test context [DefaultTestContext@2d37a42f testClass = JdbcGameDaoIntegrationTests, testInstance = org.springframework.batch.sample.domain.football.internal.JdbcGameDaoIntegrationTests@69186c5d, testMethod = testWrite@JdbcGameDaoIntegrationTests, testException = [null], mergedContextConfiguration = [MergedContextConfiguration@c32c3e2 testClass = JdbcGameDaoIntegrationTests, locations = '{classpath:/data-source-context.xml}', classes = '{}', contextInitializerClasses = '[]', activeProfiles = '{}', propertySourceLocations = '{}', propertySourceProperties = '{}', contextCustomizers = set[[empty]], contextLoader = 'org.springframework.test.context.support.DelegatingSmartContextLoader', parent = [null]], attributes = map[[empty]]].
]]></system-out>
  <system-err><![CDATA[]]></system-err>
</testsuite>
