<?xml version="1.0" encoding="UTF-8"?>
<testsuite name="org.springframework.batch.sample.domain.order.internal.validator.OrderValidatorTests" tests="8" skipped="0" failures="0" errors="0" timestamp="2017-03-23T15:05:55" hostname="Michaels-MacBook-Pro-3.local" time="0.02">
  <properties/>
  <testcase name="testValidAddress" classname="org.springframework.batch.sample.domain.order.internal.validator.OrderValidatorTests" time="0.007"/>
  <testcase name="testSupports" classname="org.springframework.batch.sample.domain.order.internal.validator.OrderValidatorTests" time="0.0"/>
  <testcase name="testValidOrder" classname="org.springframework.batch.sample.domain.order.internal.validator.OrderValidatorTests" time="0.001"/>
  <testcase name="testValidPayment" classname="org.springframework.batch.sample.domain.order.internal.validator.OrderValidatorTests" time="0.003"/>
  <testcase name="testValidLineItems" classname="org.springframework.batch.sample.domain.order.internal.validator.OrderValidatorTests" time="0.002"/>
  <testcase name="testValidShipping" classname="org.springframework.batch.sample.domain.order.internal.validator.OrderValidatorTests" time="0.002"/>
  <testcase name="testNotAnOrder" classname="org.springframework.batch.sample.domain.order.internal.validator.OrderValidatorTests" time="0.001"/>
  <testcase name="testValidCustomer" classname="org.springframework.batch.sample.domain.order.internal.validator.OrderValidatorTests" time="0.003"/>
  <system-out><![CDATA[]]></system-out>
  <system-err><![CDATA[]]></system-err>
</testsuite>
