<?xml version="1.0" encoding="UTF-8"?>
<testsuite name="org.springframework.batch.sample.HeaderFooterSampleFunctionalTests" tests="1" skipped="0" failures="0" errors="0" timestamp="2017-03-23T15:06:01" hostname="Michaels-MacBook-Pro-3.local" time="0.037">
  <properties/>
  <testcase name="testJob" classname="org.springframework.batch.sample.HeaderFooterSampleFunctionalTests" time="0.037"/>
  <system-out><![CDATA[10:06:01,396  INFO Test worker DefaultTestContextBootstrapper:260 - Loaded default TestExecutionListener class names from location [META-INF/spring.factories]: [org.springframework.test.context.web.ServletTestExecutionListener, org.springframework.test.context.support.DirtiesContextBeforeModesTestExecutionListener, org.springframework.test.context.support.DependencyInjectionTestExecutionListener, org.springframework.test.context.support.DirtiesContextTestExecutionListener, org.springframework.test.context.transaction.TransactionalTestExecutionListener, org.springframework.test.context.jdbc.SqlScriptsTestExecutionListener]
10:06:01,397  INFO Test worker DefaultTestContextBootstrapper:187 - Using TestExecutionListeners: [org.springframework.test.context.web.ServletTestExecutionListener@49351803, org.springframework.test.context.support.DirtiesContextBeforeModesTestExecutionListener@3123ee2d, org.springframework.test.context.support.DependencyInjectionTestExecutionListener@4b064197, org.springframework.test.context.support.DirtiesContextTestExecutionListener@74e27f0a, org.springframework.test.context.transaction.TransactionalTestExecutionListener@15769495, org.springframework.test.context.jdbc.SqlScriptsTestExecutionListener@3b8a5290]
10:06:01,398  INFO Test worker XmlBeanDefinitionReader:317 - Loading XML bean definitions from class path resource [simple-job-launcher-context.xml]
10:06:01,415  INFO Test worker XmlBeanDefinitionReader:317 - Loading XML bean definitions from class path resource [data-source-context.xml]
10:06:01,435  INFO Test worker XmlBeanDefinitionReader:317 - Loading XML bean definitions from class path resource [org/springframework/batch/sample/config/common-context.xml]
10:06:01,448  INFO Test worker XmlBeanDefinitionReader:317 - Loading XML bean definitions from class path resource [jobs/headerFooterSample.xml]
10:06:01,473  INFO Test worker XmlBeanDefinitionReader:317 - Loading XML bean definitions from class path resource [job-runner-context.xml]
10:06:01,490  INFO Test worker GenericApplicationContext:581 - Refreshing org.springframework.context.support.GenericApplicationContext@4279a68f: startup date [Thu Mar 23 10:06:01 CDT 2017]; root of context hierarchy
10:06:01,548  INFO Test worker AutowiredAnnotationBeanPostProcessor:151 - JSR-330 'javax.inject.Inject' annotation found and supported for autowiring
10:06:01,577  INFO Test worker PostProcessorRegistrationDelegate$BeanPostProcessorChecker:325 - Bean 'jobRegistry' of type [class org.springframework.batch.core.configuration.support.MapJobRegistry] is not eligible for getting processed by all BeanPostProcessors (for example: not eligible for auto-proxying)
10:06:01,595  INFO Test worker ScriptUtils:442 - Executing SQL script from class path resource [org/springframework/batch/core/schema-drop-hsqldb.sql]
10:06:01,607  INFO Test worker ScriptUtils:508 - Executed SQL script from class path resource [org/springframework/batch/core/schema-drop-hsqldb.sql] in 11 ms.
10:06:01,607  INFO Test worker ScriptUtils:442 - Executing SQL script from class path resource [org/springframework/batch/core/schema-hsqldb.sql]
10:06:01,616  INFO Test worker ScriptUtils:508 - Executed SQL script from class path resource [org/springframework/batch/core/schema-hsqldb.sql] in 5 ms.
10:06:01,617  INFO Test worker ScriptUtils:442 - Executing SQL script from class path resource [business-schema-hsqldb.sql]
10:06:01,628  INFO Test worker ScriptUtils:508 - Executed SQL script from class path resource [business-schema-hsqldb.sql] in 11 ms.
10:06:01,645  INFO Test worker JobRepositoryFactoryBean:184 - No database type set, using meta data indicating: HSQL
10:06:01,647  INFO Test worker SimpleJobLauncher:201 - No TaskExecutor has been set, defaulting to synchronous executor.
10:06:01,851  INFO Test worker SimpleJobLauncher:139 - Job: [FlowJob: [name=headerFooterSample]] launched with the following parameters: [{random=30952}]
10:06:01,860  INFO Test worker SimpleStepHandler:146 - Executing step: [step1]
10:06:01,879  INFO Test worker SimpleJobLauncher:142 - Job: [FlowJob: [name=headerFooterSample]] completed with the following parameters: [{random=30952}] and the following status: [COMPLETED]
]]></system-out>
  <system-err><![CDATA[]]></system-err>
</testsuite>
