<?xml version="1.0" encoding="UTF-8"?>
<testsuite name="org.springframework.batch.sample.PartitionJdbcJobFunctionalTests" tests="1" skipped="0" failures="0" errors="0" timestamp="2017-03-23T15:06:36" hostname="Michaels-MacBook-Pro-3.local" time="0.075">
  <properties/>
  <testcase name="testUpdateCredit" classname="org.springframework.batch.sample.PartitionJdbcJobFunctionalTests" time="0.075"/>
  <system-out><![CDATA[10:06:36,475  INFO Test worker DefaultTestContextBootstrapper:260 - Loaded default TestExecutionListener class names from location [META-INF/spring.factories]: [org.springframework.test.context.web.ServletTestExecutionListener, org.springframework.test.context.support.DirtiesContextBeforeModesTestExecutionListener, org.springframework.test.context.support.DependencyInjectionTestExecutionListener, org.springframework.test.context.support.DirtiesContextTestExecutionListener, org.springframework.test.context.transaction.TransactionalTestExecutionListener, org.springframework.test.context.jdbc.SqlScriptsTestExecutionListener]
10:06:36,475  INFO Test worker DefaultTestContextBootstrapper:187 - Using TestExecutionListeners: [org.springframework.test.context.web.ServletTestExecutionListener@2c7304a2, org.springframework.test.context.support.DirtiesContextBeforeModesTestExecutionListener@520e9685, org.springframework.test.context.support.DependencyInjectionTestExecutionListener@4457daee, org.springframework.test.context.support.DirtiesContextTestExecutionListener@a463d25, org.springframework.test.context.transaction.TransactionalTestExecutionListener@3ea46edb, org.springframework.test.context.jdbc.SqlScriptsTestExecutionListener@18386d34]
10:06:36,476  INFO Test worker XmlBeanDefinitionReader:317 - Loading XML bean definitions from class path resource [simple-job-launcher-context.xml]
10:06:36,495  INFO Test worker XmlBeanDefinitionReader:317 - Loading XML bean definitions from class path resource [data-source-context.xml]
10:06:36,511  INFO Test worker XmlBeanDefinitionReader:317 - Loading XML bean definitions from class path resource [org/springframework/batch/sample/config/common-context.xml]
10:06:36,518  INFO Test worker XmlBeanDefinitionReader:317 - Loading XML bean definitions from class path resource [jobs/partitionJdbcJob.xml]
10:06:36,529  INFO Test worker XmlBeanDefinitionReader:317 - Loading XML bean definitions from class path resource [job-runner-context.xml]
10:06:36,538  INFO Test worker GenericApplicationContext:581 - Refreshing org.springframework.context.support.GenericApplicationContext@62c24477: startup date [Thu Mar 23 10:06:36 CDT 2017]; root of context hierarchy
10:06:36,576  INFO Test worker DefaultListableBeanFactory:818 - Overriding bean definition for bean 'fileNameListener' with a different definition: replacing [Generic bean: class [org.springframework.batch.sample.common.OutputFileListener]; scope=step; abstract=false; lazyInit=false; autowireMode=0; dependencyCheck=0; autowireCandidate=false; primary=false; factoryBeanName=null; factoryMethodName=null; initMethodName=null; destroyMethodName=null; defined in class path resource [jobs/partitionJdbcJob.xml]] with [Root bean: class [org.springframework.aop.scope.ScopedProxyFactoryBean]; scope=; abstract=false; lazyInit=false; autowireMode=0; dependencyCheck=0; autowireCandidate=true; primary=false; factoryBeanName=null; factoryMethodName=null; initMethodName=null; destroyMethodName=null; defined in BeanDefinition defined in class path resource [jobs/partitionJdbcJob.xml]]
10:06:36,576  INFO Test worker DefaultListableBeanFactory:818 - Overriding bean definition for bean 'itemReader' with a different definition: replacing [Generic bean: class [org.springframework.batch.item.database.JdbcPagingItemReader]; scope=step; abstract=false; lazyInit=false; autowireMode=0; dependencyCheck=0; autowireCandidate=false; primary=false; factoryBeanName=null; factoryMethodName=null; initMethodName=null; destroyMethodName=null; defined in class path resource [jobs/partitionJdbcJob.xml]] with [Root bean: class [org.springframework.aop.scope.ScopedProxyFactoryBean]; scope=; abstract=false; lazyInit=false; autowireMode=0; dependencyCheck=0; autowireCandidate=false; primary=false; factoryBeanName=null; factoryMethodName=null; initMethodName=null; destroyMethodName=null; defined in BeanDefinition defined in class path resource [jobs/partitionJdbcJob.xml]]
10:06:36,576  INFO Test worker DefaultListableBeanFactory:818 - Overriding bean definition for bean 'itemWriter' with a different definition: replacing [Generic bean: class [org.springframework.batch.item.file.FlatFileItemWriter]; scope=step; abstract=false; lazyInit=false; autowireMode=0; dependencyCheck=0; autowireCandidate=false; primary=false; factoryBeanName=null; factoryMethodName=null; initMethodName=null; destroyMethodName=null; defined in class path resource [jobs/partitionJdbcJob.xml]] with [Root bean: class [org.springframework.aop.scope.ScopedProxyFactoryBean]; scope=; abstract=false; lazyInit=false; autowireMode=0; dependencyCheck=0; autowireCandidate=true; primary=false; factoryBeanName=null; factoryMethodName=null; initMethodName=null; destroyMethodName=null; defined in BeanDefinition defined in class path resource [jobs/partitionJdbcJob.xml]]
10:06:36,581  INFO Test worker AutowiredAnnotationBeanPostProcessor:151 - JSR-330 'javax.inject.Inject' annotation found and supported for autowiring
10:06:36,600  INFO Test worker PostProcessorRegistrationDelegate$BeanPostProcessorChecker:325 - Bean 'jobRegistry' of type [class org.springframework.batch.core.configuration.support.MapJobRegistry] is not eligible for getting processed by all BeanPostProcessors (for example: not eligible for auto-proxying)
10:06:36,617  INFO Test worker ScriptUtils:442 - Executing SQL script from class path resource [org/springframework/batch/core/schema-drop-hsqldb.sql]
10:06:36,622  INFO Test worker ScriptUtils:508 - Executed SQL script from class path resource [org/springframework/batch/core/schema-drop-hsqldb.sql] in 2 ms.
10:06:36,622  INFO Test worker ScriptUtils:442 - Executing SQL script from class path resource [org/springframework/batch/core/schema-hsqldb.sql]
10:06:36,625  INFO Test worker ScriptUtils:508 - Executed SQL script from class path resource [org/springframework/batch/core/schema-hsqldb.sql] in 2 ms.
10:06:36,625  INFO Test worker ScriptUtils:442 - Executing SQL script from class path resource [business-schema-hsqldb.sql]
10:06:36,630  INFO Test worker ScriptUtils:508 - Executed SQL script from class path resource [business-schema-hsqldb.sql] in 4 ms.
10:06:36,640  INFO Test worker JobRepositoryFactoryBean:184 - No database type set, using meta data indicating: HSQL
10:06:36,641  INFO Test worker SimpleJobLauncher:201 - No TaskExecutor has been set, defaulting to synchronous executor.
10:06:36,751  INFO Test worker GenericApplicationContext:985 - Closing org.springframework.context.support.GenericApplicationContext@44fd69ce: startup date [Thu Mar 23 10:05:50 CDT 2017]; root of context hierarchy
10:06:36,761  INFO Test worker SimpleJobLauncher:139 - Job: [FlowJob: [name=partitionJdbcJob]] launched with the following parameters: [{random=999480}]
10:06:36,766  INFO Test worker SimpleStepHandler:146 - Executing step: [step]
10:06:36,814  INFO Test worker SimpleJobLauncher:142 - Job: [FlowJob: [name=partitionJdbcJob]] completed with the following parameters: [{random=999480}] and the following status: [COMPLETED]
]]></system-out>
  <system-err><![CDATA[]]></system-err>
</testsuite>
