<?xml version="1.0" encoding="UTF-8"?>
<testsuite name="org.springframework.batch.sample.common.OutputFileListenerTests" tests="4" skipped="0" failures="0" errors="0" timestamp="2017-03-23T15:05:49" hostname="Michaels-MacBook-Pro-3.local" time="0.007">
  <properties/>
  <testcase name="testSetInputKeyName" classname="org.springframework.batch.sample.common.OutputFileListenerTests" time="0.005"/>
  <testcase name="testCreateOutputNameFromInput" classname="org.springframework.batch.sample.common.OutputFileListenerTests" time="0.0"/>
  <testcase name="testSetPath" classname="org.springframework.batch.sample.common.OutputFileListenerTests" time="0.0"/>
  <testcase name="testSetOutputKeyName" classname="org.springframework.batch.sample.common.OutputFileListenerTests" time="0.0"/>
  <system-out><![CDATA[]]></system-out>
  <system-err><![CDATA[]]></system-err>
</testsuite>
