<?xml version="1.0" encoding="UTF-8"?>
<testsuite name="org.springframework.batch.sample.jmx.JobExecutionNotificationPublisherTests" tests="1" skipped="0" failures="0" errors="0" timestamp="2017-03-23T15:06:20" hostname="Michaels-MacBook-Pro-3.local" time="0.002">
  <properties/>
  <testcase name="testRepeatOperationsOpenUsed" classname="org.springframework.batch.sample.jmx.JobExecutionNotificationPublisherTests" time="0.002"/>
  <system-out><![CDATA[10:06:20,125  INFO Test worker JobExecutionNotificationPublisher:61 - message=[foo], org.springframework.batch.sample.jmx.SimpleMessageApplicationEvent[source=org.springframework.batch.sample.jmx.JobExecutionNotificationPublisherTests@7e31c89a]
]]></system-out>
  <system-err><![CDATA[]]></system-err>
</testsuite>
