<?xml version="1.0" encoding="UTF-8"?>
<testsuite name="org.springframework.batch.sample.domain.football.internal.JdbcPlayerDaoIntegrationTests" tests="1" skipped="0" failures="0" errors="0" timestamp="2017-03-23T15:05:55" hostname="Michaels-MacBook-Pro-3.local" time="0.017">
  <properties/>
  <testcase name="testSavePlayer" classname="org.springframework.batch.sample.domain.football.internal.JdbcPlayerDaoIntegrationTests" time="0.017"/>
  <system-out><![CDATA[10:05:55,120  INFO Test worker DefaultTestContextBootstrapper:260 - Loaded default TestExecutionListener class names from location [META-INF/spring.factories]: [org.springframework.test.context.web.ServletTestExecutionListener, org.springframework.test.context.support.DirtiesContextBeforeModesTestExecutionListener, org.springframework.test.context.support.DependencyInjectionTestExecutionListener, org.springframework.test.context.support.DirtiesContextTestExecutionListener, org.springframework.test.context.transaction.TransactionalTestExecutionListener, org.springframework.test.context.jdbc.SqlScriptsTestExecutionListener]
10:05:55,120  INFO Test worker DefaultTestContextBootstrapper:187 - Using TestExecutionListeners: [org.springframework.test.context.web.ServletTestExecutionListener@5f26e673, org.springframework.test.context.support.DirtiesContextBeforeModesTestExecutionListener@14cfb890, org.springframework.test.context.support.DependencyInjectionTestExecutionListener@5ea58e16, org.springframework.test.context.support.DirtiesContextTestExecutionListener@1943c91, org.springframework.test.context.transaction.TransactionalTestExecutionListener@69e947ae, org.springframework.test.context.jdbc.SqlScriptsTestExecutionListener@b693b]
10:05:55,131  INFO Test worker TransactionContext:98 - Began transaction (1) for test context [DefaultTestContext@3a027178 testClass = JdbcPlayerDaoIntegrationTests, testInstance = org.springframework.batch.sample.domain.football.internal.JdbcPlayerDaoIntegrationTests@3d81becf, testMethod = testSavePlayer@JdbcPlayerDaoIntegrationTests, testException = [null], mergedContextConfiguration = [MergedContextConfiguration@39702c7e testClass = JdbcPlayerDaoIntegrationTests, locations = '{classpath:/data-source-context.xml}', classes = '{}', contextInitializerClasses = '[]', activeProfiles = '{}', propertySourceLocations = '{}', propertySourceProperties = '{}', contextCustomizers = set[[empty]], contextLoader = 'org.springframework.test.context.support.DelegatingSmartContextLoader', parent = [null]], attributes = map[[empty]]]; transaction manager [org.springframework.jdbc.datasource.DataSourceTransactionManager@169b402a]; rollback [true]
10:05:55,146  INFO Test worker TransactionContext:131 - Rolled back transaction for test context [DefaultTestContext@3a027178 testClass = JdbcPlayerDaoIntegrationTests, testInstance = org.springframework.batch.sample.domain.football.internal.JdbcPlayerDaoIntegrationTests@3d81becf, testMethod = testSavePlayer@JdbcPlayerDaoIntegrationTests, testException = [null], mergedContextConfiguration = [MergedContextConfiguration@39702c7e testClass = JdbcPlayerDaoIntegrationTests, locations = '{classpath:/data-source-context.xml}', classes = '{}', contextInitializerClasses = '[]', activeProfiles = '{}', propertySourceLocations = '{}', propertySourceProperties = '{}', contextCustomizers = set[[empty]], contextLoader = 'org.springframework.test.context.support.DelegatingSmartContextLoader', parent = [null]], attributes = map[[empty]]].
]]></system-out>
  <system-err><![CDATA[]]></system-err>
</testsuite>
