<?xml version="1.0" encoding="UTF-8"?>
<testsuite name="org.springframework.batch.sample.domain.multiline.AggregateItemReaderTests" tests="1" skipped="0" failures="0" errors="0" timestamp="2017-03-23T15:05:55" hostname="Michaels-MacBook-Pro-3.local" time="0.004">
  <properties/>
  <testcase name="testNext" classname="org.springframework.batch.sample.domain.multiline.AggregateItemReaderTests" time="0.004"/>
  <system-out><![CDATA[10:05:55,183 DEBUG Test worker AggregateItemReader:80 - Start of new record detected
10:05:55,183 DEBUG Test worker AggregateItemReader:91 - Mapping: org.springframework.batch.sample.domain.multiline.AggregateItem@14e98080
10:05:55,184 DEBUG Test worker AggregateItemReader:91 - Mapping: org.springframework.batch.sample.domain.multiline.AggregateItem@2a39150
10:05:55,184 DEBUG Test worker AggregateItemReader:91 - Mapping: org.springframework.batch.sample.domain.multiline.AggregateItem@240ae90d
10:05:55,184 DEBUG Test worker AggregateItemReader:86 - End of record detected
10:05:55,185 DEBUG Test worker AggregateItemReader:73 - Exhausted ItemReader
]]></system-out>
  <system-err><![CDATA[]]></system-err>
</testsuite>
