<?xml version="1.0" encoding="UTF-8"?>
<testsuite name="org.springframework.batch.sample.common.StagingItemWriterTests" tests="1" skipped="0" failures="0" errors="0" timestamp="2017-03-23T15:05:50" hostname="Michaels-MacBook-Pro-3.local" time="0.014">
  <properties/>
  <testcase name="testProcessInsertsNewItem" classname="org.springframework.batch.sample.common.StagingItemWriterTests" time="0.014"/>
  <system-out><![CDATA[10:05:50,275  INFO Test worker AbstractContextLoader:252 - Detected default resource location "classpath:org/springframework/batch/sample/common/StagingItemWriterTests-context.xml" for test class [org.springframework.batch.sample.common.StagingItemWriterTests]
10:05:50,276  INFO Test worker AbstractDelegatingSmartContextLoader:176 - GenericGroovyXmlContextLoader detected default locations for context configuration [ContextConfigurationAttributes@6233a61d declaringClass = 'org.springframework.batch.sample.common.StagingItemWriterTests', classes = '{}', locations = '{classpath:org/springframework/batch/sample/common/StagingItemWriterTests-context.xml}', inheritLocations = true, initializers = '{}', inheritInitializers = true, name = [null], contextLoaderClass = 'org.springframework.test.context.ContextLoader'].
10:05:50,276  INFO Test worker AnnotationConfigContextLoaderUtils:81 - Could not detect default configuration classes for test class [org.springframework.batch.sample.common.StagingItemWriterTests]: StagingItemWriterTests does not declare any static, non-private, non-final, nested classes annotated with @Configuration.
10:05:50,279  INFO Test worker DefaultTestContextBootstrapper:260 - Loaded default TestExecutionListener class names from location [META-INF/spring.factories]: [org.springframework.test.context.web.ServletTestExecutionListener, org.springframework.test.context.support.DirtiesContextBeforeModesTestExecutionListener, org.springframework.test.context.support.DependencyInjectionTestExecutionListener, org.springframework.test.context.support.DirtiesContextTestExecutionListener, org.springframework.test.context.transaction.TransactionalTestExecutionListener, org.springframework.test.context.jdbc.SqlScriptsTestExecutionListener]
10:05:50,280  INFO Test worker DefaultTestContextBootstrapper:187 - Using TestExecutionListeners: [org.springframework.test.context.web.ServletTestExecutionListener@25e9fbed, org.springframework.test.context.support.DirtiesContextBeforeModesTestExecutionListener@e4c503a, org.springframework.test.context.support.DependencyInjectionTestExecutionListener@3dcfa4d5, org.springframework.test.context.support.DirtiesContextTestExecutionListener@1151bb82, org.springframework.test.context.transaction.TransactionalTestExecutionListener@7b8d0cd6, org.springframework.test.context.jdbc.SqlScriptsTestExecutionListener@17ac4e1d]
10:05:50,281  INFO Test worker XmlBeanDefinitionReader:317 - Loading XML bean definitions from class path resource [org/springframework/batch/sample/common/StagingItemWriterTests-context.xml]
10:05:50,297  INFO Test worker XmlBeanDefinitionReader:317 - Loading XML bean definitions from class path resource [staging-test-context.xml]
10:05:50,306  INFO Test worker XmlBeanDefinitionReader:317 - Loading XML bean definitions from class path resource [data-source-context.xml]
10:05:50,333  INFO Test worker GenericApplicationContext:581 - Refreshing org.springframework.context.support.GenericApplicationContext@5785b931: startup date [Thu Mar 23 10:05:50 CDT 2017]; root of context hierarchy
10:05:50,364  INFO Test worker AutowiredAnnotationBeanPostProcessor:151 - JSR-330 'javax.inject.Inject' annotation found and supported for autowiring
10:05:50,407  INFO Test worker ScriptUtils:442 - Executing SQL script from class path resource [org/springframework/batch/core/schema-drop-hsqldb.sql]
10:05:50,416  INFO Test worker ScriptUtils:508 - Executed SQL script from class path resource [org/springframework/batch/core/schema-drop-hsqldb.sql] in 7 ms.
10:05:50,417  INFO Test worker ScriptUtils:442 - Executing SQL script from class path resource [org/springframework/batch/core/schema-hsqldb.sql]
10:05:50,429  INFO Test worker ScriptUtils:508 - Executed SQL script from class path resource [org/springframework/batch/core/schema-hsqldb.sql] in 12 ms.
10:05:50,430  INFO Test worker ScriptUtils:442 - Executing SQL script from class path resource [business-schema-hsqldb.sql]
10:05:50,447  INFO Test worker ScriptUtils:508 - Executed SQL script from class path resource [business-schema-hsqldb.sql] in 16 ms.
10:05:50,502  INFO Test worker TransactionContext:98 - Began transaction (1) for test context [DefaultTestContext@2747ec7c testClass = StagingItemWriterTests, testInstance = org.springframework.batch.sample.common.StagingItemWriterTests@31943e0f, testMethod = testProcessInsertsNewItem@StagingItemWriterTests, testException = [null], mergedContextConfiguration = [MergedContextConfiguration@7ac154a1 testClass = StagingItemWriterTests, locations = '{classpath:org/springframework/batch/sample/common/StagingItemWriterTests-context.xml}', classes = '{}', contextInitializerClasses = '[]', activeProfiles = '{}', propertySourceLocations = '{}', propertySourceProperties = '{}', contextCustomizers = set[[empty]], contextLoader = 'org.springframework.test.context.support.DelegatingSmartContextLoader', parent = [null]], attributes = map[[empty]]]; transaction manager [org.springframework.jdbc.datasource.DataSourceTransactionManager@5ab3bcaa]; rollback [true]
10:05:50,509  INFO Test worker TransactionContext:131 - Rolled back transaction for test context [DefaultTestContext@2747ec7c testClass = StagingItemWriterTests, testInstance = org.springframework.batch.sample.common.StagingItemWriterTests@31943e0f, testMethod = testProcessInsertsNewItem@StagingItemWriterTests, testException = [null], mergedContextConfiguration = [MergedContextConfiguration@7ac154a1 testClass = StagingItemWriterTests, locations = '{classpath:org/springframework/batch/sample/common/StagingItemWriterTests-context.xml}', classes = '{}', contextInitializerClasses = '[]', activeProfiles = '{}', propertySourceLocations = '{}', propertySourceProperties = '{}', contextCustomizers = set[[empty]], contextLoader = 'org.springframework.test.context.support.DelegatingSmartContextLoader', parent = [null]], attributes = map[[empty]]].
]]></system-out>
  <system-err><![CDATA[]]></system-err>
</testsuite>
