<?xml version="1.0" encoding="UTF-8"?>
<testsuite name="org.springframework.batch.sample.common.CustomItemReaderTests" tests="2" skipped="0" failures="0" errors="0" timestamp="2017-03-23T15:05:49" hostname="Michaels-MacBook-Pro-3.local" time="0.003">
  <properties/>
  <testcase name="testRead" classname="org.springframework.batch.sample.common.CustomItemReaderTests" time="0.001"/>
  <testcase name="testRestart" classname="org.springframework.batch.sample.common.CustomItemReaderTests" time="0.001"/>
  <system-out><![CDATA[]]></system-out>
  <system-err><![CDATA[]]></system-err>
</testsuite>
