<?xml version="1.0" encoding="UTF-8"?>
<testsuite name="org.springframework.batch.sample.domain.trade.internal.FlatFileCustomerCreditDaoTests" tests="3" skipped="0" failures="0" errors="0" timestamp="2017-03-23T15:05:56" hostname="Michaels-MacBook-Pro-3.local" time="0.028">
  <properties/>
  <testcase name="testClose" classname="org.springframework.batch.sample.domain.trade.internal.FlatFileCustomerCreditDaoTests" time="0.027"/>
  <testcase name="testWrite" classname="org.springframework.batch.sample.domain.trade.internal.FlatFileCustomerCreditDaoTests" time="0.001"/>
  <testcase name="testOpen" classname="org.springframework.batch.sample.domain.trade.internal.FlatFileCustomerCreditDaoTests" time="0.0"/>
  <system-out><![CDATA[]]></system-out>
  <system-err><![CDATA[]]></system-err>
</testsuite>
