<?xml version="1.0" encoding="UTF-8"?>
<testsuite name="org.springframework.batch.sample.domain.trade.CustomerUpdateProcessorTests" tests="5" skipped="0" failures="0" errors="0" timestamp="2017-03-23T15:05:56" hostname="Michaels-MacBook-Pro-3.local" time="0.068">
  <properties/>
  <testcase name="testSuccessfulAdd" classname="org.springframework.batch.sample.domain.trade.CustomerUpdateProcessorTests" time="0.065"/>
  <testcase name="testSuccessfulUpdate" classname="org.springframework.batch.sample.domain.trade.CustomerUpdateProcessorTests" time="0.0"/>
  <testcase name="testInvalidUpdate" classname="org.springframework.batch.sample.domain.trade.CustomerUpdateProcessorTests" time="0.0"/>
  <testcase name="testDelete" classname="org.springframework.batch.sample.domain.trade.CustomerUpdateProcessorTests" time="0.0"/>
  <testcase name="testInvalidAdd" classname="org.springframework.batch.sample.domain.trade.CustomerUpdateProcessorTests" time="0.001"/>
  <system-out><![CDATA[]]></system-out>
  <system-err><![CDATA[]]></system-err>
</testsuite>
