<?xml version="1.0" encoding="UTF-8"?>
<testsuite name="org.springframework.batch.test.JobScopeTestExecutionListenerIntegrationTests" tests="1" skipped="0" failures="0" errors="0" timestamp="2017-03-23T15:06:52" hostname="Michaels-MacBook-Pro-3.local" time="0.147">
  <properties/>
  <testcase name="testJob" classname="org.springframework.batch.test.JobScopeTestExecutionListenerIntegrationTests" time="0.147"/>
  <system-out><![CDATA[10:06:51,691  INFO Test worker support.AbstractContextLoader - Detected default resource location "classpath:org/springframework/batch/test/JobScopeTestExecutionListenerIntegrationTests-context.xml" for test class [org.springframework.batch.test.JobScopeTestExecutionListenerIntegrationTests]
10:06:51,697  INFO Test worker support.AbstractDelegatingSmartContextLoader - GenericXmlContextLoader detected default locations for context configuration [ContextConfigurationAttributes@4ce2773a declaringClass = 'org.springframework.batch.test.JobScopeTestExecutionListenerIntegrationTests', classes = '{}', locations = '{classpath:org/springframework/batch/test/JobScopeTestExecutionListenerIntegrationTests-context.xml}', inheritLocations = true, initializers = '{}', inheritInitializers = true, name = [null], contextLoaderClass = 'org.springframework.test.context.ContextLoader'].
10:06:51,700  INFO Test worker support.AnnotationConfigContextLoaderUtils - Could not detect default configuration classes for test class [org.springframework.batch.test.JobScopeTestExecutionListenerIntegrationTests]: JobScopeTestExecutionListenerIntegrationTests does not declare any static, non-private, non-final, nested classes annotated with @Configuration.
10:06:51,707  INFO Test worker support.DefaultTestContextBootstrapper - Using TestExecutionListeners: [org.springframework.test.context.support.DependencyInjectionTestExecutionListener@696c6f3b, org.springframework.batch.test.JobScopeTestExecutionListener@649c52ab]
10:06:51,709  INFO Test worker xml.XmlBeanDefinitionReader - Loading XML bean definitions from class path resource [org/springframework/batch/test/JobScopeTestExecutionListenerIntegrationTests-context.xml]
10:06:51,849  INFO Test worker support.GenericApplicationContext - Refreshing org.springframework.context.support.GenericApplicationContext@3ae5018a: startup date [Thu Mar 23 10:06:51 CDT 2017]; root of context hierarchy
10:06:51,890  INFO Test worker support.DefaultListableBeanFactory - Overriding bean definition for bean 'reader' with a different definition: replacing [Generic bean: class [org.springframework.batch.item.file.FlatFileItemReader]; scope=job; abstract=false; lazyInit=false; autowireMode=0; dependencyCheck=0; autowireCandidate=false; primary=false; factoryBeanName=null; factoryMethodName=null; initMethodName=null; destroyMethodName=null; defined in class path resource [org/springframework/batch/test/JobScopeTestExecutionListenerIntegrationTests-context.xml]] with [Root bean: class [org.springframework.aop.scope.ScopedProxyFactoryBean]; scope=; abstract=false; lazyInit=false; autowireMode=0; dependencyCheck=0; autowireCandidate=true; primary=false; factoryBeanName=null; factoryMethodName=null; initMethodName=null; destroyMethodName=null; defined in BeanDefinition defined in class path resource [org/springframework/batch/test/JobScopeTestExecutionListenerIntegrationTests-context.xml]]
10:06:51,907  INFO Test worker annotation.AutowiredAnnotationBeanPostProcessor - JSR-330 'javax.inject.Inject' annotation found and supported for autowiring
]]></system-out>
  <system-err><![CDATA[]]></system-err>
</testsuite>
