<?xml version="1.0" encoding="UTF-8"?>
<testsuite name="org.springframework.batch.test.ExecutionContextTestUtilsTests" tests="4" skipped="0" failures="0" errors="0" timestamp="2017-03-23T15:06:46" hostname="Michaels-MacBook-Pro-3.local" time="0.027">
  <properties/>
  <testcase name="testFromJob" classname="org.springframework.batch.test.ExecutionContextTestUtilsTests" time="0.021"/>
  <testcase name="testFromStep" classname="org.springframework.batch.test.ExecutionContextTestUtilsTests" time="0.004"/>
  <testcase name="testFromStepInJobNoSuchStep" classname="org.springframework.batch.test.ExecutionContextTestUtilsTests" time="0.0"/>
  <testcase name="testFromStepInJob" classname="org.springframework.batch.test.ExecutionContextTestUtilsTests" time="0.0"/>
  <system-out><![CDATA[]]></system-out>
  <system-err><![CDATA[]]></system-err>
</testsuite>
