<?xml version="1.0" encoding="UTF-8"?>
<testsuite name="org.springframework.batch.test.StepScopeAnnotatedListenerIntegrationTests" tests="1" skipped="0" failures="0" errors="0" timestamp="2017-03-23T15:06:54" hostname="Michaels-MacBook-Pro-3.local" time="0.109">
  <properties/>
  <testcase name="test" classname="org.springframework.batch.test.StepScopeAnnotatedListenerIntegrationTests" time="0.109"/>
  <system-out><![CDATA[10:06:54,258  INFO Test worker support.AbstractContextLoader - Could not detect default resource locations for test class [org.springframework.batch.test.StepScopeAnnotatedListenerIntegrationTests]: no resource found for suffixes {-context.xml}.
10:06:54,260  INFO Test worker support.AbstractDelegatingSmartContextLoader - AnnotationConfigContextLoader detected default configuration classes for context configuration [ContextConfigurationAttributes@42525649 declaringClass = 'org.springframework.batch.test.StepScopeAnnotatedListenerIntegrationTests', classes = '{class org.springframework.batch.test.StepScopeAnnotatedListenerIntegrationTests$TestConfig}', locations = '{}', inheritLocations = true, initializers = '{}', inheritInitializers = true, name = [null], contextLoaderClass = 'org.springframework.test.context.ContextLoader'].
10:06:54,263  INFO Test worker support.DefaultTestContextBootstrapper - Loaded default TestExecutionListener class names from location [META-INF/spring.factories]: [org.springframework.test.context.web.ServletTestExecutionListener, org.springframework.test.context.support.DirtiesContextBeforeModesTestExecutionListener, org.springframework.test.context.support.DependencyInjectionTestExecutionListener, org.springframework.test.context.support.DirtiesContextTestExecutionListener, org.springframework.test.context.transaction.TransactionalTestExecutionListener, org.springframework.test.context.jdbc.SqlScriptsTestExecutionListener]
10:06:54,264  INFO Test worker support.DefaultTestContextBootstrapper - Could not instantiate TestExecutionListener [org.springframework.test.context.web.ServletTestExecutionListener]. Specify custom listener classes or make the default listener classes (and their required dependencies) available. Offending class: [javax/servlet/ServletContext]
10:06:54,264  INFO Test worker support.DefaultTestContextBootstrapper - Using TestExecutionListeners: [org.springframework.test.context.support.DirtiesContextBeforeModesTestExecutionListener@21f17c6f, org.springframework.test.context.support.DependencyInjectionTestExecutionListener@6ad50941, org.springframework.test.context.support.DirtiesContextTestExecutionListener@1b93b829, org.springframework.test.context.transaction.TransactionalTestExecutionListener@1f4b6727, org.springframework.test.context.jdbc.SqlScriptsTestExecutionListener@357362a5]
10:06:54,266  INFO Test worker support.GenericApplicationContext - Refreshing org.springframework.context.support.GenericApplicationContext@717a5667: startup date [Thu Mar 23 10:06:54 CDT 2017]; root of context hierarchy
10:06:54,305  WARN Test worker annotation.ConfigurationClassEnhancer - @Bean method ScopeConfiguration.stepScope is non-static and returns an object assignable to Spring's BeanFactoryPostProcessor interface. This will result in a failure to process annotations such as @Autowired, @Resource and @PostConstruct within the method's declaring @Configuration class. Add the 'static' modifier to this method to avoid these container lifecycle issues; see @Bean javadoc for complete details.
10:06:54,308  WARN Test worker annotation.ConfigurationClassEnhancer - @Bean method ScopeConfiguration.jobScope is non-static and returns an object assignable to Spring's BeanFactoryPostProcessor interface. This will result in a failure to process annotations such as @Autowired, @Resource and @PostConstruct within the method's declaring @Configuration class. Add the 'static' modifier to this method to avoid these container lifecycle issues; see @Bean javadoc for complete details.
10:06:54,314  INFO Test worker annotation.AutowiredAnnotationBeanPostProcessor - JSR-330 'javax.inject.Inject' annotation found and supported for autowiring
10:06:54,374  INFO Test worker embedded.EmbeddedDatabaseFactory - Starting embedded database: url='jdbc:hsqldb:mem:testdb', username='sa'
10:06:54,381  INFO Test worker init.ScriptUtils - Executing SQL script from class path resource [org/springframework/batch/core/schema-drop-hsqldb.sql]
10:06:54,388  INFO Test worker init.ScriptUtils - Executed SQL script from class path resource [org/springframework/batch/core/schema-drop-hsqldb.sql] in 6 ms.
10:06:54,388  INFO Test worker init.ScriptUtils - Executing SQL script from class path resource [org/springframework/batch/core/schema-hsqldb.sql]
10:06:54,396  INFO Test worker init.ScriptUtils - Executed SQL script from class path resource [org/springframework/batch/core/schema-hsqldb.sql] in 8 ms.
10:06:54,582  INFO Test worker support.JobRepositoryFactoryBean - No database type set, using meta data indicating: HSQL
10:06:54,585  INFO Test worker support.SimpleJobLauncher - No TaskExecutor has been set, defaulting to synchronous executor.
10:06:54,592  INFO Test worker support.SimpleJobLauncher - Job: [SimpleJob: [name=TestJob]] launched with the following parameters: [{random=335740}]
10:06:54,601  INFO Test worker job.SimpleStepHandler - Executing step: [step-under-test]
******************************
 READING RESULTS : 10
10:06:54,680  INFO Test worker support.SimpleJobLauncher - Job: [SimpleJob: [name=TestJob]] completed with the following parameters: [{random=335740}] and the following status: [COMPLETED]
]]></system-out>
  <system-err><![CDATA[]]></system-err>
</testsuite>
