<?xml version="1.0" encoding="UTF-8"?>
<testsuite name="org.springframework.batch.test.StepScopeTestExecutionListenerTests" tests="3" skipped="0" failures="0" errors="0" timestamp="2017-03-23T15:06:54" hostname="Michaels-MacBook-Pro-3.local" time="0.081">
  <properties/>
  <testcase name="testDefaultStepContext" classname="org.springframework.batch.test.StepScopeTestExecutionListenerTests" time="0.062"/>
  <testcase name="testWithParameters" classname="org.springframework.batch.test.StepScopeTestExecutionListenerTests" time="0.009"/>
  <testcase name="testWithStepExecutionFactory" classname="org.springframework.batch.test.StepScopeTestExecutionListenerTests" time="0.01"/>
  <system-out><![CDATA[10:06:54,859  INFO Test worker support.AbstractContextLoader - Detected default resource location "classpath:org/springframework/batch/test/StepScopeTestExecutionListenerTests-context.xml" for test class [org.springframework.batch.test.StepScopeTestExecutionListenerTests]
10:06:54,859  INFO Test worker support.AbstractDelegatingSmartContextLoader - GenericXmlContextLoader detected default locations for context configuration [ContextConfigurationAttributes@77bddbf6 declaringClass = 'org.springframework.batch.test.StepScopeTestExecutionListenerTests', classes = '{}', locations = '{classpath:org/springframework/batch/test/StepScopeTestExecutionListenerTests-context.xml}', inheritLocations = true, initializers = '{}', inheritInitializers = true, name = [null], contextLoaderClass = 'org.springframework.test.context.ContextLoader'].
10:06:54,860  INFO Test worker support.AnnotationConfigContextLoaderUtils - Could not detect default configuration classes for test class [org.springframework.batch.test.StepScopeTestExecutionListenerTests]: StepScopeTestExecutionListenerTests does not declare any static, non-private, non-final, nested classes annotated with @Configuration.
10:06:54,861  INFO Test worker support.DefaultTestContextBootstrapper - Loaded default TestExecutionListener class names from location [META-INF/spring.factories]: [org.springframework.test.context.web.ServletTestExecutionListener, org.springframework.test.context.support.DirtiesContextBeforeModesTestExecutionListener, org.springframework.test.context.support.DependencyInjectionTestExecutionListener, org.springframework.test.context.support.DirtiesContextTestExecutionListener, org.springframework.test.context.transaction.TransactionalTestExecutionListener, org.springframework.test.context.jdbc.SqlScriptsTestExecutionListener]
10:06:54,862  INFO Test worker support.DefaultTestContextBootstrapper - Could not instantiate TestExecutionListener [org.springframework.test.context.web.ServletTestExecutionListener]. Specify custom listener classes or make the default listener classes (and their required dependencies) available. Offending class: [javax/servlet/ServletContext]
10:06:54,862  INFO Test worker support.DefaultTestContextBootstrapper - Using TestExecutionListeners: [org.springframework.test.context.support.DirtiesContextBeforeModesTestExecutionListener@3268e11b, org.springframework.test.context.support.DependencyInjectionTestExecutionListener@5a4eb60b, org.springframework.test.context.support.DirtiesContextTestExecutionListener@54c0b148, org.springframework.test.context.transaction.TransactionalTestExecutionListener@418eb30, org.springframework.test.context.jdbc.SqlScriptsTestExecutionListener@718da291]
10:06:54,863  INFO Test worker xml.XmlBeanDefinitionReader - Loading XML bean definitions from class path resource [org/springframework/batch/test/StepScopeTestExecutionListenerTests-context.xml]
10:06:54,876  INFO Test worker support.GenericApplicationContext - Refreshing org.springframework.context.support.GenericApplicationContext@5e5cbc45: startup date [Thu Mar 23 10:06:54 CDT 2017]; root of context hierarchy
10:06:54,877  INFO Test worker annotation.AutowiredAnnotationBeanPostProcessor - JSR-330 'javax.inject.Inject' annotation found and supported for autowiring
10:06:54,920  INFO Test worker support.AbstractContextLoader - Detected default resource location "classpath:org/springframework/batch/test/StepScopeTestExecutionListenerTests-context.xml" for test class [org.springframework.batch.test.StepScopeTestExecutionListenerTests]
10:06:54,921  INFO Test worker support.AbstractDelegatingSmartContextLoader - GenericXmlContextLoader detected default locations for context configuration [ContextConfigurationAttributes@2c4f4541 declaringClass = 'org.springframework.batch.test.StepScopeTestExecutionListenerTests', classes = '{}', locations = '{classpath:org/springframework/batch/test/StepScopeTestExecutionListenerTests-context.xml}', inheritLocations = true, initializers = '{}', inheritInitializers = true, name = [null], contextLoaderClass = 'org.springframework.test.context.ContextLoader'].
10:06:54,921  INFO Test worker support.AnnotationConfigContextLoaderUtils - Could not detect default configuration classes for test class [org.springframework.batch.test.StepScopeTestExecutionListenerTests]: StepScopeTestExecutionListenerTests does not declare any static, non-private, non-final, nested classes annotated with @Configuration.
10:06:54,923  INFO Test worker support.DefaultTestContextBootstrapper - Loaded default TestExecutionListener class names from location [META-INF/spring.factories]: [org.springframework.test.context.web.ServletTestExecutionListener, org.springframework.test.context.support.DirtiesContextBeforeModesTestExecutionListener, org.springframework.test.context.support.DependencyInjectionTestExecutionListener, org.springframework.test.context.support.DirtiesContextTestExecutionListener, org.springframework.test.context.transaction.TransactionalTestExecutionListener, org.springframework.test.context.jdbc.SqlScriptsTestExecutionListener]
10:06:54,924  INFO Test worker support.DefaultTestContextBootstrapper - Could not instantiate TestExecutionListener [org.springframework.test.context.web.ServletTestExecutionListener]. Specify custom listener classes or make the default listener classes (and their required dependencies) available. Offending class: [javax/servlet/ServletContext]
10:06:54,925  INFO Test worker support.DefaultTestContextBootstrapper - Using TestExecutionListeners: [org.springframework.test.context.support.DirtiesContextBeforeModesTestExecutionListener@167f1c81, org.springframework.test.context.support.DependencyInjectionTestExecutionListener@3f83e29b, org.springframework.test.context.support.DirtiesContextTestExecutionListener@82d7932, org.springframework.test.context.transaction.TransactionalTestExecutionListener@138bb7f2, org.springframework.test.context.jdbc.SqlScriptsTestExecutionListener@7dfe2a16]
10:06:54,929  INFO Test worker support.AbstractContextLoader - Detected default resource location "classpath:org/springframework/batch/test/StepScopeTestExecutionListenerTests-context.xml" for test class [org.springframework.batch.test.StepScopeTestExecutionListenerTests]
10:06:54,929  INFO Test worker support.AbstractDelegatingSmartContextLoader - GenericXmlContextLoader detected default locations for context configuration [ContextConfigurationAttributes@70348a66 declaringClass = 'org.springframework.batch.test.StepScopeTestExecutionListenerTests', classes = '{}', locations = '{classpath:org/springframework/batch/test/StepScopeTestExecutionListenerTests-context.xml}', inheritLocations = true, initializers = '{}', inheritInitializers = true, name = [null], contextLoaderClass = 'org.springframework.test.context.ContextLoader'].
10:06:54,930  INFO Test worker support.AnnotationConfigContextLoaderUtils - Could not detect default configuration classes for test class [org.springframework.batch.test.StepScopeTestExecutionListenerTests]: StepScopeTestExecutionListenerTests does not declare any static, non-private, non-final, nested classes annotated with @Configuration.
10:06:54,935  INFO Test worker support.DefaultTestContextBootstrapper - Loaded default TestExecutionListener class names from location [META-INF/spring.factories]: [org.springframework.test.context.web.ServletTestExecutionListener, org.springframework.test.context.support.DirtiesContextBeforeModesTestExecutionListener, org.springframework.test.context.support.DependencyInjectionTestExecutionListener, org.springframework.test.context.support.DirtiesContextTestExecutionListener, org.springframework.test.context.transaction.TransactionalTestExecutionListener, org.springframework.test.context.jdbc.SqlScriptsTestExecutionListener]
10:06:54,937  INFO Test worker support.DefaultTestContextBootstrapper - Could not instantiate TestExecutionListener [org.springframework.test.context.web.ServletTestExecutionListener]. Specify custom listener classes or make the default listener classes (and their required dependencies) available. Offending class: [javax/servlet/ServletContext]
10:06:54,937  INFO Test worker support.DefaultTestContextBootstrapper - Using TestExecutionListeners: [org.springframework.test.context.support.DirtiesContextBeforeModesTestExecutionListener@6e42ea7c, org.springframework.test.context.support.DependencyInjectionTestExecutionListener@37804bfd, org.springframework.test.context.support.DirtiesContextTestExecutionListener@7f13b8bf, org.springframework.test.context.transaction.TransactionalTestExecutionListener@7413fc51, org.springframework.test.context.jdbc.SqlScriptsTestExecutionListener@dfbe9a5]
]]></system-out>
  <system-err><![CDATA[]]></system-err>
</testsuite>
