<?xml version="1.0" encoding="UTF-8"?>
<testsuite name="org.springframework.batch.test.JobScopeTestExecutionListenerTests" tests="3" skipped="0" failures="0" errors="0" timestamp="2017-03-23T15:06:52" hostname="Michaels-MacBook-Pro-3.local" time="0.092">
  <properties/>
  <testcase name="testWithJobExecutionFactory" classname="org.springframework.batch.test.JobScopeTestExecutionListenerTests" time="0.078"/>
  <testcase name="testWithParameters" classname="org.springframework.batch.test.JobScopeTestExecutionListenerTests" time="0.007"/>
  <testcase name="testDefaultJobContext" classname="org.springframework.batch.test.JobScopeTestExecutionListenerTests" time="0.007"/>
  <system-out><![CDATA[10:06:52,232  INFO Test worker support.AbstractContextLoader - Detected default resource location "classpath:org/springframework/batch/test/JobScopeTestExecutionListenerTests-context.xml" for test class [org.springframework.batch.test.JobScopeTestExecutionListenerTests]
10:06:52,232  INFO Test worker support.AbstractDelegatingSmartContextLoader - GenericXmlContextLoader detected default locations for context configuration [ContextConfigurationAttributes@c03aa21 declaringClass = 'org.springframework.batch.test.JobScopeTestExecutionListenerTests', classes = '{}', locations = '{classpath:org/springframework/batch/test/JobScopeTestExecutionListenerTests-context.xml}', inheritLocations = true, initializers = '{}', inheritInitializers = true, name = [null], contextLoaderClass = 'org.springframework.test.context.ContextLoader'].
10:06:52,233  INFO Test worker support.AnnotationConfigContextLoaderUtils - Could not detect default configuration classes for test class [org.springframework.batch.test.JobScopeTestExecutionListenerTests]: JobScopeTestExecutionListenerTests does not declare any static, non-private, non-final, nested classes annotated with @Configuration.
10:06:52,235  INFO Test worker support.DefaultTestContextBootstrapper - Loaded default TestExecutionListener class names from location [META-INF/spring.factories]: [org.springframework.test.context.web.ServletTestExecutionListener, org.springframework.test.context.support.DirtiesContextBeforeModesTestExecutionListener, org.springframework.test.context.support.DependencyInjectionTestExecutionListener, org.springframework.test.context.support.DirtiesContextTestExecutionListener, org.springframework.test.context.transaction.TransactionalTestExecutionListener, org.springframework.test.context.jdbc.SqlScriptsTestExecutionListener]
10:06:52,236  INFO Test worker support.DefaultTestContextBootstrapper - Could not instantiate TestExecutionListener [org.springframework.test.context.web.ServletTestExecutionListener]. Specify custom listener classes or make the default listener classes (and their required dependencies) available. Offending class: [javax/servlet/ServletContext]
10:06:52,236  INFO Test worker support.DefaultTestContextBootstrapper - Using TestExecutionListeners: [org.springframework.test.context.support.DirtiesContextBeforeModesTestExecutionListener@4998b216, org.springframework.test.context.support.DependencyInjectionTestExecutionListener@509a2245, org.springframework.test.context.support.DirtiesContextTestExecutionListener@7b0ef410, org.springframework.test.context.transaction.TransactionalTestExecutionListener@148b831d, org.springframework.test.context.jdbc.SqlScriptsTestExecutionListener@188f8b98]
10:06:52,237  INFO Test worker xml.XmlBeanDefinitionReader - Loading XML bean definitions from class path resource [org/springframework/batch/test/JobScopeTestExecutionListenerTests-context.xml]
10:06:52,270  INFO Test worker support.GenericApplicationContext - Refreshing org.springframework.context.support.GenericApplicationContext@19060ac6: startup date [Thu Mar 23 10:06:52 CDT 2017]; root of context hierarchy
10:06:52,272  INFO Test worker annotation.AutowiredAnnotationBeanPostProcessor - JSR-330 'javax.inject.Inject' annotation found and supported for autowiring
10:06:52,308  INFO Test worker support.AbstractContextLoader - Detected default resource location "classpath:org/springframework/batch/test/JobScopeTestExecutionListenerTests-context.xml" for test class [org.springframework.batch.test.JobScopeTestExecutionListenerTests]
10:06:52,309  INFO Test worker support.AbstractDelegatingSmartContextLoader - GenericXmlContextLoader detected default locations for context configuration [ContextConfigurationAttributes@3d861273 declaringClass = 'org.springframework.batch.test.JobScopeTestExecutionListenerTests', classes = '{}', locations = '{classpath:org/springframework/batch/test/JobScopeTestExecutionListenerTests-context.xml}', inheritLocations = true, initializers = '{}', inheritInitializers = true, name = [null], contextLoaderClass = 'org.springframework.test.context.ContextLoader'].
10:06:52,309  INFO Test worker support.AnnotationConfigContextLoaderUtils - Could not detect default configuration classes for test class [org.springframework.batch.test.JobScopeTestExecutionListenerTests]: JobScopeTestExecutionListenerTests does not declare any static, non-private, non-final, nested classes annotated with @Configuration.
10:06:52,312  INFO Test worker support.DefaultTestContextBootstrapper - Loaded default TestExecutionListener class names from location [META-INF/spring.factories]: [org.springframework.test.context.web.ServletTestExecutionListener, org.springframework.test.context.support.DirtiesContextBeforeModesTestExecutionListener, org.springframework.test.context.support.DependencyInjectionTestExecutionListener, org.springframework.test.context.support.DirtiesContextTestExecutionListener, org.springframework.test.context.transaction.TransactionalTestExecutionListener, org.springframework.test.context.jdbc.SqlScriptsTestExecutionListener]
10:06:52,313  INFO Test worker support.DefaultTestContextBootstrapper - Could not instantiate TestExecutionListener [org.springframework.test.context.web.ServletTestExecutionListener]. Specify custom listener classes or make the default listener classes (and their required dependencies) available. Offending class: [javax/servlet/ServletContext]
10:06:52,313  INFO Test worker support.DefaultTestContextBootstrapper - Using TestExecutionListeners: [org.springframework.test.context.support.DirtiesContextBeforeModesTestExecutionListener@8766b76, org.springframework.test.context.support.DependencyInjectionTestExecutionListener@7435a639, org.springframework.test.context.support.DirtiesContextTestExecutionListener@61315680, org.springframework.test.context.transaction.TransactionalTestExecutionListener@1a4950a8, org.springframework.test.context.jdbc.SqlScriptsTestExecutionListener@21dfb54c]
10:06:52,316  INFO Test worker support.AbstractContextLoader - Detected default resource location "classpath:org/springframework/batch/test/JobScopeTestExecutionListenerTests-context.xml" for test class [org.springframework.batch.test.JobScopeTestExecutionListenerTests]
10:06:52,316  INFO Test worker support.AbstractDelegatingSmartContextLoader - GenericXmlContextLoader detected default locations for context configuration [ContextConfigurationAttributes@7882db20 declaringClass = 'org.springframework.batch.test.JobScopeTestExecutionListenerTests', classes = '{}', locations = '{classpath:org/springframework/batch/test/JobScopeTestExecutionListenerTests-context.xml}', inheritLocations = true, initializers = '{}', inheritInitializers = true, name = [null], contextLoaderClass = 'org.springframework.test.context.ContextLoader'].
10:06:52,316  INFO Test worker support.AnnotationConfigContextLoaderUtils - Could not detect default configuration classes for test class [org.springframework.batch.test.JobScopeTestExecutionListenerTests]: JobScopeTestExecutionListenerTests does not declare any static, non-private, non-final, nested classes annotated with @Configuration.
10:06:52,319  INFO Test worker support.DefaultTestContextBootstrapper - Loaded default TestExecutionListener class names from location [META-INF/spring.factories]: [org.springframework.test.context.web.ServletTestExecutionListener, org.springframework.test.context.support.DirtiesContextBeforeModesTestExecutionListener, org.springframework.test.context.support.DependencyInjectionTestExecutionListener, org.springframework.test.context.support.DirtiesContextTestExecutionListener, org.springframework.test.context.transaction.TransactionalTestExecutionListener, org.springframework.test.context.jdbc.SqlScriptsTestExecutionListener]
10:06:52,320  INFO Test worker support.DefaultTestContextBootstrapper - Could not instantiate TestExecutionListener [org.springframework.test.context.web.ServletTestExecutionListener]. Specify custom listener classes or make the default listener classes (and their required dependencies) available. Offending class: [javax/servlet/ServletContext]
10:06:52,320  INFO Test worker support.DefaultTestContextBootstrapper - Using TestExecutionListeners: [org.springframework.test.context.support.DirtiesContextBeforeModesTestExecutionListener@3355bc96, org.springframework.test.context.support.DependencyInjectionTestExecutionListener@12be914b, org.springframework.test.context.support.DirtiesContextTestExecutionListener@5e0799c3, org.springframework.test.context.transaction.TransactionalTestExecutionListener@4c156b7f, org.springframework.test.context.jdbc.SqlScriptsTestExecutionListener@523acf67]
]]></system-out>
  <system-err><![CDATA[]]></system-err>
</testsuite>
