<?xml version="1.0" encoding="UTF-8"?>
<testsuite name="org.springframework.batch.test.StepScopeTestExecutionListenerIntegrationTests" tests="1" skipped="0" failures="0" errors="0" timestamp="2017-03-23T15:06:54" hostname="Michaels-MacBook-Pro-3.local" time="0.01">
  <properties/>
  <testcase name="testJob" classname="org.springframework.batch.test.StepScopeTestExecutionListenerIntegrationTests" time="0.01"/>
  <system-out><![CDATA[10:06:54,685  INFO Test worker support.AbstractContextLoader - Detected default resource location "classpath:org/springframework/batch/test/StepScopeTestExecutionListenerIntegrationTests-context.xml" for test class [org.springframework.batch.test.StepScopeTestExecutionListenerIntegrationTests]
10:06:54,685  INFO Test worker support.AbstractDelegatingSmartContextLoader - GenericXmlContextLoader detected default locations for context configuration [ContextConfigurationAttributes@470a82d5 declaringClass = 'org.springframework.batch.test.StepScopeTestExecutionListenerIntegrationTests', classes = '{}', locations = '{classpath:org/springframework/batch/test/StepScopeTestExecutionListenerIntegrationTests-context.xml}', inheritLocations = true, initializers = '{}', inheritInitializers = true, name = [null], contextLoaderClass = 'org.springframework.test.context.ContextLoader'].
10:06:54,685  INFO Test worker support.AnnotationConfigContextLoaderUtils - Could not detect default configuration classes for test class [org.springframework.batch.test.StepScopeTestExecutionListenerIntegrationTests]: StepScopeTestExecutionListenerIntegrationTests does not declare any static, non-private, non-final, nested classes annotated with @Configuration.
10:06:54,687  INFO Test worker support.DefaultTestContextBootstrapper - Using TestExecutionListeners: [org.springframework.test.context.support.DependencyInjectionTestExecutionListener@61d14277, org.springframework.batch.test.StepScopeTestExecutionListener@51bb1f60]
10:06:54,689  INFO Test worker xml.XmlBeanDefinitionReader - Loading XML bean definitions from class path resource [org/springframework/batch/test/StepScopeTestExecutionListenerIntegrationTests-context.xml]
10:06:54,741  INFO Test worker support.GenericApplicationContext - Refreshing org.springframework.context.support.GenericApplicationContext@1e5861ff: startup date [Thu Mar 23 10:06:54 CDT 2017]; root of context hierarchy
10:06:54,760  INFO Test worker support.DefaultListableBeanFactory - Overriding bean definition for bean 'reader' with a different definition: replacing [Generic bean: class [org.springframework.batch.item.file.FlatFileItemReader]; scope=step; abstract=false; lazyInit=false; autowireMode=0; dependencyCheck=0; autowireCandidate=false; primary=false; factoryBeanName=null; factoryMethodName=null; initMethodName=null; destroyMethodName=null; defined in class path resource [org/springframework/batch/test/StepScopeTestExecutionListenerIntegrationTests-context.xml]] with [Root bean: class [org.springframework.aop.scope.ScopedProxyFactoryBean]; scope=; abstract=false; lazyInit=false; autowireMode=0; dependencyCheck=0; autowireCandidate=true; primary=false; factoryBeanName=null; factoryMethodName=null; initMethodName=null; destroyMethodName=null; defined in BeanDefinition defined in class path resource [org/springframework/batch/test/StepScopeTestExecutionListenerIntegrationTests-context.xml]]
10:06:54,765  INFO Test worker annotation.AutowiredAnnotationBeanPostProcessor - JSR-330 'javax.inject.Inject' annotation found and supported for autowiring
]]></system-out>
  <system-err><![CDATA[]]></system-err>
</testsuite>
